
1530812 : 0xa7810e2fb2692 : 1 : spill_jit_data :  Jit agent is not initialized
1530796 : 0xa7810e2fb5079 : 2 : ittapi_config_mask_get :  --itt-config mask to be applied: 55
1530796 : 0xa7810e2fb6c09 : 2 : ittapi_config_apply_per_lib :  ITTAPI function instrumented: __itt_domain_create
1530796 : 0xa7810e2fb7610 : 2 : ittapi_config_apply_per_lib :  ITTAPI function instrumented: __itt_module_load_with_sections
1530796 : 0xa7810e2fb83fc : 2 : ittapi_config_apply_per_lib :  ITTAPI function not implemented: __itt_module_unload_with_sections
1530796 : 0xa7810e2fb8bd8 : 2 : ittapi_config_apply_per_lib :  ITTAPI function instrumented: __itt_string_handle_create
1530796 : 0xa7810e2fb92e6 : 2 : ittapi_config_apply_per_lib :  ITTAPI function instrumented: __itt_counter_create
1530796 : 0xa7810e2fb9943 : 2 : ittapi_config_apply_per_lib :  ITTAPI function instrumented: __itt_counter_create_typed
1530796 : 0xa7810e2fba23e : 2 : ittapi_config_apply_per_lib :  ITTAPI function instrumented: __itt_pause
1530796 : 0xa7810e2fba979 : 2 : ittapi_config_apply_per_lib :  ITTAPI function instrumented: __itt_resume
1530796 : 0xa7810e2fc0536 : 2 : ittapi_config_apply_per_lib :  ITTAPI function instrumented: __itt_thread_set_name
1530796 : 0xa7810e2fc0da8 : 2 : ittapi_config_apply_per_lib :  ITTAPI function instrumented: __itt_thread_ignore
1530796 : 0xa7810e2fc147f : 2 : ittapi_config_apply_per_lib :  ITTAPI function instrumented: __itt_thr_name_set
1530796 : 0xa7810e2fc1b4b : 2 : ittapi_config_apply_per_lib :  ITTAPI function instrumented: __itt_thr_ignore
1530796 : 0xa7810e2fc25c1 : 2 : ittapi_config_apply_per_lib :  ITTAPI function not implemented: __itt_enable_attach
1530796 : 0xa7810e2fc2d01 : 2 : ittapi_config_apply_per_lib :  ITTAPI function instrumented: __itt_detach
1530796 : 0xa7810e2fc31e9 : 2 : ittapi_config_apply_per_lib :  ITTAPI function NOT instrumented (not matched by --itt-config option): __itt_sync_create

1530796 : 0xa7810e2fc36c6 : 2 : ittapi_config_apply_per_lib :  ITTAPI function NOT instrumented (not matched by --itt-config option): __itt_sync_rename

1530796 : 0xa7810e2fc3abb : 2 : ittapi_config_apply_per_lib :  ITTAPI function NOT instrumented (not matched by --itt-config option): __itt_sync_destroy

1530796 : 0xa7810e2fc3ef6 : 2 : ittapi_config_apply_per_lib :  ITTAPI function NOT instrumented (not matched by --itt-config option): __itt_sync_prepare

1530796 : 0xa7810e2fc51d5 : 2 : ittapi_config_apply_per_lib :  ITTAPI function NOT instrumented (not matched by --itt-config option): __itt_sync_cancel

1530796 : 0xa7810e2fc55d3 : 2 : ittapi_config_apply_per_lib :  ITTAPI function NOT instrumented (not matched by --itt-config option): __itt_sync_acquired

1530796 : 0xa7810e2fc5966 : 2 : ittapi_config_apply_per_lib :  ITTAPI function NOT instrumented (not matched by --itt-config option): __itt_sync_releasing

1530796 : 0xa7810e2fc620e : 2 : ittapi_config_apply_per_lib :  ITTAPI function not implemented: __itt_suppress_push
1530796 : 0xa7810e2fc6ab6 : 2 : ittapi_config_apply_per_lib :  ITTAPI function not implemented: __itt_suppress_pop
1530796 : 0xa7810e2fc7222 : 2 : ittapi_config_apply_per_lib :  ITTAPI function not implemented: __itt_suppress_mark_range
1530796 : 0xa7810e2fc79c5 : 2 : ittapi_config_apply_per_lib :  ITTAPI function not implemented: __itt_suppress_clear_range
1530796 : 0xa7810e2fc7d58 : 2 : ittapi_config_apply_per_lib :  ITTAPI function NOT instrumented (not matched by --itt-config option): __itt_sync_prepare

1530796 : 0xa7810e2fc810e : 2 : ittapi_config_apply_per_lib :  ITTAPI function NOT instrumented (not matched by --itt-config option): __itt_sync_cancel

1530796 : 0xa7810e2fc8482 : 2 : ittapi_config_apply_per_lib :  ITTAPI function NOT instrumented (not matched by --itt-config option): __itt_sync_acquired

1530796 : 0xa7810e2fc942c : 2 : ittapi_config_apply_per_lib :  ITTAPI function NOT instrumented (not matched by --itt-config option): __itt_sync_releasing

1530796 : 0xa7810e2fc9866 : 2 : ittapi_config_apply_per_lib :  ITTAPI function NOT instrumented (not matched by --itt-config option): __itt_model_site_begin

1530796 : 0xa7810e2fc9c0c : 2 : ittapi_config_apply_per_lib :  ITTAPI function NOT instrumented (not matched by --itt-config option): __itt_model_site_end

1530796 : 0xa7810e2fc9f87 : 2 : ittapi_config_apply_per_lib :  ITTAPI function NOT instrumented (not matched by --itt-config option): __itt_model_task_begin

1530796 : 0xa7810e2fca312 : 2 : ittapi_config_apply_per_lib :  ITTAPI function NOT instrumented (not matched by --itt-config option): __itt_model_task_end

1530796 : 0xa7810e2fca668 : 2 : ittapi_config_apply_per_lib :  ITTAPI function NOT instrumented (not matched by --itt-config option): __itt_model_lock_acquire

1530796 : 0xa7810e2fcaa6e : 2 : ittapi_config_apply_per_lib :  ITTAPI function NOT instrumented (not matched by --itt-config option): __itt_model_lock_release

1530796 : 0xa7810e2fcade0 : 2 : ittapi_config_apply_per_lib :  ITTAPI function NOT instrumented (not matched by --itt-config option): __itt_model_record_allocation

1530796 : 0xa7810e2fcb12f : 2 : ittapi_config_apply_per_lib :  ITTAPI function NOT instrumented (not matched by --itt-config option): __itt_model_record_deallocation

1530796 : 0xa7810e2fcb45d : 2 : ittapi_config_apply_per_lib :  ITTAPI function NOT instrumented (not matched by --itt-config option): __itt_model_induction_uses

1530796 : 0xa7810e2fcd347 : 2 : ittapi_config_apply_per_lib :  ITTAPI function NOT instrumented (not matched by --itt-config option): __itt_model_reduction_uses

1530796 : 0xa7810e2fcd728 : 2 : ittapi_config_apply_per_lib :  ITTAPI function NOT instrumented (not matched by --itt-config option): __itt_model_observe_uses

1530796 : 0xa7810e2fcdafd : 2 : ittapi_config_apply_per_lib :  ITTAPI function NOT instrumented (not matched by --itt-config option): __itt_model_clear_uses

1530796 : 0xa7810e2fcde70 : 2 : ittapi_config_apply_per_lib :  ITTAPI function NOT instrumented (not matched by --itt-config option): __itt_model_site_beginA

1530796 : 0xa7810e2fce231 : 2 : ittapi_config_apply_per_lib :  ITTAPI function NOT instrumented (not matched by --itt-config option): __itt_model_site_beginAL

1530796 : 0xa7810e2fce5ae : 2 : ittapi_config_apply_per_lib :  ITTAPI function NOT instrumented (not matched by --itt-config option): __itt_model_task_beginA

1530796 : 0xa7810e2fce936 : 2 : ittapi_config_apply_per_lib :  ITTAPI function NOT instrumented (not matched by --itt-config option): __itt_model_task_beginAL

1530796 : 0xa7810e2fcecaa : 2 : ittapi_config_apply_per_lib :  ITTAPI function NOT instrumented (not matched by --itt-config option): __itt_model_iteration_taskA

1530796 : 0xa7810e2fceff0 : 2 : ittapi_config_apply_per_lib :  ITTAPI function NOT instrumented (not matched by --itt-config option): __itt_model_iteration_taskAL

1530796 : 0xa7810e2fcf32c : 2 : ittapi_config_apply_per_lib :  ITTAPI function NOT instrumented (not matched by --itt-config option): __itt_model_site_end_2

1530796 : 0xa7810e2fd02ce : 2 : ittapi_config_apply_per_lib :  ITTAPI function NOT instrumented (not matched by --itt-config option): __itt_model_task_end_2

1530796 : 0xa7810e2fd0647 : 2 : ittapi_config_apply_per_lib :  ITTAPI function NOT instrumented (not matched by --itt-config option): __itt_model_lock_acquire_2

1530796 : 0xa7810e2fd09f0 : 2 : ittapi_config_apply_per_lib :  ITTAPI function NOT instrumented (not matched by --itt-config option): __itt_model_lock_release_2

1530796 : 0xa7810e2fd0d7e : 2 : ittapi_config_apply_per_lib :  ITTAPI function NOT instrumented (not matched by --itt-config option): __itt_model_aggregate_task

1530796 : 0xa7810e2fd10f1 : 2 : ittapi_config_apply_per_lib :  ITTAPI function NOT instrumented (not matched by --itt-config option): __itt_model_disable_push

1530796 : 0xa7810e2fd143a : 2 : ittapi_config_apply_per_lib :  ITTAPI function NOT instrumented (not matched by --itt-config option): __itt_model_disable_pop

1530796 : 0xa7810e2fd1b75 : 2 : ittapi_config_apply_per_lib :  ITTAPI function instrumented: __itt_heap_function_create
1530796 : 0xa7810e2fd227c : 2 : ittapi_config_apply_per_lib :  ITTAPI function instrumented: __itt_heap_allocate_begin
1530796 : 0xa7810e2fd290b : 2 : ittapi_config_apply_per_lib :  ITTAPI function instrumented: __itt_heap_allocate_end
1530796 : 0xa7810e2fd2fd4 : 2 : ittapi_config_apply_per_lib :  ITTAPI function instrumented: __itt_heap_free_begin
1530796 : 0xa7810e2fd4de1 : 2 : ittapi_config_apply_per_lib :  ITTAPI function instrumented: __itt_heap_free_end
1530796 : 0xa7810e2fd54d3 : 2 : ittapi_config_apply_per_lib :  ITTAPI function instrumented: __itt_heap_reallocate_begin
1530796 : 0xa7810e2fd5b4b : 2 : ittapi_config_apply_per_lib :  ITTAPI function instrumented: __itt_heap_reallocate_end
1530796 : 0xa7810e2fd6363 : 2 : ittapi_config_apply_per_lib :  ITTAPI function not implemented: __itt_heap_internal_access_begin
1530796 : 0xa7810e2fd6aae : 2 : ittapi_config_apply_per_lib :  ITTAPI function not implemented: __itt_heap_internal_access_end
1530796 : 0xa7810e2fd72a3 : 2 : ittapi_config_apply_per_lib :  ITTAPI function not implemented: __itt_heap_record_memory_growth_begin
1530796 : 0xa7810e2fd7a2c : 2 : ittapi_config_apply_per_lib :  ITTAPI function not implemented: __itt_heap_record_memory_growth_end
1530796 : 0xa7810e2fd8206 : 2 : ittapi_config_apply_per_lib :  ITTAPI function not implemented: __itt_heap_reset_detection
1530796 : 0xa7810e2fd89c9 : 2 : ittapi_config_apply_per_lib :  ITTAPI function not implemented: __itt_heap_record
1530796 : 0xa7810e2fd910e : 2 : ittapi_config_apply_per_lib :  ITTAPI function not implemented: __itt_id_create
1530796 : 0xa7810e2fda53d : 2 : ittapi_config_apply_per_lib :  ITTAPI function not implemented: __itt_id_destroy
1530796 : 0xa7810e2fdac8e : 2 : ittapi_config_apply_per_lib :  ITTAPI function instrumented: __itt_get_timestamp
1530796 : 0xa7810e2fdb3b4 : 2 : ittapi_config_apply_per_lib :  ITTAPI function not implemented: __itt_region_begin
1530796 : 0xa7810e2fdbb91 : 2 : ittapi_config_apply_per_lib :  ITTAPI function not implemented: __itt_region_end
1530796 : 0xa7810e2fdc2a1 : 2 : ittapi_config_apply_per_lib :  ITTAPI function instrumented: __itt_frame_begin_v3
1530796 : 0xa7810e2fdca22 : 2 : ittapi_config_apply_per_lib :  ITTAPI function instrumented: __itt_frame_end_v3
1530796 : 0xa7810e2fdd0d3 : 2 : ittapi_config_apply_per_lib :  ITTAPI function instrumented: __itt_frame_submit_v3
1530796 : 0xa7810e2fdd869 : 2 : ittapi_config_apply_per_lib :  ITTAPI function not implemented: __itt_task_group
1530796 : 0xa7810e2fddf96 : 2 : ittapi_config_apply_per_lib :  ITTAPI function instrumented: __itt_task_begin
1530796 : 0xa7810e2fde674 : 2 : ittapi_config_apply_per_lib :  ITTAPI function instrumented: __itt_task_begin_fn
1530796 : 0xa7810e2fdf943 : 2 : ittapi_config_apply_per_lib :  ITTAPI function instrumented: __itt_task_end
1530796 : 0xa7810e2fe012f : 2 : ittapi_config_apply_per_lib :  ITTAPI function not implemented: __itt_counter_inc_v3
1530796 : 0xa7810e2fe08ea : 2 : ittapi_config_apply_per_lib :  ITTAPI function not implemented: __itt_counter_inc_delta_v3
1530796 : 0xa7810e2fe108f : 2 : ittapi_config_apply_per_lib :  ITTAPI function not implemented: __itt_counter_dec_v3
1530796 : 0xa7810e2fe17b8 : 2 : ittapi_config_apply_per_lib :  ITTAPI function not implemented: __itt_counter_dec_delta_v3
1530796 : 0xa7810e2fe1f2e : 2 : ittapi_config_apply_per_lib :  ITTAPI function not implemented: __itt_marker
1530796 : 0xa7810e2fe25f9 : 2 : ittapi_config_apply_per_lib :  ITTAPI function instrumented: __itt_metadata_add
1530796 : 0xa7810e2fe2d7f : 2 : ittapi_config_apply_per_lib :  ITTAPI function not implemented: __itt_metadata_str_add
1530796 : 0xa7810e2fe3437 : 2 : ittapi_config_apply_per_lib :  ITTAPI function not implemented: __itt_relation_add_to_current
1530796 : 0xa7810e2fe3b5b : 2 : ittapi_config_apply_per_lib :  ITTAPI function not implemented: __itt_relation_add
1530796 : 0xa7810e2fe4d95 : 2 : ittapi_config_apply_per_lib :  ITTAPI function instrumented: __itt_event_create
1530796 : 0xa7810e2fe547d : 2 : ittapi_config_apply_per_lib :  ITTAPI function instrumented: __itt_event_start
1530796 : 0xa7810e2fe5b5a : 2 : ittapi_config_apply_per_lib :  ITTAPI function instrumented: __itt_event_end
1530796 : 0xa7810e2fe5eda : 2 : ittapi_config_apply_per_lib :  ITTAPI function NOT instrumented (not matched by --itt-config option): __itt_sync_set_name

1530796 : 0xa7810e2fe6294 : 2 : ittapi_config_apply_per_lib :  ITTAPI function NOT instrumented (not matched by --itt-config option): __itt_notify_sync_name

1530796 : 0xa7810e2fe6628 : 2 : ittapi_config_apply_per_lib :  ITTAPI function NOT instrumented (not matched by --itt-config option): __itt_notify_sync_prepare

1530796 : 0xa7810e2fe69c0 : 2 : ittapi_config_apply_per_lib :  ITTAPI function NOT instrumented (not matched by --itt-config option): __itt_notify_sync_cancel

1530796 : 0xa7810e2fe6d53 : 2 : ittapi_config_apply_per_lib :  ITTAPI function NOT instrumented (not matched by --itt-config option): __itt_notify_sync_acquired

1530796 : 0xa7810e2fe70e8 : 2 : ittapi_config_apply_per_lib :  ITTAPI function NOT instrumented (not matched by --itt-config option): __itt_notify_sync_releasing

1530796 : 0xa7810e2fe7833 : 2 : ittapi_config_apply_per_lib :  ITTAPI function not implemented: __itt_memory_read
1530796 : 0xa7810e2fe927d : 2 : ittapi_config_apply_per_lib :  ITTAPI function not implemented: __itt_memory_write
1530796 : 0xa7810e2fe999f : 2 : ittapi_config_apply_per_lib :  ITTAPI function not implemented: __itt_memory_update
1530796 : 0xa7810e2fea104 : 2 : ittapi_config_apply_per_lib :  ITTAPI function not implemented: __itt_state_get
1530796 : 0xa7810e2fea7ee : 2 : ittapi_config_apply_per_lib :  ITTAPI function not implemented: __itt_state_set
1530796 : 0xa7810e2feaf60 : 2 : ittapi_config_apply_per_lib :  ITTAPI function not implemented: __itt_obj_mode_set
1530796 : 0xa7810e2feb69a : 2 : ittapi_config_apply_per_lib :  ITTAPI function not implemented: __itt_thr_mode_set
1530796 : 0xa7810e2febcd3 : 2 : ittapi_config_apply_per_lib :  ITTAPI function instrumented: __itt_frame_create
1530796 : 0xa7810e2fec378 : 2 : ittapi_config_apply_per_lib :  ITTAPI function instrumented: __itt_pt_region_create
1530796 : 0xa7810e2fec9fa : 2 : ittapi_config_apply_per_lib :  ITTAPI function instrumented: __itt_frame_begin
1530796 : 0xa7810e2fed093 : 2 : ittapi_config_apply_per_lib :  ITTAPI function instrumented: __itt_frame_end
1530796 : 0xa7810e2fee46e : 2 : ittapi_config_apply_per_lib :  ITTAPI function not implemented: __itt_counter_destroy
1530796 : 0xa7810e2feeb40 : 2 : ittapi_config_apply_per_lib :  ITTAPI function instrumented: __itt_counter_inc
1530796 : 0xa7810e2fef1f1 : 2 : ittapi_config_apply_per_lib :  ITTAPI function instrumented: __itt_counter_inc_delta
1530796 : 0xa7810e2fef85b : 2 : ittapi_config_apply_per_lib :  ITTAPI function instrumented: __itt_counter_dec
1530796 : 0xa7810e2feff14 : 2 : ittapi_config_apply_per_lib :  ITTAPI function instrumented: __itt_counter_dec_delta
1530796 : 0xa7810e2ff05d1 : 2 : ittapi_config_apply_per_lib :  ITTAPI function instrumented: __itt_counter_set_value
1530796 : 0xa7810e2ff0ce7 : 2 : ittapi_config_apply_per_lib :  ITTAPI function not implemented: __itt_counter_set_value_ex
1530796 : 0xa7810e2ff13c1 : 2 : ittapi_config_apply_per_lib :  ITTAPI function not implemented: __itt_mark_create
1530796 : 0xa7810e2ff1aed : 2 : ittapi_config_apply_per_lib :  ITTAPI function not implemented: __itt_mark
1530796 : 0xa7810e2ff228e : 2 : ittapi_config_apply_per_lib :  ITTAPI function not implemented: __itt_mark_off
1530796 : 0xa7810e2ff359b : 2 : ittapi_config_apply_per_lib :  ITTAPI function not implemented: __itt_mark_global
1530796 : 0xa7810e2ff3cda : 2 : ittapi_config_apply_per_lib :  ITTAPI function not implemented: __itt_mark_global_off
1530796 : 0xa7810e2ff443f : 2 : ittapi_config_apply_per_lib :  ITTAPI function instrumented: __itt_stack_caller_create
1530796 : 0xa7810e2ff4b2f : 2 : ittapi_config_apply_per_lib :  ITTAPI function instrumented: __itt_stack_caller_destroy
1530796 : 0xa7810e2ff5226 : 2 : ittapi_config_apply_per_lib :  ITTAPI function instrumented: __itt_stack_callee_enter
1530796 : 0xa7810e2ff5895 : 2 : ittapi_config_apply_per_lib :  ITTAPI function instrumented: __itt_stack_callee_leave
1530796 : 0xa7810e2ff5fb5 : 2 : ittapi_config_apply_per_lib :  ITTAPI function not implemented: __itt_clock_domain_create
1530796 : 0xa7810e2ff6711 : 2 : ittapi_config_apply_per_lib :  ITTAPI function not implemented: __itt_clock_domain_reset
1530796 : 0xa7810e2ff6e18 : 2 : ittapi_config_apply_per_lib :  ITTAPI function not implemented: __itt_id_create_ex
1530796 : 0xa7810e2ff7551 : 2 : ittapi_config_apply_per_lib :  ITTAPI function not implemented: __itt_id_destroy_ex
1530796 : 0xa7810e2ff8fe1 : 2 : ittapi_config_apply_per_lib :  ITTAPI function not implemented: __itt_task_begin_ex
1530796 : 0xa7810e2ff96ef : 2 : ittapi_config_apply_per_lib :  ITTAPI function not implemented: __itt_task_begin_fn_ex
1530796 : 0xa7810e2ff9e09 : 2 : ittapi_config_apply_per_lib :  ITTAPI function not implemented: __itt_task_end_ex
1530796 : 0xa7810e2ffa4cf : 2 : ittapi_config_apply_per_lib :  ITTAPI function instrumented: __itt_task_begin_overlapped
1530796 : 0xa7810e2ffabe4 : 2 : ittapi_config_apply_per_lib :  ITTAPI function not implemented: __itt_task_begin_overlapped_ex
1530796 : 0xa7810e2ffb297 : 2 : ittapi_config_apply_per_lib :  ITTAPI function instrumented: __itt_task_end_overlapped
1530796 : 0xa7810e2ffb9b9 : 2 : ittapi_config_apply_per_lib :  ITTAPI function not implemented: __itt_task_end_overlapped_ex
1530796 : 0xa7810e2ffc0c0 : 2 : ittapi_config_apply_per_lib :  ITTAPI function not implemented: __itt_marker_ex
1530796 : 0xa7810e2ffc872 : 2 : ittapi_config_apply_per_lib :  ITTAPI function not implemented: __itt_metadata_add_with_scope
1530796 : 0xa7810e2ffd038 : 2 : ittapi_config_apply_per_lib :  ITTAPI function not implemented: __itt_metadata_str_add_with_scope
1530796 : 0xa7810e2ffe358 : 2 : ittapi_config_apply_per_lib :  ITTAPI function not implemented: __itt_relation_add_to_current_ex
1530796 : 0xa7810e2ffea88 : 2 : ittapi_config_apply_per_lib :  ITTAPI function not implemented: __itt_relation_add_ex
1530796 : 0xa7810e2fff20f : 2 : ittapi_config_apply_per_lib :  ITTAPI function not implemented: __itt_track_group_create
1530796 : 0xa7810e2fff8c6 : 2 : ittapi_config_apply_per_lib :  ITTAPI function not implemented: __itt_track_create
1530796 : 0xa7810e2ffffba : 2 : ittapi_config_apply_per_lib :  ITTAPI function not implemented: __itt_set_track
1530796 : 0xa7810e30006b1 : 2 : ittapi_config_apply_per_lib :  ITTAPI function instrumented: __itt_api_version
1530796 : 0xa7810e3000db6 : 2 : ittapi_config_apply_per_lib :  ITTAPI function not implemented: __itt_av_save
1530796 : 0xa7810e300145e : 2 : ittapi_config_apply_per_lib :  ITTAPI function instrumented: __itt_module_load
1530796 : 0xa7810e3001bd2 : 2 : ittapi_config_apply_per_lib :  ITTAPI function not implemented: __itt_module_unload
1530796 : 0xa7810e3049a52 : 2 : ittapi_config_mask_get :  --itt-config mask to be applied: 55
1530796 : 0xa7810e304c308 : 2 : ittapi_config_apply_per_lib :  ITTAPI function instrumented: __itt_domain_create
1530796 : 0xa7810e304cba9 : 2 : ittapi_config_apply_per_lib :  ITTAPI function instrumented: __itt_module_load_with_sections
1530796 : 0xa7810e304d505 : 2 : ittapi_config_apply_per_lib :  ITTAPI function not implemented: __itt_module_unload_with_sections
1530796 : 0xa7810e304dc1f : 2 : ittapi_config_apply_per_lib :  ITTAPI function instrumented: __itt_string_handle_create
1530796 : 0xa7810e304e2c8 : 2 : ittapi_config_apply_per_lib :  ITTAPI function instrumented: __itt_counter_create
1530796 : 0xa7810e304e8ec : 2 : ittapi_config_apply_per_lib :  ITTAPI function instrumented: __itt_counter_create_typed
1530796 : 0xa7810e304efd9 : 2 : ittapi_config_apply_per_lib :  ITTAPI function instrumented: __itt_pause
1530796 : 0xa7810e304f682 : 2 : ittapi_config_apply_per_lib :  ITTAPI function instrumented: __itt_resume
1530796 : 0xa7810e304fca7 : 2 : ittapi_config_apply_per_lib :  ITTAPI function instrumented: __itt_thread_set_name
1530796 : 0xa7810e3050396 : 2 : ittapi_config_apply_per_lib :  ITTAPI function instrumented: __itt_thread_ignore
1530796 : 0xa7810e30516f7 : 2 : ittapi_config_apply_per_lib :  ITTAPI function instrumented: __itt_thr_name_set
1530796 : 0xa7810e3051de9 : 2 : ittapi_config_apply_per_lib :  ITTAPI function instrumented: __itt_thr_ignore
1530796 : 0xa7810e305262e : 2 : ittapi_config_apply_per_lib :  ITTAPI function not implemented: __itt_enable_attach
1530796 : 0xa7810e3052cc4 : 2 : ittapi_config_apply_per_lib :  ITTAPI function instrumented: __itt_detach
1530796 : 0xa7810e305304d : 2 : ittapi_config_apply_per_lib :  ITTAPI function NOT instrumented (not matched by --itt-config option): __itt_sync_create

1530796 : 0xa7810e305341a : 2 : ittapi_config_apply_per_lib :  ITTAPI function NOT instrumented (not matched by --itt-config option): __itt_sync_rename

1530796 : 0xa7810e30537bb : 2 : ittapi_config_apply_per_lib :  ITTAPI function NOT instrumented (not matched by --itt-config option): __itt_sync_destroy

1530796 : 0xa7810e3053b71 : 2 : ittapi_config_apply_per_lib :  ITTAPI function NOT instrumented (not matched by --itt-config option): __itt_sync_prepare

1530796 : 0xa7810e3053edb : 2 : ittapi_config_apply_per_lib :  ITTAPI function NOT instrumented (not matched by --itt-config option): __itt_sync_cancel

1530796 : 0xa7810e305424b : 2 : ittapi_config_apply_per_lib :  ITTAPI function NOT instrumented (not matched by --itt-config option): __itt_sync_acquired

1530796 : 0xa7810e3055c9d : 2 : ittapi_config_apply_per_lib :  ITTAPI function NOT instrumented (not matched by --itt-config option): __itt_sync_releasing

1530796 : 0xa7810e305653f : 2 : ittapi_config_apply_per_lib :  ITTAPI function not implemented: __itt_suppress_push
1530796 : 0xa7810e3056d9c : 2 : ittapi_config_apply_per_lib :  ITTAPI function not implemented: __itt_suppress_pop
1530796 : 0xa7810e3057512 : 2 : ittapi_config_apply_per_lib :  ITTAPI function not implemented: __itt_suppress_mark_range
1530796 : 0xa7810e3057caf : 2 : ittapi_config_apply_per_lib :  ITTAPI function not implemented: __itt_suppress_clear_range
1530796 : 0xa7810e305803f : 2 : ittapi_config_apply_per_lib :  ITTAPI function NOT instrumented (not matched by --itt-config option): __itt_sync_prepare

1530796 : 0xa7810e30583c7 : 2 : ittapi_config_apply_per_lib :  ITTAPI function NOT instrumented (not matched by --itt-config option): __itt_sync_cancel

1530796 : 0xa7810e3058736 : 2 : ittapi_config_apply_per_lib :  ITTAPI function NOT instrumented (not matched by --itt-config option): __itt_sync_acquired

1530796 : 0xa7810e3058a9c : 2 : ittapi_config_apply_per_lib :  ITTAPI function NOT instrumented (not matched by --itt-config option): __itt_sync_releasing

1530796 : 0xa7810e3058ea6 : 2 : ittapi_config_apply_per_lib :  ITTAPI function NOT instrumented (not matched by --itt-config option): __itt_model_site_begin

1530796 : 0xa7810e3059e3a : 2 : ittapi_config_apply_per_lib :  ITTAPI function NOT instrumented (not matched by --itt-config option): __itt_model_site_end

1530796 : 0xa7810e305a1f0 : 2 : ittapi_config_apply_per_lib :  ITTAPI function NOT instrumented (not matched by --itt-config option): __itt_model_task_begin

1530796 : 0xa7810e305a584 : 2 : ittapi_config_apply_per_lib :  ITTAPI function NOT instrumented (not matched by --itt-config option): __itt_model_task_end

1530796 : 0xa7810e305a8f3 : 2 : ittapi_config_apply_per_lib :  ITTAPI function NOT instrumented (not matched by --itt-config option): __itt_model_lock_acquire

1530796 : 0xa7810e305acca : 2 : ittapi_config_apply_per_lib :  ITTAPI function NOT instrumented (not matched by --itt-config option): __itt_model_lock_release

1530796 : 0xa7810e305b02c : 2 : ittapi_config_apply_per_lib :  ITTAPI function NOT instrumented (not matched by --itt-config option): __itt_model_record_allocation

1530796 : 0xa7810e305b371 : 2 : ittapi_config_apply_per_lib :  ITTAPI function NOT instrumented (not matched by --itt-config option): __itt_model_record_deallocation

1530796 : 0xa7810e305b6f1 : 2 : ittapi_config_apply_per_lib :  ITTAPI function NOT instrumented (not matched by --itt-config option): __itt_model_induction_uses

1530796 : 0xa7810e305ba8f : 2 : ittapi_config_apply_per_lib :  ITTAPI function NOT instrumented (not matched by --itt-config option): __itt_model_reduction_uses

1530796 : 0xa7810e305be1d : 2 : ittapi_config_apply_per_lib :  ITTAPI function NOT instrumented (not matched by --itt-config option): __itt_model_observe_uses

1530796 : 0xa7810e305d6fd : 2 : ittapi_config_apply_per_lib :  ITTAPI function NOT instrumented (not matched by --itt-config option): __itt_model_clear_uses

1530796 : 0xa7810e305dad7 : 2 : ittapi_config_apply_per_lib :  ITTAPI function NOT instrumented (not matched by --itt-config option): __itt_model_site_beginA

1530796 : 0xa7810e305de47 : 2 : ittapi_config_apply_per_lib :  ITTAPI function NOT instrumented (not matched by --itt-config option): __itt_model_site_beginAL

1530796 : 0xa7810e305e1c1 : 2 : ittapi_config_apply_per_lib :  ITTAPI function NOT instrumented (not matched by --itt-config option): __itt_model_task_beginA

1530796 : 0xa7810e305e539 : 2 : ittapi_config_apply_per_lib :  ITTAPI function NOT instrumented (not matched by --itt-config option): __itt_model_task_beginAL

1530796 : 0xa7810e305e8d4 : 2 : ittapi_config_apply_per_lib :  ITTAPI function NOT instrumented (not matched by --itt-config option): __itt_model_iteration_taskA

1530796 : 0xa7810e305ec2e : 2 : ittapi_config_apply_per_lib :  ITTAPI function NOT instrumented (not matched by --itt-config option): __itt_model_iteration_taskAL

1530796 : 0xa7810e305ef5c : 2 : ittapi_config_apply_per_lib :  ITTAPI function NOT instrumented (not matched by --itt-config option): __itt_model_site_end_2

1530796 : 0xa7810e305f2d3 : 2 : ittapi_config_apply_per_lib :  ITTAPI function NOT instrumented (not matched by --itt-config option): __itt_model_task_end_2

1530796 : 0xa7810e305f601 : 2 : ittapi_config_apply_per_lib :  ITTAPI function NOT instrumented (not matched by --itt-config option): __itt_model_lock_acquire_2

1530796 : 0xa7810e306052c : 2 : ittapi_config_apply_per_lib :  ITTAPI function NOT instrumented (not matched by --itt-config option): __itt_model_lock_release_2

1530796 : 0xa7810e30608dc : 2 : ittapi_config_apply_per_lib :  ITTAPI function NOT instrumented (not matched by --itt-config option): __itt_model_aggregate_task

1530796 : 0xa7810e3060c48 : 2 : ittapi_config_apply_per_lib :  ITTAPI function NOT instrumented (not matched by --itt-config option): __itt_model_disable_push

1530796 : 0xa7810e3060fc9 : 2 : ittapi_config_apply_per_lib :  ITTAPI function NOT instrumented (not matched by --itt-config option): __itt_model_disable_pop

1530796 : 0xa7810e30616d1 : 2 : ittapi_config_apply_per_lib :  ITTAPI function instrumented: __itt_heap_function_create
1530796 : 0xa7810e3061de1 : 2 : ittapi_config_apply_per_lib :  ITTAPI function instrumented: __itt_heap_allocate_begin
1530796 : 0xa7810e306245a : 2 : ittapi_config_apply_per_lib :  ITTAPI function instrumented: __itt_heap_allocate_end
1530796 : 0xa7810e3062b00 : 2 : ittapi_config_apply_per_lib :  ITTAPI function instrumented: __itt_heap_free_begin
1530796 : 0xa7810e306311f : 2 : ittapi_config_apply_per_lib :  ITTAPI function instrumented: __itt_heap_free_end
1530796 : 0xa7810e306375e : 2 : ittapi_config_apply_per_lib :  ITTAPI function instrumented: __itt_heap_reallocate_begin
1530796 : 0xa7810e30649c5 : 2 : ittapi_config_apply_per_lib :  ITTAPI function instrumented: __itt_heap_reallocate_end
1530796 : 0xa7810e3065199 : 2 : ittapi_config_apply_per_lib :  ITTAPI function not implemented: __itt_heap_internal_access_begin
1530796 : 0xa7810e30658db : 2 : ittapi_config_apply_per_lib :  ITTAPI function not implemented: __itt_heap_internal_access_end
1530796 : 0xa7810e3066040 : 2 : ittapi_config_apply_per_lib :  ITTAPI function not implemented: __itt_heap_record_memory_growth_begin
1530796 : 0xa7810e30667c5 : 2 : ittapi_config_apply_per_lib :  ITTAPI function not implemented: __itt_heap_record_memory_growth_end
1530796 : 0xa7810e3066f36 : 2 : ittapi_config_apply_per_lib :  ITTAPI function not implemented: __itt_heap_reset_detection
1530796 : 0xa7810e30676be : 2 : ittapi_config_apply_per_lib :  ITTAPI function not implemented: __itt_heap_record
1530796 : 0xa7810e3067e05 : 2 : ittapi_config_apply_per_lib :  ITTAPI function not implemented: __itt_id_create
1530796 : 0xa7810e306855f : 2 : ittapi_config_apply_per_lib :  ITTAPI function not implemented: __itt_id_destroy
1530796 : 0xa7810e3068bfa : 2 : ittapi_config_apply_per_lib :  ITTAPI function instrumented: __itt_get_timestamp
1530796 : 0xa7810e306a725 : 2 : ittapi_config_apply_per_lib :  ITTAPI function not implemented: __itt_region_begin
1530796 : 0xa7810e306aed5 : 2 : ittapi_config_apply_per_lib :  ITTAPI function not implemented: __itt_region_end
1530796 : 0xa7810e306b589 : 2 : ittapi_config_apply_per_lib :  ITTAPI function instrumented: __itt_frame_begin_v3
1530796 : 0xa7810e306bc75 : 2 : ittapi_config_apply_per_lib :  ITTAPI function instrumented: __itt_frame_end_v3
1530796 : 0xa7810e306c334 : 2 : ittapi_config_apply_per_lib :  ITTAPI function instrumented: __itt_frame_submit_v3
1530796 : 0xa7810e306cad2 : 2 : ittapi_config_apply_per_lib :  ITTAPI function not implemented: __itt_task_group
1530796 : 0xa7810e306d1e3 : 2 : ittapi_config_apply_per_lib :  ITTAPI function instrumented: __itt_task_begin
1530796 : 0xa7810e306d8a1 : 2 : ittapi_config_apply_per_lib :  ITTAPI function instrumented: __itt_task_begin_fn
1530796 : 0xa7810e306df2f : 2 : ittapi_config_apply_per_lib :  ITTAPI function instrumented: __itt_task_end
1530796 : 0xa7810e306e6c3 : 2 : ittapi_config_apply_per_lib :  ITTAPI function not implemented: __itt_counter_inc_v3
1530796 : 0xa7810e306faac : 2 : ittapi_config_apply_per_lib :  ITTAPI function not implemented: __itt_counter_inc_delta_v3
1530796 : 0xa7810e3070200 : 2 : ittapi_config_apply_per_lib :  ITTAPI function not implemented: __itt_counter_dec_v3
1530796 : 0xa7810e307092a : 2 : ittapi_config_apply_per_lib :  ITTAPI function not implemented: __itt_counter_dec_delta_v3
1530796 : 0xa7810e3071069 : 2 : ittapi_config_apply_per_lib :  ITTAPI function not implemented: __itt_marker
1530796 : 0xa7810e307175b : 2 : ittapi_config_apply_per_lib :  ITTAPI function instrumented: __itt_metadata_add
1530796 : 0xa7810e3071ec5 : 2 : ittapi_config_apply_per_lib :  ITTAPI function not implemented: __itt_metadata_str_add
1530796 : 0xa7810e30725b5 : 2 : ittapi_config_apply_per_lib :  ITTAPI function not implemented: __itt_relation_add_to_current
1530796 : 0xa7810e3072d15 : 2 : ittapi_config_apply_per_lib :  ITTAPI function not implemented: __itt_relation_add
1530796 : 0xa7810e3073377 : 2 : ittapi_config_apply_per_lib :  ITTAPI function instrumented: __itt_event_create
1530796 : 0xa7810e3073a13 : 2 : ittapi_config_apply_per_lib :  ITTAPI function instrumented: __itt_event_start
1530796 : 0xa7810e3074ca2 : 2 : ittapi_config_apply_per_lib :  ITTAPI function instrumented: __itt_event_end
1530796 : 0xa7810e3075083 : 2 : ittapi_config_apply_per_lib :  ITTAPI function NOT instrumented (not matched by --itt-config option): __itt_sync_set_name

1530796 : 0xa7810e3075421 : 2 : ittapi_config_apply_per_lib :  ITTAPI function NOT instrumented (not matched by --itt-config option): __itt_notify_sync_name

1530796 : 0xa7810e30757c2 : 2 : ittapi_config_apply_per_lib :  ITTAPI function NOT instrumented (not matched by --itt-config option): __itt_notify_sync_prepare

1530796 : 0xa7810e3075b56 : 2 : ittapi_config_apply_per_lib :  ITTAPI function NOT instrumented (not matched by --itt-config option): __itt_notify_sync_cancel

1530796 : 0xa7810e3075ede : 2 : ittapi_config_apply_per_lib :  ITTAPI function NOT instrumented (not matched by --itt-config option): __itt_notify_sync_acquired

1530796 : 0xa7810e3076252 : 2 : ittapi_config_apply_per_lib :  ITTAPI function NOT instrumented (not matched by --itt-config option): __itt_notify_sync_releasing

1530796 : 0xa7810e30769a5 : 2 : ittapi_config_apply_per_lib :  ITTAPI function not implemented: __itt_memory_read
1530796 : 0xa7810e30770d5 : 2 : ittapi_config_apply_per_lib :  ITTAPI function not implemented: __itt_memory_write
1530796 : 0xa7810e30777db : 2 : ittapi_config_apply_per_lib :  ITTAPI function not implemented: __itt_memory_update
1530796 : 0xa7810e3078b5b : 2 : ittapi_config_apply_per_lib :  ITTAPI function not implemented: __itt_state_get
1530796 : 0xa7810e3079268 : 2 : ittapi_config_apply_per_lib :  ITTAPI function not implemented: __itt_state_set
1530796 : 0xa7810e30799d3 : 2 : ittapi_config_apply_per_lib :  ITTAPI function not implemented: __itt_obj_mode_set
1530796 : 0xa7810e307a11e : 2 : ittapi_config_apply_per_lib :  ITTAPI function not implemented: __itt_thr_mode_set
1530796 : 0xa7810e307a765 : 2 : ittapi_config_apply_per_lib :  ITTAPI function instrumented: __itt_frame_create
1530796 : 0xa7810e307ad90 : 2 : ittapi_config_apply_per_lib :  ITTAPI function instrumented: __itt_pt_region_create
1530796 : 0xa7810e307b3e7 : 2 : ittapi_config_apply_per_lib :  ITTAPI function instrumented: __itt_frame_begin
1530796 : 0xa7810e307ba95 : 2 : ittapi_config_apply_per_lib :  ITTAPI function instrumented: __itt_frame_end
1530796 : 0xa7810e307c253 : 2 : ittapi_config_apply_per_lib :  ITTAPI function not implemented: __itt_counter_destroy
1530796 : 0xa7810e307c903 : 2 : ittapi_config_apply_per_lib :  ITTAPI function instrumented: __itt_counter_inc
1530796 : 0xa7810e307e545 : 2 : ittapi_config_apply_per_lib :  ITTAPI function instrumented: __itt_counter_inc_delta
1530796 : 0xa7810e307ebeb : 2 : ittapi_config_apply_per_lib :  ITTAPI function instrumented: __itt_counter_dec
1530796 : 0xa7810e307f2b7 : 2 : ittapi_config_apply_per_lib :  ITTAPI function instrumented: __itt_counter_dec_delta
1530796 : 0xa7810e307f912 : 2 : ittapi_config_apply_per_lib :  ITTAPI function instrumented: __itt_counter_set_value
1530796 : 0xa7810e3080066 : 2 : ittapi_config_apply_per_lib :  ITTAPI function not implemented: __itt_counter_set_value_ex
1530796 : 0xa7810e308075e : 2 : ittapi_config_apply_per_lib :  ITTAPI function not implemented: __itt_mark_create
1530796 : 0xa7810e3080eea : 2 : ittapi_config_apply_per_lib :  ITTAPI function not implemented: __itt_mark
1530796 : 0xa7810e308160a : 2 : ittapi_config_apply_per_lib :  ITTAPI function not implemented: __itt_mark_off
1530796 : 0xa7810e3081d06 : 2 : ittapi_config_apply_per_lib :  ITTAPI function not implemented: __itt_mark_global
1530796 : 0xa7810e3082445 : 2 : ittapi_config_apply_per_lib :  ITTAPI function not implemented: __itt_mark_global_off
1530796 : 0xa7810e3083815 : 2 : ittapi_config_apply_per_lib :  ITTAPI function instrumented: __itt_stack_caller_create
1530796 : 0xa7810e3083f39 : 2 : ittapi_config_apply_per_lib :  ITTAPI function instrumented: __itt_stack_caller_destroy
1530796 : 0xa7810e30845e5 : 2 : ittapi_config_apply_per_lib :  ITTAPI function instrumented: __itt_stack_callee_enter
1530796 : 0xa7810e3084c5c : 2 : ittapi_config_apply_per_lib :  ITTAPI function instrumented: __itt_stack_callee_leave
1530796 : 0xa7810e30853bd : 2 : ittapi_config_apply_per_lib :  ITTAPI function not implemented: __itt_clock_domain_create
1530796 : 0xa7810e3085aea : 2 : ittapi_config_apply_per_lib :  ITTAPI function not implemented: __itt_clock_domain_reset
1530796 : 0xa7810e30861f2 : 2 : ittapi_config_apply_per_lib :  ITTAPI function not implemented: __itt_id_create_ex
1530796 : 0xa7810e3086922 : 2 : ittapi_config_apply_per_lib :  ITTAPI function not implemented: __itt_id_destroy_ex
1530796 : 0xa7810e3087061 : 2 : ittapi_config_apply_per_lib :  ITTAPI function not implemented: __itt_task_begin_ex
1530796 : 0xa7810e3087770 : 2 : ittapi_config_apply_per_lib :  ITTAPI function not implemented: __itt_task_begin_fn_ex
1530796 : 0xa7810e3088a8f : 2 : ittapi_config_apply_per_lib :  ITTAPI function not implemented: __itt_task_end_ex
1530796 : 0xa7810e3089181 : 2 : ittapi_config_apply_per_lib :  ITTAPI function instrumented: __itt_task_begin_overlapped
1530796 : 0xa7810e30898b0 : 2 : ittapi_config_apply_per_lib :  ITTAPI function not implemented: __itt_task_begin_overlapped_ex
1530796 : 0xa7810e3089f53 : 2 : ittapi_config_apply_per_lib :  ITTAPI function instrumented: __itt_task_end_overlapped
1530796 : 0xa7810e308a685 : 2 : ittapi_config_apply_per_lib :  ITTAPI function not implemented: __itt_task_end_overlapped_ex
1530796 : 0xa7810e308ad74 : 2 : ittapi_config_apply_per_lib :  ITTAPI function not implemented: __itt_marker_ex
1530796 : 0xa7810e308b4e0 : 2 : ittapi_config_apply_per_lib :  ITTAPI function not implemented: __itt_metadata_add_with_scope
1530796 : 0xa7810e308bc75 : 2 : ittapi_config_apply_per_lib :  ITTAPI function not implemented: __itt_metadata_str_add_with_scope
1530796 : 0xa7810e308c399 : 2 : ittapi_config_apply_per_lib :  ITTAPI function not implemented: __itt_relation_add_to_current_ex
1530796 : 0xa7810e308caa7 : 2 : ittapi_config_apply_per_lib :  ITTAPI function not implemented: __itt_relation_add_ex
1530796 : 0xa7810e308e4f9 : 2 : ittapi_config_apply_per_lib :  ITTAPI function not implemented: __itt_track_group_create
1530796 : 0xa7810e308ebc8 : 2 : ittapi_config_apply_per_lib :  ITTAPI function not implemented: __itt_track_create
1530796 : 0xa7810e308f2f5 : 2 : ittapi_config_apply_per_lib :  ITTAPI function not implemented: __itt_set_track
1530796 : 0xa7810e308f99b : 2 : ittapi_config_apply_per_lib :  ITTAPI function instrumented: __itt_api_version
1530796 : 0xa7810e30900ba : 2 : ittapi_config_apply_per_lib :  ITTAPI function not implemented: __itt_av_save
1530796 : 0xa7810e3090783 : 2 : ittapi_config_apply_per_lib :  ITTAPI function instrumented: __itt_module_load
1530796 : 0xa7810e3090ec7 : 2 : ittapi_config_apply_per_lib :  ITTAPI function not implemented: __itt_module_unload