
2752623 : 0xa97a295616dcd : 1 : spill_jit_data :  Jit agent is not initialized
2752606 : 0xa97a295619972 : 2 : ittapi_config_mask_get :  --itt-config mask to be applied: 55
2752606 : 0xa97a29561d272 : 2 : ittapi_config_apply_per_lib :  ITTAPI function instrumented: __itt_domain_create
2752606 : 0xa97a29561dd48 : 2 : ittapi_config_apply_per_lib :  ITTAPI function instrumented: __itt_module_load_with_sections
2752606 : 0xa97a29561ea2e : 2 : ittapi_config_apply_per_lib :  ITTAPI function not implemented: __itt_module_unload_with_sections
2752606 : 0xa97a29561f288 : 2 : ittapi_config_apply_per_lib :  ITTAPI function instrumented: __itt_string_handle_create
2752606 : 0xa97a29561f961 : 2 : ittapi_config_apply_per_lib :  ITTAPI function instrumented: __itt_counter_create
2752606 : 0xa97a29561fffe : 2 : ittapi_config_apply_per_lib :  ITTAPI function instrumented: __itt_counter_create_typed
2752606 : 0xa97a2956208ab : 2 : ittapi_config_apply_per_lib :  ITTAPI function instrumented: __itt_pause
2752606 : 0xa97a295620fb5 : 2 : ittapi_config_apply_per_lib :  ITTAPI function instrumented: __itt_resume
2752606 : 0xa97a2956270a7 : 2 : ittapi_config_apply_per_lib :  ITTAPI function instrumented: __itt_thread_set_name
2752606 : 0xa97a2956278e7 : 2 : ittapi_config_apply_per_lib :  ITTAPI function instrumented: __itt_thread_ignore
2752606 : 0xa97a295627ff4 : 2 : ittapi_config_apply_per_lib :  ITTAPI function instrumented: __itt_thr_name_set
2752606 : 0xa97a2956286ed : 2 : ittapi_config_apply_per_lib :  ITTAPI function instrumented: __itt_thr_ignore
2752606 : 0xa97a295629106 : 2 : ittapi_config_apply_per_lib :  ITTAPI function not implemented: __itt_enable_attach
2752606 : 0xa97a295629804 : 2 : ittapi_config_apply_per_lib :  ITTAPI function instrumented: __itt_detach
2752606 : 0xa97a295629c2c : 2 : ittapi_config_apply_per_lib :  ITTAPI function NOT instrumented (not matched by --itt-config option): __itt_sync_create

2752606 : 0xa97a29562a111 : 2 : ittapi_config_apply_per_lib :  ITTAPI function NOT instrumented (not matched by --itt-config option): __itt_sync_rename

2752606 : 0xa97a29562a515 : 2 : ittapi_config_apply_per_lib :  ITTAPI function NOT instrumented (not matched by --itt-config option): __itt_sync_destroy

2752606 : 0xa97a29562a8f7 : 2 : ittapi_config_apply_per_lib :  ITTAPI function NOT instrumented (not matched by --itt-config option): __itt_sync_prepare

2752606 : 0xa97a29562bd50 : 2 : ittapi_config_apply_per_lib :  ITTAPI function NOT instrumented (not matched by --itt-config option): __itt_sync_cancel

2752606 : 0xa97a29562c14e : 2 : ittapi_config_apply_per_lib :  ITTAPI function NOT instrumented (not matched by --itt-config option): __itt_sync_acquired

2752606 : 0xa97a29562c524 : 2 : ittapi_config_apply_per_lib :  ITTAPI function NOT instrumented (not matched by --itt-config option): __itt_sync_releasing

2752606 : 0xa97a29562ce4a : 2 : ittapi_config_apply_per_lib :  ITTAPI function not implemented: __itt_suppress_push
2752606 : 0xa97a29562d6ff : 2 : ittapi_config_apply_per_lib :  ITTAPI function not implemented: __itt_suppress_pop
2752606 : 0xa97a29562dec2 : 2 : ittapi_config_apply_per_lib :  ITTAPI function not implemented: __itt_suppress_mark_range
2752606 : 0xa97a29562e67d : 2 : ittapi_config_apply_per_lib :  ITTAPI function not implemented: __itt_suppress_clear_range
2752606 : 0xa97a29562e9fa : 2 : ittapi_config_apply_per_lib :  ITTAPI function NOT instrumented (not matched by --itt-config option): __itt_sync_prepare

2752606 : 0xa97a29562edbd : 2 : ittapi_config_apply_per_lib :  ITTAPI function NOT instrumented (not matched by --itt-config option): __itt_sync_cancel

2752606 : 0xa97a29562f146 : 2 : ittapi_config_apply_per_lib :  ITTAPI function NOT instrumented (not matched by --itt-config option): __itt_sync_acquired

2752606 : 0xa97a295630272 : 2 : ittapi_config_apply_per_lib :  ITTAPI function NOT instrumented (not matched by --itt-config option): __itt_sync_releasing

2752606 : 0xa97a2956306a1 : 2 : ittapi_config_apply_per_lib :  ITTAPI function NOT instrumented (not matched by --itt-config option): __itt_model_site_begin

2752606 : 0xa97a295630a75 : 2 : ittapi_config_apply_per_lib :  ITTAPI function NOT instrumented (not matched by --itt-config option): __itt_model_site_end

2752606 : 0xa97a295630e1d : 2 : ittapi_config_apply_per_lib :  ITTAPI function NOT instrumented (not matched by --itt-config option): __itt_model_task_begin

2752606 : 0xa97a2956311c8 : 2 : ittapi_config_apply_per_lib :  ITTAPI function NOT instrumented (not matched by --itt-config option): __itt_model_task_end

2752606 : 0xa97a295631555 : 2 : ittapi_config_apply_per_lib :  ITTAPI function NOT instrumented (not matched by --itt-config option): __itt_model_lock_acquire

2752606 : 0xa97a295631946 : 2 : ittapi_config_apply_per_lib :  ITTAPI function NOT instrumented (not matched by --itt-config option): __itt_model_lock_release

2752606 : 0xa97a295631cdc : 2 : ittapi_config_apply_per_lib :  ITTAPI function NOT instrumented (not matched by --itt-config option): __itt_model_record_allocation

2752606 : 0xa97a29563204d : 2 : ittapi_config_apply_per_lib :  ITTAPI function NOT instrumented (not matched by --itt-config option): __itt_model_record_deallocation

2752606 : 0xa97a2956323a8 : 2 : ittapi_config_apply_per_lib :  ITTAPI function NOT instrumented (not matched by --itt-config option): __itt_model_induction_uses

2752606 : 0xa97a295634201 : 2 : ittapi_config_apply_per_lib :  ITTAPI function NOT instrumented (not matched by --itt-config option): __itt_model_reduction_uses

2752606 : 0xa97a2956345de : 2 : ittapi_config_apply_per_lib :  ITTAPI function NOT instrumented (not matched by --itt-config option): __itt_model_observe_uses

2752606 : 0xa97a29563498c : 2 : ittapi_config_apply_per_lib :  ITTAPI function NOT instrumented (not matched by --itt-config option): __itt_model_clear_uses

2752606 : 0xa97a295634d2a : 2 : ittapi_config_apply_per_lib :  ITTAPI function NOT instrumented (not matched by --itt-config option): __itt_model_site_beginA

2752606 : 0xa97a2956350ed : 2 : ittapi_config_apply_per_lib :  ITTAPI function NOT instrumented (not matched by --itt-config option): __itt_model_site_beginAL

2752606 : 0xa97a295635473 : 2 : ittapi_config_apply_per_lib :  ITTAPI function NOT instrumented (not matched by --itt-config option): __itt_model_task_beginA

2752606 : 0xa97a295635808 : 2 : ittapi_config_apply_per_lib :  ITTAPI function NOT instrumented (not matched by --itt-config option): __itt_model_task_beginAL

2752606 : 0xa97a295635b80 : 2 : ittapi_config_apply_per_lib :  ITTAPI function NOT instrumented (not matched by --itt-config option): __itt_model_iteration_taskA

2752606 : 0xa97a295635efe : 2 : ittapi_config_apply_per_lib :  ITTAPI function NOT instrumented (not matched by --itt-config option): __itt_model_iteration_taskAL

2752606 : 0xa97a295636259 : 2 : ittapi_config_apply_per_lib :  ITTAPI function NOT instrumented (not matched by --itt-config option): __itt_model_site_end_2

2752606 : 0xa97a29563729a : 2 : ittapi_config_apply_per_lib :  ITTAPI function NOT instrumented (not matched by --itt-config option): __itt_model_task_end_2

2752606 : 0xa97a29563761a : 2 : ittapi_config_apply_per_lib :  ITTAPI function NOT instrumented (not matched by --itt-config option): __itt_model_lock_acquire_2

2752606 : 0xa97a2956379f1 : 2 : ittapi_config_apply_per_lib :  ITTAPI function NOT instrumented (not matched by --itt-config option): __itt_model_lock_release_2

2752606 : 0xa97a295637d97 : 2 : ittapi_config_apply_per_lib :  ITTAPI function NOT instrumented (not matched by --itt-config option): __itt_model_aggregate_task

2752606 : 0xa97a29563812d : 2 : ittapi_config_apply_per_lib :  ITTAPI function NOT instrumented (not matched by --itt-config option): __itt_model_disable_push

2752606 : 0xa97a295638492 : 2 : ittapi_config_apply_per_lib :  ITTAPI function NOT instrumented (not matched by --itt-config option): __itt_model_disable_pop

2752606 : 0xa97a295638c4c : 2 : ittapi_config_apply_per_lib :  ITTAPI function instrumented: __itt_heap_function_create
2752606 : 0xa97a295639341 : 2 : ittapi_config_apply_per_lib :  ITTAPI function instrumented: __itt_heap_allocate_begin
2752606 : 0xa97a2956399e0 : 2 : ittapi_config_apply_per_lib :  ITTAPI function instrumented: __itt_heap_allocate_end
2752606 : 0xa97a29563a149 : 2 : ittapi_config_apply_per_lib :  ITTAPI function instrumented: __itt_heap_free_begin
2752606 : 0xa97a29563bd30 : 2 : ittapi_config_apply_per_lib :  ITTAPI function instrumented: __itt_heap_free_end
2752606 : 0xa97a29563c41b : 2 : ittapi_config_apply_per_lib :  ITTAPI function instrumented: __itt_heap_reallocate_begin
2752606 : 0xa97a29563cad0 : 2 : ittapi_config_apply_per_lib :  ITTAPI function instrumented: __itt_heap_reallocate_end
2752606 : 0xa97a29563d2dd : 2 : ittapi_config_apply_per_lib :  ITTAPI function not implemented: __itt_heap_internal_access_begin
2752606 : 0xa97a29563da4f : 2 : ittapi_config_apply_per_lib :  ITTAPI function not implemented: __itt_heap_internal_access_end
2752606 : 0xa97a29563e1fa : 2 : ittapi_config_apply_per_lib :  ITTAPI function not implemented: __itt_heap_record_memory_growth_begin
2752606 : 0xa97a29563e9a8 : 2 : ittapi_config_apply_per_lib :  ITTAPI function not implemented: __itt_heap_record_memory_growth_end
2752606 : 0xa97a29563f1a3 : 2 : ittapi_config_apply_per_lib :  ITTAPI function not implemented: __itt_heap_reset_detection
2752606 : 0xa97a29563f986 : 2 : ittapi_config_apply_per_lib :  ITTAPI function not implemented: __itt_heap_record
2752606 : 0xa97a295640122 : 2 : ittapi_config_apply_per_lib :  ITTAPI function not implemented: __itt_id_create
2752606 : 0xa97a2956415f8 : 2 : ittapi_config_apply_per_lib :  ITTAPI function not implemented: __itt_id_destroy
2752606 : 0xa97a295641d55 : 2 : ittapi_config_apply_per_lib :  ITTAPI function instrumented: __itt_get_timestamp
2752606 : 0xa97a29564248f : 2 : ittapi_config_apply_per_lib :  ITTAPI function not implemented: __itt_region_begin
2752606 : 0xa97a295642c4e : 2 : ittapi_config_apply_per_lib :  ITTAPI function not implemented: __itt_region_end
2752606 : 0xa97a295643361 : 2 : ittapi_config_apply_per_lib :  ITTAPI function instrumented: __itt_frame_begin_v3
2752606 : 0xa97a295643b31 : 2 : ittapi_config_apply_per_lib :  ITTAPI function instrumented: __itt_frame_end_v3
2752606 : 0xa97a295644225 : 2 : ittapi_config_apply_per_lib :  ITTAPI function instrumented: __itt_frame_submit_v3
2752606 : 0xa97a2956449ff : 2 : ittapi_config_apply_per_lib :  ITTAPI function not implemented: __itt_task_group
2752606 : 0xa97a295645129 : 2 : ittapi_config_apply_per_lib :  ITTAPI function instrumented: __itt_task_begin
2752606 : 0xa97a2956457f9 : 2 : ittapi_config_apply_per_lib :  ITTAPI function instrumented: __itt_task_begin_fn
2752606 : 0xa97a295646bb2 : 2 : ittapi_config_apply_per_lib :  ITTAPI function instrumented: __itt_task_end
2752606 : 0xa97a2956473c5 : 2 : ittapi_config_apply_per_lib :  ITTAPI function not implemented: __itt_counter_inc_v3
2752606 : 0xa97a295647b71 : 2 : ittapi_config_apply_per_lib :  ITTAPI function not implemented: __itt_counter_inc_delta_v3
2752606 : 0xa97a2956482f6 : 2 : ittapi_config_apply_per_lib :  ITTAPI function not implemented: __itt_counter_dec_v3
2752606 : 0xa97a295648a4b : 2 : ittapi_config_apply_per_lib :  ITTAPI function not implemented: __itt_counter_dec_delta_v3
2752606 : 0xa97a2956491c0 : 2 : ittapi_config_apply_per_lib :  ITTAPI function not implemented: __itt_marker
2752606 : 0xa97a29564987f : 2 : ittapi_config_apply_per_lib :  ITTAPI function instrumented: __itt_metadata_add
2752606 : 0xa97a29564a004 : 2 : ittapi_config_apply_per_lib :  ITTAPI function not implemented: __itt_metadata_str_add
2752606 : 0xa97a29564a75e : 2 : ittapi_config_apply_per_lib :  ITTAPI function not implemented: __itt_relation_add_to_current
2752606 : 0xa97a29564ae96 : 2 : ittapi_config_apply_per_lib :  ITTAPI function not implemented: __itt_relation_add
2752606 : 0xa97a29564c1a0 : 2 : ittapi_config_apply_per_lib :  ITTAPI function instrumented: __itt_event_create
2752606 : 0xa97a29564c920 : 2 : ittapi_config_apply_per_lib :  ITTAPI function instrumented: __itt_event_start
2752606 : 0xa97a29564d004 : 2 : ittapi_config_apply_per_lib :  ITTAPI function instrumented: __itt_event_end
2752606 : 0xa97a29564d3ae : 2 : ittapi_config_apply_per_lib :  ITTAPI function NOT instrumented (not matched by --itt-config option): __itt_sync_set_name

2752606 : 0xa97a29564d8b3 : 2 : ittapi_config_apply_per_lib :  ITTAPI function NOT instrumented (not matched by --itt-config option): __itt_notify_sync_name

2752606 : 0xa97a29564dc77 : 2 : ittapi_config_apply_per_lib :  ITTAPI function NOT instrumented (not matched by --itt-config option): __itt_notify_sync_prepare

2752606 : 0xa97a29564e020 : 2 : ittapi_config_apply_per_lib :  ITTAPI function NOT instrumented (not matched by --itt-config option): __itt_notify_sync_cancel

2752606 : 0xa97a29564e3a8 : 2 : ittapi_config_apply_per_lib :  ITTAPI function NOT instrumented (not matched by --itt-config option): __itt_notify_sync_acquired

2752606 : 0xa97a29564e737 : 2 : ittapi_config_apply_per_lib :  ITTAPI function NOT instrumented (not matched by --itt-config option): __itt_notify_sync_releasing

2752606 : 0xa97a29564eee7 : 2 : ittapi_config_apply_per_lib :  ITTAPI function not implemented: __itt_memory_read
2752606 : 0xa97a295650a8a : 2 : ittapi_config_apply_per_lib :  ITTAPI function not implemented: __itt_memory_write
2752606 : 0xa97a2956511e4 : 2 : ittapi_config_apply_per_lib :  ITTAPI function not implemented: __itt_memory_update
2752606 : 0xa97a295651972 : 2 : ittapi_config_apply_per_lib :  ITTAPI function not implemented: __itt_state_get
2752606 : 0xa97a29565207f : 2 : ittapi_config_apply_per_lib :  ITTAPI function not implemented: __itt_state_set
2752606 : 0xa97a29565283e : 2 : ittapi_config_apply_per_lib :  ITTAPI function not implemented: __itt_obj_mode_set
2752606 : 0xa97a295652f7c : 2 : ittapi_config_apply_per_lib :  ITTAPI function not implemented: __itt_thr_mode_set
2752606 : 0xa97a295653605 : 2 : ittapi_config_apply_per_lib :  ITTAPI function instrumented: __itt_frame_create
2752606 : 0xa97a295653c7a : 2 : ittapi_config_apply_per_lib :  ITTAPI function instrumented: __itt_pt_region_create
2752606 : 0xa97a295654311 : 2 : ittapi_config_apply_per_lib :  ITTAPI function instrumented: __itt_frame_begin
2752606 : 0xa97a2956549ef : 2 : ittapi_config_apply_per_lib :  ITTAPI function instrumented: __itt_frame_end
2752606 : 0xa97a295655e98 : 2 : ittapi_config_apply_per_lib :  ITTAPI function not implemented: __itt_counter_destroy
2752606 : 0xa97a2956565c2 : 2 : ittapi_config_apply_per_lib :  ITTAPI function instrumented: __itt_counter_inc
2752606 : 0xa97a295656cad : 2 : ittapi_config_apply_per_lib :  ITTAPI function instrumented: __itt_counter_inc_delta
2752606 : 0xa97a295657311 : 2 : ittapi_config_apply_per_lib :  ITTAPI function instrumented: __itt_counter_dec
2752606 : 0xa97a2956579f5 : 2 : ittapi_config_apply_per_lib :  ITTAPI function instrumented: __itt_counter_dec_delta
2752606 : 0xa97a295658094 : 2 : ittapi_config_apply_per_lib :  ITTAPI function instrumented: __itt_counter_set_value
2752606 : 0xa97a2956587f8 : 2 : ittapi_config_apply_per_lib :  ITTAPI function not implemented: __itt_counter_set_value_ex
2752606 : 0xa97a295658f17 : 2 : ittapi_config_apply_per_lib :  ITTAPI function not implemented: __itt_mark_create
2752606 : 0xa97a29565968e : 2 : ittapi_config_apply_per_lib :  ITTAPI function not implemented: __itt_mark
2752606 : 0xa97a295659ded : 2 : ittapi_config_apply_per_lib :  ITTAPI function not implemented: __itt_mark_off
2752606 : 0xa97a29565b1c3 : 2 : ittapi_config_apply_per_lib :  ITTAPI function not implemented: __itt_mark_global
2752606 : 0xa97a29565b92b : 2 : ittapi_config_apply_per_lib :  ITTAPI function not implemented: __itt_mark_global_off
2752606 : 0xa97a29565c0f8 : 2 : ittapi_config_apply_per_lib :  ITTAPI function instrumented: __itt_stack_caller_create
2752606 : 0xa97a29565c82c : 2 : ittapi_config_apply_per_lib :  ITTAPI function instrumented: __itt_stack_caller_destroy
2752606 : 0xa97a29565cf2c : 2 : ittapi_config_apply_per_lib :  ITTAPI function instrumented: __itt_stack_callee_enter
2752606 : 0xa97a29565d5a6 : 2 : ittapi_config_apply_per_lib :  ITTAPI function instrumented: __itt_stack_callee_leave
2752606 : 0xa97a29565dd07 : 2 : ittapi_config_apply_per_lib :  ITTAPI function not implemented: __itt_clock_domain_create
2752606 : 0xa97a29565e490 : 2 : ittapi_config_apply_per_lib :  ITTAPI function not implemented: __itt_clock_domain_reset
2752606 : 0xa97a29565ebf3 : 2 : ittapi_config_apply_per_lib :  ITTAPI function not implemented: __itt_id_create_ex
2752606 : 0xa97a29565f37c : 2 : ittapi_config_apply_per_lib :  ITTAPI function not implemented: __itt_id_destroy_ex
2752606 : 0xa97a29566127e : 2 : ittapi_config_apply_per_lib :  ITTAPI function not implemented: __itt_task_begin_ex
2752606 : 0xa97a2956619ec : 2 : ittapi_config_apply_per_lib :  ITTAPI function not implemented: __itt_task_begin_fn_ex
2752606 : 0xa97a295662127 : 2 : ittapi_config_apply_per_lib :  ITTAPI function not implemented: __itt_task_end_ex
2752606 : 0xa97a295662833 : 2 : ittapi_config_apply_per_lib :  ITTAPI function instrumented: __itt_task_begin_overlapped
2752606 : 0xa97a295662f83 : 2 : ittapi_config_apply_per_lib :  ITTAPI function not implemented: __itt_task_begin_overlapped_ex
2752606 : 0xa97a29566361a : 2 : ittapi_config_apply_per_lib :  ITTAPI function instrumented: __itt_task_end_overlapped
2752606 : 0xa97a295663d5e : 2 : ittapi_config_apply_per_lib :  ITTAPI function not implemented: __itt_task_end_overlapped_ex
2752606 : 0xa97a295664478 : 2 : ittapi_config_apply_per_lib :  ITTAPI function not implemented: __itt_marker_ex
2752606 : 0xa97a295664c9b : 2 : ittapi_config_apply_per_lib :  ITTAPI function not implemented: __itt_metadata_add_with_scope
2752606 : 0xa97a295665441 : 2 : ittapi_config_apply_per_lib :  ITTAPI function not implemented: __itt_metadata_str_add_with_scope
2752606 : 0xa97a295666896 : 2 : ittapi_config_apply_per_lib :  ITTAPI function not implemented: __itt_relation_add_to_current_ex
2752606 : 0xa97a295666fc3 : 2 : ittapi_config_apply_per_lib :  ITTAPI function not implemented: __itt_relation_add_ex
2752606 : 0xa97a2956677ac : 2 : ittapi_config_apply_per_lib :  ITTAPI function not implemented: __itt_track_group_create
2752606 : 0xa97a295667e78 : 2 : ittapi_config_apply_per_lib :  ITTAPI function not implemented: __itt_track_create
2752606 : 0xa97a29566858e : 2 : ittapi_config_apply_per_lib :  ITTAPI function not implemented: __itt_set_track
2752606 : 0xa97a295668c74 : 2 : ittapi_config_apply_per_lib :  ITTAPI function instrumented: __itt_api_version
2752606 : 0xa97a2956693d1 : 2 : ittapi_config_apply_per_lib :  ITTAPI function not implemented: __itt_av_save
2752606 : 0xa97a295669a9c : 2 : ittapi_config_apply_per_lib :  ITTAPI function instrumented: __itt_module_load
2752606 : 0xa97a29566a26a : 2 : ittapi_config_apply_per_lib :  ITTAPI function not implemented: __itt_module_unload
2752606 : 0xa97a2956b136d : 2 : ittapi_config_mask_get :  --itt-config mask to be applied: 55
2752606 : 0xa97a2956b32c4 : 2 : ittapi_config_apply_per_lib :  ITTAPI function instrumented: __itt_domain_create
2752606 : 0xa97a2956b3ac2 : 2 : ittapi_config_apply_per_lib :  ITTAPI function instrumented: __itt_module_load_with_sections
2752606 : 0xa97a2956b4372 : 2 : ittapi_config_apply_per_lib :  ITTAPI function not implemented: __itt_module_unload_with_sections
2752606 : 0xa97a2956b4a5c : 2 : ittapi_config_apply_per_lib :  ITTAPI function instrumented: __itt_string_handle_create
2752606 : 0xa97a2956b50f5 : 2 : ittapi_config_apply_per_lib :  ITTAPI function instrumented: __itt_counter_create
2752606 : 0xa97a2956b5760 : 2 : ittapi_config_apply_per_lib :  ITTAPI function instrumented: __itt_counter_create_typed
2752606 : 0xa97a2956b5e47 : 2 : ittapi_config_apply_per_lib :  ITTAPI function instrumented: __itt_pause
2752606 : 0xa97a2956b652a : 2 : ittapi_config_apply_per_lib :  ITTAPI function instrumented: __itt_resume
2752606 : 0xa97a2956b6b8a : 2 : ittapi_config_apply_per_lib :  ITTAPI function instrumented: __itt_thread_set_name
2752606 : 0xa97a2956b72d4 : 2 : ittapi_config_apply_per_lib :  ITTAPI function instrumented: __itt_thread_ignore
2752606 : 0xa97a2956b872c : 2 : ittapi_config_apply_per_lib :  ITTAPI function instrumented: __itt_thr_name_set
2752606 : 0xa97a2956b8e27 : 2 : ittapi_config_apply_per_lib :  ITTAPI function instrumented: __itt_thr_ignore
2752606 : 0xa97a2956b966a : 2 : ittapi_config_apply_per_lib :  ITTAPI function not implemented: __itt_enable_attach
2752606 : 0xa97a2956b9d4d : 2 : ittapi_config_apply_per_lib :  ITTAPI function instrumented: __itt_detach
2752606 : 0xa97a2956ba100 : 2 : ittapi_config_apply_per_lib :  ITTAPI function NOT instrumented (not matched by --itt-config option): __itt_sync_create

2752606 : 0xa97a2956ba503 : 2 : ittapi_config_apply_per_lib :  ITTAPI function NOT instrumented (not matched by --itt-config option): __itt_sync_rename

2752606 : 0xa97a2956ba8d1 : 2 : ittapi_config_apply_per_lib :  ITTAPI function NOT instrumented (not matched by --itt-config option): __itt_sync_destroy

2752606 : 0xa97a2956bacb0 : 2 : ittapi_config_apply_per_lib :  ITTAPI function NOT instrumented (not matched by --itt-config option): __itt_sync_prepare

2752606 : 0xa97a2956bb068 : 2 : ittapi_config_apply_per_lib :  ITTAPI function NOT instrumented (not matched by --itt-config option): __itt_sync_cancel

2752606 : 0xa97a2956bb3e2 : 2 : ittapi_config_apply_per_lib :  ITTAPI function NOT instrumented (not matched by --itt-config option): __itt_sync_acquired

2752606 : 0xa97a2956bcf6d : 2 : ittapi_config_apply_per_lib :  ITTAPI function NOT instrumented (not matched by --itt-config option): __itt_sync_releasing

2752606 : 0xa97a2956bd855 : 2 : ittapi_config_apply_per_lib :  ITTAPI function not implemented: __itt_suppress_push
2752606 : 0xa97a2956be093 : 2 : ittapi_config_apply_per_lib :  ITTAPI function not implemented: __itt_suppress_pop
2752606 : 0xa97a2956be82e : 2 : ittapi_config_apply_per_lib :  ITTAPI function not implemented: __itt_suppress_mark_range
2752606 : 0xa97a2956befda : 2 : ittapi_config_apply_per_lib :  ITTAPI function not implemented: __itt_suppress_clear_range
2752606 : 0xa97a2956bf376 : 2 : ittapi_config_apply_per_lib :  ITTAPI function NOT instrumented (not matched by --itt-config option): __itt_sync_prepare

2752606 : 0xa97a2956bf71a : 2 : ittapi_config_apply_per_lib :  ITTAPI function NOT instrumented (not matched by --itt-config option): __itt_sync_cancel

2752606 : 0xa97a2956bfa85 : 2 : ittapi_config_apply_per_lib :  ITTAPI function NOT instrumented (not matched by --itt-config option): __itt_sync_acquired

2752606 : 0xa97a2956bfe00 : 2 : ittapi_config_apply_per_lib :  ITTAPI function NOT instrumented (not matched by --itt-config option): __itt_sync_releasing

2752606 : 0xa97a2956c0212 : 2 : ittapi_config_apply_per_lib :  ITTAPI function NOT instrumented (not matched by --itt-config option): __itt_model_site_begin

2752606 : 0xa97a2956c1378 : 2 : ittapi_config_apply_per_lib :  ITTAPI function NOT instrumented (not matched by --itt-config option): __itt_model_site_end

2752606 : 0xa97a2956c1730 : 2 : ittapi_config_apply_per_lib :  ITTAPI function NOT instrumented (not matched by --itt-config option): __itt_model_task_begin

2752606 : 0xa97a2956c1ad6 : 2 : ittapi_config_apply_per_lib :  ITTAPI function NOT instrumented (not matched by --itt-config option): __itt_model_task_end

2752606 : 0xa97a2956c1e63 : 2 : ittapi_config_apply_per_lib :  ITTAPI function NOT instrumented (not matched by --itt-config option): __itt_model_lock_acquire

2752606 : 0xa97a2956c2257 : 2 : ittapi_config_apply_per_lib :  ITTAPI function NOT instrumented (not matched by --itt-config option): __itt_model_lock_release

2752606 : 0xa97a2956c25df : 2 : ittapi_config_apply_per_lib :  ITTAPI function NOT instrumented (not matched by --itt-config option): __itt_model_record_allocation

2752606 : 0xa97a2956c2947 : 2 : ittapi_config_apply_per_lib :  ITTAPI function NOT instrumented (not matched by --itt-config option): __itt_model_record_deallocation

2752606 : 0xa97a2956c2ced : 2 : ittapi_config_apply_per_lib :  ITTAPI function NOT instrumented (not matched by --itt-config option): __itt_model_induction_uses

2752606 : 0xa97a2956c309d : 2 : ittapi_config_apply_per_lib :  ITTAPI function NOT instrumented (not matched by --itt-config option): __itt_model_reduction_uses

2752606 : 0xa97a2956c3439 : 2 : ittapi_config_apply_per_lib :  ITTAPI function NOT instrumented (not matched by --itt-config option): __itt_model_observe_uses

2752606 : 0xa97a2956c4c47 : 2 : ittapi_config_apply_per_lib :  ITTAPI function NOT instrumented (not matched by --itt-config option): __itt_model_clear_uses

2752606 : 0xa97a2956c502b : 2 : ittapi_config_apply_per_lib :  ITTAPI function NOT instrumented (not matched by --itt-config option): __itt_model_site_beginA

2752606 : 0xa97a2956c53c2 : 2 : ittapi_config_apply_per_lib :  ITTAPI function NOT instrumented (not matched by --itt-config option): __itt_model_site_beginAL

2752606 : 0xa97a2956c5749 : 2 : ittapi_config_apply_per_lib :  ITTAPI function NOT instrumented (not matched by --itt-config option): __itt_model_task_beginA

2752606 : 0xa97a2956c5ad3 : 2 : ittapi_config_apply_per_lib :  ITTAPI function NOT instrumented (not matched by --itt-config option): __itt_model_task_beginAL

2752606 : 0xa97a2956c5e87 : 2 : ittapi_config_apply_per_lib :  ITTAPI function NOT instrumented (not matched by --itt-config option): __itt_model_iteration_taskA

2752606 : 0xa97a2956c61f6 : 2 : ittapi_config_apply_per_lib :  ITTAPI function NOT instrumented (not matched by --itt-config option): __itt_model_iteration_taskAL

2752606 : 0xa97a2956c6548 : 2 : ittapi_config_apply_per_lib :  ITTAPI function NOT instrumented (not matched by --itt-config option): __itt_model_site_end_2

2752606 : 0xa97a2956c68cb : 2 : ittapi_config_apply_per_lib :  ITTAPI function NOT instrumented (not matched by --itt-config option): __itt_model_task_end_2

2752606 : 0xa97a2956c6c19 : 2 : ittapi_config_apply_per_lib :  ITTAPI function NOT instrumented (not matched by --itt-config option): __itt_model_lock_acquire_2

2752606 : 0xa97a2956c7bb2 : 2 : ittapi_config_apply_per_lib :  ITTAPI function NOT instrumented (not matched by --itt-config option): __itt_model_lock_release_2

2752606 : 0xa97a2956c7f6d : 2 : ittapi_config_apply_per_lib :  ITTAPI function NOT instrumented (not matched by --itt-config option): __itt_model_aggregate_task

2752606 : 0xa97a2956c82ed : 2 : ittapi_config_apply_per_lib :  ITTAPI function NOT instrumented (not matched by --itt-config option): __itt_model_disable_push

2752606 : 0xa97a2956c8697 : 2 : ittapi_config_apply_per_lib :  ITTAPI function NOT instrumented (not matched by --itt-config option): __itt_model_disable_pop

2752606 : 0xa97a2956c8e27 : 2 : ittapi_config_apply_per_lib :  ITTAPI function instrumented: __itt_heap_function_create
2752606 : 0xa97a2956c956a : 2 : ittapi_config_apply_per_lib :  ITTAPI function instrumented: __itt_heap_allocate_begin
2752606 : 0xa97a2956c9c16 : 2 : ittapi_config_apply_per_lib :  ITTAPI function instrumented: __itt_heap_allocate_end
2752606 : 0xa97a2956ca330 : 2 : ittapi_config_apply_per_lib :  ITTAPI function instrumented: __itt_heap_free_begin
2752606 : 0xa97a2956ca99f : 2 : ittapi_config_apply_per_lib :  ITTAPI function instrumented: __itt_heap_free_end
2752606 : 0xa97a2956cb04a : 2 : ittapi_config_apply_per_lib :  ITTAPI function instrumented: __itt_heap_reallocate_begin
2752606 : 0xa97a2956cc32d : 2 : ittapi_config_apply_per_lib :  ITTAPI function instrumented: __itt_heap_reallocate_end
2752606 : 0xa97a2956ccaf0 : 2 : ittapi_config_apply_per_lib :  ITTAPI function not implemented: __itt_heap_internal_access_begin
2752606 : 0xa97a2956cd265 : 2 : ittapi_config_apply_per_lib :  ITTAPI function not implemented: __itt_heap_internal_access_end
2752606 : 0xa97a2956cda15 : 2 : ittapi_config_apply_per_lib :  ITTAPI function not implemented: __itt_heap_record_memory_growth_begin
2752606 : 0xa97a2956ce1b6 : 2 : ittapi_config_apply_per_lib :  ITTAPI function not implemented: __itt_heap_record_memory_growth_end
2752606 : 0xa97a2956ce926 : 2 : ittapi_config_apply_per_lib :  ITTAPI function not implemented: __itt_heap_reset_detection
2752606 : 0xa97a2956cf0f9 : 2 : ittapi_config_apply_per_lib :  ITTAPI function not implemented: __itt_heap_record
2752606 : 0xa97a2956cf89f : 2 : ittapi_config_apply_per_lib :  ITTAPI function not implemented: __itt_id_create
2752606 : 0xa97a2956cffbb : 2 : ittapi_config_apply_per_lib :  ITTAPI function not implemented: __itt_id_destroy
2752606 : 0xa97a2956d06aa : 2 : ittapi_config_apply_per_lib :  ITTAPI function instrumented: __itt_get_timestamp
2752606 : 0xa97a2956d2248 : 2 : ittapi_config_apply_per_lib :  ITTAPI function not implemented: __itt_region_begin
2752606 : 0xa97a2956d2a64 : 2 : ittapi_config_apply_per_lib :  ITTAPI function not implemented: __itt_region_end
2752606 : 0xa97a2956d3184 : 2 : ittapi_config_apply_per_lib :  ITTAPI function instrumented: __itt_frame_begin_v3
2752606 : 0xa97a2956d38b4 : 2 : ittapi_config_apply_per_lib :  ITTAPI function instrumented: __itt_frame_end_v3
2752606 : 0xa97a2956d3f6d : 2 : ittapi_config_apply_per_lib :  ITTAPI function instrumented: __itt_frame_submit_v3
2752606 : 0xa97a2956d4715 : 2 : ittapi_config_apply_per_lib :  ITTAPI function not implemented: __itt_task_group
2752606 : 0xa97a2956d4e36 : 2 : ittapi_config_apply_per_lib :  ITTAPI function instrumented: __itt_task_begin
2752606 : 0xa97a2956d5504 : 2 : ittapi_config_apply_per_lib :  ITTAPI function instrumented: __itt_task_begin_fn
2752606 : 0xa97a2956d5b90 : 2 : ittapi_config_apply_per_lib :  ITTAPI function instrumented: __itt_task_end
2752606 : 0xa97a2956d636d : 2 : ittapi_config_apply_per_lib :  ITTAPI function not implemented: __itt_counter_inc_v3
2752606 : 0xa97a2956d7817 : 2 : ittapi_config_apply_per_lib :  ITTAPI function not implemented: __itt_counter_inc_delta_v3
2752606 : 0xa97a2956d7fac : 2 : ittapi_config_apply_per_lib :  ITTAPI function not implemented: __itt_counter_dec_v3
2752606 : 0xa97a2956d8787 : 2 : ittapi_config_apply_per_lib :  ITTAPI function not implemented: __itt_counter_dec_delta_v3
2752606 : 0xa97a2956d8f1d : 2 : ittapi_config_apply_per_lib :  ITTAPI function not implemented: __itt_marker
2752606 : 0xa97a2956d962d : 2 : ittapi_config_apply_per_lib :  ITTAPI function instrumented: __itt_metadata_add
2752606 : 0xa97a2956d9dd4 : 2 : ittapi_config_apply_per_lib :  ITTAPI function not implemented: __itt_metadata_str_add
2752606 : 0xa97a2956da4fb : 2 : ittapi_config_apply_per_lib :  ITTAPI function not implemented: __itt_relation_add_to_current
2752606 : 0xa97a2956dac55 : 2 : ittapi_config_apply_per_lib :  ITTAPI function not implemented: __itt_relation_add
2752606 : 0xa97a2956db2e2 : 2 : ittapi_config_apply_per_lib :  ITTAPI function instrumented: __itt_event_create
2752606 : 0xa97a2956db9a5 : 2 : ittapi_config_apply_per_lib :  ITTAPI function instrumented: __itt_event_start
2752606 : 0xa97a2956dcd19 : 2 : ittapi_config_apply_per_lib :  ITTAPI function instrumented: __itt_event_end
2752606 : 0xa97a2956dd0d9 : 2 : ittapi_config_apply_per_lib :  ITTAPI function NOT instrumented (not matched by --itt-config option): __itt_sync_set_name

2752606 : 0xa97a2956dd4aa : 2 : ittapi_config_apply_per_lib :  ITTAPI function NOT instrumented (not matched by --itt-config option): __itt_notify_sync_name

2752606 : 0xa97a2956dd855 : 2 : ittapi_config_apply_per_lib :  ITTAPI function NOT instrumented (not matched by --itt-config option): __itt_notify_sync_prepare

2752606 : 0xa97a2956ddc07 : 2 : ittapi_config_apply_per_lib :  ITTAPI function NOT instrumented (not matched by --itt-config option): __itt_notify_sync_cancel

2752606 : 0xa97a2956ddfca : 2 : ittapi_config_apply_per_lib :  ITTAPI function NOT instrumented (not matched by --itt-config option): __itt_notify_sync_acquired

2752606 : 0xa97a2956de388 : 2 : ittapi_config_apply_per_lib :  ITTAPI function NOT instrumented (not matched by --itt-config option): __itt_notify_sync_releasing

2752606 : 0xa97a2956deb1e : 2 : ittapi_config_apply_per_lib :  ITTAPI function not implemented: __itt_memory_read
2752606 : 0xa97a2956df2fa : 2 : ittapi_config_apply_per_lib :  ITTAPI function not implemented: __itt_memory_write
2752606 : 0xa97a2956dfa35 : 2 : ittapi_config_apply_per_lib :  ITTAPI function not implemented: __itt_memory_update
2752606 : 0xa97a2956e0e68 : 2 : ittapi_config_apply_per_lib :  ITTAPI function not implemented: __itt_state_get
2752606 : 0xa97a2956e1652 : 2 : ittapi_config_apply_per_lib :  ITTAPI function not implemented: __itt_state_set
2752606 : 0xa97a2956e1df8 : 2 : ittapi_config_apply_per_lib :  ITTAPI function not implemented: __itt_obj_mode_set
2752606 : 0xa97a2956e2564 : 2 : ittapi_config_apply_per_lib :  ITTAPI function not implemented: __itt_thr_mode_set
2752606 : 0xa97a2956e2c0c : 2 : ittapi_config_apply_per_lib :  ITTAPI function instrumented: __itt_frame_create
2752606 : 0xa97a2956e3282 : 2 : ittapi_config_apply_per_lib :  ITTAPI function instrumented: __itt_pt_region_create
2752606 : 0xa97a2956e3931 : 2 : ittapi_config_apply_per_lib :  ITTAPI function instrumented: __itt_frame_begin
2752606 : 0xa97a2956e3fde : 2 : ittapi_config_apply_per_lib :  ITTAPI function instrumented: __itt_frame_end
2752606 : 0xa97a2956e4764 : 2 : ittapi_config_apply_per_lib :  ITTAPI function not implemented: __itt_counter_destroy
2752606 : 0xa97a2956e4e22 : 2 : ittapi_config_apply_per_lib :  ITTAPI function instrumented: __itt_counter_inc
2752606 : 0xa97a2956e6871 : 2 : ittapi_config_apply_per_lib :  ITTAPI function instrumented: __itt_counter_inc_delta
2752606 : 0xa97a2956e6efe : 2 : ittapi_config_apply_per_lib :  ITTAPI function instrumented: __itt_counter_dec
2752606 : 0xa97a2956e75a6 : 2 : ittapi_config_apply_per_lib :  ITTAPI function instrumented: __itt_counter_dec_delta
2752606 : 0xa97a2956e7c2e : 2 : ittapi_config_apply_per_lib :  ITTAPI function instrumented: __itt_counter_set_value
2752606 : 0xa97a2956e836e : 2 : ittapi_config_apply_per_lib :  ITTAPI function not implemented: __itt_counter_set_value_ex
2752606 : 0xa97a2956e8a90 : 2 : ittapi_config_apply_per_lib :  ITTAPI function not implemented: __itt_mark_create
2752606 : 0xa97a2956e9238 : 2 : ittapi_config_apply_per_lib :  ITTAPI function not implemented: __itt_mark
2752606 : 0xa97a2956e99a4 : 2 : ittapi_config_apply_per_lib :  ITTAPI function not implemented: __itt_mark_off
2752606 : 0xa97a2956ea0ce : 2 : ittapi_config_apply_per_lib :  ITTAPI function not implemented: __itt_mark_global
2752606 : 0xa97a2956ea831 : 2 : ittapi_config_apply_per_lib :  ITTAPI function not implemented: __itt_mark_global_off
2752606 : 0xa97a2956ebc87 : 2 : ittapi_config_apply_per_lib :  ITTAPI function instrumented: __itt_stack_caller_create
2752606 : 0xa97a2956ec3bd : 2 : ittapi_config_apply_per_lib :  ITTAPI function instrumented: __itt_stack_caller_destroy
2752606 : 0xa97a2956eca90 : 2 : ittapi_config_apply_per_lib :  ITTAPI function instrumented: __itt_stack_callee_enter
2752606 : 0xa97a2956ed0da : 2 : ittapi_config_apply_per_lib :  ITTAPI function instrumented: __itt_stack_callee_leave
2752606 : 0xa97a2956ed83b : 2 : ittapi_config_apply_per_lib :  ITTAPI function not implemented: __itt_clock_domain_create
2752606 : 0xa97a2956edfb9 : 2 : ittapi_config_apply_per_lib :  ITTAPI function not implemented: __itt_clock_domain_reset
2752606 : 0xa97a2956ee6fe : 2 : ittapi_config_apply_per_lib :  ITTAPI function not implemented: __itt_id_create_ex
2752606 : 0xa97a2956eee6d : 2 : ittapi_config_apply_per_lib :  ITTAPI function not implemented: __itt_id_destroy_ex
2752606 : 0xa97a2956ef5cf : 2 : ittapi_config_apply_per_lib :  ITTAPI function not implemented: __itt_task_begin_ex
2752606 : 0xa97a2956efd07 : 2 : ittapi_config_apply_per_lib :  ITTAPI function not implemented: __itt_task_begin_fn_ex
2752606 : 0xa97a2956f10ed : 2 : ittapi_config_apply_per_lib :  ITTAPI function not implemented: __itt_task_end_ex
2752606 : 0xa97a2956f1801 : 2 : ittapi_config_apply_per_lib :  ITTAPI function instrumented: __itt_task_begin_overlapped
2752606 : 0xa97a2956f1f4e : 2 : ittapi_config_apply_per_lib :  ITTAPI function not implemented: __itt_task_begin_overlapped_ex
2752606 : 0xa97a2956f25f0 : 2 : ittapi_config_apply_per_lib :  ITTAPI function instrumented: __itt_task_end_overlapped
2752606 : 0xa97a2956f2d53 : 2 : ittapi_config_apply_per_lib :  ITTAPI function not implemented: __itt_task_end_overlapped_ex
2752606 : 0xa97a2956f347d : 2 : ittapi_config_apply_per_lib :  ITTAPI function not implemented: __itt_marker_ex
2752606 : 0xa97a2956f3c06 : 2 : ittapi_config_apply_per_lib :  ITTAPI function not implemented: __itt_metadata_add_with_scope
2752606 : 0xa97a2956f43ed : 2 : ittapi_config_apply_per_lib :  ITTAPI function not implemented: __itt_metadata_str_add_with_scope
2752606 : 0xa97a2956f4b2c : 2 : ittapi_config_apply_per_lib :  ITTAPI function not implemented: __itt_relation_add_to_current_ex
2752606 : 0xa97a2956f5269 : 2 : ittapi_config_apply_per_lib :  ITTAPI function not implemented: __itt_relation_add_ex
2752606 : 0xa97a2956f711e : 2 : ittapi_config_apply_per_lib :  ITTAPI function not implemented: __itt_track_group_create
2752606 : 0xa97a2956f784a : 2 : ittapi_config_apply_per_lib :  ITTAPI function not implemented: __itt_track_create
2752606 : 0xa97a2956f7f97 : 2 : ittapi_config_apply_per_lib :  ITTAPI function not implemented: __itt_set_track
2752606 : 0xa97a2956f8658 : 2 : ittapi_config_apply_per_lib :  ITTAPI function instrumented: __itt_api_version
2752606 : 0xa97a2956f8da0 : 2 : ittapi_config_apply_per_lib :  ITTAPI function not implemented: __itt_av_save
2752606 : 0xa97a2956f9488 : 2 : ittapi_config_apply_per_lib :  ITTAPI function instrumented: __itt_module_load
2752606 : 0xa97a2956f9be4 : 2 : ittapi_config_apply_per_lib :  ITTAPI function not implemented: __itt_module_unload