
1624677 : 0xa61d0a27ffaa5 : 1 : spill_jit_data :  Jit agent is not initialized
1624661 : 0xa61d0a28026a9 : 2 : ittapi_config_mask_get :  --itt-config mask to be applied: 55
1624661 : 0xa61d0a28044c6 : 2 : ittapi_config_apply_per_lib :  ITTAPI function instrumented: __itt_domain_create
1624661 : 0xa61d0a2804ee3 : 2 : ittapi_config_apply_per_lib :  ITTAPI function instrumented: __itt_module_load_with_sections
1624661 : 0xa61d0a2805ba4 : 2 : ittapi_config_apply_per_lib :  ITTAPI function not implemented: __itt_module_unload_with_sections
1624661 : 0xa61d0a28064a6 : 2 : ittapi_config_apply_per_lib :  ITTAPI function instrumented: __itt_string_handle_create
1624661 : 0xa61d0a2806c11 : 2 : ittapi_config_apply_per_lib :  ITTAPI function instrumented: __itt_counter_create
1624661 : 0xa61d0a280733e : 2 : ittapi_config_apply_per_lib :  ITTAPI function instrumented: __itt_counter_create_typed
1624661 : 0xa61d0a2807c55 : 2 : ittapi_config_apply_per_lib :  ITTAPI function instrumented: __itt_pause
1624661 : 0xa61d0a28083c5 : 2 : ittapi_config_apply_per_lib :  ITTAPI function instrumented: __itt_resume
1624661 : 0xa61d0a280df13 : 2 : ittapi_config_apply_per_lib :  ITTAPI function instrumented: __itt_thread_set_name
1624661 : 0xa61d0a280e792 : 2 : ittapi_config_apply_per_lib :  ITTAPI function instrumented: __itt_thread_ignore
1624661 : 0xa61d0a280eef4 : 2 : ittapi_config_apply_per_lib :  ITTAPI function instrumented: __itt_thr_name_set
1624661 : 0xa61d0a280f64e : 2 : ittapi_config_apply_per_lib :  ITTAPI function instrumented: __itt_thr_ignore
1624661 : 0xa61d0a281014f : 2 : ittapi_config_apply_per_lib :  ITTAPI function not implemented: __itt_enable_attach
1624661 : 0xa61d0a281095e : 2 : ittapi_config_apply_per_lib :  ITTAPI function instrumented: __itt_detach
1624661 : 0xa61d0a2810d9d : 2 : ittapi_config_apply_per_lib :  ITTAPI function NOT instrumented (not matched by --itt-config option): __itt_sync_create

1624661 : 0xa61d0a28112ad : 2 : ittapi_config_apply_per_lib :  ITTAPI function NOT instrumented (not matched by --itt-config option): __itt_sync_rename

1624661 : 0xa61d0a28116c1 : 2 : ittapi_config_apply_per_lib :  ITTAPI function NOT instrumented (not matched by --itt-config option): __itt_sync_destroy

1624661 : 0xa61d0a2811ad2 : 2 : ittapi_config_apply_per_lib :  ITTAPI function NOT instrumented (not matched by --itt-config option): __itt_sync_prepare

1624661 : 0xa61d0a2812fa1 : 2 : ittapi_config_apply_per_lib :  ITTAPI function NOT instrumented (not matched by --itt-config option): __itt_sync_cancel

1624661 : 0xa61d0a28133dd : 2 : ittapi_config_apply_per_lib :  ITTAPI function NOT instrumented (not matched by --itt-config option): __itt_sync_acquired

1624661 : 0xa61d0a2813773 : 2 : ittapi_config_apply_per_lib :  ITTAPI function NOT instrumented (not matched by --itt-config option): __itt_sync_releasing

1624661 : 0xa61d0a2814070 : 2 : ittapi_config_apply_per_lib :  ITTAPI function not implemented: __itt_suppress_push
1624661 : 0xa61d0a2814980 : 2 : ittapi_config_apply_per_lib :  ITTAPI function not implemented: __itt_suppress_pop
1624661 : 0xa61d0a281519c : 2 : ittapi_config_apply_per_lib :  ITTAPI function not implemented: __itt_suppress_mark_range
1624661 : 0xa61d0a28159ae : 2 : ittapi_config_apply_per_lib :  ITTAPI function not implemented: __itt_suppress_clear_range
1624661 : 0xa61d0a2815da2 : 2 : ittapi_config_apply_per_lib :  ITTAPI function NOT instrumented (not matched by --itt-config option): __itt_sync_prepare

1624661 : 0xa61d0a28161aa : 2 : ittapi_config_apply_per_lib :  ITTAPI function NOT instrumented (not matched by --itt-config option): __itt_sync_cancel

1624661 : 0xa61d0a2816534 : 2 : ittapi_config_apply_per_lib :  ITTAPI function NOT instrumented (not matched by --itt-config option): __itt_sync_acquired

1624661 : 0xa61d0a28175d7 : 2 : ittapi_config_apply_per_lib :  ITTAPI function NOT instrumented (not matched by --itt-config option): __itt_sync_releasing

1624661 : 0xa61d0a28179f9 : 2 : ittapi_config_apply_per_lib :  ITTAPI function NOT instrumented (not matched by --itt-config option): __itt_model_site_begin

1624661 : 0xa61d0a2817dbb : 2 : ittapi_config_apply_per_lib :  ITTAPI function NOT instrumented (not matched by --itt-config option): __itt_model_site_end

1624661 : 0xa61d0a2818174 : 2 : ittapi_config_apply_per_lib :  ITTAPI function NOT instrumented (not matched by --itt-config option): __itt_model_task_begin

1624661 : 0xa61d0a281852e : 2 : ittapi_config_apply_per_lib :  ITTAPI function NOT instrumented (not matched by --itt-config option): __itt_model_task_end

1624661 : 0xa61d0a28188c0 : 2 : ittapi_config_apply_per_lib :  ITTAPI function NOT instrumented (not matched by --itt-config option): __itt_model_lock_acquire

1624661 : 0xa61d0a2818cf6 : 2 : ittapi_config_apply_per_lib :  ITTAPI function NOT instrumented (not matched by --itt-config option): __itt_model_lock_release

1624661 : 0xa61d0a28190a3 : 2 : ittapi_config_apply_per_lib :  ITTAPI function NOT instrumented (not matched by --itt-config option): __itt_model_record_allocation

1624661 : 0xa61d0a2819421 : 2 : ittapi_config_apply_per_lib :  ITTAPI function NOT instrumented (not matched by --itt-config option): __itt_model_record_deallocation

1624661 : 0xa61d0a281978f : 2 : ittapi_config_apply_per_lib :  ITTAPI function NOT instrumented (not matched by --itt-config option): __itt_model_induction_uses

1624661 : 0xa61d0a281b5df : 2 : ittapi_config_apply_per_lib :  ITTAPI function NOT instrumented (not matched by --itt-config option): __itt_model_reduction_uses

1624661 : 0xa61d0a281b9df : 2 : ittapi_config_apply_per_lib :  ITTAPI function NOT instrumented (not matched by --itt-config option): __itt_model_observe_uses

1624661 : 0xa61d0a281bdb7 : 2 : ittapi_config_apply_per_lib :  ITTAPI function NOT instrumented (not matched by --itt-config option): __itt_model_clear_uses

1624661 : 0xa61d0a281c17b : 2 : ittapi_config_apply_per_lib :  ITTAPI function NOT instrumented (not matched by --itt-config option): __itt_model_site_beginA

1624661 : 0xa61d0a281c557 : 2 : ittapi_config_apply_per_lib :  ITTAPI function NOT instrumented (not matched by --itt-config option): __itt_model_site_beginAL

1624661 : 0xa61d0a281c8fe : 2 : ittapi_config_apply_per_lib :  ITTAPI function NOT instrumented (not matched by --itt-config option): __itt_model_task_beginA

1624661 : 0xa61d0a281cc9e : 2 : ittapi_config_apply_per_lib :  ITTAPI function NOT instrumented (not matched by --itt-config option): __itt_model_task_beginAL

1624661 : 0xa61d0a281d02b : 2 : ittapi_config_apply_per_lib :  ITTAPI function NOT instrumented (not matched by --itt-config option): __itt_model_iteration_taskA

1624661 : 0xa61d0a281d3af : 2 : ittapi_config_apply_per_lib :  ITTAPI function NOT instrumented (not matched by --itt-config option): __itt_model_iteration_taskAL

1624661 : 0xa61d0a281d726 : 2 : ittapi_config_apply_per_lib :  ITTAPI function NOT instrumented (not matched by --itt-config option): __itt_model_site_end_2

1624661 : 0xa61d0a281e71f : 2 : ittapi_config_apply_per_lib :  ITTAPI function NOT instrumented (not matched by --itt-config option): __itt_model_task_end_2

1624661 : 0xa61d0a281eab9 : 2 : ittapi_config_apply_per_lib :  ITTAPI function NOT instrumented (not matched by --itt-config option): __itt_model_lock_acquire_2

1624661 : 0xa61d0a281ee97 : 2 : ittapi_config_apply_per_lib :  ITTAPI function NOT instrumented (not matched by --itt-config option): __itt_model_lock_release_2

1624661 : 0xa61d0a281f232 : 2 : ittapi_config_apply_per_lib :  ITTAPI function NOT instrumented (not matched by --itt-config option): __itt_model_aggregate_task

1624661 : 0xa61d0a281f5c4 : 2 : ittapi_config_apply_per_lib :  ITTAPI function NOT instrumented (not matched by --itt-config option): __itt_model_disable_push

1624661 : 0xa61d0a281f940 : 2 : ittapi_config_apply_per_lib :  ITTAPI function NOT instrumented (not matched by --itt-config option): __itt_model_disable_pop

1624661 : 0xa61d0a2820115 : 2 : ittapi_config_apply_per_lib :  ITTAPI function instrumented: __itt_heap_function_create
1624661 : 0xa61d0a28208b0 : 2 : ittapi_config_apply_per_lib :  ITTAPI function instrumented: __itt_heap_allocate_begin
1624661 : 0xa61d0a2820f9b : 2 : ittapi_config_apply_per_lib :  ITTAPI function instrumented: __itt_heap_allocate_end
1624661 : 0xa61d0a282173a : 2 : ittapi_config_apply_per_lib :  ITTAPI function instrumented: __itt_heap_free_begin
1624661 : 0xa61d0a2823372 : 2 : ittapi_config_apply_per_lib :  ITTAPI function instrumented: __itt_heap_free_end
1624661 : 0xa61d0a2823ad3 : 2 : ittapi_config_apply_per_lib :  ITTAPI function instrumented: __itt_heap_reallocate_begin
1624661 : 0xa61d0a28241b7 : 2 : ittapi_config_apply_per_lib :  ITTAPI function instrumented: __itt_heap_reallocate_end
1624661 : 0xa61d0a2824a27 : 2 : ittapi_config_apply_per_lib :  ITTAPI function not implemented: __itt_heap_internal_access_begin
1624661 : 0xa61d0a2825217 : 2 : ittapi_config_apply_per_lib :  ITTAPI function not implemented: __itt_heap_internal_access_end
1624661 : 0xa61d0a2825a30 : 2 : ittapi_config_apply_per_lib :  ITTAPI function not implemented: __itt_heap_record_memory_growth_begin
1624661 : 0xa61d0a282622c : 2 : ittapi_config_apply_per_lib :  ITTAPI function not implemented: __itt_heap_record_memory_growth_end
1624661 : 0xa61d0a2826a7b : 2 : ittapi_config_apply_per_lib :  ITTAPI function not implemented: __itt_heap_reset_detection
1624661 : 0xa61d0a28272e2 : 2 : ittapi_config_apply_per_lib :  ITTAPI function not implemented: __itt_heap_record
1624661 : 0xa61d0a2827b05 : 2 : ittapi_config_apply_per_lib :  ITTAPI function not implemented: __itt_id_create
1624661 : 0xa61d0a2829080 : 2 : ittapi_config_apply_per_lib :  ITTAPI function not implemented: __itt_id_destroy
1624661 : 0xa61d0a28297d6 : 2 : ittapi_config_apply_per_lib :  ITTAPI function instrumented: __itt_get_timestamp
1624661 : 0xa61d0a2829f61 : 2 : ittapi_config_apply_per_lib :  ITTAPI function not implemented: __itt_region_begin
1624661 : 0xa61d0a282a7e7 : 2 : ittapi_config_apply_per_lib :  ITTAPI function not implemented: __itt_region_end
1624661 : 0xa61d0a282afa6 : 2 : ittapi_config_apply_per_lib :  ITTAPI function instrumented: __itt_frame_begin_v3
1624661 : 0xa61d0a282b7e9 : 2 : ittapi_config_apply_per_lib :  ITTAPI function instrumented: __itt_frame_end_v3
1624661 : 0xa61d0a282bf3c : 2 : ittapi_config_apply_per_lib :  ITTAPI function instrumented: __itt_frame_submit_v3
1624661 : 0xa61d0a282c713 : 2 : ittapi_config_apply_per_lib :  ITTAPI function not implemented: __itt_task_group
1624661 : 0xa61d0a282cf46 : 2 : ittapi_config_apply_per_lib :  ITTAPI function instrumented: __itt_task_begin
1624661 : 0xa61d0a282d6b5 : 2 : ittapi_config_apply_per_lib :  ITTAPI function instrumented: __itt_task_begin_fn
1624661 : 0xa61d0a282ed15 : 2 : ittapi_config_apply_per_lib :  ITTAPI function instrumented: __itt_task_end
1624661 : 0xa61d0a282f5b4 : 2 : ittapi_config_apply_per_lib :  ITTAPI function not implemented: __itt_counter_inc_v3
1624661 : 0xa61d0a282fe0f : 2 : ittapi_config_apply_per_lib :  ITTAPI function not implemented: __itt_counter_inc_delta_v3
1624661 : 0xa61d0a28305d5 : 2 : ittapi_config_apply_per_lib :  ITTAPI function not implemented: __itt_counter_dec_v3
1624661 : 0xa61d0a2830d96 : 2 : ittapi_config_apply_per_lib :  ITTAPI function not implemented: __itt_counter_dec_delta_v3
1624661 : 0xa61d0a2831545 : 2 : ittapi_config_apply_per_lib :  ITTAPI function not implemented: __itt_marker
1624661 : 0xa61d0a2831c91 : 2 : ittapi_config_apply_per_lib :  ITTAPI function instrumented: __itt_metadata_add
1624661 : 0xa61d0a28324ba : 2 : ittapi_config_apply_per_lib :  ITTAPI function not implemented: __itt_metadata_str_add
1624661 : 0xa61d0a2832c37 : 2 : ittapi_config_apply_per_lib :  ITTAPI function not implemented: __itt_relation_add_to_current
1624661 : 0xa61d0a28333e5 : 2 : ittapi_config_apply_per_lib :  ITTAPI function not implemented: __itt_relation_add
1624661 : 0xa61d0a283475c : 2 : ittapi_config_apply_per_lib :  ITTAPI function instrumented: __itt_event_create
1624661 : 0xa61d0a2834f1a : 2 : ittapi_config_apply_per_lib :  ITTAPI function instrumented: __itt_event_start
1624661 : 0xa61d0a283567b : 2 : ittapi_config_apply_per_lib :  ITTAPI function instrumented: __itt_event_end
1624661 : 0xa61d0a2835a39 : 2 : ittapi_config_apply_per_lib :  ITTAPI function NOT instrumented (not matched by --itt-config option): __itt_sync_set_name

1624661 : 0xa61d0a2835e3b : 2 : ittapi_config_apply_per_lib :  ITTAPI function NOT instrumented (not matched by --itt-config option): __itt_notify_sync_name

1624661 : 0xa61d0a283620b : 2 : ittapi_config_apply_per_lib :  ITTAPI function NOT instrumented (not matched by --itt-config option): __itt_notify_sync_prepare

1624661 : 0xa61d0a28365f7 : 2 : ittapi_config_apply_per_lib :  ITTAPI function NOT instrumented (not matched by --itt-config option): __itt_notify_sync_cancel

1624661 : 0xa61d0a2836992 : 2 : ittapi_config_apply_per_lib :  ITTAPI function NOT instrumented (not matched by --itt-config option): __itt_notify_sync_acquired

1624661 : 0xa61d0a2836d1f : 2 : ittapi_config_apply_per_lib :  ITTAPI function NOT instrumented (not matched by --itt-config option): __itt_notify_sync_releasing

1624661 : 0xa61d0a2837531 : 2 : ittapi_config_apply_per_lib :  ITTAPI function not implemented: __itt_memory_read
1624661 : 0xa61d0a28391a7 : 2 : ittapi_config_apply_per_lib :  ITTAPI function not implemented: __itt_memory_write
1624661 : 0xa61d0a283995d : 2 : ittapi_config_apply_per_lib :  ITTAPI function not implemented: __itt_memory_update
1624661 : 0xa61d0a283a16d : 2 : ittapi_config_apply_per_lib :  ITTAPI function not implemented: __itt_state_get
1624661 : 0xa61d0a283a8e2 : 2 : ittapi_config_apply_per_lib :  ITTAPI function not implemented: __itt_state_set
1624661 : 0xa61d0a283b0f6 : 2 : ittapi_config_apply_per_lib :  ITTAPI function not implemented: __itt_obj_mode_set
1624661 : 0xa61d0a283b8c3 : 2 : ittapi_config_apply_per_lib :  ITTAPI function not implemented: __itt_thr_mode_set
1624661 : 0xa61d0a283bfe5 : 2 : ittapi_config_apply_per_lib :  ITTAPI function instrumented: __itt_frame_create
1624661 : 0xa61d0a283c6d7 : 2 : ittapi_config_apply_per_lib :  ITTAPI function instrumented: __itt_pt_region_create
1624661 : 0xa61d0a283cdf1 : 2 : ittapi_config_apply_per_lib :  ITTAPI function instrumented: __itt_frame_begin
1624661 : 0xa61d0a283d543 : 2 : ittapi_config_apply_per_lib :  ITTAPI function instrumented: __itt_frame_end
1624661 : 0xa61d0a283ea89 : 2 : ittapi_config_apply_per_lib :  ITTAPI function not implemented: __itt_counter_destroy
1624661 : 0xa61d0a283f1e5 : 2 : ittapi_config_apply_per_lib :  ITTAPI function instrumented: __itt_counter_inc
1624661 : 0xa61d0a283f942 : 2 : ittapi_config_apply_per_lib :  ITTAPI function instrumented: __itt_counter_inc_delta
1624661 : 0xa61d0a284008a : 2 : ittapi_config_apply_per_lib :  ITTAPI function instrumented: __itt_counter_dec
1624661 : 0xa61d0a28407db : 2 : ittapi_config_apply_per_lib :  ITTAPI function instrumented: __itt_counter_dec_delta
1624661 : 0xa61d0a2840eeb : 2 : ittapi_config_apply_per_lib :  ITTAPI function instrumented: __itt_counter_set_value
1624661 : 0xa61d0a28416c7 : 2 : ittapi_config_apply_per_lib :  ITTAPI function not implemented: __itt_counter_set_value_ex
1624661 : 0xa61d0a2841e2f : 2 : ittapi_config_apply_per_lib :  ITTAPI function not implemented: __itt_mark_create
1624661 : 0xa61d0a2842612 : 2 : ittapi_config_apply_per_lib :  ITTAPI function not implemented: __itt_mark
1624661 : 0xa61d0a2842e37 : 2 : ittapi_config_apply_per_lib :  ITTAPI function not implemented: __itt_mark_off
1624661 : 0xa61d0a2844277 : 2 : ittapi_config_apply_per_lib :  ITTAPI function not implemented: __itt_mark_global
1624661 : 0xa61d0a2844a0d : 2 : ittapi_config_apply_per_lib :  ITTAPI function not implemented: __itt_mark_global_off
1624661 : 0xa61d0a284520a : 2 : ittapi_config_apply_per_lib :  ITTAPI function instrumented: __itt_stack_caller_create
1624661 : 0xa61d0a284595c : 2 : ittapi_config_apply_per_lib :  ITTAPI function instrumented: __itt_stack_caller_destroy
1624661 : 0xa61d0a28460e6 : 2 : ittapi_config_apply_per_lib :  ITTAPI function instrumented: __itt_stack_callee_enter
1624661 : 0xa61d0a28467ca : 2 : ittapi_config_apply_per_lib :  ITTAPI function instrumented: __itt_stack_callee_leave
1624661 : 0xa61d0a2846fbc : 2 : ittapi_config_apply_per_lib :  ITTAPI function not implemented: __itt_clock_domain_create
1624661 : 0xa61d0a2847771 : 2 : ittapi_config_apply_per_lib :  ITTAPI function not implemented: __itt_clock_domain_reset
1624661 : 0xa61d0a2847f34 : 2 : ittapi_config_apply_per_lib :  ITTAPI function not implemented: __itt_id_create_ex
1624661 : 0xa61d0a2848704 : 2 : ittapi_config_apply_per_lib :  ITTAPI function not implemented: __itt_id_destroy_ex
1624661 : 0xa61d0a284a540 : 2 : ittapi_config_apply_per_lib :  ITTAPI function not implemented: __itt_task_begin_ex
1624661 : 0xa61d0a284ad2c : 2 : ittapi_config_apply_per_lib :  ITTAPI function not implemented: __itt_task_begin_fn_ex
1624661 : 0xa61d0a284b53b : 2 : ittapi_config_apply_per_lib :  ITTAPI function not implemented: __itt_task_end_ex
1624661 : 0xa61d0a284bc95 : 2 : ittapi_config_apply_per_lib :  ITTAPI function instrumented: __itt_task_begin_overlapped
1624661 : 0xa61d0a284c48c : 2 : ittapi_config_apply_per_lib :  ITTAPI function not implemented: __itt_task_begin_overlapped_ex
1624661 : 0xa61d0a284cbb6 : 2 : ittapi_config_apply_per_lib :  ITTAPI function instrumented: __itt_task_end_overlapped
1624661 : 0xa61d0a284d375 : 2 : ittapi_config_apply_per_lib :  ITTAPI function not implemented: __itt_task_end_overlapped_ex
1624661 : 0xa61d0a284db2e : 2 : ittapi_config_apply_per_lib :  ITTAPI function not implemented: __itt_marker_ex
1624661 : 0xa61d0a284e314 : 2 : ittapi_config_apply_per_lib :  ITTAPI function not implemented: __itt_metadata_add_with_scope
1624661 : 0xa61d0a284eb50 : 2 : ittapi_config_apply_per_lib :  ITTAPI function not implemented: __itt_metadata_str_add_with_scope
1624661 : 0xa61d0a2850019 : 2 : ittapi_config_apply_per_lib :  ITTAPI function not implemented: __itt_relation_add_to_current_ex
1624661 : 0xa61d0a28507c5 : 2 : ittapi_config_apply_per_lib :  ITTAPI function not implemented: __itt_relation_add_ex
1624661 : 0xa61d0a2851013 : 2 : ittapi_config_apply_per_lib :  ITTAPI function not implemented: __itt_track_group_create
1624661 : 0xa61d0a2851762 : 2 : ittapi_config_apply_per_lib :  ITTAPI function not implemented: __itt_track_create
1624661 : 0xa61d0a2851ee8 : 2 : ittapi_config_apply_per_lib :  ITTAPI function not implemented: __itt_set_track
1624661 : 0xa61d0a2852644 : 2 : ittapi_config_apply_per_lib :  ITTAPI function instrumented: __itt_api_version
1624661 : 0xa61d0a2852ddf : 2 : ittapi_config_apply_per_lib :  ITTAPI function not implemented: __itt_av_save
1624661 : 0xa61d0a2853520 : 2 : ittapi_config_apply_per_lib :  ITTAPI function instrumented: __itt_module_load
1624661 : 0xa61d0a2853cfa : 2 : ittapi_config_apply_per_lib :  ITTAPI function not implemented: __itt_module_unload
1624661 : 0xa61d0a289a6af : 2 : ittapi_config_mask_get :  --itt-config mask to be applied: 55
1624661 : 0xa61d0a289ce9f : 2 : ittapi_config_apply_per_lib :  ITTAPI function instrumented: __itt_domain_create
1624661 : 0xa61d0a289d6da : 2 : ittapi_config_apply_per_lib :  ITTAPI function instrumented: __itt_module_load_with_sections
1624661 : 0xa61d0a289e066 : 2 : ittapi_config_apply_per_lib :  ITTAPI function not implemented: __itt_module_unload_with_sections
1624661 : 0xa61d0a289e7f8 : 2 : ittapi_config_apply_per_lib :  ITTAPI function instrumented: __itt_string_handle_create
1624661 : 0xa61d0a289f011 : 2 : ittapi_config_apply_per_lib :  ITTAPI function instrumented: __itt_counter_create
1624661 : 0xa61d0a289f6cb : 2 : ittapi_config_apply_per_lib :  ITTAPI function instrumented: __itt_counter_create_typed
1624661 : 0xa61d0a289fe89 : 2 : ittapi_config_apply_per_lib :  ITTAPI function instrumented: __itt_pause
1624661 : 0xa61d0a28a06b2 : 2 : ittapi_config_apply_per_lib :  ITTAPI function instrumented: __itt_resume
1624661 : 0xa61d0a28a0d6b : 2 : ittapi_config_apply_per_lib :  ITTAPI function instrumented: __itt_thread_set_name
1624661 : 0xa61d0a28a14df : 2 : ittapi_config_apply_per_lib :  ITTAPI function instrumented: __itt_thread_ignore
1624661 : 0xa61d0a28a2a4a : 2 : ittapi_config_apply_per_lib :  ITTAPI function instrumented: __itt_thr_name_set
1624661 : 0xa61d0a28a31db : 2 : ittapi_config_apply_per_lib :  ITTAPI function instrumented: __itt_thr_ignore
1624661 : 0xa61d0a28a3ac6 : 2 : ittapi_config_apply_per_lib :  ITTAPI function not implemented: __itt_enable_attach
1624661 : 0xa61d0a28a4209 : 2 : ittapi_config_apply_per_lib :  ITTAPI function instrumented: __itt_detach
1624661 : 0xa61d0a28a461c : 2 : ittapi_config_apply_per_lib :  ITTAPI function NOT instrumented (not matched by --itt-config option): __itt_sync_create

1624661 : 0xa61d0a28a4a3a : 2 : ittapi_config_apply_per_lib :  ITTAPI function NOT instrumented (not matched by --itt-config option): __itt_sync_rename

1624661 : 0xa61d0a28a4e11 : 2 : ittapi_config_apply_per_lib :  ITTAPI function NOT instrumented (not matched by --itt-config option): __itt_sync_destroy

1624661 : 0xa61d0a28a5213 : 2 : ittapi_config_apply_per_lib :  ITTAPI function NOT instrumented (not matched by --itt-config option): __itt_sync_prepare

1624661 : 0xa61d0a28a55a3 : 2 : ittapi_config_apply_per_lib :  ITTAPI function NOT instrumented (not matched by --itt-config option): __itt_sync_cancel

1624661 : 0xa61d0a28a5932 : 2 : ittapi_config_apply_per_lib :  ITTAPI function NOT instrumented (not matched by --itt-config option): __itt_sync_acquired

1624661 : 0xa61d0a28a7461 : 2 : ittapi_config_apply_per_lib :  ITTAPI function NOT instrumented (not matched by --itt-config option): __itt_sync_releasing

1624661 : 0xa61d0a28a7d6c : 2 : ittapi_config_apply_per_lib :  ITTAPI function not implemented: __itt_suppress_push
1624661 : 0xa61d0a28a8626 : 2 : ittapi_config_apply_per_lib :  ITTAPI function not implemented: __itt_suppress_pop
1624661 : 0xa61d0a28a8e48 : 2 : ittapi_config_apply_per_lib :  ITTAPI function not implemented: __itt_suppress_mark_range
1624661 : 0xa61d0a28a964d : 2 : ittapi_config_apply_per_lib :  ITTAPI function not implemented: __itt_suppress_clear_range
1624661 : 0xa61d0a28a9a2f : 2 : ittapi_config_apply_per_lib :  ITTAPI function NOT instrumented (not matched by --itt-config option): __itt_sync_prepare

1624661 : 0xa61d0a28a9ddc : 2 : ittapi_config_apply_per_lib :  ITTAPI function NOT instrumented (not matched by --itt-config option): __itt_sync_cancel

1624661 : 0xa61d0a28aa179 : 2 : ittapi_config_apply_per_lib :  ITTAPI function NOT instrumented (not matched by --itt-config option): __itt_sync_acquired

1624661 : 0xa61d0a28aa507 : 2 : ittapi_config_apply_per_lib :  ITTAPI function NOT instrumented (not matched by --itt-config option): __itt_sync_releasing

1624661 : 0xa61d0a28aa92b : 2 : ittapi_config_apply_per_lib :  ITTAPI function NOT instrumented (not matched by --itt-config option): __itt_model_site_begin

1624661 : 0xa61d0a28ab94e : 2 : ittapi_config_apply_per_lib :  ITTAPI function NOT instrumented (not matched by --itt-config option): __itt_model_site_end

1624661 : 0xa61d0a28abd38 : 2 : ittapi_config_apply_per_lib :  ITTAPI function NOT instrumented (not matched by --itt-config option): __itt_model_task_begin

1624661 : 0xa61d0a28ac0ec : 2 : ittapi_config_apply_per_lib :  ITTAPI function NOT instrumented (not matched by --itt-config option): __itt_model_task_end

1624661 : 0xa61d0a28ac4a4 : 2 : ittapi_config_apply_per_lib :  ITTAPI function NOT instrumented (not matched by --itt-config option): __itt_model_lock_acquire

1624661 : 0xa61d0a28ac898 : 2 : ittapi_config_apply_per_lib :  ITTAPI function NOT instrumented (not matched by --itt-config option): __itt_model_lock_release

1624661 : 0xa61d0a28acc3a : 2 : ittapi_config_apply_per_lib :  ITTAPI function NOT instrumented (not matched by --itt-config option): __itt_model_record_allocation

1624661 : 0xa61d0a28acfaf : 2 : ittapi_config_apply_per_lib :  ITTAPI function NOT instrumented (not matched by --itt-config option): __itt_model_record_deallocation

1624661 : 0xa61d0a28ad35d : 2 : ittapi_config_apply_per_lib :  ITTAPI function NOT instrumented (not matched by --itt-config option): __itt_model_induction_uses

1624661 : 0xa61d0a28ad700 : 2 : ittapi_config_apply_per_lib :  ITTAPI function NOT instrumented (not matched by --itt-config option): __itt_model_reduction_uses

1624661 : 0xa61d0a28adaaa : 2 : ittapi_config_apply_per_lib :  ITTAPI function NOT instrumented (not matched by --itt-config option): __itt_model_observe_uses

1624661 : 0xa61d0a28af23f : 2 : ittapi_config_apply_per_lib :  ITTAPI function NOT instrumented (not matched by --itt-config option): __itt_model_clear_uses

1624661 : 0xa61d0a28af687 : 2 : ittapi_config_apply_per_lib :  ITTAPI function NOT instrumented (not matched by --itt-config option): __itt_model_site_beginA

1624661 : 0xa61d0a28afa43 : 2 : ittapi_config_apply_per_lib :  ITTAPI function NOT instrumented (not matched by --itt-config option): __itt_model_site_beginAL

1624661 : 0xa61d0a28afe1f : 2 : ittapi_config_apply_per_lib :  ITTAPI function NOT instrumented (not matched by --itt-config option): __itt_model_task_beginA

1624661 : 0xa61d0a28b01de : 2 : ittapi_config_apply_per_lib :  ITTAPI function NOT instrumented (not matched by --itt-config option): __itt_model_task_beginAL

1624661 : 0xa61d0a28b05ac : 2 : ittapi_config_apply_per_lib :  ITTAPI function NOT instrumented (not matched by --itt-config option): __itt_model_iteration_taskA

1624661 : 0xa61d0a28b096a : 2 : ittapi_config_apply_per_lib :  ITTAPI function NOT instrumented (not matched by --itt-config option): __itt_model_iteration_taskAL

1624661 : 0xa61d0a28b0cd5 : 2 : ittapi_config_apply_per_lib :  ITTAPI function NOT instrumented (not matched by --itt-config option): __itt_model_site_end_2

1624661 : 0xa61d0a28b10b2 : 2 : ittapi_config_apply_per_lib :  ITTAPI function NOT instrumented (not matched by --itt-config option): __itt_model_task_end_2

1624661 : 0xa61d0a28b1474 : 2 : ittapi_config_apply_per_lib :  ITTAPI function NOT instrumented (not matched by --itt-config option): __itt_model_lock_acquire_2

1624661 : 0xa61d0a28b2405 : 2 : ittapi_config_apply_per_lib :  ITTAPI function NOT instrumented (not matched by --itt-config option): __itt_model_lock_release_2

1624661 : 0xa61d0a28b2817 : 2 : ittapi_config_apply_per_lib :  ITTAPI function NOT instrumented (not matched by --itt-config option): __itt_model_aggregate_task

1624661 : 0xa61d0a28b2bbd : 2 : ittapi_config_apply_per_lib :  ITTAPI function NOT instrumented (not matched by --itt-config option): __itt_model_disable_push

1624661 : 0xa61d0a28b2f6f : 2 : ittapi_config_apply_per_lib :  ITTAPI function NOT instrumented (not matched by --itt-config option): __itt_model_disable_pop

1624661 : 0xa61d0a28b36fe : 2 : ittapi_config_apply_per_lib :  ITTAPI function instrumented: __itt_heap_function_create
1624661 : 0xa61d0a28b3e90 : 2 : ittapi_config_apply_per_lib :  ITTAPI function instrumented: __itt_heap_allocate_begin
1624661 : 0xa61d0a28b457f : 2 : ittapi_config_apply_per_lib :  ITTAPI function instrumented: __itt_heap_allocate_end
1624661 : 0xa61d0a28b4ced : 2 : ittapi_config_apply_per_lib :  ITTAPI function instrumented: __itt_heap_free_begin
1624661 : 0xa61d0a28b53e2 : 2 : ittapi_config_apply_per_lib :  ITTAPI function instrumented: __itt_heap_free_end
1624661 : 0xa61d0a28b5aea : 2 : ittapi_config_apply_per_lib :  ITTAPI function instrumented: __itt_heap_reallocate_begin
1624661 : 0xa61d0a28b6f46 : 2 : ittapi_config_apply_per_lib :  ITTAPI function instrumented: __itt_heap_reallocate_end
1624661 : 0xa61d0a28b778a : 2 : ittapi_config_apply_per_lib :  ITTAPI function not implemented: __itt_heap_internal_access_begin
1624661 : 0xa61d0a28b7f99 : 2 : ittapi_config_apply_per_lib :  ITTAPI function not implemented: __itt_heap_internal_access_end
1624661 : 0xa61d0a28b87af : 2 : ittapi_config_apply_per_lib :  ITTAPI function not implemented: __itt_heap_record_memory_growth_begin
1624661 : 0xa61d0a28b8fee : 2 : ittapi_config_apply_per_lib :  ITTAPI function not implemented: __itt_heap_record_memory_growth_end
1624661 : 0xa61d0a28b97e6 : 2 : ittapi_config_apply_per_lib :  ITTAPI function not implemented: __itt_heap_reset_detection
1624661 : 0xa61d0a28ba018 : 2 : ittapi_config_apply_per_lib :  ITTAPI function not implemented: __itt_heap_record
1624661 : 0xa61d0a28ba7b5 : 2 : ittapi_config_apply_per_lib :  ITTAPI function not implemented: __itt_id_create
1624661 : 0xa61d0a28baf87 : 2 : ittapi_config_apply_per_lib :  ITTAPI function not implemented: __itt_id_destroy
1624661 : 0xa61d0a28bb6c6 : 2 : ittapi_config_apply_per_lib :  ITTAPI function instrumented: __itt_get_timestamp
1624661 : 0xa61d0a28bd30a : 2 : ittapi_config_apply_per_lib :  ITTAPI function not implemented: __itt_region_begin
1624661 : 0xa61d0a28bdb40 : 2 : ittapi_config_apply_per_lib :  ITTAPI function not implemented: __itt_region_end
1624661 : 0xa61d0a28be2ba : 2 : ittapi_config_apply_per_lib :  ITTAPI function instrumented: __itt_frame_begin_v3
1624661 : 0xa61d0a28bea44 : 2 : ittapi_config_apply_per_lib :  ITTAPI function instrumented: __itt_frame_end_v3
1624661 : 0xa61d0a28bf1cd : 2 : ittapi_config_apply_per_lib :  ITTAPI function instrumented: __itt_frame_submit_v3
1624661 : 0xa61d0a28bfa08 : 2 : ittapi_config_apply_per_lib :  ITTAPI function not implemented: __itt_task_group
1624661 : 0xa61d0a28c01bf : 2 : ittapi_config_apply_per_lib :  ITTAPI function instrumented: __itt_task_begin
1624661 : 0xa61d0a28c0900 : 2 : ittapi_config_apply_per_lib :  ITTAPI function instrumented: __itt_task_begin_fn
1624661 : 0xa61d0a28c103f : 2 : ittapi_config_apply_per_lib :  ITTAPI function instrumented: __itt_task_end
1624661 : 0xa61d0a28c188e : 2 : ittapi_config_apply_per_lib :  ITTAPI function not implemented: __itt_counter_inc_v3
1624661 : 0xa61d0a28c2e31 : 2 : ittapi_config_apply_per_lib :  ITTAPI function not implemented: __itt_counter_inc_delta_v3
1624661 : 0xa61d0a28c3627 : 2 : ittapi_config_apply_per_lib :  ITTAPI function not implemented: __itt_counter_dec_v3
1624661 : 0xa61d0a28c3e18 : 2 : ittapi_config_apply_per_lib :  ITTAPI function not implemented: __itt_counter_dec_delta_v3
1624661 : 0xa61d0a28c4607 : 2 : ittapi_config_apply_per_lib :  ITTAPI function not implemented: __itt_marker
1624661 : 0xa61d0a28c4d8f : 2 : ittapi_config_apply_per_lib :  ITTAPI function instrumented: __itt_metadata_add
1624661 : 0xa61d0a28c5597 : 2 : ittapi_config_apply_per_lib :  ITTAPI function not implemented: __itt_metadata_str_add
1624661 : 0xa61d0a28c5d39 : 2 : ittapi_config_apply_per_lib :  ITTAPI function not implemented: __itt_relation_add_to_current
1624661 : 0xa61d0a28c64e2 : 2 : ittapi_config_apply_per_lib :  ITTAPI function not implemented: __itt_relation_add
1624661 : 0xa61d0a28c6be1 : 2 : ittapi_config_apply_per_lib :  ITTAPI function instrumented: __itt_event_create
1624661 : 0xa61d0a28c7315 : 2 : ittapi_config_apply_per_lib :  ITTAPI function instrumented: __itt_event_start
1624661 : 0xa61d0a28c8744 : 2 : ittapi_config_apply_per_lib :  ITTAPI function instrumented: __itt_event_end
1624661 : 0xa61d0a28c8b37 : 2 : ittapi_config_apply_per_lib :  ITTAPI function NOT instrumented (not matched by --itt-config option): __itt_sync_set_name

1624661 : 0xa61d0a28c8f53 : 2 : ittapi_config_apply_per_lib :  ITTAPI function NOT instrumented (not matched by --itt-config option): __itt_notify_sync_name

1624661 : 0xa61d0a28c931f : 2 : ittapi_config_apply_per_lib :  ITTAPI function NOT instrumented (not matched by --itt-config option): __itt_notify_sync_prepare

1624661 : 0xa61d0a28c96fe : 2 : ittapi_config_apply_per_lib :  ITTAPI function NOT instrumented (not matched by --itt-config option): __itt_notify_sync_cancel

1624661 : 0xa61d0a28c9ac6 : 2 : ittapi_config_apply_per_lib :  ITTAPI function NOT instrumented (not matched by --itt-config option): __itt_notify_sync_acquired

1624661 : 0xa61d0a28c9e59 : 2 : ittapi_config_apply_per_lib :  ITTAPI function NOT instrumented (not matched by --itt-config option): __itt_notify_sync_releasing

1624661 : 0xa61d0a28ca625 : 2 : ittapi_config_apply_per_lib :  ITTAPI function not implemented: __itt_memory_read
1624661 : 0xa61d0a28cae35 : 2 : ittapi_config_apply_per_lib :  ITTAPI function not implemented: __itt_memory_write
1624661 : 0xa61d0a28cb5ec : 2 : ittapi_config_apply_per_lib :  ITTAPI function not implemented: __itt_memory_update
1624661 : 0xa61d0a28ccb43 : 2 : ittapi_config_apply_per_lib :  ITTAPI function not implemented: __itt_state_get
1624661 : 0xa61d0a28cd301 : 2 : ittapi_config_apply_per_lib :  ITTAPI function not implemented: __itt_state_set
1624661 : 0xa61d0a28cdb3b : 2 : ittapi_config_apply_per_lib :  ITTAPI function not implemented: __itt_obj_mode_set
1624661 : 0xa61d0a28ce313 : 2 : ittapi_config_apply_per_lib :  ITTAPI function not implemented: __itt_thr_mode_set
1624661 : 0xa61d0a28cea06 : 2 : ittapi_config_apply_per_lib :  ITTAPI function instrumented: __itt_frame_create
1624661 : 0xa61d0a28cf0fb : 2 : ittapi_config_apply_per_lib :  ITTAPI function instrumented: __itt_pt_region_create
1624661 : 0xa61d0a28cf812 : 2 : ittapi_config_apply_per_lib :  ITTAPI function instrumented: __itt_frame_begin
1624661 : 0xa61d0a28cff3c : 2 : ittapi_config_apply_per_lib :  ITTAPI function instrumented: __itt_frame_end
1624661 : 0xa61d0a28d0789 : 2 : ittapi_config_apply_per_lib :  ITTAPI function not implemented: __itt_counter_destroy
1624661 : 0xa61d0a28d0ed5 : 2 : ittapi_config_apply_per_lib :  ITTAPI function instrumented: __itt_counter_inc
1624661 : 0xa61d0a28d29c2 : 2 : ittapi_config_apply_per_lib :  ITTAPI function instrumented: __itt_counter_inc_delta
1624661 : 0xa61d0a28d30be : 2 : ittapi_config_apply_per_lib :  ITTAPI function instrumented: __itt_counter_dec
1624661 : 0xa61d0a28d37e0 : 2 : ittapi_config_apply_per_lib :  ITTAPI function instrumented: __itt_counter_dec_delta
1624661 : 0xa61d0a28d3ec1 : 2 : ittapi_config_apply_per_lib :  ITTAPI function instrumented: __itt_counter_set_value
1624661 : 0xa61d0a28d46a9 : 2 : ittapi_config_apply_per_lib :  ITTAPI function not implemented: __itt_counter_set_value_ex
1624661 : 0xa61d0a28d4e50 : 2 : ittapi_config_apply_per_lib :  ITTAPI function not implemented: __itt_mark_create
1624661 : 0xa61d0a28d5690 : 2 : ittapi_config_apply_per_lib :  ITTAPI function not implemented: __itt_mark
1624661 : 0xa61d0a28d5e74 : 2 : ittapi_config_apply_per_lib :  ITTAPI function not implemented: __itt_mark_off
1624661 : 0xa61d0a28d660b : 2 : ittapi_config_apply_per_lib :  ITTAPI function not implemented: __itt_mark_global
1624661 : 0xa61d0a28d6dd7 : 2 : ittapi_config_apply_per_lib :  ITTAPI function not implemented: __itt_mark_global_off
1624661 : 0xa61d0a28d82b6 : 2 : ittapi_config_apply_per_lib :  ITTAPI function instrumented: __itt_stack_caller_create
1624661 : 0xa61d0a28d8a32 : 2 : ittapi_config_apply_per_lib :  ITTAPI function instrumented: __itt_stack_caller_destroy
1624661 : 0xa61d0a28d918a : 2 : ittapi_config_apply_per_lib :  ITTAPI function instrumented: __itt_stack_callee_enter
1624661 : 0xa61d0a28d9846 : 2 : ittapi_config_apply_per_lib :  ITTAPI function instrumented: __itt_stack_callee_leave
1624661 : 0xa61d0a28da03b : 2 : ittapi_config_apply_per_lib :  ITTAPI function not implemented: __itt_clock_domain_create
1624661 : 0xa61d0a28da837 : 2 : ittapi_config_apply_per_lib :  ITTAPI function not implemented: __itt_clock_domain_reset
1624661 : 0xa61d0a28db021 : 2 : ittapi_config_apply_per_lib :  ITTAPI function not implemented: __itt_id_create_ex
1624661 : 0xa61d0a28db812 : 2 : ittapi_config_apply_per_lib :  ITTAPI function not implemented: __itt_id_destroy_ex
1624661 : 0xa61d0a28dbffa : 2 : ittapi_config_apply_per_lib :  ITTAPI function not implemented: __itt_task_begin_ex
1624661 : 0xa61d0a28dc78d : 2 : ittapi_config_apply_per_lib :  ITTAPI function not implemented: __itt_task_begin_fn_ex
1624661 : 0xa61d0a28ddc65 : 2 : ittapi_config_apply_per_lib :  ITTAPI function not implemented: __itt_task_end_ex
1624661 : 0xa61d0a28de3ea : 2 : ittapi_config_apply_per_lib :  ITTAPI function instrumented: __itt_task_begin_overlapped
1624661 : 0xa61d0a28dec0b : 2 : ittapi_config_apply_per_lib :  ITTAPI function not implemented: __itt_task_begin_overlapped_ex
1624661 : 0xa61d0a28df357 : 2 : ittapi_config_apply_per_lib :  ITTAPI function instrumented: __itt_task_end_overlapped
1624661 : 0xa61d0a28dfb32 : 2 : ittapi_config_apply_per_lib :  ITTAPI function not implemented: __itt_task_end_overlapped_ex
1624661 : 0xa61d0a28e02bf : 2 : ittapi_config_apply_per_lib :  ITTAPI function not implemented: __itt_marker_ex
1624661 : 0xa61d0a28e0ab1 : 2 : ittapi_config_apply_per_lib :  ITTAPI function not implemented: __itt_metadata_add_with_scope
1624661 : 0xa61d0a28e12fa : 2 : ittapi_config_apply_per_lib :  ITTAPI function not implemented: __itt_metadata_str_add_with_scope
1624661 : 0xa61d0a28e1ace : 2 : ittapi_config_apply_per_lib :  ITTAPI function not implemented: __itt_relation_add_to_current_ex
1624661 : 0xa61d0a28e2282 : 2 : ittapi_config_apply_per_lib :  ITTAPI function not implemented: __itt_relation_add_ex
1624661 : 0xa61d0a28e40c2 : 2 : ittapi_config_apply_per_lib :  ITTAPI function not implemented: __itt_track_group_create
1624661 : 0xa61d0a28e485d : 2 : ittapi_config_apply_per_lib :  ITTAPI function not implemented: __itt_track_create
1624661 : 0xa61d0a28e5027 : 2 : ittapi_config_apply_per_lib :  ITTAPI function not implemented: __itt_set_track
1624661 : 0xa61d0a28e5754 : 2 : ittapi_config_apply_per_lib :  ITTAPI function instrumented: __itt_api_version
1624661 : 0xa61d0a28e5f39 : 2 : ittapi_config_apply_per_lib :  ITTAPI function not implemented: __itt_av_save
1624661 : 0xa61d0a28e6683 : 2 : ittapi_config_apply_per_lib :  ITTAPI function instrumented: __itt_module_load
1624661 : 0xa61d0a28e6e7f : 2 : ittapi_config_apply_per_lib :  ITTAPI function not implemented: __itt_module_unload