
102181 : 0xa1ef481cf7253 : 1 : spill_jit_data :  Jit agent is not initialized
102165 : 0xa1ef481cfa175 : 2 : ittapi_config_mask_get :  --itt-config mask to be applied: 55
102165 : 0xa1ef481cfbed2 : 2 : ittapi_config_apply_per_lib :  ITTAPI function instrumented: __itt_domain_create
102165 : 0xa1ef481cfc891 : 2 : ittapi_config_apply_per_lib :  ITTAPI function instrumented: __itt_module_load_with_sections
102165 : 0xa1ef481cfd469 : 2 : ittapi_config_apply_per_lib :  ITTAPI function not implemented: __itt_module_unload_with_sections
102165 : 0xa1ef481cfdcac : 2 : ittapi_config_apply_per_lib :  ITTAPI function instrumented: __itt_string_handle_create
102165 : 0xa1ef481cfe3df : 2 : ittapi_config_apply_per_lib :  ITTAPI function instrumented: __itt_counter_create
102165 : 0xa1ef481cfea68 : 2 : ittapi_config_apply_per_lib :  ITTAPI function instrumented: __itt_counter_create_typed
102165 : 0xa1ef481cff2d0 : 2 : ittapi_config_apply_per_lib :  ITTAPI function instrumented: __itt_pause
102165 : 0xa1ef481cff9be : 2 : ittapi_config_apply_per_lib :  ITTAPI function instrumented: __itt_resume
102165 : 0xa1ef481d05626 : 2 : ittapi_config_apply_per_lib :  ITTAPI function instrumented: __itt_thread_set_name
102165 : 0xa1ef481d05eea : 2 : ittapi_config_apply_per_lib :  ITTAPI function instrumented: __itt_thread_ignore
102165 : 0xa1ef481d06653 : 2 : ittapi_config_apply_per_lib :  ITTAPI function instrumented: __itt_thr_name_set
102165 : 0xa1ef481d06d81 : 2 : ittapi_config_apply_per_lib :  ITTAPI function instrumented: __itt_thr_ignore
102165 : 0xa1ef481d0781e : 2 : ittapi_config_apply_per_lib :  ITTAPI function not implemented: __itt_enable_attach
102165 : 0xa1ef481d07fa5 : 2 : ittapi_config_apply_per_lib :  ITTAPI function instrumented: __itt_detach
102165 : 0xa1ef481d08423 : 2 : ittapi_config_apply_per_lib :  ITTAPI function NOT instrumented (not matched by --itt-config option): __itt_sync_create

102165 : 0xa1ef481d08910 : 2 : ittapi_config_apply_per_lib :  ITTAPI function NOT instrumented (not matched by --itt-config option): __itt_sync_rename

102165 : 0xa1ef481d08ced : 2 : ittapi_config_apply_per_lib :  ITTAPI function NOT instrumented (not matched by --itt-config option): __itt_sync_destroy

102165 : 0xa1ef481d09126 : 2 : ittapi_config_apply_per_lib :  ITTAPI function NOT instrumented (not matched by --itt-config option): __itt_sync_prepare

102165 : 0xa1ef481d0a604 : 2 : ittapi_config_apply_per_lib :  ITTAPI function NOT instrumented (not matched by --itt-config option): __itt_sync_cancel

102165 : 0xa1ef481d0aa81 : 2 : ittapi_config_apply_per_lib :  ITTAPI function NOT instrumented (not matched by --itt-config option): __itt_sync_acquired

102165 : 0xa1ef481d0ae12 : 2 : ittapi_config_apply_per_lib :  ITTAPI function NOT instrumented (not matched by --itt-config option): __itt_sync_releasing

102165 : 0xa1ef481d0b75d : 2 : ittapi_config_apply_per_lib :  ITTAPI function not implemented: __itt_suppress_push
102165 : 0xa1ef481d0c075 : 2 : ittapi_config_apply_per_lib :  ITTAPI function not implemented: __itt_suppress_pop
102165 : 0xa1ef481d0c844 : 2 : ittapi_config_apply_per_lib :  ITTAPI function not implemented: __itt_suppress_mark_range
102165 : 0xa1ef481d0d051 : 2 : ittapi_config_apply_per_lib :  ITTAPI function not implemented: __itt_suppress_clear_range
102165 : 0xa1ef481d0d428 : 2 : ittapi_config_apply_per_lib :  ITTAPI function NOT instrumented (not matched by --itt-config option): __itt_sync_prepare

102165 : 0xa1ef481d0d814 : 2 : ittapi_config_apply_per_lib :  ITTAPI function NOT instrumented (not matched by --itt-config option): __itt_sync_cancel

102165 : 0xa1ef481d0dba1 : 2 : ittapi_config_apply_per_lib :  ITTAPI function NOT instrumented (not matched by --itt-config option): __itt_sync_acquired

102165 : 0xa1ef481d0ec1f : 2 : ittapi_config_apply_per_lib :  ITTAPI function NOT instrumented (not matched by --itt-config option): __itt_sync_releasing

102165 : 0xa1ef481d0f09a : 2 : ittapi_config_apply_per_lib :  ITTAPI function NOT instrumented (not matched by --itt-config option): __itt_model_site_begin

102165 : 0xa1ef481d0f463 : 2 : ittapi_config_apply_per_lib :  ITTAPI function NOT instrumented (not matched by --itt-config option): __itt_model_site_end

102165 : 0xa1ef481d0f822 : 2 : ittapi_config_apply_per_lib :  ITTAPI function NOT instrumented (not matched by --itt-config option): __itt_model_task_begin

102165 : 0xa1ef481d0fbc2 : 2 : ittapi_config_apply_per_lib :  ITTAPI function NOT instrumented (not matched by --itt-config option): __itt_model_task_end

102165 : 0xa1ef481d0ff5b : 2 : ittapi_config_apply_per_lib :  ITTAPI function NOT instrumented (not matched by --itt-config option): __itt_model_lock_acquire

102165 : 0xa1ef481d10398 : 2 : ittapi_config_apply_per_lib :  ITTAPI function NOT instrumented (not matched by --itt-config option): __itt_model_lock_release

102165 : 0xa1ef481d10725 : 2 : ittapi_config_apply_per_lib :  ITTAPI function NOT instrumented (not matched by --itt-config option): __itt_model_record_allocation

102165 : 0xa1ef481d10a80 : 2 : ittapi_config_apply_per_lib :  ITTAPI function NOT instrumented (not matched by --itt-config option): __itt_model_record_deallocation

102165 : 0xa1ef481d10e20 : 2 : ittapi_config_apply_per_lib :  ITTAPI function NOT instrumented (not matched by --itt-config option): __itt_model_induction_uses

102165 : 0xa1ef481d12b8c : 2 : ittapi_config_apply_per_lib :  ITTAPI function NOT instrumented (not matched by --itt-config option): __itt_model_reduction_uses

102165 : 0xa1ef481d12fc5 : 2 : ittapi_config_apply_per_lib :  ITTAPI function NOT instrumented (not matched by --itt-config option): __itt_model_observe_uses

102165 : 0xa1ef481d13381 : 2 : ittapi_config_apply_per_lib :  ITTAPI function NOT instrumented (not matched by --itt-config option): __itt_model_clear_uses

102165 : 0xa1ef481d1374e : 2 : ittapi_config_apply_per_lib :  ITTAPI function NOT instrumented (not matched by --itt-config option): __itt_model_site_beginA

102165 : 0xa1ef481d13b03 : 2 : ittapi_config_apply_per_lib :  ITTAPI function NOT instrumented (not matched by --itt-config option): __itt_model_site_beginAL

102165 : 0xa1ef481d13ea5 : 2 : ittapi_config_apply_per_lib :  ITTAPI function NOT instrumented (not matched by --itt-config option): __itt_model_task_beginA

102165 : 0xa1ef481d14232 : 2 : ittapi_config_apply_per_lib :  ITTAPI function NOT instrumented (not matched by --itt-config option): __itt_model_task_beginAL

102165 : 0xa1ef481d145a8 : 2 : ittapi_config_apply_per_lib :  ITTAPI function NOT instrumented (not matched by --itt-config option): __itt_model_iteration_taskA

102165 : 0xa1ef481d14922 : 2 : ittapi_config_apply_per_lib :  ITTAPI function NOT instrumented (not matched by --itt-config option): __itt_model_iteration_taskAL

102165 : 0xa1ef481d14c90 : 2 : ittapi_config_apply_per_lib :  ITTAPI function NOT instrumented (not matched by --itt-config option): __itt_model_site_end_2

102165 : 0xa1ef481d15d2a : 2 : ittapi_config_apply_per_lib :  ITTAPI function NOT instrumented (not matched by --itt-config option): __itt_model_task_end_2

102165 : 0xa1ef481d160e5 : 2 : ittapi_config_apply_per_lib :  ITTAPI function NOT instrumented (not matched by --itt-config option): __itt_model_lock_acquire_2

102165 : 0xa1ef481d164c3 : 2 : ittapi_config_apply_per_lib :  ITTAPI function NOT instrumented (not matched by --itt-config option): __itt_model_lock_release_2

102165 : 0xa1ef481d16858 : 2 : ittapi_config_apply_per_lib :  ITTAPI function NOT instrumented (not matched by --itt-config option): __itt_model_aggregate_task

102165 : 0xa1ef481d16bdf : 2 : ittapi_config_apply_per_lib :  ITTAPI function NOT instrumented (not matched by --itt-config option): __itt_model_disable_push

102165 : 0xa1ef481d16f67 : 2 : ittapi_config_apply_per_lib :  ITTAPI function NOT instrumented (not matched by --itt-config option): __itt_model_disable_pop

102165 : 0xa1ef481d17710 : 2 : ittapi_config_apply_per_lib :  ITTAPI function instrumented: __itt_heap_function_create
102165 : 0xa1ef481d17e91 : 2 : ittapi_config_apply_per_lib :  ITTAPI function instrumented: __itt_heap_allocate_begin
102165 : 0xa1ef481d1855b : 2 : ittapi_config_apply_per_lib :  ITTAPI function instrumented: __itt_heap_allocate_end
102165 : 0xa1ef481d18cb8 : 2 : ittapi_config_apply_per_lib :  ITTAPI function instrumented: __itt_heap_free_begin
102165 : 0xa1ef481d1a9dd : 2 : ittapi_config_apply_per_lib :  ITTAPI function instrumented: __itt_heap_free_end
102165 : 0xa1ef481d1b132 : 2 : ittapi_config_apply_per_lib :  ITTAPI function instrumented: __itt_heap_reallocate_begin
102165 : 0xa1ef481d1b7c0 : 2 : ittapi_config_apply_per_lib :  ITTAPI function instrumented: __itt_heap_reallocate_end
102165 : 0xa1ef481d1c00b : 2 : ittapi_config_apply_per_lib :  ITTAPI function not implemented: __itt_heap_internal_access_begin
102165 : 0xa1ef481d1c7c9 : 2 : ittapi_config_apply_per_lib :  ITTAPI function not implemented: __itt_heap_internal_access_end
102165 : 0xa1ef481d1cfbc : 2 : ittapi_config_apply_per_lib :  ITTAPI function not implemented: __itt_heap_record_memory_growth_begin
102165 : 0xa1ef481d1d79b : 2 : ittapi_config_apply_per_lib :  ITTAPI function not implemented: __itt_heap_record_memory_growth_end
102165 : 0xa1ef481d1dfd4 : 2 : ittapi_config_apply_per_lib :  ITTAPI function not implemented: __itt_heap_reset_detection
102165 : 0xa1ef481d1e831 : 2 : ittapi_config_apply_per_lib :  ITTAPI function not implemented: __itt_heap_record
102165 : 0xa1ef481d1f00c : 2 : ittapi_config_apply_per_lib :  ITTAPI function not implemented: __itt_id_create
102165 : 0xa1ef481d2058a : 2 : ittapi_config_apply_per_lib :  ITTAPI function not implemented: __itt_id_destroy
102165 : 0xa1ef481d20d43 : 2 : ittapi_config_apply_per_lib :  ITTAPI function instrumented: __itt_get_timestamp
102165 : 0xa1ef481d2150c : 2 : ittapi_config_apply_per_lib :  ITTAPI function not implemented: __itt_region_begin
102165 : 0xa1ef481d21d50 : 2 : ittapi_config_apply_per_lib :  ITTAPI function not implemented: __itt_region_end
102165 : 0xa1ef481d22491 : 2 : ittapi_config_apply_per_lib :  ITTAPI function instrumented: __itt_frame_begin_v3
102165 : 0xa1ef481d22ca7 : 2 : ittapi_config_apply_per_lib :  ITTAPI function instrumented: __itt_frame_end_v3
102165 : 0xa1ef481d233b3 : 2 : ittapi_config_apply_per_lib :  ITTAPI function instrumented: __itt_frame_submit_v3
102165 : 0xa1ef481d23bbe : 2 : ittapi_config_apply_per_lib :  ITTAPI function not implemented: __itt_task_group
102165 : 0xa1ef481d243ce : 2 : ittapi_config_apply_per_lib :  ITTAPI function instrumented: __itt_task_begin
102165 : 0xa1ef481d24ad6 : 2 : ittapi_config_apply_per_lib :  ITTAPI function instrumented: __itt_task_begin_fn
102165 : 0xa1ef481d25efd : 2 : ittapi_config_apply_per_lib :  ITTAPI function instrumented: __itt_task_end
102165 : 0xa1ef481d267ce : 2 : ittapi_config_apply_per_lib :  ITTAPI function not implemented: __itt_counter_inc_v3
102165 : 0xa1ef481d2701c : 2 : ittapi_config_apply_per_lib :  ITTAPI function not implemented: __itt_counter_inc_delta_v3
102165 : 0xa1ef481d277fb : 2 : ittapi_config_apply_per_lib :  ITTAPI function not implemented: __itt_counter_dec_v3
102165 : 0xa1ef481d27f91 : 2 : ittapi_config_apply_per_lib :  ITTAPI function not implemented: __itt_counter_dec_delta_v3
102165 : 0xa1ef481d28750 : 2 : ittapi_config_apply_per_lib :  ITTAPI function not implemented: __itt_marker
102165 : 0xa1ef481d28e5d : 2 : ittapi_config_apply_per_lib :  ITTAPI function instrumented: __itt_metadata_add
102165 : 0xa1ef481d29652 : 2 : ittapi_config_apply_per_lib :  ITTAPI function not implemented: __itt_metadata_str_add
102165 : 0xa1ef481d29dbd : 2 : ittapi_config_apply_per_lib :  ITTAPI function not implemented: __itt_relation_add_to_current
102165 : 0xa1ef481d2a543 : 2 : ittapi_config_apply_per_lib :  ITTAPI function not implemented: __itt_relation_add
102165 : 0xa1ef481d2b8fa : 2 : ittapi_config_apply_per_lib :  ITTAPI function instrumented: __itt_event_create
102165 : 0xa1ef481d2c0d2 : 2 : ittapi_config_apply_per_lib :  ITTAPI function instrumented: __itt_event_start
102165 : 0xa1ef481d2c800 : 2 : ittapi_config_apply_per_lib :  ITTAPI function instrumented: __itt_event_end
102165 : 0xa1ef481d2cbd2 : 2 : ittapi_config_apply_per_lib :  ITTAPI function NOT instrumented (not matched by --itt-config option): __itt_sync_set_name

102165 : 0xa1ef481d2cfa7 : 2 : ittapi_config_apply_per_lib :  ITTAPI function NOT instrumented (not matched by --itt-config option): __itt_notify_sync_name

102165 : 0xa1ef481d2d35e : 2 : ittapi_config_apply_per_lib :  ITTAPI function NOT instrumented (not matched by --itt-config option): __itt_notify_sync_prepare

102165 : 0xa1ef481d2d702 : 2 : ittapi_config_apply_per_lib :  ITTAPI function NOT instrumented (not matched by --itt-config option): __itt_notify_sync_cancel

102165 : 0xa1ef481d2da84 : 2 : ittapi_config_apply_per_lib :  ITTAPI function NOT instrumented (not matched by --itt-config option): __itt_notify_sync_acquired

102165 : 0xa1ef481d2de00 : 2 : ittapi_config_apply_per_lib :  ITTAPI function NOT instrumented (not matched by --itt-config option): __itt_notify_sync_releasing

102165 : 0xa1ef481d2e5ed : 2 : ittapi_config_apply_per_lib :  ITTAPI function not implemented: __itt_memory_read
102165 : 0xa1ef481d302dc : 2 : ittapi_config_apply_per_lib :  ITTAPI function not implemented: __itt_memory_write
102165 : 0xa1ef481d30a87 : 2 : ittapi_config_apply_per_lib :  ITTAPI function not implemented: __itt_memory_update
102165 : 0xa1ef481d31271 : 2 : ittapi_config_apply_per_lib :  ITTAPI function not implemented: __itt_state_get
102165 : 0xa1ef481d319cc : 2 : ittapi_config_apply_per_lib :  ITTAPI function not implemented: __itt_state_set
102165 : 0xa1ef481d321b7 : 2 : ittapi_config_apply_per_lib :  ITTAPI function not implemented: __itt_obj_mode_set
102165 : 0xa1ef481d32947 : 2 : ittapi_config_apply_per_lib :  ITTAPI function not implemented: __itt_thr_mode_set
102165 : 0xa1ef481d33018 : 2 : ittapi_config_apply_per_lib :  ITTAPI function instrumented: __itt_frame_create
102165 : 0xa1ef481d336fc : 2 : ittapi_config_apply_per_lib :  ITTAPI function instrumented: __itt_pt_region_create
102165 : 0xa1ef481d33dd9 : 2 : ittapi_config_apply_per_lib :  ITTAPI function instrumented: __itt_frame_begin
102165 : 0xa1ef481d34506 : 2 : ittapi_config_apply_per_lib :  ITTAPI function instrumented: __itt_frame_end
102165 : 0xa1ef481d35af0 : 2 : ittapi_config_apply_per_lib :  ITTAPI function not implemented: __itt_counter_destroy
102165 : 0xa1ef481d36248 : 2 : ittapi_config_apply_per_lib :  ITTAPI function instrumented: __itt_counter_inc
102165 : 0xa1ef481d36984 : 2 : ittapi_config_apply_per_lib :  ITTAPI function instrumented: __itt_counter_inc_delta
102165 : 0xa1ef481d3702e : 2 : ittapi_config_apply_per_lib :  ITTAPI function instrumented: __itt_counter_dec
102165 : 0xa1ef481d3773f : 2 : ittapi_config_apply_per_lib :  ITTAPI function instrumented: __itt_counter_dec_delta
102165 : 0xa1ef481d37e20 : 2 : ittapi_config_apply_per_lib :  ITTAPI function instrumented: __itt_counter_set_value
102165 : 0xa1ef481d385bb : 2 : ittapi_config_apply_per_lib :  ITTAPI function not implemented: __itt_counter_set_value_ex
102165 : 0xa1ef481d38d0e : 2 : ittapi_config_apply_per_lib :  ITTAPI function not implemented: __itt_mark_create
102165 : 0xa1ef481d394bd : 2 : ittapi_config_apply_per_lib :  ITTAPI function not implemented: __itt_mark
102165 : 0xa1ef481d39c80 : 2 : ittapi_config_apply_per_lib :  ITTAPI function not implemented: __itt_mark_off
102165 : 0xa1ef481d3b314 : 2 : ittapi_config_apply_per_lib :  ITTAPI function not implemented: __itt_mark_global
102165 : 0xa1ef481d3bb34 : 2 : ittapi_config_apply_per_lib :  ITTAPI function not implemented: __itt_mark_global_off
102165 : 0xa1ef481d3c33a : 2 : ittapi_config_apply_per_lib :  ITTAPI function instrumented: __itt_stack_caller_create
102165 : 0xa1ef481d3cae3 : 2 : ittapi_config_apply_per_lib :  ITTAPI function instrumented: __itt_stack_caller_destroy
102165 : 0xa1ef481d3d269 : 2 : ittapi_config_apply_per_lib :  ITTAPI function instrumented: __itt_stack_callee_enter
102165 : 0xa1ef481d3d931 : 2 : ittapi_config_apply_per_lib :  ITTAPI function instrumented: __itt_stack_callee_leave
102165 : 0xa1ef481d3e109 : 2 : ittapi_config_apply_per_lib :  ITTAPI function not implemented: __itt_clock_domain_create
102165 : 0xa1ef481d3e8bf : 2 : ittapi_config_apply_per_lib :  ITTAPI function not implemented: __itt_clock_domain_reset
102165 : 0xa1ef481d3f05b : 2 : ittapi_config_apply_per_lib :  ITTAPI function not implemented: __itt_id_create_ex
102165 : 0xa1ef481d3f825 : 2 : ittapi_config_apply_per_lib :  ITTAPI function not implemented: __itt_id_destroy_ex
102165 : 0xa1ef481d41892 : 2 : ittapi_config_apply_per_lib :  ITTAPI function not implemented: __itt_task_begin_ex
102165 : 0xa1ef481d42030 : 2 : ittapi_config_apply_per_lib :  ITTAPI function not implemented: __itt_task_begin_fn_ex
102165 : 0xa1ef481d427db : 2 : ittapi_config_apply_per_lib :  ITTAPI function not implemented: __itt_task_end_ex
102165 : 0xa1ef481d42f2d : 2 : ittapi_config_apply_per_lib :  ITTAPI function instrumented: __itt_task_begin_overlapped
102165 : 0xa1ef481d436e6 : 2 : ittapi_config_apply_per_lib :  ITTAPI function not implemented: __itt_task_begin_overlapped_ex
102165 : 0xa1ef481d43e06 : 2 : ittapi_config_apply_per_lib :  ITTAPI function instrumented: __itt_task_end_overlapped
102165 : 0xa1ef481d445bb : 2 : ittapi_config_apply_per_lib :  ITTAPI function not implemented: __itt_task_end_overlapped_ex
102165 : 0xa1ef481d44d16 : 2 : ittapi_config_apply_per_lib :  ITTAPI function not implemented: __itt_marker_ex
102165 : 0xa1ef481d4553b : 2 : ittapi_config_apply_per_lib :  ITTAPI function not implemented: __itt_metadata_add_with_scope
102165 : 0xa1ef481d45d32 : 2 : ittapi_config_apply_per_lib :  ITTAPI function not implemented: __itt_metadata_str_add_with_scope
102165 : 0xa1ef481d4722c : 2 : ittapi_config_apply_per_lib :  ITTAPI function not implemented: __itt_relation_add_to_current_ex
102165 : 0xa1ef481d479fb : 2 : ittapi_config_apply_per_lib :  ITTAPI function not implemented: __itt_relation_add_ex
102165 : 0xa1ef481d481cb : 2 : ittapi_config_apply_per_lib :  ITTAPI function not implemented: __itt_track_group_create
102165 : 0xa1ef481d488f0 : 2 : ittapi_config_apply_per_lib :  ITTAPI function not implemented: __itt_track_create
102165 : 0xa1ef481d49058 : 2 : ittapi_config_apply_per_lib :  ITTAPI function not implemented: __itt_set_track
102165 : 0xa1ef481d49778 : 2 : ittapi_config_apply_per_lib :  ITTAPI function instrumented: __itt_api_version
102165 : 0xa1ef481d49ee8 : 2 : ittapi_config_apply_per_lib :  ITTAPI function not implemented: __itt_av_save
102165 : 0xa1ef481d4a642 : 2 : ittapi_config_apply_per_lib :  ITTAPI function instrumented: __itt_module_load
102165 : 0xa1ef481d4aec3 : 2 : ittapi_config_apply_per_lib :  ITTAPI function not implemented: __itt_module_unload
102165 : 0xa1ef481d94cb8 : 2 : ittapi_config_mask_get :  --itt-config mask to be applied: 55
102165 : 0xa1ef481d96ec6 : 2 : ittapi_config_apply_per_lib :  ITTAPI function instrumented: __itt_domain_create
102165 : 0xa1ef481d9770a : 2 : ittapi_config_apply_per_lib :  ITTAPI function instrumented: __itt_module_load_with_sections
102165 : 0xa1ef481d98050 : 2 : ittapi_config_apply_per_lib :  ITTAPI function not implemented: __itt_module_unload_with_sections
102165 : 0xa1ef481d987c3 : 2 : ittapi_config_apply_per_lib :  ITTAPI function instrumented: __itt_string_handle_create
102165 : 0xa1ef481d98e96 : 2 : ittapi_config_apply_per_lib :  ITTAPI function instrumented: __itt_counter_create
102165 : 0xa1ef481d9953e : 2 : ittapi_config_apply_per_lib :  ITTAPI function instrumented: __itt_counter_create_typed
102165 : 0xa1ef481d99c5e : 2 : ittapi_config_apply_per_lib :  ITTAPI function instrumented: __itt_pause
102165 : 0xa1ef481d9a356 : 2 : ittapi_config_apply_per_lib :  ITTAPI function instrumented: __itt_resume
102165 : 0xa1ef481d9a9be : 2 : ittapi_config_apply_per_lib :  ITTAPI function instrumented: __itt_thread_set_name
102165 : 0xa1ef481d9b12f : 2 : ittapi_config_apply_per_lib :  ITTAPI function instrumented: __itt_thread_ignore
102165 : 0xa1ef481d9c68b : 2 : ittapi_config_apply_per_lib :  ITTAPI function instrumented: __itt_thr_name_set
102165 : 0xa1ef481d9cdde : 2 : ittapi_config_apply_per_lib :  ITTAPI function instrumented: __itt_thr_ignore
102165 : 0xa1ef481d9d697 : 2 : ittapi_config_apply_per_lib :  ITTAPI function not implemented: __itt_enable_attach
102165 : 0xa1ef481d9dd81 : 2 : ittapi_config_apply_per_lib :  ITTAPI function instrumented: __itt_detach
102165 : 0xa1ef481d9e1a5 : 2 : ittapi_config_apply_per_lib :  ITTAPI function NOT instrumented (not matched by --itt-config option): __itt_sync_create

102165 : 0xa1ef481d9e597 : 2 : ittapi_config_apply_per_lib :  ITTAPI function NOT instrumented (not matched by --itt-config option): __itt_sync_rename

102165 : 0xa1ef481d9e940 : 2 : ittapi_config_apply_per_lib :  ITTAPI function NOT instrumented (not matched by --itt-config option): __itt_sync_destroy

102165 : 0xa1ef481d9ecfb : 2 : ittapi_config_apply_per_lib :  ITTAPI function NOT instrumented (not matched by --itt-config option): __itt_sync_prepare

102165 : 0xa1ef481d9f075 : 2 : ittapi_config_apply_per_lib :  ITTAPI function NOT instrumented (not matched by --itt-config option): __itt_sync_cancel

102165 : 0xa1ef481d9f3e3 : 2 : ittapi_config_apply_per_lib :  ITTAPI function NOT instrumented (not matched by --itt-config option): __itt_sync_acquired

102165 : 0xa1ef481da119e : 2 : ittapi_config_apply_per_lib :  ITTAPI function NOT instrumented (not matched by --itt-config option): __itt_sync_releasing

102165 : 0xa1ef481da1aa7 : 2 : ittapi_config_apply_per_lib :  ITTAPI function not implemented: __itt_suppress_push
102165 : 0xa1ef481da2319 : 2 : ittapi_config_apply_per_lib :  ITTAPI function not implemented: __itt_suppress_pop
102165 : 0xa1ef481da2b02 : 2 : ittapi_config_apply_per_lib :  ITTAPI function not implemented: __itt_suppress_mark_range
102165 : 0xa1ef481da32f4 : 2 : ittapi_config_apply_per_lib :  ITTAPI function not implemented: __itt_suppress_clear_range
102165 : 0xa1ef481da36a5 : 2 : ittapi_config_apply_per_lib :  ITTAPI function NOT instrumented (not matched by --itt-config option): __itt_sync_prepare

102165 : 0xa1ef481da3a49 : 2 : ittapi_config_apply_per_lib :  ITTAPI function NOT instrumented (not matched by --itt-config option): __itt_sync_cancel

102165 : 0xa1ef481da3dc6 : 2 : ittapi_config_apply_per_lib :  ITTAPI function NOT instrumented (not matched by --itt-config option): __itt_sync_acquired

102165 : 0xa1ef481da4132 : 2 : ittapi_config_apply_per_lib :  ITTAPI function NOT instrumented (not matched by --itt-config option): __itt_sync_releasing

102165 : 0xa1ef481da4540 : 2 : ittapi_config_apply_per_lib :  ITTAPI function NOT instrumented (not matched by --itt-config option): __itt_model_site_begin

102165 : 0xa1ef481da5688 : 2 : ittapi_config_apply_per_lib :  ITTAPI function NOT instrumented (not matched by --itt-config option): __itt_model_site_end

102165 : 0xa1ef481da5aa0 : 2 : ittapi_config_apply_per_lib :  ITTAPI function NOT instrumented (not matched by --itt-config option): __itt_model_task_begin

102165 : 0xa1ef481da5e4d : 2 : ittapi_config_apply_per_lib :  ITTAPI function NOT instrumented (not matched by --itt-config option): __itt_model_task_end

102165 : 0xa1ef481da61d5 : 2 : ittapi_config_apply_per_lib :  ITTAPI function NOT instrumented (not matched by --itt-config option): __itt_model_lock_acquire

102165 : 0xa1ef481da65b0 : 2 : ittapi_config_apply_per_lib :  ITTAPI function NOT instrumented (not matched by --itt-config option): __itt_model_lock_release

102165 : 0xa1ef481da6926 : 2 : ittapi_config_apply_per_lib :  ITTAPI function NOT instrumented (not matched by --itt-config option): __itt_model_record_allocation

102165 : 0xa1ef481da6c84 : 2 : ittapi_config_apply_per_lib :  ITTAPI function NOT instrumented (not matched by --itt-config option): __itt_model_record_deallocation

102165 : 0xa1ef481da701f : 2 : ittapi_config_apply_per_lib :  ITTAPI function NOT instrumented (not matched by --itt-config option): __itt_model_induction_uses

102165 : 0xa1ef481da73aa : 2 : ittapi_config_apply_per_lib :  ITTAPI function NOT instrumented (not matched by --itt-config option): __itt_model_reduction_uses

102165 : 0xa1ef481da7740 : 2 : ittapi_config_apply_per_lib :  ITTAPI function NOT instrumented (not matched by --itt-config option): __itt_model_observe_uses

102165 : 0xa1ef481da86df : 2 : ittapi_config_apply_per_lib :  ITTAPI function NOT instrumented (not matched by --itt-config option): __itt_model_clear_uses

102165 : 0xa1ef481da8ad1 : 2 : ittapi_config_apply_per_lib :  ITTAPI function NOT instrumented (not matched by --itt-config option): __itt_model_site_beginA

102165 : 0xa1ef481da8e60 : 2 : ittapi_config_apply_per_lib :  ITTAPI function NOT instrumented (not matched by --itt-config option): __itt_model_site_beginAL

102165 : 0xa1ef481da91da : 2 : ittapi_config_apply_per_lib :  ITTAPI function NOT instrumented (not matched by --itt-config option): __itt_model_task_beginA

102165 : 0xa1ef481da955f : 2 : ittapi_config_apply_per_lib :  ITTAPI function NOT instrumented (not matched by --itt-config option): __itt_model_task_beginAL

102165 : 0xa1ef481da9911 : 2 : ittapi_config_apply_per_lib :  ITTAPI function NOT instrumented (not matched by --itt-config option): __itt_model_iteration_taskA

102165 : 0xa1ef481da9c6c : 2 : ittapi_config_apply_per_lib :  ITTAPI function NOT instrumented (not matched by --itt-config option): __itt_model_iteration_taskAL

102165 : 0xa1ef481da9fb6 : 2 : ittapi_config_apply_per_lib :  ITTAPI function NOT instrumented (not matched by --itt-config option): __itt_model_site_end_2

102165 : 0xa1ef481daa33c : 2 : ittapi_config_apply_per_lib :  ITTAPI function NOT instrumented (not matched by --itt-config option): __itt_model_task_end_2

102165 : 0xa1ef481daa693 : 2 : ittapi_config_apply_per_lib :  ITTAPI function NOT instrumented (not matched by --itt-config option): __itt_model_lock_acquire_2

102165 : 0xa1ef481dabe38 : 2 : ittapi_config_apply_per_lib :  ITTAPI function NOT instrumented (not matched by --itt-config option): __itt_model_lock_release_2

102165 : 0xa1ef481dac238 : 2 : ittapi_config_apply_per_lib :  ITTAPI function NOT instrumented (not matched by --itt-config option): __itt_model_aggregate_task

102165 : 0xa1ef481dac5bf : 2 : ittapi_config_apply_per_lib :  ITTAPI function NOT instrumented (not matched by --itt-config option): __itt_model_disable_push

102165 : 0xa1ef481dac95f : 2 : ittapi_config_apply_per_lib :  ITTAPI function NOT instrumented (not matched by --itt-config option): __itt_model_disable_pop

102165 : 0xa1ef481dad0db : 2 : ittapi_config_apply_per_lib :  ITTAPI function instrumented: __itt_heap_function_create
102165 : 0xa1ef481dad803 : 2 : ittapi_config_apply_per_lib :  ITTAPI function instrumented: __itt_heap_allocate_begin
102165 : 0xa1ef481dadeb5 : 2 : ittapi_config_apply_per_lib :  ITTAPI function instrumented: __itt_heap_allocate_end
102165 : 0xa1ef481dae5cf : 2 : ittapi_config_apply_per_lib :  ITTAPI function instrumented: __itt_heap_free_begin
102165 : 0xa1ef481daec66 : 2 : ittapi_config_apply_per_lib :  ITTAPI function instrumented: __itt_heap_free_end
102165 : 0xa1ef481daf47e : 2 : ittapi_config_apply_per_lib :  ITTAPI function instrumented: __itt_heap_reallocate_begin
102165 : 0xa1ef481db08b2 : 2 : ittapi_config_apply_per_lib :  ITTAPI function instrumented: __itt_heap_reallocate_end
102165 : 0xa1ef481db10ef : 2 : ittapi_config_apply_per_lib :  ITTAPI function not implemented: __itt_heap_internal_access_begin
102165 : 0xa1ef481db18bb : 2 : ittapi_config_apply_per_lib :  ITTAPI function not implemented: __itt_heap_internal_access_end
102165 : 0xa1ef481db20b3 : 2 : ittapi_config_apply_per_lib :  ITTAPI function not implemented: __itt_heap_record_memory_growth_begin
102165 : 0xa1ef481db28ca : 2 : ittapi_config_apply_per_lib :  ITTAPI function not implemented: __itt_heap_record_memory_growth_end
102165 : 0xa1ef481db30b6 : 2 : ittapi_config_apply_per_lib :  ITTAPI function not implemented: __itt_heap_reset_detection
102165 : 0xa1ef481db38a0 : 2 : ittapi_config_apply_per_lib :  ITTAPI function not implemented: __itt_heap_record
102165 : 0xa1ef481db4011 : 2 : ittapi_config_apply_per_lib :  ITTAPI function not implemented: __itt_id_create
102165 : 0xa1ef481db4807 : 2 : ittapi_config_apply_per_lib :  ITTAPI function not implemented: __itt_id_destroy
102165 : 0xa1ef481db4f05 : 2 : ittapi_config_apply_per_lib :  ITTAPI function instrumented: __itt_get_timestamp
102165 : 0xa1ef481db639a : 2 : ittapi_config_apply_per_lib :  ITTAPI function not implemented: __itt_region_begin
102165 : 0xa1ef481db6bc2 : 2 : ittapi_config_apply_per_lib :  ITTAPI function not implemented: __itt_region_end
102165 : 0xa1ef481db731c : 2 : ittapi_config_apply_per_lib :  ITTAPI function instrumented: __itt_frame_begin_v3
102165 : 0xa1ef481db7ab5 : 2 : ittapi_config_apply_per_lib :  ITTAPI function instrumented: __itt_frame_end_v3
102165 : 0xa1ef481db81aa : 2 : ittapi_config_apply_per_lib :  ITTAPI function instrumented: __itt_frame_submit_v3
102165 : 0xa1ef481db8984 : 2 : ittapi_config_apply_per_lib :  ITTAPI function not implemented: __itt_task_group
102165 : 0xa1ef481db90fc : 2 : ittapi_config_apply_per_lib :  ITTAPI function instrumented: __itt_task_begin
102165 : 0xa1ef481db97f6 : 2 : ittapi_config_apply_per_lib :  ITTAPI function instrumented: __itt_task_begin_fn
102165 : 0xa1ef481db9ee8 : 2 : ittapi_config_apply_per_lib :  ITTAPI function instrumented: __itt_task_end
102165 : 0xa1ef481dba6c9 : 2 : ittapi_config_apply_per_lib :  ITTAPI function not implemented: __itt_counter_inc_v3
102165 : 0xa1ef481dbc334 : 2 : ittapi_config_apply_per_lib :  ITTAPI function not implemented: __itt_counter_inc_delta_v3
102165 : 0xa1ef481dbcb27 : 2 : ittapi_config_apply_per_lib :  ITTAPI function not implemented: __itt_counter_dec_v3
102165 : 0xa1ef481dbd2b0 : 2 : ittapi_config_apply_per_lib :  ITTAPI function not implemented: __itt_counter_dec_delta_v3
102165 : 0xa1ef481dbda59 : 2 : ittapi_config_apply_per_lib :  ITTAPI function not implemented: __itt_marker
102165 : 0xa1ef481dbe190 : 2 : ittapi_config_apply_per_lib :  ITTAPI function instrumented: __itt_metadata_add
102165 : 0xa1ef481dbe97e : 2 : ittapi_config_apply_per_lib :  ITTAPI function not implemented: __itt_metadata_str_add
102165 : 0xa1ef481dbf0f4 : 2 : ittapi_config_apply_per_lib :  ITTAPI function not implemented: __itt_relation_add_to_current
102165 : 0xa1ef481dbf888 : 2 : ittapi_config_apply_per_lib :  ITTAPI function not implemented: __itt_relation_add
102165 : 0xa1ef481dbff31 : 2 : ittapi_config_apply_per_lib :  ITTAPI function instrumented: __itt_event_create
102165 : 0xa1ef481dc060f : 2 : ittapi_config_apply_per_lib :  ITTAPI function instrumented: __itt_event_start
102165 : 0xa1ef481dc1b09 : 2 : ittapi_config_apply_per_lib :  ITTAPI function instrumented: __itt_event_end
102165 : 0xa1ef481dc1f1c : 2 : ittapi_config_apply_per_lib :  ITTAPI function NOT instrumented (not matched by --itt-config option): __itt_sync_set_name

102165 : 0xa1ef481dc2300 : 2 : ittapi_config_apply_per_lib :  ITTAPI function NOT instrumented (not matched by --itt-config option): __itt_notify_sync_name

102165 : 0xa1ef481dc26c7 : 2 : ittapi_config_apply_per_lib :  ITTAPI function NOT instrumented (not matched by --itt-config option): __itt_notify_sync_prepare

102165 : 0xa1ef481dc2a7c : 2 : ittapi_config_apply_per_lib :  ITTAPI function NOT instrumented (not matched by --itt-config option): __itt_notify_sync_cancel

102165 : 0xa1ef481dc2e1b : 2 : ittapi_config_apply_per_lib :  ITTAPI function NOT instrumented (not matched by --itt-config option): __itt_notify_sync_acquired

102165 : 0xa1ef481dc3183 : 2 : ittapi_config_apply_per_lib :  ITTAPI function NOT instrumented (not matched by --itt-config option): __itt_notify_sync_releasing

102165 : 0xa1ef481dc3927 : 2 : ittapi_config_apply_per_lib :  ITTAPI function not implemented: __itt_memory_read
102165 : 0xa1ef481dc40c9 : 2 : ittapi_config_apply_per_lib :  ITTAPI function not implemented: __itt_memory_write
102165 : 0xa1ef481dc481e : 2 : ittapi_config_apply_per_lib :  ITTAPI function not implemented: __itt_memory_update
102165 : 0xa1ef481dc5d1f : 2 : ittapi_config_apply_per_lib :  ITTAPI function not implemented: __itt_state_get
102165 : 0xa1ef481dc64d1 : 2 : ittapi_config_apply_per_lib :  ITTAPI function not implemented: __itt_state_set
102165 : 0xa1ef481dc6ce1 : 2 : ittapi_config_apply_per_lib :  ITTAPI function not implemented: __itt_obj_mode_set
102165 : 0xa1ef481dc74a6 : 2 : ittapi_config_apply_per_lib :  ITTAPI function not implemented: __itt_thr_mode_set
102165 : 0xa1ef481dc7b5a : 2 : ittapi_config_apply_per_lib :  ITTAPI function instrumented: __itt_frame_create
102165 : 0xa1ef481dc81e7 : 2 : ittapi_config_apply_per_lib :  ITTAPI function instrumented: __itt_pt_region_create
102165 : 0xa1ef481dc88cb : 2 : ittapi_config_apply_per_lib :  ITTAPI function instrumented: __itt_frame_begin
102165 : 0xa1ef481dc9018 : 2 : ittapi_config_apply_per_lib :  ITTAPI function instrumented: __itt_frame_end
102165 : 0xa1ef481dc97e3 : 2 : ittapi_config_apply_per_lib :  ITTAPI function not implemented: __itt_counter_destroy
102165 : 0xa1ef481dc9f0c : 2 : ittapi_config_apply_per_lib :  ITTAPI function instrumented: __itt_counter_inc
102165 : 0xa1ef481dcba48 : 2 : ittapi_config_apply_per_lib :  ITTAPI function instrumented: __itt_counter_inc_delta
102165 : 0xa1ef481dcc12f : 2 : ittapi_config_apply_per_lib :  ITTAPI function instrumented: __itt_counter_dec
102165 : 0xa1ef481dcc800 : 2 : ittapi_config_apply_per_lib :  ITTAPI function instrumented: __itt_counter_dec_delta
102165 : 0xa1ef481dccec0 : 2 : ittapi_config_apply_per_lib :  ITTAPI function instrumented: __itt_counter_set_value
102165 : 0xa1ef481dceb50 : 2 : ittapi_config_apply_per_lib :  ITTAPI function not implemented: __itt_counter_set_value_ex
102165 : 0xa1ef481dcf307 : 2 : ittapi_config_apply_per_lib :  ITTAPI function not implemented: __itt_mark_create
102165 : 0xa1ef481dcfb03 : 2 : ittapi_config_apply_per_lib :  ITTAPI function not implemented: __itt_mark
102165 : 0xa1ef481dd02eb : 2 : ittapi_config_apply_per_lib :  ITTAPI function not implemented: __itt_mark_off
102165 : 0xa1ef481dd0a4f : 2 : ittapi_config_apply_per_lib :  ITTAPI function not implemented: __itt_mark_global
102165 : 0xa1ef481dd1198 : 2 : ittapi_config_apply_per_lib :  ITTAPI function not implemented: __itt_mark_global_off
102165 : 0xa1ef481dd3055 : 2 : ittapi_config_apply_per_lib :  ITTAPI function instrumented: __itt_stack_caller_create
102165 : 0xa1ef481dd3851 : 2 : ittapi_config_apply_per_lib :  ITTAPI function instrumented: __itt_stack_caller_destroy
102165 : 0xa1ef481dd3f8a : 2 : ittapi_config_apply_per_lib :  ITTAPI function instrumented: __itt_stack_callee_enter
102165 : 0xa1ef481dd4613 : 2 : ittapi_config_apply_per_lib :  ITTAPI function instrumented: __itt_stack_callee_leave
102165 : 0xa1ef481dd4df5 : 2 : ittapi_config_apply_per_lib :  ITTAPI function not implemented: __itt_clock_domain_create
102165 : 0xa1ef481dd55de : 2 : ittapi_config_apply_per_lib :  ITTAPI function not implemented: __itt_clock_domain_reset
102165 : 0xa1ef481dd5d4d : 2 : ittapi_config_apply_per_lib :  ITTAPI function not implemented: __itt_id_create_ex
102165 : 0xa1ef481dd650a : 2 : ittapi_config_apply_per_lib :  ITTAPI function not implemented: __itt_id_destroy_ex
102165 : 0xa1ef481dd6c99 : 2 : ittapi_config_apply_per_lib :  ITTAPI function not implemented: __itt_task_begin_ex
102165 : 0xa1ef481dd73cf : 2 : ittapi_config_apply_per_lib :  ITTAPI function not implemented: __itt_task_begin_fn_ex
102165 : 0xa1ef481dd88c3 : 2 : ittapi_config_apply_per_lib :  ITTAPI function not implemented: __itt_task_end_ex
102165 : 0xa1ef481dd902b : 2 : ittapi_config_apply_per_lib :  ITTAPI function instrumented: __itt_task_begin_overlapped
102165 : 0xa1ef481dd980a : 2 : ittapi_config_apply_per_lib :  ITTAPI function not implemented: __itt_task_begin_overlapped_ex
102165 : 0xa1ef481dd9f0b : 2 : ittapi_config_apply_per_lib :  ITTAPI function instrumented: __itt_task_end_overlapped
102165 : 0xa1ef481dda6b4 : 2 : ittapi_config_apply_per_lib :  ITTAPI function not implemented: __itt_task_end_overlapped_ex
102165 : 0xa1ef481ddadf5 : 2 : ittapi_config_apply_per_lib :  ITTAPI function not implemented: __itt_marker_ex
102165 : 0xa1ef481ddb59f : 2 : ittapi_config_apply_per_lib :  ITTAPI function not implemented: __itt_metadata_add_with_scope
102165 : 0xa1ef481ddbdb8 : 2 : ittapi_config_apply_per_lib :  ITTAPI function not implemented: __itt_metadata_str_add_with_scope
102165 : 0xa1ef481ddc534 : 2 : ittapi_config_apply_per_lib :  ITTAPI function not implemented: __itt_relation_add_to_current_ex
102165 : 0xa1ef481ddccae : 2 : ittapi_config_apply_per_lib :  ITTAPI function not implemented: __itt_relation_add_ex
102165 : 0xa1ef481ddec16 : 2 : ittapi_config_apply_per_lib :  ITTAPI function not implemented: __itt_track_group_create
102165 : 0xa1ef481ddf380 : 2 : ittapi_config_apply_per_lib :  ITTAPI function not implemented: __itt_track_create
102165 : 0xa1ef481ddfb0b : 2 : ittapi_config_apply_per_lib :  ITTAPI function not implemented: __itt_set_track
102165 : 0xa1ef481de022e : 2 : ittapi_config_apply_per_lib :  ITTAPI function instrumented: __itt_api_version
102165 : 0xa1ef481de09b6 : 2 : ittapi_config_apply_per_lib :  ITTAPI function not implemented: __itt_av_save
102165 : 0xa1ef481de10bb : 2 : ittapi_config_apply_per_lib :  ITTAPI function instrumented: __itt_module_load
102165 : 0xa1ef481de1866 : 2 : ittapi_config_apply_per_lib :  ITTAPI function not implemented: __itt_module_unload