
1954130 : 0xaca45bc15b952 : 1 : spill_jit_data :  Jit agent is not initialized
1954110 : 0xaca45bc15e365 : 2 : ittapi_config_mask_get :  --itt-config mask to be applied: 55
1954110 : 0xaca45bc16098d : 2 : ittapi_config_apply_per_lib :  ITTAPI function instrumented: __itt_domain_create
1954110 : 0xaca45bc1612fc : 2 : ittapi_config_apply_per_lib :  ITTAPI function instrumented: __itt_module_load_with_sections
1954110 : 0xaca45bc161f45 : 2 : ittapi_config_apply_per_lib :  ITTAPI function not implemented: __itt_module_unload_with_sections
1954110 : 0xaca45bc1627a6 : 2 : ittapi_config_apply_per_lib :  ITTAPI function instrumented: __itt_string_handle_create
1954110 : 0xaca45bc162eb1 : 2 : ittapi_config_apply_per_lib :  ITTAPI function instrumented: __itt_counter_create
1954110 : 0xaca45bc16351d : 2 : ittapi_config_apply_per_lib :  ITTAPI function instrumented: __itt_counter_create_typed
1954110 : 0xaca45bc163d79 : 2 : ittapi_config_apply_per_lib :  ITTAPI function instrumented: __itt_pause
1954110 : 0xaca45bc16445e : 2 : ittapi_config_apply_per_lib :  ITTAPI function instrumented: __itt_resume
1954110 : 0xaca45bc16a348 : 2 : ittapi_config_apply_per_lib :  ITTAPI function instrumented: __itt_thread_set_name
1954110 : 0xaca45bc16ab90 : 2 : ittapi_config_apply_per_lib :  ITTAPI function instrumented: __itt_thread_ignore
1954110 : 0xaca45bc16b279 : 2 : ittapi_config_apply_per_lib :  ITTAPI function instrumented: __itt_thr_name_set
1954110 : 0xaca45bc16b92d : 2 : ittapi_config_apply_per_lib :  ITTAPI function instrumented: __itt_thr_ignore
1954110 : 0xaca45bc16c363 : 2 : ittapi_config_apply_per_lib :  ITTAPI function not implemented: __itt_enable_attach
1954110 : 0xaca45bc16cb3a : 2 : ittapi_config_apply_per_lib :  ITTAPI function instrumented: __itt_detach
1954110 : 0xaca45bc16cf01 : 2 : ittapi_config_apply_per_lib :  ITTAPI function NOT instrumented (not matched by --itt-config option): __itt_sync_create

1954110 : 0xaca45bc16d3c4 : 2 : ittapi_config_apply_per_lib :  ITTAPI function NOT instrumented (not matched by --itt-config option): __itt_sync_rename

1954110 : 0xaca45bc16d78c : 2 : ittapi_config_apply_per_lib :  ITTAPI function NOT instrumented (not matched by --itt-config option): __itt_sync_destroy

1954110 : 0xaca45bc16db99 : 2 : ittapi_config_apply_per_lib :  ITTAPI function NOT instrumented (not matched by --itt-config option): __itt_sync_prepare

1954110 : 0xaca45bc16f004 : 2 : ittapi_config_apply_per_lib :  ITTAPI function NOT instrumented (not matched by --itt-config option): __itt_sync_cancel

1954110 : 0xaca45bc16f40e : 2 : ittapi_config_apply_per_lib :  ITTAPI function NOT instrumented (not matched by --itt-config option): __itt_sync_acquired

1954110 : 0xaca45bc16f76e : 2 : ittapi_config_apply_per_lib :  ITTAPI function NOT instrumented (not matched by --itt-config option): __itt_sync_releasing

1954110 : 0xaca45bc16fff7 : 2 : ittapi_config_apply_per_lib :  ITTAPI function not implemented: __itt_suppress_push
1954110 : 0xaca45bc170891 : 2 : ittapi_config_apply_per_lib :  ITTAPI function not implemented: __itt_suppress_pop
1954110 : 0xaca45bc170fed : 2 : ittapi_config_apply_per_lib :  ITTAPI function not implemented: __itt_suppress_mark_range
1954110 : 0xaca45bc171793 : 2 : ittapi_config_apply_per_lib :  ITTAPI function not implemented: __itt_suppress_clear_range
1954110 : 0xaca45bc171afb : 2 : ittapi_config_apply_per_lib :  ITTAPI function NOT instrumented (not matched by --itt-config option): __itt_sync_prepare

1954110 : 0xaca45bc171ec0 : 2 : ittapi_config_apply_per_lib :  ITTAPI function NOT instrumented (not matched by --itt-config option): __itt_sync_cancel

1954110 : 0xaca45bc172231 : 2 : ittapi_config_apply_per_lib :  ITTAPI function NOT instrumented (not matched by --itt-config option): __itt_sync_acquired

1954110 : 0xaca45bc1732c1 : 2 : ittapi_config_apply_per_lib :  ITTAPI function NOT instrumented (not matched by --itt-config option): __itt_sync_releasing

1954110 : 0xaca45bc1736d8 : 2 : ittapi_config_apply_per_lib :  ITTAPI function NOT instrumented (not matched by --itt-config option): __itt_model_site_begin

1954110 : 0xaca45bc173a87 : 2 : ittapi_config_apply_per_lib :  ITTAPI function NOT instrumented (not matched by --itt-config option): __itt_model_site_end

1954110 : 0xaca45bc173e07 : 2 : ittapi_config_apply_per_lib :  ITTAPI function NOT instrumented (not matched by --itt-config option): __itt_model_task_begin

1954110 : 0xaca45bc174186 : 2 : ittapi_config_apply_per_lib :  ITTAPI function NOT instrumented (not matched by --itt-config option): __itt_model_task_end

1954110 : 0xaca45bc1744ee : 2 : ittapi_config_apply_per_lib :  ITTAPI function NOT instrumented (not matched by --itt-config option): __itt_model_lock_acquire

1954110 : 0xaca45bc1748eb : 2 : ittapi_config_apply_per_lib :  ITTAPI function NOT instrumented (not matched by --itt-config option): __itt_model_lock_release

1954110 : 0xaca45bc174c65 : 2 : ittapi_config_apply_per_lib :  ITTAPI function NOT instrumented (not matched by --itt-config option): __itt_model_record_allocation

1954110 : 0xaca45bc174faa : 2 : ittapi_config_apply_per_lib :  ITTAPI function NOT instrumented (not matched by --itt-config option): __itt_model_record_deallocation

1954110 : 0xaca45bc1752e2 : 2 : ittapi_config_apply_per_lib :  ITTAPI function NOT instrumented (not matched by --itt-config option): __itt_model_induction_uses

1954110 : 0xaca45bc1774c6 : 2 : ittapi_config_apply_per_lib :  ITTAPI function NOT instrumented (not matched by --itt-config option): __itt_model_reduction_uses

1954110 : 0xaca45bc1778c6 : 2 : ittapi_config_apply_per_lib :  ITTAPI function NOT instrumented (not matched by --itt-config option): __itt_model_observe_uses

1954110 : 0xaca45bc177c49 : 2 : ittapi_config_apply_per_lib :  ITTAPI function NOT instrumented (not matched by --itt-config option): __itt_model_clear_uses

1954110 : 0xaca45bc177fe7 : 2 : ittapi_config_apply_per_lib :  ITTAPI function NOT instrumented (not matched by --itt-config option): __itt_model_site_beginA

1954110 : 0xaca45bc178385 : 2 : ittapi_config_apply_per_lib :  ITTAPI function NOT instrumented (not matched by --itt-config option): __itt_model_site_beginAL

1954110 : 0xaca45bc1786ff : 2 : ittapi_config_apply_per_lib :  ITTAPI function NOT instrumented (not matched by --itt-config option): __itt_model_task_beginA

1954110 : 0xaca45bc178a7b : 2 : ittapi_config_apply_per_lib :  ITTAPI function NOT instrumented (not matched by --itt-config option): __itt_model_task_beginAL

1954110 : 0xaca45bc178ded : 2 : ittapi_config_apply_per_lib :  ITTAPI function NOT instrumented (not matched by --itt-config option): __itt_model_iteration_taskA

1954110 : 0xaca45bc179141 : 2 : ittapi_config_apply_per_lib :  ITTAPI function NOT instrumented (not matched by --itt-config option): __itt_model_iteration_taskAL

1954110 : 0xaca45bc17947a : 2 : ittapi_config_apply_per_lib :  ITTAPI function NOT instrumented (not matched by --itt-config option): __itt_model_site_end_2

1954110 : 0xaca45bc17a3ef : 2 : ittapi_config_apply_per_lib :  ITTAPI function NOT instrumented (not matched by --itt-config option): __itt_model_task_end_2

1954110 : 0xaca45bc17a788 : 2 : ittapi_config_apply_per_lib :  ITTAPI function NOT instrumented (not matched by --itt-config option): __itt_model_lock_acquire_2

1954110 : 0xaca45bc17ab2f : 2 : ittapi_config_apply_per_lib :  ITTAPI function NOT instrumented (not matched by --itt-config option): __itt_model_lock_release_2

1954110 : 0xaca45bc17aea1 : 2 : ittapi_config_apply_per_lib :  ITTAPI function NOT instrumented (not matched by --itt-config option): __itt_model_aggregate_task

1954110 : 0xaca45bc17b229 : 2 : ittapi_config_apply_per_lib :  ITTAPI function NOT instrumented (not matched by --itt-config option): __itt_model_disable_push

1954110 : 0xaca45bc17b56b : 2 : ittapi_config_apply_per_lib :  ITTAPI function NOT instrumented (not matched by --itt-config option): __itt_model_disable_pop

1954110 : 0xaca45bc17bc94 : 2 : ittapi_config_apply_per_lib :  ITTAPI function instrumented: __itt_heap_function_create
1954110 : 0xaca45bc17c3a6 : 2 : ittapi_config_apply_per_lib :  ITTAPI function instrumented: __itt_heap_allocate_begin
1954110 : 0xaca45bc17ca25 : 2 : ittapi_config_apply_per_lib :  ITTAPI function instrumented: __itt_heap_allocate_end
1954110 : 0xaca45bc17d0f0 : 2 : ittapi_config_apply_per_lib :  ITTAPI function instrumented: __itt_heap_free_begin
1954110 : 0xaca45bc17ec7b : 2 : ittapi_config_apply_per_lib :  ITTAPI function instrumented: __itt_heap_free_end
1954110 : 0xaca45bc17f370 : 2 : ittapi_config_apply_per_lib :  ITTAPI function instrumented: __itt_heap_reallocate_begin
1954110 : 0xaca45bc17f994 : 2 : ittapi_config_apply_per_lib :  ITTAPI function instrumented: __itt_heap_reallocate_end
1954110 : 0xaca45bc180190 : 2 : ittapi_config_apply_per_lib :  ITTAPI function not implemented: __itt_heap_internal_access_begin
1954110 : 0xaca45bc1808d3 : 2 : ittapi_config_apply_per_lib :  ITTAPI function not implemented: __itt_heap_internal_access_end
1954110 : 0xaca45bc181066 : 2 : ittapi_config_apply_per_lib :  ITTAPI function not implemented: __itt_heap_record_memory_growth_begin
1954110 : 0xaca45bc1817d8 : 2 : ittapi_config_apply_per_lib :  ITTAPI function not implemented: __itt_heap_record_memory_growth_end
1954110 : 0xaca45bc181f6b : 2 : ittapi_config_apply_per_lib :  ITTAPI function not implemented: __itt_heap_reset_detection
1954110 : 0xaca45bc182750 : 2 : ittapi_config_apply_per_lib :  ITTAPI function not implemented: __itt_heap_record
1954110 : 0xaca45bc182ec5 : 2 : ittapi_config_apply_per_lib :  ITTAPI function not implemented: __itt_id_create
1954110 : 0xaca45bc184380 : 2 : ittapi_config_apply_per_lib :  ITTAPI function not implemented: __itt_id_destroy
1954110 : 0xaca45bc184ade : 2 : ittapi_config_apply_per_lib :  ITTAPI function instrumented: __itt_get_timestamp
1954110 : 0xaca45bc1851fb : 2 : ittapi_config_apply_per_lib :  ITTAPI function not implemented: __itt_region_begin
1954110 : 0xaca45bc1859b5 : 2 : ittapi_config_apply_per_lib :  ITTAPI function not implemented: __itt_region_end
1954110 : 0xaca45bc1860c8 : 2 : ittapi_config_apply_per_lib :  ITTAPI function instrumented: __itt_frame_begin_v3
1954110 : 0xaca45bc18687e : 2 : ittapi_config_apply_per_lib :  ITTAPI function instrumented: __itt_frame_end_v3
1954110 : 0xaca45bc186f28 : 2 : ittapi_config_apply_per_lib :  ITTAPI function instrumented: __itt_frame_submit_v3
1954110 : 0xaca45bc187694 : 2 : ittapi_config_apply_per_lib :  ITTAPI function not implemented: __itt_task_group
1954110 : 0xaca45bc187e1e : 2 : ittapi_config_apply_per_lib :  ITTAPI function instrumented: __itt_task_begin
1954110 : 0xaca45bc1884c2 : 2 : ittapi_config_apply_per_lib :  ITTAPI function instrumented: __itt_task_begin_fn
1954110 : 0xaca45bc1897ec : 2 : ittapi_config_apply_per_lib :  ITTAPI function instrumented: __itt_task_end
1954110 : 0xaca45bc18a035 : 2 : ittapi_config_apply_per_lib :  ITTAPI function not implemented: __itt_counter_inc_v3
1954110 : 0xaca45bc18a80d : 2 : ittapi_config_apply_per_lib :  ITTAPI function not implemented: __itt_counter_inc_delta_v3
1954110 : 0xaca45bc18af99 : 2 : ittapi_config_apply_per_lib :  ITTAPI function not implemented: __itt_counter_dec_v3
1954110 : 0xaca45bc18b6f3 : 2 : ittapi_config_apply_per_lib :  ITTAPI function not implemented: __itt_counter_dec_delta_v3
1954110 : 0xaca45bc18be3a : 2 : ittapi_config_apply_per_lib :  ITTAPI function not implemented: __itt_marker
1954110 : 0xaca45bc18c4fc : 2 : ittapi_config_apply_per_lib :  ITTAPI function instrumented: __itt_metadata_add
1954110 : 0xaca45bc18cc92 : 2 : ittapi_config_apply_per_lib :  ITTAPI function not implemented: __itt_metadata_str_add
1954110 : 0xaca45bc18d394 : 2 : ittapi_config_apply_per_lib :  ITTAPI function not implemented: __itt_relation_add_to_current
1954110 : 0xaca45bc18daef : 2 : ittapi_config_apply_per_lib :  ITTAPI function not implemented: __itt_relation_add
1954110 : 0xaca45bc18ed5c : 2 : ittapi_config_apply_per_lib :  ITTAPI function instrumented: __itt_event_create
1954110 : 0xaca45bc18f4c4 : 2 : ittapi_config_apply_per_lib :  ITTAPI function instrumented: __itt_event_start
1954110 : 0xaca45bc18fbaf : 2 : ittapi_config_apply_per_lib :  ITTAPI function instrumented: __itt_event_end
1954110 : 0xaca45bc18ff36 : 2 : ittapi_config_apply_per_lib :  ITTAPI function NOT instrumented (not matched by --itt-config option): __itt_sync_set_name

1954110 : 0xaca45bc1902f9 : 2 : ittapi_config_apply_per_lib :  ITTAPI function NOT instrumented (not matched by --itt-config option): __itt_notify_sync_name

1954110 : 0xaca45bc190691 : 2 : ittapi_config_apply_per_lib :  ITTAPI function NOT instrumented (not matched by --itt-config option): __itt_notify_sync_prepare

1954110 : 0xaca45bc190a22 : 2 : ittapi_config_apply_per_lib :  ITTAPI function NOT instrumented (not matched by --itt-config option): __itt_notify_sync_cancel

1954110 : 0xaca45bc190dac : 2 : ittapi_config_apply_per_lib :  ITTAPI function NOT instrumented (not matched by --itt-config option): __itt_notify_sync_acquired

1954110 : 0xaca45bc19111c : 2 : ittapi_config_apply_per_lib :  ITTAPI function NOT instrumented (not matched by --itt-config option): __itt_notify_sync_releasing

1954110 : 0xaca45bc191889 : 2 : ittapi_config_apply_per_lib :  ITTAPI function not implemented: __itt_memory_read
1954110 : 0xaca45bc193426 : 2 : ittapi_config_apply_per_lib :  ITTAPI function not implemented: __itt_memory_write
1954110 : 0xaca45bc193b9b : 2 : ittapi_config_apply_per_lib :  ITTAPI function not implemented: __itt_memory_update
1954110 : 0xaca45bc19430e : 2 : ittapi_config_apply_per_lib :  ITTAPI function not implemented: __itt_state_get
1954110 : 0xaca45bc1949ef : 2 : ittapi_config_apply_per_lib :  ITTAPI function not implemented: __itt_state_set
1954110 : 0xaca45bc195188 : 2 : ittapi_config_apply_per_lib :  ITTAPI function not implemented: __itt_obj_mode_set
1954110 : 0xaca45bc19588f : 2 : ittapi_config_apply_per_lib :  ITTAPI function not implemented: __itt_thr_mode_set
1954110 : 0xaca45bc195ed9 : 2 : ittapi_config_apply_per_lib :  ITTAPI function instrumented: __itt_frame_create
1954110 : 0xaca45bc196523 : 2 : ittapi_config_apply_per_lib :  ITTAPI function instrumented: __itt_pt_region_create
1954110 : 0xaca45bc196bb5 : 2 : ittapi_config_apply_per_lib :  ITTAPI function instrumented: __itt_frame_begin
1954110 : 0xaca45bc197251 : 2 : ittapi_config_apply_per_lib :  ITTAPI function instrumented: __itt_frame_end
1954110 : 0xaca45bc1986a0 : 2 : ittapi_config_apply_per_lib :  ITTAPI function not implemented: __itt_counter_destroy
1954110 : 0xaca45bc198db8 : 2 : ittapi_config_apply_per_lib :  ITTAPI function instrumented: __itt_counter_inc
1954110 : 0xaca45bc1994ad : 2 : ittapi_config_apply_per_lib :  ITTAPI function instrumented: __itt_counter_inc_delta
1954110 : 0xaca45bc199abc : 2 : ittapi_config_apply_per_lib :  ITTAPI function instrumented: __itt_counter_dec
1954110 : 0xaca45bc19a17c : 2 : ittapi_config_apply_per_lib :  ITTAPI function instrumented: __itt_counter_dec_delta
1954110 : 0xaca45bc19a810 : 2 : ittapi_config_apply_per_lib :  ITTAPI function instrumented: __itt_counter_set_value
1954110 : 0xaca45bc19af24 : 2 : ittapi_config_apply_per_lib :  ITTAPI function not implemented: __itt_counter_set_value_ex
1954110 : 0xaca45bc19b612 : 2 : ittapi_config_apply_per_lib :  ITTAPI function not implemented: __itt_mark_create
1954110 : 0xaca45bc19bd6b : 2 : ittapi_config_apply_per_lib :  ITTAPI function not implemented: __itt_mark
1954110 : 0xaca45bc19c4e2 : 2 : ittapi_config_apply_per_lib :  ITTAPI function not implemented: __itt_mark_off
1954110 : 0xaca45bc19d81b : 2 : ittapi_config_apply_per_lib :  ITTAPI function not implemented: __itt_mark_global
1954110 : 0xaca45bc19df54 : 2 : ittapi_config_apply_per_lib :  ITTAPI function not implemented: __itt_mark_global_off
1954110 : 0xaca45bc19e6b1 : 2 : ittapi_config_apply_per_lib :  ITTAPI function instrumented: __itt_stack_caller_create
1954110 : 0xaca45bc19ed77 : 2 : ittapi_config_apply_per_lib :  ITTAPI function instrumented: __itt_stack_caller_destroy
1954110 : 0xaca45bc19f43b : 2 : ittapi_config_apply_per_lib :  ITTAPI function instrumented: __itt_stack_callee_enter
1954110 : 0xaca45bc19fa86 : 2 : ittapi_config_apply_per_lib :  ITTAPI function instrumented: __itt_stack_callee_leave
1954110 : 0xaca45bc1a0219 : 2 : ittapi_config_apply_per_lib :  ITTAPI function not implemented: __itt_clock_domain_create
1954110 : 0xaca45bc1a094c : 2 : ittapi_config_apply_per_lib :  ITTAPI function not implemented: __itt_clock_domain_reset
1954110 : 0xaca45bc1a1097 : 2 : ittapi_config_apply_per_lib :  ITTAPI function not implemented: __itt_id_create_ex
1954110 : 0xaca45bc1a17e1 : 2 : ittapi_config_apply_per_lib :  ITTAPI function not implemented: __itt_id_destroy_ex
1954110 : 0xaca45bc1a32f2 : 2 : ittapi_config_apply_per_lib :  ITTAPI function not implemented: __itt_task_begin_ex
1954110 : 0xaca45bc1a3a6f : 2 : ittapi_config_apply_per_lib :  ITTAPI function not implemented: __itt_task_begin_fn_ex
1954110 : 0xaca45bc1a418e : 2 : ittapi_config_apply_per_lib :  ITTAPI function not implemented: __itt_task_end_ex
1954110 : 0xaca45bc1a485e : 2 : ittapi_config_apply_per_lib :  ITTAPI function instrumented: __itt_task_begin_overlapped
1954110 : 0xaca45bc1a4f96 : 2 : ittapi_config_apply_per_lib :  ITTAPI function not implemented: __itt_task_begin_overlapped_ex
1954110 : 0xaca45bc1a6600 : 2 : ittapi_config_apply_per_lib :  ITTAPI function instrumented: __itt_task_end_overlapped
1954110 : 0xaca45bc1a6de9 : 2 : ittapi_config_apply_per_lib :  ITTAPI function not implemented: __itt_task_end_overlapped_ex
1954110 : 0xaca45bc1a74c6 : 2 : ittapi_config_apply_per_lib :  ITTAPI function not implemented: __itt_marker_ex
1954110 : 0xaca45bc1a7c7a : 2 : ittapi_config_apply_per_lib :  ITTAPI function not implemented: __itt_metadata_add_with_scope
1954110 : 0xaca45bc1a840a : 2 : ittapi_config_apply_per_lib :  ITTAPI function not implemented: __itt_metadata_str_add_with_scope
1954110 : 0xaca45bc1a9df7 : 2 : ittapi_config_apply_per_lib :  ITTAPI function not implemented: __itt_relation_add_to_current_ex
1954110 : 0xaca45bc1aa515 : 2 : ittapi_config_apply_per_lib :  ITTAPI function not implemented: __itt_relation_add_ex
1954110 : 0xaca45bc1aad06 : 2 : ittapi_config_apply_per_lib :  ITTAPI function not implemented: __itt_track_group_create
1954110 : 0xaca45bc1ab3c0 : 2 : ittapi_config_apply_per_lib :  ITTAPI function not implemented: __itt_track_create
1954110 : 0xaca45bc1abacb : 2 : ittapi_config_apply_per_lib :  ITTAPI function not implemented: __itt_set_track
1954110 : 0xaca45bc1ac153 : 2 : ittapi_config_apply_per_lib :  ITTAPI function instrumented: __itt_api_version
1954110 : 0xaca45bc1ac850 : 2 : ittapi_config_apply_per_lib :  ITTAPI function not implemented: __itt_av_save
1954110 : 0xaca45bc1acefb : 2 : ittapi_config_apply_per_lib :  ITTAPI function instrumented: __itt_module_load
1954110 : 0xaca45bc1ad62f : 2 : ittapi_config_apply_per_lib :  ITTAPI function not implemented: __itt_module_unload
1954110 : 0xaca45bc1f5798 : 2 : ittapi_config_mask_get :  --itt-config mask to be applied: 55
1954110 : 0xaca45bc1f7845 : 2 : ittapi_config_apply_per_lib :  ITTAPI function instrumented: __itt_domain_create
1954110 : 0xaca45bc1f80df : 2 : ittapi_config_apply_per_lib :  ITTAPI function instrumented: __itt_module_load_with_sections
1954110 : 0xaca45bc1f89df : 2 : ittapi_config_apply_per_lib :  ITTAPI function not implemented: __itt_module_unload_with_sections
1954110 : 0xaca45bc1f90d8 : 2 : ittapi_config_apply_per_lib :  ITTAPI function instrumented: __itt_string_handle_create
1954110 : 0xaca45bc1f976c : 2 : ittapi_config_apply_per_lib :  ITTAPI function instrumented: __itt_counter_create
1954110 : 0xaca45bc1f9da1 : 2 : ittapi_config_apply_per_lib :  ITTAPI function instrumented: __itt_counter_create_typed
1954110 : 0xaca45bc1fa44c : 2 : ittapi_config_apply_per_lib :  ITTAPI function instrumented: __itt_pause
1954110 : 0xaca45bc1fab02 : 2 : ittapi_config_apply_per_lib :  ITTAPI function instrumented: __itt_resume
1954110 : 0xaca45bc1fb131 : 2 : ittapi_config_apply_per_lib :  ITTAPI function instrumented: __itt_thread_set_name
1954110 : 0xaca45bc1fb844 : 2 : ittapi_config_apply_per_lib :  ITTAPI function instrumented: __itt_thread_ignore
1954110 : 0xaca45bc1fcc9b : 2 : ittapi_config_apply_per_lib :  ITTAPI function instrumented: __itt_thr_name_set
1954110 : 0xaca45bc1fd39e : 2 : ittapi_config_apply_per_lib :  ITTAPI function instrumented: __itt_thr_ignore
1954110 : 0xaca45bc1fdb9d : 2 : ittapi_config_apply_per_lib :  ITTAPI function not implemented: __itt_enable_attach
1954110 : 0xaca45bc1fe29f : 2 : ittapi_config_apply_per_lib :  ITTAPI function instrumented: __itt_detach
1954110 : 0xaca45bc1fe669 : 2 : ittapi_config_apply_per_lib :  ITTAPI function NOT instrumented (not matched by --itt-config option): __itt_sync_create

1954110 : 0xaca45bc1fea44 : 2 : ittapi_config_apply_per_lib :  ITTAPI function NOT instrumented (not matched by --itt-config option): __itt_sync_rename

1954110 : 0xaca45bc1feddf : 2 : ittapi_config_apply_per_lib :  ITTAPI function NOT instrumented (not matched by --itt-config option): __itt_sync_destroy

1954110 : 0xaca45bc1ff1c1 : 2 : ittapi_config_apply_per_lib :  ITTAPI function NOT instrumented (not matched by --itt-config option): __itt_sync_prepare

1954110 : 0xaca45bc1ff547 : 2 : ittapi_config_apply_per_lib :  ITTAPI function NOT instrumented (not matched by --itt-config option): __itt_sync_cancel

1954110 : 0xaca45bc1ff8a5 : 2 : ittapi_config_apply_per_lib :  ITTAPI function NOT instrumented (not matched by --itt-config option): __itt_sync_acquired

1954110 : 0xaca45bc20141f : 2 : ittapi_config_apply_per_lib :  ITTAPI function NOT instrumented (not matched by --itt-config option): __itt_sync_releasing

1954110 : 0xaca45bc201cd2 : 2 : ittapi_config_apply_per_lib :  ITTAPI function not implemented: __itt_suppress_push
1954110 : 0xaca45bc2024dc : 2 : ittapi_config_apply_per_lib :  ITTAPI function not implemented: __itt_suppress_pop
1954110 : 0xaca45bc202c40 : 2 : ittapi_config_apply_per_lib :  ITTAPI function not implemented: __itt_suppress_mark_range
1954110 : 0xaca45bc2033da : 2 : ittapi_config_apply_per_lib :  ITTAPI function not implemented: __itt_suppress_clear_range
1954110 : 0xaca45bc203769 : 2 : ittapi_config_apply_per_lib :  ITTAPI function NOT instrumented (not matched by --itt-config option): __itt_sync_prepare

1954110 : 0xaca45bc203ae7 : 2 : ittapi_config_apply_per_lib :  ITTAPI function NOT instrumented (not matched by --itt-config option): __itt_sync_cancel

1954110 : 0xaca45bc203e60 : 2 : ittapi_config_apply_per_lib :  ITTAPI function NOT instrumented (not matched by --itt-config option): __itt_sync_acquired

1954110 : 0xaca45bc2041b5 : 2 : ittapi_config_apply_per_lib :  ITTAPI function NOT instrumented (not matched by --itt-config option): __itt_sync_releasing

1954110 : 0xaca45bc2045c9 : 2 : ittapi_config_apply_per_lib :  ITTAPI function NOT instrumented (not matched by --itt-config option): __itt_model_site_begin

1954110 : 0xaca45bc205688 : 2 : ittapi_config_apply_per_lib :  ITTAPI function NOT instrumented (not matched by --itt-config option): __itt_model_site_end

1954110 : 0xaca45bc205a41 : 2 : ittapi_config_apply_per_lib :  ITTAPI function NOT instrumented (not matched by --itt-config option): __itt_model_task_begin

1954110 : 0xaca45bc205db8 : 2 : ittapi_config_apply_per_lib :  ITTAPI function NOT instrumented (not matched by --itt-config option): __itt_model_task_end

1954110 : 0xaca45bc206130 : 2 : ittapi_config_apply_per_lib :  ITTAPI function NOT instrumented (not matched by --itt-config option): __itt_model_lock_acquire

1954110 : 0xaca45bc2064fe : 2 : ittapi_config_apply_per_lib :  ITTAPI function NOT instrumented (not matched by --itt-config option): __itt_model_lock_release

1954110 : 0xaca45bc20686c : 2 : ittapi_config_apply_per_lib :  ITTAPI function NOT instrumented (not matched by --itt-config option): __itt_model_record_allocation

1954110 : 0xaca45bc206bb9 : 2 : ittapi_config_apply_per_lib :  ITTAPI function NOT instrumented (not matched by --itt-config option): __itt_model_record_deallocation

1954110 : 0xaca45bc206f3a : 2 : ittapi_config_apply_per_lib :  ITTAPI function NOT instrumented (not matched by --itt-config option): __itt_model_induction_uses

1954110 : 0xaca45bc2072a2 : 2 : ittapi_config_apply_per_lib :  ITTAPI function NOT instrumented (not matched by --itt-config option): __itt_model_reduction_uses

1954110 : 0xaca45bc207624 : 2 : ittapi_config_apply_per_lib :  ITTAPI function NOT instrumented (not matched by --itt-config option): __itt_model_observe_uses

1954110 : 0xaca45bc209184 : 2 : ittapi_config_apply_per_lib :  ITTAPI function NOT instrumented (not matched by --itt-config option): __itt_model_clear_uses

1954110 : 0xaca45bc209578 : 2 : ittapi_config_apply_per_lib :  ITTAPI function NOT instrumented (not matched by --itt-config option): __itt_model_site_beginA

1954110 : 0xaca45bc2098f9 : 2 : ittapi_config_apply_per_lib :  ITTAPI function NOT instrumented (not matched by --itt-config option): __itt_model_site_beginAL

1954110 : 0xaca45bc209c66 : 2 : ittapi_config_apply_per_lib :  ITTAPI function NOT instrumented (not matched by --itt-config option): __itt_model_task_beginA

1954110 : 0xaca45bc209fe1 : 2 : ittapi_config_apply_per_lib :  ITTAPI function NOT instrumented (not matched by --itt-config option): __itt_model_task_beginAL

1954110 : 0xaca45bc20a37e : 2 : ittapi_config_apply_per_lib :  ITTAPI function NOT instrumented (not matched by --itt-config option): __itt_model_iteration_taskA

1954110 : 0xaca45bc20a6d7 : 2 : ittapi_config_apply_per_lib :  ITTAPI function NOT instrumented (not matched by --itt-config option): __itt_model_iteration_taskAL

1954110 : 0xaca45bc20aa24 : 2 : ittapi_config_apply_per_lib :  ITTAPI function NOT instrumented (not matched by --itt-config option): __itt_model_site_end_2

1954110 : 0xaca45bc20ad96 : 2 : ittapi_config_apply_per_lib :  ITTAPI function NOT instrumented (not matched by --itt-config option): __itt_model_task_end_2

1954110 : 0xaca45bc20b0cf : 2 : ittapi_config_apply_per_lib :  ITTAPI function NOT instrumented (not matched by --itt-config option): __itt_model_lock_acquire_2

1954110 : 0xaca45bc20bfe0 : 2 : ittapi_config_apply_per_lib :  ITTAPI function NOT instrumented (not matched by --itt-config option): __itt_model_lock_release_2

1954110 : 0xaca45bc20c39b : 2 : ittapi_config_apply_per_lib :  ITTAPI function NOT instrumented (not matched by --itt-config option): __itt_model_aggregate_task

1954110 : 0xaca45bc20c713 : 2 : ittapi_config_apply_per_lib :  ITTAPI function NOT instrumented (not matched by --itt-config option): __itt_model_disable_push

1954110 : 0xaca45bc20ca91 : 2 : ittapi_config_apply_per_lib :  ITTAPI function NOT instrumented (not matched by --itt-config option): __itt_model_disable_pop

1954110 : 0xaca45bc20d1be : 2 : ittapi_config_apply_per_lib :  ITTAPI function instrumented: __itt_heap_function_create
1954110 : 0xaca45bc20d87d : 2 : ittapi_config_apply_per_lib :  ITTAPI function instrumented: __itt_heap_allocate_begin
1954110 : 0xaca45bc20df0a : 2 : ittapi_config_apply_per_lib :  ITTAPI function instrumented: __itt_heap_allocate_end
1954110 : 0xaca45bc20e5a9 : 2 : ittapi_config_apply_per_lib :  ITTAPI function instrumented: __itt_heap_free_begin
1954110 : 0xaca45bc20ebe7 : 2 : ittapi_config_apply_per_lib :  ITTAPI function instrumented: __itt_heap_free_end
1954110 : 0xaca45bc20f277 : 2 : ittapi_config_apply_per_lib :  ITTAPI function instrumented: __itt_heap_reallocate_begin
1954110 : 0xaca45bc2104f6 : 2 : ittapi_config_apply_per_lib :  ITTAPI function instrumented: __itt_heap_reallocate_end
1954110 : 0xaca45bc210cbc : 2 : ittapi_config_apply_per_lib :  ITTAPI function not implemented: __itt_heap_internal_access_begin
1954110 : 0xaca45bc21141f : 2 : ittapi_config_apply_per_lib :  ITTAPI function not implemented: __itt_heap_internal_access_end
1954110 : 0xaca45bc211b88 : 2 : ittapi_config_apply_per_lib :  ITTAPI function not implemented: __itt_heap_record_memory_growth_begin
1954110 : 0xaca45bc21232f : 2 : ittapi_config_apply_per_lib :  ITTAPI function not implemented: __itt_heap_record_memory_growth_end
1954110 : 0xaca45bc212ac7 : 2 : ittapi_config_apply_per_lib :  ITTAPI function not implemented: __itt_heap_reset_detection
1954110 : 0xaca45bc21325e : 2 : ittapi_config_apply_per_lib :  ITTAPI function not implemented: __itt_heap_record
1954110 : 0xaca45bc21398f : 2 : ittapi_config_apply_per_lib :  ITTAPI function not implemented: __itt_id_create
1954110 : 0xaca45bc21412e : 2 : ittapi_config_apply_per_lib :  ITTAPI function not implemented: __itt_id_destroy
1954110 : 0xaca45bc2147b0 : 2 : ittapi_config_apply_per_lib :  ITTAPI function instrumented: __itt_get_timestamp
1954110 : 0xaca45bc2164d4 : 2 : ittapi_config_apply_per_lib :  ITTAPI function not implemented: __itt_region_begin
1954110 : 0xaca45bc216cb6 : 2 : ittapi_config_apply_per_lib :  ITTAPI function not implemented: __itt_region_end
1954110 : 0xaca45bc217379 : 2 : ittapi_config_apply_per_lib :  ITTAPI function instrumented: __itt_frame_begin_v3
1954110 : 0xaca45bc217a31 : 2 : ittapi_config_apply_per_lib :  ITTAPI function instrumented: __itt_frame_end_v3
1954110 : 0xaca45bc2180fa : 2 : ittapi_config_apply_per_lib :  ITTAPI function instrumented: __itt_frame_submit_v3
1954110 : 0xaca45bc2188a6 : 2 : ittapi_config_apply_per_lib :  ITTAPI function not implemented: __itt_task_group
1954110 : 0xaca45bc218fe1 : 2 : ittapi_config_apply_per_lib :  ITTAPI function instrumented: __itt_task_begin
1954110 : 0xaca45bc219682 : 2 : ittapi_config_apply_per_lib :  ITTAPI function instrumented: __itt_task_begin_fn
1954110 : 0xaca45bc219d15 : 2 : ittapi_config_apply_per_lib :  ITTAPI function instrumented: __itt_task_end
1954110 : 0xaca45bc21a49a : 2 : ittapi_config_apply_per_lib :  ITTAPI function not implemented: __itt_counter_inc_v3
1954110 : 0xaca45bc21b91d : 2 : ittapi_config_apply_per_lib :  ITTAPI function not implemented: __itt_counter_inc_delta_v3
1954110 : 0xaca45bc21c09e : 2 : ittapi_config_apply_per_lib :  ITTAPI function not implemented: __itt_counter_dec_v3
1954110 : 0xaca45bc21c7b5 : 2 : ittapi_config_apply_per_lib :  ITTAPI function not implemented: __itt_counter_dec_delta_v3
1954110 : 0xaca45bc21ced5 : 2 : ittapi_config_apply_per_lib :  ITTAPI function not implemented: __itt_marker
1954110 : 0xaca45bc21d5d7 : 2 : ittapi_config_apply_per_lib :  ITTAPI function instrumented: __itt_metadata_add
1954110 : 0xaca45bc21dd44 : 2 : ittapi_config_apply_per_lib :  ITTAPI function not implemented: __itt_metadata_str_add
1954110 : 0xaca45bc21e42b : 2 : ittapi_config_apply_per_lib :  ITTAPI function not implemented: __itt_relation_add_to_current
1954110 : 0xaca45bc21eb72 : 2 : ittapi_config_apply_per_lib :  ITTAPI function not implemented: __itt_relation_add
1954110 : 0xaca45bc21f1b2 : 2 : ittapi_config_apply_per_lib :  ITTAPI function instrumented: __itt_event_create
1954110 : 0xaca45bc21f859 : 2 : ittapi_config_apply_per_lib :  ITTAPI function instrumented: __itt_event_start
1954110 : 0xaca45bc220ba7 : 2 : ittapi_config_apply_per_lib :  ITTAPI function instrumented: __itt_event_end
1954110 : 0xaca45bc220f49 : 2 : ittapi_config_apply_per_lib :  ITTAPI function NOT instrumented (not matched by --itt-config option): __itt_sync_set_name

1954110 : 0xaca45bc2212f0 : 2 : ittapi_config_apply_per_lib :  ITTAPI function NOT instrumented (not matched by --itt-config option): __itt_notify_sync_name

1954110 : 0xaca45bc221672 : 2 : ittapi_config_apply_per_lib :  ITTAPI function NOT instrumented (not matched by --itt-config option): __itt_notify_sync_prepare

1954110 : 0xaca45bc2219ee : 2 : ittapi_config_apply_per_lib :  ITTAPI function NOT instrumented (not matched by --itt-config option): __itt_notify_sync_cancel

1954110 : 0xaca45bc221d60 : 2 : ittapi_config_apply_per_lib :  ITTAPI function NOT instrumented (not matched by --itt-config option): __itt_notify_sync_acquired

1954110 : 0xaca45bc2220c3 : 2 : ittapi_config_apply_per_lib :  ITTAPI function NOT instrumented (not matched by --itt-config option): __itt_notify_sync_releasing

1954110 : 0xaca45bc222815 : 2 : ittapi_config_apply_per_lib :  ITTAPI function not implemented: __itt_memory_read
1954110 : 0xaca45bc222fb3 : 2 : ittapi_config_apply_per_lib :  ITTAPI function not implemented: __itt_memory_write
1954110 : 0xaca45bc223688 : 2 : ittapi_config_apply_per_lib :  ITTAPI function not implemented: __itt_memory_update
1954110 : 0xaca45bc224a96 : 2 : ittapi_config_apply_per_lib :  ITTAPI function not implemented: __itt_state_get
1954110 : 0xaca45bc2251c5 : 2 : ittapi_config_apply_per_lib :  ITTAPI function not implemented: __itt_state_set
1954110 : 0xaca45bc225936 : 2 : ittapi_config_apply_per_lib :  ITTAPI function not implemented: __itt_obj_mode_set
1954110 : 0xaca45bc226084 : 2 : ittapi_config_apply_per_lib :  ITTAPI function not implemented: __itt_thr_mode_set
1954110 : 0xaca45bc2266ec : 2 : ittapi_config_apply_per_lib :  ITTAPI function instrumented: __itt_frame_create
1954110 : 0xaca45bc226d46 : 2 : ittapi_config_apply_per_lib :  ITTAPI function instrumented: __itt_pt_region_create
1954110 : 0xaca45bc227386 : 2 : ittapi_config_apply_per_lib :  ITTAPI function instrumented: __itt_frame_begin
1954110 : 0xaca45bc227a25 : 2 : ittapi_config_apply_per_lib :  ITTAPI function instrumented: __itt_frame_end
1954110 : 0xaca45bc2281eb : 2 : ittapi_config_apply_per_lib :  ITTAPI function not implemented: __itt_counter_destroy
1954110 : 0xaca45bc228874 : 2 : ittapi_config_apply_per_lib :  ITTAPI function instrumented: __itt_counter_inc
1954110 : 0xaca45bc22a258 : 2 : ittapi_config_apply_per_lib :  ITTAPI function instrumented: __itt_counter_inc_delta
1954110 : 0xaca45bc22a8f6 : 2 : ittapi_config_apply_per_lib :  ITTAPI function instrumented: __itt_counter_dec
1954110 : 0xaca45bc22af91 : 2 : ittapi_config_apply_per_lib :  ITTAPI function instrumented: __itt_counter_dec_delta
1954110 : 0xaca45bc22b5f6 : 2 : ittapi_config_apply_per_lib :  ITTAPI function instrumented: __itt_counter_set_value
1954110 : 0xaca45bc22bd4c : 2 : ittapi_config_apply_per_lib :  ITTAPI function not implemented: __itt_counter_set_value_ex
1954110 : 0xaca45bc22c461 : 2 : ittapi_config_apply_per_lib :  ITTAPI function not implemented: __itt_mark_create
1954110 : 0xaca45bc22cbc8 : 2 : ittapi_config_apply_per_lib :  ITTAPI function not implemented: __itt_mark
1954110 : 0xaca45bc22d339 : 2 : ittapi_config_apply_per_lib :  ITTAPI function not implemented: __itt_mark_off
1954110 : 0xaca45bc22da17 : 2 : ittapi_config_apply_per_lib :  ITTAPI function not implemented: __itt_mark_global
1954110 : 0xaca45bc22e107 : 2 : ittapi_config_apply_per_lib :  ITTAPI function not implemented: __itt_mark_global_off
1954110 : 0xaca45bc22f588 : 2 : ittapi_config_apply_per_lib :  ITTAPI function instrumented: __itt_stack_caller_create
1954110 : 0xaca45bc22fc98 : 2 : ittapi_config_apply_per_lib :  ITTAPI function instrumented: __itt_stack_caller_destroy
1954110 : 0xaca45bc230355 : 2 : ittapi_config_apply_per_lib :  ITTAPI function instrumented: __itt_stack_callee_enter
1954110 : 0xaca45bc230971 : 2 : ittapi_config_apply_per_lib :  ITTAPI function instrumented: __itt_stack_callee_leave
1954110 : 0xaca45bc2310c6 : 2 : ittapi_config_apply_per_lib :  ITTAPI function not implemented: __itt_clock_domain_create
1954110 : 0xaca45bc2317ed : 2 : ittapi_config_apply_per_lib :  ITTAPI function not implemented: __itt_clock_domain_reset
1954110 : 0xaca45bc231f10 : 2 : ittapi_config_apply_per_lib :  ITTAPI function not implemented: __itt_id_create_ex
1954110 : 0xaca45bc23267d : 2 : ittapi_config_apply_per_lib :  ITTAPI function not implemented: __itt_id_destroy_ex
1954110 : 0xaca45bc232dc1 : 2 : ittapi_config_apply_per_lib :  ITTAPI function not implemented: __itt_task_begin_ex
1954110 : 0xaca45bc2334c8 : 2 : ittapi_config_apply_per_lib :  ITTAPI function not implemented: __itt_task_begin_fn_ex
1954110 : 0xaca45bc23486d : 2 : ittapi_config_apply_per_lib :  ITTAPI function not implemented: __itt_task_end_ex
1954110 : 0xaca45bc234f7f : 2 : ittapi_config_apply_per_lib :  ITTAPI function instrumented: __itt_task_begin_overlapped
1954110 : 0xaca45bc23567e : 2 : ittapi_config_apply_per_lib :  ITTAPI function not implemented: __itt_task_begin_overlapped_ex
1954110 : 0xaca45bc235d28 : 2 : ittapi_config_apply_per_lib :  ITTAPI function instrumented: __itt_task_end_overlapped
1954110 : 0xaca45bc236474 : 2 : ittapi_config_apply_per_lib :  ITTAPI function not implemented: __itt_task_end_overlapped_ex
1954110 : 0xaca45bc236b62 : 2 : ittapi_config_apply_per_lib :  ITTAPI function not implemented: __itt_marker_ex
1954110 : 0xaca45bc2372d7 : 2 : ittapi_config_apply_per_lib :  ITTAPI function not implemented: __itt_metadata_add_with_scope
1954110 : 0xaca45bc237a90 : 2 : ittapi_config_apply_per_lib :  ITTAPI function not implemented: __itt_metadata_str_add_with_scope
1954110 : 0xaca45bc2381c7 : 2 : ittapi_config_apply_per_lib :  ITTAPI function not implemented: __itt_relation_add_to_current_ex
1954110 : 0xaca45bc2388db : 2 : ittapi_config_apply_per_lib :  ITTAPI function not implemented: __itt_relation_add_ex
1954110 : 0xaca45bc23a3b4 : 2 : ittapi_config_apply_per_lib :  ITTAPI function not implemented: __itt_track_group_create
1954110 : 0xaca45bc23aaf2 : 2 : ittapi_config_apply_per_lib :  ITTAPI function not implemented: __itt_track_create
1954110 : 0xaca45bc23b23b : 2 : ittapi_config_apply_per_lib :  ITTAPI function not implemented: __itt_set_track
1954110 : 0xaca45bc23b8dd : 2 : ittapi_config_apply_per_lib :  ITTAPI function instrumented: __itt_api_version
1954110 : 0xaca45bc23c00e : 2 : ittapi_config_apply_per_lib :  ITTAPI function not implemented: __itt_av_save
1954110 : 0xaca45bc23c6bd : 2 : ittapi_config_apply_per_lib :  ITTAPI function instrumented: __itt_module_load
1954110 : 0xaca45bc23cdf8 : 2 : ittapi_config_apply_per_lib :  ITTAPI function not implemented: __itt_module_unload