
509883 : 0x9ef2457eb0e85 : 1 : spill_jit_data :  Jit agent is not initialized
509863 : 0x9ef2457eb3caf : 2 : ittapi_config_mask_get :  --itt-config mask to be applied: 55
509863 : 0x9ef2457eb5961 : 2 : ittapi_config_apply_per_lib :  ITTAPI function instrumented: __itt_domain_create
509863 : 0x9ef2457eb6395 : 2 : ittapi_config_apply_per_lib :  ITTAPI function instrumented: __itt_module_load_with_sections
509863 : 0x9ef2457eb71d5 : 2 : ittapi_config_apply_per_lib :  ITTAPI function not implemented: __itt_module_unload_with_sections
509863 : 0x9ef2457eb7a0f : 2 : ittapi_config_apply_per_lib :  ITTAPI function instrumented: __itt_string_handle_create
509863 : 0x9ef2457eb80c1 : 2 : ittapi_config_apply_per_lib :  ITTAPI function instrumented: __itt_counter_create
509863 : 0x9ef2457eb871d : 2 : ittapi_config_apply_per_lib :  ITTAPI function instrumented: __itt_counter_create_typed
509863 : 0x9ef2457eb8fbc : 2 : ittapi_config_apply_per_lib :  ITTAPI function instrumented: __itt_pause
509863 : 0x9ef2457eb96a1 : 2 : ittapi_config_apply_per_lib :  ITTAPI function instrumented: __itt_resume
509863 : 0x9ef2457ebf18f : 2 : ittapi_config_apply_per_lib :  ITTAPI function instrumented: __itt_thread_set_name
509863 : 0x9ef2457ebfb19 : 2 : ittapi_config_apply_per_lib :  ITTAPI function instrumented: __itt_thread_ignore
509863 : 0x9ef2457ec0212 : 2 : ittapi_config_apply_per_lib :  ITTAPI function instrumented: __itt_thr_name_set
509863 : 0x9ef2457ec0906 : 2 : ittapi_config_apply_per_lib :  ITTAPI function instrumented: __itt_thr_ignore
509863 : 0x9ef2457ec1350 : 2 : ittapi_config_apply_per_lib :  ITTAPI function not implemented: __itt_enable_attach
509863 : 0x9ef2457ec1aec : 2 : ittapi_config_apply_per_lib :  ITTAPI function instrumented: __itt_detach
509863 : 0x9ef2457ec1f01 : 2 : ittapi_config_apply_per_lib :  ITTAPI function NOT instrumented (not matched by --itt-config option): __itt_sync_create

509863 : 0x9ef2457ec23f8 : 2 : ittapi_config_apply_per_lib :  ITTAPI function NOT instrumented (not matched by --itt-config option): __itt_sync_rename

509863 : 0x9ef2457ec27f9 : 2 : ittapi_config_apply_per_lib :  ITTAPI function NOT instrumented (not matched by --itt-config option): __itt_sync_destroy

509863 : 0x9ef2457ec2bfd : 2 : ittapi_config_apply_per_lib :  ITTAPI function NOT instrumented (not matched by --itt-config option): __itt_sync_prepare

509863 : 0x9ef2457ec4042 : 2 : ittapi_config_apply_per_lib :  ITTAPI function NOT instrumented (not matched by --itt-config option): __itt_sync_cancel

509863 : 0x9ef2457ec4442 : 2 : ittapi_config_apply_per_lib :  ITTAPI function NOT instrumented (not matched by --itt-config option): __itt_sync_acquired

509863 : 0x9ef2457ec47e8 : 2 : ittapi_config_apply_per_lib :  ITTAPI function NOT instrumented (not matched by --itt-config option): __itt_sync_releasing

509863 : 0x9ef2457ec5087 : 2 : ittapi_config_apply_per_lib :  ITTAPI function not implemented: __itt_suppress_push
509863 : 0x9ef2457ec593f : 2 : ittapi_config_apply_per_lib :  ITTAPI function not implemented: __itt_suppress_pop
509863 : 0x9ef2457ec60d4 : 2 : ittapi_config_apply_per_lib :  ITTAPI function not implemented: __itt_suppress_mark_range
509863 : 0x9ef2457ec6859 : 2 : ittapi_config_apply_per_lib :  ITTAPI function not implemented: __itt_suppress_clear_range
509863 : 0x9ef2457ec6be5 : 2 : ittapi_config_apply_per_lib :  ITTAPI function NOT instrumented (not matched by --itt-config option): __itt_sync_prepare

509863 : 0x9ef2457ec6f66 : 2 : ittapi_config_apply_per_lib :  ITTAPI function NOT instrumented (not matched by --itt-config option): __itt_sync_cancel

509863 : 0x9ef2457ec72c2 : 2 : ittapi_config_apply_per_lib :  ITTAPI function NOT instrumented (not matched by --itt-config option): __itt_sync_acquired

509863 : 0x9ef2457ec830c : 2 : ittapi_config_apply_per_lib :  ITTAPI function NOT instrumented (not matched by --itt-config option): __itt_sync_releasing

509863 : 0x9ef2457ec8724 : 2 : ittapi_config_apply_per_lib :  ITTAPI function NOT instrumented (not matched by --itt-config option): __itt_model_site_begin

509863 : 0x9ef2457ec8ad5 : 2 : ittapi_config_apply_per_lib :  ITTAPI function NOT instrumented (not matched by --itt-config option): __itt_model_site_end

509863 : 0x9ef2457ec8e50 : 2 : ittapi_config_apply_per_lib :  ITTAPI function NOT instrumented (not matched by --itt-config option): __itt_model_task_begin

509863 : 0x9ef2457ec91bc : 2 : ittapi_config_apply_per_lib :  ITTAPI function NOT instrumented (not matched by --itt-config option): __itt_model_task_end

509863 : 0x9ef2457ec9521 : 2 : ittapi_config_apply_per_lib :  ITTAPI function NOT instrumented (not matched by --itt-config option): __itt_model_lock_acquire

509863 : 0x9ef2457ec996c : 2 : ittapi_config_apply_per_lib :  ITTAPI function NOT instrumented (not matched by --itt-config option): __itt_model_lock_release

509863 : 0x9ef2457ec9ce2 : 2 : ittapi_config_apply_per_lib :  ITTAPI function NOT instrumented (not matched by --itt-config option): __itt_model_record_allocation

509863 : 0x9ef2457eca02d : 2 : ittapi_config_apply_per_lib :  ITTAPI function NOT instrumented (not matched by --itt-config option): __itt_model_record_deallocation

509863 : 0x9ef2457eca37b : 2 : ittapi_config_apply_per_lib :  ITTAPI function NOT instrumented (not matched by --itt-config option): __itt_model_induction_uses

509863 : 0x9ef2457ecc2b0 : 2 : ittapi_config_apply_per_lib :  ITTAPI function NOT instrumented (not matched by --itt-config option): __itt_model_reduction_uses

509863 : 0x9ef2457ecc6d4 : 2 : ittapi_config_apply_per_lib :  ITTAPI function NOT instrumented (not matched by --itt-config option): __itt_model_observe_uses

509863 : 0x9ef2457ecca94 : 2 : ittapi_config_apply_per_lib :  ITTAPI function NOT instrumented (not matched by --itt-config option): __itt_model_clear_uses

509863 : 0x9ef2457ecce02 : 2 : ittapi_config_apply_per_lib :  ITTAPI function NOT instrumented (not matched by --itt-config option): __itt_model_site_beginA

509863 : 0x9ef2457ecd1b8 : 2 : ittapi_config_apply_per_lib :  ITTAPI function NOT instrumented (not matched by --itt-config option): __itt_model_site_beginAL

509863 : 0x9ef2457ecd528 : 2 : ittapi_config_apply_per_lib :  ITTAPI function NOT instrumented (not matched by --itt-config option): __itt_model_task_beginA

509863 : 0x9ef2457ecd89f : 2 : ittapi_config_apply_per_lib :  ITTAPI function NOT instrumented (not matched by --itt-config option): __itt_model_task_beginAL

509863 : 0x9ef2457ecdbf5 : 2 : ittapi_config_apply_per_lib :  ITTAPI function NOT instrumented (not matched by --itt-config option): __itt_model_iteration_taskA

509863 : 0x9ef2457ecdf3b : 2 : ittapi_config_apply_per_lib :  ITTAPI function NOT instrumented (not matched by --itt-config option): __itt_model_iteration_taskAL

509863 : 0x9ef2457ece286 : 2 : ittapi_config_apply_per_lib :  ITTAPI function NOT instrumented (not matched by --itt-config option): __itt_model_site_end_2

509863 : 0x9ef2457ecf2ca : 2 : ittapi_config_apply_per_lib :  ITTAPI function NOT instrumented (not matched by --itt-config option): __itt_model_task_end_2

509863 : 0x9ef2457ecf63e : 2 : ittapi_config_apply_per_lib :  ITTAPI function NOT instrumented (not matched by --itt-config option): __itt_model_lock_acquire_2

509863 : 0x9ef2457ecf9d8 : 2 : ittapi_config_apply_per_lib :  ITTAPI function NOT instrumented (not matched by --itt-config option): __itt_model_lock_release_2

509863 : 0x9ef2457ecfd44 : 2 : ittapi_config_apply_per_lib :  ITTAPI function NOT instrumented (not matched by --itt-config option): __itt_model_aggregate_task

509863 : 0x9ef2457ed0096 : 2 : ittapi_config_apply_per_lib :  ITTAPI function NOT instrumented (not matched by --itt-config option): __itt_model_disable_push

509863 : 0x9ef2457ed03d0 : 2 : ittapi_config_apply_per_lib :  ITTAPI function NOT instrumented (not matched by --itt-config option): __itt_model_disable_pop

509863 : 0x9ef2457ed0b7d : 2 : ittapi_config_apply_per_lib :  ITTAPI function instrumented: __itt_heap_function_create
509863 : 0x9ef2457ed12f9 : 2 : ittapi_config_apply_per_lib :  ITTAPI function instrumented: __itt_heap_allocate_begin
509863 : 0x9ef2457ed196c : 2 : ittapi_config_apply_per_lib :  ITTAPI function instrumented: __itt_heap_allocate_end
509863 : 0x9ef2457ed211b : 2 : ittapi_config_apply_per_lib :  ITTAPI function instrumented: __itt_heap_free_begin
509863 : 0x9ef2457ed3cef : 2 : ittapi_config_apply_per_lib :  ITTAPI function instrumented: __itt_heap_free_end
509863 : 0x9ef2457ed445d : 2 : ittapi_config_apply_per_lib :  ITTAPI function instrumented: __itt_heap_reallocate_begin
509863 : 0x9ef2457ed4ac3 : 2 : ittapi_config_apply_per_lib :  ITTAPI function instrumented: __itt_heap_reallocate_end
509863 : 0x9ef2457ed52c2 : 2 : ittapi_config_apply_per_lib :  ITTAPI function not implemented: __itt_heap_internal_access_begin
509863 : 0x9ef2457ed5a27 : 2 : ittapi_config_apply_per_lib :  ITTAPI function not implemented: __itt_heap_internal_access_end
509863 : 0x9ef2457ed61e9 : 2 : ittapi_config_apply_per_lib :  ITTAPI function not implemented: __itt_heap_record_memory_growth_begin
509863 : 0x9ef2457ed6968 : 2 : ittapi_config_apply_per_lib :  ITTAPI function not implemented: __itt_heap_record_memory_growth_end
509863 : 0x9ef2457ed7143 : 2 : ittapi_config_apply_per_lib :  ITTAPI function not implemented: __itt_heap_reset_detection
509863 : 0x9ef2457ed7920 : 2 : ittapi_config_apply_per_lib :  ITTAPI function not implemented: __itt_heap_record
509863 : 0x9ef2457ed8083 : 2 : ittapi_config_apply_per_lib :  ITTAPI function not implemented: __itt_id_create
509863 : 0x9ef2457ed9500 : 2 : ittapi_config_apply_per_lib :  ITTAPI function not implemented: __itt_id_destroy
509863 : 0x9ef2457ed9c55 : 2 : ittapi_config_apply_per_lib :  ITTAPI function instrumented: __itt_get_timestamp
509863 : 0x9ef2457eda365 : 2 : ittapi_config_apply_per_lib :  ITTAPI function not implemented: __itt_region_begin
509863 : 0x9ef2457edab09 : 2 : ittapi_config_apply_per_lib :  ITTAPI function not implemented: __itt_region_end
509863 : 0x9ef2457edb239 : 2 : ittapi_config_apply_per_lib :  ITTAPI function instrumented: __itt_frame_begin_v3
509863 : 0x9ef2457edb9fa : 2 : ittapi_config_apply_per_lib :  ITTAPI function instrumented: __itt_frame_end_v3
509863 : 0x9ef2457edc080 : 2 : ittapi_config_apply_per_lib :  ITTAPI function instrumented: __itt_frame_submit_v3
509863 : 0x9ef2457edc7ef : 2 : ittapi_config_apply_per_lib :  ITTAPI function not implemented: __itt_task_group
509863 : 0x9ef2457edcf56 : 2 : ittapi_config_apply_per_lib :  ITTAPI function instrumented: __itt_task_begin
509863 : 0x9ef2457edd5ff : 2 : ittapi_config_apply_per_lib :  ITTAPI function instrumented: __itt_task_begin_fn
509863 : 0x9ef2457ede95e : 2 : ittapi_config_apply_per_lib :  ITTAPI function instrumented: __itt_task_end
509863 : 0x9ef2457edf173 : 2 : ittapi_config_apply_per_lib :  ITTAPI function not implemented: __itt_counter_inc_v3
509863 : 0x9ef2457edf902 : 2 : ittapi_config_apply_per_lib :  ITTAPI function not implemented: __itt_counter_inc_delta_v3
509863 : 0x9ef2457ee007c : 2 : ittapi_config_apply_per_lib :  ITTAPI function not implemented: __itt_counter_dec_v3
509863 : 0x9ef2457ee0787 : 2 : ittapi_config_apply_per_lib :  ITTAPI function not implemented: __itt_counter_dec_delta_v3
509863 : 0x9ef2457ee0eae : 2 : ittapi_config_apply_per_lib :  ITTAPI function not implemented: __itt_marker
509863 : 0x9ef2457ee1561 : 2 : ittapi_config_apply_per_lib :  ITTAPI function instrumented: __itt_metadata_add
509863 : 0x9ef2457ee1ce1 : 2 : ittapi_config_apply_per_lib :  ITTAPI function not implemented: __itt_metadata_str_add
509863 : 0x9ef2457ee23b9 : 2 : ittapi_config_apply_per_lib :  ITTAPI function not implemented: __itt_relation_add_to_current
509863 : 0x9ef2457ee2ae3 : 2 : ittapi_config_apply_per_lib :  ITTAPI function not implemented: __itt_relation_add
509863 : 0x9ef2457ee3def : 2 : ittapi_config_apply_per_lib :  ITTAPI function instrumented: __itt_event_create
509863 : 0x9ef2457ee457e : 2 : ittapi_config_apply_per_lib :  ITTAPI function instrumented: __itt_event_start
509863 : 0x9ef2457ee4c10 : 2 : ittapi_config_apply_per_lib :  ITTAPI function instrumented: __itt_event_end
509863 : 0x9ef2457ee4f8e : 2 : ittapi_config_apply_per_lib :  ITTAPI function NOT instrumented (not matched by --itt-config option): __itt_sync_set_name

509863 : 0x9ef2457ee535f : 2 : ittapi_config_apply_per_lib :  ITTAPI function NOT instrumented (not matched by --itt-config option): __itt_notify_sync_name

509863 : 0x9ef2457ee56fa : 2 : ittapi_config_apply_per_lib :  ITTAPI function NOT instrumented (not matched by --itt-config option): __itt_notify_sync_prepare

509863 : 0x9ef2457ee5aca : 2 : ittapi_config_apply_per_lib :  ITTAPI function NOT instrumented (not matched by --itt-config option): __itt_notify_sync_cancel

509863 : 0x9ef2457ee5e2e : 2 : ittapi_config_apply_per_lib :  ITTAPI function NOT instrumented (not matched by --itt-config option): __itt_notify_sync_acquired

509863 : 0x9ef2457ee618c : 2 : ittapi_config_apply_per_lib :  ITTAPI function NOT instrumented (not matched by --itt-config option): __itt_notify_sync_releasing

509863 : 0x9ef2457ee68ca : 2 : ittapi_config_apply_per_lib :  ITTAPI function not implemented: __itt_memory_read
509863 : 0x9ef2457ee83cb : 2 : ittapi_config_apply_per_lib :  ITTAPI function not implemented: __itt_memory_write
509863 : 0x9ef2457ee8b53 : 2 : ittapi_config_apply_per_lib :  ITTAPI function not implemented: __itt_memory_update
509863 : 0x9ef2457ee92e3 : 2 : ittapi_config_apply_per_lib :  ITTAPI function not implemented: __itt_state_get
509863 : 0x9ef2457ee99b7 : 2 : ittapi_config_apply_per_lib :  ITTAPI function not implemented: __itt_state_set
509863 : 0x9ef2457eea171 : 2 : ittapi_config_apply_per_lib :  ITTAPI function not implemented: __itt_obj_mode_set
509863 : 0x9ef2457eea87b : 2 : ittapi_config_apply_per_lib :  ITTAPI function not implemented: __itt_thr_mode_set
509863 : 0x9ef2457eeaed6 : 2 : ittapi_config_apply_per_lib :  ITTAPI function instrumented: __itt_frame_create
509863 : 0x9ef2457eeb559 : 2 : ittapi_config_apply_per_lib :  ITTAPI function instrumented: __itt_pt_region_create
509863 : 0x9ef2457eebc00 : 2 : ittapi_config_apply_per_lib :  ITTAPI function instrumented: __itt_frame_begin
509863 : 0x9ef2457eec2bd : 2 : ittapi_config_apply_per_lib :  ITTAPI function instrumented: __itt_frame_end
509863 : 0x9ef2457eed790 : 2 : ittapi_config_apply_per_lib :  ITTAPI function not implemented: __itt_counter_destroy
509863 : 0x9ef2457eede99 : 2 : ittapi_config_apply_per_lib :  ITTAPI function instrumented: __itt_counter_inc
509863 : 0x9ef2457eee547 : 2 : ittapi_config_apply_per_lib :  ITTAPI function instrumented: __itt_counter_inc_delta
509863 : 0x9ef2457eeeba6 : 2 : ittapi_config_apply_per_lib :  ITTAPI function instrumented: __itt_counter_dec
509863 : 0x9ef2457eef28b : 2 : ittapi_config_apply_per_lib :  ITTAPI function instrumented: __itt_counter_dec_delta
509863 : 0x9ef2457eef980 : 2 : ittapi_config_apply_per_lib :  ITTAPI function instrumented: __itt_counter_set_value
509863 : 0x9ef2457ef0086 : 2 : ittapi_config_apply_per_lib :  ITTAPI function not implemented: __itt_counter_set_value_ex
509863 : 0x9ef2457ef0764 : 2 : ittapi_config_apply_per_lib :  ITTAPI function not implemented: __itt_mark_create
509863 : 0x9ef2457ef0ea9 : 2 : ittapi_config_apply_per_lib :  ITTAPI function not implemented: __itt_mark
509863 : 0x9ef2457ef1652 : 2 : ittapi_config_apply_per_lib :  ITTAPI function not implemented: __itt_mark_off
509863 : 0x9ef2457ef2a32 : 2 : ittapi_config_apply_per_lib :  ITTAPI function not implemented: __itt_mark_global
509863 : 0x9ef2457ef3183 : 2 : ittapi_config_apply_per_lib :  ITTAPI function not implemented: __itt_mark_global_off
509863 : 0x9ef2457ef3903 : 2 : ittapi_config_apply_per_lib :  ITTAPI function instrumented: __itt_stack_caller_create
509863 : 0x9ef2457ef3fed : 2 : ittapi_config_apply_per_lib :  ITTAPI function instrumented: __itt_stack_caller_destroy
509863 : 0x9ef2457ef46a9 : 2 : ittapi_config_apply_per_lib :  ITTAPI function instrumented: __itt_stack_callee_enter
509863 : 0x9ef2457ef4d0c : 2 : ittapi_config_apply_per_lib :  ITTAPI function instrumented: __itt_stack_callee_leave
509863 : 0x9ef2457ef5436 : 2 : ittapi_config_apply_per_lib :  ITTAPI function not implemented: __itt_clock_domain_create
509863 : 0x9ef2457ef5b44 : 2 : ittapi_config_apply_per_lib :  ITTAPI function not implemented: __itt_clock_domain_reset
509863 : 0x9ef2457ef6273 : 2 : ittapi_config_apply_per_lib :  ITTAPI function not implemented: __itt_id_create_ex
509863 : 0x9ef2457ef69eb : 2 : ittapi_config_apply_per_lib :  ITTAPI function not implemented: __itt_id_destroy_ex
509863 : 0x9ef2457ef8632 : 2 : ittapi_config_apply_per_lib :  ITTAPI function not implemented: __itt_task_begin_ex
509863 : 0x9ef2457ef8dae : 2 : ittapi_config_apply_per_lib :  ITTAPI function not implemented: __itt_task_begin_fn_ex
509863 : 0x9ef2457ef94e5 : 2 : ittapi_config_apply_per_lib :  ITTAPI function not implemented: __itt_task_end_ex
509863 : 0x9ef2457ef9bd4 : 2 : ittapi_config_apply_per_lib :  ITTAPI function instrumented: __itt_task_begin_overlapped
509863 : 0x9ef2457efa2e7 : 2 : ittapi_config_apply_per_lib :  ITTAPI function not implemented: __itt_task_begin_overlapped_ex
509863 : 0x9ef2457efa97f : 2 : ittapi_config_apply_per_lib :  ITTAPI function instrumented: __itt_task_end_overlapped
509863 : 0x9ef2457efb07b : 2 : ittapi_config_apply_per_lib :  ITTAPI function not implemented: __itt_task_end_overlapped_ex
509863 : 0x9ef2457efb768 : 2 : ittapi_config_apply_per_lib :  ITTAPI function not implemented: __itt_marker_ex
509863 : 0x9ef2457efbef1 : 2 : ittapi_config_apply_per_lib :  ITTAPI function not implemented: __itt_metadata_add_with_scope
509863 : 0x9ef2457efc68e : 2 : ittapi_config_apply_per_lib :  ITTAPI function not implemented: __itt_metadata_str_add_with_scope
509863 : 0x9ef2457efdafc : 2 : ittapi_config_apply_per_lib :  ITTAPI function not implemented: __itt_relation_add_to_current_ex
509863 : 0x9ef2457efe26d : 2 : ittapi_config_apply_per_lib :  ITTAPI function not implemented: __itt_relation_add_ex
509863 : 0x9ef2457efea0b : 2 : ittapi_config_apply_per_lib :  ITTAPI function not implemented: __itt_track_group_create
509863 : 0x9ef2457eff0ad : 2 : ittapi_config_apply_per_lib :  ITTAPI function not implemented: __itt_track_create
509863 : 0x9ef2457eff7a5 : 2 : ittapi_config_apply_per_lib :  ITTAPI function not implemented: __itt_set_track
509863 : 0x9ef2457effee1 : 2 : ittapi_config_apply_per_lib :  ITTAPI function instrumented: __itt_api_version
509863 : 0x9ef2457f005e0 : 2 : ittapi_config_apply_per_lib :  ITTAPI function not implemented: __itt_av_save
509863 : 0x9ef2457f00c9c : 2 : ittapi_config_apply_per_lib :  ITTAPI function instrumented: __itt_module_load
509863 : 0x9ef2457f01415 : 2 : ittapi_config_apply_per_lib :  ITTAPI function not implemented: __itt_module_unload
509863 : 0x9ef2457f47539 : 2 : ittapi_config_mask_get :  --itt-config mask to be applied: 55
509863 : 0x9ef2457f4946e : 2 : ittapi_config_apply_per_lib :  ITTAPI function instrumented: __itt_domain_create
509863 : 0x9ef2457f4ad82 : 2 : ittapi_config_apply_per_lib :  ITTAPI function instrumented: __itt_module_load_with_sections
509863 : 0x9ef2457f4b73e : 2 : ittapi_config_apply_per_lib :  ITTAPI function not implemented: __itt_module_unload_with_sections
509863 : 0x9ef2457f4be70 : 2 : ittapi_config_apply_per_lib :  ITTAPI function instrumented: __itt_string_handle_create
509863 : 0x9ef2457f4c4c8 : 2 : ittapi_config_apply_per_lib :  ITTAPI function instrumented: __itt_counter_create
509863 : 0x9ef2457f4caea : 2 : ittapi_config_apply_per_lib :  ITTAPI function instrumented: __itt_counter_create_typed
509863 : 0x9ef2457f4d21a : 2 : ittapi_config_apply_per_lib :  ITTAPI function instrumented: __itt_pause
509863 : 0x9ef2457f4d8d6 : 2 : ittapi_config_apply_per_lib :  ITTAPI function instrumented: __itt_resume
509863 : 0x9ef2457f4df2a : 2 : ittapi_config_apply_per_lib :  ITTAPI function instrumented: __itt_thread_set_name
509863 : 0x9ef2457f4e630 : 2 : ittapi_config_apply_per_lib :  ITTAPI function instrumented: __itt_thread_ignore
509863 : 0x9ef2457f5059a : 2 : ittapi_config_apply_per_lib :  ITTAPI function instrumented: __itt_thr_name_set
509863 : 0x9ef2457f50cd5 : 2 : ittapi_config_apply_per_lib :  ITTAPI function instrumented: __itt_thr_ignore
509863 : 0x9ef2457f5152b : 2 : ittapi_config_apply_per_lib :  ITTAPI function not implemented: __itt_enable_attach
509863 : 0x9ef2457f51c05 : 2 : ittapi_config_apply_per_lib :  ITTAPI function instrumented: __itt_detach
509863 : 0x9ef2457f52015 : 2 : ittapi_config_apply_per_lib :  ITTAPI function NOT instrumented (not matched by --itt-config option): __itt_sync_create

509863 : 0x9ef2457f523db : 2 : ittapi_config_apply_per_lib :  ITTAPI function NOT instrumented (not matched by --itt-config option): __itt_sync_rename

509863 : 0x9ef2457f5279f : 2 : ittapi_config_apply_per_lib :  ITTAPI function NOT instrumented (not matched by --itt-config option): __itt_sync_destroy

509863 : 0x9ef2457f52b8c : 2 : ittapi_config_apply_per_lib :  ITTAPI function NOT instrumented (not matched by --itt-config option): __itt_sync_prepare

509863 : 0x9ef2457f52f13 : 2 : ittapi_config_apply_per_lib :  ITTAPI function NOT instrumented (not matched by --itt-config option): __itt_sync_cancel

509863 : 0x9ef2457f53263 : 2 : ittapi_config_apply_per_lib :  ITTAPI function NOT instrumented (not matched by --itt-config option): __itt_sync_acquired

509863 : 0x9ef2457f54e24 : 2 : ittapi_config_apply_per_lib :  ITTAPI function NOT instrumented (not matched by --itt-config option): __itt_sync_releasing

509863 : 0x9ef2457f556c8 : 2 : ittapi_config_apply_per_lib :  ITTAPI function not implemented: __itt_suppress_push
509863 : 0x9ef2457f55ec8 : 2 : ittapi_config_apply_per_lib :  ITTAPI function not implemented: __itt_suppress_pop
509863 : 0x9ef2457f56627 : 2 : ittapi_config_apply_per_lib :  ITTAPI function not implemented: __itt_suppress_mark_range
509863 : 0x9ef2457f56d7f : 2 : ittapi_config_apply_per_lib :  ITTAPI function not implemented: __itt_suppress_clear_range
509863 : 0x9ef2457f57111 : 2 : ittapi_config_apply_per_lib :  ITTAPI function NOT instrumented (not matched by --itt-config option): __itt_sync_prepare

509863 : 0x9ef2457f5745b : 2 : ittapi_config_apply_per_lib :  ITTAPI function NOT instrumented (not matched by --itt-config option): __itt_sync_cancel

509863 : 0x9ef2457f577a2 : 2 : ittapi_config_apply_per_lib :  ITTAPI function NOT instrumented (not matched by --itt-config option): __itt_sync_acquired

509863 : 0x9ef2457f57b06 : 2 : ittapi_config_apply_per_lib :  ITTAPI function NOT instrumented (not matched by --itt-config option): __itt_sync_releasing

509863 : 0x9ef2457f57ed9 : 2 : ittapi_config_apply_per_lib :  ITTAPI function NOT instrumented (not matched by --itt-config option): __itt_model_site_begin

509863 : 0x9ef2457f58f1e : 2 : ittapi_config_apply_per_lib :  ITTAPI function NOT instrumented (not matched by --itt-config option): __itt_model_site_end

509863 : 0x9ef2457f592c2 : 2 : ittapi_config_apply_per_lib :  ITTAPI function NOT instrumented (not matched by --itt-config option): __itt_model_task_begin

509863 : 0x9ef2457f59625 : 2 : ittapi_config_apply_per_lib :  ITTAPI function NOT instrumented (not matched by --itt-config option): __itt_model_task_end

509863 : 0x9ef2457f59991 : 2 : ittapi_config_apply_per_lib :  ITTAPI function NOT instrumented (not matched by --itt-config option): __itt_model_lock_acquire

509863 : 0x9ef2457f59d39 : 2 : ittapi_config_apply_per_lib :  ITTAPI function NOT instrumented (not matched by --itt-config option): __itt_model_lock_release

509863 : 0x9ef2457f5a095 : 2 : ittapi_config_apply_per_lib :  ITTAPI function NOT instrumented (not matched by --itt-config option): __itt_model_record_allocation

509863 : 0x9ef2457f5a3d0 : 2 : ittapi_config_apply_per_lib :  ITTAPI function NOT instrumented (not matched by --itt-config option): __itt_model_record_deallocation

509863 : 0x9ef2457f5a746 : 2 : ittapi_config_apply_per_lib :  ITTAPI function NOT instrumented (not matched by --itt-config option): __itt_model_induction_uses

509863 : 0x9ef2457f5aabc : 2 : ittapi_config_apply_per_lib :  ITTAPI function NOT instrumented (not matched by --itt-config option): __itt_model_reduction_uses

509863 : 0x9ef2457f5ae26 : 2 : ittapi_config_apply_per_lib :  ITTAPI function NOT instrumented (not matched by --itt-config option): __itt_model_observe_uses

509863 : 0x9ef2457f5bd73 : 2 : ittapi_config_apply_per_lib :  ITTAPI function NOT instrumented (not matched by --itt-config option): __itt_model_clear_uses

509863 : 0x9ef2457f5c130 : 2 : ittapi_config_apply_per_lib :  ITTAPI function NOT instrumented (not matched by --itt-config option): __itt_model_site_beginA

509863 : 0x9ef2457f5c494 : 2 : ittapi_config_apply_per_lib :  ITTAPI function NOT instrumented (not matched by --itt-config option): __itt_model_site_beginAL

509863 : 0x9ef2457f5c811 : 2 : ittapi_config_apply_per_lib :  ITTAPI function NOT instrumented (not matched by --itt-config option): __itt_model_task_beginA

509863 : 0x9ef2457f5cb73 : 2 : ittapi_config_apply_per_lib :  ITTAPI function NOT instrumented (not matched by --itt-config option): __itt_model_task_beginAL

509863 : 0x9ef2457f5cf1f : 2 : ittapi_config_apply_per_lib :  ITTAPI function NOT instrumented (not matched by --itt-config option): __itt_model_iteration_taskA

509863 : 0x9ef2457f5d262 : 2 : ittapi_config_apply_per_lib :  ITTAPI function NOT instrumented (not matched by --itt-config option): __itt_model_iteration_taskAL

509863 : 0x9ef2457f5d58d : 2 : ittapi_config_apply_per_lib :  ITTAPI function NOT instrumented (not matched by --itt-config option): __itt_model_site_end_2

509863 : 0x9ef2457f5d8f8 : 2 : ittapi_config_apply_per_lib :  ITTAPI function NOT instrumented (not matched by --itt-config option): __itt_model_task_end_2

509863 : 0x9ef2457f5dc27 : 2 : ittapi_config_apply_per_lib :  ITTAPI function NOT instrumented (not matched by --itt-config option): __itt_model_lock_acquire_2

509863 : 0x9ef2457f5f446 : 2 : ittapi_config_apply_per_lib :  ITTAPI function NOT instrumented (not matched by --itt-config option): __itt_model_lock_release_2

509863 : 0x9ef2457f5f84d : 2 : ittapi_config_apply_per_lib :  ITTAPI function NOT instrumented (not matched by --itt-config option): __itt_model_aggregate_task

509863 : 0x9ef2457f5fbb1 : 2 : ittapi_config_apply_per_lib :  ITTAPI function NOT instrumented (not matched by --itt-config option): __itt_model_disable_push

509863 : 0x9ef2457f5ff32 : 2 : ittapi_config_apply_per_lib :  ITTAPI function NOT instrumented (not matched by --itt-config option): __itt_model_disable_pop

509863 : 0x9ef2457f60634 : 2 : ittapi_config_apply_per_lib :  ITTAPI function instrumented: __itt_heap_function_create
509863 : 0x9ef2457f60d49 : 2 : ittapi_config_apply_per_lib :  ITTAPI function instrumented: __itt_heap_allocate_begin
509863 : 0x9ef2457f613d2 : 2 : ittapi_config_apply_per_lib :  ITTAPI function instrumented: __itt_heap_allocate_end
509863 : 0x9ef2457f61a6d : 2 : ittapi_config_apply_per_lib :  ITTAPI function instrumented: __itt_heap_free_begin
509863 : 0x9ef2457f62116 : 2 : ittapi_config_apply_per_lib :  ITTAPI function instrumented: __itt_heap_free_end
509863 : 0x9ef2457f62843 : 2 : ittapi_config_apply_per_lib :  ITTAPI function instrumented: __itt_heap_reallocate_begin
509863 : 0x9ef2457f63bbb : 2 : ittapi_config_apply_per_lib :  ITTAPI function instrumented: __itt_heap_reallocate_end
509863 : 0x9ef2457f64360 : 2 : ittapi_config_apply_per_lib :  ITTAPI function not implemented: __itt_heap_internal_access_begin
509863 : 0x9ef2457f64abe : 2 : ittapi_config_apply_per_lib :  ITTAPI function not implemented: __itt_heap_internal_access_end
509863 : 0x9ef2457f6522a : 2 : ittapi_config_apply_per_lib :  ITTAPI function not implemented: __itt_heap_record_memory_growth_begin
509863 : 0x9ef2457f65987 : 2 : ittapi_config_apply_per_lib :  ITTAPI function not implemented: __itt_heap_record_memory_growth_end
509863 : 0x9ef2457f660f2 : 2 : ittapi_config_apply_per_lib :  ITTAPI function not implemented: __itt_heap_reset_detection
509863 : 0x9ef2457f6686a : 2 : ittapi_config_apply_per_lib :  ITTAPI function not implemented: __itt_heap_record
509863 : 0x9ef2457f66fd7 : 2 : ittapi_config_apply_per_lib :  ITTAPI function not implemented: __itt_id_create
509863 : 0x9ef2457f676fc : 2 : ittapi_config_apply_per_lib :  ITTAPI function not implemented: __itt_id_destroy
509863 : 0x9ef2457f67db5 : 2 : ittapi_config_apply_per_lib :  ITTAPI function instrumented: __itt_get_timestamp
509863 : 0x9ef2457f69198 : 2 : ittapi_config_apply_per_lib :  ITTAPI function not implemented: __itt_region_begin
509863 : 0x9ef2457f6990a : 2 : ittapi_config_apply_per_lib :  ITTAPI function not implemented: __itt_region_end
509863 : 0x9ef2457f6a03f : 2 : ittapi_config_apply_per_lib :  ITTAPI function instrumented: __itt_frame_begin_v3
509863 : 0x9ef2457f6a786 : 2 : ittapi_config_apply_per_lib :  ITTAPI function instrumented: __itt_frame_end_v3
509863 : 0x9ef2457f6ae7f : 2 : ittapi_config_apply_per_lib :  ITTAPI function instrumented: __itt_frame_submit_v3
509863 : 0x9ef2457f6b5d1 : 2 : ittapi_config_apply_per_lib :  ITTAPI function not implemented: __itt_task_group
509863 : 0x9ef2457f6bcd9 : 2 : ittapi_config_apply_per_lib :  ITTAPI function instrumented: __itt_task_begin
509863 : 0x9ef2457f6c3b6 : 2 : ittapi_config_apply_per_lib :  ITTAPI function instrumented: __itt_task_begin_fn
509863 : 0x9ef2457f6ca76 : 2 : ittapi_config_apply_per_lib :  ITTAPI function instrumented: __itt_task_end
509863 : 0x9ef2457f6d1d9 : 2 : ittapi_config_apply_per_lib :  ITTAPI function not implemented: __itt_counter_inc_v3
509863 : 0x9ef2457f6ed95 : 2 : ittapi_config_apply_per_lib :  ITTAPI function not implemented: __itt_counter_inc_delta_v3
509863 : 0x9ef2457f6f50f : 2 : ittapi_config_apply_per_lib :  ITTAPI function not implemented: __itt_counter_dec_v3
509863 : 0x9ef2457f6fc25 : 2 : ittapi_config_apply_per_lib :  ITTAPI function not implemented: __itt_counter_dec_delta_v3
509863 : 0x9ef2457f7035e : 2 : ittapi_config_apply_per_lib :  ITTAPI function not implemented: __itt_marker
509863 : 0x9ef2457f70a6f : 2 : ittapi_config_apply_per_lib :  ITTAPI function instrumented: __itt_metadata_add
509863 : 0x9ef2457f711b6 : 2 : ittapi_config_apply_per_lib :  ITTAPI function not implemented: __itt_metadata_str_add
509863 : 0x9ef2457f7189c : 2 : ittapi_config_apply_per_lib :  ITTAPI function not implemented: __itt_relation_add_to_current
509863 : 0x9ef2457f71fc9 : 2 : ittapi_config_apply_per_lib :  ITTAPI function not implemented: __itt_relation_add
509863 : 0x9ef2457f7268a : 2 : ittapi_config_apply_per_lib :  ITTAPI function instrumented: __itt_event_create
509863 : 0x9ef2457f72d4a : 2 : ittapi_config_apply_per_lib :  ITTAPI function instrumented: __itt_event_start
509863 : 0x9ef2457f74114 : 2 : ittapi_config_apply_per_lib :  ITTAPI function instrumented: __itt_event_end
509863 : 0x9ef2457f744da : 2 : ittapi_config_apply_per_lib :  ITTAPI function NOT instrumented (not matched by --itt-config option): __itt_sync_set_name

509863 : 0x9ef2457f74892 : 2 : ittapi_config_apply_per_lib :  ITTAPI function NOT instrumented (not matched by --itt-config option): __itt_notify_sync_name

509863 : 0x9ef2457f74c1a : 2 : ittapi_config_apply_per_lib :  ITTAPI function NOT instrumented (not matched by --itt-config option): __itt_notify_sync_prepare

509863 : 0x9ef2457f74fa5 : 2 : ittapi_config_apply_per_lib :  ITTAPI function NOT instrumented (not matched by --itt-config option): __itt_notify_sync_cancel

509863 : 0x9ef2457f75339 : 2 : ittapi_config_apply_per_lib :  ITTAPI function NOT instrumented (not matched by --itt-config option): __itt_notify_sync_acquired

509863 : 0x9ef2457f756a2 : 2 : ittapi_config_apply_per_lib :  ITTAPI function NOT instrumented (not matched by --itt-config option): __itt_notify_sync_releasing

509863 : 0x9ef2457f75db3 : 2 : ittapi_config_apply_per_lib :  ITTAPI function not implemented: __itt_memory_read
509863 : 0x9ef2457f76542 : 2 : ittapi_config_apply_per_lib :  ITTAPI function not implemented: __itt_memory_write
509863 : 0x9ef2457f76c57 : 2 : ittapi_config_apply_per_lib :  ITTAPI function not implemented: __itt_memory_update
509863 : 0x9ef2457f781c6 : 2 : ittapi_config_apply_per_lib :  ITTAPI function not implemented: __itt_state_get
509863 : 0x9ef2457f78900 : 2 : ittapi_config_apply_per_lib :  ITTAPI function not implemented: __itt_state_set
509863 : 0x9ef2457f7906c : 2 : ittapi_config_apply_per_lib :  ITTAPI function not implemented: __itt_obj_mode_set
509863 : 0x9ef2457f7978a : 2 : ittapi_config_apply_per_lib :  ITTAPI function not implemented: __itt_thr_mode_set
509863 : 0x9ef2457f79e0a : 2 : ittapi_config_apply_per_lib :  ITTAPI function instrumented: __itt_frame_create
509863 : 0x9ef2457f7a489 : 2 : ittapi_config_apply_per_lib :  ITTAPI function instrumented: __itt_pt_region_create
509863 : 0x9ef2457f7ab11 : 2 : ittapi_config_apply_per_lib :  ITTAPI function instrumented: __itt_frame_begin
509863 : 0x9ef2457f7b1f5 : 2 : ittapi_config_apply_per_lib :  ITTAPI function instrumented: __itt_frame_end
509863 : 0x9ef2457f7b95f : 2 : ittapi_config_apply_per_lib :  ITTAPI function not implemented: __itt_counter_destroy
509863 : 0x9ef2457f7c02d : 2 : ittapi_config_apply_per_lib :  ITTAPI function instrumented: __itt_counter_inc
509863 : 0x9ef2457f7db34 : 2 : ittapi_config_apply_per_lib :  ITTAPI function instrumented: __itt_counter_inc_delta
509863 : 0x9ef2457f7e22e : 2 : ittapi_config_apply_per_lib :  ITTAPI function instrumented: __itt_counter_dec
509863 : 0x9ef2457f7e8fa : 2 : ittapi_config_apply_per_lib :  ITTAPI function instrumented: __itt_counter_dec_delta
509863 : 0x9ef2457f7ef8b : 2 : ittapi_config_apply_per_lib :  ITTAPI function instrumented: __itt_counter_set_value
509863 : 0x9ef2457f7f707 : 2 : ittapi_config_apply_per_lib :  ITTAPI function not implemented: __itt_counter_set_value_ex
509863 : 0x9ef2457f7fe15 : 2 : ittapi_config_apply_per_lib :  ITTAPI function not implemented: __itt_mark_create
509863 : 0x9ef2457f8052b : 2 : ittapi_config_apply_per_lib :  ITTAPI function not implemented: __itt_mark
509863 : 0x9ef2457f80ca3 : 2 : ittapi_config_apply_per_lib :  ITTAPI function not implemented: __itt_mark_off
509863 : 0x9ef2457f81364 : 2 : ittapi_config_apply_per_lib :  ITTAPI function not implemented: __itt_mark_global
509863 : 0x9ef2457f81a52 : 2 : ittapi_config_apply_per_lib :  ITTAPI function not implemented: __itt_mark_global_off
509863 : 0x9ef2457f83040 : 2 : ittapi_config_apply_per_lib :  ITTAPI function instrumented: __itt_stack_caller_create
509863 : 0x9ef2457f8376d : 2 : ittapi_config_apply_per_lib :  ITTAPI function instrumented: __itt_stack_caller_destroy
509863 : 0x9ef2457f83e78 : 2 : ittapi_config_apply_per_lib :  ITTAPI function instrumented: __itt_stack_callee_enter
509863 : 0x9ef2457f84508 : 2 : ittapi_config_apply_per_lib :  ITTAPI function instrumented: __itt_stack_callee_leave
509863 : 0x9ef2457f84c4b : 2 : ittapi_config_apply_per_lib :  ITTAPI function not implemented: __itt_clock_domain_create
509863 : 0x9ef2457f85398 : 2 : ittapi_config_apply_per_lib :  ITTAPI function not implemented: __itt_clock_domain_reset
509863 : 0x9ef2457f85a7d : 2 : ittapi_config_apply_per_lib :  ITTAPI function not implemented: __itt_id_create_ex
509863 : 0x9ef2457f861b6 : 2 : ittapi_config_apply_per_lib :  ITTAPI function not implemented: __itt_id_destroy_ex
509863 : 0x9ef2457f868aa : 2 : ittapi_config_apply_per_lib :  ITTAPI function not implemented: __itt_task_begin_ex
509863 : 0x9ef2457f86f86 : 2 : ittapi_config_apply_per_lib :  ITTAPI function not implemented: __itt_task_begin_fn_ex
509863 : 0x9ef2457f88430 : 2 : ittapi_config_apply_per_lib :  ITTAPI function not implemented: __itt_task_end_ex
509863 : 0x9ef2457f88b5f : 2 : ittapi_config_apply_per_lib :  ITTAPI function instrumented: __itt_task_begin_overlapped
509863 : 0x9ef2457f89278 : 2 : ittapi_config_apply_per_lib :  ITTAPI function not implemented: __itt_task_begin_overlapped_ex
509863 : 0x9ef2457f89921 : 2 : ittapi_config_apply_per_lib :  ITTAPI function instrumented: __itt_task_end_overlapped
509863 : 0x9ef2457f8a00d : 2 : ittapi_config_apply_per_lib :  ITTAPI function not implemented: __itt_task_end_overlapped_ex
509863 : 0x9ef2457f8a6b3 : 2 : ittapi_config_apply_per_lib :  ITTAPI function not implemented: __itt_marker_ex
509863 : 0x9ef2457f8adff : 2 : ittapi_config_apply_per_lib :  ITTAPI function not implemented: __itt_metadata_add_with_scope
509863 : 0x9ef2457f8b569 : 2 : ittapi_config_apply_per_lib :  ITTAPI function not implemented: __itt_metadata_str_add_with_scope
509863 : 0x9ef2457f8bc6c : 2 : ittapi_config_apply_per_lib :  ITTAPI function not implemented: __itt_relation_add_to_current_ex
509863 : 0x9ef2457f8c37c : 2 : ittapi_config_apply_per_lib :  ITTAPI function not implemented: __itt_relation_add_ex
509863 : 0x9ef2457f8e002 : 2 : ittapi_config_apply_per_lib :  ITTAPI function not implemented: __itt_track_group_create
509863 : 0x9ef2457f8e769 : 2 : ittapi_config_apply_per_lib :  ITTAPI function not implemented: __itt_track_create
509863 : 0x9ef2457f8ee83 : 2 : ittapi_config_apply_per_lib :  ITTAPI function not implemented: __itt_set_track
509863 : 0x9ef2457f8f565 : 2 : ittapi_config_apply_per_lib :  ITTAPI function instrumented: __itt_api_version
509863 : 0x9ef2457f8fc50 : 2 : ittapi_config_apply_per_lib :  ITTAPI function not implemented: __itt_av_save
509863 : 0x9ef2457f902e7 : 2 : ittapi_config_apply_per_lib :  ITTAPI function instrumented: __itt_module_load
509863 : 0x9ef2457f90a38 : 2 : ittapi_config_apply_per_lib :  ITTAPI function not implemented: __itt_module_unload