
1624884 : 0xa61d3d3577877 : 1 : spill_jit_data :  Jit agent is not initialized
1624868 : 0xa61d3d357a1a3 : 2 : ittapi_config_mask_get :  --itt-config mask to be applied: 55
1624868 : 0xa61d3d357ccf6 : 2 : ittapi_config_apply_per_lib :  ITTAPI function instrumented: __itt_domain_create
1624868 : 0xa61d3d357d735 : 2 : ittapi_config_apply_per_lib :  ITTAPI function instrumented: __itt_module_load_with_sections
1624868 : 0xa61d3d357e412 : 2 : ittapi_config_apply_per_lib :  ITTAPI function not implemented: __itt_module_unload_with_sections
1624868 : 0xa61d3d357ec91 : 2 : ittapi_config_apply_per_lib :  ITTAPI function instrumented: __itt_string_handle_create
1624868 : 0xa61d3d357f37b : 2 : ittapi_config_apply_per_lib :  ITTAPI function instrumented: __itt_counter_create
1624868 : 0xa61d3d357f9f1 : 2 : ittapi_config_apply_per_lib :  ITTAPI function instrumented: __itt_counter_create_typed
1624868 : 0xa61d3d3580255 : 2 : ittapi_config_apply_per_lib :  ITTAPI function instrumented: __itt_pause
1624868 : 0xa61d3d358094e : 2 : ittapi_config_apply_per_lib :  ITTAPI function instrumented: __itt_resume
1624868 : 0xa61d3d35866cb : 2 : ittapi_config_apply_per_lib :  ITTAPI function instrumented: __itt_thread_set_name
1624868 : 0xa61d3d3586ef0 : 2 : ittapi_config_apply_per_lib :  ITTAPI function instrumented: __itt_thread_ignore
1624868 : 0xa61d3d35875cd : 2 : ittapi_config_apply_per_lib :  ITTAPI function instrumented: __itt_thr_name_set
1624868 : 0xa61d3d3587c7c : 2 : ittapi_config_apply_per_lib :  ITTAPI function instrumented: __itt_thr_ignore
1624868 : 0xa61d3d3588712 : 2 : ittapi_config_apply_per_lib :  ITTAPI function not implemented: __itt_enable_attach
1624868 : 0xa61d3d3588e2e : 2 : ittapi_config_apply_per_lib :  ITTAPI function instrumented: __itt_detach
1624868 : 0xa61d3d358922d : 2 : ittapi_config_apply_per_lib :  ITTAPI function NOT instrumented (not matched by --itt-config option): __itt_sync_create

1624868 : 0xa61d3d3589701 : 2 : ittapi_config_apply_per_lib :  ITTAPI function NOT instrumented (not matched by --itt-config option): __itt_sync_rename

1624868 : 0xa61d3d3589af5 : 2 : ittapi_config_apply_per_lib :  ITTAPI function NOT instrumented (not matched by --itt-config option): __itt_sync_destroy

1624868 : 0xa61d3d358a070 : 2 : ittapi_config_apply_per_lib :  ITTAPI function NOT instrumented (not matched by --itt-config option): __itt_sync_prepare

1624868 : 0xa61d3d358b478 : 2 : ittapi_config_apply_per_lib :  ITTAPI function NOT instrumented (not matched by --itt-config option): __itt_sync_cancel

1624868 : 0xa61d3d358b887 : 2 : ittapi_config_apply_per_lib :  ITTAPI function NOT instrumented (not matched by --itt-config option): __itt_sync_acquired

1624868 : 0xa61d3d358bc39 : 2 : ittapi_config_apply_per_lib :  ITTAPI function NOT instrumented (not matched by --itt-config option): __itt_sync_releasing

1624868 : 0xa61d3d358c4c7 : 2 : ittapi_config_apply_per_lib :  ITTAPI function not implemented: __itt_suppress_push
1624868 : 0xa61d3d358cd92 : 2 : ittapi_config_apply_per_lib :  ITTAPI function not implemented: __itt_suppress_pop
1624868 : 0xa61d3d358d52c : 2 : ittapi_config_apply_per_lib :  ITTAPI function not implemented: __itt_suppress_mark_range
1624868 : 0xa61d3d358dcc8 : 2 : ittapi_config_apply_per_lib :  ITTAPI function not implemented: __itt_suppress_clear_range
1624868 : 0xa61d3d358e036 : 2 : ittapi_config_apply_per_lib :  ITTAPI function NOT instrumented (not matched by --itt-config option): __itt_sync_prepare

1624868 : 0xa61d3d358e3f0 : 2 : ittapi_config_apply_per_lib :  ITTAPI function NOT instrumented (not matched by --itt-config option): __itt_sync_cancel

1624868 : 0xa61d3d358e772 : 2 : ittapi_config_apply_per_lib :  ITTAPI function NOT instrumented (not matched by --itt-config option): __itt_sync_acquired

1624868 : 0xa61d3d358f7d4 : 2 : ittapi_config_apply_per_lib :  ITTAPI function NOT instrumented (not matched by --itt-config option): __itt_sync_releasing

1624868 : 0xa61d3d358fc08 : 2 : ittapi_config_apply_per_lib :  ITTAPI function NOT instrumented (not matched by --itt-config option): __itt_model_site_begin

1624868 : 0xa61d3d358ff9d : 2 : ittapi_config_apply_per_lib :  ITTAPI function NOT instrumented (not matched by --itt-config option): __itt_model_site_end

1624868 : 0xa61d3d359031d : 2 : ittapi_config_apply_per_lib :  ITTAPI function NOT instrumented (not matched by --itt-config option): __itt_model_task_begin

1624868 : 0xa61d3d35906a8 : 2 : ittapi_config_apply_per_lib :  ITTAPI function NOT instrumented (not matched by --itt-config option): __itt_model_task_end

1624868 : 0xa61d3d3590a18 : 2 : ittapi_config_apply_per_lib :  ITTAPI function NOT instrumented (not matched by --itt-config option): __itt_model_lock_acquire

1624868 : 0xa61d3d3590dfd : 2 : ittapi_config_apply_per_lib :  ITTAPI function NOT instrumented (not matched by --itt-config option): __itt_model_lock_release

1624868 : 0xa61d3d3591174 : 2 : ittapi_config_apply_per_lib :  ITTAPI function NOT instrumented (not matched by --itt-config option): __itt_model_record_allocation

1624868 : 0xa61d3d35914bf : 2 : ittapi_config_apply_per_lib :  ITTAPI function NOT instrumented (not matched by --itt-config option): __itt_model_record_deallocation

1624868 : 0xa61d3d35917fa : 2 : ittapi_config_apply_per_lib :  ITTAPI function NOT instrumented (not matched by --itt-config option): __itt_model_induction_uses

1624868 : 0xa61d3d3593559 : 2 : ittapi_config_apply_per_lib :  ITTAPI function NOT instrumented (not matched by --itt-config option): __itt_model_reduction_uses

1624868 : 0xa61d3d359393b : 2 : ittapi_config_apply_per_lib :  ITTAPI function NOT instrumented (not matched by --itt-config option): __itt_model_observe_uses

1624868 : 0xa61d3d3593cd3 : 2 : ittapi_config_apply_per_lib :  ITTAPI function NOT instrumented (not matched by --itt-config option): __itt_model_clear_uses

1624868 : 0xa61d3d3594067 : 2 : ittapi_config_apply_per_lib :  ITTAPI function NOT instrumented (not matched by --itt-config option): __itt_model_site_beginA

1624868 : 0xa61d3d3594404 : 2 : ittapi_config_apply_per_lib :  ITTAPI function NOT instrumented (not matched by --itt-config option): __itt_model_site_beginAL

1624868 : 0xa61d3d3594765 : 2 : ittapi_config_apply_per_lib :  ITTAPI function NOT instrumented (not matched by --itt-config option): __itt_model_task_beginA

1624868 : 0xa61d3d3594ac2 : 2 : ittapi_config_apply_per_lib :  ITTAPI function NOT instrumented (not matched by --itt-config option): __itt_model_task_beginAL

1624868 : 0xa61d3d3594e20 : 2 : ittapi_config_apply_per_lib :  ITTAPI function NOT instrumented (not matched by --itt-config option): __itt_model_iteration_taskA

1624868 : 0xa61d3d3595157 : 2 : ittapi_config_apply_per_lib :  ITTAPI function NOT instrumented (not matched by --itt-config option): __itt_model_iteration_taskAL

1624868 : 0xa61d3d3595484 : 2 : ittapi_config_apply_per_lib :  ITTAPI function NOT instrumented (not matched by --itt-config option): __itt_model_site_end_2

1624868 : 0xa61d3d3596498 : 2 : ittapi_config_apply_per_lib :  ITTAPI function NOT instrumented (not matched by --itt-config option): __itt_model_task_end_2

1624868 : 0xa61d3d3596815 : 2 : ittapi_config_apply_per_lib :  ITTAPI function NOT instrumented (not matched by --itt-config option): __itt_model_lock_acquire_2

1624868 : 0xa61d3d3596bc9 : 2 : ittapi_config_apply_per_lib :  ITTAPI function NOT instrumented (not matched by --itt-config option): __itt_model_lock_release_2

1624868 : 0xa61d3d3596f42 : 2 : ittapi_config_apply_per_lib :  ITTAPI function NOT instrumented (not matched by --itt-config option): __itt_model_aggregate_task

1624868 : 0xa61d3d35972b4 : 2 : ittapi_config_apply_per_lib :  ITTAPI function NOT instrumented (not matched by --itt-config option): __itt_model_disable_push

1624868 : 0xa61d3d3597605 : 2 : ittapi_config_apply_per_lib :  ITTAPI function NOT instrumented (not matched by --itt-config option): __itt_model_disable_pop

1624868 : 0xa61d3d3597d19 : 2 : ittapi_config_apply_per_lib :  ITTAPI function instrumented: __itt_heap_function_create
1624868 : 0xa61d3d359843a : 2 : ittapi_config_apply_per_lib :  ITTAPI function instrumented: __itt_heap_allocate_begin
1624868 : 0xa61d3d3598aa2 : 2 : ittapi_config_apply_per_lib :  ITTAPI function instrumented: __itt_heap_allocate_end
1624868 : 0xa61d3d35991a2 : 2 : ittapi_config_apply_per_lib :  ITTAPI function instrumented: __itt_heap_free_begin
1624868 : 0xa61d3d359ad55 : 2 : ittapi_config_apply_per_lib :  ITTAPI function instrumented: __itt_heap_free_end
1624868 : 0xa61d3d359b48b : 2 : ittapi_config_apply_per_lib :  ITTAPI function instrumented: __itt_heap_reallocate_begin
1624868 : 0xa61d3d359bb09 : 2 : ittapi_config_apply_per_lib :  ITTAPI function instrumented: __itt_heap_reallocate_end
1624868 : 0xa61d3d359c2fa : 2 : ittapi_config_apply_per_lib :  ITTAPI function not implemented: __itt_heap_internal_access_begin
1624868 : 0xa61d3d359ca36 : 2 : ittapi_config_apply_per_lib :  ITTAPI function not implemented: __itt_heap_internal_access_end
1624868 : 0xa61d3d359d1dd : 2 : ittapi_config_apply_per_lib :  ITTAPI function not implemented: __itt_heap_record_memory_growth_begin
1624868 : 0xa61d3d359d93c : 2 : ittapi_config_apply_per_lib :  ITTAPI function not implemented: __itt_heap_record_memory_growth_end
1624868 : 0xa61d3d359e0fb : 2 : ittapi_config_apply_per_lib :  ITTAPI function not implemented: __itt_heap_reset_detection
1624868 : 0xa61d3d359e900 : 2 : ittapi_config_apply_per_lib :  ITTAPI function not implemented: __itt_heap_record
1624868 : 0xa61d3d359f066 : 2 : ittapi_config_apply_per_lib :  ITTAPI function not implemented: __itt_id_create
1624868 : 0xa61d3d35a054a : 2 : ittapi_config_apply_per_lib :  ITTAPI function not implemented: __itt_id_destroy
1624868 : 0xa61d3d35a0c4a : 2 : ittapi_config_apply_per_lib :  ITTAPI function instrumented: __itt_get_timestamp
1624868 : 0xa61d3d35a13aa : 2 : ittapi_config_apply_per_lib :  ITTAPI function not implemented: __itt_region_begin
1624868 : 0xa61d3d35a1b42 : 2 : ittapi_config_apply_per_lib :  ITTAPI function not implemented: __itt_region_end
1624868 : 0xa61d3d35a2271 : 2 : ittapi_config_apply_per_lib :  ITTAPI function instrumented: __itt_frame_begin_v3
1624868 : 0xa61d3d35a2a55 : 2 : ittapi_config_apply_per_lib :  ITTAPI function instrumented: __itt_frame_end_v3
1624868 : 0xa61d3d35a3104 : 2 : ittapi_config_apply_per_lib :  ITTAPI function instrumented: __itt_frame_submit_v3
1624868 : 0xa61d3d35a388b : 2 : ittapi_config_apply_per_lib :  ITTAPI function not implemented: __itt_task_group
1624868 : 0xa61d3d35a3fde : 2 : ittapi_config_apply_per_lib :  ITTAPI function instrumented: __itt_task_begin
1624868 : 0xa61d3d35a46c7 : 2 : ittapi_config_apply_per_lib :  ITTAPI function instrumented: __itt_task_begin_fn
1624868 : 0xa61d3d35a6948 : 2 : ittapi_config_apply_per_lib :  ITTAPI function instrumented: __itt_task_end
1624868 : 0xa61d3d35a7178 : 2 : ittapi_config_apply_per_lib :  ITTAPI function not implemented: __itt_counter_inc_v3
1624868 : 0xa61d3d35a793b : 2 : ittapi_config_apply_per_lib :  ITTAPI function not implemented: __itt_counter_inc_delta_v3
1624868 : 0xa61d3d35a80a3 : 2 : ittapi_config_apply_per_lib :  ITTAPI function not implemented: __itt_counter_dec_v3
1624868 : 0xa61d3d35a87c9 : 2 : ittapi_config_apply_per_lib :  ITTAPI function not implemented: __itt_counter_dec_delta_v3
1624868 : 0xa61d3d35a8f11 : 2 : ittapi_config_apply_per_lib :  ITTAPI function not implemented: __itt_marker
1624868 : 0xa61d3d35a95c9 : 2 : ittapi_config_apply_per_lib :  ITTAPI function instrumented: __itt_metadata_add
1624868 : 0xa61d3d35a9d55 : 2 : ittapi_config_apply_per_lib :  ITTAPI function not implemented: __itt_metadata_str_add
1624868 : 0xa61d3d35aa421 : 2 : ittapi_config_apply_per_lib :  ITTAPI function not implemented: __itt_relation_add_to_current
1624868 : 0xa61d3d35aab78 : 2 : ittapi_config_apply_per_lib :  ITTAPI function not implemented: __itt_relation_add
1624868 : 0xa61d3d35ac542 : 2 : ittapi_config_apply_per_lib :  ITTAPI function instrumented: __itt_event_create
1624868 : 0xa61d3d35acc92 : 2 : ittapi_config_apply_per_lib :  ITTAPI function instrumented: __itt_event_start
1624868 : 0xa61d3d35ad3b1 : 2 : ittapi_config_apply_per_lib :  ITTAPI function instrumented: __itt_event_end
1624868 : 0xa61d3d35ad726 : 2 : ittapi_config_apply_per_lib :  ITTAPI function NOT instrumented (not matched by --itt-config option): __itt_sync_set_name

1624868 : 0xa61d3d35adaed : 2 : ittapi_config_apply_per_lib :  ITTAPI function NOT instrumented (not matched by --itt-config option): __itt_notify_sync_name

1624868 : 0xa61d3d35ade80 : 2 : ittapi_config_apply_per_lib :  ITTAPI function NOT instrumented (not matched by --itt-config option): __itt_notify_sync_prepare

1624868 : 0xa61d3d35ae214 : 2 : ittapi_config_apply_per_lib :  ITTAPI function NOT instrumented (not matched by --itt-config option): __itt_notify_sync_cancel

1624868 : 0xa61d3d35ae57b : 2 : ittapi_config_apply_per_lib :  ITTAPI function NOT instrumented (not matched by --itt-config option): __itt_notify_sync_acquired

1624868 : 0xa61d3d35ae8e2 : 2 : ittapi_config_apply_per_lib :  ITTAPI function NOT instrumented (not matched by --itt-config option): __itt_notify_sync_releasing

1624868 : 0xa61d3d35af008 : 2 : ittapi_config_apply_per_lib :  ITTAPI function not implemented: __itt_memory_read
1624868 : 0xa61d3d35b0dd6 : 2 : ittapi_config_apply_per_lib :  ITTAPI function not implemented: __itt_memory_write
1624868 : 0xa61d3d35b153c : 2 : ittapi_config_apply_per_lib :  ITTAPI function not implemented: __itt_memory_update
1624868 : 0xa61d3d35b1cd4 : 2 : ittapi_config_apply_per_lib :  ITTAPI function not implemented: __itt_state_get
1624868 : 0xa61d3d35b2398 : 2 : ittapi_config_apply_per_lib :  ITTAPI function not implemented: __itt_state_set
1624868 : 0xa61d3d35b2ade : 2 : ittapi_config_apply_per_lib :  ITTAPI function not implemented: __itt_obj_mode_set
1624868 : 0xa61d3d35b3213 : 2 : ittapi_config_apply_per_lib :  ITTAPI function not implemented: __itt_thr_mode_set
1624868 : 0xa61d3d35b3885 : 2 : ittapi_config_apply_per_lib :  ITTAPI function instrumented: __itt_frame_create
1624868 : 0xa61d3d35b3ef4 : 2 : ittapi_config_apply_per_lib :  ITTAPI function instrumented: __itt_pt_region_create
1624868 : 0xa61d3d35b4565 : 2 : ittapi_config_apply_per_lib :  ITTAPI function instrumented: __itt_frame_begin
1624868 : 0xa61d3d35b4bff : 2 : ittapi_config_apply_per_lib :  ITTAPI function instrumented: __itt_frame_end
1624868 : 0xa61d3d35b609e : 2 : ittapi_config_apply_per_lib :  ITTAPI function not implemented: __itt_counter_destroy
1624868 : 0xa61d3d35b67d9 : 2 : ittapi_config_apply_per_lib :  ITTAPI function instrumented: __itt_counter_inc
1624868 : 0xa61d3d35b6e92 : 2 : ittapi_config_apply_per_lib :  ITTAPI function instrumented: __itt_counter_inc_delta
1624868 : 0xa61d3d35b74f7 : 2 : ittapi_config_apply_per_lib :  ITTAPI function instrumented: __itt_counter_dec
1624868 : 0xa61d3d35b7bbb : 2 : ittapi_config_apply_per_lib :  ITTAPI function instrumented: __itt_counter_dec_delta
1624868 : 0xa61d3d35b8278 : 2 : ittapi_config_apply_per_lib :  ITTAPI function instrumented: __itt_counter_set_value
1624868 : 0xa61d3d35b89b2 : 2 : ittapi_config_apply_per_lib :  ITTAPI function not implemented: __itt_counter_set_value_ex
1624868 : 0xa61d3d35b908f : 2 : ittapi_config_apply_per_lib :  ITTAPI function not implemented: __itt_mark_create
1624868 : 0xa61d3d35b9809 : 2 : ittapi_config_apply_per_lib :  ITTAPI function not implemented: __itt_mark
1624868 : 0xa61d3d35b9f90 : 2 : ittapi_config_apply_per_lib :  ITTAPI function not implemented: __itt_mark_off
1624868 : 0xa61d3d35bb332 : 2 : ittapi_config_apply_per_lib :  ITTAPI function not implemented: __itt_mark_global
1624868 : 0xa61d3d35bba9e : 2 : ittapi_config_apply_per_lib :  ITTAPI function not implemented: __itt_mark_global_off
1624868 : 0xa61d3d35bc1b0 : 2 : ittapi_config_apply_per_lib :  ITTAPI function instrumented: __itt_stack_caller_create
1624868 : 0xa61d3d35bc8b6 : 2 : ittapi_config_apply_per_lib :  ITTAPI function instrumented: __itt_stack_caller_destroy
1624868 : 0xa61d3d35bcf85 : 2 : ittapi_config_apply_per_lib :  ITTAPI function instrumented: __itt_stack_callee_enter
1624868 : 0xa61d3d35bd5eb : 2 : ittapi_config_apply_per_lib :  ITTAPI function instrumented: __itt_stack_callee_leave
1624868 : 0xa61d3d35bdcf9 : 2 : ittapi_config_apply_per_lib :  ITTAPI function not implemented: __itt_clock_domain_create
1624868 : 0xa61d3d35be416 : 2 : ittapi_config_apply_per_lib :  ITTAPI function not implemented: __itt_clock_domain_reset
1624868 : 0xa61d3d35beb08 : 2 : ittapi_config_apply_per_lib :  ITTAPI function not implemented: __itt_id_create_ex
1624868 : 0xa61d3d35bf219 : 2 : ittapi_config_apply_per_lib :  ITTAPI function not implemented: __itt_id_destroy_ex
1624868 : 0xa61d3d35c0e77 : 2 : ittapi_config_apply_per_lib :  ITTAPI function not implemented: __itt_task_begin_ex
1624868 : 0xa61d3d35c15b0 : 2 : ittapi_config_apply_per_lib :  ITTAPI function not implemented: __itt_task_begin_fn_ex
1624868 : 0xa61d3d35c1cc6 : 2 : ittapi_config_apply_per_lib :  ITTAPI function not implemented: __itt_task_end_ex
1624868 : 0xa61d3d35c2393 : 2 : ittapi_config_apply_per_lib :  ITTAPI function instrumented: __itt_task_begin_overlapped
1624868 : 0xa61d3d35c2aa5 : 2 : ittapi_config_apply_per_lib :  ITTAPI function not implemented: __itt_task_begin_overlapped_ex
1624868 : 0xa61d3d35c3137 : 2 : ittapi_config_apply_per_lib :  ITTAPI function instrumented: __itt_task_end_overlapped
1624868 : 0xa61d3d35c383a : 2 : ittapi_config_apply_per_lib :  ITTAPI function not implemented: __itt_task_end_overlapped_ex
1624868 : 0xa61d3d35c3f84 : 2 : ittapi_config_apply_per_lib :  ITTAPI function not implemented: __itt_marker_ex
1624868 : 0xa61d3d35c4797 : 2 : ittapi_config_apply_per_lib :  ITTAPI function not implemented: __itt_metadata_add_with_scope
1624868 : 0xa61d3d35c4f37 : 2 : ittapi_config_apply_per_lib :  ITTAPI function not implemented: __itt_metadata_str_add_with_scope
1624868 : 0xa61d3d35c6347 : 2 : ittapi_config_apply_per_lib :  ITTAPI function not implemented: __itt_relation_add_to_current_ex
1624868 : 0xa61d3d35c6a7b : 2 : ittapi_config_apply_per_lib :  ITTAPI function not implemented: __itt_relation_add_ex
1624868 : 0xa61d3d35c7251 : 2 : ittapi_config_apply_per_lib :  ITTAPI function not implemented: __itt_track_group_create
1624868 : 0xa61d3d35c7903 : 2 : ittapi_config_apply_per_lib :  ITTAPI function not implemented: __itt_track_create
1624868 : 0xa61d3d35c8003 : 2 : ittapi_config_apply_per_lib :  ITTAPI function not implemented: __itt_set_track
1624868 : 0xa61d3d35c8681 : 2 : ittapi_config_apply_per_lib :  ITTAPI function instrumented: __itt_api_version
1624868 : 0xa61d3d35c8d98 : 2 : ittapi_config_apply_per_lib :  ITTAPI function not implemented: __itt_av_save
1624868 : 0xa61d3d35c9441 : 2 : ittapi_config_apply_per_lib :  ITTAPI function instrumented: __itt_module_load
1624868 : 0xa61d3d35c9b6d : 2 : ittapi_config_apply_per_lib :  ITTAPI function not implemented: __itt_module_unload
1624868 : 0xa61d3d36129ca : 2 : ittapi_config_mask_get :  --itt-config mask to be applied: 55
1624868 : 0xa61d3d3614ae6 : 2 : ittapi_config_apply_per_lib :  ITTAPI function instrumented: __itt_domain_create
1624868 : 0xa61d3d36152f1 : 2 : ittapi_config_apply_per_lib :  ITTAPI function instrumented: __itt_module_load_with_sections
1624868 : 0xa61d3d3615c5c : 2 : ittapi_config_apply_per_lib :  ITTAPI function not implemented: __itt_module_unload_with_sections
1624868 : 0xa61d3d3616328 : 2 : ittapi_config_apply_per_lib :  ITTAPI function instrumented: __itt_string_handle_create
1624868 : 0xa61d3d3616946 : 2 : ittapi_config_apply_per_lib :  ITTAPI function instrumented: __itt_counter_create
1624868 : 0xa61d3d3616f6b : 2 : ittapi_config_apply_per_lib :  ITTAPI function instrumented: __itt_counter_create_typed
1624868 : 0xa61d3d36175f1 : 2 : ittapi_config_apply_per_lib :  ITTAPI function instrumented: __itt_pause
1624868 : 0xa61d3d3617c91 : 2 : ittapi_config_apply_per_lib :  ITTAPI function instrumented: __itt_resume
1624868 : 0xa61d3d36182ba : 2 : ittapi_config_apply_per_lib :  ITTAPI function instrumented: __itt_thread_set_name
1624868 : 0xa61d3d36189a8 : 2 : ittapi_config_apply_per_lib :  ITTAPI function instrumented: __itt_thread_ignore
1624868 : 0xa61d3d3619e76 : 2 : ittapi_config_apply_per_lib :  ITTAPI function instrumented: __itt_thr_name_set
1624868 : 0xa61d3d361a563 : 2 : ittapi_config_apply_per_lib :  ITTAPI function instrumented: __itt_thr_ignore
1624868 : 0xa61d3d361ad49 : 2 : ittapi_config_apply_per_lib :  ITTAPI function not implemented: __itt_enable_attach
1624868 : 0xa61d3d361b3fa : 2 : ittapi_config_apply_per_lib :  ITTAPI function instrumented: __itt_detach
1624868 : 0xa61d3d361b7a2 : 2 : ittapi_config_apply_per_lib :  ITTAPI function NOT instrumented (not matched by --itt-config option): __itt_sync_create

1624868 : 0xa61d3d361bb67 : 2 : ittapi_config_apply_per_lib :  ITTAPI function NOT instrumented (not matched by --itt-config option): __itt_sync_rename

1624868 : 0xa61d3d361befd : 2 : ittapi_config_apply_per_lib :  ITTAPI function NOT instrumented (not matched by --itt-config option): __itt_sync_destroy

1624868 : 0xa61d3d361c2a6 : 2 : ittapi_config_apply_per_lib :  ITTAPI function NOT instrumented (not matched by --itt-config option): __itt_sync_prepare

1624868 : 0xa61d3d361c61b : 2 : ittapi_config_apply_per_lib :  ITTAPI function NOT instrumented (not matched by --itt-config option): __itt_sync_cancel

1624868 : 0xa61d3d361c96c : 2 : ittapi_config_apply_per_lib :  ITTAPI function NOT instrumented (not matched by --itt-config option): __itt_sync_acquired

1624868 : 0xa61d3d361e496 : 2 : ittapi_config_apply_per_lib :  ITTAPI function NOT instrumented (not matched by --itt-config option): __itt_sync_releasing

1624868 : 0xa61d3d361ed60 : 2 : ittapi_config_apply_per_lib :  ITTAPI function not implemented: __itt_suppress_push
1624868 : 0xa61d3d361f56d : 2 : ittapi_config_apply_per_lib :  ITTAPI function not implemented: __itt_suppress_pop
1624868 : 0xa61d3d361fcfd : 2 : ittapi_config_apply_per_lib :  ITTAPI function not implemented: __itt_suppress_mark_range
1624868 : 0xa61d3d3620476 : 2 : ittapi_config_apply_per_lib :  ITTAPI function not implemented: __itt_suppress_clear_range
1624868 : 0xa61d3d36207f6 : 2 : ittapi_config_apply_per_lib :  ITTAPI function NOT instrumented (not matched by --itt-config option): __itt_sync_prepare

1624868 : 0xa61d3d3620b5e : 2 : ittapi_config_apply_per_lib :  ITTAPI function NOT instrumented (not matched by --itt-config option): __itt_sync_cancel

1624868 : 0xa61d3d3620ec4 : 2 : ittapi_config_apply_per_lib :  ITTAPI function NOT instrumented (not matched by --itt-config option): __itt_sync_acquired

1624868 : 0xa61d3d362121c : 2 : ittapi_config_apply_per_lib :  ITTAPI function NOT instrumented (not matched by --itt-config option): __itt_sync_releasing

1624868 : 0xa61d3d362160d : 2 : ittapi_config_apply_per_lib :  ITTAPI function NOT instrumented (not matched by --itt-config option): __itt_model_site_begin

1624868 : 0xa61d3d3622613 : 2 : ittapi_config_apply_per_lib :  ITTAPI function NOT instrumented (not matched by --itt-config option): __itt_model_site_end

1624868 : 0xa61d3d36229dc : 2 : ittapi_config_apply_per_lib :  ITTAPI function NOT instrumented (not matched by --itt-config option): __itt_model_task_begin

1624868 : 0xa61d3d3622d5c : 2 : ittapi_config_apply_per_lib :  ITTAPI function NOT instrumented (not matched by --itt-config option): __itt_model_task_end

1624868 : 0xa61d3d36230cc : 2 : ittapi_config_apply_per_lib :  ITTAPI function NOT instrumented (not matched by --itt-config option): __itt_model_lock_acquire

1624868 : 0xa61d3d3623495 : 2 : ittapi_config_apply_per_lib :  ITTAPI function NOT instrumented (not matched by --itt-config option): __itt_model_lock_release

1624868 : 0xa61d3d36237e1 : 2 : ittapi_config_apply_per_lib :  ITTAPI function NOT instrumented (not matched by --itt-config option): __itt_model_record_allocation

1624868 : 0xa61d3d3623b35 : 2 : ittapi_config_apply_per_lib :  ITTAPI function NOT instrumented (not matched by --itt-config option): __itt_model_record_deallocation

1624868 : 0xa61d3d3623eb2 : 2 : ittapi_config_apply_per_lib :  ITTAPI function NOT instrumented (not matched by --itt-config option): __itt_model_induction_uses

1624868 : 0xa61d3d3624220 : 2 : ittapi_config_apply_per_lib :  ITTAPI function NOT instrumented (not matched by --itt-config option): __itt_model_reduction_uses

1624868 : 0xa61d3d3624589 : 2 : ittapi_config_apply_per_lib :  ITTAPI function NOT instrumented (not matched by --itt-config option): __itt_model_observe_uses

1624868 : 0xa61d3d3625c6c : 2 : ittapi_config_apply_per_lib :  ITTAPI function NOT instrumented (not matched by --itt-config option): __itt_model_clear_uses

1624868 : 0xa61d3d362603c : 2 : ittapi_config_apply_per_lib :  ITTAPI function NOT instrumented (not matched by --itt-config option): __itt_model_site_beginA

1624868 : 0xa61d3d36263a0 : 2 : ittapi_config_apply_per_lib :  ITTAPI function NOT instrumented (not matched by --itt-config option): __itt_model_site_beginAL

1624868 : 0xa61d3d362670d : 2 : ittapi_config_apply_per_lib :  ITTAPI function NOT instrumented (not matched by --itt-config option): __itt_model_task_beginA

1624868 : 0xa61d3d3626a66 : 2 : ittapi_config_apply_per_lib :  ITTAPI function NOT instrumented (not matched by --itt-config option): __itt_model_task_beginAL

1624868 : 0xa61d3d3626df8 : 2 : ittapi_config_apply_per_lib :  ITTAPI function NOT instrumented (not matched by --itt-config option): __itt_model_iteration_taskA

1624868 : 0xa61d3d362714e : 2 : ittapi_config_apply_per_lib :  ITTAPI function NOT instrumented (not matched by --itt-config option): __itt_model_iteration_taskAL

1624868 : 0xa61d3d3627481 : 2 : ittapi_config_apply_per_lib :  ITTAPI function NOT instrumented (not matched by --itt-config option): __itt_model_site_end_2

1624868 : 0xa61d3d36277ec : 2 : ittapi_config_apply_per_lib :  ITTAPI function NOT instrumented (not matched by --itt-config option): __itt_model_task_end_2

1624868 : 0xa61d3d3627b1b : 2 : ittapi_config_apply_per_lib :  ITTAPI function NOT instrumented (not matched by --itt-config option): __itt_model_lock_acquire_2

1624868 : 0xa61d3d3628a68 : 2 : ittapi_config_apply_per_lib :  ITTAPI function NOT instrumented (not matched by --itt-config option): __itt_model_lock_release_2

1624868 : 0xa61d3d3628e21 : 2 : ittapi_config_apply_per_lib :  ITTAPI function NOT instrumented (not matched by --itt-config option): __itt_model_aggregate_task

1624868 : 0xa61d3d362919c : 2 : ittapi_config_apply_per_lib :  ITTAPI function NOT instrumented (not matched by --itt-config option): __itt_model_disable_push

1624868 : 0xa61d3d362951b : 2 : ittapi_config_apply_per_lib :  ITTAPI function NOT instrumented (not matched by --itt-config option): __itt_model_disable_pop

1624868 : 0xa61d3d3629c0e : 2 : ittapi_config_apply_per_lib :  ITTAPI function instrumented: __itt_heap_function_create
1624868 : 0xa61d3d362a2e7 : 2 : ittapi_config_apply_per_lib :  ITTAPI function instrumented: __itt_heap_allocate_begin
1624868 : 0xa61d3d362a939 : 2 : ittapi_config_apply_per_lib :  ITTAPI function instrumented: __itt_heap_allocate_end
1624868 : 0xa61d3d362afa4 : 2 : ittapi_config_apply_per_lib :  ITTAPI function instrumented: __itt_heap_free_begin
1624868 : 0xa61d3d362b5eb : 2 : ittapi_config_apply_per_lib :  ITTAPI function instrumented: __itt_heap_free_end
1624868 : 0xa61d3d362bc6d : 2 : ittapi_config_apply_per_lib :  ITTAPI function instrumented: __itt_heap_reallocate_begin
1624868 : 0xa61d3d362cfd4 : 2 : ittapi_config_apply_per_lib :  ITTAPI function instrumented: __itt_heap_reallocate_end
1624868 : 0xa61d3d362d7d9 : 2 : ittapi_config_apply_per_lib :  ITTAPI function not implemented: __itt_heap_internal_access_begin
1624868 : 0xa61d3d362df14 : 2 : ittapi_config_apply_per_lib :  ITTAPI function not implemented: __itt_heap_internal_access_end
1624868 : 0xa61d3d362e6ac : 2 : ittapi_config_apply_per_lib :  ITTAPI function not implemented: __itt_heap_record_memory_growth_begin
1624868 : 0xa61d3d362ee7b : 2 : ittapi_config_apply_per_lib :  ITTAPI function not implemented: __itt_heap_record_memory_growth_end
1624868 : 0xa61d3d362f5eb : 2 : ittapi_config_apply_per_lib :  ITTAPI function not implemented: __itt_heap_reset_detection
1624868 : 0xa61d3d362fd93 : 2 : ittapi_config_apply_per_lib :  ITTAPI function not implemented: __itt_heap_record
1624868 : 0xa61d3d36304f1 : 2 : ittapi_config_apply_per_lib :  ITTAPI function not implemented: __itt_id_create
1624868 : 0xa61d3d3630c00 : 2 : ittapi_config_apply_per_lib :  ITTAPI function not implemented: __itt_id_destroy
1624868 : 0xa61d3d3631274 : 2 : ittapi_config_apply_per_lib :  ITTAPI function instrumented: __itt_get_timestamp
1624868 : 0xa61d3d3632f88 : 2 : ittapi_config_apply_per_lib :  ITTAPI function not implemented: __itt_region_begin
1624868 : 0xa61d3d3633772 : 2 : ittapi_config_apply_per_lib :  ITTAPI function not implemented: __itt_region_end
1624868 : 0xa61d3d3633e3a : 2 : ittapi_config_apply_per_lib :  ITTAPI function instrumented: __itt_frame_begin_v3
1624868 : 0xa61d3d3634519 : 2 : ittapi_config_apply_per_lib :  ITTAPI function instrumented: __itt_frame_end_v3
1624868 : 0xa61d3d3634b98 : 2 : ittapi_config_apply_per_lib :  ITTAPI function instrumented: __itt_frame_submit_v3
1624868 : 0xa61d3d363531d : 2 : ittapi_config_apply_per_lib :  ITTAPI function not implemented: __itt_task_group
1624868 : 0xa61d3d3635a39 : 2 : ittapi_config_apply_per_lib :  ITTAPI function instrumented: __itt_task_begin
1624868 : 0xa61d3d36360b7 : 2 : ittapi_config_apply_per_lib :  ITTAPI function instrumented: __itt_task_begin_fn
1624868 : 0xa61d3d363672e : 2 : ittapi_config_apply_per_lib :  ITTAPI function instrumented: __itt_task_end
1624868 : 0xa61d3d3636eb9 : 2 : ittapi_config_apply_per_lib :  ITTAPI function not implemented: __itt_counter_inc_v3
1624868 : 0xa61d3d363836f : 2 : ittapi_config_apply_per_lib :  ITTAPI function not implemented: __itt_counter_inc_delta_v3
1624868 : 0xa61d3d3638ae7 : 2 : ittapi_config_apply_per_lib :  ITTAPI function not implemented: __itt_counter_dec_v3
1624868 : 0xa61d3d3639221 : 2 : ittapi_config_apply_per_lib :  ITTAPI function not implemented: __itt_counter_dec_delta_v3
1624868 : 0xa61d3d3639958 : 2 : ittapi_config_apply_per_lib :  ITTAPI function not implemented: __itt_marker
1624868 : 0xa61d3d3639feb : 2 : ittapi_config_apply_per_lib :  ITTAPI function instrumented: __itt_metadata_add
1624868 : 0xa61d3d363a775 : 2 : ittapi_config_apply_per_lib :  ITTAPI function not implemented: __itt_metadata_str_add
1624868 : 0xa61d3d363ae27 : 2 : ittapi_config_apply_per_lib :  ITTAPI function not implemented: __itt_relation_add_to_current
1624868 : 0xa61d3d363b54c : 2 : ittapi_config_apply_per_lib :  ITTAPI function not implemented: __itt_relation_add
1624868 : 0xa61d3d363bb6a : 2 : ittapi_config_apply_per_lib :  ITTAPI function instrumented: __itt_event_create
1624868 : 0xa61d3d363c1fd : 2 : ittapi_config_apply_per_lib :  ITTAPI function instrumented: __itt_event_start
1624868 : 0xa61d3d363d503 : 2 : ittapi_config_apply_per_lib :  ITTAPI function instrumented: __itt_event_end
1624868 : 0xa61d3d363d8a6 : 2 : ittapi_config_apply_per_lib :  ITTAPI function NOT instrumented (not matched by --itt-config option): __itt_sync_set_name

1624868 : 0xa61d3d363dc61 : 2 : ittapi_config_apply_per_lib :  ITTAPI function NOT instrumented (not matched by --itt-config option): __itt_notify_sync_name

1624868 : 0xa61d3d363dff0 : 2 : ittapi_config_apply_per_lib :  ITTAPI function NOT instrumented (not matched by --itt-config option): __itt_notify_sync_prepare

1624868 : 0xa61d3d363e37f : 2 : ittapi_config_apply_per_lib :  ITTAPI function NOT instrumented (not matched by --itt-config option): __itt_notify_sync_cancel

1624868 : 0xa61d3d363e70c : 2 : ittapi_config_apply_per_lib :  ITTAPI function NOT instrumented (not matched by --itt-config option): __itt_notify_sync_acquired

1624868 : 0xa61d3d363ea89 : 2 : ittapi_config_apply_per_lib :  ITTAPI function NOT instrumented (not matched by --itt-config option): __itt_notify_sync_releasing

1624868 : 0xa61d3d363f1cc : 2 : ittapi_config_apply_per_lib :  ITTAPI function not implemented: __itt_memory_read
1624868 : 0xa61d3d363f904 : 2 : ittapi_config_apply_per_lib :  ITTAPI function not implemented: __itt_memory_write
1624868 : 0xa61d3d363fff0 : 2 : ittapi_config_apply_per_lib :  ITTAPI function not implemented: __itt_memory_update
1624868 : 0xa61d3d364153f : 2 : ittapi_config_apply_per_lib :  ITTAPI function not implemented: __itt_state_get
1624868 : 0xa61d3d3641c55 : 2 : ittapi_config_apply_per_lib :  ITTAPI function not implemented: __itt_state_set
1624868 : 0xa61d3d36423c8 : 2 : ittapi_config_apply_per_lib :  ITTAPI function not implemented: __itt_obj_mode_set
1624868 : 0xa61d3d3642b14 : 2 : ittapi_config_apply_per_lib :  ITTAPI function not implemented: __itt_thr_mode_set
1624868 : 0xa61d3d3643156 : 2 : ittapi_config_apply_per_lib :  ITTAPI function instrumented: __itt_frame_create
1624868 : 0xa61d3d364377c : 2 : ittapi_config_apply_per_lib :  ITTAPI function instrumented: __itt_pt_region_create
1624868 : 0xa61d3d3643e01 : 2 : ittapi_config_apply_per_lib :  ITTAPI function instrumented: __itt_frame_begin
1624868 : 0xa61d3d36444aa : 2 : ittapi_config_apply_per_lib :  ITTAPI function instrumented: __itt_frame_end
1624868 : 0xa61d3d3644c44 : 2 : ittapi_config_apply_per_lib :  ITTAPI function not implemented: __itt_counter_destroy
1624868 : 0xa61d3d36452da : 2 : ittapi_config_apply_per_lib :  ITTAPI function instrumented: __itt_counter_inc
1624868 : 0xa61d3d3646e63 : 2 : ittapi_config_apply_per_lib :  ITTAPI function instrumented: __itt_counter_inc_delta
1624868 : 0xa61d3d36474ea : 2 : ittapi_config_apply_per_lib :  ITTAPI function instrumented: __itt_counter_dec
1624868 : 0xa61d3d3647bad : 2 : ittapi_config_apply_per_lib :  ITTAPI function instrumented: __itt_counter_dec_delta
1624868 : 0xa61d3d364821e : 2 : ittapi_config_apply_per_lib :  ITTAPI function instrumented: __itt_counter_set_value
1624868 : 0xa61d3d364896f : 2 : ittapi_config_apply_per_lib :  ITTAPI function not implemented: __itt_counter_set_value_ex
1624868 : 0xa61d3d3649061 : 2 : ittapi_config_apply_per_lib :  ITTAPI function not implemented: __itt_mark_create
1624868 : 0xa61d3d36497d6 : 2 : ittapi_config_apply_per_lib :  ITTAPI function not implemented: __itt_mark
1624868 : 0xa61d3d3649f18 : 2 : ittapi_config_apply_per_lib :  ITTAPI function not implemented: __itt_mark_off
1624868 : 0xa61d3d364a615 : 2 : ittapi_config_apply_per_lib :  ITTAPI function not implemented: __itt_mark_global
1624868 : 0xa61d3d364ad15 : 2 : ittapi_config_apply_per_lib :  ITTAPI function not implemented: __itt_mark_global_off
1624868 : 0xa61d3d364c10d : 2 : ittapi_config_apply_per_lib :  ITTAPI function instrumented: __itt_stack_caller_create
1624868 : 0xa61d3d364c808 : 2 : ittapi_config_apply_per_lib :  ITTAPI function instrumented: __itt_stack_caller_destroy
1624868 : 0xa61d3d364cef3 : 2 : ittapi_config_apply_per_lib :  ITTAPI function instrumented: __itt_stack_callee_enter
1624868 : 0xa61d3d364d534 : 2 : ittapi_config_apply_per_lib :  ITTAPI function instrumented: __itt_stack_callee_leave
1624868 : 0xa61d3d364dc7e : 2 : ittapi_config_apply_per_lib :  ITTAPI function not implemented: __itt_clock_domain_create
1624868 : 0xa61d3d364e3ab : 2 : ittapi_config_apply_per_lib :  ITTAPI function not implemented: __itt_clock_domain_reset
1624868 : 0xa61d3d364eab5 : 2 : ittapi_config_apply_per_lib :  ITTAPI function not implemented: __itt_id_create_ex
1624868 : 0xa61d3d364f200 : 2 : ittapi_config_apply_per_lib :  ITTAPI function not implemented: __itt_id_destroy_ex
1624868 : 0xa61d3d364f907 : 2 : ittapi_config_apply_per_lib :  ITTAPI function not implemented: __itt_task_begin_ex
1624868 : 0xa61d3d364ffe6 : 2 : ittapi_config_apply_per_lib :  ITTAPI function not implemented: __itt_task_begin_fn_ex
1624868 : 0xa61d3d36513f7 : 2 : ittapi_config_apply_per_lib :  ITTAPI function not implemented: __itt_task_end_ex
1624868 : 0xa61d3d3651b06 : 2 : ittapi_config_apply_per_lib :  ITTAPI function instrumented: __itt_task_begin_overlapped
1624868 : 0xa61d3d3652218 : 2 : ittapi_config_apply_per_lib :  ITTAPI function not implemented: __itt_task_begin_overlapped_ex
1624868 : 0xa61d3d36528c0 : 2 : ittapi_config_apply_per_lib :  ITTAPI function instrumented: __itt_task_end_overlapped
1624868 : 0xa61d3d3652fc7 : 2 : ittapi_config_apply_per_lib :  ITTAPI function not implemented: __itt_task_end_overlapped_ex
1624868 : 0xa61d3d365367b : 2 : ittapi_config_apply_per_lib :  ITTAPI function not implemented: __itt_marker_ex
1624868 : 0xa61d3d3653de4 : 2 : ittapi_config_apply_per_lib :  ITTAPI function not implemented: __itt_metadata_add_with_scope
1624868 : 0xa61d3d3654567 : 2 : ittapi_config_apply_per_lib :  ITTAPI function not implemented: __itt_metadata_str_add_with_scope
1624868 : 0xa61d3d3654c63 : 2 : ittapi_config_apply_per_lib :  ITTAPI function not implemented: __itt_relation_add_to_current_ex
1624868 : 0xa61d3d3655359 : 2 : ittapi_config_apply_per_lib :  ITTAPI function not implemented: __itt_relation_add_ex
1624868 : 0xa61d3d3656f29 : 2 : ittapi_config_apply_per_lib :  ITTAPI function not implemented: __itt_track_group_create
1624868 : 0xa61d3d3657651 : 2 : ittapi_config_apply_per_lib :  ITTAPI function not implemented: __itt_track_create
1624868 : 0xa61d3d3657d85 : 2 : ittapi_config_apply_per_lib :  ITTAPI function not implemented: __itt_set_track
1624868 : 0xa61d3d365841c : 2 : ittapi_config_apply_per_lib :  ITTAPI function instrumented: __itt_api_version
1624868 : 0xa61d3d3658b0c : 2 : ittapi_config_apply_per_lib :  ITTAPI function not implemented: __itt_av_save
1624868 : 0xa61d3d3659197 : 2 : ittapi_config_apply_per_lib :  ITTAPI function instrumented: __itt_module_load
1624868 : 0xa61d3d36598ac : 2 : ittapi_config_apply_per_lib :  ITTAPI function not implemented: __itt_module_unload