
102377 : 0xa1ef7c18bc600 : 1 : spill_jit_data :  Jit agent is not initialized
102347 : 0xa1ef7c18bf04f : 2 : ittapi_config_mask_get :  --itt-config mask to be applied: 55
102347 : 0xa1ef7c18c0b3f : 2 : ittapi_config_apply_per_lib :  ITTAPI function instrumented: __itt_domain_create
102347 : 0xa1ef7c18c1550 : 2 : ittapi_config_apply_per_lib :  ITTAPI function instrumented: __itt_module_load_with_sections
102347 : 0xa1ef7c18c210a : 2 : ittapi_config_apply_per_lib :  ITTAPI function not implemented: __itt_module_unload_with_sections
102347 : 0xa1ef7c18c2951 : 2 : ittapi_config_apply_per_lib :  ITTAPI function instrumented: __itt_string_handle_create
102347 : 0xa1ef7c18c3094 : 2 : ittapi_config_apply_per_lib :  ITTAPI function instrumented: __itt_counter_create
102347 : 0xa1ef7c18c3701 : 2 : ittapi_config_apply_per_lib :  ITTAPI function instrumented: __itt_counter_create_typed
102347 : 0xa1ef7c18c3f78 : 2 : ittapi_config_apply_per_lib :  ITTAPI function instrumented: __itt_pause
102347 : 0xa1ef7c18c464e : 2 : ittapi_config_apply_per_lib :  ITTAPI function instrumented: __itt_resume
102347 : 0xa1ef7c18ca41f : 2 : ittapi_config_apply_per_lib :  ITTAPI function instrumented: __itt_thread_set_name
102347 : 0xa1ef7c18cac44 : 2 : ittapi_config_apply_per_lib :  ITTAPI function instrumented: __itt_thread_ignore
102347 : 0xa1ef7c18cb312 : 2 : ittapi_config_apply_per_lib :  ITTAPI function instrumented: __itt_thr_name_set
102347 : 0xa1ef7c18cba01 : 2 : ittapi_config_apply_per_lib :  ITTAPI function instrumented: __itt_thr_ignore
102347 : 0xa1ef7c18cc444 : 2 : ittapi_config_apply_per_lib :  ITTAPI function not implemented: __itt_enable_attach
102347 : 0xa1ef7c18ccb7c : 2 : ittapi_config_apply_per_lib :  ITTAPI function instrumented: __itt_detach
102347 : 0xa1ef7c18ccf8e : 2 : ittapi_config_apply_per_lib :  ITTAPI function NOT instrumented (not matched by --itt-config option): __itt_sync_create

102347 : 0xa1ef7c18cd45d : 2 : ittapi_config_apply_per_lib :  ITTAPI function NOT instrumented (not matched by --itt-config option): __itt_sync_rename

102347 : 0xa1ef7c18cd83b : 2 : ittapi_config_apply_per_lib :  ITTAPI function NOT instrumented (not matched by --itt-config option): __itt_sync_destroy

102347 : 0xa1ef7c18cdc65 : 2 : ittapi_config_apply_per_lib :  ITTAPI function NOT instrumented (not matched by --itt-config option): __itt_sync_prepare

102347 : 0xa1ef7c18cf09f : 2 : ittapi_config_apply_per_lib :  ITTAPI function NOT instrumented (not matched by --itt-config option): __itt_sync_cancel

102347 : 0xa1ef7c18cf48c : 2 : ittapi_config_apply_per_lib :  ITTAPI function NOT instrumented (not matched by --itt-config option): __itt_sync_acquired

102347 : 0xa1ef7c18cf802 : 2 : ittapi_config_apply_per_lib :  ITTAPI function NOT instrumented (not matched by --itt-config option): __itt_sync_releasing

102347 : 0xa1ef7c18d0111 : 2 : ittapi_config_apply_per_lib :  ITTAPI function not implemented: __itt_suppress_push
102347 : 0xa1ef7c18d09bf : 2 : ittapi_config_apply_per_lib :  ITTAPI function not implemented: __itt_suppress_pop
102347 : 0xa1ef7c18d114c : 2 : ittapi_config_apply_per_lib :  ITTAPI function not implemented: __itt_suppress_mark_range
102347 : 0xa1ef7c18d1948 : 2 : ittapi_config_apply_per_lib :  ITTAPI function not implemented: __itt_suppress_clear_range
102347 : 0xa1ef7c18d1cd6 : 2 : ittapi_config_apply_per_lib :  ITTAPI function NOT instrumented (not matched by --itt-config option): __itt_sync_prepare

102347 : 0xa1ef7c18d206a : 2 : ittapi_config_apply_per_lib :  ITTAPI function NOT instrumented (not matched by --itt-config option): __itt_sync_cancel

102347 : 0xa1ef7c18d23f4 : 2 : ittapi_config_apply_per_lib :  ITTAPI function NOT instrumented (not matched by --itt-config option): __itt_sync_acquired

102347 : 0xa1ef7c18d33e5 : 2 : ittapi_config_apply_per_lib :  ITTAPI function NOT instrumented (not matched by --itt-config option): __itt_sync_releasing

102347 : 0xa1ef7c18d37e0 : 2 : ittapi_config_apply_per_lib :  ITTAPI function NOT instrumented (not matched by --itt-config option): __itt_model_site_begin

102347 : 0xa1ef7c18d3bbe : 2 : ittapi_config_apply_per_lib :  ITTAPI function NOT instrumented (not matched by --itt-config option): __itt_model_site_end

102347 : 0xa1ef7c18d3f5a : 2 : ittapi_config_apply_per_lib :  ITTAPI function NOT instrumented (not matched by --itt-config option): __itt_model_task_begin

102347 : 0xa1ef7c18d42f0 : 2 : ittapi_config_apply_per_lib :  ITTAPI function NOT instrumented (not matched by --itt-config option): __itt_model_task_end

102347 : 0xa1ef7c18d4667 : 2 : ittapi_config_apply_per_lib :  ITTAPI function NOT instrumented (not matched by --itt-config option): __itt_model_lock_acquire

102347 : 0xa1ef7c18d4a79 : 2 : ittapi_config_apply_per_lib :  ITTAPI function NOT instrumented (not matched by --itt-config option): __itt_model_lock_release

102347 : 0xa1ef7c18d4de5 : 2 : ittapi_config_apply_per_lib :  ITTAPI function NOT instrumented (not matched by --itt-config option): __itt_model_record_allocation

102347 : 0xa1ef7c18d5131 : 2 : ittapi_config_apply_per_lib :  ITTAPI function NOT instrumented (not matched by --itt-config option): __itt_model_record_deallocation

102347 : 0xa1ef7c18d5482 : 2 : ittapi_config_apply_per_lib :  ITTAPI function NOT instrumented (not matched by --itt-config option): __itt_model_induction_uses

102347 : 0xa1ef7c18d70e6 : 2 : ittapi_config_apply_per_lib :  ITTAPI function NOT instrumented (not matched by --itt-config option): __itt_model_reduction_uses

102347 : 0xa1ef7c18d74c2 : 2 : ittapi_config_apply_per_lib :  ITTAPI function NOT instrumented (not matched by --itt-config option): __itt_model_observe_uses

102347 : 0xa1ef7c18d7867 : 2 : ittapi_config_apply_per_lib :  ITTAPI function NOT instrumented (not matched by --itt-config option): __itt_model_clear_uses

102347 : 0xa1ef7c18d7bf7 : 2 : ittapi_config_apply_per_lib :  ITTAPI function NOT instrumented (not matched by --itt-config option): __itt_model_site_beginA

102347 : 0xa1ef7c18d7fa2 : 2 : ittapi_config_apply_per_lib :  ITTAPI function NOT instrumented (not matched by --itt-config option): __itt_model_site_beginAL

102347 : 0xa1ef7c18d830e : 2 : ittapi_config_apply_per_lib :  ITTAPI function NOT instrumented (not matched by --itt-config option): __itt_model_task_beginA

102347 : 0xa1ef7c18d86a2 : 2 : ittapi_config_apply_per_lib :  ITTAPI function NOT instrumented (not matched by --itt-config option): __itt_model_task_beginAL

102347 : 0xa1ef7c18d8a1b : 2 : ittapi_config_apply_per_lib :  ITTAPI function NOT instrumented (not matched by --itt-config option): __itt_model_iteration_taskA

102347 : 0xa1ef7c18d8d73 : 2 : ittapi_config_apply_per_lib :  ITTAPI function NOT instrumented (not matched by --itt-config option): __itt_model_iteration_taskAL

102347 : 0xa1ef7c18d90bc : 2 : ittapi_config_apply_per_lib :  ITTAPI function NOT instrumented (not matched by --itt-config option): __itt_model_site_end_2

102347 : 0xa1ef7c18da047 : 2 : ittapi_config_apply_per_lib :  ITTAPI function NOT instrumented (not matched by --itt-config option): __itt_model_task_end_2

102347 : 0xa1ef7c18da3aa : 2 : ittapi_config_apply_per_lib :  ITTAPI function NOT instrumented (not matched by --itt-config option): __itt_model_lock_acquire_2

102347 : 0xa1ef7c18da756 : 2 : ittapi_config_apply_per_lib :  ITTAPI function NOT instrumented (not matched by --itt-config option): __itt_model_lock_release_2

102347 : 0xa1ef7c18daae2 : 2 : ittapi_config_apply_per_lib :  ITTAPI function NOT instrumented (not matched by --itt-config option): __itt_model_aggregate_task

102347 : 0xa1ef7c18dae4e : 2 : ittapi_config_apply_per_lib :  ITTAPI function NOT instrumented (not matched by --itt-config option): __itt_model_disable_push

102347 : 0xa1ef7c18db1a9 : 2 : ittapi_config_apply_per_lib :  ITTAPI function NOT instrumented (not matched by --itt-config option): __itt_model_disable_pop

102347 : 0xa1ef7c18db915 : 2 : ittapi_config_apply_per_lib :  ITTAPI function instrumented: __itt_heap_function_create
102347 : 0xa1ef7c18dc062 : 2 : ittapi_config_apply_per_lib :  ITTAPI function instrumented: __itt_heap_allocate_begin
102347 : 0xa1ef7c18dc715 : 2 : ittapi_config_apply_per_lib :  ITTAPI function instrumented: __itt_heap_allocate_end
102347 : 0xa1ef7c18dce51 : 2 : ittapi_config_apply_per_lib :  ITTAPI function instrumented: __itt_heap_free_begin
102347 : 0xa1ef7c18de84e : 2 : ittapi_config_apply_per_lib :  ITTAPI function instrumented: __itt_heap_free_end
102347 : 0xa1ef7c18def6c : 2 : ittapi_config_apply_per_lib :  ITTAPI function instrumented: __itt_heap_reallocate_begin
102347 : 0xa1ef7c18df5b6 : 2 : ittapi_config_apply_per_lib :  ITTAPI function instrumented: __itt_heap_reallocate_end
102347 : 0xa1ef7c18dfdb0 : 2 : ittapi_config_apply_per_lib :  ITTAPI function not implemented: __itt_heap_internal_access_begin
102347 : 0xa1ef7c18e055d : 2 : ittapi_config_apply_per_lib :  ITTAPI function not implemented: __itt_heap_internal_access_end
102347 : 0xa1ef7c18e0d68 : 2 : ittapi_config_apply_per_lib :  ITTAPI function not implemented: __itt_heap_record_memory_growth_begin
102347 : 0xa1ef7c18e1526 : 2 : ittapi_config_apply_per_lib :  ITTAPI function not implemented: __itt_heap_record_memory_growth_end
102347 : 0xa1ef7c18e1d3d : 2 : ittapi_config_apply_per_lib :  ITTAPI function not implemented: __itt_heap_reset_detection
102347 : 0xa1ef7c18e253f : 2 : ittapi_config_apply_per_lib :  ITTAPI function not implemented: __itt_heap_record
102347 : 0xa1ef7c18e2cd7 : 2 : ittapi_config_apply_per_lib :  ITTAPI function not implemented: __itt_id_create
102347 : 0xa1ef7c18e416c : 2 : ittapi_config_apply_per_lib :  ITTAPI function not implemented: __itt_id_destroy
102347 : 0xa1ef7c18e4832 : 2 : ittapi_config_apply_per_lib :  ITTAPI function instrumented: __itt_get_timestamp
102347 : 0xa1ef7c18e4f7e : 2 : ittapi_config_apply_per_lib :  ITTAPI function not implemented: __itt_region_begin
102347 : 0xa1ef7c18e578d : 2 : ittapi_config_apply_per_lib :  ITTAPI function not implemented: __itt_region_end
102347 : 0xa1ef7c18e5e7d : 2 : ittapi_config_apply_per_lib :  ITTAPI function instrumented: __itt_frame_begin_v3
102347 : 0xa1ef7c18e6610 : 2 : ittapi_config_apply_per_lib :  ITTAPI function instrumented: __itt_frame_end_v3
102347 : 0xa1ef7c18e6d06 : 2 : ittapi_config_apply_per_lib :  ITTAPI function instrumented: __itt_frame_submit_v3
102347 : 0xa1ef7c18e74a0 : 2 : ittapi_config_apply_per_lib :  ITTAPI function not implemented: __itt_task_group
102347 : 0xa1ef7c18e7d87 : 2 : ittapi_config_apply_per_lib :  ITTAPI function instrumented: __itt_task_begin
102347 : 0xa1ef7c18e848a : 2 : ittapi_config_apply_per_lib :  ITTAPI function instrumented: __itt_task_begin_fn
102347 : 0xa1ef7c18e97f8 : 2 : ittapi_config_apply_per_lib :  ITTAPI function instrumented: __itt_task_end
102347 : 0xa1ef7c18ea024 : 2 : ittapi_config_apply_per_lib :  ITTAPI function not implemented: __itt_counter_inc_v3
102347 : 0xa1ef7c18ea828 : 2 : ittapi_config_apply_per_lib :  ITTAPI function not implemented: __itt_counter_inc_delta_v3
102347 : 0xa1ef7c18eafc4 : 2 : ittapi_config_apply_per_lib :  ITTAPI function not implemented: __itt_counter_dec_v3
102347 : 0xa1ef7c18eb725 : 2 : ittapi_config_apply_per_lib :  ITTAPI function not implemented: __itt_counter_dec_delta_v3
102347 : 0xa1ef7c18ebea5 : 2 : ittapi_config_apply_per_lib :  ITTAPI function not implemented: __itt_marker
102347 : 0xa1ef7c18ec55d : 2 : ittapi_config_apply_per_lib :  ITTAPI function instrumented: __itt_metadata_add
102347 : 0xa1ef7c18ecd09 : 2 : ittapi_config_apply_per_lib :  ITTAPI function not implemented: __itt_metadata_str_add
102347 : 0xa1ef7c18ed3f8 : 2 : ittapi_config_apply_per_lib :  ITTAPI function not implemented: __itt_relation_add_to_current
102347 : 0xa1ef7c18edb30 : 2 : ittapi_config_apply_per_lib :  ITTAPI function not implemented: __itt_relation_add
102347 : 0xa1ef7c18eee03 : 2 : ittapi_config_apply_per_lib :  ITTAPI function instrumented: __itt_event_create
102347 : 0xa1ef7c18ef55b : 2 : ittapi_config_apply_per_lib :  ITTAPI function instrumented: __itt_event_start
102347 : 0xa1ef7c18efc71 : 2 : ittapi_config_apply_per_lib :  ITTAPI function instrumented: __itt_event_end
102347 : 0xa1ef7c18f0009 : 2 : ittapi_config_apply_per_lib :  ITTAPI function NOT instrumented (not matched by --itt-config option): __itt_sync_set_name

102347 : 0xa1ef7c18f03d6 : 2 : ittapi_config_apply_per_lib :  ITTAPI function NOT instrumented (not matched by --itt-config option): __itt_notify_sync_name

102347 : 0xa1ef7c18f0785 : 2 : ittapi_config_apply_per_lib :  ITTAPI function NOT instrumented (not matched by --itt-config option): __itt_notify_sync_prepare

102347 : 0xa1ef7c18f0b0e : 2 : ittapi_config_apply_per_lib :  ITTAPI function NOT instrumented (not matched by --itt-config option): __itt_notify_sync_cancel

102347 : 0xa1ef7c18f0e78 : 2 : ittapi_config_apply_per_lib :  ITTAPI function NOT instrumented (not matched by --itt-config option): __itt_notify_sync_acquired

102347 : 0xa1ef7c18f11dd : 2 : ittapi_config_apply_per_lib :  ITTAPI function NOT instrumented (not matched by --itt-config option): __itt_notify_sync_releasing

102347 : 0xa1ef7c18f1978 : 2 : ittapi_config_apply_per_lib :  ITTAPI function not implemented: __itt_memory_read
102347 : 0xa1ef7c18f36fb : 2 : ittapi_config_apply_per_lib :  ITTAPI function not implemented: __itt_memory_write
102347 : 0xa1ef7c18f3e2c : 2 : ittapi_config_apply_per_lib :  ITTAPI function not implemented: __itt_memory_update
102347 : 0xa1ef7c18f45d9 : 2 : ittapi_config_apply_per_lib :  ITTAPI function not implemented: __itt_state_get
102347 : 0xa1ef7c18f4cdd : 2 : ittapi_config_apply_per_lib :  ITTAPI function not implemented: __itt_state_set
102347 : 0xa1ef7c18f549b : 2 : ittapi_config_apply_per_lib :  ITTAPI function not implemented: __itt_obj_mode_set
102347 : 0xa1ef7c18f5bd7 : 2 : ittapi_config_apply_per_lib :  ITTAPI function not implemented: __itt_thr_mode_set
102347 : 0xa1ef7c18f625e : 2 : ittapi_config_apply_per_lib :  ITTAPI function instrumented: __itt_frame_create
102347 : 0xa1ef7c18f68bc : 2 : ittapi_config_apply_per_lib :  ITTAPI function instrumented: __itt_pt_region_create
102347 : 0xa1ef7c18f6f6b : 2 : ittapi_config_apply_per_lib :  ITTAPI function instrumented: __itt_frame_begin
102347 : 0xa1ef7c18f7612 : 2 : ittapi_config_apply_per_lib :  ITTAPI function instrumented: __itt_frame_end
102347 : 0xa1ef7c18f8aa2 : 2 : ittapi_config_apply_per_lib :  ITTAPI function not implemented: __itt_counter_destroy
102347 : 0xa1ef7c18f915d : 2 : ittapi_config_apply_per_lib :  ITTAPI function instrumented: __itt_counter_inc
102347 : 0xa1ef7c18f9810 : 2 : ittapi_config_apply_per_lib :  ITTAPI function instrumented: __itt_counter_inc_delta
102347 : 0xa1ef7c18f9ebb : 2 : ittapi_config_apply_per_lib :  ITTAPI function instrumented: __itt_counter_dec
102347 : 0xa1ef7c18fa577 : 2 : ittapi_config_apply_per_lib :  ITTAPI function instrumented: __itt_counter_dec_delta
102347 : 0xa1ef7c18fac51 : 2 : ittapi_config_apply_per_lib :  ITTAPI function instrumented: __itt_counter_set_value
102347 : 0xa1ef7c18fb3e2 : 2 : ittapi_config_apply_per_lib :  ITTAPI function not implemented: __itt_counter_set_value_ex
102347 : 0xa1ef7c18fbae6 : 2 : ittapi_config_apply_per_lib :  ITTAPI function not implemented: __itt_mark_create
102347 : 0xa1ef7c18fc27a : 2 : ittapi_config_apply_per_lib :  ITTAPI function not implemented: __itt_mark
102347 : 0xa1ef7c18fca5c : 2 : ittapi_config_apply_per_lib :  ITTAPI function not implemented: __itt_mark_off
102347 : 0xa1ef7c18fdde1 : 2 : ittapi_config_apply_per_lib :  ITTAPI function not implemented: __itt_mark_global
102347 : 0xa1ef7c18fe59a : 2 : ittapi_config_apply_per_lib :  ITTAPI function not implemented: __itt_mark_global_off
102347 : 0xa1ef7c18fecf1 : 2 : ittapi_config_apply_per_lib :  ITTAPI function instrumented: __itt_stack_caller_create
102347 : 0xa1ef7c18ff3c6 : 2 : ittapi_config_apply_per_lib :  ITTAPI function instrumented: __itt_stack_caller_destroy
102347 : 0xa1ef7c18ffa9d : 2 : ittapi_config_apply_per_lib :  ITTAPI function instrumented: __itt_stack_callee_enter
102347 : 0xa1ef7c190010b : 2 : ittapi_config_apply_per_lib :  ITTAPI function instrumented: __itt_stack_callee_leave
102347 : 0xa1ef7c190084b : 2 : ittapi_config_apply_per_lib :  ITTAPI function not implemented: __itt_clock_domain_create
102347 : 0xa1ef7c1900f9c : 2 : ittapi_config_apply_per_lib :  ITTAPI function not implemented: __itt_clock_domain_reset
102347 : 0xa1ef7c19016eb : 2 : ittapi_config_apply_per_lib :  ITTAPI function not implemented: __itt_id_create_ex
102347 : 0xa1ef7c1901e26 : 2 : ittapi_config_apply_per_lib :  ITTAPI function not implemented: __itt_id_destroy_ex
102347 : 0xa1ef7c1903914 : 2 : ittapi_config_apply_per_lib :  ITTAPI function not implemented: __itt_task_begin_ex
102347 : 0xa1ef7c19040cb : 2 : ittapi_config_apply_per_lib :  ITTAPI function not implemented: __itt_task_begin_fn_ex
102347 : 0xa1ef7c190481d : 2 : ittapi_config_apply_per_lib :  ITTAPI function not implemented: __itt_task_end_ex
102347 : 0xa1ef7c1904ee8 : 2 : ittapi_config_apply_per_lib :  ITTAPI function instrumented: __itt_task_begin_overlapped
102347 : 0xa1ef7c1905634 : 2 : ittapi_config_apply_per_lib :  ITTAPI function not implemented: __itt_task_begin_overlapped_ex
102347 : 0xa1ef7c1905cda : 2 : ittapi_config_apply_per_lib :  ITTAPI function instrumented: __itt_task_end_overlapped
102347 : 0xa1ef7c1906428 : 2 : ittapi_config_apply_per_lib :  ITTAPI function not implemented: __itt_task_end_overlapped_ex
102347 : 0xa1ef7c1906b71 : 2 : ittapi_config_apply_per_lib :  ITTAPI function not implemented: __itt_marker_ex
102347 : 0xa1ef7c19072e7 : 2 : ittapi_config_apply_per_lib :  ITTAPI function not implemented: __itt_metadata_add_with_scope
102347 : 0xa1ef7c1907ab9 : 2 : ittapi_config_apply_per_lib :  ITTAPI function not implemented: __itt_metadata_str_add_with_scope
102347 : 0xa1ef7c1908ee5 : 2 : ittapi_config_apply_per_lib :  ITTAPI function not implemented: __itt_relation_add_to_current_ex
102347 : 0xa1ef7c190962e : 2 : ittapi_config_apply_per_lib :  ITTAPI function not implemented: __itt_relation_add_ex
102347 : 0xa1ef7c1909dae : 2 : ittapi_config_apply_per_lib :  ITTAPI function not implemented: __itt_track_group_create
102347 : 0xa1ef7c190a48b : 2 : ittapi_config_apply_per_lib :  ITTAPI function not implemented: __itt_track_create
102347 : 0xa1ef7c190abe5 : 2 : ittapi_config_apply_per_lib :  ITTAPI function not implemented: __itt_set_track
102347 : 0xa1ef7c190b2e1 : 2 : ittapi_config_apply_per_lib :  ITTAPI function instrumented: __itt_api_version
102347 : 0xa1ef7c190ba2d : 2 : ittapi_config_apply_per_lib :  ITTAPI function not implemented: __itt_av_save
102347 : 0xa1ef7c190c0e4 : 2 : ittapi_config_apply_per_lib :  ITTAPI function instrumented: __itt_module_load
102347 : 0xa1ef7c190c8b1 : 2 : ittapi_config_apply_per_lib :  ITTAPI function not implemented: __itt_module_unload
102347 : 0xa1ef7c1956f9b : 2 : ittapi_config_mask_get :  --itt-config mask to be applied: 55
102347 : 0xa1ef7c19597de : 2 : ittapi_config_apply_per_lib :  ITTAPI function instrumented: __itt_domain_create
102347 : 0xa1ef7c1959fdd : 2 : ittapi_config_apply_per_lib :  ITTAPI function instrumented: __itt_module_load_with_sections
102347 : 0xa1ef7c195a914 : 2 : ittapi_config_apply_per_lib :  ITTAPI function not implemented: __itt_module_unload_with_sections
102347 : 0xa1ef7c195b002 : 2 : ittapi_config_apply_per_lib :  ITTAPI function instrumented: __itt_string_handle_create
102347 : 0xa1ef7c195b69d : 2 : ittapi_config_apply_per_lib :  ITTAPI function instrumented: __itt_counter_create
102347 : 0xa1ef7c195bcac : 2 : ittapi_config_apply_per_lib :  ITTAPI function instrumented: __itt_counter_create_typed
102347 : 0xa1ef7c195c36b : 2 : ittapi_config_apply_per_lib :  ITTAPI function instrumented: __itt_pause
102347 : 0xa1ef7c195ca42 : 2 : ittapi_config_apply_per_lib :  ITTAPI function instrumented: __itt_resume
102347 : 0xa1ef7c195d06d : 2 : ittapi_config_apply_per_lib :  ITTAPI function instrumented: __itt_thread_set_name
102347 : 0xa1ef7c195d774 : 2 : ittapi_config_apply_per_lib :  ITTAPI function instrumented: __itt_thread_ignore
102347 : 0xa1ef7c195eb5c : 2 : ittapi_config_apply_per_lib :  ITTAPI function instrumented: __itt_thr_name_set
102347 : 0xa1ef7c195f22b : 2 : ittapi_config_apply_per_lib :  ITTAPI function instrumented: __itt_thr_ignore
102347 : 0xa1ef7c195fa4e : 2 : ittapi_config_apply_per_lib :  ITTAPI function not implemented: __itt_enable_attach
102347 : 0xa1ef7c19600e8 : 2 : ittapi_config_apply_per_lib :  ITTAPI function instrumented: __itt_detach
102347 : 0xa1ef7c19604b9 : 2 : ittapi_config_apply_per_lib :  ITTAPI function NOT instrumented (not matched by --itt-config option): __itt_sync_create

102347 : 0xa1ef7c1960882 : 2 : ittapi_config_apply_per_lib :  ITTAPI function NOT instrumented (not matched by --itt-config option): __itt_sync_rename

102347 : 0xa1ef7c1960bfb : 2 : ittapi_config_apply_per_lib :  ITTAPI function NOT instrumented (not matched by --itt-config option): __itt_sync_destroy

102347 : 0xa1ef7c1960f9b : 2 : ittapi_config_apply_per_lib :  ITTAPI function NOT instrumented (not matched by --itt-config option): __itt_sync_prepare

102347 : 0xa1ef7c19612ea : 2 : ittapi_config_apply_per_lib :  ITTAPI function NOT instrumented (not matched by --itt-config option): __itt_sync_cancel

102347 : 0xa1ef7c196164f : 2 : ittapi_config_apply_per_lib :  ITTAPI function NOT instrumented (not matched by --itt-config option): __itt_sync_acquired

102347 : 0xa1ef7c1963086 : 2 : ittapi_config_apply_per_lib :  ITTAPI function NOT instrumented (not matched by --itt-config option): __itt_sync_releasing

102347 : 0xa1ef7c1963932 : 2 : ittapi_config_apply_per_lib :  ITTAPI function not implemented: __itt_suppress_push
102347 : 0xa1ef7c1964173 : 2 : ittapi_config_apply_per_lib :  ITTAPI function not implemented: __itt_suppress_pop
102347 : 0xa1ef7c19648f4 : 2 : ittapi_config_apply_per_lib :  ITTAPI function not implemented: __itt_suppress_mark_range
102347 : 0xa1ef7c1965062 : 2 : ittapi_config_apply_per_lib :  ITTAPI function not implemented: __itt_suppress_clear_range
102347 : 0xa1ef7c19653ee : 2 : ittapi_config_apply_per_lib :  ITTAPI function NOT instrumented (not matched by --itt-config option): __itt_sync_prepare

102347 : 0xa1ef7c1965773 : 2 : ittapi_config_apply_per_lib :  ITTAPI function NOT instrumented (not matched by --itt-config option): __itt_sync_cancel

102347 : 0xa1ef7c1965ad1 : 2 : ittapi_config_apply_per_lib :  ITTAPI function NOT instrumented (not matched by --itt-config option): __itt_sync_acquired

102347 : 0xa1ef7c1965e11 : 2 : ittapi_config_apply_per_lib :  ITTAPI function NOT instrumented (not matched by --itt-config option): __itt_sync_releasing

102347 : 0xa1ef7c19661f3 : 2 : ittapi_config_apply_per_lib :  ITTAPI function NOT instrumented (not matched by --itt-config option): __itt_model_site_begin

102347 : 0xa1ef7c196723c : 2 : ittapi_config_apply_per_lib :  ITTAPI function NOT instrumented (not matched by --itt-config option): __itt_model_site_end

102347 : 0xa1ef7c19675db : 2 : ittapi_config_apply_per_lib :  ITTAPI function NOT instrumented (not matched by --itt-config option): __itt_model_task_begin

102347 : 0xa1ef7c196794d : 2 : ittapi_config_apply_per_lib :  ITTAPI function NOT instrumented (not matched by --itt-config option): __itt_model_task_end

102347 : 0xa1ef7c1967cb3 : 2 : ittapi_config_apply_per_lib :  ITTAPI function NOT instrumented (not matched by --itt-config option): __itt_model_lock_acquire

102347 : 0xa1ef7c1968052 : 2 : ittapi_config_apply_per_lib :  ITTAPI function NOT instrumented (not matched by --itt-config option): __itt_model_lock_release

102347 : 0xa1ef7c1968399 : 2 : ittapi_config_apply_per_lib :  ITTAPI function NOT instrumented (not matched by --itt-config option): __itt_model_record_allocation

102347 : 0xa1ef7c19686cf : 2 : ittapi_config_apply_per_lib :  ITTAPI function NOT instrumented (not matched by --itt-config option): __itt_model_record_deallocation

102347 : 0xa1ef7c1968a3d : 2 : ittapi_config_apply_per_lib :  ITTAPI function NOT instrumented (not matched by --itt-config option): __itt_model_induction_uses

102347 : 0xa1ef7c1968dbc : 2 : ittapi_config_apply_per_lib :  ITTAPI function NOT instrumented (not matched by --itt-config option): __itt_model_reduction_uses

102347 : 0xa1ef7c196913c : 2 : ittapi_config_apply_per_lib :  ITTAPI function NOT instrumented (not matched by --itt-config option): __itt_model_observe_uses

102347 : 0xa1ef7c196a04e : 2 : ittapi_config_apply_per_lib :  ITTAPI function NOT instrumented (not matched by --itt-config option): __itt_model_clear_uses

102347 : 0xa1ef7c196a3ea : 2 : ittapi_config_apply_per_lib :  ITTAPI function NOT instrumented (not matched by --itt-config option): __itt_model_site_beginA

102347 : 0xa1ef7c196a756 : 2 : ittapi_config_apply_per_lib :  ITTAPI function NOT instrumented (not matched by --itt-config option): __itt_model_site_beginAL

102347 : 0xa1ef7c196aac3 : 2 : ittapi_config_apply_per_lib :  ITTAPI function NOT instrumented (not matched by --itt-config option): __itt_model_task_beginA

102347 : 0xa1ef7c196ae3f : 2 : ittapi_config_apply_per_lib :  ITTAPI function NOT instrumented (not matched by --itt-config option): __itt_model_task_beginAL

102347 : 0xa1ef7c196b1dc : 2 : ittapi_config_apply_per_lib :  ITTAPI function NOT instrumented (not matched by --itt-config option): __itt_model_iteration_taskA

102347 : 0xa1ef7c196b525 : 2 : ittapi_config_apply_per_lib :  ITTAPI function NOT instrumented (not matched by --itt-config option): __itt_model_iteration_taskAL

102347 : 0xa1ef7c196b84f : 2 : ittapi_config_apply_per_lib :  ITTAPI function NOT instrumented (not matched by --itt-config option): __itt_model_site_end_2

102347 : 0xa1ef7c196bbbc : 2 : ittapi_config_apply_per_lib :  ITTAPI function NOT instrumented (not matched by --itt-config option): __itt_model_task_end_2

102347 : 0xa1ef7c196beed : 2 : ittapi_config_apply_per_lib :  ITTAPI function NOT instrumented (not matched by --itt-config option): __itt_model_lock_acquire_2

102347 : 0xa1ef7c196d717 : 2 : ittapi_config_apply_per_lib :  ITTAPI function NOT instrumented (not matched by --itt-config option): __itt_model_lock_release_2

102347 : 0xa1ef7c196dadb : 2 : ittapi_config_apply_per_lib :  ITTAPI function NOT instrumented (not matched by --itt-config option): __itt_model_aggregate_task

102347 : 0xa1ef7c196de4c : 2 : ittapi_config_apply_per_lib :  ITTAPI function NOT instrumented (not matched by --itt-config option): __itt_model_disable_push

102347 : 0xa1ef7c196e1d7 : 2 : ittapi_config_apply_per_lib :  ITTAPI function NOT instrumented (not matched by --itt-config option): __itt_model_disable_pop

102347 : 0xa1ef7c196e91f : 2 : ittapi_config_apply_per_lib :  ITTAPI function instrumented: __itt_heap_function_create
102347 : 0xa1ef7c196f03d : 2 : ittapi_config_apply_per_lib :  ITTAPI function instrumented: __itt_heap_allocate_begin
102347 : 0xa1ef7c196f6d7 : 2 : ittapi_config_apply_per_lib :  ITTAPI function instrumented: __itt_heap_allocate_end
102347 : 0xa1ef7c196fd7f : 2 : ittapi_config_apply_per_lib :  ITTAPI function instrumented: __itt_heap_free_begin
102347 : 0xa1ef7c19703ac : 2 : ittapi_config_apply_per_lib :  ITTAPI function instrumented: __itt_heap_free_end
102347 : 0xa1ef7c1970a5d : 2 : ittapi_config_apply_per_lib :  ITTAPI function instrumented: __itt_heap_reallocate_begin
102347 : 0xa1ef7c1971d5f : 2 : ittapi_config_apply_per_lib :  ITTAPI function instrumented: __itt_heap_reallocate_end
102347 : 0xa1ef7c1972536 : 2 : ittapi_config_apply_per_lib :  ITTAPI function not implemented: __itt_heap_internal_access_begin
102347 : 0xa1ef7c1972ce0 : 2 : ittapi_config_apply_per_lib :  ITTAPI function not implemented: __itt_heap_internal_access_end
102347 : 0xa1ef7c1973442 : 2 : ittapi_config_apply_per_lib :  ITTAPI function not implemented: __itt_heap_record_memory_growth_begin
102347 : 0xa1ef7c1973bc1 : 2 : ittapi_config_apply_per_lib :  ITTAPI function not implemented: __itt_heap_record_memory_growth_end
102347 : 0xa1ef7c197434b : 2 : ittapi_config_apply_per_lib :  ITTAPI function not implemented: __itt_heap_reset_detection
102347 : 0xa1ef7c1974abc : 2 : ittapi_config_apply_per_lib :  ITTAPI function not implemented: __itt_heap_record
102347 : 0xa1ef7c19751ca : 2 : ittapi_config_apply_per_lib :  ITTAPI function not implemented: __itt_id_create
102347 : 0xa1ef7c197594f : 2 : ittapi_config_apply_per_lib :  ITTAPI function not implemented: __itt_id_destroy
102347 : 0xa1ef7c1975ff2 : 2 : ittapi_config_apply_per_lib :  ITTAPI function instrumented: __itt_get_timestamp
102347 : 0xa1ef7c19773d7 : 2 : ittapi_config_apply_per_lib :  ITTAPI function not implemented: __itt_region_begin
102347 : 0xa1ef7c1977b96 : 2 : ittapi_config_apply_per_lib :  ITTAPI function not implemented: __itt_region_end
102347 : 0xa1ef7c1978267 : 2 : ittapi_config_apply_per_lib :  ITTAPI function instrumented: __itt_frame_begin_v3
102347 : 0xa1ef7c1978968 : 2 : ittapi_config_apply_per_lib :  ITTAPI function instrumented: __itt_frame_end_v3
102347 : 0xa1ef7c197904d : 2 : ittapi_config_apply_per_lib :  ITTAPI function instrumented: __itt_frame_submit_v3
102347 : 0xa1ef7c19797bc : 2 : ittapi_config_apply_per_lib :  ITTAPI function not implemented: __itt_task_group
102347 : 0xa1ef7c1979ebb : 2 : ittapi_config_apply_per_lib :  ITTAPI function instrumented: __itt_task_begin
102347 : 0xa1ef7c197a56a : 2 : ittapi_config_apply_per_lib :  ITTAPI function instrumented: __itt_task_begin_fn
102347 : 0xa1ef7c197abf2 : 2 : ittapi_config_apply_per_lib :  ITTAPI function instrumented: __itt_task_end
102347 : 0xa1ef7c197b387 : 2 : ittapi_config_apply_per_lib :  ITTAPI function not implemented: __itt_counter_inc_v3
102347 : 0xa1ef7c197d1ad : 2 : ittapi_config_apply_per_lib :  ITTAPI function not implemented: __itt_counter_inc_delta_v3
102347 : 0xa1ef7c197d942 : 2 : ittapi_config_apply_per_lib :  ITTAPI function not implemented: __itt_counter_dec_v3
102347 : 0xa1ef7c197e09c : 2 : ittapi_config_apply_per_lib :  ITTAPI function not implemented: __itt_counter_dec_delta_v3
102347 : 0xa1ef7c197e826 : 2 : ittapi_config_apply_per_lib :  ITTAPI function not implemented: __itt_marker
102347 : 0xa1ef7c197eeb7 : 2 : ittapi_config_apply_per_lib :  ITTAPI function instrumented: __itt_metadata_add
102347 : 0xa1ef7c197f653 : 2 : ittapi_config_apply_per_lib :  ITTAPI function not implemented: __itt_metadata_str_add
102347 : 0xa1ef7c197fd49 : 2 : ittapi_config_apply_per_lib :  ITTAPI function not implemented: __itt_relation_add_to_current
102347 : 0xa1ef7c1980495 : 2 : ittapi_config_apply_per_lib :  ITTAPI function not implemented: __itt_relation_add
102347 : 0xa1ef7c1980b0b : 2 : ittapi_config_apply_per_lib :  ITTAPI function instrumented: __itt_event_create
102347 : 0xa1ef7c19811c7 : 2 : ittapi_config_apply_per_lib :  ITTAPI function instrumented: __itt_event_start
102347 : 0xa1ef7c19825e9 : 2 : ittapi_config_apply_per_lib :  ITTAPI function instrumented: __itt_event_end
102347 : 0xa1ef7c1982989 : 2 : ittapi_config_apply_per_lib :  ITTAPI function NOT instrumented (not matched by --itt-config option): __itt_sync_set_name

102347 : 0xa1ef7c1982d28 : 2 : ittapi_config_apply_per_lib :  ITTAPI function NOT instrumented (not matched by --itt-config option): __itt_notify_sync_name

102347 : 0xa1ef7c19830e0 : 2 : ittapi_config_apply_per_lib :  ITTAPI function NOT instrumented (not matched by --itt-config option): __itt_notify_sync_prepare

102347 : 0xa1ef7c1983462 : 2 : ittapi_config_apply_per_lib :  ITTAPI function NOT instrumented (not matched by --itt-config option): __itt_notify_sync_cancel

102347 : 0xa1ef7c19837cf : 2 : ittapi_config_apply_per_lib :  ITTAPI function NOT instrumented (not matched by --itt-config option): __itt_notify_sync_acquired

102347 : 0xa1ef7c1983b3b : 2 : ittapi_config_apply_per_lib :  ITTAPI function NOT instrumented (not matched by --itt-config option): __itt_notify_sync_releasing

102347 : 0xa1ef7c19842ba : 2 : ittapi_config_apply_per_lib :  ITTAPI function not implemented: __itt_memory_read
102347 : 0xa1ef7c1984a74 : 2 : ittapi_config_apply_per_lib :  ITTAPI function not implemented: __itt_memory_write
102347 : 0xa1ef7c1985187 : 2 : ittapi_config_apply_per_lib :  ITTAPI function not implemented: __itt_memory_update
102347 : 0xa1ef7c19865f8 : 2 : ittapi_config_apply_per_lib :  ITTAPI function not implemented: __itt_state_get
102347 : 0xa1ef7c1986d21 : 2 : ittapi_config_apply_per_lib :  ITTAPI function not implemented: __itt_state_set
102347 : 0xa1ef7c19874a5 : 2 : ittapi_config_apply_per_lib :  ITTAPI function not implemented: __itt_obj_mode_set
102347 : 0xa1ef7c1987b9d : 2 : ittapi_config_apply_per_lib :  ITTAPI function not implemented: __itt_thr_mode_set
102347 : 0xa1ef7c198820f : 2 : ittapi_config_apply_per_lib :  ITTAPI function instrumented: __itt_frame_create
102347 : 0xa1ef7c1988864 : 2 : ittapi_config_apply_per_lib :  ITTAPI function instrumented: __itt_pt_region_create
102347 : 0xa1ef7c1988ef1 : 2 : ittapi_config_apply_per_lib :  ITTAPI function instrumented: __itt_frame_begin
102347 : 0xa1ef7c1989590 : 2 : ittapi_config_apply_per_lib :  ITTAPI function instrumented: __itt_frame_end
102347 : 0xa1ef7c1989d7e : 2 : ittapi_config_apply_per_lib :  ITTAPI function not implemented: __itt_counter_destroy
102347 : 0xa1ef7c198a415 : 2 : ittapi_config_apply_per_lib :  ITTAPI function instrumented: __itt_counter_inc
102347 : 0xa1ef7c198c1b5 : 2 : ittapi_config_apply_per_lib :  ITTAPI function instrumented: __itt_counter_inc_delta
102347 : 0xa1ef7c198c840 : 2 : ittapi_config_apply_per_lib :  ITTAPI function instrumented: __itt_counter_dec
102347 : 0xa1ef7c198cf07 : 2 : ittapi_config_apply_per_lib :  ITTAPI function instrumented: __itt_counter_dec_delta
102347 : 0xa1ef7c198d578 : 2 : ittapi_config_apply_per_lib :  ITTAPI function instrumented: __itt_counter_set_value
102347 : 0xa1ef7c198dcf3 : 2 : ittapi_config_apply_per_lib :  ITTAPI function not implemented: __itt_counter_set_value_ex
102347 : 0xa1ef7c198e3f0 : 2 : ittapi_config_apply_per_lib :  ITTAPI function not implemented: __itt_mark_create
102347 : 0xa1ef7c198eb80 : 2 : ittapi_config_apply_per_lib :  ITTAPI function not implemented: __itt_mark
102347 : 0xa1ef7c198f310 : 2 : ittapi_config_apply_per_lib :  ITTAPI function not implemented: __itt_mark_off
102347 : 0xa1ef7c198f9f8 : 2 : ittapi_config_apply_per_lib :  ITTAPI function not implemented: __itt_mark_global
102347 : 0xa1ef7c1990100 : 2 : ittapi_config_apply_per_lib :  ITTAPI function not implemented: __itt_mark_global_off
102347 : 0xa1ef7c1991621 : 2 : ittapi_config_apply_per_lib :  ITTAPI function instrumented: __itt_stack_caller_create
102347 : 0xa1ef7c1991d0e : 2 : ittapi_config_apply_per_lib :  ITTAPI function instrumented: __itt_stack_caller_destroy
102347 : 0xa1ef7c19923c6 : 2 : ittapi_config_apply_per_lib :  ITTAPI function instrumented: __itt_stack_callee_enter
102347 : 0xa1ef7c1992a30 : 2 : ittapi_config_apply_per_lib :  ITTAPI function instrumented: __itt_stack_callee_leave
102347 : 0xa1ef7c199317b : 2 : ittapi_config_apply_per_lib :  ITTAPI function not implemented: __itt_clock_domain_create
102347 : 0xa1ef7c19938e3 : 2 : ittapi_config_apply_per_lib :  ITTAPI function not implemented: __itt_clock_domain_reset
102347 : 0xa1ef7c1993ff1 : 2 : ittapi_config_apply_per_lib :  ITTAPI function not implemented: __itt_id_create_ex
102347 : 0xa1ef7c1994718 : 2 : ittapi_config_apply_per_lib :  ITTAPI function not implemented: __itt_id_destroy_ex
102347 : 0xa1ef7c1994e54 : 2 : ittapi_config_apply_per_lib :  ITTAPI function not implemented: __itt_task_begin_ex
102347 : 0xa1ef7c199555e : 2 : ittapi_config_apply_per_lib :  ITTAPI function not implemented: __itt_task_begin_fn_ex
102347 : 0xa1ef7c1996911 : 2 : ittapi_config_apply_per_lib :  ITTAPI function not implemented: __itt_task_end_ex
102347 : 0xa1ef7c1996fb8 : 2 : ittapi_config_apply_per_lib :  ITTAPI function instrumented: __itt_task_begin_overlapped
102347 : 0xa1ef7c1997703 : 2 : ittapi_config_apply_per_lib :  ITTAPI function not implemented: __itt_task_begin_overlapped_ex
102347 : 0xa1ef7c1997d93 : 2 : ittapi_config_apply_per_lib :  ITTAPI function instrumented: __itt_task_end_overlapped
102347 : 0xa1ef7c19984e4 : 2 : ittapi_config_apply_per_lib :  ITTAPI function not implemented: __itt_task_end_overlapped_ex
102347 : 0xa1ef7c1998bcc : 2 : ittapi_config_apply_per_lib :  ITTAPI function not implemented: __itt_marker_ex
102347 : 0xa1ef7c1999320 : 2 : ittapi_config_apply_per_lib :  ITTAPI function not implemented: __itt_metadata_add_with_scope
102347 : 0xa1ef7c1999ab7 : 2 : ittapi_config_apply_per_lib :  ITTAPI function not implemented: __itt_metadata_str_add_with_scope
102347 : 0xa1ef7c199a1dd : 2 : ittapi_config_apply_per_lib :  ITTAPI function not implemented: __itt_relation_add_to_current_ex
102347 : 0xa1ef7c199a8d6 : 2 : ittapi_config_apply_per_lib :  ITTAPI function not implemented: __itt_relation_add_ex
102347 : 0xa1ef7c199c3da : 2 : ittapi_config_apply_per_lib :  ITTAPI function not implemented: __itt_track_group_create
102347 : 0xa1ef7c199cafa : 2 : ittapi_config_apply_per_lib :  ITTAPI function not implemented: __itt_track_create
102347 : 0xa1ef7c199d23e : 2 : ittapi_config_apply_per_lib :  ITTAPI function not implemented: __itt_set_track
102347 : 0xa1ef7c199d8db : 2 : ittapi_config_apply_per_lib :  ITTAPI function instrumented: __itt_api_version
102347 : 0xa1ef7c199e01b : 2 : ittapi_config_apply_per_lib :  ITTAPI function not implemented: __itt_av_save
102347 : 0xa1ef7c199e6d7 : 2 : ittapi_config_apply_per_lib :  ITTAPI function instrumented: __itt_module_load
102347 : 0xa1ef7c199ee66 : 2 : ittapi_config_apply_per_lib :  ITTAPI function not implemented: __itt_module_unload