10 [23049070315392] INFO perfrun.launcher <> - Launcher main begin
12 [23049070315392] INFO perfrun.launcher <> - MessageCatalogInit finished
12 [23049070315392] INFO perfrun.launcher <> - Launcher instance created
12 [23049070315392] INFO perfrun.launcher <> - argc = 6; cmdline = /apps/all/VTune/2022.2.0-intel-2021b/vtune/2022.2.0/bin64/amplxe-runss -dump-vdso -r /tmp/amplxe-tmp-xbartu11/amplxe-res-1954545-7878468780356520 --tmp-dir /tmp/amplxe-tmp-xbartu11 
57 [23049070315392] INFO perfrun.launcher <> - create msngr2::ICliToolContext
57 [23049070315392] INFO perfrun.launcher <> - create file finder object
60 [23048940656384] INFO perfrun.launcher <> - plugin [remoteplug] was disabled because it doesn't support the given collection type.
60 [23048940656384] INFO perfrun.launcher <> - plugin [system] was disabled because it doesn't support the given collection type.
60 [23048940656384] INFO perfrun.vdso <> - dumping [vdso] pseudomodule
61 [23048940656384] INFO perfrun.launcher <> - plugin [itt] was disabled because it doesn't support the given collection type.
61 [23048940656384] INFO perfrun.launcher <> - plugin [ptracecollector] was disabled because it doesn't support the given collection type.
61 [23048940656384] INFO perfrun.launcher <> - plugin [gpu] was disabled because it doesn't support the given collection type.
61 [23048940656384] INFO perfrun.launcher <> - plugin [] was disabled because it doesn't support the given collection type.
61 [23048940656384] INFO perfrun.launcher <> - plugin [] was disabled because it doesn't support the given collection type.
61 [23048940656384] INFO perfrun.launcher <> - plugin [] was disabled because it doesn't support the given collection type.
61 [23048940656384] INFO perfrun.launcher <> - plugin [mrte] was disabled because it doesn't support the given collection type.
61 [23048940656384] INFO perfrun.launcher <> - plugin [emon] was disabled because it doesn't support the given collection type.
61 [23048940656384] INFO perfrun.launcher <> - plugin [cuscol] was disabled because it doesn't support the given collection type.
61 [23048940656384] INFO perfrun.launcher <> - plugin [stdsrc] was disabled because it doesn't support the given collection type.
61 [23048940656384] INFO perfrun.launcher <> - plugin [sep] was disabled because it doesn't support the given collection type.
61 [23048940656384] INFO perfrun.launcher <> - plugin [vtsspp] was disabled because it doesn't support the given collection type.
61 [23048940656384] INFO perfrun.launcher <> - plugin [perf] was disabled because it doesn't support the given collection type.
61 [23048940656384] INFO perfrun.launcher <> - plugin [aoclprofile] was disabled because it doesn't support the given collection type.
61 [23048940656384] INFO perfrun.launcher <> - plugin [tpss] was disabled because it doesn't support the given collection type.
61 [23048940656384] INFO perfrun.launcher <> - plugin [media] was disabled because it doesn't support the given collection type.
61 [23048940656384] INFO perfrun.launcher <> - plugin [] was disabled because it doesn't support the given collection type.
61 [23048940656384] INFO perfrun.launcher <> - plugin [] was disabled because it doesn't support the given collection type.
61 [23048940656384] INFO perfrun.launcher <> - plugin [parallelfs] was disabled because it doesn't support the given collection type.
61 [23048940656384] INFO perfrun.launcher <> - plugin [power] was disabled because it doesn't support the given collection type.
61 [23048940656384] INFO perfrun.launcher <> - plugin [hwloc] was disabled because it doesn't support the given collection type.
61 [23048940656384] INFO perfrun.launcher <> - plugin [ipmwatch] was disabled because it doesn't support the given collection type.
61 [23048940656384] INFO perfrun.launcher <> - plugin [os_counters] was disabled because it doesn't support the given collection type.
61 [23048940656384] INFO perfrun.launcher <> - plugin [l0_metrics] was disabled because it doesn't support the given collection type.
61 [23049070315392] INFO perfrun.launcher <> - Application exit code: 0
61 [23049070315392] INFO perfrun.launcher <> - Exit code: 0
