
2752931 : 0xa97abe8641ee7 : 1 : spill_jit_data :  Jit agent is not initialized
2752915 : 0xa97abe864495e : 2 : ittapi_config_mask_get :  --itt-config mask to be applied: 55
2752915 : 0xa97abe8646700 : 2 : ittapi_config_apply_per_lib :  ITTAPI function instrumented: __itt_domain_create
2752915 : 0xa97abe8647156 : 2 : ittapi_config_apply_per_lib :  ITTAPI function instrumented: __itt_module_load_with_sections
2752915 : 0xa97abe8647ede : 2 : ittapi_config_apply_per_lib :  ITTAPI function not implemented: __itt_module_unload_with_sections
2752915 : 0xa97abe8648796 : 2 : ittapi_config_apply_per_lib :  ITTAPI function instrumented: __itt_string_handle_create
2752915 : 0xa97abe8648f28 : 2 : ittapi_config_apply_per_lib :  ITTAPI function instrumented: __itt_counter_create
2752915 : 0xa97abe864960c : 2 : ittapi_config_apply_per_lib :  ITTAPI function instrumented: __itt_counter_create_typed
2752915 : 0xa97abe8649efb : 2 : ittapi_config_apply_per_lib :  ITTAPI function instrumented: __itt_pause
2752915 : 0xa97abe864a646 : 2 : ittapi_config_apply_per_lib :  ITTAPI function instrumented: __itt_resume
2752915 : 0xa97abe865040f : 2 : ittapi_config_apply_per_lib :  ITTAPI function instrumented: __itt_thread_set_name
2752915 : 0xa97abe8650cd2 : 2 : ittapi_config_apply_per_lib :  ITTAPI function instrumented: __itt_thread_ignore
2752915 : 0xa97abe865148f : 2 : ittapi_config_apply_per_lib :  ITTAPI function instrumented: __itt_thr_name_set
2752915 : 0xa97abe8651bc1 : 2 : ittapi_config_apply_per_lib :  ITTAPI function instrumented: __itt_thr_ignore
2752915 : 0xa97abe8652670 : 2 : ittapi_config_apply_per_lib :  ITTAPI function not implemented: __itt_enable_attach
2752915 : 0xa97abe8652e73 : 2 : ittapi_config_apply_per_lib :  ITTAPI function instrumented: __itt_detach
2752915 : 0xa97abe8653289 : 2 : ittapi_config_apply_per_lib :  ITTAPI function NOT instrumented (not matched by --itt-config option): __itt_sync_create

2752915 : 0xa97abe8653748 : 2 : ittapi_config_apply_per_lib :  ITTAPI function NOT instrumented (not matched by --itt-config option): __itt_sync_rename

2752915 : 0xa97abe8653ae0 : 2 : ittapi_config_apply_per_lib :  ITTAPI function NOT instrumented (not matched by --itt-config option): __itt_sync_destroy

2752915 : 0xa97abe8653ebb : 2 : ittapi_config_apply_per_lib :  ITTAPI function NOT instrumented (not matched by --itt-config option): __itt_sync_prepare

2752915 : 0xa97abe8655324 : 2 : ittapi_config_apply_per_lib :  ITTAPI function NOT instrumented (not matched by --itt-config option): __itt_sync_cancel

2752915 : 0xa97abe8655752 : 2 : ittapi_config_apply_per_lib :  ITTAPI function NOT instrumented (not matched by --itt-config option): __itt_sync_acquired

2752915 : 0xa97abe8655ace : 2 : ittapi_config_apply_per_lib :  ITTAPI function NOT instrumented (not matched by --itt-config option): __itt_sync_releasing

2752915 : 0xa97abe86563ea : 2 : ittapi_config_apply_per_lib :  ITTAPI function not implemented: __itt_suppress_push
2752915 : 0xa97abe8656d40 : 2 : ittapi_config_apply_per_lib :  ITTAPI function not implemented: __itt_suppress_pop
2752915 : 0xa97abe8657511 : 2 : ittapi_config_apply_per_lib :  ITTAPI function not implemented: __itt_suppress_mark_range
2752915 : 0xa97abe8657d26 : 2 : ittapi_config_apply_per_lib :  ITTAPI function not implemented: __itt_suppress_clear_range
2752915 : 0xa97abe86580d0 : 2 : ittapi_config_apply_per_lib :  ITTAPI function NOT instrumented (not matched by --itt-config option): __itt_sync_prepare

2752915 : 0xa97abe86584aa : 2 : ittapi_config_apply_per_lib :  ITTAPI function NOT instrumented (not matched by --itt-config option): __itt_sync_cancel

2752915 : 0xa97abe8658821 : 2 : ittapi_config_apply_per_lib :  ITTAPI function NOT instrumented (not matched by --itt-config option): __itt_sync_acquired

2752915 : 0xa97abe8659852 : 2 : ittapi_config_apply_per_lib :  ITTAPI function NOT instrumented (not matched by --itt-config option): __itt_sync_releasing

2752915 : 0xa97abe8659c51 : 2 : ittapi_config_apply_per_lib :  ITTAPI function NOT instrumented (not matched by --itt-config option): __itt_model_site_begin

2752915 : 0xa97abe8659ff6 : 2 : ittapi_config_apply_per_lib :  ITTAPI function NOT instrumented (not matched by --itt-config option): __itt_model_site_end

2752915 : 0xa97abe865a383 : 2 : ittapi_config_apply_per_lib :  ITTAPI function NOT instrumented (not matched by --itt-config option): __itt_model_task_begin

2752915 : 0xa97abe865a6f9 : 2 : ittapi_config_apply_per_lib :  ITTAPI function NOT instrumented (not matched by --itt-config option): __itt_model_task_end

2752915 : 0xa97abe865aa6b : 2 : ittapi_config_apply_per_lib :  ITTAPI function NOT instrumented (not matched by --itt-config option): __itt_model_lock_acquire

2752915 : 0xa97abe865ae51 : 2 : ittapi_config_apply_per_lib :  ITTAPI function NOT instrumented (not matched by --itt-config option): __itt_model_lock_release

2752915 : 0xa97abe865b1cc : 2 : ittapi_config_apply_per_lib :  ITTAPI function NOT instrumented (not matched by --itt-config option): __itt_model_record_allocation

2752915 : 0xa97abe865b51d : 2 : ittapi_config_apply_per_lib :  ITTAPI function NOT instrumented (not matched by --itt-config option): __itt_model_record_deallocation

2752915 : 0xa97abe865b862 : 2 : ittapi_config_apply_per_lib :  ITTAPI function NOT instrumented (not matched by --itt-config option): __itt_model_induction_uses

2752915 : 0xa97abe865d474 : 2 : ittapi_config_apply_per_lib :  ITTAPI function NOT instrumented (not matched by --itt-config option): __itt_model_reduction_uses

2752915 : 0xa97abe865d837 : 2 : ittapi_config_apply_per_lib :  ITTAPI function NOT instrumented (not matched by --itt-config option): __itt_model_observe_uses

2752915 : 0xa97abe865dbe4 : 2 : ittapi_config_apply_per_lib :  ITTAPI function NOT instrumented (not matched by --itt-config option): __itt_model_clear_uses

2752915 : 0xa97abe865df6e : 2 : ittapi_config_apply_per_lib :  ITTAPI function NOT instrumented (not matched by --itt-config option): __itt_model_site_beginA

2752915 : 0xa97abe865e32b : 2 : ittapi_config_apply_per_lib :  ITTAPI function NOT instrumented (not matched by --itt-config option): __itt_model_site_beginAL

2752915 : 0xa97abe865e6b0 : 2 : ittapi_config_apply_per_lib :  ITTAPI function NOT instrumented (not matched by --itt-config option): __itt_model_task_beginA

2752915 : 0xa97abe865ea24 : 2 : ittapi_config_apply_per_lib :  ITTAPI function NOT instrumented (not matched by --itt-config option): __itt_model_task_beginAL

2752915 : 0xa97abe865ed8f : 2 : ittapi_config_apply_per_lib :  ITTAPI function NOT instrumented (not matched by --itt-config option): __itt_model_iteration_taskA

2752915 : 0xa97abe865f0f0 : 2 : ittapi_config_apply_per_lib :  ITTAPI function NOT instrumented (not matched by --itt-config option): __itt_model_iteration_taskAL

2752915 : 0xa97abe865f432 : 2 : ittapi_config_apply_per_lib :  ITTAPI function NOT instrumented (not matched by --itt-config option): __itt_model_site_end_2

2752915 : 0xa97abe86603c2 : 2 : ittapi_config_apply_per_lib :  ITTAPI function NOT instrumented (not matched by --itt-config option): __itt_model_task_end_2

2752915 : 0xa97abe8660742 : 2 : ittapi_config_apply_per_lib :  ITTAPI function NOT instrumented (not matched by --itt-config option): __itt_model_lock_acquire_2

2752915 : 0xa97abe8660af6 : 2 : ittapi_config_apply_per_lib :  ITTAPI function NOT instrumented (not matched by --itt-config option): __itt_model_lock_release_2

2752915 : 0xa97abe8660e8a : 2 : ittapi_config_apply_per_lib :  ITTAPI function NOT instrumented (not matched by --itt-config option): __itt_model_aggregate_task

2752915 : 0xa97abe8661203 : 2 : ittapi_config_apply_per_lib :  ITTAPI function NOT instrumented (not matched by --itt-config option): __itt_model_disable_push

2752915 : 0xa97abe8661550 : 2 : ittapi_config_apply_per_lib :  ITTAPI function NOT instrumented (not matched by --itt-config option): __itt_model_disable_pop

2752915 : 0xa97abe8661cd6 : 2 : ittapi_config_apply_per_lib :  ITTAPI function instrumented: __itt_heap_function_create
2752915 : 0xa97abe8662434 : 2 : ittapi_config_apply_per_lib :  ITTAPI function instrumented: __itt_heap_allocate_begin
2752915 : 0xa97abe8662af2 : 2 : ittapi_config_apply_per_lib :  ITTAPI function instrumented: __itt_heap_allocate_end
2752915 : 0xa97abe8663275 : 2 : ittapi_config_apply_per_lib :  ITTAPI function instrumented: __itt_heap_free_begin
2752915 : 0xa97abe8665172 : 2 : ittapi_config_apply_per_lib :  ITTAPI function instrumented: __itt_heap_free_end
2752915 : 0xa97abe86658f0 : 2 : ittapi_config_apply_per_lib :  ITTAPI function instrumented: __itt_heap_reallocate_begin
2752915 : 0xa97abe8665f88 : 2 : ittapi_config_apply_per_lib :  ITTAPI function instrumented: __itt_heap_reallocate_end
2752915 : 0xa97abe86667cc : 2 : ittapi_config_apply_per_lib :  ITTAPI function not implemented: __itt_heap_internal_access_begin
2752915 : 0xa97abe8666fae : 2 : ittapi_config_apply_per_lib :  ITTAPI function not implemented: __itt_heap_internal_access_end
2752915 : 0xa97abe86677d7 : 2 : ittapi_config_apply_per_lib :  ITTAPI function not implemented: __itt_heap_record_memory_growth_begin
2752915 : 0xa97abe8667ff9 : 2 : ittapi_config_apply_per_lib :  ITTAPI function not implemented: __itt_heap_record_memory_growth_end
2752915 : 0xa97abe8668835 : 2 : ittapi_config_apply_per_lib :  ITTAPI function not implemented: __itt_heap_reset_detection
2752915 : 0xa97abe86690d5 : 2 : ittapi_config_apply_per_lib :  ITTAPI function not implemented: __itt_heap_record
2752915 : 0xa97abe86698a0 : 2 : ittapi_config_apply_per_lib :  ITTAPI function not implemented: __itt_id_create
2752915 : 0xa97abe866ad90 : 2 : ittapi_config_apply_per_lib :  ITTAPI function not implemented: __itt_id_destroy
2752915 : 0xa97abe866b4ff : 2 : ittapi_config_apply_per_lib :  ITTAPI function instrumented: __itt_get_timestamp
2752915 : 0xa97abe866bc9a : 2 : ittapi_config_apply_per_lib :  ITTAPI function not implemented: __itt_region_begin
2752915 : 0xa97abe866c474 : 2 : ittapi_config_apply_per_lib :  ITTAPI function not implemented: __itt_region_end
2752915 : 0xa97abe866cc24 : 2 : ittapi_config_apply_per_lib :  ITTAPI function instrumented: __itt_frame_begin_v3
2752915 : 0xa97abe866d436 : 2 : ittapi_config_apply_per_lib :  ITTAPI function instrumented: __itt_frame_end_v3
2752915 : 0xa97abe866dcd0 : 2 : ittapi_config_apply_per_lib :  ITTAPI function instrumented: __itt_frame_submit_v3
2752915 : 0xa97abe866e47c : 2 : ittapi_config_apply_per_lib :  ITTAPI function not implemented: __itt_task_group
2752915 : 0xa97abe866ebfe : 2 : ittapi_config_apply_per_lib :  ITTAPI function instrumented: __itt_task_begin
2752915 : 0xa97abe866f31a : 2 : ittapi_config_apply_per_lib :  ITTAPI function instrumented: __itt_task_begin_fn
2752915 : 0xa97abe8670736 : 2 : ittapi_config_apply_per_lib :  ITTAPI function instrumented: __itt_task_end
2752915 : 0xa97abe8670f66 : 2 : ittapi_config_apply_per_lib :  ITTAPI function not implemented: __itt_counter_inc_v3
2752915 : 0xa97abe867174d : 2 : ittapi_config_apply_per_lib :  ITTAPI function not implemented: __itt_counter_inc_delta_v3
2752915 : 0xa97abe8671f2c : 2 : ittapi_config_apply_per_lib :  ITTAPI function not implemented: __itt_counter_dec_v3
2752915 : 0xa97abe867269f : 2 : ittapi_config_apply_per_lib :  ITTAPI function not implemented: __itt_counter_dec_delta_v3
2752915 : 0xa97abe8672e76 : 2 : ittapi_config_apply_per_lib :  ITTAPI function not implemented: __itt_marker
2752915 : 0xa97abe86735b8 : 2 : ittapi_config_apply_per_lib :  ITTAPI function instrumented: __itt_metadata_add
2752915 : 0xa97abe8673d6e : 2 : ittapi_config_apply_per_lib :  ITTAPI function not implemented: __itt_metadata_str_add
2752915 : 0xa97abe86744a2 : 2 : ittapi_config_apply_per_lib :  ITTAPI function not implemented: __itt_relation_add_to_current
2752915 : 0xa97abe8674bd4 : 2 : ittapi_config_apply_per_lib :  ITTAPI function not implemented: __itt_relation_add
2752915 : 0xa97abe8676032 : 2 : ittapi_config_apply_per_lib :  ITTAPI function instrumented: __itt_event_create
2752915 : 0xa97abe86767d6 : 2 : ittapi_config_apply_per_lib :  ITTAPI function instrumented: __itt_event_start
2752915 : 0xa97abe8676f03 : 2 : ittapi_config_apply_per_lib :  ITTAPI function instrumented: __itt_event_end
2752915 : 0xa97abe867728e : 2 : ittapi_config_apply_per_lib :  ITTAPI function NOT instrumented (not matched by --itt-config option): __itt_sync_set_name

2752915 : 0xa97abe8677654 : 2 : ittapi_config_apply_per_lib :  ITTAPI function NOT instrumented (not matched by --itt-config option): __itt_notify_sync_name

2752915 : 0xa97abe8677a0d : 2 : ittapi_config_apply_per_lib :  ITTAPI function NOT instrumented (not matched by --itt-config option): __itt_notify_sync_prepare

2752915 : 0xa97abe8677dc3 : 2 : ittapi_config_apply_per_lib :  ITTAPI function NOT instrumented (not matched by --itt-config option): __itt_notify_sync_cancel

2752915 : 0xa97abe8678154 : 2 : ittapi_config_apply_per_lib :  ITTAPI function NOT instrumented (not matched by --itt-config option): __itt_notify_sync_acquired

2752915 : 0xa97abe86784ac : 2 : ittapi_config_apply_per_lib :  ITTAPI function NOT instrumented (not matched by --itt-config option): __itt_notify_sync_releasing

2752915 : 0xa97abe8678c54 : 2 : ittapi_config_apply_per_lib :  ITTAPI function not implemented: __itt_memory_read
2752915 : 0xa97abe867a90a : 2 : ittapi_config_apply_per_lib :  ITTAPI function not implemented: __itt_memory_write
2752915 : 0xa97abe867b100 : 2 : ittapi_config_apply_per_lib :  ITTAPI function not implemented: __itt_memory_update
2752915 : 0xa97abe867b91b : 2 : ittapi_config_apply_per_lib :  ITTAPI function not implemented: __itt_state_get
2752915 : 0xa97abe867c091 : 2 : ittapi_config_apply_per_lib :  ITTAPI function not implemented: __itt_state_set
2752915 : 0xa97abe867c88e : 2 : ittapi_config_apply_per_lib :  ITTAPI function not implemented: __itt_obj_mode_set
2752915 : 0xa97abe867d029 : 2 : ittapi_config_apply_per_lib :  ITTAPI function not implemented: __itt_thr_mode_set
2752915 : 0xa97abe867d70f : 2 : ittapi_config_apply_per_lib :  ITTAPI function instrumented: __itt_frame_create
2752915 : 0xa97abe867de17 : 2 : ittapi_config_apply_per_lib :  ITTAPI function instrumented: __itt_pt_region_create
2752915 : 0xa97abe867e4eb : 2 : ittapi_config_apply_per_lib :  ITTAPI function instrumented: __itt_frame_begin
2752915 : 0xa97abe867ec2e : 2 : ittapi_config_apply_per_lib :  ITTAPI function instrumented: __itt_frame_end
2752915 : 0xa97abe8680141 : 2 : ittapi_config_apply_per_lib :  ITTAPI function not implemented: __itt_counter_destroy
2752915 : 0xa97abe86808dd : 2 : ittapi_config_apply_per_lib :  ITTAPI function instrumented: __itt_counter_inc
2752915 : 0xa97abe8681006 : 2 : ittapi_config_apply_per_lib :  ITTAPI function instrumented: __itt_counter_inc_delta
2752915 : 0xa97abe868173e : 2 : ittapi_config_apply_per_lib :  ITTAPI function instrumented: __itt_counter_dec
2752915 : 0xa97abe8681e75 : 2 : ittapi_config_apply_per_lib :  ITTAPI function instrumented: __itt_counter_dec_delta
2752915 : 0xa97abe86825cb : 2 : ittapi_config_apply_per_lib :  ITTAPI function instrumented: __itt_counter_set_value
2752915 : 0xa97abe8682d95 : 2 : ittapi_config_apply_per_lib :  ITTAPI function not implemented: __itt_counter_set_value_ex
2752915 : 0xa97abe868350a : 2 : ittapi_config_apply_per_lib :  ITTAPI function not implemented: __itt_mark_create
2752915 : 0xa97abe8683d12 : 2 : ittapi_config_apply_per_lib :  ITTAPI function not implemented: __itt_mark
2752915 : 0xa97abe8684540 : 2 : ittapi_config_apply_per_lib :  ITTAPI function not implemented: __itt_mark_off
2752915 : 0xa97abe8685b4c : 2 : ittapi_config_apply_per_lib :  ITTAPI function not implemented: __itt_mark_global
2752915 : 0xa97abe8686361 : 2 : ittapi_config_apply_per_lib :  ITTAPI function not implemented: __itt_mark_global_off
2752915 : 0xa97abe8686b06 : 2 : ittapi_config_apply_per_lib :  ITTAPI function instrumented: __itt_stack_caller_create
2752915 : 0xa97abe868729c : 2 : ittapi_config_apply_per_lib :  ITTAPI function instrumented: __itt_stack_caller_destroy
2752915 : 0xa97abe8687a37 : 2 : ittapi_config_apply_per_lib :  ITTAPI function instrumented: __itt_stack_callee_enter
2752915 : 0xa97abe86880f1 : 2 : ittapi_config_apply_per_lib :  ITTAPI function instrumented: __itt_stack_callee_leave
2752915 : 0xa97abe8688875 : 2 : ittapi_config_apply_per_lib :  ITTAPI function not implemented: __itt_clock_domain_create
2752915 : 0xa97abe8689022 : 2 : ittapi_config_apply_per_lib :  ITTAPI function not implemented: __itt_clock_domain_reset
2752915 : 0xa97abe8689787 : 2 : ittapi_config_apply_per_lib :  ITTAPI function not implemented: __itt_id_create_ex
2752915 : 0xa97abe8689f63 : 2 : ittapi_config_apply_per_lib :  ITTAPI function not implemented: __itt_id_destroy_ex
2752915 : 0xa97abe868bccd : 2 : ittapi_config_apply_per_lib :  ITTAPI function not implemented: __itt_task_begin_ex
2752915 : 0xa97abe868c4cf : 2 : ittapi_config_apply_per_lib :  ITTAPI function not implemented: __itt_task_begin_fn_ex
2752915 : 0xa97abe868cd06 : 2 : ittapi_config_apply_per_lib :  ITTAPI function not implemented: __itt_task_end_ex
2752915 : 0xa97abe868d4ab : 2 : ittapi_config_apply_per_lib :  ITTAPI function instrumented: __itt_task_begin_overlapped
2752915 : 0xa97abe868dc5d : 2 : ittapi_config_apply_per_lib :  ITTAPI function not implemented: __itt_task_begin_overlapped_ex
2752915 : 0xa97abe868e3dc : 2 : ittapi_config_apply_per_lib :  ITTAPI function instrumented: __itt_task_end_overlapped
2752915 : 0xa97abe868eb7d : 2 : ittapi_config_apply_per_lib :  ITTAPI function not implemented: __itt_task_end_overlapped_ex
2752915 : 0xa97abe868f2e3 : 2 : ittapi_config_apply_per_lib :  ITTAPI function not implemented: __itt_marker_ex
2752915 : 0xa97abe868fc76 : 2 : ittapi_config_apply_per_lib :  ITTAPI function not implemented: __itt_metadata_add_with_scope
2752915 : 0xa97abe86904cf : 2 : ittapi_config_apply_per_lib :  ITTAPI function not implemented: __itt_metadata_str_add_with_scope
2752915 : 0xa97abe8691924 : 2 : ittapi_config_apply_per_lib :  ITTAPI function not implemented: __itt_relation_add_to_current_ex
2752915 : 0xa97abe8692103 : 2 : ittapi_config_apply_per_lib :  ITTAPI function not implemented: __itt_relation_add_ex
2752915 : 0xa97abe8692917 : 2 : ittapi_config_apply_per_lib :  ITTAPI function not implemented: __itt_track_group_create
2752915 : 0xa97abe8693076 : 2 : ittapi_config_apply_per_lib :  ITTAPI function not implemented: __itt_track_create
2752915 : 0xa97abe8693806 : 2 : ittapi_config_apply_per_lib :  ITTAPI function not implemented: __itt_set_track
2752915 : 0xa97abe8693f55 : 2 : ittapi_config_apply_per_lib :  ITTAPI function instrumented: __itt_api_version
2752915 : 0xa97abe86946d8 : 2 : ittapi_config_apply_per_lib :  ITTAPI function not implemented: __itt_av_save
2752915 : 0xa97abe8694e79 : 2 : ittapi_config_apply_per_lib :  ITTAPI function instrumented: __itt_module_load
2752915 : 0xa97abe869568e : 2 : ittapi_config_apply_per_lib :  ITTAPI function not implemented: __itt_module_unload
2752915 : 0xa97abe86d930c : 2 : ittapi_config_mask_get :  --itt-config mask to be applied: 55
2752915 : 0xa97abe86db228 : 2 : ittapi_config_apply_per_lib :  ITTAPI function instrumented: __itt_domain_create
2752915 : 0xa97abe86dbb15 : 2 : ittapi_config_apply_per_lib :  ITTAPI function instrumented: __itt_module_load_with_sections
2752915 : 0xa97abe86dc460 : 2 : ittapi_config_apply_per_lib :  ITTAPI function not implemented: __itt_module_unload_with_sections
2752915 : 0xa97abe86dcbdf : 2 : ittapi_config_apply_per_lib :  ITTAPI function instrumented: __itt_string_handle_create
2752915 : 0xa97abe86dd2de : 2 : ittapi_config_apply_per_lib :  ITTAPI function instrumented: __itt_counter_create
2752915 : 0xa97abe86dd994 : 2 : ittapi_config_apply_per_lib :  ITTAPI function instrumented: __itt_counter_create_typed
2752915 : 0xa97abe86de10c : 2 : ittapi_config_apply_per_lib :  ITTAPI function instrumented: __itt_pause
2752915 : 0xa97abe86de821 : 2 : ittapi_config_apply_per_lib :  ITTAPI function instrumented: __itt_resume
2752915 : 0xa97abe86deeca : 2 : ittapi_config_apply_per_lib :  ITTAPI function instrumented: __itt_thread_set_name
2752915 : 0xa97abe86df639 : 2 : ittapi_config_apply_per_lib :  ITTAPI function instrumented: __itt_thread_ignore
2752915 : 0xa97abe86e0a84 : 2 : ittapi_config_apply_per_lib :  ITTAPI function instrumented: __itt_thr_name_set
2752915 : 0xa97abe86e1207 : 2 : ittapi_config_apply_per_lib :  ITTAPI function instrumented: __itt_thr_ignore
2752915 : 0xa97abe86e19e3 : 2 : ittapi_config_apply_per_lib :  ITTAPI function not implemented: __itt_enable_attach
2752915 : 0xa97abe86e2109 : 2 : ittapi_config_apply_per_lib :  ITTAPI function instrumented: __itt_detach
2752915 : 0xa97abe86e24be : 2 : ittapi_config_apply_per_lib :  ITTAPI function NOT instrumented (not matched by --itt-config option): __itt_sync_create

2752915 : 0xa97abe86e2894 : 2 : ittapi_config_apply_per_lib :  ITTAPI function NOT instrumented (not matched by --itt-config option): __itt_sync_rename

2752915 : 0xa97abe86e2c56 : 2 : ittapi_config_apply_per_lib :  ITTAPI function NOT instrumented (not matched by --itt-config option): __itt_sync_destroy

2752915 : 0xa97abe86e3018 : 2 : ittapi_config_apply_per_lib :  ITTAPI function NOT instrumented (not matched by --itt-config option): __itt_sync_prepare

2752915 : 0xa97abe86e3379 : 2 : ittapi_config_apply_per_lib :  ITTAPI function NOT instrumented (not matched by --itt-config option): __itt_sync_cancel

2752915 : 0xa97abe86e36d8 : 2 : ittapi_config_apply_per_lib :  ITTAPI function NOT instrumented (not matched by --itt-config option): __itt_sync_acquired

2752915 : 0xa97abe86e51c6 : 2 : ittapi_config_apply_per_lib :  ITTAPI function NOT instrumented (not matched by --itt-config option): __itt_sync_releasing

2752915 : 0xa97abe86e5aa0 : 2 : ittapi_config_apply_per_lib :  ITTAPI function not implemented: __itt_suppress_push
2752915 : 0xa97abe86e637a : 2 : ittapi_config_apply_per_lib :  ITTAPI function not implemented: __itt_suppress_pop
2752915 : 0xa97abe86e6b15 : 2 : ittapi_config_apply_per_lib :  ITTAPI function not implemented: __itt_suppress_mark_range
2752915 : 0xa97abe86e72e2 : 2 : ittapi_config_apply_per_lib :  ITTAPI function not implemented: __itt_suppress_clear_range
2752915 : 0xa97abe86e7694 : 2 : ittapi_config_apply_per_lib :  ITTAPI function NOT instrumented (not matched by --itt-config option): __itt_sync_prepare

2752915 : 0xa97abe86e7a21 : 2 : ittapi_config_apply_per_lib :  ITTAPI function NOT instrumented (not matched by --itt-config option): __itt_sync_cancel

2752915 : 0xa97abe86e7da5 : 2 : ittapi_config_apply_per_lib :  ITTAPI function NOT instrumented (not matched by --itt-config option): __itt_sync_acquired

2752915 : 0xa97abe86e8121 : 2 : ittapi_config_apply_per_lib :  ITTAPI function NOT instrumented (not matched by --itt-config option): __itt_sync_releasing

2752915 : 0xa97abe86e8523 : 2 : ittapi_config_apply_per_lib :  ITTAPI function NOT instrumented (not matched by --itt-config option): __itt_model_site_begin

2752915 : 0xa97abe86e946c : 2 : ittapi_config_apply_per_lib :  ITTAPI function NOT instrumented (not matched by --itt-config option): __itt_model_site_end

2752915 : 0xa97abe86e9818 : 2 : ittapi_config_apply_per_lib :  ITTAPI function NOT instrumented (not matched by --itt-config option): __itt_model_task_begin

2752915 : 0xa97abe86e9bbd : 2 : ittapi_config_apply_per_lib :  ITTAPI function NOT instrumented (not matched by --itt-config option): __itt_model_task_end

2752915 : 0xa97abe86e9f30 : 2 : ittapi_config_apply_per_lib :  ITTAPI function NOT instrumented (not matched by --itt-config option): __itt_model_lock_acquire

2752915 : 0xa97abe86ea2d1 : 2 : ittapi_config_apply_per_lib :  ITTAPI function NOT instrumented (not matched by --itt-config option): __itt_model_lock_release

2752915 : 0xa97abe86ec6f6 : 2 : ittapi_config_apply_per_lib :  ITTAPI function NOT instrumented (not matched by --itt-config option): __itt_model_record_allocation

2752915 : 0xa97abe86eca70 : 2 : ittapi_config_apply_per_lib :  ITTAPI function NOT instrumented (not matched by --itt-config option): __itt_model_record_deallocation

2752915 : 0xa97abe86ececf : 2 : ittapi_config_apply_per_lib :  ITTAPI function NOT instrumented (not matched by --itt-config option): __itt_model_induction_uses

2752915 : 0xa97abe86ed25e : 2 : ittapi_config_apply_per_lib :  ITTAPI function NOT instrumented (not matched by --itt-config option): __itt_model_reduction_uses

2752915 : 0xa97abe86ed5d4 : 2 : ittapi_config_apply_per_lib :  ITTAPI function NOT instrumented (not matched by --itt-config option): __itt_model_observe_uses

2752915 : 0xa97abe86ef4ad : 2 : ittapi_config_apply_per_lib :  ITTAPI function NOT instrumented (not matched by --itt-config option): __itt_model_clear_uses

2752915 : 0xa97abe86ef865 : 2 : ittapi_config_apply_per_lib :  ITTAPI function NOT instrumented (not matched by --itt-config option): __itt_model_site_beginA

2752915 : 0xa97abe86efbe8 : 2 : ittapi_config_apply_per_lib :  ITTAPI function NOT instrumented (not matched by --itt-config option): __itt_model_site_beginAL

2752915 : 0xa97abe86eff6b : 2 : ittapi_config_apply_per_lib :  ITTAPI function NOT instrumented (not matched by --itt-config option): __itt_model_task_beginA

2752915 : 0xa97abe86f02dd : 2 : ittapi_config_apply_per_lib :  ITTAPI function NOT instrumented (not matched by --itt-config option): __itt_model_task_beginAL

2752915 : 0xa97abe86f0640 : 2 : ittapi_config_apply_per_lib :  ITTAPI function NOT instrumented (not matched by --itt-config option): __itt_model_iteration_taskA

2752915 : 0xa97abe86f0995 : 2 : ittapi_config_apply_per_lib :  ITTAPI function NOT instrumented (not matched by --itt-config option): __itt_model_iteration_taskAL

2752915 : 0xa97abe86f0cc2 : 2 : ittapi_config_apply_per_lib :  ITTAPI function NOT instrumented (not matched by --itt-config option): __itt_model_site_end_2

2752915 : 0xa97abe86f1036 : 2 : ittapi_config_apply_per_lib :  ITTAPI function NOT instrumented (not matched by --itt-config option): __itt_model_task_end_2

2752915 : 0xa97abe86f136b : 2 : ittapi_config_apply_per_lib :  ITTAPI function NOT instrumented (not matched by --itt-config option): __itt_model_lock_acquire_2

2752915 : 0xa97abe86f22b0 : 2 : ittapi_config_apply_per_lib :  ITTAPI function NOT instrumented (not matched by --itt-config option): __itt_model_lock_release_2

2752915 : 0xa97abe86f266b : 2 : ittapi_config_apply_per_lib :  ITTAPI function NOT instrumented (not matched by --itt-config option): __itt_model_aggregate_task

2752915 : 0xa97abe86f29e7 : 2 : ittapi_config_apply_per_lib :  ITTAPI function NOT instrumented (not matched by --itt-config option): __itt_model_disable_push

2752915 : 0xa97abe86f2d72 : 2 : ittapi_config_apply_per_lib :  ITTAPI function NOT instrumented (not matched by --itt-config option): __itt_model_disable_pop

2752915 : 0xa97abe86f353e : 2 : ittapi_config_apply_per_lib :  ITTAPI function instrumented: __itt_heap_function_create
2752915 : 0xa97abe86f3cbe : 2 : ittapi_config_apply_per_lib :  ITTAPI function instrumented: __itt_heap_allocate_begin
2752915 : 0xa97abe86f436b : 2 : ittapi_config_apply_per_lib :  ITTAPI function instrumented: __itt_heap_allocate_end
2752915 : 0xa97abe86f4a9c : 2 : ittapi_config_apply_per_lib :  ITTAPI function instrumented: __itt_heap_free_begin
2752915 : 0xa97abe86f5151 : 2 : ittapi_config_apply_per_lib :  ITTAPI function instrumented: __itt_heap_free_end
2752915 : 0xa97abe86f5831 : 2 : ittapi_config_apply_per_lib :  ITTAPI function instrumented: __itt_heap_reallocate_begin
2752915 : 0xa97abe86f6b1c : 2 : ittapi_config_apply_per_lib :  ITTAPI function instrumented: __itt_heap_reallocate_end
2752915 : 0xa97abe86f7341 : 2 : ittapi_config_apply_per_lib :  ITTAPI function not implemented: __itt_heap_internal_access_begin
2752915 : 0xa97abe86f7af3 : 2 : ittapi_config_apply_per_lib :  ITTAPI function not implemented: __itt_heap_internal_access_end
2752915 : 0xa97abe86f82ba : 2 : ittapi_config_apply_per_lib :  ITTAPI function not implemented: __itt_heap_record_memory_growth_begin
2752915 : 0xa97abe86f8ab9 : 2 : ittapi_config_apply_per_lib :  ITTAPI function not implemented: __itt_heap_record_memory_growth_end
2752915 : 0xa97abe86f92a8 : 2 : ittapi_config_apply_per_lib :  ITTAPI function not implemented: __itt_heap_reset_detection
2752915 : 0xa97abe86f9a82 : 2 : ittapi_config_apply_per_lib :  ITTAPI function not implemented: __itt_heap_record
2752915 : 0xa97abe86fa236 : 2 : ittapi_config_apply_per_lib :  ITTAPI function not implemented: __itt_id_create
2752915 : 0xa97abe86faa09 : 2 : ittapi_config_apply_per_lib :  ITTAPI function not implemented: __itt_id_destroy
2752915 : 0xa97abe86fb119 : 2 : ittapi_config_apply_per_lib :  ITTAPI function instrumented: __itt_get_timestamp
2752915 : 0xa97abe86fce40 : 2 : ittapi_config_apply_per_lib :  ITTAPI function not implemented: __itt_region_begin
2752915 : 0xa97abe86fd659 : 2 : ittapi_config_apply_per_lib :  ITTAPI function not implemented: __itt_region_end
2752915 : 0xa97abe86fdd9c : 2 : ittapi_config_apply_per_lib :  ITTAPI function instrumented: __itt_frame_begin_v3
2752915 : 0xa97abe86fe4e1 : 2 : ittapi_config_apply_per_lib :  ITTAPI function instrumented: __itt_frame_end_v3
2752915 : 0xa97abe86febfc : 2 : ittapi_config_apply_per_lib :  ITTAPI function instrumented: __itt_frame_submit_v3
2752915 : 0xa97abe86ff397 : 2 : ittapi_config_apply_per_lib :  ITTAPI function not implemented: __itt_task_group
2752915 : 0xa97abe86ffb31 : 2 : ittapi_config_apply_per_lib :  ITTAPI function instrumented: __itt_task_begin
2752915 : 0xa97abe8700239 : 2 : ittapi_config_apply_per_lib :  ITTAPI function instrumented: __itt_task_begin_fn
2752915 : 0xa97abe870092b : 2 : ittapi_config_apply_per_lib :  ITTAPI function instrumented: __itt_task_end
2752915 : 0xa97abe8701102 : 2 : ittapi_config_apply_per_lib :  ITTAPI function not implemented: __itt_counter_inc_v3
2752915 : 0xa97abe8702590 : 2 : ittapi_config_apply_per_lib :  ITTAPI function not implemented: __itt_counter_inc_delta_v3
2752915 : 0xa97abe8702dbb : 2 : ittapi_config_apply_per_lib :  ITTAPI function not implemented: __itt_counter_dec_v3
2752915 : 0xa97abe8703579 : 2 : ittapi_config_apply_per_lib :  ITTAPI function not implemented: __itt_counter_dec_delta_v3
2752915 : 0xa97abe8703d4a : 2 : ittapi_config_apply_per_lib :  ITTAPI function not implemented: __itt_marker
2752915 : 0xa97abe870449d : 2 : ittapi_config_apply_per_lib :  ITTAPI function instrumented: __itt_metadata_add
2752915 : 0xa97abe8704cab : 2 : ittapi_config_apply_per_lib :  ITTAPI function not implemented: __itt_metadata_str_add
2752915 : 0xa97abe870542b : 2 : ittapi_config_apply_per_lib :  ITTAPI function not implemented: __itt_relation_add_to_current
2752915 : 0xa97abe8705bd0 : 2 : ittapi_config_apply_per_lib :  ITTAPI function not implemented: __itt_relation_add
2752915 : 0xa97abe87062e5 : 2 : ittapi_config_apply_per_lib :  ITTAPI function instrumented: __itt_event_create
2752915 : 0xa97abe8706a47 : 2 : ittapi_config_apply_per_lib :  ITTAPI function instrumented: __itt_event_start
2752915 : 0xa97abe8707ebd : 2 : ittapi_config_apply_per_lib :  ITTAPI function instrumented: __itt_event_end
2752915 : 0xa97abe8708276 : 2 : ittapi_config_apply_per_lib :  ITTAPI function NOT instrumented (not matched by --itt-config option): __itt_sync_set_name

2752915 : 0xa97abe870865b : 2 : ittapi_config_apply_per_lib :  ITTAPI function NOT instrumented (not matched by --itt-config option): __itt_notify_sync_name

2752915 : 0xa97abe87089db : 2 : ittapi_config_apply_per_lib :  ITTAPI function NOT instrumented (not matched by --itt-config option): __itt_notify_sync_prepare

2752915 : 0xa97abe8708d97 : 2 : ittapi_config_apply_per_lib :  ITTAPI function NOT instrumented (not matched by --itt-config option): __itt_notify_sync_cancel

2752915 : 0xa97abe8709105 : 2 : ittapi_config_apply_per_lib :  ITTAPI function NOT instrumented (not matched by --itt-config option): __itt_notify_sync_acquired

2752915 : 0xa97abe87094a1 : 2 : ittapi_config_apply_per_lib :  ITTAPI function NOT instrumented (not matched by --itt-config option): __itt_notify_sync_releasing

2752915 : 0xa97abe8709c77 : 2 : ittapi_config_apply_per_lib :  ITTAPI function not implemented: __itt_memory_read
2752915 : 0xa97abe870a4aa : 2 : ittapi_config_apply_per_lib :  ITTAPI function not implemented: __itt_memory_write
2752915 : 0xa97abe870ac1e : 2 : ittapi_config_apply_per_lib :  ITTAPI function not implemented: __itt_memory_update
2752915 : 0xa97abe870c08d : 2 : ittapi_config_apply_per_lib :  ITTAPI function not implemented: __itt_state_get
2752915 : 0xa97abe870c8ae : 2 : ittapi_config_apply_per_lib :  ITTAPI function not implemented: __itt_state_set
2752915 : 0xa97abe870d0a5 : 2 : ittapi_config_apply_per_lib :  ITTAPI function not implemented: __itt_obj_mode_set
2752915 : 0xa97abe870d835 : 2 : ittapi_config_apply_per_lib :  ITTAPI function not implemented: __itt_thr_mode_set
2752915 : 0xa97abe870df16 : 2 : ittapi_config_apply_per_lib :  ITTAPI function instrumented: __itt_frame_create
2752915 : 0xa97abe870e5f0 : 2 : ittapi_config_apply_per_lib :  ITTAPI function instrumented: __itt_pt_region_create
2752915 : 0xa97abe870ecda : 2 : ittapi_config_apply_per_lib :  ITTAPI function instrumented: __itt_frame_begin
2752915 : 0xa97abe870f3cd : 2 : ittapi_config_apply_per_lib :  ITTAPI function instrumented: __itt_frame_end
2752915 : 0xa97abe870fbcf : 2 : ittapi_config_apply_per_lib :  ITTAPI function not implemented: __itt_counter_destroy
2752915 : 0xa97abe8710324 : 2 : ittapi_config_apply_per_lib :  ITTAPI function instrumented: __itt_counter_inc
2752915 : 0xa97abe8711d9a : 2 : ittapi_config_apply_per_lib :  ITTAPI function instrumented: __itt_counter_inc_delta
2752915 : 0xa97abe87124a0 : 2 : ittapi_config_apply_per_lib :  ITTAPI function instrumented: __itt_counter_dec
2752915 : 0xa97abe8712b9a : 2 : ittapi_config_apply_per_lib :  ITTAPI function instrumented: __itt_counter_dec_delta
2752915 : 0xa97abe871327f : 2 : ittapi_config_apply_per_lib :  ITTAPI function instrumented: __itt_counter_set_value
2752915 : 0xa97abe8713a25 : 2 : ittapi_config_apply_per_lib :  ITTAPI function not implemented: __itt_counter_set_value_ex
2752915 : 0xa97abe8714192 : 2 : ittapi_config_apply_per_lib :  ITTAPI function not implemented: __itt_mark_create
2752915 : 0xa97abe8714942 : 2 : ittapi_config_apply_per_lib :  ITTAPI function not implemented: __itt_mark
2752915 : 0xa97abe8715125 : 2 : ittapi_config_apply_per_lib :  ITTAPI function not implemented: __itt_mark_off
2752915 : 0xa97abe8715894 : 2 : ittapi_config_apply_per_lib :  ITTAPI function not implemented: __itt_mark_global
2752915 : 0xa97abe8716038 : 2 : ittapi_config_apply_per_lib :  ITTAPI function not implemented: __itt_mark_global_off
2752915 : 0xa97abe87174c8 : 2 : ittapi_config_apply_per_lib :  ITTAPI function instrumented: __itt_stack_caller_create
2752915 : 0xa97abe8717c51 : 2 : ittapi_config_apply_per_lib :  ITTAPI function instrumented: __itt_stack_caller_destroy
2752915 : 0xa97abe87183a9 : 2 : ittapi_config_apply_per_lib :  ITTAPI function instrumented: __itt_stack_callee_enter
2752915 : 0xa97abe8718a8f : 2 : ittapi_config_apply_per_lib :  ITTAPI function instrumented: __itt_stack_callee_leave
2752915 : 0xa97abe871925b : 2 : ittapi_config_apply_per_lib :  ITTAPI function not implemented: __itt_clock_domain_create
2752915 : 0xa97abe8719a48 : 2 : ittapi_config_apply_per_lib :  ITTAPI function not implemented: __itt_clock_domain_reset
2752915 : 0xa97abe871a1ee : 2 : ittapi_config_apply_per_lib :  ITTAPI function not implemented: __itt_id_create_ex
2752915 : 0xa97abe871a9c7 : 2 : ittapi_config_apply_per_lib :  ITTAPI function not implemented: __itt_id_destroy_ex
2752915 : 0xa97abe871b1aa : 2 : ittapi_config_apply_per_lib :  ITTAPI function not implemented: __itt_task_begin_ex
2752915 : 0xa97abe871b944 : 2 : ittapi_config_apply_per_lib :  ITTAPI function not implemented: __itt_task_begin_fn_ex
2752915 : 0xa97abe871cd9b : 2 : ittapi_config_apply_per_lib :  ITTAPI function not implemented: __itt_task_end_ex
2752915 : 0xa97abe871d52a : 2 : ittapi_config_apply_per_lib :  ITTAPI function instrumented: __itt_task_begin_overlapped
2752915 : 0xa97abe871dc9d : 2 : ittapi_config_apply_per_lib :  ITTAPI function not implemented: __itt_task_begin_overlapped_ex
2752915 : 0xa97abe871e3ce : 2 : ittapi_config_apply_per_lib :  ITTAPI function instrumented: __itt_task_end_overlapped
2752915 : 0xa97abe871eb66 : 2 : ittapi_config_apply_per_lib :  ITTAPI function not implemented: __itt_task_end_overlapped_ex
2752915 : 0xa97abe871f2ec : 2 : ittapi_config_apply_per_lib :  ITTAPI function not implemented: __itt_marker_ex
2752915 : 0xa97abe871fa9b : 2 : ittapi_config_apply_per_lib :  ITTAPI function not implemented: __itt_metadata_add_with_scope
2752915 : 0xa97abe87202b8 : 2 : ittapi_config_apply_per_lib :  ITTAPI function not implemented: __itt_metadata_str_add_with_scope
2752915 : 0xa97abe8720a39 : 2 : ittapi_config_apply_per_lib :  ITTAPI function not implemented: __itt_relation_add_to_current_ex
2752915 : 0xa97abe87211b1 : 2 : ittapi_config_apply_per_lib :  ITTAPI function not implemented: __itt_relation_add_ex
2752915 : 0xa97abe8722e87 : 2 : ittapi_config_apply_per_lib :  ITTAPI function not implemented: __itt_track_group_create
2752915 : 0xa97abe8723627 : 2 : ittapi_config_apply_per_lib :  ITTAPI function not implemented: __itt_track_create
2752915 : 0xa97abe8723df0 : 2 : ittapi_config_apply_per_lib :  ITTAPI function not implemented: __itt_set_track
2752915 : 0xa97abe8724509 : 2 : ittapi_config_apply_per_lib :  ITTAPI function instrumented: __itt_api_version
2752915 : 0xa97abe8724cb5 : 2 : ittapi_config_apply_per_lib :  ITTAPI function not implemented: __itt_av_save
2752915 : 0xa97abe87253f0 : 2 : ittapi_config_apply_per_lib :  ITTAPI function instrumented: __itt_module_load
2752915 : 0xa97abe8725b91 : 2 : ittapi_config_apply_per_lib :  ITTAPI function not implemented: __itt_module_unload