
1625003 : 0xa61da89d6b21e : 1 : spill_jit_data :  Jit agent is not initialized
1624983 : 0xa61da89d6db79 : 2 : ittapi_config_mask_get :  --itt-config mask to be applied: 55
1624983 : 0xa61da89d6f5e2 : 2 : ittapi_config_apply_per_lib :  ITTAPI function instrumented: __itt_domain_create
1624983 : 0xa61da89d6ff1e : 2 : ittapi_config_apply_per_lib :  ITTAPI function instrumented: __itt_module_load_with_sections
1624983 : 0xa61da89d70b6c : 2 : ittapi_config_apply_per_lib :  ITTAPI function not implemented: __itt_module_unload_with_sections
1624983 : 0xa61da89d7138e : 2 : ittapi_config_apply_per_lib :  ITTAPI function instrumented: __itt_string_handle_create
1624983 : 0xa61da89d71af2 : 2 : ittapi_config_apply_per_lib :  ITTAPI function instrumented: __itt_counter_create
1624983 : 0xa61da89d7214a : 2 : ittapi_config_apply_per_lib :  ITTAPI function instrumented: __itt_counter_create_typed
1624983 : 0xa61da89d72a00 : 2 : ittapi_config_apply_per_lib :  ITTAPI function instrumented: __itt_pause
1624983 : 0xa61da89d730c0 : 2 : ittapi_config_apply_per_lib :  ITTAPI function instrumented: __itt_resume
1624983 : 0xa61da89d78ca9 : 2 : ittapi_config_apply_per_lib :  ITTAPI function instrumented: __itt_thread_set_name
1624983 : 0xa61da89d794e9 : 2 : ittapi_config_apply_per_lib :  ITTAPI function instrumented: __itt_thread_ignore
1624983 : 0xa61da89d79c0c : 2 : ittapi_config_apply_per_lib :  ITTAPI function instrumented: __itt_thr_name_set
1624983 : 0xa61da89d7a2a0 : 2 : ittapi_config_apply_per_lib :  ITTAPI function instrumented: __itt_thr_ignore
1624983 : 0xa61da89d7acf6 : 2 : ittapi_config_apply_per_lib :  ITTAPI function not implemented: __itt_enable_attach
1624983 : 0xa61da89d7b40d : 2 : ittapi_config_apply_per_lib :  ITTAPI function instrumented: __itt_detach
1624983 : 0xa61da89d7b7de : 2 : ittapi_config_apply_per_lib :  ITTAPI function NOT instrumented (not matched by --itt-config option): __itt_sync_create

1624983 : 0xa61da89d7bc6b : 2 : ittapi_config_apply_per_lib :  ITTAPI function NOT instrumented (not matched by --itt-config option): __itt_sync_rename

1624983 : 0xa61da89d7c008 : 2 : ittapi_config_apply_per_lib :  ITTAPI function NOT instrumented (not matched by --itt-config option): __itt_sync_destroy

1624983 : 0xa61da89d7c3c2 : 2 : ittapi_config_apply_per_lib :  ITTAPI function NOT instrumented (not matched by --itt-config option): __itt_sync_prepare

1624983 : 0xa61da89d7d88a : 2 : ittapi_config_apply_per_lib :  ITTAPI function NOT instrumented (not matched by --itt-config option): __itt_sync_cancel

1624983 : 0xa61da89d7dcc0 : 2 : ittapi_config_apply_per_lib :  ITTAPI function NOT instrumented (not matched by --itt-config option): __itt_sync_acquired

1624983 : 0xa61da89d7e024 : 2 : ittapi_config_apply_per_lib :  ITTAPI function NOT instrumented (not matched by --itt-config option): __itt_sync_releasing

1624983 : 0xa61da89d7e8c0 : 2 : ittapi_config_apply_per_lib :  ITTAPI function not implemented: __itt_suppress_push
1624983 : 0xa61da89d7f180 : 2 : ittapi_config_apply_per_lib :  ITTAPI function not implemented: __itt_suppress_pop
1624983 : 0xa61da89d7f908 : 2 : ittapi_config_apply_per_lib :  ITTAPI function not implemented: __itt_suppress_mark_range
1624983 : 0xa61da89d800c2 : 2 : ittapi_config_apply_per_lib :  ITTAPI function not implemented: __itt_suppress_clear_range
1624983 : 0xa61da89d8043c : 2 : ittapi_config_apply_per_lib :  ITTAPI function NOT instrumented (not matched by --itt-config option): __itt_sync_prepare

1624983 : 0xa61da89d80801 : 2 : ittapi_config_apply_per_lib :  ITTAPI function NOT instrumented (not matched by --itt-config option): __itt_sync_cancel

1624983 : 0xa61da89d80b67 : 2 : ittapi_config_apply_per_lib :  ITTAPI function NOT instrumented (not matched by --itt-config option): __itt_sync_acquired

1624983 : 0xa61da89d81c09 : 2 : ittapi_config_apply_per_lib :  ITTAPI function NOT instrumented (not matched by --itt-config option): __itt_sync_releasing

1624983 : 0xa61da89d82015 : 2 : ittapi_config_apply_per_lib :  ITTAPI function NOT instrumented (not matched by --itt-config option): __itt_model_site_begin

1624983 : 0xa61da89d823b0 : 2 : ittapi_config_apply_per_lib :  ITTAPI function NOT instrumented (not matched by --itt-config option): __itt_model_site_end

1624983 : 0xa61da89d82739 : 2 : ittapi_config_apply_per_lib :  ITTAPI function NOT instrumented (not matched by --itt-config option): __itt_model_task_begin

1624983 : 0xa61da89d82a93 : 2 : ittapi_config_apply_per_lib :  ITTAPI function NOT instrumented (not matched by --itt-config option): __itt_model_task_end

1624983 : 0xa61da89d82e09 : 2 : ittapi_config_apply_per_lib :  ITTAPI function NOT instrumented (not matched by --itt-config option): __itt_model_lock_acquire

1624983 : 0xa61da89d831fe : 2 : ittapi_config_apply_per_lib :  ITTAPI function NOT instrumented (not matched by --itt-config option): __itt_model_lock_release

1624983 : 0xa61da89d83578 : 2 : ittapi_config_apply_per_lib :  ITTAPI function NOT instrumented (not matched by --itt-config option): __itt_model_record_allocation

1624983 : 0xa61da89d838cd : 2 : ittapi_config_apply_per_lib :  ITTAPI function NOT instrumented (not matched by --itt-config option): __itt_model_record_deallocation

1624983 : 0xa61da89d83c11 : 2 : ittapi_config_apply_per_lib :  ITTAPI function NOT instrumented (not matched by --itt-config option): __itt_model_induction_uses

1624983 : 0xa61da89d858a5 : 2 : ittapi_config_apply_per_lib :  ITTAPI function NOT instrumented (not matched by --itt-config option): __itt_model_reduction_uses

1624983 : 0xa61da89d85c82 : 2 : ittapi_config_apply_per_lib :  ITTAPI function NOT instrumented (not matched by --itt-config option): __itt_model_observe_uses

1624983 : 0xa61da89d8602a : 2 : ittapi_config_apply_per_lib :  ITTAPI function NOT instrumented (not matched by --itt-config option): __itt_model_clear_uses

1624983 : 0xa61da89d863ce : 2 : ittapi_config_apply_per_lib :  ITTAPI function NOT instrumented (not matched by --itt-config option): __itt_model_site_beginA

1624983 : 0xa61da89d8676a : 2 : ittapi_config_apply_per_lib :  ITTAPI function NOT instrumented (not matched by --itt-config option): __itt_model_site_beginAL

1624983 : 0xa61da89d86aca : 2 : ittapi_config_apply_per_lib :  ITTAPI function NOT instrumented (not matched by --itt-config option): __itt_model_task_beginA

1624983 : 0xa61da89d86e46 : 2 : ittapi_config_apply_per_lib :  ITTAPI function NOT instrumented (not matched by --itt-config option): __itt_model_task_beginAL

1624983 : 0xa61da89d871af : 2 : ittapi_config_apply_per_lib :  ITTAPI function NOT instrumented (not matched by --itt-config option): __itt_model_iteration_taskA

1624983 : 0xa61da89d874f9 : 2 : ittapi_config_apply_per_lib :  ITTAPI function NOT instrumented (not matched by --itt-config option): __itt_model_iteration_taskAL

1624983 : 0xa61da89d87830 : 2 : ittapi_config_apply_per_lib :  ITTAPI function NOT instrumented (not matched by --itt-config option): __itt_model_site_end_2

1624983 : 0xa61da89d88822 : 2 : ittapi_config_apply_per_lib :  ITTAPI function NOT instrumented (not matched by --itt-config option): __itt_model_task_end_2

1624983 : 0xa61da89d88bb9 : 2 : ittapi_config_apply_per_lib :  ITTAPI function NOT instrumented (not matched by --itt-config option): __itt_model_lock_acquire_2

1624983 : 0xa61da89d88f50 : 2 : ittapi_config_apply_per_lib :  ITTAPI function NOT instrumented (not matched by --itt-config option): __itt_model_lock_release_2

1624983 : 0xa61da89d892d3 : 2 : ittapi_config_apply_per_lib :  ITTAPI function NOT instrumented (not matched by --itt-config option): __itt_model_aggregate_task

1624983 : 0xa61da89d89643 : 2 : ittapi_config_apply_per_lib :  ITTAPI function NOT instrumented (not matched by --itt-config option): __itt_model_disable_push

1624983 : 0xa61da89d89983 : 2 : ittapi_config_apply_per_lib :  ITTAPI function NOT instrumented (not matched by --itt-config option): __itt_model_disable_pop

1624983 : 0xa61da89d8a0e3 : 2 : ittapi_config_apply_per_lib :  ITTAPI function instrumented: __itt_heap_function_create
1624983 : 0xa61da89d8a857 : 2 : ittapi_config_apply_per_lib :  ITTAPI function instrumented: __itt_heap_allocate_begin
1624983 : 0xa61da89d8aedd : 2 : ittapi_config_apply_per_lib :  ITTAPI function instrumented: __itt_heap_allocate_end
1624983 : 0xa61da89d8b5e8 : 2 : ittapi_config_apply_per_lib :  ITTAPI function instrumented: __itt_heap_free_begin
1624983 : 0xa61da89d8d1d6 : 2 : ittapi_config_apply_per_lib :  ITTAPI function instrumented: __itt_heap_free_end
1624983 : 0xa61da89d8d8b1 : 2 : ittapi_config_apply_per_lib :  ITTAPI function instrumented: __itt_heap_reallocate_begin
1624983 : 0xa61da89d8dee4 : 2 : ittapi_config_apply_per_lib :  ITTAPI function instrumented: __itt_heap_reallocate_end
1624983 : 0xa61da89d8e6cc : 2 : ittapi_config_apply_per_lib :  ITTAPI function not implemented: __itt_heap_internal_access_begin
1624983 : 0xa61da89d8ee24 : 2 : ittapi_config_apply_per_lib :  ITTAPI function not implemented: __itt_heap_internal_access_end
1624983 : 0xa61da89d8f5c7 : 2 : ittapi_config_apply_per_lib :  ITTAPI function not implemented: __itt_heap_record_memory_growth_begin
1624983 : 0xa61da89d8fd54 : 2 : ittapi_config_apply_per_lib :  ITTAPI function not implemented: __itt_heap_record_memory_growth_end
1624983 : 0xa61da89d905b8 : 2 : ittapi_config_apply_per_lib :  ITTAPI function not implemented: __itt_heap_reset_detection
1624983 : 0xa61da89d90d76 : 2 : ittapi_config_apply_per_lib :  ITTAPI function not implemented: __itt_heap_record
1624983 : 0xa61da89d914da : 2 : ittapi_config_apply_per_lib :  ITTAPI function not implemented: __itt_id_create
1624983 : 0xa61da89d92a54 : 2 : ittapi_config_apply_per_lib :  ITTAPI function not implemented: __itt_id_destroy
1624983 : 0xa61da89d93182 : 2 : ittapi_config_apply_per_lib :  ITTAPI function instrumented: __itt_get_timestamp
1624983 : 0xa61da89d938df : 2 : ittapi_config_apply_per_lib :  ITTAPI function not implemented: __itt_region_begin
1624983 : 0xa61da89d9407e : 2 : ittapi_config_apply_per_lib :  ITTAPI function not implemented: __itt_region_end
1624983 : 0xa61da89d947ac : 2 : ittapi_config_apply_per_lib :  ITTAPI function instrumented: __itt_frame_begin_v3
1624983 : 0xa61da89d94eee : 2 : ittapi_config_apply_per_lib :  ITTAPI function instrumented: __itt_frame_end_v3
1624983 : 0xa61da89d955a6 : 2 : ittapi_config_apply_per_lib :  ITTAPI function instrumented: __itt_frame_submit_v3
1624983 : 0xa61da89d95d09 : 2 : ittapi_config_apply_per_lib :  ITTAPI function not implemented: __itt_task_group
1624983 : 0xa61da89d96410 : 2 : ittapi_config_apply_per_lib :  ITTAPI function instrumented: __itt_task_begin
1624983 : 0xa61da89d96aed : 2 : ittapi_config_apply_per_lib :  ITTAPI function instrumented: __itt_task_begin_fn
1624983 : 0xa61da89d97e57 : 2 : ittapi_config_apply_per_lib :  ITTAPI function instrumented: __itt_task_end
1624983 : 0xa61da89d9868c : 2 : ittapi_config_apply_per_lib :  ITTAPI function not implemented: __itt_counter_inc_v3
1624983 : 0xa61da89d98e74 : 2 : ittapi_config_apply_per_lib :  ITTAPI function not implemented: __itt_counter_inc_delta_v3
1624983 : 0xa61da89d995e5 : 2 : ittapi_config_apply_per_lib :  ITTAPI function not implemented: __itt_counter_dec_v3
1624983 : 0xa61da89d99d08 : 2 : ittapi_config_apply_per_lib :  ITTAPI function not implemented: __itt_counter_dec_delta_v3
1624983 : 0xa61da89d9a457 : 2 : ittapi_config_apply_per_lib :  ITTAPI function not implemented: __itt_marker
1624983 : 0xa61da89d9ab11 : 2 : ittapi_config_apply_per_lib :  ITTAPI function instrumented: __itt_metadata_add
1624983 : 0xa61da89d9b26e : 2 : ittapi_config_apply_per_lib :  ITTAPI function not implemented: __itt_metadata_str_add
1624983 : 0xa61da89d9b95a : 2 : ittapi_config_apply_per_lib :  ITTAPI function not implemented: __itt_relation_add_to_current
1624983 : 0xa61da89d9c060 : 2 : ittapi_config_apply_per_lib :  ITTAPI function not implemented: __itt_relation_add
1624983 : 0xa61da89d9d320 : 2 : ittapi_config_apply_per_lib :  ITTAPI function instrumented: __itt_event_create
1624983 : 0xa61da89d9da93 : 2 : ittapi_config_apply_per_lib :  ITTAPI function instrumented: __itt_event_start
1624983 : 0xa61da89d9e166 : 2 : ittapi_config_apply_per_lib :  ITTAPI function instrumented: __itt_event_end
1624983 : 0xa61da89d9e4df : 2 : ittapi_config_apply_per_lib :  ITTAPI function NOT instrumented (not matched by --itt-config option): __itt_sync_set_name

1624983 : 0xa61da89d9e8c0 : 2 : ittapi_config_apply_per_lib :  ITTAPI function NOT instrumented (not matched by --itt-config option): __itt_notify_sync_name

1624983 : 0xa61da89d9ec6c : 2 : ittapi_config_apply_per_lib :  ITTAPI function NOT instrumented (not matched by --itt-config option): __itt_notify_sync_prepare

1624983 : 0xa61da89d9f019 : 2 : ittapi_config_apply_per_lib :  ITTAPI function NOT instrumented (not matched by --itt-config option): __itt_notify_sync_cancel

1624983 : 0xa61da89d9f397 : 2 : ittapi_config_apply_per_lib :  ITTAPI function NOT instrumented (not matched by --itt-config option): __itt_notify_sync_acquired

1624983 : 0xa61da89d9f6f6 : 2 : ittapi_config_apply_per_lib :  ITTAPI function NOT instrumented (not matched by --itt-config option): __itt_notify_sync_releasing

1624983 : 0xa61da89d9fe49 : 2 : ittapi_config_apply_per_lib :  ITTAPI function not implemented: __itt_memory_read
1624983 : 0xa61da89da1c21 : 2 : ittapi_config_apply_per_lib :  ITTAPI function not implemented: __itt_memory_write
1624983 : 0xa61da89da236c : 2 : ittapi_config_apply_per_lib :  ITTAPI function not implemented: __itt_memory_update
1624983 : 0xa61da89da2aca : 2 : ittapi_config_apply_per_lib :  ITTAPI function not implemented: __itt_state_get
1624983 : 0xa61da89da31a1 : 2 : ittapi_config_apply_per_lib :  ITTAPI function not implemented: __itt_state_set
1624983 : 0xa61da89da390c : 2 : ittapi_config_apply_per_lib :  ITTAPI function not implemented: __itt_obj_mode_set
1624983 : 0xa61da89da4016 : 2 : ittapi_config_apply_per_lib :  ITTAPI function not implemented: __itt_thr_mode_set
1624983 : 0xa61da89da468a : 2 : ittapi_config_apply_per_lib :  ITTAPI function instrumented: __itt_frame_create
1624983 : 0xa61da89da4ce8 : 2 : ittapi_config_apply_per_lib :  ITTAPI function instrumented: __itt_pt_region_create
1624983 : 0xa61da89da536c : 2 : ittapi_config_apply_per_lib :  ITTAPI function instrumented: __itt_frame_begin
1624983 : 0xa61da89da5a17 : 2 : ittapi_config_apply_per_lib :  ITTAPI function instrumented: __itt_frame_end
1624983 : 0xa61da89da6ebc : 2 : ittapi_config_apply_per_lib :  ITTAPI function not implemented: __itt_counter_destroy
1624983 : 0xa61da89da7608 : 2 : ittapi_config_apply_per_lib :  ITTAPI function instrumented: __itt_counter_inc
1624983 : 0xa61da89da7cc5 : 2 : ittapi_config_apply_per_lib :  ITTAPI function instrumented: __itt_counter_inc_delta
1624983 : 0xa61da89da8329 : 2 : ittapi_config_apply_per_lib :  ITTAPI function instrumented: __itt_counter_dec
1624983 : 0xa61da89da89db : 2 : ittapi_config_apply_per_lib :  ITTAPI function instrumented: __itt_counter_dec_delta
1624983 : 0xa61da89da9062 : 2 : ittapi_config_apply_per_lib :  ITTAPI function instrumented: __itt_counter_set_value
1624983 : 0xa61da89da97a5 : 2 : ittapi_config_apply_per_lib :  ITTAPI function not implemented: __itt_counter_set_value_ex
1624983 : 0xa61da89da9e88 : 2 : ittapi_config_apply_per_lib :  ITTAPI function not implemented: __itt_mark_create
1624983 : 0xa61da89daa5ff : 2 : ittapi_config_apply_per_lib :  ITTAPI function not implemented: __itt_mark
1624983 : 0xa61da89daad59 : 2 : ittapi_config_apply_per_lib :  ITTAPI function not implemented: __itt_mark_off
1624983 : 0xa61da89dac0af : 2 : ittapi_config_apply_per_lib :  ITTAPI function not implemented: __itt_mark_global
1624983 : 0xa61da89dac7fb : 2 : ittapi_config_apply_per_lib :  ITTAPI function not implemented: __itt_mark_global_off
1624983 : 0xa61da89dacf52 : 2 : ittapi_config_apply_per_lib :  ITTAPI function instrumented: __itt_stack_caller_create
1624983 : 0xa61da89dad64c : 2 : ittapi_config_apply_per_lib :  ITTAPI function instrumented: __itt_stack_caller_destroy
1624983 : 0xa61da89dadd7f : 2 : ittapi_config_apply_per_lib :  ITTAPI function instrumented: __itt_stack_callee_enter
1624983 : 0xa61da89dae3d3 : 2 : ittapi_config_apply_per_lib :  ITTAPI function instrumented: __itt_stack_callee_leave
1624983 : 0xa61da89daeb13 : 2 : ittapi_config_apply_per_lib :  ITTAPI function not implemented: __itt_clock_domain_create
1624983 : 0xa61da89daf277 : 2 : ittapi_config_apply_per_lib :  ITTAPI function not implemented: __itt_clock_domain_reset
1624983 : 0xa61da89daf98e : 2 : ittapi_config_apply_per_lib :  ITTAPI function not implemented: __itt_id_create_ex
1624983 : 0xa61da89db00ce : 2 : ittapi_config_apply_per_lib :  ITTAPI function not implemented: __itt_id_destroy_ex
1624983 : 0xa61da89db221e : 2 : ittapi_config_apply_per_lib :  ITTAPI function not implemented: __itt_task_begin_ex
1624983 : 0xa61da89db295d : 2 : ittapi_config_apply_per_lib :  ITTAPI function not implemented: __itt_task_begin_fn_ex
1624983 : 0xa61da89db307b : 2 : ittapi_config_apply_per_lib :  ITTAPI function not implemented: __itt_task_end_ex
1624983 : 0xa61da89db3773 : 2 : ittapi_config_apply_per_lib :  ITTAPI function instrumented: __itt_task_begin_overlapped
1624983 : 0xa61da89db3e70 : 2 : ittapi_config_apply_per_lib :  ITTAPI function not implemented: __itt_task_begin_overlapped_ex
1624983 : 0xa61da89db4510 : 2 : ittapi_config_apply_per_lib :  ITTAPI function instrumented: __itt_task_end_overlapped
1624983 : 0xa61da89db4c34 : 2 : ittapi_config_apply_per_lib :  ITTAPI function not implemented: __itt_task_end_overlapped_ex
1624983 : 0xa61da89db536b : 2 : ittapi_config_apply_per_lib :  ITTAPI function not implemented: __itt_marker_ex
1624983 : 0xa61da89db5af1 : 2 : ittapi_config_apply_per_lib :  ITTAPI function not implemented: __itt_metadata_add_with_scope
1624983 : 0xa61da89db6267 : 2 : ittapi_config_apply_per_lib :  ITTAPI function not implemented: __itt_metadata_str_add_with_scope
1624983 : 0xa61da89db76e5 : 2 : ittapi_config_apply_per_lib :  ITTAPI function not implemented: __itt_relation_add_to_current_ex
1624983 : 0xa61da89db7e1f : 2 : ittapi_config_apply_per_lib :  ITTAPI function not implemented: __itt_relation_add_ex
1624983 : 0xa61da89db85be : 2 : ittapi_config_apply_per_lib :  ITTAPI function not implemented: __itt_track_group_create
1624983 : 0xa61da89db8caa : 2 : ittapi_config_apply_per_lib :  ITTAPI function not implemented: __itt_track_create
1624983 : 0xa61da89db93a8 : 2 : ittapi_config_apply_per_lib :  ITTAPI function not implemented: __itt_set_track
1624983 : 0xa61da89db9a81 : 2 : ittapi_config_apply_per_lib :  ITTAPI function instrumented: __itt_api_version
1624983 : 0xa61da89dba1b8 : 2 : ittapi_config_apply_per_lib :  ITTAPI function not implemented: __itt_av_save
1624983 : 0xa61da89dba89e : 2 : ittapi_config_apply_per_lib :  ITTAPI function instrumented: __itt_module_load
1624983 : 0xa61da89dbb00c : 2 : ittapi_config_apply_per_lib :  ITTAPI function not implemented: __itt_module_unload
1624983 : 0xa61da89e01e1f : 2 : ittapi_config_mask_get :  --itt-config mask to be applied: 55
1624983 : 0xa61da89e045e8 : 2 : ittapi_config_apply_per_lib :  ITTAPI function instrumented: __itt_domain_create
1624983 : 0xa61da89e04e88 : 2 : ittapi_config_apply_per_lib :  ITTAPI function instrumented: __itt_module_load_with_sections
1624983 : 0xa61da89e0579b : 2 : ittapi_config_apply_per_lib :  ITTAPI function not implemented: __itt_module_unload_with_sections
1624983 : 0xa61da89e05ec3 : 2 : ittapi_config_apply_per_lib :  ITTAPI function instrumented: __itt_string_handle_create
1624983 : 0xa61da89e065b9 : 2 : ittapi_config_apply_per_lib :  ITTAPI function instrumented: __itt_counter_create
1624983 : 0xa61da89e06bff : 2 : ittapi_config_apply_per_lib :  ITTAPI function instrumented: __itt_counter_create_typed
1624983 : 0xa61da89e07313 : 2 : ittapi_config_apply_per_lib :  ITTAPI function instrumented: __itt_pause
1624983 : 0xa61da89e079c7 : 2 : ittapi_config_apply_per_lib :  ITTAPI function instrumented: __itt_resume
1624983 : 0xa61da89e07fdc : 2 : ittapi_config_apply_per_lib :  ITTAPI function instrumented: __itt_thread_set_name
1624983 : 0xa61da89e086fa : 2 : ittapi_config_apply_per_lib :  ITTAPI function instrumented: __itt_thread_ignore
1624983 : 0xa61da89e09b82 : 2 : ittapi_config_apply_per_lib :  ITTAPI function instrumented: __itt_thr_name_set
1624983 : 0xa61da89e0a261 : 2 : ittapi_config_apply_per_lib :  ITTAPI function instrumented: __itt_thr_ignore
1624983 : 0xa61da89e0aab8 : 2 : ittapi_config_apply_per_lib :  ITTAPI function not implemented: __itt_enable_attach
1624983 : 0xa61da89e0b165 : 2 : ittapi_config_apply_per_lib :  ITTAPI function instrumented: __itt_detach
1624983 : 0xa61da89e0b52a : 2 : ittapi_config_apply_per_lib :  ITTAPI function NOT instrumented (not matched by --itt-config option): __itt_sync_create

1624983 : 0xa61da89e0b941 : 2 : ittapi_config_apply_per_lib :  ITTAPI function NOT instrumented (not matched by --itt-config option): __itt_sync_rename

1624983 : 0xa61da89e0bcb7 : 2 : ittapi_config_apply_per_lib :  ITTAPI function NOT instrumented (not matched by --itt-config option): __itt_sync_destroy

1624983 : 0xa61da89e0c063 : 2 : ittapi_config_apply_per_lib :  ITTAPI function NOT instrumented (not matched by --itt-config option): __itt_sync_prepare

1624983 : 0xa61da89e0c3ba : 2 : ittapi_config_apply_per_lib :  ITTAPI function NOT instrumented (not matched by --itt-config option): __itt_sync_cancel

1624983 : 0xa61da89e0c711 : 2 : ittapi_config_apply_per_lib :  ITTAPI function NOT instrumented (not matched by --itt-config option): __itt_sync_acquired

1624983 : 0xa61da89e0e219 : 2 : ittapi_config_apply_per_lib :  ITTAPI function NOT instrumented (not matched by --itt-config option): __itt_sync_releasing

1624983 : 0xa61da89e0eaf3 : 2 : ittapi_config_apply_per_lib :  ITTAPI function not implemented: __itt_suppress_push
1624983 : 0xa61da89e0f315 : 2 : ittapi_config_apply_per_lib :  ITTAPI function not implemented: __itt_suppress_pop
1624983 : 0xa61da89e0fa70 : 2 : ittapi_config_apply_per_lib :  ITTAPI function not implemented: __itt_suppress_mark_range
1624983 : 0xa61da89e101e2 : 2 : ittapi_config_apply_per_lib :  ITTAPI function not implemented: __itt_suppress_clear_range
1624983 : 0xa61da89e10579 : 2 : ittapi_config_apply_per_lib :  ITTAPI function NOT instrumented (not matched by --itt-config option): __itt_sync_prepare

1624983 : 0xa61da89e108f3 : 2 : ittapi_config_apply_per_lib :  ITTAPI function NOT instrumented (not matched by --itt-config option): __itt_sync_cancel

1624983 : 0xa61da89e10c52 : 2 : ittapi_config_apply_per_lib :  ITTAPI function NOT instrumented (not matched by --itt-config option): __itt_sync_acquired

1624983 : 0xa61da89e10fa6 : 2 : ittapi_config_apply_per_lib :  ITTAPI function NOT instrumented (not matched by --itt-config option): __itt_sync_releasing

1624983 : 0xa61da89e114a8 : 2 : ittapi_config_apply_per_lib :  ITTAPI function NOT instrumented (not matched by --itt-config option): __itt_model_site_begin

1624983 : 0xa61da89e124a7 : 2 : ittapi_config_apply_per_lib :  ITTAPI function NOT instrumented (not matched by --itt-config option): __itt_model_site_end

1624983 : 0xa61da89e12867 : 2 : ittapi_config_apply_per_lib :  ITTAPI function NOT instrumented (not matched by --itt-config option): __itt_model_task_begin

1624983 : 0xa61da89e12be6 : 2 : ittapi_config_apply_per_lib :  ITTAPI function NOT instrumented (not matched by --itt-config option): __itt_model_task_end

1624983 : 0xa61da89e12f55 : 2 : ittapi_config_apply_per_lib :  ITTAPI function NOT instrumented (not matched by --itt-config option): __itt_model_lock_acquire

1624983 : 0xa61da89e132f3 : 2 : ittapi_config_apply_per_lib :  ITTAPI function NOT instrumented (not matched by --itt-config option): __itt_model_lock_release

1624983 : 0xa61da89e13644 : 2 : ittapi_config_apply_per_lib :  ITTAPI function NOT instrumented (not matched by --itt-config option): __itt_model_record_allocation

1624983 : 0xa61da89e1398f : 2 : ittapi_config_apply_per_lib :  ITTAPI function NOT instrumented (not matched by --itt-config option): __itt_model_record_deallocation

1624983 : 0xa61da89e13d03 : 2 : ittapi_config_apply_per_lib :  ITTAPI function NOT instrumented (not matched by --itt-config option): __itt_model_induction_uses

1624983 : 0xa61da89e14081 : 2 : ittapi_config_apply_per_lib :  ITTAPI function NOT instrumented (not matched by --itt-config option): __itt_model_reduction_uses

1624983 : 0xa61da89e143de : 2 : ittapi_config_apply_per_lib :  ITTAPI function NOT instrumented (not matched by --itt-config option): __itt_model_observe_uses

1624983 : 0xa61da89e15aea : 2 : ittapi_config_apply_per_lib :  ITTAPI function NOT instrumented (not matched by --itt-config option): __itt_model_clear_uses

1624983 : 0xa61da89e15ec2 : 2 : ittapi_config_apply_per_lib :  ITTAPI function NOT instrumented (not matched by --itt-config option): __itt_model_site_beginA

1624983 : 0xa61da89e1622d : 2 : ittapi_config_apply_per_lib :  ITTAPI function NOT instrumented (not matched by --itt-config option): __itt_model_site_beginAL

1624983 : 0xa61da89e165aa : 2 : ittapi_config_apply_per_lib :  ITTAPI function NOT instrumented (not matched by --itt-config option): __itt_model_task_beginA

1624983 : 0xa61da89e168fb : 2 : ittapi_config_apply_per_lib :  ITTAPI function NOT instrumented (not matched by --itt-config option): __itt_model_task_beginAL

1624983 : 0xa61da89e16c91 : 2 : ittapi_config_apply_per_lib :  ITTAPI function NOT instrumented (not matched by --itt-config option): __itt_model_iteration_taskA

1624983 : 0xa61da89e16fdf : 2 : ittapi_config_apply_per_lib :  ITTAPI function NOT instrumented (not matched by --itt-config option): __itt_model_iteration_taskAL

1624983 : 0xa61da89e1731e : 2 : ittapi_config_apply_per_lib :  ITTAPI function NOT instrumented (not matched by --itt-config option): __itt_model_site_end_2

1624983 : 0xa61da89e17694 : 2 : ittapi_config_apply_per_lib :  ITTAPI function NOT instrumented (not matched by --itt-config option): __itt_model_task_end_2

1624983 : 0xa61da89e179d2 : 2 : ittapi_config_apply_per_lib :  ITTAPI function NOT instrumented (not matched by --itt-config option): __itt_model_lock_acquire_2

1624983 : 0xa61da89e18932 : 2 : ittapi_config_apply_per_lib :  ITTAPI function NOT instrumented (not matched by --itt-config option): __itt_model_lock_release_2

1624983 : 0xa61da89e18ce6 : 2 : ittapi_config_apply_per_lib :  ITTAPI function NOT instrumented (not matched by --itt-config option): __itt_model_aggregate_task

1624983 : 0xa61da89e19041 : 2 : ittapi_config_apply_per_lib :  ITTAPI function NOT instrumented (not matched by --itt-config option): __itt_model_disable_push

1624983 : 0xa61da89e193c5 : 2 : ittapi_config_apply_per_lib :  ITTAPI function NOT instrumented (not matched by --itt-config option): __itt_model_disable_pop

1624983 : 0xa61da89e19aa7 : 2 : ittapi_config_apply_per_lib :  ITTAPI function instrumented: __itt_heap_function_create
1624983 : 0xa61da89e1a1ab : 2 : ittapi_config_apply_per_lib :  ITTAPI function instrumented: __itt_heap_allocate_begin
1624983 : 0xa61da89e1a824 : 2 : ittapi_config_apply_per_lib :  ITTAPI function instrumented: __itt_heap_allocate_end
1624983 : 0xa61da89e1af01 : 2 : ittapi_config_apply_per_lib :  ITTAPI function instrumented: __itt_heap_free_begin
1624983 : 0xa61da89e1b551 : 2 : ittapi_config_apply_per_lib :  ITTAPI function instrumented: __itt_heap_free_end
1624983 : 0xa61da89e1bbd7 : 2 : ittapi_config_apply_per_lib :  ITTAPI function instrumented: __itt_heap_reallocate_begin
1624983 : 0xa61da89e1ce7d : 2 : ittapi_config_apply_per_lib :  ITTAPI function instrumented: __itt_heap_reallocate_end
1624983 : 0xa61da89e1d678 : 2 : ittapi_config_apply_per_lib :  ITTAPI function not implemented: __itt_heap_internal_access_begin
1624983 : 0xa61da89e1ddd5 : 2 : ittapi_config_apply_per_lib :  ITTAPI function not implemented: __itt_heap_internal_access_end
1624983 : 0xa61da89e1e53b : 2 : ittapi_config_apply_per_lib :  ITTAPI function not implemented: __itt_heap_record_memory_growth_begin
1624983 : 0xa61da89e1eca4 : 2 : ittapi_config_apply_per_lib :  ITTAPI function not implemented: __itt_heap_record_memory_growth_end
1624983 : 0xa61da89e1f3de : 2 : ittapi_config_apply_per_lib :  ITTAPI function not implemented: __itt_heap_reset_detection
1624983 : 0xa61da89e1fb4e : 2 : ittapi_config_apply_per_lib :  ITTAPI function not implemented: __itt_heap_record
1624983 : 0xa61da89e202a1 : 2 : ittapi_config_apply_per_lib :  ITTAPI function not implemented: __itt_id_create
1624983 : 0xa61da89e209f3 : 2 : ittapi_config_apply_per_lib :  ITTAPI function not implemented: __itt_id_destroy
1624983 : 0xa61da89e21066 : 2 : ittapi_config_apply_per_lib :  ITTAPI function instrumented: __itt_get_timestamp
1624983 : 0xa61da89e22c27 : 2 : ittapi_config_apply_per_lib :  ITTAPI function not implemented: __itt_region_begin
1624983 : 0xa61da89e233ec : 2 : ittapi_config_apply_per_lib :  ITTAPI function not implemented: __itt_region_end
1624983 : 0xa61da89e23aee : 2 : ittapi_config_apply_per_lib :  ITTAPI function instrumented: __itt_frame_begin_v3
1624983 : 0xa61da89e24207 : 2 : ittapi_config_apply_per_lib :  ITTAPI function instrumented: __itt_frame_end_v3
1624983 : 0xa61da89e2489a : 2 : ittapi_config_apply_per_lib :  ITTAPI function instrumented: __itt_frame_submit_v3
1624983 : 0xa61da89e25018 : 2 : ittapi_config_apply_per_lib :  ITTAPI function not implemented: __itt_task_group
1624983 : 0xa61da89e25714 : 2 : ittapi_config_apply_per_lib :  ITTAPI function instrumented: __itt_task_begin
1624983 : 0xa61da89e25dcb : 2 : ittapi_config_apply_per_lib :  ITTAPI function instrumented: __itt_task_begin_fn
1624983 : 0xa61da89e2648d : 2 : ittapi_config_apply_per_lib :  ITTAPI function instrumented: __itt_task_end
1624983 : 0xa61da89e26c25 : 2 : ittapi_config_apply_per_lib :  ITTAPI function not implemented: __itt_counter_inc_v3
1624983 : 0xa61da89e2808f : 2 : ittapi_config_apply_per_lib :  ITTAPI function not implemented: __itt_counter_inc_delta_v3
1624983 : 0xa61da89e2880a : 2 : ittapi_config_apply_per_lib :  ITTAPI function not implemented: __itt_counter_dec_v3
1624983 : 0xa61da89e28f31 : 2 : ittapi_config_apply_per_lib :  ITTAPI function not implemented: __itt_counter_dec_delta_v3
1624983 : 0xa61da89e2965e : 2 : ittapi_config_apply_per_lib :  ITTAPI function not implemented: __itt_marker
1624983 : 0xa61da89e29ce5 : 2 : ittapi_config_apply_per_lib :  ITTAPI function instrumented: __itt_metadata_add
1624983 : 0xa61da89e2a454 : 2 : ittapi_config_apply_per_lib :  ITTAPI function not implemented: __itt_metadata_str_add
1624983 : 0xa61da89e2ab27 : 2 : ittapi_config_apply_per_lib :  ITTAPI function not implemented: __itt_relation_add_to_current
1624983 : 0xa61da89e2b282 : 2 : ittapi_config_apply_per_lib :  ITTAPI function not implemented: __itt_relation_add
1624983 : 0xa61da89e2b8e5 : 2 : ittapi_config_apply_per_lib :  ITTAPI function instrumented: __itt_event_create
1624983 : 0xa61da89e2bf96 : 2 : ittapi_config_apply_per_lib :  ITTAPI function instrumented: __itt_event_start
1624983 : 0xa61da89e2d272 : 2 : ittapi_config_apply_per_lib :  ITTAPI function instrumented: __itt_event_end
1624983 : 0xa61da89e2d62e : 2 : ittapi_config_apply_per_lib :  ITTAPI function NOT instrumented (not matched by --itt-config option): __itt_sync_set_name

1624983 : 0xa61da89e2d9f1 : 2 : ittapi_config_apply_per_lib :  ITTAPI function NOT instrumented (not matched by --itt-config option): __itt_notify_sync_name

1624983 : 0xa61da89e2dd7c : 2 : ittapi_config_apply_per_lib :  ITTAPI function NOT instrumented (not matched by --itt-config option): __itt_notify_sync_prepare

1624983 : 0xa61da89e2e0ff : 2 : ittapi_config_apply_per_lib :  ITTAPI function NOT instrumented (not matched by --itt-config option): __itt_notify_sync_cancel

1624983 : 0xa61da89e2e482 : 2 : ittapi_config_apply_per_lib :  ITTAPI function NOT instrumented (not matched by --itt-config option): __itt_notify_sync_acquired

1624983 : 0xa61da89e2e7fc : 2 : ittapi_config_apply_per_lib :  ITTAPI function NOT instrumented (not matched by --itt-config option): __itt_notify_sync_releasing

1624983 : 0xa61da89e2ef3e : 2 : ittapi_config_apply_per_lib :  ITTAPI function not implemented: __itt_memory_read
1624983 : 0xa61da89e2f65e : 2 : ittapi_config_apply_per_lib :  ITTAPI function not implemented: __itt_memory_write
1624983 : 0xa61da89e2fd36 : 2 : ittapi_config_apply_per_lib :  ITTAPI function not implemented: __itt_memory_update
1624983 : 0xa61da89e31212 : 2 : ittapi_config_apply_per_lib :  ITTAPI function not implemented: __itt_state_get
1624983 : 0xa61da89e31976 : 2 : ittapi_config_apply_per_lib :  ITTAPI function not implemented: __itt_state_set
1624983 : 0xa61da89e320d4 : 2 : ittapi_config_apply_per_lib :  ITTAPI function not implemented: __itt_obj_mode_set
1624983 : 0xa61da89e327f0 : 2 : ittapi_config_apply_per_lib :  ITTAPI function not implemented: __itt_thr_mode_set
1624983 : 0xa61da89e32e55 : 2 : ittapi_config_apply_per_lib :  ITTAPI function instrumented: __itt_frame_create
1624983 : 0xa61da89e334da : 2 : ittapi_config_apply_per_lib :  ITTAPI function instrumented: __itt_pt_region_create
1624983 : 0xa61da89e33b4d : 2 : ittapi_config_apply_per_lib :  ITTAPI function instrumented: __itt_frame_begin
1624983 : 0xa61da89e3421a : 2 : ittapi_config_apply_per_lib :  ITTAPI function instrumented: __itt_frame_end
1624983 : 0xa61da89e349a2 : 2 : ittapi_config_apply_per_lib :  ITTAPI function not implemented: __itt_counter_destroy
1624983 : 0xa61da89e35061 : 2 : ittapi_config_apply_per_lib :  ITTAPI function instrumented: __itt_counter_inc
1624983 : 0xa61da89e36bc4 : 2 : ittapi_config_apply_per_lib :  ITTAPI function instrumented: __itt_counter_inc_delta
1624983 : 0xa61da89e3725a : 2 : ittapi_config_apply_per_lib :  ITTAPI function instrumented: __itt_counter_dec
1624983 : 0xa61da89e3792e : 2 : ittapi_config_apply_per_lib :  ITTAPI function instrumented: __itt_counter_dec_delta
1624983 : 0xa61da89e37f87 : 2 : ittapi_config_apply_per_lib :  ITTAPI function instrumented: __itt_counter_set_value
1624983 : 0xa61da89e386e2 : 2 : ittapi_config_apply_per_lib :  ITTAPI function not implemented: __itt_counter_set_value_ex
1624983 : 0xa61da89e38dd1 : 2 : ittapi_config_apply_per_lib :  ITTAPI function not implemented: __itt_mark_create
1624983 : 0xa61da89e39569 : 2 : ittapi_config_apply_per_lib :  ITTAPI function not implemented: __itt_mark
1624983 : 0xa61da89e39cba : 2 : ittapi_config_apply_per_lib :  ITTAPI function not implemented: __itt_mark_off
1624983 : 0xa61da89e3a3b0 : 2 : ittapi_config_apply_per_lib :  ITTAPI function not implemented: __itt_mark_global
1624983 : 0xa61da89e3aa97 : 2 : ittapi_config_apply_per_lib :  ITTAPI function not implemented: __itt_mark_global_off
1624983 : 0xa61da89e3be7a : 2 : ittapi_config_apply_per_lib :  ITTAPI function instrumented: __itt_stack_caller_create
1624983 : 0xa61da89e3c595 : 2 : ittapi_config_apply_per_lib :  ITTAPI function instrumented: __itt_stack_caller_destroy
1624983 : 0xa61da89e3cc7d : 2 : ittapi_config_apply_per_lib :  ITTAPI function instrumented: __itt_stack_callee_enter
1624983 : 0xa61da89e3d2df : 2 : ittapi_config_apply_per_lib :  ITTAPI function instrumented: __itt_stack_callee_leave
1624983 : 0xa61da89e3da37 : 2 : ittapi_config_apply_per_lib :  ITTAPI function not implemented: __itt_clock_domain_create
1624983 : 0xa61da89e3e147 : 2 : ittapi_config_apply_per_lib :  ITTAPI function not implemented: __itt_clock_domain_reset
1624983 : 0xa61da89e3e852 : 2 : ittapi_config_apply_per_lib :  ITTAPI function not implemented: __itt_id_create_ex
1624983 : 0xa61da89e3ef91 : 2 : ittapi_config_apply_per_lib :  ITTAPI function not implemented: __itt_id_destroy_ex
1624983 : 0xa61da89e3f6d4 : 2 : ittapi_config_apply_per_lib :  ITTAPI function not implemented: __itt_task_begin_ex
1624983 : 0xa61da89e3fdc6 : 2 : ittapi_config_apply_per_lib :  ITTAPI function not implemented: __itt_task_begin_fn_ex
1624983 : 0xa61da89e41170 : 2 : ittapi_config_apply_per_lib :  ITTAPI function not implemented: __itt_task_end_ex
1624983 : 0xa61da89e4189c : 2 : ittapi_config_apply_per_lib :  ITTAPI function instrumented: __itt_task_begin_overlapped
1624983 : 0xa61da89e41fc8 : 2 : ittapi_config_apply_per_lib :  ITTAPI function not implemented: __itt_task_begin_overlapped_ex
1624983 : 0xa61da89e4268f : 2 : ittapi_config_apply_per_lib :  ITTAPI function instrumented: __itt_task_end_overlapped
1624983 : 0xa61da89e42de6 : 2 : ittapi_config_apply_per_lib :  ITTAPI function not implemented: __itt_task_end_overlapped_ex
1624983 : 0xa61da89e434ea : 2 : ittapi_config_apply_per_lib :  ITTAPI function not implemented: __itt_marker_ex
1624983 : 0xa61da89e43c38 : 2 : ittapi_config_apply_per_lib :  ITTAPI function not implemented: __itt_metadata_add_with_scope
1624983 : 0xa61da89e443b8 : 2 : ittapi_config_apply_per_lib :  ITTAPI function not implemented: __itt_metadata_str_add_with_scope
1624983 : 0xa61da89e44ac5 : 2 : ittapi_config_apply_per_lib :  ITTAPI function not implemented: __itt_relation_add_to_current_ex
1624983 : 0xa61da89e451ab : 2 : ittapi_config_apply_per_lib :  ITTAPI function not implemented: __itt_relation_add_ex
1624983 : 0xa61da89e46ec9 : 2 : ittapi_config_apply_per_lib :  ITTAPI function not implemented: __itt_track_group_create
1624983 : 0xa61da89e475f0 : 2 : ittapi_config_apply_per_lib :  ITTAPI function not implemented: __itt_track_create
1624983 : 0xa61da89e47d13 : 2 : ittapi_config_apply_per_lib :  ITTAPI function not implemented: __itt_set_track
1624983 : 0xa61da89e483a6 : 2 : ittapi_config_apply_per_lib :  ITTAPI function instrumented: __itt_api_version
1624983 : 0xa61da89e48acb : 2 : ittapi_config_apply_per_lib :  ITTAPI function not implemented: __itt_av_save
1624983 : 0xa61da89e49173 : 2 : ittapi_config_apply_per_lib :  ITTAPI function instrumented: __itt_module_load
1624983 : 0xa61da89e498bc : 2 : ittapi_config_apply_per_lib :  ITTAPI function not implemented: __itt_module_unload