
1531150 : 0xa781ada709b72 : 1 : spill_jit_data :  Jit agent is not initialized
1531134 : 0xa781ada70c69b : 2 : ittapi_config_mask_get :  --itt-config mask to be applied: 55
1531134 : 0xa781ada70e2ab : 2 : ittapi_config_apply_per_lib :  ITTAPI function instrumented: __itt_domain_create
1531134 : 0xa781ada70eb81 : 2 : ittapi_config_apply_per_lib :  ITTAPI function instrumented: __itt_module_load_with_sections
1531134 : 0xa781ada70f976 : 2 : ittapi_config_apply_per_lib :  ITTAPI function not implemented: __itt_module_unload_with_sections
1531134 : 0xa781ada7101cf : 2 : ittapi_config_apply_per_lib :  ITTAPI function instrumented: __itt_string_handle_create
1531134 : 0xa781ada7108bf : 2 : ittapi_config_apply_per_lib :  ITTAPI function instrumented: __itt_counter_create
1531134 : 0xa781ada710ef1 : 2 : ittapi_config_apply_per_lib :  ITTAPI function instrumented: __itt_counter_create_typed
1531134 : 0xa781ada711752 : 2 : ittapi_config_apply_per_lib :  ITTAPI function instrumented: __itt_pause
1531134 : 0xa781ada711e46 : 2 : ittapi_config_apply_per_lib :  ITTAPI function instrumented: __itt_resume
1531134 : 0xa781ada717a96 : 2 : ittapi_config_apply_per_lib :  ITTAPI function instrumented: __itt_thread_set_name
1531134 : 0xa781ada718252 : 2 : ittapi_config_apply_per_lib :  ITTAPI function instrumented: __itt_thread_ignore
1531134 : 0xa781ada718940 : 2 : ittapi_config_apply_per_lib :  ITTAPI function instrumented: __itt_thr_name_set
1531134 : 0xa781ada718ff4 : 2 : ittapi_config_apply_per_lib :  ITTAPI function instrumented: __itt_thr_ignore
1531134 : 0xa781ada719a11 : 2 : ittapi_config_apply_per_lib :  ITTAPI function not implemented: __itt_enable_attach
1531134 : 0xa781ada71a16b : 2 : ittapi_config_apply_per_lib :  ITTAPI function instrumented: __itt_detach
1531134 : 0xa781ada71a51c : 2 : ittapi_config_apply_per_lib :  ITTAPI function NOT instrumented (not matched by --itt-config option): __itt_sync_create

1531134 : 0xa781ada71a9e4 : 2 : ittapi_config_apply_per_lib :  ITTAPI function NOT instrumented (not matched by --itt-config option): __itt_sync_rename

1531134 : 0xa781ada71adbe : 2 : ittapi_config_apply_per_lib :  ITTAPI function NOT instrumented (not matched by --itt-config option): __itt_sync_destroy

1531134 : 0xa781ada71b1d1 : 2 : ittapi_config_apply_per_lib :  ITTAPI function NOT instrumented (not matched by --itt-config option): __itt_sync_prepare

1531134 : 0xa781ada71c56d : 2 : ittapi_config_apply_per_lib :  ITTAPI function NOT instrumented (not matched by --itt-config option): __itt_sync_cancel

1531134 : 0xa781ada71c980 : 2 : ittapi_config_apply_per_lib :  ITTAPI function NOT instrumented (not matched by --itt-config option): __itt_sync_acquired

1531134 : 0xa781ada71ccd8 : 2 : ittapi_config_apply_per_lib :  ITTAPI function NOT instrumented (not matched by --itt-config option): __itt_sync_releasing

1531134 : 0xa781ada71d58f : 2 : ittapi_config_apply_per_lib :  ITTAPI function not implemented: __itt_suppress_push
1531134 : 0xa781ada71de1f : 2 : ittapi_config_apply_per_lib :  ITTAPI function not implemented: __itt_suppress_pop
1531134 : 0xa781ada71e564 : 2 : ittapi_config_apply_per_lib :  ITTAPI function not implemented: __itt_suppress_mark_range
1531134 : 0xa781ada71ed3a : 2 : ittapi_config_apply_per_lib :  ITTAPI function not implemented: __itt_suppress_clear_range
1531134 : 0xa781ada71f0ac : 2 : ittapi_config_apply_per_lib :  ITTAPI function NOT instrumented (not matched by --itt-config option): __itt_sync_prepare

1531134 : 0xa781ada71f444 : 2 : ittapi_config_apply_per_lib :  ITTAPI function NOT instrumented (not matched by --itt-config option): __itt_sync_cancel

1531134 : 0xa781ada71f79a : 2 : ittapi_config_apply_per_lib :  ITTAPI function NOT instrumented (not matched by --itt-config option): __itt_sync_acquired

1531134 : 0xa781ada720717 : 2 : ittapi_config_apply_per_lib :  ITTAPI function NOT instrumented (not matched by --itt-config option): __itt_sync_releasing

1531134 : 0xa781ada720b38 : 2 : ittapi_config_apply_per_lib :  ITTAPI function NOT instrumented (not matched by --itt-config option): __itt_model_site_begin

1531134 : 0xa781ada720eef : 2 : ittapi_config_apply_per_lib :  ITTAPI function NOT instrumented (not matched by --itt-config option): __itt_model_site_end

1531134 : 0xa781ada721274 : 2 : ittapi_config_apply_per_lib :  ITTAPI function NOT instrumented (not matched by --itt-config option): __itt_model_task_begin

1531134 : 0xa781ada7215c9 : 2 : ittapi_config_apply_per_lib :  ITTAPI function NOT instrumented (not matched by --itt-config option): __itt_model_task_end

1531134 : 0xa781ada721933 : 2 : ittapi_config_apply_per_lib :  ITTAPI function NOT instrumented (not matched by --itt-config option): __itt_model_lock_acquire

1531134 : 0xa781ada721d06 : 2 : ittapi_config_apply_per_lib :  ITTAPI function NOT instrumented (not matched by --itt-config option): __itt_model_lock_release

1531134 : 0xa781ada722070 : 2 : ittapi_config_apply_per_lib :  ITTAPI function NOT instrumented (not matched by --itt-config option): __itt_model_record_allocation

1531134 : 0xa781ada7223aa : 2 : ittapi_config_apply_per_lib :  ITTAPI function NOT instrumented (not matched by --itt-config option): __itt_model_record_deallocation

1531134 : 0xa781ada7226d2 : 2 : ittapi_config_apply_per_lib :  ITTAPI function NOT instrumented (not matched by --itt-config option): __itt_model_induction_uses

1531134 : 0xa781ada72471a : 2 : ittapi_config_apply_per_lib :  ITTAPI function NOT instrumented (not matched by --itt-config option): __itt_model_reduction_uses

1531134 : 0xa781ada724b08 : 2 : ittapi_config_apply_per_lib :  ITTAPI function NOT instrumented (not matched by --itt-config option): __itt_model_observe_uses

1531134 : 0xa781ada724e90 : 2 : ittapi_config_apply_per_lib :  ITTAPI function NOT instrumented (not matched by --itt-config option): __itt_model_clear_uses

1531134 : 0xa781ada7251fe : 2 : ittapi_config_apply_per_lib :  ITTAPI function NOT instrumented (not matched by --itt-config option): __itt_model_site_beginA

1531134 : 0xa781ada725597 : 2 : ittapi_config_apply_per_lib :  ITTAPI function NOT instrumented (not matched by --itt-config option): __itt_model_site_beginAL

1531134 : 0xa781ada7258e8 : 2 : ittapi_config_apply_per_lib :  ITTAPI function NOT instrumented (not matched by --itt-config option): __itt_model_task_beginA

1531134 : 0xa781ada725c55 : 2 : ittapi_config_apply_per_lib :  ITTAPI function NOT instrumented (not matched by --itt-config option): __itt_model_task_beginAL

1531134 : 0xa781ada725fad : 2 : ittapi_config_apply_per_lib :  ITTAPI function NOT instrumented (not matched by --itt-config option): __itt_model_iteration_taskA

1531134 : 0xa781ada7262ec : 2 : ittapi_config_apply_per_lib :  ITTAPI function NOT instrumented (not matched by --itt-config option): __itt_model_iteration_taskAL

1531134 : 0xa781ada726628 : 2 : ittapi_config_apply_per_lib :  ITTAPI function NOT instrumented (not matched by --itt-config option): __itt_model_site_end_2

1531134 : 0xa781ada7275f8 : 2 : ittapi_config_apply_per_lib :  ITTAPI function NOT instrumented (not matched by --itt-config option): __itt_model_task_end_2

1531134 : 0xa781ada72795e : 2 : ittapi_config_apply_per_lib :  ITTAPI function NOT instrumented (not matched by --itt-config option): __itt_model_lock_acquire_2

1531134 : 0xa781ada727d04 : 2 : ittapi_config_apply_per_lib :  ITTAPI function NOT instrumented (not matched by --itt-config option): __itt_model_lock_release_2

1531134 : 0xa781ada728073 : 2 : ittapi_config_apply_per_lib :  ITTAPI function NOT instrumented (not matched by --itt-config option): __itt_model_aggregate_task

1531134 : 0xa781ada7283d4 : 2 : ittapi_config_apply_per_lib :  ITTAPI function NOT instrumented (not matched by --itt-config option): __itt_model_disable_push

1531134 : 0xa781ada72870b : 2 : ittapi_config_apply_per_lib :  ITTAPI function NOT instrumented (not matched by --itt-config option): __itt_model_disable_pop

1531134 : 0xa781ada728e21 : 2 : ittapi_config_apply_per_lib :  ITTAPI function instrumented: __itt_heap_function_create
1531134 : 0xa781ada72952f : 2 : ittapi_config_apply_per_lib :  ITTAPI function instrumented: __itt_heap_allocate_begin
1531134 : 0xa781ada729bbc : 2 : ittapi_config_apply_per_lib :  ITTAPI function instrumented: __itt_heap_allocate_end
1531134 : 0xa781ada72a3fb : 2 : ittapi_config_apply_per_lib :  ITTAPI function instrumented: __itt_heap_free_begin
1531134 : 0xa781ada72beca : 2 : ittapi_config_apply_per_lib :  ITTAPI function instrumented: __itt_heap_free_end
1531134 : 0xa781ada72c5b2 : 2 : ittapi_config_apply_per_lib :  ITTAPI function instrumented: __itt_heap_reallocate_begin
1531134 : 0xa781ada72cc15 : 2 : ittapi_config_apply_per_lib :  ITTAPI function instrumented: __itt_heap_reallocate_end
1531134 : 0xa781ada72d43c : 2 : ittapi_config_apply_per_lib :  ITTAPI function not implemented: __itt_heap_internal_access_begin
1531134 : 0xa781ada72db7b : 2 : ittapi_config_apply_per_lib :  ITTAPI function not implemented: __itt_heap_internal_access_end
1531134 : 0xa781ada72e33a : 2 : ittapi_config_apply_per_lib :  ITTAPI function not implemented: __itt_heap_record_memory_growth_begin
1531134 : 0xa781ada72ea92 : 2 : ittapi_config_apply_per_lib :  ITTAPI function not implemented: __itt_heap_record_memory_growth_end
1531134 : 0xa781ada72f295 : 2 : ittapi_config_apply_per_lib :  ITTAPI function not implemented: __itt_heap_reset_detection
1531134 : 0xa781ada72fa4d : 2 : ittapi_config_apply_per_lib :  ITTAPI function not implemented: __itt_heap_record
1531134 : 0xa781ada7301a4 : 2 : ittapi_config_apply_per_lib :  ITTAPI function not implemented: __itt_id_create
1531134 : 0xa781ada73155a : 2 : ittapi_config_apply_per_lib :  ITTAPI function not implemented: __itt_id_destroy
1531134 : 0xa781ada731bf3 : 2 : ittapi_config_apply_per_lib :  ITTAPI function instrumented: __itt_get_timestamp
1531134 : 0xa781ada7322d9 : 2 : ittapi_config_apply_per_lib :  ITTAPI function not implemented: __itt_region_begin
1531134 : 0xa781ada732a68 : 2 : ittapi_config_apply_per_lib :  ITTAPI function not implemented: __itt_region_end
1531134 : 0xa781ada73315e : 2 : ittapi_config_apply_per_lib :  ITTAPI function instrumented: __itt_frame_begin_v3
1531134 : 0xa781ada7338e1 : 2 : ittapi_config_apply_per_lib :  ITTAPI function instrumented: __itt_frame_end_v3
1531134 : 0xa781ada733f8a : 2 : ittapi_config_apply_per_lib :  ITTAPI function instrumented: __itt_frame_submit_v3
1531134 : 0xa781ada7346fa : 2 : ittapi_config_apply_per_lib :  ITTAPI function not implemented: __itt_task_group
1531134 : 0xa781ada734deb : 2 : ittapi_config_apply_per_lib :  ITTAPI function instrumented: __itt_task_begin
1531134 : 0xa781ada7354a2 : 2 : ittapi_config_apply_per_lib :  ITTAPI function instrumented: __itt_task_begin_fn
1531134 : 0xa781ada73676b : 2 : ittapi_config_apply_per_lib :  ITTAPI function instrumented: __itt_task_end
1531134 : 0xa781ada736f27 : 2 : ittapi_config_apply_per_lib :  ITTAPI function not implemented: __itt_counter_inc_v3
1531134 : 0xa781ada7376d6 : 2 : ittapi_config_apply_per_lib :  ITTAPI function not implemented: __itt_counter_inc_delta_v3
1531134 : 0xa781ada737ea6 : 2 : ittapi_config_apply_per_lib :  ITTAPI function not implemented: __itt_counter_dec_v3
1531134 : 0xa781ada7385e2 : 2 : ittapi_config_apply_per_lib :  ITTAPI function not implemented: __itt_counter_dec_delta_v3
1531134 : 0xa781ada738d2c : 2 : ittapi_config_apply_per_lib :  ITTAPI function not implemented: __itt_marker
1531134 : 0xa781ada7393c0 : 2 : ittapi_config_apply_per_lib :  ITTAPI function instrumented: __itt_metadata_add
1531134 : 0xa781ada739b45 : 2 : ittapi_config_apply_per_lib :  ITTAPI function not implemented: __itt_metadata_str_add
1531134 : 0xa781ada73a22f : 2 : ittapi_config_apply_per_lib :  ITTAPI function not implemented: __itt_relation_add_to_current
1531134 : 0xa781ada73a96d : 2 : ittapi_config_apply_per_lib :  ITTAPI function not implemented: __itt_relation_add
1531134 : 0xa781ada73bbec : 2 : ittapi_config_apply_per_lib :  ITTAPI function instrumented: __itt_event_create
1531134 : 0xa781ada73c30d : 2 : ittapi_config_apply_per_lib :  ITTAPI function instrumented: __itt_event_start
1531134 : 0xa781ada73c9ad : 2 : ittapi_config_apply_per_lib :  ITTAPI function instrumented: __itt_event_end
1531134 : 0xa781ada73cd1f : 2 : ittapi_config_apply_per_lib :  ITTAPI function NOT instrumented (not matched by --itt-config option): __itt_sync_set_name

1531134 : 0xa781ada73d0d3 : 2 : ittapi_config_apply_per_lib :  ITTAPI function NOT instrumented (not matched by --itt-config option): __itt_notify_sync_name

1531134 : 0xa781ada73d471 : 2 : ittapi_config_apply_per_lib :  ITTAPI function NOT instrumented (not matched by --itt-config option): __itt_notify_sync_prepare

1531134 : 0xa781ada73d809 : 2 : ittapi_config_apply_per_lib :  ITTAPI function NOT instrumented (not matched by --itt-config option): __itt_notify_sync_cancel

1531134 : 0xa781ada73db68 : 2 : ittapi_config_apply_per_lib :  ITTAPI function NOT instrumented (not matched by --itt-config option): __itt_notify_sync_acquired

1531134 : 0xa781ada73deca : 2 : ittapi_config_apply_per_lib :  ITTAPI function NOT instrumented (not matched by --itt-config option): __itt_notify_sync_releasing

1531134 : 0xa781ada73e63a : 2 : ittapi_config_apply_per_lib :  ITTAPI function not implemented: __itt_memory_read
1531134 : 0xa781ada740164 : 2 : ittapi_config_apply_per_lib :  ITTAPI function not implemented: __itt_memory_write
1531134 : 0xa781ada740884 : 2 : ittapi_config_apply_per_lib :  ITTAPI function not implemented: __itt_memory_update
1531134 : 0xa781ada741021 : 2 : ittapi_config_apply_per_lib :  ITTAPI function not implemented: __itt_state_get
1531134 : 0xa781ada7416fd : 2 : ittapi_config_apply_per_lib :  ITTAPI function not implemented: __itt_state_set
1531134 : 0xa781ada741e5e : 2 : ittapi_config_apply_per_lib :  ITTAPI function not implemented: __itt_obj_mode_set
1531134 : 0xa781ada742587 : 2 : ittapi_config_apply_per_lib :  ITTAPI function not implemented: __itt_thr_mode_set
1531134 : 0xa781ada742beb : 2 : ittapi_config_apply_per_lib :  ITTAPI function instrumented: __itt_frame_create
1531134 : 0xa781ada74322c : 2 : ittapi_config_apply_per_lib :  ITTAPI function instrumented: __itt_pt_region_create
1531134 : 0xa781ada7438b9 : 2 : ittapi_config_apply_per_lib :  ITTAPI function instrumented: __itt_frame_begin
1531134 : 0xa781ada743f8b : 2 : ittapi_config_apply_per_lib :  ITTAPI function instrumented: __itt_frame_end
1531134 : 0xa781ada745364 : 2 : ittapi_config_apply_per_lib :  ITTAPI function not implemented: __itt_counter_destroy
1531134 : 0xa781ada745a02 : 2 : ittapi_config_apply_per_lib :  ITTAPI function instrumented: __itt_counter_inc
1531134 : 0xa781ada7460a2 : 2 : ittapi_config_apply_per_lib :  ITTAPI function instrumented: __itt_counter_inc_delta
1531134 : 0xa781ada7466e0 : 2 : ittapi_config_apply_per_lib :  ITTAPI function instrumented: __itt_counter_dec
1531134 : 0xa781ada746d87 : 2 : ittapi_config_apply_per_lib :  ITTAPI function instrumented: __itt_counter_dec_delta
1531134 : 0xa781ada7473ef : 2 : ittapi_config_apply_per_lib :  ITTAPI function instrumented: __itt_counter_set_value
1531134 : 0xa781ada747b22 : 2 : ittapi_config_apply_per_lib :  ITTAPI function not implemented: __itt_counter_set_value_ex
1531134 : 0xa781ada748209 : 2 : ittapi_config_apply_per_lib :  ITTAPI function not implemented: __itt_mark_create
1531134 : 0xa781ada74894c : 2 : ittapi_config_apply_per_lib :  ITTAPI function not implemented: __itt_mark
1531134 : 0xa781ada7490da : 2 : ittapi_config_apply_per_lib :  ITTAPI function not implemented: __itt_mark_off
1531134 : 0xa781ada74a403 : 2 : ittapi_config_apply_per_lib :  ITTAPI function not implemented: __itt_mark_global
1531134 : 0xa781ada74ab47 : 2 : ittapi_config_apply_per_lib :  ITTAPI function not implemented: __itt_mark_global_off
1531134 : 0xa781ada74b28b : 2 : ittapi_config_apply_per_lib :  ITTAPI function instrumented: __itt_stack_caller_create
1531134 : 0xa781ada74b987 : 2 : ittapi_config_apply_per_lib :  ITTAPI function instrumented: __itt_stack_caller_destroy
1531134 : 0xa781ada74c053 : 2 : ittapi_config_apply_per_lib :  ITTAPI function instrumented: __itt_stack_callee_enter
1531134 : 0xa781ada74c67a : 2 : ittapi_config_apply_per_lib :  ITTAPI function instrumented: __itt_stack_callee_leave
1531134 : 0xa781ada74cde4 : 2 : ittapi_config_apply_per_lib :  ITTAPI function not implemented: __itt_clock_domain_create
1531134 : 0xa781ada74d52e : 2 : ittapi_config_apply_per_lib :  ITTAPI function not implemented: __itt_clock_domain_reset
1531134 : 0xa781ada74dc5c : 2 : ittapi_config_apply_per_lib :  ITTAPI function not implemented: __itt_id_create_ex
1531134 : 0xa781ada74e3aa : 2 : ittapi_config_apply_per_lib :  ITTAPI function not implemented: __itt_id_destroy_ex
1531134 : 0xa781ada75015d : 2 : ittapi_config_apply_per_lib :  ITTAPI function not implemented: __itt_task_begin_ex
1531134 : 0xa781ada75088b : 2 : ittapi_config_apply_per_lib :  ITTAPI function not implemented: __itt_task_begin_fn_ex
1531134 : 0xa781ada750fc1 : 2 : ittapi_config_apply_per_lib :  ITTAPI function not implemented: __itt_task_end_ex
1531134 : 0xa781ada7516c0 : 2 : ittapi_config_apply_per_lib :  ITTAPI function instrumented: __itt_task_begin_overlapped
1531134 : 0xa781ada751df7 : 2 : ittapi_config_apply_per_lib :  ITTAPI function not implemented: __itt_task_begin_overlapped_ex
1531134 : 0xa781ada75249c : 2 : ittapi_config_apply_per_lib :  ITTAPI function instrumented: __itt_task_end_overlapped
1531134 : 0xa781ada752bf2 : 2 : ittapi_config_apply_per_lib :  ITTAPI function not implemented: __itt_task_end_overlapped_ex
1531134 : 0xa781ada75333a : 2 : ittapi_config_apply_per_lib :  ITTAPI function not implemented: __itt_marker_ex
1531134 : 0xa781ada753ad8 : 2 : ittapi_config_apply_per_lib :  ITTAPI function not implemented: __itt_metadata_add_with_scope
1531134 : 0xa781ada754284 : 2 : ittapi_config_apply_per_lib :  ITTAPI function not implemented: __itt_metadata_str_add_with_scope
1531134 : 0xa781ada755652 : 2 : ittapi_config_apply_per_lib :  ITTAPI function not implemented: __itt_relation_add_to_current_ex
1531134 : 0xa781ada755d73 : 2 : ittapi_config_apply_per_lib :  ITTAPI function not implemented: __itt_relation_add_ex
1531134 : 0xa781ada75653f : 2 : ittapi_config_apply_per_lib :  ITTAPI function not implemented: __itt_track_group_create
1531134 : 0xa781ada756c48 : 2 : ittapi_config_apply_per_lib :  ITTAPI function not implemented: __itt_track_create
1531134 : 0xa781ada757358 : 2 : ittapi_config_apply_per_lib :  ITTAPI function not implemented: __itt_set_track
1531134 : 0xa781ada757a0c : 2 : ittapi_config_apply_per_lib :  ITTAPI function instrumented: __itt_api_version
1531134 : 0xa781ada758119 : 2 : ittapi_config_apply_per_lib :  ITTAPI function not implemented: __itt_av_save
1531134 : 0xa781ada7587c5 : 2 : ittapi_config_apply_per_lib :  ITTAPI function instrumented: __itt_module_load
1531134 : 0xa781ada758f47 : 2 : ittapi_config_apply_per_lib :  ITTAPI function not implemented: __itt_module_unload
1531134 : 0xa781ada79e755 : 2 : ittapi_config_mask_get :  --itt-config mask to be applied: 55
1531134 : 0xa781ada7a06a8 : 2 : ittapi_config_apply_per_lib :  ITTAPI function instrumented: __itt_domain_create
1531134 : 0xa781ada7a0e83 : 2 : ittapi_config_apply_per_lib :  ITTAPI function instrumented: __itt_module_load_with_sections
1531134 : 0xa781ada7a1786 : 2 : ittapi_config_apply_per_lib :  ITTAPI function not implemented: __itt_module_unload_with_sections
1531134 : 0xa781ada7a1efc : 2 : ittapi_config_apply_per_lib :  ITTAPI function instrumented: __itt_string_handle_create
1531134 : 0xa781ada7a259c : 2 : ittapi_config_apply_per_lib :  ITTAPI function instrumented: __itt_counter_create
1531134 : 0xa781ada7a2bcb : 2 : ittapi_config_apply_per_lib :  ITTAPI function instrumented: __itt_counter_create_typed
1531134 : 0xa781ada7a32b7 : 2 : ittapi_config_apply_per_lib :  ITTAPI function instrumented: __itt_pause
1531134 : 0xa781ada7a3962 : 2 : ittapi_config_apply_per_lib :  ITTAPI function instrumented: __itt_resume
1531134 : 0xa781ada7a3f5b : 2 : ittapi_config_apply_per_lib :  ITTAPI function instrumented: __itt_thread_set_name
1531134 : 0xa781ada7a46af : 2 : ittapi_config_apply_per_lib :  ITTAPI function instrumented: __itt_thread_ignore
1531134 : 0xa781ada7a5a76 : 2 : ittapi_config_apply_per_lib :  ITTAPI function instrumented: __itt_thr_name_set
1531134 : 0xa781ada7a6144 : 2 : ittapi_config_apply_per_lib :  ITTAPI function instrumented: __itt_thr_ignore
1531134 : 0xa781ada7a6947 : 2 : ittapi_config_apply_per_lib :  ITTAPI function not implemented: __itt_enable_attach
1531134 : 0xa781ada7a6fdf : 2 : ittapi_config_apply_per_lib :  ITTAPI function instrumented: __itt_detach
1531134 : 0xa781ada7a7391 : 2 : ittapi_config_apply_per_lib :  ITTAPI function NOT instrumented (not matched by --itt-config option): __itt_sync_create

1531134 : 0xa781ada7a7743 : 2 : ittapi_config_apply_per_lib :  ITTAPI function NOT instrumented (not matched by --itt-config option): __itt_sync_rename

1531134 : 0xa781ada7a7aca : 2 : ittapi_config_apply_per_lib :  ITTAPI function NOT instrumented (not matched by --itt-config option): __itt_sync_destroy

1531134 : 0xa781ada7a7e83 : 2 : ittapi_config_apply_per_lib :  ITTAPI function NOT instrumented (not matched by --itt-config option): __itt_sync_prepare

1531134 : 0xa781ada7a81ff : 2 : ittapi_config_apply_per_lib :  ITTAPI function NOT instrumented (not matched by --itt-config option): __itt_sync_cancel

1531134 : 0xa781ada7a855a : 2 : ittapi_config_apply_per_lib :  ITTAPI function NOT instrumented (not matched by --itt-config option): __itt_sync_acquired

1531134 : 0xa781ada7a9f9c : 2 : ittapi_config_apply_per_lib :  ITTAPI function NOT instrumented (not matched by --itt-config option): __itt_sync_releasing

1531134 : 0xa781ada7aa807 : 2 : ittapi_config_apply_per_lib :  ITTAPI function not implemented: __itt_suppress_push
1531134 : 0xa781ada7ab02f : 2 : ittapi_config_apply_per_lib :  ITTAPI function not implemented: __itt_suppress_pop
1531134 : 0xa781ada7ab786 : 2 : ittapi_config_apply_per_lib :  ITTAPI function not implemented: __itt_suppress_mark_range
1531134 : 0xa781ada7abf21 : 2 : ittapi_config_apply_per_lib :  ITTAPI function not implemented: __itt_suppress_clear_range
1531134 : 0xa781ada7ac2ae : 2 : ittapi_config_apply_per_lib :  ITTAPI function NOT instrumented (not matched by --itt-config option): __itt_sync_prepare

1531134 : 0xa781ada7ac630 : 2 : ittapi_config_apply_per_lib :  ITTAPI function NOT instrumented (not matched by --itt-config option): __itt_sync_cancel

1531134 : 0xa781ada7ac993 : 2 : ittapi_config_apply_per_lib :  ITTAPI function NOT instrumented (not matched by --itt-config option): __itt_sync_acquired

1531134 : 0xa781ada7acce1 : 2 : ittapi_config_apply_per_lib :  ITTAPI function NOT instrumented (not matched by --itt-config option): __itt_sync_releasing

1531134 : 0xa781ada7ad0d5 : 2 : ittapi_config_apply_per_lib :  ITTAPI function NOT instrumented (not matched by --itt-config option): __itt_model_site_begin

1531134 : 0xa781ada7ae063 : 2 : ittapi_config_apply_per_lib :  ITTAPI function NOT instrumented (not matched by --itt-config option): __itt_model_site_end

1531134 : 0xa781ada7ae41f : 2 : ittapi_config_apply_per_lib :  ITTAPI function NOT instrumented (not matched by --itt-config option): __itt_model_task_begin

1531134 : 0xa781ada7ae776 : 2 : ittapi_config_apply_per_lib :  ITTAPI function NOT instrumented (not matched by --itt-config option): __itt_model_task_end

1531134 : 0xa781ada7aeae4 : 2 : ittapi_config_apply_per_lib :  ITTAPI function NOT instrumented (not matched by --itt-config option): __itt_model_lock_acquire

1531134 : 0xa781ada7aee98 : 2 : ittapi_config_apply_per_lib :  ITTAPI function NOT instrumented (not matched by --itt-config option): __itt_model_lock_release

1531134 : 0xa781ada7af1eb : 2 : ittapi_config_apply_per_lib :  ITTAPI function NOT instrumented (not matched by --itt-config option): __itt_model_record_allocation

1531134 : 0xa781ada7af536 : 2 : ittapi_config_apply_per_lib :  ITTAPI function NOT instrumented (not matched by --itt-config option): __itt_model_record_deallocation

1531134 : 0xa781ada7af8a2 : 2 : ittapi_config_apply_per_lib :  ITTAPI function NOT instrumented (not matched by --itt-config option): __itt_model_induction_uses

1531134 : 0xa781ada7afc09 : 2 : ittapi_config_apply_per_lib :  ITTAPI function NOT instrumented (not matched by --itt-config option): __itt_model_reduction_uses

1531134 : 0xa781ada7b1023 : 2 : ittapi_config_apply_per_lib :  ITTAPI function NOT instrumented (not matched by --itt-config option): __itt_model_observe_uses

1531134 : 0xa781ada7b304a : 2 : ittapi_config_apply_per_lib :  ITTAPI function NOT instrumented (not matched by --itt-config option): __itt_model_clear_uses

1531134 : 0xa781ada7b3430 : 2 : ittapi_config_apply_per_lib :  ITTAPI function NOT instrumented (not matched by --itt-config option): __itt_model_site_beginA

1531134 : 0xa781ada7b37a0 : 2 : ittapi_config_apply_per_lib :  ITTAPI function NOT instrumented (not matched by --itt-config option): __itt_model_site_beginAL

1531134 : 0xa781ada7b3aef : 2 : ittapi_config_apply_per_lib :  ITTAPI function NOT instrumented (not matched by --itt-config option): __itt_model_task_beginA

1531134 : 0xa781ada7b3e4c : 2 : ittapi_config_apply_per_lib :  ITTAPI function NOT instrumented (not matched by --itt-config option): __itt_model_task_beginAL

1531134 : 0xa781ada7b41d3 : 2 : ittapi_config_apply_per_lib :  ITTAPI function NOT instrumented (not matched by --itt-config option): __itt_model_iteration_taskA

1531134 : 0xa781ada7b451f : 2 : ittapi_config_apply_per_lib :  ITTAPI function NOT instrumented (not matched by --itt-config option): __itt_model_iteration_taskAL

1531134 : 0xa781ada7b4853 : 2 : ittapi_config_apply_per_lib :  ITTAPI function NOT instrumented (not matched by --itt-config option): __itt_model_site_end_2

1531134 : 0xa781ada7b4bc1 : 2 : ittapi_config_apply_per_lib :  ITTAPI function NOT instrumented (not matched by --itt-config option): __itt_model_task_end_2

1531134 : 0xa781ada7b4eee : 2 : ittapi_config_apply_per_lib :  ITTAPI function NOT instrumented (not matched by --itt-config option): __itt_model_lock_acquire_2

1531134 : 0xa781ada7b5df2 : 2 : ittapi_config_apply_per_lib :  ITTAPI function NOT instrumented (not matched by --itt-config option): __itt_model_lock_release_2

1531134 : 0xa781ada7b6188 : 2 : ittapi_config_apply_per_lib :  ITTAPI function NOT instrumented (not matched by --itt-config option): __itt_model_aggregate_task

1531134 : 0xa781ada7b64d6 : 2 : ittapi_config_apply_per_lib :  ITTAPI function NOT instrumented (not matched by --itt-config option): __itt_model_disable_push

1531134 : 0xa781ada7b681a : 2 : ittapi_config_apply_per_lib :  ITTAPI function NOT instrumented (not matched by --itt-config option): __itt_model_disable_pop

1531134 : 0xa781ada7b6f65 : 2 : ittapi_config_apply_per_lib :  ITTAPI function instrumented: __itt_heap_function_create
1531134 : 0xa781ada7b7671 : 2 : ittapi_config_apply_per_lib :  ITTAPI function instrumented: __itt_heap_allocate_begin
1531134 : 0xa781ada7b7cb5 : 2 : ittapi_config_apply_per_lib :  ITTAPI function instrumented: __itt_heap_allocate_end
1531134 : 0xa781ada7b8379 : 2 : ittapi_config_apply_per_lib :  ITTAPI function instrumented: __itt_heap_free_begin
1531134 : 0xa781ada7b89df : 2 : ittapi_config_apply_per_lib :  ITTAPI function instrumented: __itt_heap_free_end
1531134 : 0xa781ada7b9095 : 2 : ittapi_config_apply_per_lib :  ITTAPI function instrumented: __itt_heap_reallocate_begin
1531134 : 0xa781ada7ba572 : 2 : ittapi_config_apply_per_lib :  ITTAPI function instrumented: __itt_heap_reallocate_end
1531134 : 0xa781ada7bad75 : 2 : ittapi_config_apply_per_lib :  ITTAPI function not implemented: __itt_heap_internal_access_begin
1531134 : 0xa781ada7bb4c5 : 2 : ittapi_config_apply_per_lib :  ITTAPI function not implemented: __itt_heap_internal_access_end
1531134 : 0xa781ada7bbc39 : 2 : ittapi_config_apply_per_lib :  ITTAPI function not implemented: __itt_heap_record_memory_growth_begin
1531134 : 0xa781ada7bc3c4 : 2 : ittapi_config_apply_per_lib :  ITTAPI function not implemented: __itt_heap_record_memory_growth_end
1531134 : 0xa781ada7bcafb : 2 : ittapi_config_apply_per_lib :  ITTAPI function not implemented: __itt_heap_reset_detection
1531134 : 0xa781ada7bd28b : 2 : ittapi_config_apply_per_lib :  ITTAPI function not implemented: __itt_heap_record
1531134 : 0xa781ada7bd9c2 : 2 : ittapi_config_apply_per_lib :  ITTAPI function not implemented: __itt_id_create
1531134 : 0xa781ada7be12d : 2 : ittapi_config_apply_per_lib :  ITTAPI function not implemented: __itt_id_destroy
1531134 : 0xa781ada7be7d8 : 2 : ittapi_config_apply_per_lib :  ITTAPI function instrumented: __itt_get_timestamp
1531134 : 0xa781ada7c03e7 : 2 : ittapi_config_apply_per_lib :  ITTAPI function not implemented: __itt_region_begin
1531134 : 0xa781ada7c0b9e : 2 : ittapi_config_apply_per_lib :  ITTAPI function not implemented: __itt_region_end
1531134 : 0xa781ada7c124b : 2 : ittapi_config_apply_per_lib :  ITTAPI function instrumented: __itt_frame_begin_v3
1531134 : 0xa781ada7c191a : 2 : ittapi_config_apply_per_lib :  ITTAPI function instrumented: __itt_frame_end_v3
1531134 : 0xa781ada7c1ff0 : 2 : ittapi_config_apply_per_lib :  ITTAPI function instrumented: __itt_frame_submit_v3
1531134 : 0xa781ada7c2778 : 2 : ittapi_config_apply_per_lib :  ITTAPI function not implemented: __itt_task_group
1531134 : 0xa781ada7c2e35 : 2 : ittapi_config_apply_per_lib :  ITTAPI function instrumented: __itt_task_begin
1531134 : 0xa781ada7c34fd : 2 : ittapi_config_apply_per_lib :  ITTAPI function instrumented: __itt_task_begin_fn
1531134 : 0xa781ada7c3bd1 : 2 : ittapi_config_apply_per_lib :  ITTAPI function instrumented: __itt_task_end
1531134 : 0xa781ada7c4351 : 2 : ittapi_config_apply_per_lib :  ITTAPI function not implemented: __itt_counter_inc_v3
1531134 : 0xa781ada7c5837 : 2 : ittapi_config_apply_per_lib :  ITTAPI function not implemented: __itt_counter_inc_delta_v3
1531134 : 0xa781ada7c5f5c : 2 : ittapi_config_apply_per_lib :  ITTAPI function not implemented: __itt_counter_dec_v3
1531134 : 0xa781ada7c66a9 : 2 : ittapi_config_apply_per_lib :  ITTAPI function not implemented: __itt_counter_dec_delta_v3
1531134 : 0xa781ada7c6dd5 : 2 : ittapi_config_apply_per_lib :  ITTAPI function not implemented: __itt_marker
1531134 : 0xa781ada7c7464 : 2 : ittapi_config_apply_per_lib :  ITTAPI function instrumented: __itt_metadata_add
1531134 : 0xa781ada7c7bf7 : 2 : ittapi_config_apply_per_lib :  ITTAPI function not implemented: __itt_metadata_str_add
1531134 : 0xa781ada7c82b5 : 2 : ittapi_config_apply_per_lib :  ITTAPI function not implemented: __itt_relation_add_to_current
1531134 : 0xa781ada7c89c1 : 2 : ittapi_config_apply_per_lib :  ITTAPI function not implemented: __itt_relation_add
1531134 : 0xa781ada7c900f : 2 : ittapi_config_apply_per_lib :  ITTAPI function instrumented: __itt_event_create
1531134 : 0xa781ada7c96c9 : 2 : ittapi_config_apply_per_lib :  ITTAPI function instrumented: __itt_event_start
1531134 : 0xa781ada7caa28 : 2 : ittapi_config_apply_per_lib :  ITTAPI function instrumented: __itt_event_end
1531134 : 0xa781ada7cadbc : 2 : ittapi_config_apply_per_lib :  ITTAPI function NOT instrumented (not matched by --itt-config option): __itt_sync_set_name

1531134 : 0xa781ada7cb167 : 2 : ittapi_config_apply_per_lib :  ITTAPI function NOT instrumented (not matched by --itt-config option): __itt_notify_sync_name

1531134 : 0xa781ada7cb4fe : 2 : ittapi_config_apply_per_lib :  ITTAPI function NOT instrumented (not matched by --itt-config option): __itt_notify_sync_prepare

1531134 : 0xa781ada7cb874 : 2 : ittapi_config_apply_per_lib :  ITTAPI function NOT instrumented (not matched by --itt-config option): __itt_notify_sync_cancel

1531134 : 0xa781ada7cbbf4 : 2 : ittapi_config_apply_per_lib :  ITTAPI function NOT instrumented (not matched by --itt-config option): __itt_notify_sync_acquired

1531134 : 0xa781ada7cbf66 : 2 : ittapi_config_apply_per_lib :  ITTAPI function NOT instrumented (not matched by --itt-config option): __itt_notify_sync_releasing

1531134 : 0xa781ada7cc696 : 2 : ittapi_config_apply_per_lib :  ITTAPI function not implemented: __itt_memory_read
1531134 : 0xa781ada7cce04 : 2 : ittapi_config_apply_per_lib :  ITTAPI function not implemented: __itt_memory_write
1531134 : 0xa781ada7cd50d : 2 : ittapi_config_apply_per_lib :  ITTAPI function not implemented: __itt_memory_update
1531134 : 0xa781ada7ce912 : 2 : ittapi_config_apply_per_lib :  ITTAPI function not implemented: __itt_state_get
1531134 : 0xa781ada7cf047 : 2 : ittapi_config_apply_per_lib :  ITTAPI function not implemented: __itt_state_set
1531134 : 0xa781ada7cf7df : 2 : ittapi_config_apply_per_lib :  ITTAPI function not implemented: __itt_obj_mode_set
1531134 : 0xa781ada7cff3b : 2 : ittapi_config_apply_per_lib :  ITTAPI function not implemented: __itt_thr_mode_set
1531134 : 0xa781ada7d058f : 2 : ittapi_config_apply_per_lib :  ITTAPI function instrumented: __itt_frame_create
1531134 : 0xa781ada7d0bea : 2 : ittapi_config_apply_per_lib :  ITTAPI function instrumented: __itt_pt_region_create
1531134 : 0xa781ada7d1276 : 2 : ittapi_config_apply_per_lib :  ITTAPI function instrumented: __itt_frame_begin
1531134 : 0xa781ada7d190e : 2 : ittapi_config_apply_per_lib :  ITTAPI function instrumented: __itt_frame_end
1531134 : 0xa781ada7d2063 : 2 : ittapi_config_apply_per_lib :  ITTAPI function not implemented: __itt_counter_destroy
1531134 : 0xa781ada7d271e : 2 : ittapi_config_apply_per_lib :  ITTAPI function instrumented: __itt_counter_inc
1531134 : 0xa781ada7d4168 : 2 : ittapi_config_apply_per_lib :  ITTAPI function instrumented: __itt_counter_inc_delta
1531134 : 0xa781ada7d47cd : 2 : ittapi_config_apply_per_lib :  ITTAPI function instrumented: __itt_counter_dec
1531134 : 0xa781ada7d4e76 : 2 : ittapi_config_apply_per_lib :  ITTAPI function instrumented: __itt_counter_dec_delta
1531134 : 0xa781ada7d54cd : 2 : ittapi_config_apply_per_lib :  ITTAPI function instrumented: __itt_counter_set_value
1531134 : 0xa781ada7d5c0a : 2 : ittapi_config_apply_per_lib :  ITTAPI function not implemented: __itt_counter_set_value_ex
1531134 : 0xa781ada7d62f5 : 2 : ittapi_config_apply_per_lib :  ITTAPI function not implemented: __itt_mark_create
1531134 : 0xa781ada7d6a36 : 2 : ittapi_config_apply_per_lib :  ITTAPI function not implemented: __itt_mark
1531134 : 0xa781ada7d7175 : 2 : ittapi_config_apply_per_lib :  ITTAPI function not implemented: __itt_mark_off
1531134 : 0xa781ada7d7863 : 2 : ittapi_config_apply_per_lib :  ITTAPI function not implemented: __itt_mark_global
1531134 : 0xa781ada7d7f76 : 2 : ittapi_config_apply_per_lib :  ITTAPI function not implemented: __itt_mark_global_off
1531134 : 0xa781ada7d92ee : 2 : ittapi_config_apply_per_lib :  ITTAPI function instrumented: __itt_stack_caller_create
1531134 : 0xa781ada7d9a0d : 2 : ittapi_config_apply_per_lib :  ITTAPI function instrumented: __itt_stack_caller_destroy
1531134 : 0xa781ada7da104 : 2 : ittapi_config_apply_per_lib :  ITTAPI function instrumented: __itt_stack_callee_enter
1531134 : 0xa781ada7da770 : 2 : ittapi_config_apply_per_lib :  ITTAPI function instrumented: __itt_stack_callee_leave
1531134 : 0xa781ada7daed6 : 2 : ittapi_config_apply_per_lib :  ITTAPI function not implemented: __itt_clock_domain_create
1531134 : 0xa781ada7db61b : 2 : ittapi_config_apply_per_lib :  ITTAPI function not implemented: __itt_clock_domain_reset
1531134 : 0xa781ada7dbd51 : 2 : ittapi_config_apply_per_lib :  ITTAPI function not implemented: __itt_id_create_ex
1531134 : 0xa781ada7dc48e : 2 : ittapi_config_apply_per_lib :  ITTAPI function not implemented: __itt_id_destroy_ex
1531134 : 0xa781ada7dcba7 : 2 : ittapi_config_apply_per_lib :  ITTAPI function not implemented: __itt_task_begin_ex
1531134 : 0xa781ada7dd292 : 2 : ittapi_config_apply_per_lib :  ITTAPI function not implemented: __itt_task_begin_fn_ex
1531134 : 0xa781ada7de66d : 2 : ittapi_config_apply_per_lib :  ITTAPI function not implemented: __itt_task_end_ex
1531134 : 0xa781ada7ded61 : 2 : ittapi_config_apply_per_lib :  ITTAPI function instrumented: __itt_task_begin_overlapped
1531134 : 0xa781ada7df473 : 2 : ittapi_config_apply_per_lib :  ITTAPI function not implemented: __itt_task_begin_overlapped_ex
1531134 : 0xa781ada7dfb09 : 2 : ittapi_config_apply_per_lib :  ITTAPI function instrumented: __itt_task_end_overlapped
1531134 : 0xa781ada7e024c : 2 : ittapi_config_apply_per_lib :  ITTAPI function not implemented: __itt_task_end_overlapped_ex
1531134 : 0xa781ada7e0947 : 2 : ittapi_config_apply_per_lib :  ITTAPI function not implemented: __itt_marker_ex
1531134 : 0xa781ada7e1090 : 2 : ittapi_config_apply_per_lib :  ITTAPI function not implemented: __itt_metadata_add_with_scope
1531134 : 0xa781ada7e1842 : 2 : ittapi_config_apply_per_lib :  ITTAPI function not implemented: __itt_metadata_str_add_with_scope
1531134 : 0xa781ada7e1f4f : 2 : ittapi_config_apply_per_lib :  ITTAPI function not implemented: __itt_relation_add_to_current_ex
1531134 : 0xa781ada7e263f : 2 : ittapi_config_apply_per_lib :  ITTAPI function not implemented: __itt_relation_add_ex
1531134 : 0xa781ada7e452c : 2 : ittapi_config_apply_per_lib :  ITTAPI function not implemented: __itt_track_group_create
1531134 : 0xa781ada7e4c02 : 2 : ittapi_config_apply_per_lib :  ITTAPI function not implemented: __itt_track_create
1531134 : 0xa781ada7e5312 : 2 : ittapi_config_apply_per_lib :  ITTAPI function not implemented: __itt_set_track
1531134 : 0xa781ada7e59ac : 2 : ittapi_config_apply_per_lib :  ITTAPI function instrumented: __itt_api_version
1531134 : 0xa781ada7e60d5 : 2 : ittapi_config_apply_per_lib :  ITTAPI function not implemented: __itt_av_save
1531134 : 0xa781ada7e6774 : 2 : ittapi_config_apply_per_lib :  ITTAPI function instrumented: __itt_module_load
1531134 : 0xa781ada7e6ebc : 2 : ittapi_config_apply_per_lib :  ITTAPI function not implemented: __itt_module_unload