
510221 : 0x9ef2e3e5a787d : 1 : spill_jit_data :  Jit agent is not initialized
510205 : 0x9ef2e3e5aa1b0 : 2 : ittapi_config_mask_get :  --itt-config mask to be applied: 55
510205 : 0x9ef2e3e5ac043 : 2 : ittapi_config_apply_per_lib :  ITTAPI function instrumented: __itt_domain_create
510205 : 0x9ef2e3e5aca31 : 2 : ittapi_config_apply_per_lib :  ITTAPI function instrumented: __itt_module_load_with_sections
510205 : 0x9ef2e3e5ad7ad : 2 : ittapi_config_apply_per_lib :  ITTAPI function not implemented: __itt_module_unload_with_sections
510205 : 0x9ef2e3e5ae02a : 2 : ittapi_config_apply_per_lib :  ITTAPI function instrumented: __itt_string_handle_create
510205 : 0x9ef2e3e5ae75f : 2 : ittapi_config_apply_per_lib :  ITTAPI function instrumented: __itt_counter_create
510205 : 0x9ef2e3e5aee00 : 2 : ittapi_config_apply_per_lib :  ITTAPI function instrumented: __itt_counter_create_typed
510205 : 0x9ef2e3e5af67b : 2 : ittapi_config_apply_per_lib :  ITTAPI function instrumented: __itt_pause
510205 : 0x9ef2e3e5afd6d : 2 : ittapi_config_apply_per_lib :  ITTAPI function instrumented: __itt_resume
510205 : 0x9ef2e3e5b5a21 : 2 : ittapi_config_apply_per_lib :  ITTAPI function instrumented: __itt_thread_set_name
510205 : 0x9ef2e3e5b6257 : 2 : ittapi_config_apply_per_lib :  ITTAPI function instrumented: __itt_thread_ignore
510205 : 0x9ef2e3e5b6961 : 2 : ittapi_config_apply_per_lib :  ITTAPI function instrumented: __itt_thr_name_set
510205 : 0x9ef2e3e5b7059 : 2 : ittapi_config_apply_per_lib :  ITTAPI function instrumented: __itt_thr_ignore
510205 : 0x9ef2e3e5b7ac9 : 2 : ittapi_config_apply_per_lib :  ITTAPI function not implemented: __itt_enable_attach
510205 : 0x9ef2e3e5b8233 : 2 : ittapi_config_apply_per_lib :  ITTAPI function instrumented: __itt_detach
510205 : 0x9ef2e3e5b8647 : 2 : ittapi_config_apply_per_lib :  ITTAPI function NOT instrumented (not matched by --itt-config option): __itt_sync_create

510205 : 0x9ef2e3e5b8b2e : 2 : ittapi_config_apply_per_lib :  ITTAPI function NOT instrumented (not matched by --itt-config option): __itt_sync_rename

510205 : 0x9ef2e3e5b8efd : 2 : ittapi_config_apply_per_lib :  ITTAPI function NOT instrumented (not matched by --itt-config option): __itt_sync_destroy

510205 : 0x9ef2e3e5b92d3 : 2 : ittapi_config_apply_per_lib :  ITTAPI function NOT instrumented (not matched by --itt-config option): __itt_sync_prepare

510205 : 0x9ef2e3e5ba86a : 2 : ittapi_config_apply_per_lib :  ITTAPI function NOT instrumented (not matched by --itt-config option): __itt_sync_cancel

510205 : 0x9ef2e3e5bac7d : 2 : ittapi_config_apply_per_lib :  ITTAPI function NOT instrumented (not matched by --itt-config option): __itt_sync_acquired

510205 : 0x9ef2e3e5bafd5 : 2 : ittapi_config_apply_per_lib :  ITTAPI function NOT instrumented (not matched by --itt-config option): __itt_sync_releasing

510205 : 0x9ef2e3e5bb887 : 2 : ittapi_config_apply_per_lib :  ITTAPI function not implemented: __itt_suppress_push
510205 : 0x9ef2e3e5bc133 : 2 : ittapi_config_apply_per_lib :  ITTAPI function not implemented: __itt_suppress_pop
510205 : 0x9ef2e3e5bc8fe : 2 : ittapi_config_apply_per_lib :  ITTAPI function not implemented: __itt_suppress_mark_range
510205 : 0x9ef2e3e5bd09b : 2 : ittapi_config_apply_per_lib :  ITTAPI function not implemented: __itt_suppress_clear_range
510205 : 0x9ef2e3e5bd419 : 2 : ittapi_config_apply_per_lib :  ITTAPI function NOT instrumented (not matched by --itt-config option): __itt_sync_prepare

510205 : 0x9ef2e3e5bd7da : 2 : ittapi_config_apply_per_lib :  ITTAPI function NOT instrumented (not matched by --itt-config option): __itt_sync_cancel

510205 : 0x9ef2e3e5bdb37 : 2 : ittapi_config_apply_per_lib :  ITTAPI function NOT instrumented (not matched by --itt-config option): __itt_sync_acquired

510205 : 0x9ef2e3e5beb65 : 2 : ittapi_config_apply_per_lib :  ITTAPI function NOT instrumented (not matched by --itt-config option): __itt_sync_releasing

510205 : 0x9ef2e3e5bef72 : 2 : ittapi_config_apply_per_lib :  ITTAPI function NOT instrumented (not matched by --itt-config option): __itt_model_site_begin

510205 : 0x9ef2e3e5bf325 : 2 : ittapi_config_apply_per_lib :  ITTAPI function NOT instrumented (not matched by --itt-config option): __itt_model_site_end

510205 : 0x9ef2e3e5bf6b9 : 2 : ittapi_config_apply_per_lib :  ITTAPI function NOT instrumented (not matched by --itt-config option): __itt_model_task_begin

510205 : 0x9ef2e3e5bfa38 : 2 : ittapi_config_apply_per_lib :  ITTAPI function NOT instrumented (not matched by --itt-config option): __itt_model_task_end

510205 : 0x9ef2e3e5bfdb5 : 2 : ittapi_config_apply_per_lib :  ITTAPI function NOT instrumented (not matched by --itt-config option): __itt_model_lock_acquire

510205 : 0x9ef2e3e5c01a8 : 2 : ittapi_config_apply_per_lib :  ITTAPI function NOT instrumented (not matched by --itt-config option): __itt_model_lock_release

510205 : 0x9ef2e3e5c051f : 2 : ittapi_config_apply_per_lib :  ITTAPI function NOT instrumented (not matched by --itt-config option): __itt_model_record_allocation

510205 : 0x9ef2e3e5c0867 : 2 : ittapi_config_apply_per_lib :  ITTAPI function NOT instrumented (not matched by --itt-config option): __itt_model_record_deallocation

510205 : 0x9ef2e3e5c0b96 : 2 : ittapi_config_apply_per_lib :  ITTAPI function NOT instrumented (not matched by --itt-config option): __itt_model_induction_uses

510205 : 0x9ef2e3e5c29fa : 2 : ittapi_config_apply_per_lib :  ITTAPI function NOT instrumented (not matched by --itt-config option): __itt_model_reduction_uses

510205 : 0x9ef2e3e5c2de1 : 2 : ittapi_config_apply_per_lib :  ITTAPI function NOT instrumented (not matched by --itt-config option): __itt_model_observe_uses

510205 : 0x9ef2e3e5c3174 : 2 : ittapi_config_apply_per_lib :  ITTAPI function NOT instrumented (not matched by --itt-config option): __itt_model_clear_uses

510205 : 0x9ef2e3e5c34ed : 2 : ittapi_config_apply_per_lib :  ITTAPI function NOT instrumented (not matched by --itt-config option): __itt_model_site_beginA

510205 : 0x9ef2e3e5c388b : 2 : ittapi_config_apply_per_lib :  ITTAPI function NOT instrumented (not matched by --itt-config option): __itt_model_site_beginAL

510205 : 0x9ef2e3e5c3c02 : 2 : ittapi_config_apply_per_lib :  ITTAPI function NOT instrumented (not matched by --itt-config option): __itt_model_task_beginA

510205 : 0x9ef2e3e5c3fa1 : 2 : ittapi_config_apply_per_lib :  ITTAPI function NOT instrumented (not matched by --itt-config option): __itt_model_task_beginAL

510205 : 0x9ef2e3e5c4304 : 2 : ittapi_config_apply_per_lib :  ITTAPI function NOT instrumented (not matched by --itt-config option): __itt_model_iteration_taskA

510205 : 0x9ef2e3e5c4647 : 2 : ittapi_config_apply_per_lib :  ITTAPI function NOT instrumented (not matched by --itt-config option): __itt_model_iteration_taskAL

510205 : 0x9ef2e3e5c497d : 2 : ittapi_config_apply_per_lib :  ITTAPI function NOT instrumented (not matched by --itt-config option): __itt_model_site_end_2

510205 : 0x9ef2e3e5c5a3d : 2 : ittapi_config_apply_per_lib :  ITTAPI function NOT instrumented (not matched by --itt-config option): __itt_model_task_end_2

510205 : 0x9ef2e3e5c5dbd : 2 : ittapi_config_apply_per_lib :  ITTAPI function NOT instrumented (not matched by --itt-config option): __itt_model_lock_acquire_2

510205 : 0x9ef2e3e5c6160 : 2 : ittapi_config_apply_per_lib :  ITTAPI function NOT instrumented (not matched by --itt-config option): __itt_model_lock_release_2

510205 : 0x9ef2e3e5c64d5 : 2 : ittapi_config_apply_per_lib :  ITTAPI function NOT instrumented (not matched by --itt-config option): __itt_model_aggregate_task

510205 : 0x9ef2e3e5c6846 : 2 : ittapi_config_apply_per_lib :  ITTAPI function NOT instrumented (not matched by --itt-config option): __itt_model_disable_push

510205 : 0x9ef2e3e5c6b9b : 2 : ittapi_config_apply_per_lib :  ITTAPI function NOT instrumented (not matched by --itt-config option): __itt_model_disable_pop

510205 : 0x9ef2e3e5c7299 : 2 : ittapi_config_apply_per_lib :  ITTAPI function instrumented: __itt_heap_function_create
510205 : 0x9ef2e3e5c79e6 : 2 : ittapi_config_apply_per_lib :  ITTAPI function instrumented: __itt_heap_allocate_begin
510205 : 0x9ef2e3e5c809f : 2 : ittapi_config_apply_per_lib :  ITTAPI function instrumented: __itt_heap_allocate_end
510205 : 0x9ef2e3e5c87ff : 2 : ittapi_config_apply_per_lib :  ITTAPI function instrumented: __itt_heap_free_begin
510205 : 0x9ef2e3e5ca3c5 : 2 : ittapi_config_apply_per_lib :  ITTAPI function instrumented: __itt_heap_free_end
510205 : 0x9ef2e3e5caadb : 2 : ittapi_config_apply_per_lib :  ITTAPI function instrumented: __itt_heap_reallocate_begin
510205 : 0x9ef2e3e5cb15f : 2 : ittapi_config_apply_per_lib :  ITTAPI function instrumented: __itt_heap_reallocate_end
510205 : 0x9ef2e3e5cb97c : 2 : ittapi_config_apply_per_lib :  ITTAPI function not implemented: __itt_heap_internal_access_begin
510205 : 0x9ef2e3e5cc0cd : 2 : ittapi_config_apply_per_lib :  ITTAPI function not implemented: __itt_heap_internal_access_end
510205 : 0x9ef2e3e5cc8a1 : 2 : ittapi_config_apply_per_lib :  ITTAPI function not implemented: __itt_heap_record_memory_growth_begin
510205 : 0x9ef2e3e5cd04d : 2 : ittapi_config_apply_per_lib :  ITTAPI function not implemented: __itt_heap_record_memory_growth_end
510205 : 0x9ef2e3e5cd842 : 2 : ittapi_config_apply_per_lib :  ITTAPI function not implemented: __itt_heap_reset_detection
510205 : 0x9ef2e3e5ce031 : 2 : ittapi_config_apply_per_lib :  ITTAPI function not implemented: __itt_heap_record
510205 : 0x9ef2e3e5ce7bd : 2 : ittapi_config_apply_per_lib :  ITTAPI function not implemented: __itt_id_create
510205 : 0x9ef2e3e5cfc9a : 2 : ittapi_config_apply_per_lib :  ITTAPI function not implemented: __itt_id_destroy
510205 : 0x9ef2e3e5d03f7 : 2 : ittapi_config_apply_per_lib :  ITTAPI function instrumented: __itt_get_timestamp
510205 : 0x9ef2e3e5d0afb : 2 : ittapi_config_apply_per_lib :  ITTAPI function not implemented: __itt_region_begin
510205 : 0x9ef2e3e5d12aa : 2 : ittapi_config_apply_per_lib :  ITTAPI function not implemented: __itt_region_end
510205 : 0x9ef2e3e5d19b0 : 2 : ittapi_config_apply_per_lib :  ITTAPI function instrumented: __itt_frame_begin_v3
510205 : 0x9ef2e3e5d2132 : 2 : ittapi_config_apply_per_lib :  ITTAPI function instrumented: __itt_frame_end_v3
510205 : 0x9ef2e3e5d3778 : 2 : ittapi_config_apply_per_lib :  ITTAPI function instrumented: __itt_frame_submit_v3
510205 : 0x9ef2e3e5d3f24 : 2 : ittapi_config_apply_per_lib :  ITTAPI function not implemented: __itt_task_group
510205 : 0x9ef2e3e5d46f5 : 2 : ittapi_config_apply_per_lib :  ITTAPI function instrumented: __itt_task_begin
510205 : 0x9ef2e3e5d4de4 : 2 : ittapi_config_apply_per_lib :  ITTAPI function instrumented: __itt_task_begin_fn
510205 : 0x9ef2e3e5d66fb : 2 : ittapi_config_apply_per_lib :  ITTAPI function instrumented: __itt_task_end
510205 : 0x9ef2e3e5d6f45 : 2 : ittapi_config_apply_per_lib :  ITTAPI function not implemented: __itt_counter_inc_v3
510205 : 0x9ef2e3e5d7724 : 2 : ittapi_config_apply_per_lib :  ITTAPI function not implemented: __itt_counter_inc_delta_v3
510205 : 0x9ef2e3e5d7ea4 : 2 : ittapi_config_apply_per_lib :  ITTAPI function not implemented: __itt_counter_dec_v3
510205 : 0x9ef2e3e5d85c1 : 2 : ittapi_config_apply_per_lib :  ITTAPI function not implemented: __itt_counter_dec_delta_v3
510205 : 0x9ef2e3e5d8d19 : 2 : ittapi_config_apply_per_lib :  ITTAPI function not implemented: __itt_marker
510205 : 0x9ef2e3e5d93d3 : 2 : ittapi_config_apply_per_lib :  ITTAPI function instrumented: __itt_metadata_add
510205 : 0x9ef2e3e5d9b5d : 2 : ittapi_config_apply_per_lib :  ITTAPI function not implemented: __itt_metadata_str_add
510205 : 0x9ef2e3e5da273 : 2 : ittapi_config_apply_per_lib :  ITTAPI function not implemented: __itt_relation_add_to_current
510205 : 0x9ef2e3e5da9d5 : 2 : ittapi_config_apply_per_lib :  ITTAPI function not implemented: __itt_relation_add
510205 : 0x9ef2e3e5dbd47 : 2 : ittapi_config_apply_per_lib :  ITTAPI function instrumented: __itt_event_create
510205 : 0x9ef2e3e5dc4a7 : 2 : ittapi_config_apply_per_lib :  ITTAPI function instrumented: __itt_event_start
510205 : 0x9ef2e3e5dcb6e : 2 : ittapi_config_apply_per_lib :  ITTAPI function instrumented: __itt_event_end
510205 : 0x9ef2e3e5dcefe : 2 : ittapi_config_apply_per_lib :  ITTAPI function NOT instrumented (not matched by --itt-config option): __itt_sync_set_name

510205 : 0x9ef2e3e5dd327 : 2 : ittapi_config_apply_per_lib :  ITTAPI function NOT instrumented (not matched by --itt-config option): __itt_notify_sync_name

510205 : 0x9ef2e3e5dd6cd : 2 : ittapi_config_apply_per_lib :  ITTAPI function NOT instrumented (not matched by --itt-config option): __itt_notify_sync_prepare

510205 : 0x9ef2e3e5dda8b : 2 : ittapi_config_apply_per_lib :  ITTAPI function NOT instrumented (not matched by --itt-config option): __itt_notify_sync_cancel

510205 : 0x9ef2e3e5dde14 : 2 : ittapi_config_apply_per_lib :  ITTAPI function NOT instrumented (not matched by --itt-config option): __itt_notify_sync_acquired

510205 : 0x9ef2e3e5de172 : 2 : ittapi_config_apply_per_lib :  ITTAPI function NOT instrumented (not matched by --itt-config option): __itt_notify_sync_releasing

510205 : 0x9ef2e3e5de8c9 : 2 : ittapi_config_apply_per_lib :  ITTAPI function not implemented: __itt_memory_read
510205 : 0x9ef2e3e5e054f : 2 : ittapi_config_apply_per_lib :  ITTAPI function not implemented: __itt_memory_write
510205 : 0x9ef2e3e5e0c81 : 2 : ittapi_config_apply_per_lib :  ITTAPI function not implemented: __itt_memory_update
510205 : 0x9ef2e3e5e143f : 2 : ittapi_config_apply_per_lib :  ITTAPI function not implemented: __itt_state_get
510205 : 0x9ef2e3e5e1b47 : 2 : ittapi_config_apply_per_lib :  ITTAPI function not implemented: __itt_state_set
510205 : 0x9ef2e3e5e22fd : 2 : ittapi_config_apply_per_lib :  ITTAPI function not implemented: __itt_obj_mode_set
510205 : 0x9ef2e3e5e2a38 : 2 : ittapi_config_apply_per_lib :  ITTAPI function not implemented: __itt_thr_mode_set
510205 : 0x9ef2e3e5e3090 : 2 : ittapi_config_apply_per_lib :  ITTAPI function instrumented: __itt_frame_create
510205 : 0x9ef2e3e5e371e : 2 : ittapi_config_apply_per_lib :  ITTAPI function instrumented: __itt_pt_region_create
510205 : 0x9ef2e3e5e3da6 : 2 : ittapi_config_apply_per_lib :  ITTAPI function instrumented: __itt_frame_begin
510205 : 0x9ef2e3e5e4463 : 2 : ittapi_config_apply_per_lib :  ITTAPI function instrumented: __itt_frame_end
510205 : 0x9ef2e3e5e5955 : 2 : ittapi_config_apply_per_lib :  ITTAPI function not implemented: __itt_counter_destroy
510205 : 0x9ef2e3e5e6028 : 2 : ittapi_config_apply_per_lib :  ITTAPI function instrumented: __itt_counter_inc
510205 : 0x9ef2e3e5e66f3 : 2 : ittapi_config_apply_per_lib :  ITTAPI function instrumented: __itt_counter_inc_delta
510205 : 0x9ef2e3e5e6d93 : 2 : ittapi_config_apply_per_lib :  ITTAPI function instrumented: __itt_counter_dec
510205 : 0x9ef2e3e5e747a : 2 : ittapi_config_apply_per_lib :  ITTAPI function instrumented: __itt_counter_dec_delta
510205 : 0x9ef2e3e5e7b47 : 2 : ittapi_config_apply_per_lib :  ITTAPI function instrumented: __itt_counter_set_value
510205 : 0x9ef2e3e5e8270 : 2 : ittapi_config_apply_per_lib :  ITTAPI function not implemented: __itt_counter_set_value_ex
510205 : 0x9ef2e3e5e897e : 2 : ittapi_config_apply_per_lib :  ITTAPI function not implemented: __itt_mark_create
510205 : 0x9ef2e3e5e910d : 2 : ittapi_config_apply_per_lib :  ITTAPI function not implemented: __itt_mark
510205 : 0x9ef2e3e5e98a6 : 2 : ittapi_config_apply_per_lib :  ITTAPI function not implemented: __itt_mark_off
510205 : 0x9ef2e3e5eac27 : 2 : ittapi_config_apply_per_lib :  ITTAPI function not implemented: __itt_mark_global
510205 : 0x9ef2e3e5eb367 : 2 : ittapi_config_apply_per_lib :  ITTAPI function not implemented: __itt_mark_global_off
510205 : 0x9ef2e3e5ebacd : 2 : ittapi_config_apply_per_lib :  ITTAPI function instrumented: __itt_stack_caller_create
510205 : 0x9ef2e3e5ec19a : 2 : ittapi_config_apply_per_lib :  ITTAPI function instrumented: __itt_stack_caller_destroy
510205 : 0x9ef2e3e5ec8b4 : 2 : ittapi_config_apply_per_lib :  ITTAPI function instrumented: __itt_stack_callee_enter
510205 : 0x9ef2e3e5ecf24 : 2 : ittapi_config_apply_per_lib :  ITTAPI function instrumented: __itt_stack_callee_leave
510205 : 0x9ef2e3e5ed63f : 2 : ittapi_config_apply_per_lib :  ITTAPI function not implemented: __itt_clock_domain_create
510205 : 0x9ef2e3e5edd7b : 2 : ittapi_config_apply_per_lib :  ITTAPI function not implemented: __itt_clock_domain_reset
510205 : 0x9ef2e3e5ee494 : 2 : ittapi_config_apply_per_lib :  ITTAPI function not implemented: __itt_id_create_ex
510205 : 0x9ef2e3e5eebd6 : 2 : ittapi_config_apply_per_lib :  ITTAPI function not implemented: __itt_id_destroy_ex
510205 : 0x9ef2e3e5f0933 : 2 : ittapi_config_apply_per_lib :  ITTAPI function not implemented: __itt_task_begin_ex
510205 : 0x9ef2e3e5f1042 : 2 : ittapi_config_apply_per_lib :  ITTAPI function not implemented: __itt_task_begin_fn_ex
510205 : 0x9ef2e3e5f17cd : 2 : ittapi_config_apply_per_lib :  ITTAPI function not implemented: __itt_task_end_ex
510205 : 0x9ef2e3e5f1ebc : 2 : ittapi_config_apply_per_lib :  ITTAPI function instrumented: __itt_task_begin_overlapped
510205 : 0x9ef2e3e5f25c8 : 2 : ittapi_config_apply_per_lib :  ITTAPI function not implemented: __itt_task_begin_overlapped_ex
510205 : 0x9ef2e3e5f2cd3 : 2 : ittapi_config_apply_per_lib :  ITTAPI function instrumented: __itt_task_end_overlapped
510205 : 0x9ef2e3e5f3416 : 2 : ittapi_config_apply_per_lib :  ITTAPI function not implemented: __itt_task_end_overlapped_ex
510205 : 0x9ef2e3e5f3b1c : 2 : ittapi_config_apply_per_lib :  ITTAPI function not implemented: __itt_marker_ex
510205 : 0x9ef2e3e5f4280 : 2 : ittapi_config_apply_per_lib :  ITTAPI function not implemented: __itt_metadata_add_with_scope
510205 : 0x9ef2e3e5f4a0b : 2 : ittapi_config_apply_per_lib :  ITTAPI function not implemented: __itt_metadata_str_add_with_scope
510205 : 0x9ef2e3e5f5e54 : 2 : ittapi_config_apply_per_lib :  ITTAPI function not implemented: __itt_relation_add_to_current_ex
510205 : 0x9ef2e3e5f6599 : 2 : ittapi_config_apply_per_lib :  ITTAPI function not implemented: __itt_relation_add_ex
510205 : 0x9ef2e3e5f6cfe : 2 : ittapi_config_apply_per_lib :  ITTAPI function not implemented: __itt_track_group_create
510205 : 0x9ef2e3e5f73c1 : 2 : ittapi_config_apply_per_lib :  ITTAPI function not implemented: __itt_track_create
510205 : 0x9ef2e3e5f7ae6 : 2 : ittapi_config_apply_per_lib :  ITTAPI function not implemented: __itt_set_track
510205 : 0x9ef2e3e5f81a7 : 2 : ittapi_config_apply_per_lib :  ITTAPI function instrumented: __itt_api_version
510205 : 0x9ef2e3e5f88d1 : 2 : ittapi_config_apply_per_lib :  ITTAPI function not implemented: __itt_av_save
510205 : 0x9ef2e3e5f8fde : 2 : ittapi_config_apply_per_lib :  ITTAPI function instrumented: __itt_module_load
510205 : 0x9ef2e3e5f9716 : 2 : ittapi_config_apply_per_lib :  ITTAPI function not implemented: __itt_module_unload
510205 : 0x9ef2e3e640c20 : 2 : ittapi_config_mask_get :  --itt-config mask to be applied: 55
510205 : 0x9ef2e3e642c05 : 2 : ittapi_config_apply_per_lib :  ITTAPI function instrumented: __itt_domain_create
510205 : 0x9ef2e3e6433eb : 2 : ittapi_config_apply_per_lib :  ITTAPI function instrumented: __itt_module_load_with_sections
510205 : 0x9ef2e3e643ceb : 2 : ittapi_config_apply_per_lib :  ITTAPI function not implemented: __itt_module_unload_with_sections
510205 : 0x9ef2e3e6443e9 : 2 : ittapi_config_apply_per_lib :  ITTAPI function instrumented: __itt_string_handle_create
510205 : 0x9ef2e3e644a8d : 2 : ittapi_config_apply_per_lib :  ITTAPI function instrumented: __itt_counter_create
510205 : 0x9ef2e3e6450f5 : 2 : ittapi_config_apply_per_lib :  ITTAPI function instrumented: __itt_counter_create_typed
510205 : 0x9ef2e3e645814 : 2 : ittapi_config_apply_per_lib :  ITTAPI function instrumented: __itt_pause
510205 : 0x9ef2e3e645eef : 2 : ittapi_config_apply_per_lib :  ITTAPI function instrumented: __itt_resume
510205 : 0x9ef2e3e646546 : 2 : ittapi_config_apply_per_lib :  ITTAPI function instrumented: __itt_thread_set_name
510205 : 0x9ef2e3e646c30 : 2 : ittapi_config_apply_per_lib :  ITTAPI function instrumented: __itt_thread_ignore
510205 : 0x9ef2e3e6480bd : 2 : ittapi_config_apply_per_lib :  ITTAPI function instrumented: __itt_thr_name_set
510205 : 0x9ef2e3e648799 : 2 : ittapi_config_apply_per_lib :  ITTAPI function instrumented: __itt_thr_ignore
510205 : 0x9ef2e3e64900e : 2 : ittapi_config_apply_per_lib :  ITTAPI function not implemented: __itt_enable_attach
510205 : 0x9ef2e3e6496d1 : 2 : ittapi_config_apply_per_lib :  ITTAPI function instrumented: __itt_detach
510205 : 0x9ef2e3e649ad0 : 2 : ittapi_config_apply_per_lib :  ITTAPI function NOT instrumented (not matched by --itt-config option): __itt_sync_create

510205 : 0x9ef2e3e649ecf : 2 : ittapi_config_apply_per_lib :  ITTAPI function NOT instrumented (not matched by --itt-config option): __itt_sync_rename

510205 : 0x9ef2e3e64a29c : 2 : ittapi_config_apply_per_lib :  ITTAPI function NOT instrumented (not matched by --itt-config option): __itt_sync_destroy

510205 : 0x9ef2e3e64a643 : 2 : ittapi_config_apply_per_lib :  ITTAPI function NOT instrumented (not matched by --itt-config option): __itt_sync_prepare

510205 : 0x9ef2e3e64a9a4 : 2 : ittapi_config_apply_per_lib :  ITTAPI function NOT instrumented (not matched by --itt-config option): __itt_sync_cancel

510205 : 0x9ef2e3e64ad00 : 2 : ittapi_config_apply_per_lib :  ITTAPI function NOT instrumented (not matched by --itt-config option): __itt_sync_acquired

510205 : 0x9ef2e3e64c861 : 2 : ittapi_config_apply_per_lib :  ITTAPI function NOT instrumented (not matched by --itt-config option): __itt_sync_releasing

510205 : 0x9ef2e3e64d108 : 2 : ittapi_config_apply_per_lib :  ITTAPI function not implemented: __itt_suppress_push
510205 : 0x9ef2e3e64d931 : 2 : ittapi_config_apply_per_lib :  ITTAPI function not implemented: __itt_suppress_pop
510205 : 0x9ef2e3e64e07c : 2 : ittapi_config_apply_per_lib :  ITTAPI function not implemented: __itt_suppress_mark_range
510205 : 0x9ef2e3e64e828 : 2 : ittapi_config_apply_per_lib :  ITTAPI function not implemented: __itt_suppress_clear_range
510205 : 0x9ef2e3e64eb94 : 2 : ittapi_config_apply_per_lib :  ITTAPI function NOT instrumented (not matched by --itt-config option): __itt_sync_prepare

510205 : 0x9ef2e3e64ef0c : 2 : ittapi_config_apply_per_lib :  ITTAPI function NOT instrumented (not matched by --itt-config option): __itt_sync_cancel

510205 : 0x9ef2e3e64f279 : 2 : ittapi_config_apply_per_lib :  ITTAPI function NOT instrumented (not matched by --itt-config option): __itt_sync_acquired

510205 : 0x9ef2e3e64f5e8 : 2 : ittapi_config_apply_per_lib :  ITTAPI function NOT instrumented (not matched by --itt-config option): __itt_sync_releasing

510205 : 0x9ef2e3e64f9f1 : 2 : ittapi_config_apply_per_lib :  ITTAPI function NOT instrumented (not matched by --itt-config option): __itt_model_site_begin

510205 : 0x9ef2e3e650a53 : 2 : ittapi_config_apply_per_lib :  ITTAPI function NOT instrumented (not matched by --itt-config option): __itt_model_site_end

510205 : 0x9ef2e3e650e16 : 2 : ittapi_config_apply_per_lib :  ITTAPI function NOT instrumented (not matched by --itt-config option): __itt_model_task_begin

510205 : 0x9ef2e3e6511a7 : 2 : ittapi_config_apply_per_lib :  ITTAPI function NOT instrumented (not matched by --itt-config option): __itt_model_task_end

510205 : 0x9ef2e3e651515 : 2 : ittapi_config_apply_per_lib :  ITTAPI function NOT instrumented (not matched by --itt-config option): __itt_model_lock_acquire

510205 : 0x9ef2e3e6518d8 : 2 : ittapi_config_apply_per_lib :  ITTAPI function NOT instrumented (not matched by --itt-config option): __itt_model_lock_release

510205 : 0x9ef2e3e651c45 : 2 : ittapi_config_apply_per_lib :  ITTAPI function NOT instrumented (not matched by --itt-config option): __itt_model_record_allocation

510205 : 0x9ef2e3e651f8d : 2 : ittapi_config_apply_per_lib :  ITTAPI function NOT instrumented (not matched by --itt-config option): __itt_model_record_deallocation

510205 : 0x9ef2e3e65230d : 2 : ittapi_config_apply_per_lib :  ITTAPI function NOT instrumented (not matched by --itt-config option): __itt_model_induction_uses

510205 : 0x9ef2e3e652691 : 2 : ittapi_config_apply_per_lib :  ITTAPI function NOT instrumented (not matched by --itt-config option): __itt_model_reduction_uses

510205 : 0x9ef2e3e652a06 : 2 : ittapi_config_apply_per_lib :  ITTAPI function NOT instrumented (not matched by --itt-config option): __itt_model_observe_uses

510205 : 0x9ef2e3e653963 : 2 : ittapi_config_apply_per_lib :  ITTAPI function NOT instrumented (not matched by --itt-config option): __itt_model_clear_uses

510205 : 0x9ef2e3e653d0b : 2 : ittapi_config_apply_per_lib :  ITTAPI function NOT instrumented (not matched by --itt-config option): __itt_model_site_beginA

510205 : 0x9ef2e3e6540a4 : 2 : ittapi_config_apply_per_lib :  ITTAPI function NOT instrumented (not matched by --itt-config option): __itt_model_site_beginAL

510205 : 0x9ef2e3e654406 : 2 : ittapi_config_apply_per_lib :  ITTAPI function NOT instrumented (not matched by --itt-config option): __itt_model_task_beginA

510205 : 0x9ef2e3e654772 : 2 : ittapi_config_apply_per_lib :  ITTAPI function NOT instrumented (not matched by --itt-config option): __itt_model_task_beginAL

510205 : 0x9ef2e3e654b07 : 2 : ittapi_config_apply_per_lib :  ITTAPI function NOT instrumented (not matched by --itt-config option): __itt_model_iteration_taskA

510205 : 0x9ef2e3e654e4f : 2 : ittapi_config_apply_per_lib :  ITTAPI function NOT instrumented (not matched by --itt-config option): __itt_model_iteration_taskAL

510205 : 0x9ef2e3e65519a : 2 : ittapi_config_apply_per_lib :  ITTAPI function NOT instrumented (not matched by --itt-config option): __itt_model_site_end_2

510205 : 0x9ef2e3e655509 : 2 : ittapi_config_apply_per_lib :  ITTAPI function NOT instrumented (not matched by --itt-config option): __itt_model_task_end_2

510205 : 0x9ef2e3e655845 : 2 : ittapi_config_apply_per_lib :  ITTAPI function NOT instrumented (not matched by --itt-config option): __itt_model_lock_acquire_2

510205 : 0x9ef2e3e656e64 : 2 : ittapi_config_apply_per_lib :  ITTAPI function NOT instrumented (not matched by --itt-config option): __itt_model_lock_release_2

510205 : 0x9ef2e3e65721f : 2 : ittapi_config_apply_per_lib :  ITTAPI function NOT instrumented (not matched by --itt-config option): __itt_model_aggregate_task

510205 : 0x9ef2e3e657581 : 2 : ittapi_config_apply_per_lib :  ITTAPI function NOT instrumented (not matched by --itt-config option): __itt_model_disable_push

510205 : 0x9ef2e3e6578fc : 2 : ittapi_config_apply_per_lib :  ITTAPI function NOT instrumented (not matched by --itt-config option): __itt_model_disable_pop

510205 : 0x9ef2e3e65800c : 2 : ittapi_config_apply_per_lib :  ITTAPI function instrumented: __itt_heap_function_create
510205 : 0x9ef2e3e658748 : 2 : ittapi_config_apply_per_lib :  ITTAPI function instrumented: __itt_heap_allocate_begin
510205 : 0x9ef2e3e658e2b : 2 : ittapi_config_apply_per_lib :  ITTAPI function instrumented: __itt_heap_allocate_end
510205 : 0x9ef2e3e65954a : 2 : ittapi_config_apply_per_lib :  ITTAPI function instrumented: __itt_heap_free_begin
510205 : 0x9ef2e3e659bc9 : 2 : ittapi_config_apply_per_lib :  ITTAPI function instrumented: __itt_heap_free_end
510205 : 0x9ef2e3e65a2d0 : 2 : ittapi_config_apply_per_lib :  ITTAPI function instrumented: __itt_heap_reallocate_begin
510205 : 0x9ef2e3e65b643 : 2 : ittapi_config_apply_per_lib :  ITTAPI function instrumented: __itt_heap_reallocate_end
510205 : 0x9ef2e3e65be04 : 2 : ittapi_config_apply_per_lib :  ITTAPI function not implemented: __itt_heap_internal_access_begin
510205 : 0x9ef2e3e65c54f : 2 : ittapi_config_apply_per_lib :  ITTAPI function not implemented: __itt_heap_internal_access_end
510205 : 0x9ef2e3e65ccb9 : 2 : ittapi_config_apply_per_lib :  ITTAPI function not implemented: __itt_heap_record_memory_growth_begin
510205 : 0x9ef2e3e65d441 : 2 : ittapi_config_apply_per_lib :  ITTAPI function not implemented: __itt_heap_record_memory_growth_end
510205 : 0x9ef2e3e65dba4 : 2 : ittapi_config_apply_per_lib :  ITTAPI function not implemented: __itt_heap_reset_detection
510205 : 0x9ef2e3e65e317 : 2 : ittapi_config_apply_per_lib :  ITTAPI function not implemented: __itt_heap_record
510205 : 0x9ef2e3e65ea92 : 2 : ittapi_config_apply_per_lib :  ITTAPI function not implemented: __itt_id_create
510205 : 0x9ef2e3e65f1ac : 2 : ittapi_config_apply_per_lib :  ITTAPI function not implemented: __itt_id_destroy
510205 : 0x9ef2e3e65f883 : 2 : ittapi_config_apply_per_lib :  ITTAPI function instrumented: __itt_get_timestamp
510205 : 0x9ef2e3e660c71 : 2 : ittapi_config_apply_per_lib :  ITTAPI function not implemented: __itt_region_begin
510205 : 0x9ef2e3e661400 : 2 : ittapi_config_apply_per_lib :  ITTAPI function not implemented: __itt_region_end
510205 : 0x9ef2e3e661ae4 : 2 : ittapi_config_apply_per_lib :  ITTAPI function instrumented: __itt_frame_begin_v3
510205 : 0x9ef2e3e66222e : 2 : ittapi_config_apply_per_lib :  ITTAPI function instrumented: __itt_frame_end_v3
510205 : 0x9ef2e3e6628e1 : 2 : ittapi_config_apply_per_lib :  ITTAPI function instrumented: __itt_frame_submit_v3
510205 : 0x9ef2e3e66304d : 2 : ittapi_config_apply_per_lib :  ITTAPI function not implemented: __itt_task_group
510205 : 0x9ef2e3e663739 : 2 : ittapi_config_apply_per_lib :  ITTAPI function instrumented: __itt_task_begin
510205 : 0x9ef2e3e663e29 : 2 : ittapi_config_apply_per_lib :  ITTAPI function instrumented: __itt_task_begin_fn
510205 : 0x9ef2e3e6644fb : 2 : ittapi_config_apply_per_lib :  ITTAPI function instrumented: __itt_task_end
510205 : 0x9ef2e3e664c85 : 2 : ittapi_config_apply_per_lib :  ITTAPI function not implemented: __itt_counter_inc_v3
510205 : 0x9ef2e3e6669c7 : 2 : ittapi_config_apply_per_lib :  ITTAPI function not implemented: __itt_counter_inc_delta_v3
510205 : 0x9ef2e3e66714b : 2 : ittapi_config_apply_per_lib :  ITTAPI function not implemented: __itt_counter_dec_v3
510205 : 0x9ef2e3e66787c : 2 : ittapi_config_apply_per_lib :  ITTAPI function not implemented: __itt_counter_dec_delta_v3
510205 : 0x9ef2e3e667ff5 : 2 : ittapi_config_apply_per_lib :  ITTAPI function not implemented: __itt_marker
510205 : 0x9ef2e3e668697 : 2 : ittapi_config_apply_per_lib :  ITTAPI function instrumented: __itt_metadata_add
510205 : 0x9ef2e3e668e35 : 2 : ittapi_config_apply_per_lib :  ITTAPI function not implemented: __itt_metadata_str_add
510205 : 0x9ef2e3e669545 : 2 : ittapi_config_apply_per_lib :  ITTAPI function not implemented: __itt_relation_add_to_current
510205 : 0x9ef2e3e669cab : 2 : ittapi_config_apply_per_lib :  ITTAPI function not implemented: __itt_relation_add
510205 : 0x9ef2e3e66a319 : 2 : ittapi_config_apply_per_lib :  ITTAPI function instrumented: __itt_event_create
510205 : 0x9ef2e3e66a99c : 2 : ittapi_config_apply_per_lib :  ITTAPI function instrumented: __itt_event_start
510205 : 0x9ef2e3e66bde1 : 2 : ittapi_config_apply_per_lib :  ITTAPI function instrumented: __itt_event_end
510205 : 0x9ef2e3e66c198 : 2 : ittapi_config_apply_per_lib :  ITTAPI function NOT instrumented (not matched by --itt-config option): __itt_sync_set_name

510205 : 0x9ef2e3e66c530 : 2 : ittapi_config_apply_per_lib :  ITTAPI function NOT instrumented (not matched by --itt-config option): __itt_notify_sync_name

510205 : 0x9ef2e3e66c8be : 2 : ittapi_config_apply_per_lib :  ITTAPI function NOT instrumented (not matched by --itt-config option): __itt_notify_sync_prepare

510205 : 0x9ef2e3e66cc45 : 2 : ittapi_config_apply_per_lib :  ITTAPI function NOT instrumented (not matched by --itt-config option): __itt_notify_sync_cancel

510205 : 0x9ef2e3e66cfba : 2 : ittapi_config_apply_per_lib :  ITTAPI function NOT instrumented (not matched by --itt-config option): __itt_notify_sync_acquired

510205 : 0x9ef2e3e66d320 : 2 : ittapi_config_apply_per_lib :  ITTAPI function NOT instrumented (not matched by --itt-config option): __itt_notify_sync_releasing

510205 : 0x9ef2e3e66da81 : 2 : ittapi_config_apply_per_lib :  ITTAPI function not implemented: __itt_memory_read
510205 : 0x9ef2e3e66e222 : 2 : ittapi_config_apply_per_lib :  ITTAPI function not implemented: __itt_memory_write
510205 : 0x9ef2e3e66e939 : 2 : ittapi_config_apply_per_lib :  ITTAPI function not implemented: __itt_memory_update
510205 : 0x9ef2e3e66fdbb : 2 : ittapi_config_apply_per_lib :  ITTAPI function not implemented: __itt_state_get
510205 : 0x9ef2e3e6704ee : 2 : ittapi_config_apply_per_lib :  ITTAPI function not implemented: __itt_state_set
510205 : 0x9ef2e3e670c40 : 2 : ittapi_config_apply_per_lib :  ITTAPI function not implemented: __itt_obj_mode_set
510205 : 0x9ef2e3e671341 : 2 : ittapi_config_apply_per_lib :  ITTAPI function not implemented: __itt_thr_mode_set
510205 : 0x9ef2e3e6719bf : 2 : ittapi_config_apply_per_lib :  ITTAPI function instrumented: __itt_frame_create
510205 : 0x9ef2e3e67201b : 2 : ittapi_config_apply_per_lib :  ITTAPI function instrumented: __itt_pt_region_create
510205 : 0x9ef2e3e672699 : 2 : ittapi_config_apply_per_lib :  ITTAPI function instrumented: __itt_frame_begin
510205 : 0x9ef2e3e672d4c : 2 : ittapi_config_apply_per_lib :  ITTAPI function instrumented: __itt_frame_end
510205 : 0x9ef2e3e6734bb : 2 : ittapi_config_apply_per_lib :  ITTAPI function not implemented: __itt_counter_destroy
510205 : 0x9ef2e3e673b8e : 2 : ittapi_config_apply_per_lib :  ITTAPI function instrumented: __itt_counter_inc
510205 : 0x9ef2e3e6758fd : 2 : ittapi_config_apply_per_lib :  ITTAPI function instrumented: __itt_counter_inc_delta
510205 : 0x9ef2e3e675fbe : 2 : ittapi_config_apply_per_lib :  ITTAPI function instrumented: __itt_counter_dec
510205 : 0x9ef2e3e6766ad : 2 : ittapi_config_apply_per_lib :  ITTAPI function instrumented: __itt_counter_dec_delta
510205 : 0x9ef2e3e676d20 : 2 : ittapi_config_apply_per_lib :  ITTAPI function instrumented: __itt_counter_set_value
510205 : 0x9ef2e3e67745f : 2 : ittapi_config_apply_per_lib :  ITTAPI function not implemented: __itt_counter_set_value_ex
510205 : 0x9ef2e3e677b5c : 2 : ittapi_config_apply_per_lib :  ITTAPI function not implemented: __itt_mark_create
510205 : 0x9ef2e3e678296 : 2 : ittapi_config_apply_per_lib :  ITTAPI function not implemented: __itt_mark
510205 : 0x9ef2e3e678a06 : 2 : ittapi_config_apply_per_lib :  ITTAPI function not implemented: __itt_mark_off
510205 : 0x9ef2e3e679113 : 2 : ittapi_config_apply_per_lib :  ITTAPI function not implemented: __itt_mark_global
510205 : 0x9ef2e3e679841 : 2 : ittapi_config_apply_per_lib :  ITTAPI function not implemented: __itt_mark_global_off
510205 : 0x9ef2e3e67aed5 : 2 : ittapi_config_apply_per_lib :  ITTAPI function instrumented: __itt_stack_caller_create
510205 : 0x9ef2e3e67b605 : 2 : ittapi_config_apply_per_lib :  ITTAPI function instrumented: __itt_stack_caller_destroy
510205 : 0x9ef2e3e67bcec : 2 : ittapi_config_apply_per_lib :  ITTAPI function instrumented: __itt_stack_callee_enter
510205 : 0x9ef2e3e67c36a : 2 : ittapi_config_apply_per_lib :  ITTAPI function instrumented: __itt_stack_callee_leave
510205 : 0x9ef2e3e67cacf : 2 : ittapi_config_apply_per_lib :  ITTAPI function not implemented: __itt_clock_domain_create
510205 : 0x9ef2e3e67d234 : 2 : ittapi_config_apply_per_lib :  ITTAPI function not implemented: __itt_clock_domain_reset
510205 : 0x9ef2e3e67d93d : 2 : ittapi_config_apply_per_lib :  ITTAPI function not implemented: __itt_id_create_ex
510205 : 0x9ef2e3e67e07d : 2 : ittapi_config_apply_per_lib :  ITTAPI function not implemented: __itt_id_destroy_ex
510205 : 0x9ef2e3e67e7b6 : 2 : ittapi_config_apply_per_lib :  ITTAPI function not implemented: __itt_task_begin_ex
510205 : 0x9ef2e3e67ee9b : 2 : ittapi_config_apply_per_lib :  ITTAPI function not implemented: __itt_task_begin_fn_ex
510205 : 0x9ef2e3e680375 : 2 : ittapi_config_apply_per_lib :  ITTAPI function not implemented: __itt_task_end_ex
510205 : 0x9ef2e3e680a9d : 2 : ittapi_config_apply_per_lib :  ITTAPI function instrumented: __itt_task_begin_overlapped
510205 : 0x9ef2e3e6811c7 : 2 : ittapi_config_apply_per_lib :  ITTAPI function not implemented: __itt_task_begin_overlapped_ex
510205 : 0x9ef2e3e6818b8 : 2 : ittapi_config_apply_per_lib :  ITTAPI function instrumented: __itt_task_end_overlapped
510205 : 0x9ef2e3e681fe6 : 2 : ittapi_config_apply_per_lib :  ITTAPI function not implemented: __itt_task_end_overlapped_ex
510205 : 0x9ef2e3e6826ce : 2 : ittapi_config_apply_per_lib :  ITTAPI function not implemented: __itt_marker_ex
510205 : 0x9ef2e3e682e3b : 2 : ittapi_config_apply_per_lib :  ITTAPI function not implemented: __itt_metadata_add_with_scope
510205 : 0x9ef2e3e6835e2 : 2 : ittapi_config_apply_per_lib :  ITTAPI function not implemented: __itt_metadata_str_add_with_scope
510205 : 0x9ef2e3e683d11 : 2 : ittapi_config_apply_per_lib :  ITTAPI function not implemented: __itt_relation_add_to_current_ex
510205 : 0x9ef2e3e68441a : 2 : ittapi_config_apply_per_lib :  ITTAPI function not implemented: __itt_relation_add_ex
510205 : 0x9ef2e3e686110 : 2 : ittapi_config_apply_per_lib :  ITTAPI function not implemented: __itt_track_group_create
510205 : 0x9ef2e3e686840 : 2 : ittapi_config_apply_per_lib :  ITTAPI function not implemented: __itt_track_create
510205 : 0x9ef2e3e686fbf : 2 : ittapi_config_apply_per_lib :  ITTAPI function not implemented: __itt_set_track
510205 : 0x9ef2e3e687697 : 2 : ittapi_config_apply_per_lib :  ITTAPI function instrumented: __itt_api_version
510205 : 0x9ef2e3e687db0 : 2 : ittapi_config_apply_per_lib :  ITTAPI function not implemented: __itt_av_save
510205 : 0x9ef2e3e68848a : 2 : ittapi_config_apply_per_lib :  ITTAPI function instrumented: __itt_module_load
510205 : 0x9ef2e3e688baa : 2 : ittapi_config_apply_per_lib :  ITTAPI function not implemented: __itt_module_unload