
102506 : 0xa1efe9dad367b : 1 : spill_jit_data :  Jit agent is not initialized
102490 : 0xa1efe9dad6079 : 2 : ittapi_config_mask_get :  --itt-config mask to be applied: 55
102490 : 0xa1efe9dad7b36 : 2 : ittapi_config_apply_per_lib :  ITTAPI function instrumented: __itt_domain_create
102490 : 0xa1efe9dad84fc : 2 : ittapi_config_apply_per_lib :  ITTAPI function instrumented: __itt_module_load_with_sections
102490 : 0xa1efe9dad926f : 2 : ittapi_config_apply_per_lib :  ITTAPI function not implemented: __itt_module_unload_with_sections
102490 : 0xa1efe9dad9ad4 : 2 : ittapi_config_apply_per_lib :  ITTAPI function instrumented: __itt_string_handle_create
102490 : 0xa1efe9dada1f9 : 2 : ittapi_config_apply_per_lib :  ITTAPI function instrumented: __itt_counter_create
102490 : 0xa1efe9dada838 : 2 : ittapi_config_apply_per_lib :  ITTAPI function instrumented: __itt_counter_create_typed
102490 : 0xa1efe9dadb0e9 : 2 : ittapi_config_apply_per_lib :  ITTAPI function instrumented: __itt_pause
102490 : 0xa1efe9dadb7f4 : 2 : ittapi_config_apply_per_lib :  ITTAPI function instrumented: __itt_resume
102490 : 0xa1efe9dae13c3 : 2 : ittapi_config_apply_per_lib :  ITTAPI function instrumented: __itt_thread_set_name
102490 : 0xa1efe9dae1c15 : 2 : ittapi_config_apply_per_lib :  ITTAPI function instrumented: __itt_thread_ignore
102490 : 0xa1efe9dae22e3 : 2 : ittapi_config_apply_per_lib :  ITTAPI function instrumented: __itt_thr_name_set
102490 : 0xa1efe9dae29a7 : 2 : ittapi_config_apply_per_lib :  ITTAPI function instrumented: __itt_thr_ignore
102490 : 0xa1efe9dae3412 : 2 : ittapi_config_apply_per_lib :  ITTAPI function not implemented: __itt_enable_attach
102490 : 0xa1efe9dae3b54 : 2 : ittapi_config_apply_per_lib :  ITTAPI function instrumented: __itt_detach
102490 : 0xa1efe9dae3f7c : 2 : ittapi_config_apply_per_lib :  ITTAPI function NOT instrumented (not matched by --itt-config option): __itt_sync_create

102490 : 0xa1efe9dae43ef : 2 : ittapi_config_apply_per_lib :  ITTAPI function NOT instrumented (not matched by --itt-config option): __itt_sync_rename

102490 : 0xa1efe9dae47c5 : 2 : ittapi_config_apply_per_lib :  ITTAPI function NOT instrumented (not matched by --itt-config option): __itt_sync_destroy

102490 : 0xa1efe9dae4b86 : 2 : ittapi_config_apply_per_lib :  ITTAPI function NOT instrumented (not matched by --itt-config option): __itt_sync_prepare

102490 : 0xa1efe9dae5f95 : 2 : ittapi_config_apply_per_lib :  ITTAPI function NOT instrumented (not matched by --itt-config option): __itt_sync_cancel

102490 : 0xa1efe9dae637f : 2 : ittapi_config_apply_per_lib :  ITTAPI function NOT instrumented (not matched by --itt-config option): __itt_sync_acquired

102490 : 0xa1efe9dae66e9 : 2 : ittapi_config_apply_per_lib :  ITTAPI function NOT instrumented (not matched by --itt-config option): __itt_sync_releasing

102490 : 0xa1efe9dae6f6d : 2 : ittapi_config_apply_per_lib :  ITTAPI function not implemented: __itt_suppress_push
102490 : 0xa1efe9dae77f5 : 2 : ittapi_config_apply_per_lib :  ITTAPI function not implemented: __itt_suppress_pop
102490 : 0xa1efe9dae7f78 : 2 : ittapi_config_apply_per_lib :  ITTAPI function not implemented: __itt_suppress_mark_range
102490 : 0xa1efe9dae8778 : 2 : ittapi_config_apply_per_lib :  ITTAPI function not implemented: __itt_suppress_clear_range
102490 : 0xa1efe9dae8ae6 : 2 : ittapi_config_apply_per_lib :  ITTAPI function NOT instrumented (not matched by --itt-config option): __itt_sync_prepare

102490 : 0xa1efe9dae8e8e : 2 : ittapi_config_apply_per_lib :  ITTAPI function NOT instrumented (not matched by --itt-config option): __itt_sync_cancel

102490 : 0xa1efe9dae91fb : 2 : ittapi_config_apply_per_lib :  ITTAPI function NOT instrumented (not matched by --itt-config option): __itt_sync_acquired

102490 : 0xa1efe9daea194 : 2 : ittapi_config_apply_per_lib :  ITTAPI function NOT instrumented (not matched by --itt-config option): __itt_sync_releasing

102490 : 0xa1efe9daea5b0 : 2 : ittapi_config_apply_per_lib :  ITTAPI function NOT instrumented (not matched by --itt-config option): __itt_model_site_begin

102490 : 0xa1efe9daea960 : 2 : ittapi_config_apply_per_lib :  ITTAPI function NOT instrumented (not matched by --itt-config option): __itt_model_site_end

102490 : 0xa1efe9daeace1 : 2 : ittapi_config_apply_per_lib :  ITTAPI function NOT instrumented (not matched by --itt-config option): __itt_model_task_begin

102490 : 0xa1efe9daeb040 : 2 : ittapi_config_apply_per_lib :  ITTAPI function NOT instrumented (not matched by --itt-config option): __itt_model_task_end

102490 : 0xa1efe9daeb3ab : 2 : ittapi_config_apply_per_lib :  ITTAPI function NOT instrumented (not matched by --itt-config option): __itt_model_lock_acquire

102490 : 0xa1efe9daeb7c2 : 2 : ittapi_config_apply_per_lib :  ITTAPI function NOT instrumented (not matched by --itt-config option): __itt_model_lock_release

102490 : 0xa1efe9daebb34 : 2 : ittapi_config_apply_per_lib :  ITTAPI function NOT instrumented (not matched by --itt-config option): __itt_model_record_allocation

102490 : 0xa1efe9daebe71 : 2 : ittapi_config_apply_per_lib :  ITTAPI function NOT instrumented (not matched by --itt-config option): __itt_model_record_deallocation

102490 : 0xa1efe9daec1a3 : 2 : ittapi_config_apply_per_lib :  ITTAPI function NOT instrumented (not matched by --itt-config option): __itt_model_induction_uses

102490 : 0xa1efe9daedd7a : 2 : ittapi_config_apply_per_lib :  ITTAPI function NOT instrumented (not matched by --itt-config option): __itt_model_reduction_uses

102490 : 0xa1efe9daee158 : 2 : ittapi_config_apply_per_lib :  ITTAPI function NOT instrumented (not matched by --itt-config option): __itt_model_observe_uses

102490 : 0xa1efe9daee507 : 2 : ittapi_config_apply_per_lib :  ITTAPI function NOT instrumented (not matched by --itt-config option): __itt_model_clear_uses

102490 : 0xa1efe9daee888 : 2 : ittapi_config_apply_per_lib :  ITTAPI function NOT instrumented (not matched by --itt-config option): __itt_model_site_beginA

102490 : 0xa1efe9daeec32 : 2 : ittapi_config_apply_per_lib :  ITTAPI function NOT instrumented (not matched by --itt-config option): __itt_model_site_beginAL

102490 : 0xa1efe9daeefa9 : 2 : ittapi_config_apply_per_lib :  ITTAPI function NOT instrumented (not matched by --itt-config option): __itt_model_task_beginA

102490 : 0xa1efe9daef324 : 2 : ittapi_config_apply_per_lib :  ITTAPI function NOT instrumented (not matched by --itt-config option): __itt_model_task_beginAL

102490 : 0xa1efe9daef68b : 2 : ittapi_config_apply_per_lib :  ITTAPI function NOT instrumented (not matched by --itt-config option): __itt_model_iteration_taskA

102490 : 0xa1efe9daef9d2 : 2 : ittapi_config_apply_per_lib :  ITTAPI function NOT instrumented (not matched by --itt-config option): __itt_model_iteration_taskAL

102490 : 0xa1efe9daefd08 : 2 : ittapi_config_apply_per_lib :  ITTAPI function NOT instrumented (not matched by --itt-config option): __itt_model_site_end_2

102490 : 0xa1efe9daf0c51 : 2 : ittapi_config_apply_per_lib :  ITTAPI function NOT instrumented (not matched by --itt-config option): __itt_model_task_end_2

102490 : 0xa1efe9daf0fb9 : 2 : ittapi_config_apply_per_lib :  ITTAPI function NOT instrumented (not matched by --itt-config option): __itt_model_lock_acquire_2

102490 : 0xa1efe9daf135e : 2 : ittapi_config_apply_per_lib :  ITTAPI function NOT instrumented (not matched by --itt-config option): __itt_model_lock_release_2

102490 : 0xa1efe9daf16d4 : 2 : ittapi_config_apply_per_lib :  ITTAPI function NOT instrumented (not matched by --itt-config option): __itt_model_aggregate_task

102490 : 0xa1efe9daf1a3e : 2 : ittapi_config_apply_per_lib :  ITTAPI function NOT instrumented (not matched by --itt-config option): __itt_model_disable_push

102490 : 0xa1efe9daf1d82 : 2 : ittapi_config_apply_per_lib :  ITTAPI function NOT instrumented (not matched by --itt-config option): __itt_model_disable_pop

102490 : 0xa1efe9daf24d4 : 2 : ittapi_config_apply_per_lib :  ITTAPI function instrumented: __itt_heap_function_create
102490 : 0xa1efe9daf2bea : 2 : ittapi_config_apply_per_lib :  ITTAPI function instrumented: __itt_heap_allocate_begin
102490 : 0xa1efe9daf322e : 2 : ittapi_config_apply_per_lib :  ITTAPI function instrumented: __itt_heap_allocate_end
102490 : 0xa1efe9daf38f5 : 2 : ittapi_config_apply_per_lib :  ITTAPI function instrumented: __itt_heap_free_begin
102490 : 0xa1efe9daf5434 : 2 : ittapi_config_apply_per_lib :  ITTAPI function instrumented: __itt_heap_free_end
102490 : 0xa1efe9daf5b25 : 2 : ittapi_config_apply_per_lib :  ITTAPI function instrumented: __itt_heap_reallocate_begin
102490 : 0xa1efe9daf6159 : 2 : ittapi_config_apply_per_lib :  ITTAPI function instrumented: __itt_heap_reallocate_end
102490 : 0xa1efe9daf6913 : 2 : ittapi_config_apply_per_lib :  ITTAPI function not implemented: __itt_heap_internal_access_begin
102490 : 0xa1efe9daf705f : 2 : ittapi_config_apply_per_lib :  ITTAPI function not implemented: __itt_heap_internal_access_end
102490 : 0xa1efe9daf7810 : 2 : ittapi_config_apply_per_lib :  ITTAPI function not implemented: __itt_heap_record_memory_growth_begin
102490 : 0xa1efe9daf7f74 : 2 : ittapi_config_apply_per_lib :  ITTAPI function not implemented: __itt_heap_record_memory_growth_end
102490 : 0xa1efe9daf878a : 2 : ittapi_config_apply_per_lib :  ITTAPI function not implemented: __itt_heap_reset_detection
102490 : 0xa1efe9daf8f83 : 2 : ittapi_config_apply_per_lib :  ITTAPI function not implemented: __itt_heap_record
102490 : 0xa1efe9daf96ee : 2 : ittapi_config_apply_per_lib :  ITTAPI function not implemented: __itt_id_create
102490 : 0xa1efe9dafacc6 : 2 : ittapi_config_apply_per_lib :  ITTAPI function not implemented: __itt_id_destroy
102490 : 0xa1efe9dafb3d6 : 2 : ittapi_config_apply_per_lib :  ITTAPI function instrumented: __itt_get_timestamp
102490 : 0xa1efe9dafbac8 : 2 : ittapi_config_apply_per_lib :  ITTAPI function not implemented: __itt_region_begin
102490 : 0xa1efe9dafc259 : 2 : ittapi_config_apply_per_lib :  ITTAPI function not implemented: __itt_region_end
102490 : 0xa1efe9dafc95b : 2 : ittapi_config_apply_per_lib :  ITTAPI function instrumented: __itt_frame_begin_v3
102490 : 0xa1efe9dafd0b3 : 2 : ittapi_config_apply_per_lib :  ITTAPI function instrumented: __itt_frame_end_v3
102490 : 0xa1efe9dafd74c : 2 : ittapi_config_apply_per_lib :  ITTAPI function instrumented: __itt_frame_submit_v3
102490 : 0xa1efe9dafdee2 : 2 : ittapi_config_apply_per_lib :  ITTAPI function not implemented: __itt_task_group
102490 : 0xa1efe9dafe5d6 : 2 : ittapi_config_apply_per_lib :  ITTAPI function instrumented: __itt_task_begin
102490 : 0xa1efe9dafecc2 : 2 : ittapi_config_apply_per_lib :  ITTAPI function instrumented: __itt_task_begin_fn
102490 : 0xa1efe9db00046 : 2 : ittapi_config_apply_per_lib :  ITTAPI function instrumented: __itt_task_end
102490 : 0xa1efe9db00825 : 2 : ittapi_config_apply_per_lib :  ITTAPI function not implemented: __itt_counter_inc_v3
102490 : 0xa1efe9db00fee : 2 : ittapi_config_apply_per_lib :  ITTAPI function not implemented: __itt_counter_inc_delta_v3
102490 : 0xa1efe9db01738 : 2 : ittapi_config_apply_per_lib :  ITTAPI function not implemented: __itt_counter_dec_v3
102490 : 0xa1efe9db01e60 : 2 : ittapi_config_apply_per_lib :  ITTAPI function not implemented: __itt_counter_dec_delta_v3
102490 : 0xa1efe9db0258d : 2 : ittapi_config_apply_per_lib :  ITTAPI function not implemented: __itt_marker
102490 : 0xa1efe9db02c67 : 2 : ittapi_config_apply_per_lib :  ITTAPI function instrumented: __itt_metadata_add
102490 : 0xa1efe9db033e6 : 2 : ittapi_config_apply_per_lib :  ITTAPI function not implemented: __itt_metadata_str_add
102490 : 0xa1efe9db03ab7 : 2 : ittapi_config_apply_per_lib :  ITTAPI function not implemented: __itt_relation_add_to_current
102490 : 0xa1efe9db041dd : 2 : ittapi_config_apply_per_lib :  ITTAPI function not implemented: __itt_relation_add
102490 : 0xa1efe9db0569a : 2 : ittapi_config_apply_per_lib :  ITTAPI function instrumented: __itt_event_create
102490 : 0xa1efe9db05d70 : 2 : ittapi_config_apply_per_lib :  ITTAPI function instrumented: __itt_event_start
102490 : 0xa1efe9db06403 : 2 : ittapi_config_apply_per_lib :  ITTAPI function instrumented: __itt_event_end
102490 : 0xa1efe9db06770 : 2 : ittapi_config_apply_per_lib :  ITTAPI function NOT instrumented (not matched by --itt-config option): __itt_sync_set_name

102490 : 0xa1efe9db06b29 : 2 : ittapi_config_apply_per_lib :  ITTAPI function NOT instrumented (not matched by --itt-config option): __itt_notify_sync_name

102490 : 0xa1efe9db06ec7 : 2 : ittapi_config_apply_per_lib :  ITTAPI function NOT instrumented (not matched by --itt-config option): __itt_notify_sync_prepare

102490 : 0xa1efe9db0729b : 2 : ittapi_config_apply_per_lib :  ITTAPI function NOT instrumented (not matched by --itt-config option): __itt_notify_sync_cancel

102490 : 0xa1efe9db07622 : 2 : ittapi_config_apply_per_lib :  ITTAPI function NOT instrumented (not matched by --itt-config option): __itt_notify_sync_acquired

102490 : 0xa1efe9db079d3 : 2 : ittapi_config_apply_per_lib :  ITTAPI function NOT instrumented (not matched by --itt-config option): __itt_notify_sync_releasing

102490 : 0xa1efe9db08139 : 2 : ittapi_config_apply_per_lib :  ITTAPI function not implemented: __itt_memory_read
102490 : 0xa1efe9db09b99 : 2 : ittapi_config_apply_per_lib :  ITTAPI function not implemented: __itt_memory_write
102490 : 0xa1efe9db0a2a9 : 2 : ittapi_config_apply_per_lib :  ITTAPI function not implemented: __itt_memory_update
102490 : 0xa1efe9db0aa05 : 2 : ittapi_config_apply_per_lib :  ITTAPI function not implemented: __itt_state_get
102490 : 0xa1efe9db0b205 : 2 : ittapi_config_apply_per_lib :  ITTAPI function not implemented: __itt_state_set
102490 : 0xa1efe9db0b988 : 2 : ittapi_config_apply_per_lib :  ITTAPI function not implemented: __itt_obj_mode_set
102490 : 0xa1efe9db0c0ca : 2 : ittapi_config_apply_per_lib :  ITTAPI function not implemented: __itt_thr_mode_set
102490 : 0xa1efe9db0c727 : 2 : ittapi_config_apply_per_lib :  ITTAPI function instrumented: __itt_frame_create
102490 : 0xa1efe9db0cdb4 : 2 : ittapi_config_apply_per_lib :  ITTAPI function instrumented: __itt_pt_region_create
102490 : 0xa1efe9db0d428 : 2 : ittapi_config_apply_per_lib :  ITTAPI function instrumented: __itt_frame_begin
102490 : 0xa1efe9db0dada : 2 : ittapi_config_apply_per_lib :  ITTAPI function instrumented: __itt_frame_end
102490 : 0xa1efe9db0ef66 : 2 : ittapi_config_apply_per_lib :  ITTAPI function not implemented: __itt_counter_destroy
102490 : 0xa1efe9db0f625 : 2 : ittapi_config_apply_per_lib :  ITTAPI function instrumented: __itt_counter_inc
102490 : 0xa1efe9db0fcbb : 2 : ittapi_config_apply_per_lib :  ITTAPI function instrumented: __itt_counter_inc_delta
102490 : 0xa1efe9db10375 : 2 : ittapi_config_apply_per_lib :  ITTAPI function instrumented: __itt_counter_dec
102490 : 0xa1efe9db10a27 : 2 : ittapi_config_apply_per_lib :  ITTAPI function instrumented: __itt_counter_dec_delta
102490 : 0xa1efe9db11127 : 2 : ittapi_config_apply_per_lib :  ITTAPI function instrumented: __itt_counter_set_value
102490 : 0xa1efe9db11876 : 2 : ittapi_config_apply_per_lib :  ITTAPI function not implemented: __itt_counter_set_value_ex
102490 : 0xa1efe9db11f60 : 2 : ittapi_config_apply_per_lib :  ITTAPI function not implemented: __itt_mark_create
102490 : 0xa1efe9db126ba : 2 : ittapi_config_apply_per_lib :  ITTAPI function not implemented: __itt_mark
102490 : 0xa1efe9db12e5c : 2 : ittapi_config_apply_per_lib :  ITTAPI function not implemented: __itt_mark_off
102490 : 0xa1efe9db151fb : 2 : ittapi_config_apply_per_lib :  ITTAPI function not implemented: __itt_mark_global
102490 : 0xa1efe9db15927 : 2 : ittapi_config_apply_per_lib :  ITTAPI function not implemented: __itt_mark_global_off
102490 : 0xa1efe9db16068 : 2 : ittapi_config_apply_per_lib :  ITTAPI function instrumented: __itt_stack_caller_create
102490 : 0xa1efe9db16773 : 2 : ittapi_config_apply_per_lib :  ITTAPI function instrumented: __itt_stack_caller_destroy
102490 : 0xa1efe9db16e1a : 2 : ittapi_config_apply_per_lib :  ITTAPI function instrumented: __itt_stack_callee_enter
102490 : 0xa1efe9db17456 : 2 : ittapi_config_apply_per_lib :  ITTAPI function instrumented: __itt_stack_callee_leave
102490 : 0xa1efe9db17bda : 2 : ittapi_config_apply_per_lib :  ITTAPI function not implemented: __itt_clock_domain_create
102490 : 0xa1efe9db18370 : 2 : ittapi_config_apply_per_lib :  ITTAPI function not implemented: __itt_clock_domain_reset
102490 : 0xa1efe9db18aa1 : 2 : ittapi_config_apply_per_lib :  ITTAPI function not implemented: __itt_id_create_ex
102490 : 0xa1efe9db19226 : 2 : ittapi_config_apply_per_lib :  ITTAPI function not implemented: __itt_id_destroy_ex
102490 : 0xa1efe9db1b4a5 : 2 : ittapi_config_apply_per_lib :  ITTAPI function not implemented: __itt_task_begin_ex
102490 : 0xa1efe9db1bbb9 : 2 : ittapi_config_apply_per_lib :  ITTAPI function not implemented: __itt_task_begin_fn_ex
102490 : 0xa1efe9db1c319 : 2 : ittapi_config_apply_per_lib :  ITTAPI function not implemented: __itt_task_end_ex
102490 : 0xa1efe9db1c9db : 2 : ittapi_config_apply_per_lib :  ITTAPI function instrumented: __itt_task_begin_overlapped
102490 : 0xa1efe9db1d12b : 2 : ittapi_config_apply_per_lib :  ITTAPI function not implemented: __itt_task_begin_overlapped_ex
102490 : 0xa1efe9db1d7a9 : 2 : ittapi_config_apply_per_lib :  ITTAPI function instrumented: __itt_task_end_overlapped
102490 : 0xa1efe9db1deb9 : 2 : ittapi_config_apply_per_lib :  ITTAPI function not implemented: __itt_task_end_overlapped_ex
102490 : 0xa1efe9db1e5a8 : 2 : ittapi_config_apply_per_lib :  ITTAPI function not implemented: __itt_marker_ex
102490 : 0xa1efe9db1ed35 : 2 : ittapi_config_apply_per_lib :  ITTAPI function not implemented: __itt_metadata_add_with_scope
102490 : 0xa1efe9db1f49a : 2 : ittapi_config_apply_per_lib :  ITTAPI function not implemented: __itt_metadata_str_add_with_scope
102490 : 0xa1efe9db20817 : 2 : ittapi_config_apply_per_lib :  ITTAPI function not implemented: __itt_relation_add_to_current_ex
102490 : 0xa1efe9db20f1c : 2 : ittapi_config_apply_per_lib :  ITTAPI function not implemented: __itt_relation_add_ex
102490 : 0xa1efe9db216ce : 2 : ittapi_config_apply_per_lib :  ITTAPI function not implemented: __itt_track_group_create
102490 : 0xa1efe9db21d8a : 2 : ittapi_config_apply_per_lib :  ITTAPI function not implemented: __itt_track_create
102490 : 0xa1efe9db22487 : 2 : ittapi_config_apply_per_lib :  ITTAPI function not implemented: __itt_set_track
102490 : 0xa1efe9db22b25 : 2 : ittapi_config_apply_per_lib :  ITTAPI function instrumented: __itt_api_version
102490 : 0xa1efe9db2321a : 2 : ittapi_config_apply_per_lib :  ITTAPI function not implemented: __itt_av_save
102490 : 0xa1efe9db238d3 : 2 : ittapi_config_apply_per_lib :  ITTAPI function instrumented: __itt_module_load
102490 : 0xa1efe9db2400c : 2 : ittapi_config_apply_per_lib :  ITTAPI function not implemented: __itt_module_unload
102490 : 0xa1efe9db6c143 : 2 : ittapi_config_mask_get :  --itt-config mask to be applied: 55
102490 : 0xa1efe9db6dfbc : 2 : ittapi_config_apply_per_lib :  ITTAPI function instrumented: __itt_domain_create
102490 : 0xa1efe9db6e7ac : 2 : ittapi_config_apply_per_lib :  ITTAPI function instrumented: __itt_module_load_with_sections
102490 : 0xa1efe9db6f04d : 2 : ittapi_config_apply_per_lib :  ITTAPI function not implemented: __itt_module_unload_with_sections
102490 : 0xa1efe9db6f747 : 2 : ittapi_config_apply_per_lib :  ITTAPI function instrumented: __itt_string_handle_create
102490 : 0xa1efe9db6fddf : 2 : ittapi_config_apply_per_lib :  ITTAPI function instrumented: __itt_counter_create
102490 : 0xa1efe9db70421 : 2 : ittapi_config_apply_per_lib :  ITTAPI function instrumented: __itt_counter_create_typed
102490 : 0xa1efe9db70ac0 : 2 : ittapi_config_apply_per_lib :  ITTAPI function instrumented: __itt_pause
102490 : 0xa1efe9db7117f : 2 : ittapi_config_apply_per_lib :  ITTAPI function instrumented: __itt_resume
102490 : 0xa1efe9db717b2 : 2 : ittapi_config_apply_per_lib :  ITTAPI function instrumented: __itt_thread_set_name
102490 : 0xa1efe9db71e7f : 2 : ittapi_config_apply_per_lib :  ITTAPI function instrumented: __itt_thread_ignore
102490 : 0xa1efe9db73134 : 2 : ittapi_config_apply_per_lib :  ITTAPI function instrumented: __itt_thr_name_set
102490 : 0xa1efe9db737ef : 2 : ittapi_config_apply_per_lib :  ITTAPI function instrumented: __itt_thr_ignore
102490 : 0xa1efe9db74010 : 2 : ittapi_config_apply_per_lib :  ITTAPI function not implemented: __itt_enable_attach
102490 : 0xa1efe9db746c6 : 2 : ittapi_config_apply_per_lib :  ITTAPI function instrumented: __itt_detach
102490 : 0xa1efe9db74a83 : 2 : ittapi_config_apply_per_lib :  ITTAPI function NOT instrumented (not matched by --itt-config option): __itt_sync_create

102490 : 0xa1efe9db74e8c : 2 : ittapi_config_apply_per_lib :  ITTAPI function NOT instrumented (not matched by --itt-config option): __itt_sync_rename

102490 : 0xa1efe9db7524d : 2 : ittapi_config_apply_per_lib :  ITTAPI function NOT instrumented (not matched by --itt-config option): __itt_sync_destroy

102490 : 0xa1efe9db75631 : 2 : ittapi_config_apply_per_lib :  ITTAPI function NOT instrumented (not matched by --itt-config option): __itt_sync_prepare

102490 : 0xa1efe9db759d4 : 2 : ittapi_config_apply_per_lib :  ITTAPI function NOT instrumented (not matched by --itt-config option): __itt_sync_cancel

102490 : 0xa1efe9db75d32 : 2 : ittapi_config_apply_per_lib :  ITTAPI function NOT instrumented (not matched by --itt-config option): __itt_sync_acquired

102490 : 0xa1efe9db77757 : 2 : ittapi_config_apply_per_lib :  ITTAPI function NOT instrumented (not matched by --itt-config option): __itt_sync_releasing

102490 : 0xa1efe9db77f90 : 2 : ittapi_config_apply_per_lib :  ITTAPI function not implemented: __itt_suppress_push
102490 : 0xa1efe9db7879a : 2 : ittapi_config_apply_per_lib :  ITTAPI function not implemented: __itt_suppress_pop
102490 : 0xa1efe9db78edc : 2 : ittapi_config_apply_per_lib :  ITTAPI function not implemented: __itt_suppress_mark_range
102490 : 0xa1efe9db79679 : 2 : ittapi_config_apply_per_lib :  ITTAPI function not implemented: __itt_suppress_clear_range
102490 : 0xa1efe9db79a20 : 2 : ittapi_config_apply_per_lib :  ITTAPI function NOT instrumented (not matched by --itt-config option): __itt_sync_prepare

102490 : 0xa1efe9db79da3 : 2 : ittapi_config_apply_per_lib :  ITTAPI function NOT instrumented (not matched by --itt-config option): __itt_sync_cancel

102490 : 0xa1efe9db7a10d : 2 : ittapi_config_apply_per_lib :  ITTAPI function NOT instrumented (not matched by --itt-config option): __itt_sync_acquired

102490 : 0xa1efe9db7a4a1 : 2 : ittapi_config_apply_per_lib :  ITTAPI function NOT instrumented (not matched by --itt-config option): __itt_sync_releasing

102490 : 0xa1efe9db7a889 : 2 : ittapi_config_apply_per_lib :  ITTAPI function NOT instrumented (not matched by --itt-config option): __itt_model_site_begin

102490 : 0xa1efe9db7b7cc : 2 : ittapi_config_apply_per_lib :  ITTAPI function NOT instrumented (not matched by --itt-config option): __itt_model_site_end

102490 : 0xa1efe9db7bb7e : 2 : ittapi_config_apply_per_lib :  ITTAPI function NOT instrumented (not matched by --itt-config option): __itt_model_task_begin

102490 : 0xa1efe9db7bee8 : 2 : ittapi_config_apply_per_lib :  ITTAPI function NOT instrumented (not matched by --itt-config option): __itt_model_task_end

102490 : 0xa1efe9db7c24f : 2 : ittapi_config_apply_per_lib :  ITTAPI function NOT instrumented (not matched by --itt-config option): __itt_model_lock_acquire

102490 : 0xa1efe9db7c5e6 : 2 : ittapi_config_apply_per_lib :  ITTAPI function NOT instrumented (not matched by --itt-config option): __itt_model_lock_release

102490 : 0xa1efe9db7c944 : 2 : ittapi_config_apply_per_lib :  ITTAPI function NOT instrumented (not matched by --itt-config option): __itt_model_record_allocation

102490 : 0xa1efe9db7cc97 : 2 : ittapi_config_apply_per_lib :  ITTAPI function NOT instrumented (not matched by --itt-config option): __itt_model_record_deallocation

102490 : 0xa1efe9db7d00e : 2 : ittapi_config_apply_per_lib :  ITTAPI function NOT instrumented (not matched by --itt-config option): __itt_model_induction_uses

102490 : 0xa1efe9db7d379 : 2 : ittapi_config_apply_per_lib :  ITTAPI function NOT instrumented (not matched by --itt-config option): __itt_model_reduction_uses

102490 : 0xa1efe9db7d6e0 : 2 : ittapi_config_apply_per_lib :  ITTAPI function NOT instrumented (not matched by --itt-config option): __itt_model_observe_uses

102490 : 0xa1efe9db7e5a1 : 2 : ittapi_config_apply_per_lib :  ITTAPI function NOT instrumented (not matched by --itt-config option): __itt_model_clear_uses

102490 : 0xa1efe9db7e942 : 2 : ittapi_config_apply_per_lib :  ITTAPI function NOT instrumented (not matched by --itt-config option): __itt_model_site_beginA

102490 : 0xa1efe9db7ecad : 2 : ittapi_config_apply_per_lib :  ITTAPI function NOT instrumented (not matched by --itt-config option): __itt_model_site_beginAL

102490 : 0xa1efe9db7f017 : 2 : ittapi_config_apply_per_lib :  ITTAPI function NOT instrumented (not matched by --itt-config option): __itt_model_task_beginA

102490 : 0xa1efe9db7f37a : 2 : ittapi_config_apply_per_lib :  ITTAPI function NOT instrumented (not matched by --itt-config option): __itt_model_task_beginAL

102490 : 0xa1efe9db7f71d : 2 : ittapi_config_apply_per_lib :  ITTAPI function NOT instrumented (not matched by --itt-config option): __itt_model_iteration_taskA

102490 : 0xa1efe9db7fa62 : 2 : ittapi_config_apply_per_lib :  ITTAPI function NOT instrumented (not matched by --itt-config option): __itt_model_iteration_taskAL

102490 : 0xa1efe9db7fd9d : 2 : ittapi_config_apply_per_lib :  ITTAPI function NOT instrumented (not matched by --itt-config option): __itt_model_site_end_2

102490 : 0xa1efe9db8011b : 2 : ittapi_config_apply_per_lib :  ITTAPI function NOT instrumented (not matched by --itt-config option): __itt_model_task_end_2

102490 : 0xa1efe9db8045a : 2 : ittapi_config_apply_per_lib :  ITTAPI function NOT instrumented (not matched by --itt-config option): __itt_model_lock_acquire_2

102490 : 0xa1efe9db8193f : 2 : ittapi_config_apply_per_lib :  ITTAPI function NOT instrumented (not matched by --itt-config option): __itt_model_lock_release_2

102490 : 0xa1efe9db81cfa : 2 : ittapi_config_apply_per_lib :  ITTAPI function NOT instrumented (not matched by --itt-config option): __itt_model_aggregate_task

102490 : 0xa1efe9db8206d : 2 : ittapi_config_apply_per_lib :  ITTAPI function NOT instrumented (not matched by --itt-config option): __itt_model_disable_push

102490 : 0xa1efe9db823fc : 2 : ittapi_config_apply_per_lib :  ITTAPI function NOT instrumented (not matched by --itt-config option): __itt_model_disable_pop

102490 : 0xa1efe9db82ae2 : 2 : ittapi_config_apply_per_lib :  ITTAPI function instrumented: __itt_heap_function_create
102490 : 0xa1efe9db83207 : 2 : ittapi_config_apply_per_lib :  ITTAPI function instrumented: __itt_heap_allocate_begin
102490 : 0xa1efe9db8386b : 2 : ittapi_config_apply_per_lib :  ITTAPI function instrumented: __itt_heap_allocate_end
102490 : 0xa1efe9db83f24 : 2 : ittapi_config_apply_per_lib :  ITTAPI function instrumented: __itt_heap_free_begin
102490 : 0xa1efe9db8455b : 2 : ittapi_config_apply_per_lib :  ITTAPI function instrumented: __itt_heap_free_end
102490 : 0xa1efe9db84bdb : 2 : ittapi_config_apply_per_lib :  ITTAPI function instrumented: __itt_heap_reallocate_begin
102490 : 0xa1efe9db85f09 : 2 : ittapi_config_apply_per_lib :  ITTAPI function instrumented: __itt_heap_reallocate_end
102490 : 0xa1efe9db86729 : 2 : ittapi_config_apply_per_lib :  ITTAPI function not implemented: __itt_heap_internal_access_begin
102490 : 0xa1efe9db86e74 : 2 : ittapi_config_apply_per_lib :  ITTAPI function not implemented: __itt_heap_internal_access_end
102490 : 0xa1efe9db875da : 2 : ittapi_config_apply_per_lib :  ITTAPI function not implemented: __itt_heap_record_memory_growth_begin
102490 : 0xa1efe9db87d48 : 2 : ittapi_config_apply_per_lib :  ITTAPI function not implemented: __itt_heap_record_memory_growth_end
102490 : 0xa1efe9db88492 : 2 : ittapi_config_apply_per_lib :  ITTAPI function not implemented: __itt_heap_reset_detection
102490 : 0xa1efe9db88c0f : 2 : ittapi_config_apply_per_lib :  ITTAPI function not implemented: __itt_heap_record
102490 : 0xa1efe9db89369 : 2 : ittapi_config_apply_per_lib :  ITTAPI function not implemented: __itt_id_create
102490 : 0xa1efe9db89b00 : 2 : ittapi_config_apply_per_lib :  ITTAPI function not implemented: __itt_id_destroy
102490 : 0xa1efe9db8a197 : 2 : ittapi_config_apply_per_lib :  ITTAPI function instrumented: __itt_get_timestamp
102490 : 0xa1efe9db8b4d1 : 2 : ittapi_config_apply_per_lib :  ITTAPI function not implemented: __itt_region_begin
102490 : 0xa1efe9db8bc68 : 2 : ittapi_config_apply_per_lib :  ITTAPI function not implemented: __itt_region_end
102490 : 0xa1efe9db8c346 : 2 : ittapi_config_apply_per_lib :  ITTAPI function instrumented: __itt_frame_begin_v3
102490 : 0xa1efe9db8ca53 : 2 : ittapi_config_apply_per_lib :  ITTAPI function instrumented: __itt_frame_end_v3
102490 : 0xa1efe9db8d10e : 2 : ittapi_config_apply_per_lib :  ITTAPI function instrumented: __itt_frame_submit_v3
102490 : 0xa1efe9db8d86f : 2 : ittapi_config_apply_per_lib :  ITTAPI function not implemented: __itt_task_group
102490 : 0xa1efe9db8df7f : 2 : ittapi_config_apply_per_lib :  ITTAPI function instrumented: __itt_task_begin
102490 : 0xa1efe9db8e602 : 2 : ittapi_config_apply_per_lib :  ITTAPI function instrumented: __itt_task_begin_fn
102490 : 0xa1efe9db8ecb8 : 2 : ittapi_config_apply_per_lib :  ITTAPI function instrumented: __itt_task_end
102490 : 0xa1efe9db8f42a : 2 : ittapi_config_apply_per_lib :  ITTAPI function not implemented: __itt_counter_inc_v3
102490 : 0xa1efe9db90f46 : 2 : ittapi_config_apply_per_lib :  ITTAPI function not implemented: __itt_counter_inc_delta_v3
102490 : 0xa1efe9db916a7 : 2 : ittapi_config_apply_per_lib :  ITTAPI function not implemented: __itt_counter_dec_v3
102490 : 0xa1efe9db91dd4 : 2 : ittapi_config_apply_per_lib :  ITTAPI function not implemented: __itt_counter_dec_delta_v3
102490 : 0xa1efe9db9251c : 2 : ittapi_config_apply_per_lib :  ITTAPI function not implemented: __itt_marker
102490 : 0xa1efe9db92bae : 2 : ittapi_config_apply_per_lib :  ITTAPI function instrumented: __itt_metadata_add
102490 : 0xa1efe9db93342 : 2 : ittapi_config_apply_per_lib :  ITTAPI function not implemented: __itt_metadata_str_add
102490 : 0xa1efe9db93a28 : 2 : ittapi_config_apply_per_lib :  ITTAPI function not implemented: __itt_relation_add_to_current
102490 : 0xa1efe9db94165 : 2 : ittapi_config_apply_per_lib :  ITTAPI function not implemented: __itt_relation_add
102490 : 0xa1efe9db9479d : 2 : ittapi_config_apply_per_lib :  ITTAPI function instrumented: __itt_event_create
102490 : 0xa1efe9db94e19 : 2 : ittapi_config_apply_per_lib :  ITTAPI function instrumented: __itt_event_start
102490 : 0xa1efe9db96110 : 2 : ittapi_config_apply_per_lib :  ITTAPI function instrumented: __itt_event_end
102490 : 0xa1efe9db9649c : 2 : ittapi_config_apply_per_lib :  ITTAPI function NOT instrumented (not matched by --itt-config option): __itt_sync_set_name

102490 : 0xa1efe9db96868 : 2 : ittapi_config_apply_per_lib :  ITTAPI function NOT instrumented (not matched by --itt-config option): __itt_notify_sync_name

102490 : 0xa1efe9db96bdc : 2 : ittapi_config_apply_per_lib :  ITTAPI function NOT instrumented (not matched by --itt-config option): __itt_notify_sync_prepare

102490 : 0xa1efe9db96f85 : 2 : ittapi_config_apply_per_lib :  ITTAPI function NOT instrumented (not matched by --itt-config option): __itt_notify_sync_cancel

102490 : 0xa1efe9db97318 : 2 : ittapi_config_apply_per_lib :  ITTAPI function NOT instrumented (not matched by --itt-config option): __itt_notify_sync_acquired

102490 : 0xa1efe9db9767c : 2 : ittapi_config_apply_per_lib :  ITTAPI function NOT instrumented (not matched by --itt-config option): __itt_notify_sync_releasing

102490 : 0xa1efe9db97db0 : 2 : ittapi_config_apply_per_lib :  ITTAPI function not implemented: __itt_memory_read
102490 : 0xa1efe9db98529 : 2 : ittapi_config_apply_per_lib :  ITTAPI function not implemented: __itt_memory_write
102490 : 0xa1efe9db98c43 : 2 : ittapi_config_apply_per_lib :  ITTAPI function not implemented: __itt_memory_update
102490 : 0xa1efe9db99fb3 : 2 : ittapi_config_apply_per_lib :  ITTAPI function not implemented: __itt_state_get
102490 : 0xa1efe9db9a6bc : 2 : ittapi_config_apply_per_lib :  ITTAPI function not implemented: __itt_state_set
102490 : 0xa1efe9db9ae1b : 2 : ittapi_config_apply_per_lib :  ITTAPI function not implemented: __itt_obj_mode_set
102490 : 0xa1efe9db9b541 : 2 : ittapi_config_apply_per_lib :  ITTAPI function not implemented: __itt_thr_mode_set
102490 : 0xa1efe9db9bb9b : 2 : ittapi_config_apply_per_lib :  ITTAPI function instrumented: __itt_frame_create
102490 : 0xa1efe9db9c1fa : 2 : ittapi_config_apply_per_lib :  ITTAPI function instrumented: __itt_pt_region_create
102490 : 0xa1efe9db9c895 : 2 : ittapi_config_apply_per_lib :  ITTAPI function instrumented: __itt_frame_begin
102490 : 0xa1efe9db9cf0f : 2 : ittapi_config_apply_per_lib :  ITTAPI function instrumented: __itt_frame_end
102490 : 0xa1efe9db9d6c6 : 2 : ittapi_config_apply_per_lib :  ITTAPI function not implemented: __itt_counter_destroy
102490 : 0xa1efe9db9dd7a : 2 : ittapi_config_apply_per_lib :  ITTAPI function instrumented: __itt_counter_inc
102490 : 0xa1efe9db9f6ea : 2 : ittapi_config_apply_per_lib :  ITTAPI function instrumented: __itt_counter_inc_delta
102490 : 0xa1efe9db9fd6f : 2 : ittapi_config_apply_per_lib :  ITTAPI function instrumented: __itt_counter_dec
102490 : 0xa1efe9dba03f2 : 2 : ittapi_config_apply_per_lib :  ITTAPI function instrumented: __itt_counter_dec_delta
102490 : 0xa1efe9dba0a4b : 2 : ittapi_config_apply_per_lib :  ITTAPI function instrumented: __itt_counter_set_value
102490 : 0xa1efe9dba1198 : 2 : ittapi_config_apply_per_lib :  ITTAPI function not implemented: __itt_counter_set_value_ex
102490 : 0xa1efe9dba18a7 : 2 : ittapi_config_apply_per_lib :  ITTAPI function not implemented: __itt_mark_create
102490 : 0xa1efe9dba1ffd : 2 : ittapi_config_apply_per_lib :  ITTAPI function not implemented: __itt_mark
102490 : 0xa1efe9dba273e : 2 : ittapi_config_apply_per_lib :  ITTAPI function not implemented: __itt_mark_off
102490 : 0xa1efe9dba2e1b : 2 : ittapi_config_apply_per_lib :  ITTAPI function not implemented: __itt_mark_global
102490 : 0xa1efe9dba3534 : 2 : ittapi_config_apply_per_lib :  ITTAPI function not implemented: __itt_mark_global_off
102490 : 0xa1efe9dba48d5 : 2 : ittapi_config_apply_per_lib :  ITTAPI function instrumented: __itt_stack_caller_create
102490 : 0xa1efe9dba4fbe : 2 : ittapi_config_apply_per_lib :  ITTAPI function instrumented: __itt_stack_caller_destroy
102490 : 0xa1efe9dba5673 : 2 : ittapi_config_apply_per_lib :  ITTAPI function instrumented: __itt_stack_callee_enter
102490 : 0xa1efe9dba5c8d : 2 : ittapi_config_apply_per_lib :  ITTAPI function instrumented: __itt_stack_callee_leave
102490 : 0xa1efe9dba63fc : 2 : ittapi_config_apply_per_lib :  ITTAPI function not implemented: __itt_clock_domain_create
102490 : 0xa1efe9dba6b82 : 2 : ittapi_config_apply_per_lib :  ITTAPI function not implemented: __itt_clock_domain_reset
102490 : 0xa1efe9dba72aa : 2 : ittapi_config_apply_per_lib :  ITTAPI function not implemented: __itt_id_create_ex
102490 : 0xa1efe9dba7a16 : 2 : ittapi_config_apply_per_lib :  ITTAPI function not implemented: __itt_id_destroy_ex
102490 : 0xa1efe9dba8153 : 2 : ittapi_config_apply_per_lib :  ITTAPI function not implemented: __itt_task_begin_ex
102490 : 0xa1efe9dba882a : 2 : ittapi_config_apply_per_lib :  ITTAPI function not implemented: __itt_task_begin_fn_ex
102490 : 0xa1efe9dba9b7f : 2 : ittapi_config_apply_per_lib :  ITTAPI function not implemented: __itt_task_end_ex
102490 : 0xa1efe9dbaa24c : 2 : ittapi_config_apply_per_lib :  ITTAPI function instrumented: __itt_task_begin_overlapped
102490 : 0xa1efe9dbaa97e : 2 : ittapi_config_apply_per_lib :  ITTAPI function not implemented: __itt_task_begin_overlapped_ex
102490 : 0xa1efe9dbab022 : 2 : ittapi_config_apply_per_lib :  ITTAPI function instrumented: __itt_task_end_overlapped
102490 : 0xa1efe9dbab740 : 2 : ittapi_config_apply_per_lib :  ITTAPI function not implemented: __itt_task_end_overlapped_ex
102490 : 0xa1efe9dbabe36 : 2 : ittapi_config_apply_per_lib :  ITTAPI function not implemented: __itt_marker_ex
102490 : 0xa1efe9dbac582 : 2 : ittapi_config_apply_per_lib :  ITTAPI function not implemented: __itt_metadata_add_with_scope
102490 : 0xa1efe9dbacd21 : 2 : ittapi_config_apply_per_lib :  ITTAPI function not implemented: __itt_metadata_str_add_with_scope
102490 : 0xa1efe9dbad42e : 2 : ittapi_config_apply_per_lib :  ITTAPI function not implemented: __itt_relation_add_to_current_ex
102490 : 0xa1efe9dbadb22 : 2 : ittapi_config_apply_per_lib :  ITTAPI function not implemented: __itt_relation_add_ex
102490 : 0xa1efe9dbaf77e : 2 : ittapi_config_apply_per_lib :  ITTAPI function not implemented: __itt_track_group_create
102490 : 0xa1efe9dbafe4c : 2 : ittapi_config_apply_per_lib :  ITTAPI function not implemented: __itt_track_create
102490 : 0xa1efe9dbb0573 : 2 : ittapi_config_apply_per_lib :  ITTAPI function not implemented: __itt_set_track
102490 : 0xa1efe9dbb0c12 : 2 : ittapi_config_apply_per_lib :  ITTAPI function instrumented: __itt_api_version
102490 : 0xa1efe9dbb1337 : 2 : ittapi_config_apply_per_lib :  ITTAPI function not implemented: __itt_av_save
102490 : 0xa1efe9dbb1a01 : 2 : ittapi_config_apply_per_lib :  ITTAPI function instrumented: __itt_module_load
102490 : 0xa1efe9dbb2138 : 2 : ittapi_config_apply_per_lib :  ITTAPI function not implemented: __itt_module_unload