
1443133 : 0xa355bbe13b667 : 1 : spill_jit_data :  Jit agent is not initialized
1443117 : 0xa355bbe13df45 : 2 : ittapi_config_mask_get :  --itt-config mask to be applied: 55
1443117 : 0xa355bbe13f9cd : 2 : ittapi_config_apply_per_lib :  ITTAPI function instrumented: __itt_domain_create
1443117 : 0xa355bbe1403af : 2 : ittapi_config_apply_per_lib :  ITTAPI function instrumented: __itt_module_load_with_sections
1443117 : 0xa355bbe1410d9 : 2 : ittapi_config_apply_per_lib :  ITTAPI function not implemented: __itt_module_unload_with_sections
1443117 : 0xa355bbe14194d : 2 : ittapi_config_apply_per_lib :  ITTAPI function instrumented: __itt_string_handle_create
1443117 : 0xa355bbe14202f : 2 : ittapi_config_apply_per_lib :  ITTAPI function instrumented: __itt_counter_create
1443117 : 0xa355bbe142684 : 2 : ittapi_config_apply_per_lib :  ITTAPI function instrumented: __itt_counter_create_typed
1443117 : 0xa355bbe142f03 : 2 : ittapi_config_apply_per_lib :  ITTAPI function instrumented: __itt_pause
1443117 : 0xa355bbe1435ad : 2 : ittapi_config_apply_per_lib :  ITTAPI function instrumented: __itt_resume
1443117 : 0xa355bbe1493d4 : 2 : ittapi_config_apply_per_lib :  ITTAPI function instrumented: __itt_thread_set_name
1443117 : 0xa355bbe149bb8 : 2 : ittapi_config_apply_per_lib :  ITTAPI function instrumented: __itt_thread_ignore
1443117 : 0xa355bbe14a2c7 : 2 : ittapi_config_apply_per_lib :  ITTAPI function instrumented: __itt_thr_name_set
1443117 : 0xa355bbe14a9a9 : 2 : ittapi_config_apply_per_lib :  ITTAPI function instrumented: __itt_thr_ignore
1443117 : 0xa355bbe14b40f : 2 : ittapi_config_apply_per_lib :  ITTAPI function not implemented: __itt_enable_attach
1443117 : 0xa355bbe14bb60 : 2 : ittapi_config_apply_per_lib :  ITTAPI function instrumented: __itt_detach
1443117 : 0xa355bbe14bf31 : 2 : ittapi_config_apply_per_lib :  ITTAPI function NOT instrumented (not matched by --itt-config option): __itt_sync_create

1443117 : 0xa355bbe14c3f4 : 2 : ittapi_config_apply_per_lib :  ITTAPI function NOT instrumented (not matched by --itt-config option): __itt_sync_rename

1443117 : 0xa355bbe14c789 : 2 : ittapi_config_apply_per_lib :  ITTAPI function NOT instrumented (not matched by --itt-config option): __itt_sync_destroy

1443117 : 0xa355bbe14cb4b : 2 : ittapi_config_apply_per_lib :  ITTAPI function NOT instrumented (not matched by --itt-config option): __itt_sync_prepare

1443117 : 0xa355bbe14deb6 : 2 : ittapi_config_apply_per_lib :  ITTAPI function NOT instrumented (not matched by --itt-config option): __itt_sync_cancel

1443117 : 0xa355bbe14e24d : 2 : ittapi_config_apply_per_lib :  ITTAPI function NOT instrumented (not matched by --itt-config option): __itt_sync_acquired

1443117 : 0xa355bbe14e59e : 2 : ittapi_config_apply_per_lib :  ITTAPI function NOT instrumented (not matched by --itt-config option): __itt_sync_releasing

1443117 : 0xa355bbe14ee05 : 2 : ittapi_config_apply_per_lib :  ITTAPI function not implemented: __itt_suppress_push
1443117 : 0xa355bbe14f6ce : 2 : ittapi_config_apply_per_lib :  ITTAPI function not implemented: __itt_suppress_pop
1443117 : 0xa355bbe14fe35 : 2 : ittapi_config_apply_per_lib :  ITTAPI function not implemented: __itt_suppress_mark_range
1443117 : 0xa355bbe1505e3 : 2 : ittapi_config_apply_per_lib :  ITTAPI function not implemented: __itt_suppress_clear_range
1443117 : 0xa355bbe150973 : 2 : ittapi_config_apply_per_lib :  ITTAPI function NOT instrumented (not matched by --itt-config option): __itt_sync_prepare

1443117 : 0xa355bbe150d3e : 2 : ittapi_config_apply_per_lib :  ITTAPI function NOT instrumented (not matched by --itt-config option): __itt_sync_cancel

1443117 : 0xa355bbe151094 : 2 : ittapi_config_apply_per_lib :  ITTAPI function NOT instrumented (not matched by --itt-config option): __itt_sync_acquired

1443117 : 0xa355bbe15202f : 2 : ittapi_config_apply_per_lib :  ITTAPI function NOT instrumented (not matched by --itt-config option): __itt_sync_releasing

1443117 : 0xa355bbe152441 : 2 : ittapi_config_apply_per_lib :  ITTAPI function NOT instrumented (not matched by --itt-config option): __itt_model_site_begin

1443117 : 0xa355bbe1527f2 : 2 : ittapi_config_apply_per_lib :  ITTAPI function NOT instrumented (not matched by --itt-config option): __itt_model_site_end

1443117 : 0xa355bbe152b7b : 2 : ittapi_config_apply_per_lib :  ITTAPI function NOT instrumented (not matched by --itt-config option): __itt_model_task_begin

1443117 : 0xa355bbe152f2f : 2 : ittapi_config_apply_per_lib :  ITTAPI function NOT instrumented (not matched by --itt-config option): __itt_model_task_end

1443117 : 0xa355bbe15329e : 2 : ittapi_config_apply_per_lib :  ITTAPI function NOT instrumented (not matched by --itt-config option): __itt_model_lock_acquire

1443117 : 0xa355bbe1536af : 2 : ittapi_config_apply_per_lib :  ITTAPI function NOT instrumented (not matched by --itt-config option): __itt_model_lock_release

1443117 : 0xa355bbe153a40 : 2 : ittapi_config_apply_per_lib :  ITTAPI function NOT instrumented (not matched by --itt-config option): __itt_model_record_allocation

1443117 : 0xa355bbe153d7d : 2 : ittapi_config_apply_per_lib :  ITTAPI function NOT instrumented (not matched by --itt-config option): __itt_model_record_deallocation

1443117 : 0xa355bbe1540b0 : 2 : ittapi_config_apply_per_lib :  ITTAPI function NOT instrumented (not matched by --itt-config option): __itt_model_induction_uses

1443117 : 0xa355bbe155cdf : 2 : ittapi_config_apply_per_lib :  ITTAPI function NOT instrumented (not matched by --itt-config option): __itt_model_reduction_uses

1443117 : 0xa355bbe1560a0 : 2 : ittapi_config_apply_per_lib :  ITTAPI function NOT instrumented (not matched by --itt-config option): __itt_model_observe_uses

1443117 : 0xa355bbe15643f : 2 : ittapi_config_apply_per_lib :  ITTAPI function NOT instrumented (not matched by --itt-config option): __itt_model_clear_uses

1443117 : 0xa355bbe1567f9 : 2 : ittapi_config_apply_per_lib :  ITTAPI function NOT instrumented (not matched by --itt-config option): __itt_model_site_beginA

1443117 : 0xa355bbe156b8c : 2 : ittapi_config_apply_per_lib :  ITTAPI function NOT instrumented (not matched by --itt-config option): __itt_model_site_beginAL

1443117 : 0xa355bbe156f2a : 2 : ittapi_config_apply_per_lib :  ITTAPI function NOT instrumented (not matched by --itt-config option): __itt_model_task_beginA

1443117 : 0xa355bbe1572a7 : 2 : ittapi_config_apply_per_lib :  ITTAPI function NOT instrumented (not matched by --itt-config option): __itt_model_task_beginAL

1443117 : 0xa355bbe15760c : 2 : ittapi_config_apply_per_lib :  ITTAPI function NOT instrumented (not matched by --itt-config option): __itt_model_iteration_taskA

1443117 : 0xa355bbe157984 : 2 : ittapi_config_apply_per_lib :  ITTAPI function NOT instrumented (not matched by --itt-config option): __itt_model_iteration_taskAL

1443117 : 0xa355bbe157cb3 : 2 : ittapi_config_apply_per_lib :  ITTAPI function NOT instrumented (not matched by --itt-config option): __itt_model_site_end_2

1443117 : 0xa355bbe158c29 : 2 : ittapi_config_apply_per_lib :  ITTAPI function NOT instrumented (not matched by --itt-config option): __itt_model_task_end_2

1443117 : 0xa355bbe158fbf : 2 : ittapi_config_apply_per_lib :  ITTAPI function NOT instrumented (not matched by --itt-config option): __itt_model_lock_acquire_2

1443117 : 0xa355bbe15936c : 2 : ittapi_config_apply_per_lib :  ITTAPI function NOT instrumented (not matched by --itt-config option): __itt_model_lock_release_2

1443117 : 0xa355bbe159710 : 2 : ittapi_config_apply_per_lib :  ITTAPI function NOT instrumented (not matched by --itt-config option): __itt_model_aggregate_task

1443117 : 0xa355bbe159aae : 2 : ittapi_config_apply_per_lib :  ITTAPI function NOT instrumented (not matched by --itt-config option): __itt_model_disable_push

1443117 : 0xa355bbe159dfb : 2 : ittapi_config_apply_per_lib :  ITTAPI function NOT instrumented (not matched by --itt-config option): __itt_model_disable_pop

1443117 : 0xa355bbe15a57d : 2 : ittapi_config_apply_per_lib :  ITTAPI function instrumented: __itt_heap_function_create
1443117 : 0xa355bbe15ad47 : 2 : ittapi_config_apply_per_lib :  ITTAPI function instrumented: __itt_heap_allocate_begin
1443117 : 0xa355bbe15b422 : 2 : ittapi_config_apply_per_lib :  ITTAPI function instrumented: __itt_heap_allocate_end
1443117 : 0xa355bbe15bb78 : 2 : ittapi_config_apply_per_lib :  ITTAPI function instrumented: __itt_heap_free_begin
1443117 : 0xa355bbe15d9d6 : 2 : ittapi_config_apply_per_lib :  ITTAPI function instrumented: __itt_heap_free_end
1443117 : 0xa355bbe15e0c1 : 2 : ittapi_config_apply_per_lib :  ITTAPI function instrumented: __itt_heap_reallocate_begin
1443117 : 0xa355bbe15e70e : 2 : ittapi_config_apply_per_lib :  ITTAPI function instrumented: __itt_heap_reallocate_end
1443117 : 0xa355bbe15eeef : 2 : ittapi_config_apply_per_lib :  ITTAPI function not implemented: __itt_heap_internal_access_begin
1443117 : 0xa355bbe15f646 : 2 : ittapi_config_apply_per_lib :  ITTAPI function not implemented: __itt_heap_internal_access_end
1443117 : 0xa355bbe15fdef : 2 : ittapi_config_apply_per_lib :  ITTAPI function not implemented: __itt_heap_record_memory_growth_begin
1443117 : 0xa355bbe160567 : 2 : ittapi_config_apply_per_lib :  ITTAPI function not implemented: __itt_heap_record_memory_growth_end
1443117 : 0xa355bbe160d37 : 2 : ittapi_config_apply_per_lib :  ITTAPI function not implemented: __itt_heap_reset_detection
1443117 : 0xa355bbe161522 : 2 : ittapi_config_apply_per_lib :  ITTAPI function not implemented: __itt_heap_record
1443117 : 0xa355bbe161c8e : 2 : ittapi_config_apply_per_lib :  ITTAPI function not implemented: __itt_id_create
1443117 : 0xa355bbe16304c : 2 : ittapi_config_apply_per_lib :  ITTAPI function not implemented: __itt_id_destroy
1443117 : 0xa355bbe163745 : 2 : ittapi_config_apply_per_lib :  ITTAPI function instrumented: __itt_get_timestamp
1443117 : 0xa355bbe163e8e : 2 : ittapi_config_apply_per_lib :  ITTAPI function not implemented: __itt_region_begin
1443117 : 0xa355bbe164617 : 2 : ittapi_config_apply_per_lib :  ITTAPI function not implemented: __itt_region_end
1443117 : 0xa355bbe164d3f : 2 : ittapi_config_apply_per_lib :  ITTAPI function instrumented: __itt_frame_begin_v3
1443117 : 0xa355bbe16545c : 2 : ittapi_config_apply_per_lib :  ITTAPI function instrumented: __itt_frame_end_v3
1443117 : 0xa355bbe165b30 : 2 : ittapi_config_apply_per_lib :  ITTAPI function instrumented: __itt_frame_submit_v3
1443117 : 0xa355bbe1662db : 2 : ittapi_config_apply_per_lib :  ITTAPI function not implemented: __itt_task_group
1443117 : 0xa355bbe166a2c : 2 : ittapi_config_apply_per_lib :  ITTAPI function instrumented: __itt_task_begin
1443117 : 0xa355bbe1670ec : 2 : ittapi_config_apply_per_lib :  ITTAPI function instrumented: __itt_task_begin_fn
1443117 : 0xa355bbe168417 : 2 : ittapi_config_apply_per_lib :  ITTAPI function instrumented: __itt_task_end
1443117 : 0xa355bbe168c21 : 2 : ittapi_config_apply_per_lib :  ITTAPI function not implemented: __itt_counter_inc_v3
1443117 : 0xa355bbe1693dd : 2 : ittapi_config_apply_per_lib :  ITTAPI function not implemented: __itt_counter_inc_delta_v3
1443117 : 0xa355bbe169b9d : 2 : ittapi_config_apply_per_lib :  ITTAPI function not implemented: __itt_counter_dec_v3
1443117 : 0xa355bbe16a2fb : 2 : ittapi_config_apply_per_lib :  ITTAPI function not implemented: __itt_counter_dec_delta_v3
1443117 : 0xa355bbe16aa69 : 2 : ittapi_config_apply_per_lib :  ITTAPI function not implemented: __itt_marker
1443117 : 0xa355bbe16b14b : 2 : ittapi_config_apply_per_lib :  ITTAPI function instrumented: __itt_metadata_add
1443117 : 0xa355bbe16b90f : 2 : ittapi_config_apply_per_lib :  ITTAPI function not implemented: __itt_metadata_str_add
1443117 : 0xa355bbe16bff8 : 2 : ittapi_config_apply_per_lib :  ITTAPI function not implemented: __itt_relation_add_to_current
1443117 : 0xa355bbe16c734 : 2 : ittapi_config_apply_per_lib :  ITTAPI function not implemented: __itt_relation_add
1443117 : 0xa355bbe16da06 : 2 : ittapi_config_apply_per_lib :  ITTAPI function instrumented: __itt_event_create
1443117 : 0xa355bbe16e19b : 2 : ittapi_config_apply_per_lib :  ITTAPI function instrumented: __itt_event_start
1443117 : 0xa355bbe16e8b4 : 2 : ittapi_config_apply_per_lib :  ITTAPI function instrumented: __itt_event_end
1443117 : 0xa355bbe16ec41 : 2 : ittapi_config_apply_per_lib :  ITTAPI function NOT instrumented (not matched by --itt-config option): __itt_sync_set_name

1443117 : 0xa355bbe16f00c : 2 : ittapi_config_apply_per_lib :  ITTAPI function NOT instrumented (not matched by --itt-config option): __itt_notify_sync_name

1443117 : 0xa355bbe16f3a1 : 2 : ittapi_config_apply_per_lib :  ITTAPI function NOT instrumented (not matched by --itt-config option): __itt_notify_sync_prepare

1443117 : 0xa355bbe16f71d : 2 : ittapi_config_apply_per_lib :  ITTAPI function NOT instrumented (not matched by --itt-config option): __itt_notify_sync_cancel

1443117 : 0xa355bbe16fa9d : 2 : ittapi_config_apply_per_lib :  ITTAPI function NOT instrumented (not matched by --itt-config option): __itt_notify_sync_acquired

1443117 : 0xa355bbe16fde8 : 2 : ittapi_config_apply_per_lib :  ITTAPI function NOT instrumented (not matched by --itt-config option): __itt_notify_sync_releasing

1443117 : 0xa355bbe170588 : 2 : ittapi_config_apply_per_lib :  ITTAPI function not implemented: __itt_memory_read
1443117 : 0xa355bbe1720b2 : 2 : ittapi_config_apply_per_lib :  ITTAPI function not implemented: __itt_memory_write
1443117 : 0xa355bbe1727f5 : 2 : ittapi_config_apply_per_lib :  ITTAPI function not implemented: __itt_memory_update
1443117 : 0xa355bbe172f9f : 2 : ittapi_config_apply_per_lib :  ITTAPI function not implemented: __itt_state_get
1443117 : 0xa355bbe17368d : 2 : ittapi_config_apply_per_lib :  ITTAPI function not implemented: __itt_state_set
1443117 : 0xa355bbe173e35 : 2 : ittapi_config_apply_per_lib :  ITTAPI function not implemented: __itt_obj_mode_set
1443117 : 0xa355bbe174585 : 2 : ittapi_config_apply_per_lib :  ITTAPI function not implemented: __itt_thr_mode_set
1443117 : 0xa355bbe174bee : 2 : ittapi_config_apply_per_lib :  ITTAPI function instrumented: __itt_frame_create
1443117 : 0xa355bbe17526e : 2 : ittapi_config_apply_per_lib :  ITTAPI function instrumented: __itt_pt_region_create
1443117 : 0xa355bbe1758f9 : 2 : ittapi_config_apply_per_lib :  ITTAPI function instrumented: __itt_frame_begin
1443117 : 0xa355bbe175faf : 2 : ittapi_config_apply_per_lib :  ITTAPI function instrumented: __itt_frame_end
1443117 : 0xa355bbe1773f4 : 2 : ittapi_config_apply_per_lib :  ITTAPI function not implemented: __itt_counter_destroy
1443117 : 0xa355bbe177a90 : 2 : ittapi_config_apply_per_lib :  ITTAPI function instrumented: __itt_counter_inc
1443117 : 0xa355bbe17818a : 2 : ittapi_config_apply_per_lib :  ITTAPI function instrumented: __itt_counter_inc_delta
1443117 : 0xa355bbe178828 : 2 : ittapi_config_apply_per_lib :  ITTAPI function instrumented: __itt_counter_dec
1443117 : 0xa355bbe178f20 : 2 : ittapi_config_apply_per_lib :  ITTAPI function instrumented: __itt_counter_dec_delta
1443117 : 0xa355bbe1795ed : 2 : ittapi_config_apply_per_lib :  ITTAPI function instrumented: __itt_counter_set_value
1443117 : 0xa355bbe179d78 : 2 : ittapi_config_apply_per_lib :  ITTAPI function not implemented: __itt_counter_set_value_ex
1443117 : 0xa355bbe17a48e : 2 : ittapi_config_apply_per_lib :  ITTAPI function not implemented: __itt_mark_create
1443117 : 0xa355bbe17ac07 : 2 : ittapi_config_apply_per_lib :  ITTAPI function not implemented: __itt_mark
1443117 : 0xa355bbe17b390 : 2 : ittapi_config_apply_per_lib :  ITTAPI function not implemented: __itt_mark_off
1443117 : 0xa355bbe17c99d : 2 : ittapi_config_apply_per_lib :  ITTAPI function not implemented: __itt_mark_global
1443117 : 0xa355bbe17d0dc : 2 : ittapi_config_apply_per_lib :  ITTAPI function not implemented: __itt_mark_global_off
1443117 : 0xa355bbe17d830 : 2 : ittapi_config_apply_per_lib :  ITTAPI function instrumented: __itt_stack_caller_create
1443117 : 0xa355bbe17df47 : 2 : ittapi_config_apply_per_lib :  ITTAPI function instrumented: __itt_stack_caller_destroy
1443117 : 0xa355bbe17e63c : 2 : ittapi_config_apply_per_lib :  ITTAPI function instrumented: __itt_stack_callee_enter
1443117 : 0xa355bbe17eca6 : 2 : ittapi_config_apply_per_lib :  ITTAPI function instrumented: __itt_stack_callee_leave
1443117 : 0xa355bbe17f3f9 : 2 : ittapi_config_apply_per_lib :  ITTAPI function not implemented: __itt_clock_domain_create
1443117 : 0xa355bbe17fb92 : 2 : ittapi_config_apply_per_lib :  ITTAPI function not implemented: __itt_clock_domain_reset
1443117 : 0xa355bbe1802c5 : 2 : ittapi_config_apply_per_lib :  ITTAPI function not implemented: __itt_id_create_ex
1443117 : 0xa355bbe180a3d : 2 : ittapi_config_apply_per_lib :  ITTAPI function not implemented: __itt_id_destroy_ex
1443117 : 0xa355bbe182567 : 2 : ittapi_config_apply_per_lib :  ITTAPI function not implemented: __itt_task_begin_ex
1443117 : 0xa355bbe182ca0 : 2 : ittapi_config_apply_per_lib :  ITTAPI function not implemented: __itt_task_begin_fn_ex
1443117 : 0xa355bbe1833d2 : 2 : ittapi_config_apply_per_lib :  ITTAPI function not implemented: __itt_task_end_ex
1443117 : 0xa355bbe183aba : 2 : ittapi_config_apply_per_lib :  ITTAPI function instrumented: __itt_task_begin_overlapped
1443117 : 0xa355bbe18421f : 2 : ittapi_config_apply_per_lib :  ITTAPI function not implemented: __itt_task_begin_overlapped_ex
1443117 : 0xa355bbe184910 : 2 : ittapi_config_apply_per_lib :  ITTAPI function instrumented: __itt_task_end_overlapped
1443117 : 0xa355bbe185063 : 2 : ittapi_config_apply_per_lib :  ITTAPI function not implemented: __itt_task_end_overlapped_ex
1443117 : 0xa355bbe185775 : 2 : ittapi_config_apply_per_lib :  ITTAPI function not implemented: __itt_marker_ex
1443117 : 0xa355bbe185f6b : 2 : ittapi_config_apply_per_lib :  ITTAPI function not implemented: __itt_metadata_add_with_scope
1443117 : 0xa355bbe186733 : 2 : ittapi_config_apply_per_lib :  ITTAPI function not implemented: __itt_metadata_str_add_with_scope
1443117 : 0xa355bbe187b66 : 2 : ittapi_config_apply_per_lib :  ITTAPI function not implemented: __itt_relation_add_to_current_ex
1443117 : 0xa355bbe1882a5 : 2 : ittapi_config_apply_per_lib :  ITTAPI function not implemented: __itt_relation_add_ex
1443117 : 0xa355bbe188a25 : 2 : ittapi_config_apply_per_lib :  ITTAPI function not implemented: __itt_track_group_create
1443117 : 0xa355bbe1890e0 : 2 : ittapi_config_apply_per_lib :  ITTAPI function not implemented: __itt_track_create
1443117 : 0xa355bbe189803 : 2 : ittapi_config_apply_per_lib :  ITTAPI function not implemented: __itt_set_track
1443117 : 0xa355bbe189ea5 : 2 : ittapi_config_apply_per_lib :  ITTAPI function instrumented: __itt_api_version
1443117 : 0xa355bbe18a5d7 : 2 : ittapi_config_apply_per_lib :  ITTAPI function not implemented: __itt_av_save
1443117 : 0xa355bbe18acc6 : 2 : ittapi_config_apply_per_lib :  ITTAPI function instrumented: __itt_module_load
1443117 : 0xa355bbe18b40b : 2 : ittapi_config_apply_per_lib :  ITTAPI function not implemented: __itt_module_unload
1443117 : 0xa355bbe1d1581 : 2 : ittapi_config_mask_get :  --itt-config mask to be applied: 55
1443117 : 0xa355bbe1d3376 : 2 : ittapi_config_apply_per_lib :  ITTAPI function instrumented: __itt_domain_create
1443117 : 0xa355bbe1d3bcf : 2 : ittapi_config_apply_per_lib :  ITTAPI function instrumented: __itt_module_load_with_sections
1443117 : 0xa355bbe1d4521 : 2 : ittapi_config_apply_per_lib :  ITTAPI function not implemented: __itt_module_unload_with_sections
1443117 : 0xa355bbe1d4c8a : 2 : ittapi_config_apply_per_lib :  ITTAPI function instrumented: __itt_string_handle_create
1443117 : 0xa355bbe1d531d : 2 : ittapi_config_apply_per_lib :  ITTAPI function instrumented: __itt_counter_create
1443117 : 0xa355bbe1d59ac : 2 : ittapi_config_apply_per_lib :  ITTAPI function instrumented: __itt_counter_create_typed
1443117 : 0xa355bbe1d60d0 : 2 : ittapi_config_apply_per_lib :  ITTAPI function instrumented: __itt_pause
1443117 : 0xa355bbe1d677f : 2 : ittapi_config_apply_per_lib :  ITTAPI function instrumented: __itt_resume
1443117 : 0xa355bbe1d6d7f : 2 : ittapi_config_apply_per_lib :  ITTAPI function instrumented: __itt_thread_set_name
1443117 : 0xa355bbe1d748b : 2 : ittapi_config_apply_per_lib :  ITTAPI function instrumented: __itt_thread_ignore
1443117 : 0xa355bbe1d89a5 : 2 : ittapi_config_apply_per_lib :  ITTAPI function instrumented: __itt_thr_name_set
1443117 : 0xa355bbe1d9071 : 2 : ittapi_config_apply_per_lib :  ITTAPI function instrumented: __itt_thr_ignore
1443117 : 0xa355bbe1d986e : 2 : ittapi_config_apply_per_lib :  ITTAPI function not implemented: __itt_enable_attach
1443117 : 0xa355bbe1d9f82 : 2 : ittapi_config_apply_per_lib :  ITTAPI function instrumented: __itt_detach
1443117 : 0xa355bbe1da359 : 2 : ittapi_config_apply_per_lib :  ITTAPI function NOT instrumented (not matched by --itt-config option): __itt_sync_create

1443117 : 0xa355bbe1da721 : 2 : ittapi_config_apply_per_lib :  ITTAPI function NOT instrumented (not matched by --itt-config option): __itt_sync_rename

1443117 : 0xa355bbe1daaad : 2 : ittapi_config_apply_per_lib :  ITTAPI function NOT instrumented (not matched by --itt-config option): __itt_sync_destroy

1443117 : 0xa355bbe1dae5c : 2 : ittapi_config_apply_per_lib :  ITTAPI function NOT instrumented (not matched by --itt-config option): __itt_sync_prepare

1443117 : 0xa355bbe1db1ce : 2 : ittapi_config_apply_per_lib :  ITTAPI function NOT instrumented (not matched by --itt-config option): __itt_sync_cancel

1443117 : 0xa355bbe1db533 : 2 : ittapi_config_apply_per_lib :  ITTAPI function NOT instrumented (not matched by --itt-config option): __itt_sync_acquired

1443117 : 0xa355bbe1dcf79 : 2 : ittapi_config_apply_per_lib :  ITTAPI function NOT instrumented (not matched by --itt-config option): __itt_sync_releasing

1443117 : 0xa355bbe1dd848 : 2 : ittapi_config_apply_per_lib :  ITTAPI function not implemented: __itt_suppress_push
1443117 : 0xa355bbe1de069 : 2 : ittapi_config_apply_per_lib :  ITTAPI function not implemented: __itt_suppress_pop
1443117 : 0xa355bbe1de7c7 : 2 : ittapi_config_apply_per_lib :  ITTAPI function not implemented: __itt_suppress_mark_range
1443117 : 0xa355bbe1def7a : 2 : ittapi_config_apply_per_lib :  ITTAPI function not implemented: __itt_suppress_clear_range
1443117 : 0xa355bbe1df30d : 2 : ittapi_config_apply_per_lib :  ITTAPI function NOT instrumented (not matched by --itt-config option): __itt_sync_prepare

1443117 : 0xa355bbe1df681 : 2 : ittapi_config_apply_per_lib :  ITTAPI function NOT instrumented (not matched by --itt-config option): __itt_sync_cancel

1443117 : 0xa355bbe1df9ec : 2 : ittapi_config_apply_per_lib :  ITTAPI function NOT instrumented (not matched by --itt-config option): __itt_sync_acquired

1443117 : 0xa355bbe1dfd3f : 2 : ittapi_config_apply_per_lib :  ITTAPI function NOT instrumented (not matched by --itt-config option): __itt_sync_releasing

1443117 : 0xa355bbe1e0149 : 2 : ittapi_config_apply_per_lib :  ITTAPI function NOT instrumented (not matched by --itt-config option): __itt_model_site_begin

1443117 : 0xa355bbe1e1112 : 2 : ittapi_config_apply_per_lib :  ITTAPI function NOT instrumented (not matched by --itt-config option): __itt_model_site_end

1443117 : 0xa355bbe1e14c6 : 2 : ittapi_config_apply_per_lib :  ITTAPI function NOT instrumented (not matched by --itt-config option): __itt_model_task_begin

1443117 : 0xa355bbe1e1840 : 2 : ittapi_config_apply_per_lib :  ITTAPI function NOT instrumented (not matched by --itt-config option): __itt_model_task_end

1443117 : 0xa355bbe1e1b98 : 2 : ittapi_config_apply_per_lib :  ITTAPI function NOT instrumented (not matched by --itt-config option): __itt_model_lock_acquire

1443117 : 0xa355bbe1e1f50 : 2 : ittapi_config_apply_per_lib :  ITTAPI function NOT instrumented (not matched by --itt-config option): __itt_model_lock_release

1443117 : 0xa355bbe1e2295 : 2 : ittapi_config_apply_per_lib :  ITTAPI function NOT instrumented (not matched by --itt-config option): __itt_model_record_allocation

1443117 : 0xa355bbe1e25e2 : 2 : ittapi_config_apply_per_lib :  ITTAPI function NOT instrumented (not matched by --itt-config option): __itt_model_record_deallocation

1443117 : 0xa355bbe1e2962 : 2 : ittapi_config_apply_per_lib :  ITTAPI function NOT instrumented (not matched by --itt-config option): __itt_model_induction_uses

1443117 : 0xa355bbe1e2cd9 : 2 : ittapi_config_apply_per_lib :  ITTAPI function NOT instrumented (not matched by --itt-config option): __itt_model_reduction_uses

1443117 : 0xa355bbe1e303c : 2 : ittapi_config_apply_per_lib :  ITTAPI function NOT instrumented (not matched by --itt-config option): __itt_model_observe_uses

1443117 : 0xa355bbe1e46c8 : 2 : ittapi_config_apply_per_lib :  ITTAPI function NOT instrumented (not matched by --itt-config option): __itt_model_clear_uses

1443117 : 0xa355bbe1e4a7a : 2 : ittapi_config_apply_per_lib :  ITTAPI function NOT instrumented (not matched by --itt-config option): __itt_model_site_beginA

1443117 : 0xa355bbe1e4e01 : 2 : ittapi_config_apply_per_lib :  ITTAPI function NOT instrumented (not matched by --itt-config option): __itt_model_site_beginAL

1443117 : 0xa355bbe1e5179 : 2 : ittapi_config_apply_per_lib :  ITTAPI function NOT instrumented (not matched by --itt-config option): __itt_model_task_beginA

1443117 : 0xa355bbe1e54eb : 2 : ittapi_config_apply_per_lib :  ITTAPI function NOT instrumented (not matched by --itt-config option): __itt_model_task_beginAL

1443117 : 0xa355bbe1e588a : 2 : ittapi_config_apply_per_lib :  ITTAPI function NOT instrumented (not matched by --itt-config option): __itt_model_iteration_taskA

1443117 : 0xa355bbe1e5bd9 : 2 : ittapi_config_apply_per_lib :  ITTAPI function NOT instrumented (not matched by --itt-config option): __itt_model_iteration_taskAL

1443117 : 0xa355bbe1e5f06 : 2 : ittapi_config_apply_per_lib :  ITTAPI function NOT instrumented (not matched by --itt-config option): __itt_model_site_end_2

1443117 : 0xa355bbe1e6270 : 2 : ittapi_config_apply_per_lib :  ITTAPI function NOT instrumented (not matched by --itt-config option): __itt_model_task_end_2

1443117 : 0xa355bbe1e65a4 : 2 : ittapi_config_apply_per_lib :  ITTAPI function NOT instrumented (not matched by --itt-config option): __itt_model_lock_acquire_2

1443117 : 0xa355bbe1e7461 : 2 : ittapi_config_apply_per_lib :  ITTAPI function NOT instrumented (not matched by --itt-config option): __itt_model_lock_release_2

1443117 : 0xa355bbe1e7809 : 2 : ittapi_config_apply_per_lib :  ITTAPI function NOT instrumented (not matched by --itt-config option): __itt_model_aggregate_task

1443117 : 0xa355bbe1e7b7d : 2 : ittapi_config_apply_per_lib :  ITTAPI function NOT instrumented (not matched by --itt-config option): __itt_model_disable_push

1443117 : 0xa355bbe1e7f06 : 2 : ittapi_config_apply_per_lib :  ITTAPI function NOT instrumented (not matched by --itt-config option): __itt_model_disable_pop

1443117 : 0xa355bbe1e8659 : 2 : ittapi_config_apply_per_lib :  ITTAPI function instrumented: __itt_heap_function_create
1443117 : 0xa355bbe1e8d40 : 2 : ittapi_config_apply_per_lib :  ITTAPI function instrumented: __itt_heap_allocate_begin
1443117 : 0xa355bbe1e93bb : 2 : ittapi_config_apply_per_lib :  ITTAPI function instrumented: __itt_heap_allocate_end
1443117 : 0xa355bbe1e9a8c : 2 : ittapi_config_apply_per_lib :  ITTAPI function instrumented: __itt_heap_free_begin
1443117 : 0xa355bbe1ea0aa : 2 : ittapi_config_apply_per_lib :  ITTAPI function instrumented: __itt_heap_free_end
1443117 : 0xa355bbe1ea768 : 2 : ittapi_config_apply_per_lib :  ITTAPI function instrumented: __itt_heap_reallocate_begin
1443117 : 0xa355bbe1eb9e6 : 2 : ittapi_config_apply_per_lib :  ITTAPI function instrumented: __itt_heap_reallocate_end
1443117 : 0xa355bbe1ec1b3 : 2 : ittapi_config_apply_per_lib :  ITTAPI function not implemented: __itt_heap_internal_access_begin
1443117 : 0xa355bbe1ec934 : 2 : ittapi_config_apply_per_lib :  ITTAPI function not implemented: __itt_heap_internal_access_end
1443117 : 0xa355bbe1ed0c8 : 2 : ittapi_config_apply_per_lib :  ITTAPI function not implemented: __itt_heap_record_memory_growth_begin
1443117 : 0xa355bbe1ed849 : 2 : ittapi_config_apply_per_lib :  ITTAPI function not implemented: __itt_heap_record_memory_growth_end
1443117 : 0xa355bbe1edf9c : 2 : ittapi_config_apply_per_lib :  ITTAPI function not implemented: __itt_heap_reset_detection
1443117 : 0xa355bbe1ee756 : 2 : ittapi_config_apply_per_lib :  ITTAPI function not implemented: __itt_heap_record
1443117 : 0xa355bbe1eee7b : 2 : ittapi_config_apply_per_lib :  ITTAPI function not implemented: __itt_id_create
1443117 : 0xa355bbe1ef611 : 2 : ittapi_config_apply_per_lib :  ITTAPI function not implemented: __itt_id_destroy
1443117 : 0xa355bbe1efcdd : 2 : ittapi_config_apply_per_lib :  ITTAPI function instrumented: __itt_get_timestamp
1443117 : 0xa355bbe1f1a06 : 2 : ittapi_config_apply_per_lib :  ITTAPI function not implemented: __itt_region_begin
1443117 : 0xa355bbe1f219a : 2 : ittapi_config_apply_per_lib :  ITTAPI function not implemented: __itt_region_end
1443117 : 0xa355bbe1f28cb : 2 : ittapi_config_apply_per_lib :  ITTAPI function instrumented: __itt_frame_begin_v3
1443117 : 0xa355bbe1f2fa4 : 2 : ittapi_config_apply_per_lib :  ITTAPI function instrumented: __itt_frame_end_v3
1443117 : 0xa355bbe1f3676 : 2 : ittapi_config_apply_per_lib :  ITTAPI function instrumented: __itt_frame_submit_v3
1443117 : 0xa355bbe1f3e10 : 2 : ittapi_config_apply_per_lib :  ITTAPI function not implemented: __itt_task_group
1443117 : 0xa355bbe1f4504 : 2 : ittapi_config_apply_per_lib :  ITTAPI function instrumented: __itt_task_begin
1443117 : 0xa355bbe1f4be0 : 2 : ittapi_config_apply_per_lib :  ITTAPI function instrumented: __itt_task_begin_fn
1443117 : 0xa355bbe1f52b6 : 2 : ittapi_config_apply_per_lib :  ITTAPI function instrumented: __itt_task_end
1443117 : 0xa355bbe1f5a69 : 2 : ittapi_config_apply_per_lib :  ITTAPI function not implemented: __itt_counter_inc_v3
1443117 : 0xa355bbe1f6e4f : 2 : ittapi_config_apply_per_lib :  ITTAPI function not implemented: __itt_counter_inc_delta_v3
1443117 : 0xa355bbe1f75a2 : 2 : ittapi_config_apply_per_lib :  ITTAPI function not implemented: __itt_counter_dec_v3
1443117 : 0xa355bbe1f7cf6 : 2 : ittapi_config_apply_per_lib :  ITTAPI function not implemented: __itt_counter_dec_delta_v3
1443117 : 0xa355bbe1f843d : 2 : ittapi_config_apply_per_lib :  ITTAPI function not implemented: __itt_marker
1443117 : 0xa355bbe1f8b53 : 2 : ittapi_config_apply_per_lib :  ITTAPI function instrumented: __itt_metadata_add
1443117 : 0xa355bbe1f92cc : 2 : ittapi_config_apply_per_lib :  ITTAPI function not implemented: __itt_metadata_str_add
1443117 : 0xa355bbe1f99e0 : 2 : ittapi_config_apply_per_lib :  ITTAPI function not implemented: __itt_relation_add_to_current
1443117 : 0xa355bbe1fa124 : 2 : ittapi_config_apply_per_lib :  ITTAPI function not implemented: __itt_relation_add
1443117 : 0xa355bbe1fa7ed : 2 : ittapi_config_apply_per_lib :  ITTAPI function instrumented: __itt_event_create
1443117 : 0xa355bbe1faeac : 2 : ittapi_config_apply_per_lib :  ITTAPI function instrumented: __itt_event_start
1443117 : 0xa355bbe1fc18a : 2 : ittapi_config_apply_per_lib :  ITTAPI function instrumented: __itt_event_end
1443117 : 0xa355bbe1fc504 : 2 : ittapi_config_apply_per_lib :  ITTAPI function NOT instrumented (not matched by --itt-config option): __itt_sync_set_name

1443117 : 0xa355bbe1fc8cc : 2 : ittapi_config_apply_per_lib :  ITTAPI function NOT instrumented (not matched by --itt-config option): __itt_notify_sync_name

1443117 : 0xa355bbe1fcc62 : 2 : ittapi_config_apply_per_lib :  ITTAPI function NOT instrumented (not matched by --itt-config option): __itt_notify_sync_prepare

1443117 : 0xa355bbe1fcff7 : 2 : ittapi_config_apply_per_lib :  ITTAPI function NOT instrumented (not matched by --itt-config option): __itt_notify_sync_cancel

1443117 : 0xa355bbe1fd37e : 2 : ittapi_config_apply_per_lib :  ITTAPI function NOT instrumented (not matched by --itt-config option): __itt_notify_sync_acquired

1443117 : 0xa355bbe1fd6ec : 2 : ittapi_config_apply_per_lib :  ITTAPI function NOT instrumented (not matched by --itt-config option): __itt_notify_sync_releasing

1443117 : 0xa355bbe1fde34 : 2 : ittapi_config_apply_per_lib :  ITTAPI function not implemented: __itt_memory_read
1443117 : 0xa355bbe1fe5c1 : 2 : ittapi_config_apply_per_lib :  ITTAPI function not implemented: __itt_memory_write
1443117 : 0xa355bbe1fecd8 : 2 : ittapi_config_apply_per_lib :  ITTAPI function not implemented: __itt_memory_update
1443117 : 0xa355bbe200114 : 2 : ittapi_config_apply_per_lib :  ITTAPI function not implemented: __itt_state_get
1443117 : 0xa355bbe20087f : 2 : ittapi_config_apply_per_lib :  ITTAPI function not implemented: __itt_state_set
1443117 : 0xa355bbe200fea : 2 : ittapi_config_apply_per_lib :  ITTAPI function not implemented: __itt_obj_mode_set
1443117 : 0xa355bbe20174a : 2 : ittapi_config_apply_per_lib :  ITTAPI function not implemented: __itt_thr_mode_set
1443117 : 0xa355bbe201dee : 2 : ittapi_config_apply_per_lib :  ITTAPI function instrumented: __itt_frame_create
1443117 : 0xa355bbe202466 : 2 : ittapi_config_apply_per_lib :  ITTAPI function instrumented: __itt_pt_region_create
1443117 : 0xa355bbe202ae3 : 2 : ittapi_config_apply_per_lib :  ITTAPI function instrumented: __itt_frame_begin
1443117 : 0xa355bbe20319c : 2 : ittapi_config_apply_per_lib :  ITTAPI function instrumented: __itt_frame_end
1443117 : 0xa355bbe20391e : 2 : ittapi_config_apply_per_lib :  ITTAPI function not implemented: __itt_counter_destroy
1443117 : 0xa355bbe203fb6 : 2 : ittapi_config_apply_per_lib :  ITTAPI function instrumented: __itt_counter_inc
1443117 : 0xa355bbe206ccb : 2 : ittapi_config_apply_per_lib :  ITTAPI function instrumented: __itt_counter_inc_delta
1443117 : 0xa355bbe2073e3 : 2 : ittapi_config_apply_per_lib :  ITTAPI function instrumented: __itt_counter_dec
1443117 : 0xa355bbe207a8b : 2 : ittapi_config_apply_per_lib :  ITTAPI function instrumented: __itt_counter_dec_delta
1443117 : 0xa355bbe20813e : 2 : ittapi_config_apply_per_lib :  ITTAPI function instrumented: __itt_counter_set_value
1443117 : 0xa355bbe2088b1 : 2 : ittapi_config_apply_per_lib :  ITTAPI function not implemented: __itt_counter_set_value_ex
1443117 : 0xa355bbe208fd7 : 2 : ittapi_config_apply_per_lib :  ITTAPI function not implemented: __itt_mark_create
1443117 : 0xa355bbe209782 : 2 : ittapi_config_apply_per_lib :  ITTAPI function not implemented: __itt_mark
1443117 : 0xa355bbe209f0b : 2 : ittapi_config_apply_per_lib :  ITTAPI function not implemented: __itt_mark_off
1443117 : 0xa355bbe20a647 : 2 : ittapi_config_apply_per_lib :  ITTAPI function not implemented: __itt_mark_global
1443117 : 0xa355bbe20ad8c : 2 : ittapi_config_apply_per_lib :  ITTAPI function not implemented: __itt_mark_global_off
1443117 : 0xa355bbe20cac8 : 2 : ittapi_config_apply_per_lib :  ITTAPI function instrumented: __itt_stack_caller_create
1443117 : 0xa355bbe20d1e2 : 2 : ittapi_config_apply_per_lib :  ITTAPI function instrumented: __itt_stack_caller_destroy
1443117 : 0xa355bbe20d8ab : 2 : ittapi_config_apply_per_lib :  ITTAPI function instrumented: __itt_stack_callee_enter
1443117 : 0xa355bbe20df1a : 2 : ittapi_config_apply_per_lib :  ITTAPI function instrumented: __itt_stack_callee_leave
1443117 : 0xa355bbe20e6a1 : 2 : ittapi_config_apply_per_lib :  ITTAPI function not implemented: __itt_clock_domain_create
1443117 : 0xa355bbe20ee0f : 2 : ittapi_config_apply_per_lib :  ITTAPI function not implemented: __itt_clock_domain_reset
1443117 : 0xa355bbe20f563 : 2 : ittapi_config_apply_per_lib :  ITTAPI function not implemented: __itt_id_create_ex
1443117 : 0xa355bbe20fca1 : 2 : ittapi_config_apply_per_lib :  ITTAPI function not implemented: __itt_id_destroy_ex
1443117 : 0xa355bbe2103e6 : 2 : ittapi_config_apply_per_lib :  ITTAPI function not implemented: __itt_task_begin_ex
1443117 : 0xa355bbe210ad1 : 2 : ittapi_config_apply_per_lib :  ITTAPI function not implemented: __itt_task_begin_fn_ex
1443117 : 0xa355bbe211ee3 : 2 : ittapi_config_apply_per_lib :  ITTAPI function not implemented: __itt_task_end_ex
1443117 : 0xa355bbe2125d3 : 2 : ittapi_config_apply_per_lib :  ITTAPI function instrumented: __itt_task_begin_overlapped
1443117 : 0xa355bbe212d4e : 2 : ittapi_config_apply_per_lib :  ITTAPI function not implemented: __itt_task_begin_overlapped_ex
1443117 : 0xa355bbe2133fc : 2 : ittapi_config_apply_per_lib :  ITTAPI function instrumented: __itt_task_end_overlapped
1443117 : 0xa355bbe213b1b : 2 : ittapi_config_apply_per_lib :  ITTAPI function not implemented: __itt_task_end_overlapped_ex
1443117 : 0xa355bbe214204 : 2 : ittapi_config_apply_per_lib :  ITTAPI function not implemented: __itt_marker_ex
1443117 : 0xa355bbe21498e : 2 : ittapi_config_apply_per_lib :  ITTAPI function not implemented: __itt_metadata_add_with_scope
1443117 : 0xa355bbe215135 : 2 : ittapi_config_apply_per_lib :  ITTAPI function not implemented: __itt_metadata_str_add_with_scope
1443117 : 0xa355bbe2158ef : 2 : ittapi_config_apply_per_lib :  ITTAPI function not implemented: __itt_relation_add_to_current_ex
1443117 : 0xa355bbe216022 : 2 : ittapi_config_apply_per_lib :  ITTAPI function not implemented: __itt_relation_add_ex
1443117 : 0xa355bbe217ba7 : 2 : ittapi_config_apply_per_lib :  ITTAPI function not implemented: __itt_track_group_create
1443117 : 0xa355bbe218293 : 2 : ittapi_config_apply_per_lib :  ITTAPI function not implemented: __itt_track_create
1443117 : 0xa355bbe2189c8 : 2 : ittapi_config_apply_per_lib :  ITTAPI function not implemented: __itt_set_track
1443117 : 0xa355bbe219069 : 2 : ittapi_config_apply_per_lib :  ITTAPI function instrumented: __itt_api_version
1443117 : 0xa355bbe219775 : 2 : ittapi_config_apply_per_lib :  ITTAPI function not implemented: __itt_av_save
1443117 : 0xa355bbe219e47 : 2 : ittapi_config_apply_per_lib :  ITTAPI function instrumented: __itt_module_load
1443117 : 0xa355bbe21a5cd : 2 : ittapi_config_apply_per_lib :  ITTAPI function not implemented: __itt_module_unload