
4124907 : 0xa77870c8e1359 : 1 : spill_jit_data :  Jit agent is not initialized
4124891 : 0xa77870c8e3da4 : 2 : ittapi_config_mask_get :  --itt-config mask to be applied: 55
4124891 : 0xa77870c8e59e5 : 2 : ittapi_config_apply_per_lib :  ITTAPI function instrumented: __itt_domain_create
4124891 : 0xa77870c8e641f : 2 : ittapi_config_apply_per_lib :  ITTAPI function instrumented: __itt_module_load_with_sections
4124891 : 0xa77870c8e7180 : 2 : ittapi_config_apply_per_lib :  ITTAPI function not implemented: __itt_module_unload_with_sections
4124891 : 0xa77870c8e79b0 : 2 : ittapi_config_apply_per_lib :  ITTAPI function instrumented: __itt_string_handle_create
4124891 : 0xa77870c8e80be : 2 : ittapi_config_apply_per_lib :  ITTAPI function instrumented: __itt_counter_create
4124891 : 0xa77870c8e8721 : 2 : ittapi_config_apply_per_lib :  ITTAPI function instrumented: __itt_counter_create_typed
4124891 : 0xa77870c8e8fb3 : 2 : ittapi_config_apply_per_lib :  ITTAPI function instrumented: __itt_pause
4124891 : 0xa77870c8e9671 : 2 : ittapi_config_apply_per_lib :  ITTAPI function instrumented: __itt_resume
4124891 : 0xa77870c8ef6fd : 2 : ittapi_config_apply_per_lib :  ITTAPI function instrumented: __itt_thread_set_name
4124891 : 0xa77870c8f000d : 2 : ittapi_config_apply_per_lib :  ITTAPI function instrumented: __itt_thread_ignore
4124891 : 0xa77870c8f0703 : 2 : ittapi_config_apply_per_lib :  ITTAPI function instrumented: __itt_thr_name_set
4124891 : 0xa77870c8f0dd2 : 2 : ittapi_config_apply_per_lib :  ITTAPI function instrumented: __itt_thr_ignore
4124891 : 0xa77870c8f17de : 2 : ittapi_config_apply_per_lib :  ITTAPI function not implemented: __itt_enable_attach
4124891 : 0xa77870c8f1f12 : 2 : ittapi_config_apply_per_lib :  ITTAPI function instrumented: __itt_detach
4124891 : 0xa77870c8f2338 : 2 : ittapi_config_apply_per_lib :  ITTAPI function NOT instrumented (not matched by --itt-config option): __itt_sync_create

4124891 : 0xa77870c8f276c : 2 : ittapi_config_apply_per_lib :  ITTAPI function NOT instrumented (not matched by --itt-config option): __itt_sync_rename

4124891 : 0xa77870c8f2b54 : 2 : ittapi_config_apply_per_lib :  ITTAPI function NOT instrumented (not matched by --itt-config option): __itt_sync_destroy

4124891 : 0xa77870c8f2f2a : 2 : ittapi_config_apply_per_lib :  ITTAPI function NOT instrumented (not matched by --itt-config option): __itt_sync_prepare

4124891 : 0xa77870c8f432a : 2 : ittapi_config_apply_per_lib :  ITTAPI function NOT instrumented (not matched by --itt-config option): __itt_sync_cancel

4124891 : 0xa77870c8f472d : 2 : ittapi_config_apply_per_lib :  ITTAPI function NOT instrumented (not matched by --itt-config option): __itt_sync_acquired

4124891 : 0xa77870c8f4a8e : 2 : ittapi_config_apply_per_lib :  ITTAPI function NOT instrumented (not matched by --itt-config option): __itt_sync_releasing

4124891 : 0xa77870c8f5303 : 2 : ittapi_config_apply_per_lib :  ITTAPI function not implemented: __itt_suppress_push
4124891 : 0xa77870c8f5b8d : 2 : ittapi_config_apply_per_lib :  ITTAPI function not implemented: __itt_suppress_pop
4124891 : 0xa77870c8f633c : 2 : ittapi_config_apply_per_lib :  ITTAPI function not implemented: __itt_suppress_mark_range
4124891 : 0xa77870c8f6ad6 : 2 : ittapi_config_apply_per_lib :  ITTAPI function not implemented: __itt_suppress_clear_range
4124891 : 0xa77870c8f6e8b : 2 : ittapi_config_apply_per_lib :  ITTAPI function NOT instrumented (not matched by --itt-config option): __itt_sync_prepare

4124891 : 0xa77870c8f7245 : 2 : ittapi_config_apply_per_lib :  ITTAPI function NOT instrumented (not matched by --itt-config option): __itt_sync_cancel

4124891 : 0xa77870c8f75a9 : 2 : ittapi_config_apply_per_lib :  ITTAPI function NOT instrumented (not matched by --itt-config option): __itt_sync_acquired

4124891 : 0xa77870c8f858e : 2 : ittapi_config_apply_per_lib :  ITTAPI function NOT instrumented (not matched by --itt-config option): __itt_sync_releasing

4124891 : 0xa77870c8f89a1 : 2 : ittapi_config_apply_per_lib :  ITTAPI function NOT instrumented (not matched by --itt-config option): __itt_model_site_begin

4124891 : 0xa77870c8f8d39 : 2 : ittapi_config_apply_per_lib :  ITTAPI function NOT instrumented (not matched by --itt-config option): __itt_model_site_end

4124891 : 0xa77870c8f90bc : 2 : ittapi_config_apply_per_lib :  ITTAPI function NOT instrumented (not matched by --itt-config option): __itt_model_task_begin

4124891 : 0xa77870c8f9443 : 2 : ittapi_config_apply_per_lib :  ITTAPI function NOT instrumented (not matched by --itt-config option): __itt_model_task_end

4124891 : 0xa77870c8f97bc : 2 : ittapi_config_apply_per_lib :  ITTAPI function NOT instrumented (not matched by --itt-config option): __itt_model_lock_acquire

4124891 : 0xa77870c8f9b90 : 2 : ittapi_config_apply_per_lib :  ITTAPI function NOT instrumented (not matched by --itt-config option): __itt_model_lock_release

4124891 : 0xa77870c8f9ef3 : 2 : ittapi_config_apply_per_lib :  ITTAPI function NOT instrumented (not matched by --itt-config option): __itt_model_record_allocation

4124891 : 0xa77870c8fa230 : 2 : ittapi_config_apply_per_lib :  ITTAPI function NOT instrumented (not matched by --itt-config option): __itt_model_record_deallocation

4124891 : 0xa77870c8fa56d : 2 : ittapi_config_apply_per_lib :  ITTAPI function NOT instrumented (not matched by --itt-config option): __itt_model_induction_uses

4124891 : 0xa77870c8fc197 : 2 : ittapi_config_apply_per_lib :  ITTAPI function NOT instrumented (not matched by --itt-config option): __itt_model_reduction_uses

4124891 : 0xa77870c8fc56e : 2 : ittapi_config_apply_per_lib :  ITTAPI function NOT instrumented (not matched by --itt-config option): __itt_model_observe_uses

4124891 : 0xa77870c8fc8fa : 2 : ittapi_config_apply_per_lib :  ITTAPI function NOT instrumented (not matched by --itt-config option): __itt_model_clear_uses

4124891 : 0xa77870c8fcc6f : 2 : ittapi_config_apply_per_lib :  ITTAPI function NOT instrumented (not matched by --itt-config option): __itt_model_site_beginA

4124891 : 0xa77870c8fd00b : 2 : ittapi_config_apply_per_lib :  ITTAPI function NOT instrumented (not matched by --itt-config option): __itt_model_site_beginAL

4124891 : 0xa77870c8fd36e : 2 : ittapi_config_apply_per_lib :  ITTAPI function NOT instrumented (not matched by --itt-config option): __itt_model_task_beginA

4124891 : 0xa77870c8fd6da : 2 : ittapi_config_apply_per_lib :  ITTAPI function NOT instrumented (not matched by --itt-config option): __itt_model_task_beginAL

4124891 : 0xa77870c8fda3f : 2 : ittapi_config_apply_per_lib :  ITTAPI function NOT instrumented (not matched by --itt-config option): __itt_model_iteration_taskA

4124891 : 0xa77870c8fdd7c : 2 : ittapi_config_apply_per_lib :  ITTAPI function NOT instrumented (not matched by --itt-config option): __itt_model_iteration_taskAL

4124891 : 0xa77870c8fe0ab : 2 : ittapi_config_apply_per_lib :  ITTAPI function NOT instrumented (not matched by --itt-config option): __itt_model_site_end_2

4124891 : 0xa77870c8ff1a2 : 2 : ittapi_config_apply_per_lib :  ITTAPI function NOT instrumented (not matched by --itt-config option): __itt_model_task_end_2

4124891 : 0xa77870c8ff521 : 2 : ittapi_config_apply_per_lib :  ITTAPI function NOT instrumented (not matched by --itt-config option): __itt_model_lock_acquire_2

4124891 : 0xa77870c8ff8b1 : 2 : ittapi_config_apply_per_lib :  ITTAPI function NOT instrumented (not matched by --itt-config option): __itt_model_lock_release_2

4124891 : 0xa77870c8ffc28 : 2 : ittapi_config_apply_per_lib :  ITTAPI function NOT instrumented (not matched by --itt-config option): __itt_model_aggregate_task

4124891 : 0xa77870c8fff90 : 2 : ittapi_config_apply_per_lib :  ITTAPI function NOT instrumented (not matched by --itt-config option): __itt_model_disable_push

4124891 : 0xa77870c9002c9 : 2 : ittapi_config_apply_per_lib :  ITTAPI function NOT instrumented (not matched by --itt-config option): __itt_model_disable_pop

4124891 : 0xa77870c900a42 : 2 : ittapi_config_apply_per_lib :  ITTAPI function instrumented: __itt_heap_function_create
4124891 : 0xa77870c90116a : 2 : ittapi_config_apply_per_lib :  ITTAPI function instrumented: __itt_heap_allocate_begin
4124891 : 0xa77870c901805 : 2 : ittapi_config_apply_per_lib :  ITTAPI function instrumented: __itt_heap_allocate_end
4124891 : 0xa77870c901eeb : 2 : ittapi_config_apply_per_lib :  ITTAPI function instrumented: __itt_heap_free_begin
4124891 : 0xa77870c903cba : 2 : ittapi_config_apply_per_lib :  ITTAPI function instrumented: __itt_heap_free_end
4124891 : 0xa77870c9043ba : 2 : ittapi_config_apply_per_lib :  ITTAPI function instrumented: __itt_heap_reallocate_begin
4124891 : 0xa77870c904a62 : 2 : ittapi_config_apply_per_lib :  ITTAPI function instrumented: __itt_heap_reallocate_end
4124891 : 0xa77870c90526f : 2 : ittapi_config_apply_per_lib :  ITTAPI function not implemented: __itt_heap_internal_access_begin
4124891 : 0xa77870c9059e9 : 2 : ittapi_config_apply_per_lib :  ITTAPI function not implemented: __itt_heap_internal_access_end
4124891 : 0xa77870c9061be : 2 : ittapi_config_apply_per_lib :  ITTAPI function not implemented: __itt_heap_record_memory_growth_begin
4124891 : 0xa77870c906954 : 2 : ittapi_config_apply_per_lib :  ITTAPI function not implemented: __itt_heap_record_memory_growth_end
4124891 : 0xa77870c907130 : 2 : ittapi_config_apply_per_lib :  ITTAPI function not implemented: __itt_heap_reset_detection
4124891 : 0xa77870c907915 : 2 : ittapi_config_apply_per_lib :  ITTAPI function not implemented: __itt_heap_record
4124891 : 0xa77870c908096 : 2 : ittapi_config_apply_per_lib :  ITTAPI function not implemented: __itt_id_create
4124891 : 0xa77870c909572 : 2 : ittapi_config_apply_per_lib :  ITTAPI function not implemented: __itt_id_destroy
4124891 : 0xa77870c909c96 : 2 : ittapi_config_apply_per_lib :  ITTAPI function instrumented: __itt_get_timestamp
4124891 : 0xa77870c90a39b : 2 : ittapi_config_apply_per_lib :  ITTAPI function not implemented: __itt_region_begin
4124891 : 0xa77870c90ab33 : 2 : ittapi_config_apply_per_lib :  ITTAPI function not implemented: __itt_region_end
4124891 : 0xa77870c90b240 : 2 : ittapi_config_apply_per_lib :  ITTAPI function instrumented: __itt_frame_begin_v3
4124891 : 0xa77870c90b9d3 : 2 : ittapi_config_apply_per_lib :  ITTAPI function instrumented: __itt_frame_end_v3
4124891 : 0xa77870c90c07d : 2 : ittapi_config_apply_per_lib :  ITTAPI function instrumented: __itt_frame_submit_v3
4124891 : 0xa77870c90c7fc : 2 : ittapi_config_apply_per_lib :  ITTAPI function not implemented: __itt_task_group
4124891 : 0xa77870c90cf0a : 2 : ittapi_config_apply_per_lib :  ITTAPI function instrumented: __itt_task_begin
4124891 : 0xa77870c90d5b8 : 2 : ittapi_config_apply_per_lib :  ITTAPI function instrumented: __itt_task_begin_fn
4124891 : 0xa77870c90e8d4 : 2 : ittapi_config_apply_per_lib :  ITTAPI function instrumented: __itt_task_end
4124891 : 0xa77870c90f0a3 : 2 : ittapi_config_apply_per_lib :  ITTAPI function not implemented: __itt_counter_inc_v3
4124891 : 0xa77870c90f868 : 2 : ittapi_config_apply_per_lib :  ITTAPI function not implemented: __itt_counter_inc_delta_v3
4124891 : 0xa77870c90ffeb : 2 : ittapi_config_apply_per_lib :  ITTAPI function not implemented: __itt_counter_dec_v3
4124891 : 0xa77870c910719 : 2 : ittapi_config_apply_per_lib :  ITTAPI function not implemented: __itt_counter_dec_delta_v3
4124891 : 0xa77870c910eb5 : 2 : ittapi_config_apply_per_lib :  ITTAPI function not implemented: __itt_marker
4124891 : 0xa77870c9115a3 : 2 : ittapi_config_apply_per_lib :  ITTAPI function instrumented: __itt_metadata_add
4124891 : 0xa77870c911ce5 : 2 : ittapi_config_apply_per_lib :  ITTAPI function not implemented: __itt_metadata_str_add
4124891 : 0xa77870c9123eb : 2 : ittapi_config_apply_per_lib :  ITTAPI function not implemented: __itt_relation_add_to_current
4124891 : 0xa77870c912ae3 : 2 : ittapi_config_apply_per_lib :  ITTAPI function not implemented: __itt_relation_add
4124891 : 0xa77870c913d55 : 2 : ittapi_config_apply_per_lib :  ITTAPI function instrumented: __itt_event_create
4124891 : 0xa77870c914448 : 2 : ittapi_config_apply_per_lib :  ITTAPI function instrumented: __itt_event_start
4124891 : 0xa77870c914ae9 : 2 : ittapi_config_apply_per_lib :  ITTAPI function instrumented: __itt_event_end
4124891 : 0xa77870c914e4e : 2 : ittapi_config_apply_per_lib :  ITTAPI function NOT instrumented (not matched by --itt-config option): __itt_sync_set_name

4124891 : 0xa77870c915258 : 2 : ittapi_config_apply_per_lib :  ITTAPI function NOT instrumented (not matched by --itt-config option): __itt_notify_sync_name

4124891 : 0xa77870c9155fc : 2 : ittapi_config_apply_per_lib :  ITTAPI function NOT instrumented (not matched by --itt-config option): __itt_notify_sync_prepare

4124891 : 0xa77870c9159a2 : 2 : ittapi_config_apply_per_lib :  ITTAPI function NOT instrumented (not matched by --itt-config option): __itt_notify_sync_cancel

4124891 : 0xa77870c915d1d : 2 : ittapi_config_apply_per_lib :  ITTAPI function NOT instrumented (not matched by --itt-config option): __itt_notify_sync_acquired

4124891 : 0xa77870c916091 : 2 : ittapi_config_apply_per_lib :  ITTAPI function NOT instrumented (not matched by --itt-config option): __itt_notify_sync_releasing

4124891 : 0xa77870c9167a8 : 2 : ittapi_config_apply_per_lib :  ITTAPI function not implemented: __itt_memory_read
4124891 : 0xa77870c918272 : 2 : ittapi_config_apply_per_lib :  ITTAPI function not implemented: __itt_memory_write
4124891 : 0xa77870c9189d4 : 2 : ittapi_config_apply_per_lib :  ITTAPI function not implemented: __itt_memory_update
4124891 : 0xa77870c919164 : 2 : ittapi_config_apply_per_lib :  ITTAPI function not implemented: __itt_state_get
4124891 : 0xa77870c919861 : 2 : ittapi_config_apply_per_lib :  ITTAPI function not implemented: __itt_state_set
4124891 : 0xa77870c919fe3 : 2 : ittapi_config_apply_per_lib :  ITTAPI function not implemented: __itt_obj_mode_set
4124891 : 0xa77870c91a75d : 2 : ittapi_config_apply_per_lib :  ITTAPI function not implemented: __itt_thr_mode_set
4124891 : 0xa77870c91adcf : 2 : ittapi_config_apply_per_lib :  ITTAPI function instrumented: __itt_frame_create
4124891 : 0xa77870c91b479 : 2 : ittapi_config_apply_per_lib :  ITTAPI function instrumented: __itt_pt_region_create
4124891 : 0xa77870c91bada : 2 : ittapi_config_apply_per_lib :  ITTAPI function instrumented: __itt_frame_begin
4124891 : 0xa77870c91c1b8 : 2 : ittapi_config_apply_per_lib :  ITTAPI function instrumented: __itt_frame_end
4124891 : 0xa77870c91d5d3 : 2 : ittapi_config_apply_per_lib :  ITTAPI function not implemented: __itt_counter_destroy
4124891 : 0xa77870c91dcd6 : 2 : ittapi_config_apply_per_lib :  ITTAPI function instrumented: __itt_counter_inc
4124891 : 0xa77870c91e363 : 2 : ittapi_config_apply_per_lib :  ITTAPI function instrumented: __itt_counter_inc_delta
4124891 : 0xa77870c91e9cc : 2 : ittapi_config_apply_per_lib :  ITTAPI function instrumented: __itt_counter_dec
4124891 : 0xa77870c91f077 : 2 : ittapi_config_apply_per_lib :  ITTAPI function instrumented: __itt_counter_dec_delta
4124891 : 0xa77870c91f6e2 : 2 : ittapi_config_apply_per_lib :  ITTAPI function instrumented: __itt_counter_set_value
4124891 : 0xa77870c91fdf6 : 2 : ittapi_config_apply_per_lib :  ITTAPI function not implemented: __itt_counter_set_value_ex
4124891 : 0xa77870c9204dd : 2 : ittapi_config_apply_per_lib :  ITTAPI function not implemented: __itt_mark_create
4124891 : 0xa77870c920c62 : 2 : ittapi_config_apply_per_lib :  ITTAPI function not implemented: __itt_mark
4124891 : 0xa77870c9213d7 : 2 : ittapi_config_apply_per_lib :  ITTAPI function not implemented: __itt_mark_off
4124891 : 0xa77870c92270c : 2 : ittapi_config_apply_per_lib :  ITTAPI function not implemented: __itt_mark_global
4124891 : 0xa77870c922e53 : 2 : ittapi_config_apply_per_lib :  ITTAPI function not implemented: __itt_mark_global_off
4124891 : 0xa77870c9235b1 : 2 : ittapi_config_apply_per_lib :  ITTAPI function instrumented: __itt_stack_caller_create
4124891 : 0xa77870c923c83 : 2 : ittapi_config_apply_per_lib :  ITTAPI function instrumented: __itt_stack_caller_destroy
4124891 : 0xa77870c924361 : 2 : ittapi_config_apply_per_lib :  ITTAPI function instrumented: __itt_stack_callee_enter
4124891 : 0xa77870c9249a8 : 2 : ittapi_config_apply_per_lib :  ITTAPI function instrumented: __itt_stack_callee_leave
4124891 : 0xa77870c9250a9 : 2 : ittapi_config_apply_per_lib :  ITTAPI function not implemented: __itt_clock_domain_create
4124891 : 0xa77870c92585c : 2 : ittapi_config_apply_per_lib :  ITTAPI function not implemented: __itt_clock_domain_reset
4124891 : 0xa77870c925f51 : 2 : ittapi_config_apply_per_lib :  ITTAPI function not implemented: __itt_id_create_ex
4124891 : 0xa77870c926685 : 2 : ittapi_config_apply_per_lib :  ITTAPI function not implemented: __itt_id_destroy_ex
4124891 : 0xa77870c92836d : 2 : ittapi_config_apply_per_lib :  ITTAPI function not implemented: __itt_task_begin_ex
4124891 : 0xa77870c928acb : 2 : ittapi_config_apply_per_lib :  ITTAPI function not implemented: __itt_task_begin_fn_ex
4124891 : 0xa77870c929204 : 2 : ittapi_config_apply_per_lib :  ITTAPI function not implemented: __itt_task_end_ex
4124891 : 0xa77870c9298e9 : 2 : ittapi_config_apply_per_lib :  ITTAPI function instrumented: __itt_task_begin_overlapped
4124891 : 0xa77870c929ffb : 2 : ittapi_config_apply_per_lib :  ITTAPI function not implemented: __itt_task_begin_overlapped_ex
4124891 : 0xa77870c92a69d : 2 : ittapi_config_apply_per_lib :  ITTAPI function instrumented: __itt_task_end_overlapped
4124891 : 0xa77870c92adb9 : 2 : ittapi_config_apply_per_lib :  ITTAPI function not implemented: __itt_task_end_overlapped_ex
4124891 : 0xa77870c92b4ca : 2 : ittapi_config_apply_per_lib :  ITTAPI function not implemented: __itt_marker_ex
4124891 : 0xa77870c92bc09 : 2 : ittapi_config_apply_per_lib :  ITTAPI function not implemented: __itt_metadata_add_with_scope
4124891 : 0xa77870c92c3e5 : 2 : ittapi_config_apply_per_lib :  ITTAPI function not implemented: __itt_metadata_str_add_with_scope
4124891 : 0xa77870c92d76c : 2 : ittapi_config_apply_per_lib :  ITTAPI function not implemented: __itt_relation_add_to_current_ex
4124891 : 0xa77870c92deb9 : 2 : ittapi_config_apply_per_lib :  ITTAPI function not implemented: __itt_relation_add_ex
4124891 : 0xa77870c92e606 : 2 : ittapi_config_apply_per_lib :  ITTAPI function not implemented: __itt_track_group_create
4124891 : 0xa77870c92ed17 : 2 : ittapi_config_apply_per_lib :  ITTAPI function not implemented: __itt_track_create
4124891 : 0xa77870c92f429 : 2 : ittapi_config_apply_per_lib :  ITTAPI function not implemented: __itt_set_track
4124891 : 0xa77870c92fae0 : 2 : ittapi_config_apply_per_lib :  ITTAPI function instrumented: __itt_api_version
4124891 : 0xa77870c9301ed : 2 : ittapi_config_apply_per_lib :  ITTAPI function not implemented: __itt_av_save
4124891 : 0xa77870c9308a8 : 2 : ittapi_config_apply_per_lib :  ITTAPI function instrumented: __itt_module_load
4124891 : 0xa77870c931019 : 2 : ittapi_config_apply_per_lib :  ITTAPI function not implemented: __itt_module_unload
4124891 : 0xa77870c976a46 : 2 : ittapi_config_mask_get :  --itt-config mask to be applied: 55
4124891 : 0xa77870c978a0c : 2 : ittapi_config_apply_per_lib :  ITTAPI function instrumented: __itt_domain_create
4124891 : 0xa77870c9791f4 : 2 : ittapi_config_apply_per_lib :  ITTAPI function instrumented: __itt_module_load_with_sections
4124891 : 0xa77870c979ac0 : 2 : ittapi_config_apply_per_lib :  ITTAPI function not implemented: __itt_module_unload_with_sections
4124891 : 0xa77870c97a209 : 2 : ittapi_config_apply_per_lib :  ITTAPI function instrumented: __itt_string_handle_create
4124891 : 0xa77870c97a89a : 2 : ittapi_config_apply_per_lib :  ITTAPI function instrumented: __itt_counter_create
4124891 : 0xa77870c97aec1 : 2 : ittapi_config_apply_per_lib :  ITTAPI function instrumented: __itt_counter_create_typed
4124891 : 0xa77870c97b5a3 : 2 : ittapi_config_apply_per_lib :  ITTAPI function instrumented: __itt_pause
4124891 : 0xa77870c97bd91 : 2 : ittapi_config_apply_per_lib :  ITTAPI function instrumented: __itt_resume
4124891 : 0xa77870c97c383 : 2 : ittapi_config_apply_per_lib :  ITTAPI function instrumented: __itt_thread_set_name
4124891 : 0xa77870c97ca87 : 2 : ittapi_config_apply_per_lib :  ITTAPI function instrumented: __itt_thread_ignore
4124891 : 0xa77870c97def7 : 2 : ittapi_config_apply_per_lib :  ITTAPI function instrumented: __itt_thr_name_set
4124891 : 0xa77870c97e5e7 : 2 : ittapi_config_apply_per_lib :  ITTAPI function instrumented: __itt_thr_ignore
4124891 : 0xa77870c97ed8b : 2 : ittapi_config_apply_per_lib :  ITTAPI function not implemented: __itt_enable_attach
4124891 : 0xa77870c97f483 : 2 : ittapi_config_apply_per_lib :  ITTAPI function instrumented: __itt_detach
4124891 : 0xa77870c97f828 : 2 : ittapi_config_apply_per_lib :  ITTAPI function NOT instrumented (not matched by --itt-config option): __itt_sync_create

4124891 : 0xa77870c97fbf2 : 2 : ittapi_config_apply_per_lib :  ITTAPI function NOT instrumented (not matched by --itt-config option): __itt_sync_rename

4124891 : 0xa77870c97ffa5 : 2 : ittapi_config_apply_per_lib :  ITTAPI function NOT instrumented (not matched by --itt-config option): __itt_sync_destroy

4124891 : 0xa77870c98037d : 2 : ittapi_config_apply_per_lib :  ITTAPI function NOT instrumented (not matched by --itt-config option): __itt_sync_prepare

4124891 : 0xa77870c980700 : 2 : ittapi_config_apply_per_lib :  ITTAPI function NOT instrumented (not matched by --itt-config option): __itt_sync_cancel

4124891 : 0xa77870c980a57 : 2 : ittapi_config_apply_per_lib :  ITTAPI function NOT instrumented (not matched by --itt-config option): __itt_sync_acquired

4124891 : 0xa77870c982566 : 2 : ittapi_config_apply_per_lib :  ITTAPI function NOT instrumented (not matched by --itt-config option): __itt_sync_releasing

4124891 : 0xa77870c982e16 : 2 : ittapi_config_apply_per_lib :  ITTAPI function not implemented: __itt_suppress_push
4124891 : 0xa77870c98365d : 2 : ittapi_config_apply_per_lib :  ITTAPI function not implemented: __itt_suppress_pop
4124891 : 0xa77870c983e02 : 2 : ittapi_config_apply_per_lib :  ITTAPI function not implemented: __itt_suppress_mark_range
4124891 : 0xa77870c9845c7 : 2 : ittapi_config_apply_per_lib :  ITTAPI function not implemented: __itt_suppress_clear_range
4124891 : 0xa77870c984953 : 2 : ittapi_config_apply_per_lib :  ITTAPI function NOT instrumented (not matched by --itt-config option): __itt_sync_prepare

4124891 : 0xa77870c984cbc : 2 : ittapi_config_apply_per_lib :  ITTAPI function NOT instrumented (not matched by --itt-config option): __itt_sync_cancel

4124891 : 0xa77870c98501b : 2 : ittapi_config_apply_per_lib :  ITTAPI function NOT instrumented (not matched by --itt-config option): __itt_sync_acquired

4124891 : 0xa77870c985397 : 2 : ittapi_config_apply_per_lib :  ITTAPI function NOT instrumented (not matched by --itt-config option): __itt_sync_releasing

4124891 : 0xa77870c985791 : 2 : ittapi_config_apply_per_lib :  ITTAPI function NOT instrumented (not matched by --itt-config option): __itt_model_site_begin

4124891 : 0xa77870c986846 : 2 : ittapi_config_apply_per_lib :  ITTAPI function NOT instrumented (not matched by --itt-config option): __itt_model_site_end

4124891 : 0xa77870c986bd3 : 2 : ittapi_config_apply_per_lib :  ITTAPI function NOT instrumented (not matched by --itt-config option): __itt_model_task_begin

4124891 : 0xa77870c986f3f : 2 : ittapi_config_apply_per_lib :  ITTAPI function NOT instrumented (not matched by --itt-config option): __itt_model_task_end

4124891 : 0xa77870c98729a : 2 : ittapi_config_apply_per_lib :  ITTAPI function NOT instrumented (not matched by --itt-config option): __itt_model_lock_acquire

4124891 : 0xa77870c987655 : 2 : ittapi_config_apply_per_lib :  ITTAPI function NOT instrumented (not matched by --itt-config option): __itt_model_lock_release

4124891 : 0xa77870c9879aa : 2 : ittapi_config_apply_per_lib :  ITTAPI function NOT instrumented (not matched by --itt-config option): __itt_model_record_allocation

4124891 : 0xa77870c987d04 : 2 : ittapi_config_apply_per_lib :  ITTAPI function NOT instrumented (not matched by --itt-config option): __itt_model_record_deallocation

4124891 : 0xa77870c988092 : 2 : ittapi_config_apply_per_lib :  ITTAPI function NOT instrumented (not matched by --itt-config option): __itt_model_induction_uses

4124891 : 0xa77870c988418 : 2 : ittapi_config_apply_per_lib :  ITTAPI function NOT instrumented (not matched by --itt-config option): __itt_model_reduction_uses

4124891 : 0xa77870c988798 : 2 : ittapi_config_apply_per_lib :  ITTAPI function NOT instrumented (not matched by --itt-config option): __itt_model_observe_uses

4124891 : 0xa77870c989e00 : 2 : ittapi_config_apply_per_lib :  ITTAPI function NOT instrumented (not matched by --itt-config option): __itt_model_clear_uses

4124891 : 0xa77870c98a1d3 : 2 : ittapi_config_apply_per_lib :  ITTAPI function NOT instrumented (not matched by --itt-config option): __itt_model_site_beginA

4124891 : 0xa77870c98a542 : 2 : ittapi_config_apply_per_lib :  ITTAPI function NOT instrumented (not matched by --itt-config option): __itt_model_site_beginAL

4124891 : 0xa77870c98a8b6 : 2 : ittapi_config_apply_per_lib :  ITTAPI function NOT instrumented (not matched by --itt-config option): __itt_model_task_beginA

4124891 : 0xa77870c98ac19 : 2 : ittapi_config_apply_per_lib :  ITTAPI function NOT instrumented (not matched by --itt-config option): __itt_model_task_beginAL

4124891 : 0xa77870c98afaa : 2 : ittapi_config_apply_per_lib :  ITTAPI function NOT instrumented (not matched by --itt-config option): __itt_model_iteration_taskA

4124891 : 0xa77870c98b2f8 : 2 : ittapi_config_apply_per_lib :  ITTAPI function NOT instrumented (not matched by --itt-config option): __itt_model_iteration_taskAL

4124891 : 0xa77870c98b630 : 2 : ittapi_config_apply_per_lib :  ITTAPI function NOT instrumented (not matched by --itt-config option): __itt_model_site_end_2

4124891 : 0xa77870c98b99a : 2 : ittapi_config_apply_per_lib :  ITTAPI function NOT instrumented (not matched by --itt-config option): __itt_model_task_end_2

4124891 : 0xa77870c98bcc6 : 2 : ittapi_config_apply_per_lib :  ITTAPI function NOT instrumented (not matched by --itt-config option): __itt_model_lock_acquire_2

4124891 : 0xa77870c98cc0d : 2 : ittapi_config_apply_per_lib :  ITTAPI function NOT instrumented (not matched by --itt-config option): __itt_model_lock_release_2

4124891 : 0xa77870c98cfab : 2 : ittapi_config_apply_per_lib :  ITTAPI function NOT instrumented (not matched by --itt-config option): __itt_model_aggregate_task

4124891 : 0xa77870c98d309 : 2 : ittapi_config_apply_per_lib :  ITTAPI function NOT instrumented (not matched by --itt-config option): __itt_model_disable_push

4124891 : 0xa77870c98d682 : 2 : ittapi_config_apply_per_lib :  ITTAPI function NOT instrumented (not matched by --itt-config option): __itt_model_disable_pop

4124891 : 0xa77870c98dda4 : 2 : ittapi_config_apply_per_lib :  ITTAPI function instrumented: __itt_heap_function_create
4124891 : 0xa77870c98e4ef : 2 : ittapi_config_apply_per_lib :  ITTAPI function instrumented: __itt_heap_allocate_begin
4124891 : 0xa77870c98eb44 : 2 : ittapi_config_apply_per_lib :  ITTAPI function instrumented: __itt_heap_allocate_end
4124891 : 0xa77870c98f1ee : 2 : ittapi_config_apply_per_lib :  ITTAPI function instrumented: __itt_heap_free_begin
4124891 : 0xa77870c98f81e : 2 : ittapi_config_apply_per_lib :  ITTAPI function instrumented: __itt_heap_free_end
4124891 : 0xa77870c98feda : 2 : ittapi_config_apply_per_lib :  ITTAPI function instrumented: __itt_heap_reallocate_begin
4124891 : 0xa77870c991173 : 2 : ittapi_config_apply_per_lib :  ITTAPI function instrumented: __itt_heap_reallocate_end
4124891 : 0xa77870c991930 : 2 : ittapi_config_apply_per_lib :  ITTAPI function not implemented: __itt_heap_internal_access_begin
4124891 : 0xa77870c9920a2 : 2 : ittapi_config_apply_per_lib :  ITTAPI function not implemented: __itt_heap_internal_access_end
4124891 : 0xa77870c992808 : 2 : ittapi_config_apply_per_lib :  ITTAPI function not implemented: __itt_heap_record_memory_growth_begin
4124891 : 0xa77870c992f8a : 2 : ittapi_config_apply_per_lib :  ITTAPI function not implemented: __itt_heap_record_memory_growth_end
4124891 : 0xa77870c9936de : 2 : ittapi_config_apply_per_lib :  ITTAPI function not implemented: __itt_heap_reset_detection
4124891 : 0xa77870c993e48 : 2 : ittapi_config_apply_per_lib :  ITTAPI function not implemented: __itt_heap_record
4124891 : 0xa77870c99457e : 2 : ittapi_config_apply_per_lib :  ITTAPI function not implemented: __itt_id_create
4124891 : 0xa77870c994d30 : 2 : ittapi_config_apply_per_lib :  ITTAPI function not implemented: __itt_id_destroy
4124891 : 0xa77870c9953c0 : 2 : ittapi_config_apply_per_lib :  ITTAPI function instrumented: __itt_get_timestamp
4124891 : 0xa77870c996fc8 : 2 : ittapi_config_apply_per_lib :  ITTAPI function not implemented: __itt_region_begin
4124891 : 0xa77870c997812 : 2 : ittapi_config_apply_per_lib :  ITTAPI function not implemented: __itt_region_end
4124891 : 0xa77870c997f1e : 2 : ittapi_config_apply_per_lib :  ITTAPI function instrumented: __itt_frame_begin_v3
4124891 : 0xa77870c998614 : 2 : ittapi_config_apply_per_lib :  ITTAPI function instrumented: __itt_frame_end_v3
4124891 : 0xa77870c998c9b : 2 : ittapi_config_apply_per_lib :  ITTAPI function instrumented: __itt_frame_submit_v3
4124891 : 0xa77870c99941d : 2 : ittapi_config_apply_per_lib :  ITTAPI function not implemented: __itt_task_group
4124891 : 0xa77870c999b9e : 2 : ittapi_config_apply_per_lib :  ITTAPI function instrumented: __itt_task_begin
4124891 : 0xa77870c99a228 : 2 : ittapi_config_apply_per_lib :  ITTAPI function instrumented: __itt_task_begin_fn
4124891 : 0xa77870c99a8a3 : 2 : ittapi_config_apply_per_lib :  ITTAPI function instrumented: __itt_task_end
4124891 : 0xa77870c99b024 : 2 : ittapi_config_apply_per_lib :  ITTAPI function not implemented: __itt_counter_inc_v3
4124891 : 0xa77870c99c42e : 2 : ittapi_config_apply_per_lib :  ITTAPI function not implemented: __itt_counter_inc_delta_v3
4124891 : 0xa77870c99cbdc : 2 : ittapi_config_apply_per_lib :  ITTAPI function not implemented: __itt_counter_dec_v3
4124891 : 0xa77870c99d334 : 2 : ittapi_config_apply_per_lib :  ITTAPI function not implemented: __itt_counter_dec_delta_v3
4124891 : 0xa77870c99da9e : 2 : ittapi_config_apply_per_lib :  ITTAPI function not implemented: __itt_marker
4124891 : 0xa77870c99e1c4 : 2 : ittapi_config_apply_per_lib :  ITTAPI function instrumented: __itt_metadata_add
4124891 : 0xa77870c99e939 : 2 : ittapi_config_apply_per_lib :  ITTAPI function not implemented: __itt_metadata_str_add
4124891 : 0xa77870c99f02e : 2 : ittapi_config_apply_per_lib :  ITTAPI function not implemented: __itt_relation_add_to_current
4124891 : 0xa77870c99f76b : 2 : ittapi_config_apply_per_lib :  ITTAPI function not implemented: __itt_relation_add
4124891 : 0xa77870c99fdeb : 2 : ittapi_config_apply_per_lib :  ITTAPI function instrumented: __itt_event_create
4124891 : 0xa77870c9a0491 : 2 : ittapi_config_apply_per_lib :  ITTAPI function instrumented: __itt_event_start
4124891 : 0xa77870c9a17c4 : 2 : ittapi_config_apply_per_lib :  ITTAPI function instrumented: __itt_event_end
4124891 : 0xa77870c9a1bbd : 2 : ittapi_config_apply_per_lib :  ITTAPI function NOT instrumented (not matched by --itt-config option): __itt_sync_set_name

4124891 : 0xa77870c9a1f7a : 2 : ittapi_config_apply_per_lib :  ITTAPI function NOT instrumented (not matched by --itt-config option): __itt_notify_sync_name

4124891 : 0xa77870c9a22e8 : 2 : ittapi_config_apply_per_lib :  ITTAPI function NOT instrumented (not matched by --itt-config option): __itt_notify_sync_prepare

4124891 : 0xa77870c9a2664 : 2 : ittapi_config_apply_per_lib :  ITTAPI function NOT instrumented (not matched by --itt-config option): __itt_notify_sync_cancel

4124891 : 0xa77870c9a29fc : 2 : ittapi_config_apply_per_lib :  ITTAPI function NOT instrumented (not matched by --itt-config option): __itt_notify_sync_acquired

4124891 : 0xa77870c9a2d4b : 2 : ittapi_config_apply_per_lib :  ITTAPI function NOT instrumented (not matched by --itt-config option): __itt_notify_sync_releasing

4124891 : 0xa77870c9a3456 : 2 : ittapi_config_apply_per_lib :  ITTAPI function not implemented: __itt_memory_read
4124891 : 0xa77870c9a3bef : 2 : ittapi_config_apply_per_lib :  ITTAPI function not implemented: __itt_memory_write
4124891 : 0xa77870c9a4312 : 2 : ittapi_config_apply_per_lib :  ITTAPI function not implemented: __itt_memory_update
4124891 : 0xa77870c9a5703 : 2 : ittapi_config_apply_per_lib :  ITTAPI function not implemented: __itt_state_get
4124891 : 0xa77870c9a5ea3 : 2 : ittapi_config_apply_per_lib :  ITTAPI function not implemented: __itt_state_set
4124891 : 0xa77870c9a6638 : 2 : ittapi_config_apply_per_lib :  ITTAPI function not implemented: __itt_obj_mode_set
4124891 : 0xa77870c9a6d82 : 2 : ittapi_config_apply_per_lib :  ITTAPI function not implemented: __itt_thr_mode_set
4124891 : 0xa77870c9a7408 : 2 : ittapi_config_apply_per_lib :  ITTAPI function instrumented: __itt_frame_create
4124891 : 0xa77870c9a7a53 : 2 : ittapi_config_apply_per_lib :  ITTAPI function instrumented: __itt_pt_region_create
4124891 : 0xa77870c9a80bf : 2 : ittapi_config_apply_per_lib :  ITTAPI function instrumented: __itt_frame_begin
4124891 : 0xa77870c9a874e : 2 : ittapi_config_apply_per_lib :  ITTAPI function instrumented: __itt_frame_end
4124891 : 0xa77870c9a8e8d : 2 : ittapi_config_apply_per_lib :  ITTAPI function not implemented: __itt_counter_destroy
4124891 : 0xa77870c9a9557 : 2 : ittapi_config_apply_per_lib :  ITTAPI function instrumented: __itt_counter_inc
4124891 : 0xa77870c9aaf2f : 2 : ittapi_config_apply_per_lib :  ITTAPI function instrumented: __itt_counter_inc_delta
4124891 : 0xa77870c9ab5d8 : 2 : ittapi_config_apply_per_lib :  ITTAPI function instrumented: __itt_counter_dec
4124891 : 0xa77870c9abc7b : 2 : ittapi_config_apply_per_lib :  ITTAPI function instrumented: __itt_counter_dec_delta
4124891 : 0xa77870c9ac2c5 : 2 : ittapi_config_apply_per_lib :  ITTAPI function instrumented: __itt_counter_set_value
4124891 : 0xa77870c9ac9e4 : 2 : ittapi_config_apply_per_lib :  ITTAPI function not implemented: __itt_counter_set_value_ex
4124891 : 0xa77870c9ad0e9 : 2 : ittapi_config_apply_per_lib :  ITTAPI function not implemented: __itt_mark_create
4124891 : 0xa77870c9ad844 : 2 : ittapi_config_apply_per_lib :  ITTAPI function not implemented: __itt_mark
4124891 : 0xa77870c9adfbd : 2 : ittapi_config_apply_per_lib :  ITTAPI function not implemented: __itt_mark_off
4124891 : 0xa77870c9ae6da : 2 : ittapi_config_apply_per_lib :  ITTAPI function not implemented: __itt_mark_global
4124891 : 0xa77870c9aee3f : 2 : ittapi_config_apply_per_lib :  ITTAPI function not implemented: __itt_mark_global_off
4124891 : 0xa77870c9b01f7 : 2 : ittapi_config_apply_per_lib :  ITTAPI function instrumented: __itt_stack_caller_create
4124891 : 0xa77870c9b08f0 : 2 : ittapi_config_apply_per_lib :  ITTAPI function instrumented: __itt_stack_caller_destroy
4124891 : 0xa77870c9b0fb0 : 2 : ittapi_config_apply_per_lib :  ITTAPI function instrumented: __itt_stack_callee_enter
4124891 : 0xa77870c9b15c5 : 2 : ittapi_config_apply_per_lib :  ITTAPI function instrumented: __itt_stack_callee_leave
4124891 : 0xa77870c9b1cc3 : 2 : ittapi_config_apply_per_lib :  ITTAPI function not implemented: __itt_clock_domain_create
4124891 : 0xa77870c9b2407 : 2 : ittapi_config_apply_per_lib :  ITTAPI function not implemented: __itt_clock_domain_reset
4124891 : 0xa77870c9b2b3a : 2 : ittapi_config_apply_per_lib :  ITTAPI function not implemented: __itt_id_create_ex
4124891 : 0xa77870c9b3284 : 2 : ittapi_config_apply_per_lib :  ITTAPI function not implemented: __itt_id_destroy_ex
4124891 : 0xa77870c9b39d2 : 2 : ittapi_config_apply_per_lib :  ITTAPI function not implemented: __itt_task_begin_ex
4124891 : 0xa77870c9b40db : 2 : ittapi_config_apply_per_lib :  ITTAPI function not implemented: __itt_task_begin_fn_ex
4124891 : 0xa77870c9b5499 : 2 : ittapi_config_apply_per_lib :  ITTAPI function not implemented: __itt_task_end_ex
4124891 : 0xa77870c9b5bb8 : 2 : ittapi_config_apply_per_lib :  ITTAPI function instrumented: __itt_task_begin_overlapped
4124891 : 0xa77870c9b62cc : 2 : ittapi_config_apply_per_lib :  ITTAPI function not implemented: __itt_task_begin_overlapped_ex
4124891 : 0xa77870c9b6973 : 2 : ittapi_config_apply_per_lib :  ITTAPI function instrumented: __itt_task_end_overlapped
4124891 : 0xa77870c9b708e : 2 : ittapi_config_apply_per_lib :  ITTAPI function not implemented: __itt_task_end_overlapped_ex
4124891 : 0xa77870c9b7794 : 2 : ittapi_config_apply_per_lib :  ITTAPI function not implemented: __itt_marker_ex
4124891 : 0xa77870c9b7efc : 2 : ittapi_config_apply_per_lib :  ITTAPI function not implemented: __itt_metadata_add_with_scope
4124891 : 0xa77870c9b8678 : 2 : ittapi_config_apply_per_lib :  ITTAPI function not implemented: __itt_metadata_str_add_with_scope
4124891 : 0xa77870c9b8dcd : 2 : ittapi_config_apply_per_lib :  ITTAPI function not implemented: __itt_relation_add_to_current_ex
4124891 : 0xa77870c9b94fb : 2 : ittapi_config_apply_per_lib :  ITTAPI function not implemented: __itt_relation_add_ex
4124891 : 0xa77870c9bb0d1 : 2 : ittapi_config_apply_per_lib :  ITTAPI function not implemented: __itt_track_group_create
4124891 : 0xa77870c9bb7f7 : 2 : ittapi_config_apply_per_lib :  ITTAPI function not implemented: __itt_track_create
4124891 : 0xa77870c9bbf28 : 2 : ittapi_config_apply_per_lib :  ITTAPI function not implemented: __itt_set_track
4124891 : 0xa77870c9bc5bb : 2 : ittapi_config_apply_per_lib :  ITTAPI function instrumented: __itt_api_version
4124891 : 0xa77870c9bccd0 : 2 : ittapi_config_apply_per_lib :  ITTAPI function not implemented: __itt_av_save
4124891 : 0xa77870c9bd399 : 2 : ittapi_config_apply_per_lib :  ITTAPI function instrumented: __itt_module_load
4124891 : 0xa77870c9bdaca : 2 : ittapi_config_apply_per_lib :  ITTAPI function not implemented: __itt_module_unload