
1625110 : 0xa61dc1ca48eff : 1 : spill_jit_data :  Jit agent is not initialized
1625094 : 0xa61dc1ca4ce1a : 2 : ittapi_config_mask_get :  --itt-config mask to be applied: 55
1625094 : 0xa61dc1ca4e949 : 2 : ittapi_config_apply_per_lib :  ITTAPI function instrumented: __itt_domain_create
1625094 : 0xa61dc1ca4f37b : 2 : ittapi_config_apply_per_lib :  ITTAPI function instrumented: __itt_module_load_with_sections
1625094 : 0xa61dc1ca50042 : 2 : ittapi_config_apply_per_lib :  ITTAPI function not implemented: __itt_module_unload_with_sections
1625094 : 0xa61dc1ca508b0 : 2 : ittapi_config_apply_per_lib :  ITTAPI function instrumented: __itt_string_handle_create
1625094 : 0xa61dc1ca5100c : 2 : ittapi_config_apply_per_lib :  ITTAPI function instrumented: __itt_counter_create
1625094 : 0xa61dc1ca5167c : 2 : ittapi_config_apply_per_lib :  ITTAPI function instrumented: __itt_counter_create_typed
1625094 : 0xa61dc1ca51f23 : 2 : ittapi_config_apply_per_lib :  ITTAPI function instrumented: __itt_pause
1625094 : 0xa61dc1ca52665 : 2 : ittapi_config_apply_per_lib :  ITTAPI function instrumented: __itt_resume
1625094 : 0xa61dc1ca57fd1 : 2 : ittapi_config_apply_per_lib :  ITTAPI function instrumented: __itt_thread_set_name
1625094 : 0xa61dc1ca588d9 : 2 : ittapi_config_apply_per_lib :  ITTAPI function instrumented: __itt_thread_ignore
1625094 : 0xa61dc1ca59000 : 2 : ittapi_config_apply_per_lib :  ITTAPI function instrumented: __itt_thr_name_set
1625094 : 0xa61dc1ca59729 : 2 : ittapi_config_apply_per_lib :  ITTAPI function instrumented: __itt_thr_ignore
1625094 : 0xa61dc1ca5a231 : 2 : ittapi_config_apply_per_lib :  ITTAPI function not implemented: __itt_enable_attach
1625094 : 0xa61dc1ca5aa92 : 2 : ittapi_config_apply_per_lib :  ITTAPI function instrumented: __itt_detach
1625094 : 0xa61dc1ca5ae90 : 2 : ittapi_config_apply_per_lib :  ITTAPI function NOT instrumented (not matched by --itt-config option): __itt_sync_create

1625094 : 0xa61dc1ca5b402 : 2 : ittapi_config_apply_per_lib :  ITTAPI function NOT instrumented (not matched by --itt-config option): __itt_sync_rename

1625094 : 0xa61dc1ca5b7a9 : 2 : ittapi_config_apply_per_lib :  ITTAPI function NOT instrumented (not matched by --itt-config option): __itt_sync_destroy

1625094 : 0xa61dc1ca5bc28 : 2 : ittapi_config_apply_per_lib :  ITTAPI function NOT instrumented (not matched by --itt-config option): __itt_sync_prepare

1625094 : 0xa61dc1ca5d085 : 2 : ittapi_config_apply_per_lib :  ITTAPI function NOT instrumented (not matched by --itt-config option): __itt_sync_cancel

1625094 : 0xa61dc1ca5d4f6 : 2 : ittapi_config_apply_per_lib :  ITTAPI function NOT instrumented (not matched by --itt-config option): __itt_sync_acquired

1625094 : 0xa61dc1ca5d869 : 2 : ittapi_config_apply_per_lib :  ITTAPI function NOT instrumented (not matched by --itt-config option): __itt_sync_releasing

1625094 : 0xa61dc1ca5e184 : 2 : ittapi_config_apply_per_lib :  ITTAPI function not implemented: __itt_suppress_push
1625094 : 0xa61dc1ca5eabb : 2 : ittapi_config_apply_per_lib :  ITTAPI function not implemented: __itt_suppress_pop
1625094 : 0xa61dc1ca5f25d : 2 : ittapi_config_apply_per_lib :  ITTAPI function not implemented: __itt_suppress_mark_range
1625094 : 0xa61dc1ca5fa02 : 2 : ittapi_config_apply_per_lib :  ITTAPI function not implemented: __itt_suppress_clear_range
1625094 : 0xa61dc1ca5fdcc : 2 : ittapi_config_apply_per_lib :  ITTAPI function NOT instrumented (not matched by --itt-config option): __itt_sync_prepare

1625094 : 0xa61dc1ca60175 : 2 : ittapi_config_apply_per_lib :  ITTAPI function NOT instrumented (not matched by --itt-config option): __itt_sync_cancel

1625094 : 0xa61dc1ca60513 : 2 : ittapi_config_apply_per_lib :  ITTAPI function NOT instrumented (not matched by --itt-config option): __itt_sync_acquired

1625094 : 0xa61dc1ca61544 : 2 : ittapi_config_apply_per_lib :  ITTAPI function NOT instrumented (not matched by --itt-config option): __itt_sync_releasing

1625094 : 0xa61dc1ca61968 : 2 : ittapi_config_apply_per_lib :  ITTAPI function NOT instrumented (not matched by --itt-config option): __itt_model_site_begin

1625094 : 0xa61dc1ca61d05 : 2 : ittapi_config_apply_per_lib :  ITTAPI function NOT instrumented (not matched by --itt-config option): __itt_model_site_end

1625094 : 0xa61dc1ca62093 : 2 : ittapi_config_apply_per_lib :  ITTAPI function NOT instrumented (not matched by --itt-config option): __itt_model_task_begin

1625094 : 0xa61dc1ca6240c : 2 : ittapi_config_apply_per_lib :  ITTAPI function NOT instrumented (not matched by --itt-config option): __itt_model_task_end

1625094 : 0xa61dc1ca62789 : 2 : ittapi_config_apply_per_lib :  ITTAPI function NOT instrumented (not matched by --itt-config option): __itt_model_lock_acquire

1625094 : 0xa61dc1ca62bd6 : 2 : ittapi_config_apply_per_lib :  ITTAPI function NOT instrumented (not matched by --itt-config option): __itt_model_lock_release

1625094 : 0xa61dc1ca62f56 : 2 : ittapi_config_apply_per_lib :  ITTAPI function NOT instrumented (not matched by --itt-config option): __itt_model_record_allocation

1625094 : 0xa61dc1ca632b8 : 2 : ittapi_config_apply_per_lib :  ITTAPI function NOT instrumented (not matched by --itt-config option): __itt_model_record_deallocation

1625094 : 0xa61dc1ca635f5 : 2 : ittapi_config_apply_per_lib :  ITTAPI function NOT instrumented (not matched by --itt-config option): __itt_model_induction_uses

1625094 : 0xa61dc1ca6519e : 2 : ittapi_config_apply_per_lib :  ITTAPI function NOT instrumented (not matched by --itt-config option): __itt_model_reduction_uses

1625094 : 0xa61dc1ca655b3 : 2 : ittapi_config_apply_per_lib :  ITTAPI function NOT instrumented (not matched by --itt-config option): __itt_model_observe_uses

1625094 : 0xa61dc1ca65979 : 2 : ittapi_config_apply_per_lib :  ITTAPI function NOT instrumented (not matched by --itt-config option): __itt_model_clear_uses

1625094 : 0xa61dc1ca65d11 : 2 : ittapi_config_apply_per_lib :  ITTAPI function NOT instrumented (not matched by --itt-config option): __itt_model_site_beginA

1625094 : 0xa61dc1ca66113 : 2 : ittapi_config_apply_per_lib :  ITTAPI function NOT instrumented (not matched by --itt-config option): __itt_model_site_beginAL

1625094 : 0xa61dc1ca66497 : 2 : ittapi_config_apply_per_lib :  ITTAPI function NOT instrumented (not matched by --itt-config option): __itt_model_task_beginA

1625094 : 0xa61dc1ca66811 : 2 : ittapi_config_apply_per_lib :  ITTAPI function NOT instrumented (not matched by --itt-config option): __itt_model_task_beginAL

1625094 : 0xa61dc1ca66b8b : 2 : ittapi_config_apply_per_lib :  ITTAPI function NOT instrumented (not matched by --itt-config option): __itt_model_iteration_taskA

1625094 : 0xa61dc1ca66ed1 : 2 : ittapi_config_apply_per_lib :  ITTAPI function NOT instrumented (not matched by --itt-config option): __itt_model_iteration_taskAL

1625094 : 0xa61dc1ca67210 : 2 : ittapi_config_apply_per_lib :  ITTAPI function NOT instrumented (not matched by --itt-config option): __itt_model_site_end_2

1625094 : 0xa61dc1ca685d4 : 2 : ittapi_config_apply_per_lib :  ITTAPI function NOT instrumented (not matched by --itt-config option): __itt_model_task_end_2

1625094 : 0xa61dc1ca68970 : 2 : ittapi_config_apply_per_lib :  ITTAPI function NOT instrumented (not matched by --itt-config option): __itt_model_lock_acquire_2

1625094 : 0xa61dc1ca68d47 : 2 : ittapi_config_apply_per_lib :  ITTAPI function NOT instrumented (not matched by --itt-config option): __itt_model_lock_release_2

1625094 : 0xa61dc1ca690d3 : 2 : ittapi_config_apply_per_lib :  ITTAPI function NOT instrumented (not matched by --itt-config option): __itt_model_aggregate_task

1625094 : 0xa61dc1ca6945d : 2 : ittapi_config_apply_per_lib :  ITTAPI function NOT instrumented (not matched by --itt-config option): __itt_model_disable_push

1625094 : 0xa61dc1ca697c1 : 2 : ittapi_config_apply_per_lib :  ITTAPI function NOT instrumented (not matched by --itt-config option): __itt_model_disable_pop

1625094 : 0xa61dc1ca69f17 : 2 : ittapi_config_apply_per_lib :  ITTAPI function instrumented: __itt_heap_function_create
1625094 : 0xa61dc1ca6a682 : 2 : ittapi_config_apply_per_lib :  ITTAPI function instrumented: __itt_heap_allocate_begin
1625094 : 0xa61dc1ca6ad28 : 2 : ittapi_config_apply_per_lib :  ITTAPI function instrumented: __itt_heap_allocate_end
1625094 : 0xa61dc1ca6b47f : 2 : ittapi_config_apply_per_lib :  ITTAPI function instrumented: __itt_heap_free_begin
1625094 : 0xa61dc1ca6cf90 : 2 : ittapi_config_apply_per_lib :  ITTAPI function instrumented: __itt_heap_free_end
1625094 : 0xa61dc1ca6d728 : 2 : ittapi_config_apply_per_lib :  ITTAPI function instrumented: __itt_heap_reallocate_begin
1625094 : 0xa61dc1ca6ddc9 : 2 : ittapi_config_apply_per_lib :  ITTAPI function instrumented: __itt_heap_reallocate_end
1625094 : 0xa61dc1ca6e5ba : 2 : ittapi_config_apply_per_lib :  ITTAPI function not implemented: __itt_heap_internal_access_begin
1625094 : 0xa61dc1ca6ed47 : 2 : ittapi_config_apply_per_lib :  ITTAPI function not implemented: __itt_heap_internal_access_end
1625094 : 0xa61dc1ca6f51d : 2 : ittapi_config_apply_per_lib :  ITTAPI function not implemented: __itt_heap_record_memory_growth_begin
1625094 : 0xa61dc1ca6fccf : 2 : ittapi_config_apply_per_lib :  ITTAPI function not implemented: __itt_heap_record_memory_growth_end
1625094 : 0xa61dc1ca70532 : 2 : ittapi_config_apply_per_lib :  ITTAPI function not implemented: __itt_heap_reset_detection
1625094 : 0xa61dc1ca70dbe : 2 : ittapi_config_apply_per_lib :  ITTAPI function not implemented: __itt_heap_record
1625094 : 0xa61dc1ca71566 : 2 : ittapi_config_apply_per_lib :  ITTAPI function not implemented: __itt_id_create
1625094 : 0xa61dc1ca72d5f : 2 : ittapi_config_apply_per_lib :  ITTAPI function not implemented: __itt_id_destroy
1625094 : 0xa61dc1ca734ca : 2 : ittapi_config_apply_per_lib :  ITTAPI function instrumented: __itt_get_timestamp
1625094 : 0xa61dc1ca73c49 : 2 : ittapi_config_apply_per_lib :  ITTAPI function not implemented: __itt_region_begin
1625094 : 0xa61dc1ca744b1 : 2 : ittapi_config_apply_per_lib :  ITTAPI function not implemented: __itt_region_end
1625094 : 0xa61dc1ca74c34 : 2 : ittapi_config_apply_per_lib :  ITTAPI function instrumented: __itt_frame_begin_v3
1625094 : 0xa61dc1ca754a2 : 2 : ittapi_config_apply_per_lib :  ITTAPI function instrumented: __itt_frame_end_v3
1625094 : 0xa61dc1ca75b90 : 2 : ittapi_config_apply_per_lib :  ITTAPI function instrumented: __itt_frame_submit_v3
1625094 : 0xa61dc1ca76361 : 2 : ittapi_config_apply_per_lib :  ITTAPI function not implemented: __itt_task_group
1625094 : 0xa61dc1ca76b53 : 2 : ittapi_config_apply_per_lib :  ITTAPI function instrumented: __itt_task_begin
1625094 : 0xa61dc1ca7722f : 2 : ittapi_config_apply_per_lib :  ITTAPI function instrumented: __itt_task_begin_fn
1625094 : 0xa61dc1ca78556 : 2 : ittapi_config_apply_per_lib :  ITTAPI function instrumented: __itt_task_end
1625094 : 0xa61dc1ca78dcf : 2 : ittapi_config_apply_per_lib :  ITTAPI function not implemented: __itt_counter_inc_v3
1625094 : 0xa61dc1ca795e2 : 2 : ittapi_config_apply_per_lib :  ITTAPI function not implemented: __itt_counter_inc_delta_v3
1625094 : 0xa61dc1ca79e0b : 2 : ittapi_config_apply_per_lib :  ITTAPI function not implemented: __itt_counter_dec_v3
1625094 : 0xa61dc1ca7a5ca : 2 : ittapi_config_apply_per_lib :  ITTAPI function not implemented: __itt_counter_dec_delta_v3
1625094 : 0xa61dc1ca7ada8 : 2 : ittapi_config_apply_per_lib :  ITTAPI function not implemented: __itt_marker
1625094 : 0xa61dc1ca7b4d4 : 2 : ittapi_config_apply_per_lib :  ITTAPI function instrumented: __itt_metadata_add
1625094 : 0xa61dc1ca7bcc0 : 2 : ittapi_config_apply_per_lib :  ITTAPI function not implemented: __itt_metadata_str_add
1625094 : 0xa61dc1ca7c413 : 2 : ittapi_config_apply_per_lib :  ITTAPI function not implemented: __itt_relation_add_to_current
1625094 : 0xa61dc1ca7cb9e : 2 : ittapi_config_apply_per_lib :  ITTAPI function not implemented: __itt_relation_add
1625094 : 0xa61dc1ca7dea5 : 2 : ittapi_config_apply_per_lib :  ITTAPI function instrumented: __itt_event_create
1625094 : 0xa61dc1ca7e6ef : 2 : ittapi_config_apply_per_lib :  ITTAPI function instrumented: __itt_event_start
1625094 : 0xa61dc1ca7edc2 : 2 : ittapi_config_apply_per_lib :  ITTAPI function instrumented: __itt_event_end
1625094 : 0xa61dc1ca7f164 : 2 : ittapi_config_apply_per_lib :  ITTAPI function NOT instrumented (not matched by --itt-config option): __itt_sync_set_name

1625094 : 0xa61dc1ca7f540 : 2 : ittapi_config_apply_per_lib :  ITTAPI function NOT instrumented (not matched by --itt-config option): __itt_notify_sync_name

1625094 : 0xa61dc1ca7f8dd : 2 : ittapi_config_apply_per_lib :  ITTAPI function NOT instrumented (not matched by --itt-config option): __itt_notify_sync_prepare

1625094 : 0xa61dc1ca7fc99 : 2 : ittapi_config_apply_per_lib :  ITTAPI function NOT instrumented (not matched by --itt-config option): __itt_notify_sync_cancel

1625094 : 0xa61dc1ca8006a : 2 : ittapi_config_apply_per_lib :  ITTAPI function NOT instrumented (not matched by --itt-config option): __itt_notify_sync_acquired

1625094 : 0xa61dc1ca803f2 : 2 : ittapi_config_apply_per_lib :  ITTAPI function NOT instrumented (not matched by --itt-config option): __itt_notify_sync_releasing

1625094 : 0xa61dc1ca80c2f : 2 : ittapi_config_apply_per_lib :  ITTAPI function not implemented: __itt_memory_read
1625094 : 0xa61dc1ca82b8d : 2 : ittapi_config_apply_per_lib :  ITTAPI function not implemented: __itt_memory_write
1625094 : 0xa61dc1ca8338d : 2 : ittapi_config_apply_per_lib :  ITTAPI function not implemented: __itt_memory_update
1625094 : 0xa61dc1ca83ba2 : 2 : ittapi_config_apply_per_lib :  ITTAPI function not implemented: __itt_state_get
1625094 : 0xa61dc1ca84393 : 2 : ittapi_config_apply_per_lib :  ITTAPI function not implemented: __itt_state_set
1625094 : 0xa61dc1ca84b3d : 2 : ittapi_config_apply_per_lib :  ITTAPI function not implemented: __itt_obj_mode_set
1625094 : 0xa61dc1ca85363 : 2 : ittapi_config_apply_per_lib :  ITTAPI function not implemented: __itt_thr_mode_set
1625094 : 0xa61dc1ca85a64 : 2 : ittapi_config_apply_per_lib :  ITTAPI function instrumented: __itt_frame_create
1625094 : 0xa61dc1ca861a4 : 2 : ittapi_config_apply_per_lib :  ITTAPI function instrumented: __itt_pt_region_create
1625094 : 0xa61dc1ca86865 : 2 : ittapi_config_apply_per_lib :  ITTAPI function instrumented: __itt_frame_begin
1625094 : 0xa61dc1ca86f74 : 2 : ittapi_config_apply_per_lib :  ITTAPI function instrumented: __itt_frame_end
1625094 : 0xa61dc1ca884f1 : 2 : ittapi_config_apply_per_lib :  ITTAPI function not implemented: __itt_counter_destroy
1625094 : 0xa61dc1ca88c8d : 2 : ittapi_config_apply_per_lib :  ITTAPI function instrumented: __itt_counter_inc
1625094 : 0xa61dc1ca8934b : 2 : ittapi_config_apply_per_lib :  ITTAPI function instrumented: __itt_counter_inc_delta
1625094 : 0xa61dc1ca89a6a : 2 : ittapi_config_apply_per_lib :  ITTAPI function instrumented: __itt_counter_dec
1625094 : 0xa61dc1ca8a13b : 2 : ittapi_config_apply_per_lib :  ITTAPI function instrumented: __itt_counter_dec_delta
1625094 : 0xa61dc1ca8a8f1 : 2 : ittapi_config_apply_per_lib :  ITTAPI function instrumented: __itt_counter_set_value
1625094 : 0xa61dc1ca8b06a : 2 : ittapi_config_apply_per_lib :  ITTAPI function not implemented: __itt_counter_set_value_ex
1625094 : 0xa61dc1ca8b7ae : 2 : ittapi_config_apply_per_lib :  ITTAPI function not implemented: __itt_mark_create
1625094 : 0xa61dc1ca8bf4b : 2 : ittapi_config_apply_per_lib :  ITTAPI function not implemented: __itt_mark
1625094 : 0xa61dc1ca8c7aa : 2 : ittapi_config_apply_per_lib :  ITTAPI function not implemented: __itt_mark_off
1625094 : 0xa61dc1ca8db62 : 2 : ittapi_config_apply_per_lib :  ITTAPI function not implemented: __itt_mark_global
1625094 : 0xa61dc1ca8e316 : 2 : ittapi_config_apply_per_lib :  ITTAPI function not implemented: __itt_mark_global_off
1625094 : 0xa61dc1ca8ea9b : 2 : ittapi_config_apply_per_lib :  ITTAPI function instrumented: __itt_stack_caller_create
1625094 : 0xa61dc1ca8f1a6 : 2 : ittapi_config_apply_per_lib :  ITTAPI function instrumented: __itt_stack_caller_destroy
1625094 : 0xa61dc1ca8f89d : 2 : ittapi_config_apply_per_lib :  ITTAPI function instrumented: __itt_stack_callee_enter
1625094 : 0xa61dc1ca8ff53 : 2 : ittapi_config_apply_per_lib :  ITTAPI function instrumented: __itt_stack_callee_leave
1625094 : 0xa61dc1ca90686 : 2 : ittapi_config_apply_per_lib :  ITTAPI function not implemented: __itt_clock_domain_create
1625094 : 0xa61dc1ca90e14 : 2 : ittapi_config_apply_per_lib :  ITTAPI function not implemented: __itt_clock_domain_reset
1625094 : 0xa61dc1ca915a0 : 2 : ittapi_config_apply_per_lib :  ITTAPI function not implemented: __itt_id_create_ex
1625094 : 0xa61dc1ca91d28 : 2 : ittapi_config_apply_per_lib :  ITTAPI function not implemented: __itt_id_destroy_ex
1625094 : 0xa61dc1ca937bd : 2 : ittapi_config_apply_per_lib :  ITTAPI function not implemented: __itt_task_begin_ex
1625094 : 0xa61dc1ca93fa8 : 2 : ittapi_config_apply_per_lib :  ITTAPI function not implemented: __itt_task_begin_fn_ex
1625094 : 0xa61dc1ca94735 : 2 : ittapi_config_apply_per_lib :  ITTAPI function not implemented: __itt_task_end_ex
1625094 : 0xa61dc1ca94eb9 : 2 : ittapi_config_apply_per_lib :  ITTAPI function instrumented: __itt_task_begin_overlapped
1625094 : 0xa61dc1ca9562b : 2 : ittapi_config_apply_per_lib :  ITTAPI function not implemented: __itt_task_begin_overlapped_ex
1625094 : 0xa61dc1ca95d09 : 2 : ittapi_config_apply_per_lib :  ITTAPI function instrumented: __itt_task_end_overlapped
1625094 : 0xa61dc1ca96456 : 2 : ittapi_config_apply_per_lib :  ITTAPI function not implemented: __itt_task_end_overlapped_ex
1625094 : 0xa61dc1ca96bb6 : 2 : ittapi_config_apply_per_lib :  ITTAPI function not implemented: __itt_marker_ex
1625094 : 0xa61dc1ca9738b : 2 : ittapi_config_apply_per_lib :  ITTAPI function not implemented: __itt_metadata_add_with_scope
1625094 : 0xa61dc1ca97b7a : 2 : ittapi_config_apply_per_lib :  ITTAPI function not implemented: __itt_metadata_str_add_with_scope
1625094 : 0xa61dc1ca98ff1 : 2 : ittapi_config_apply_per_lib :  ITTAPI function not implemented: __itt_relation_add_to_current_ex
1625094 : 0xa61dc1ca997c7 : 2 : ittapi_config_apply_per_lib :  ITTAPI function not implemented: __itt_relation_add_ex
1625094 : 0xa61dc1ca99f94 : 2 : ittapi_config_apply_per_lib :  ITTAPI function not implemented: __itt_track_group_create
1625094 : 0xa61dc1ca9a6d2 : 2 : ittapi_config_apply_per_lib :  ITTAPI function not implemented: __itt_track_create
1625094 : 0xa61dc1ca9ae42 : 2 : ittapi_config_apply_per_lib :  ITTAPI function not implemented: __itt_set_track
1625094 : 0xa61dc1ca9b546 : 2 : ittapi_config_apply_per_lib :  ITTAPI function instrumented: __itt_api_version
1625094 : 0xa61dc1ca9bc9e : 2 : ittapi_config_apply_per_lib :  ITTAPI function not implemented: __itt_av_save
1625094 : 0xa61dc1ca9c3a3 : 2 : ittapi_config_apply_per_lib :  ITTAPI function instrumented: __itt_module_load
1625094 : 0xa61dc1ca9cb4f : 2 : ittapi_config_apply_per_lib :  ITTAPI function not implemented: __itt_module_unload
1625094 : 0xa61dc1cae327f : 2 : ittapi_config_mask_get :  --itt-config mask to be applied: 55
1625094 : 0xa61dc1cae528e : 2 : ittapi_config_apply_per_lib :  ITTAPI function instrumented: __itt_domain_create
1625094 : 0xa61dc1cae5b76 : 2 : ittapi_config_apply_per_lib :  ITTAPI function instrumented: __itt_module_load_with_sections
1625094 : 0xa61dc1cae64b9 : 2 : ittapi_config_apply_per_lib :  ITTAPI function not implemented: __itt_module_unload_with_sections
1625094 : 0xa61dc1cae6c1b : 2 : ittapi_config_apply_per_lib :  ITTAPI function instrumented: __itt_string_handle_create
1625094 : 0xa61dc1cae733d : 2 : ittapi_config_apply_per_lib :  ITTAPI function instrumented: __itt_counter_create
1625094 : 0xa61dc1cae79a2 : 2 : ittapi_config_apply_per_lib :  ITTAPI function instrumented: __itt_counter_create_typed
1625094 : 0xa61dc1cae815f : 2 : ittapi_config_apply_per_lib :  ITTAPI function instrumented: __itt_pause
1625094 : 0xa61dc1cae8897 : 2 : ittapi_config_apply_per_lib :  ITTAPI function instrumented: __itt_resume
1625094 : 0xa61dc1cae8edc : 2 : ittapi_config_apply_per_lib :  ITTAPI function instrumented: __itt_thread_set_name
1625094 : 0xa61dc1cae9737 : 2 : ittapi_config_apply_per_lib :  ITTAPI function instrumented: __itt_thread_ignore
1625094 : 0xa61dc1caeaac4 : 2 : ittapi_config_apply_per_lib :  ITTAPI function instrumented: __itt_thr_name_set
1625094 : 0xa61dc1caeb1d5 : 2 : ittapi_config_apply_per_lib :  ITTAPI function instrumented: __itt_thr_ignore
1625094 : 0xa61dc1caeb9d5 : 2 : ittapi_config_apply_per_lib :  ITTAPI function not implemented: __itt_enable_attach
1625094 : 0xa61dc1caec112 : 2 : ittapi_config_apply_per_lib :  ITTAPI function instrumented: __itt_detach
1625094 : 0xa61dc1caec4dc : 2 : ittapi_config_apply_per_lib :  ITTAPI function NOT instrumented (not matched by --itt-config option): __itt_sync_create

1625094 : 0xa61dc1caec8d1 : 2 : ittapi_config_apply_per_lib :  ITTAPI function NOT instrumented (not matched by --itt-config option): __itt_sync_rename

1625094 : 0xa61dc1caecc82 : 2 : ittapi_config_apply_per_lib :  ITTAPI function NOT instrumented (not matched by --itt-config option): __itt_sync_destroy

1625094 : 0xa61dc1caed04a : 2 : ittapi_config_apply_per_lib :  ITTAPI function NOT instrumented (not matched by --itt-config option): __itt_sync_prepare

1625094 : 0xa61dc1caed3ea : 2 : ittapi_config_apply_per_lib :  ITTAPI function NOT instrumented (not matched by --itt-config option): __itt_sync_cancel

1625094 : 0xa61dc1caed752 : 2 : ittapi_config_apply_per_lib :  ITTAPI function NOT instrumented (not matched by --itt-config option): __itt_sync_acquired

1625094 : 0xa61dc1caef0d7 : 2 : ittapi_config_apply_per_lib :  ITTAPI function NOT instrumented (not matched by --itt-config option): __itt_sync_releasing

1625094 : 0xa61dc1caefa31 : 2 : ittapi_config_apply_per_lib :  ITTAPI function not implemented: __itt_suppress_push
1625094 : 0xa61dc1caf027f : 2 : ittapi_config_apply_per_lib :  ITTAPI function not implemented: __itt_suppress_pop
1625094 : 0xa61dc1caf0a32 : 2 : ittapi_config_apply_per_lib :  ITTAPI function not implemented: __itt_suppress_mark_range
1625094 : 0xa61dc1caf1224 : 2 : ittapi_config_apply_per_lib :  ITTAPI function not implemented: __itt_suppress_clear_range
1625094 : 0xa61dc1caf15f1 : 2 : ittapi_config_apply_per_lib :  ITTAPI function NOT instrumented (not matched by --itt-config option): __itt_sync_prepare

1625094 : 0xa61dc1caf1985 : 2 : ittapi_config_apply_per_lib :  ITTAPI function NOT instrumented (not matched by --itt-config option): __itt_sync_cancel

1625094 : 0xa61dc1caf1ced : 2 : ittapi_config_apply_per_lib :  ITTAPI function NOT instrumented (not matched by --itt-config option): __itt_sync_acquired

1625094 : 0xa61dc1caf203b : 2 : ittapi_config_apply_per_lib :  ITTAPI function NOT instrumented (not matched by --itt-config option): __itt_sync_releasing

1625094 : 0xa61dc1caf2478 : 2 : ittapi_config_apply_per_lib :  ITTAPI function NOT instrumented (not matched by --itt-config option): __itt_model_site_begin

1625094 : 0xa61dc1caf34f3 : 2 : ittapi_config_apply_per_lib :  ITTAPI function NOT instrumented (not matched by --itt-config option): __itt_model_site_end

1625094 : 0xa61dc1caf3911 : 2 : ittapi_config_apply_per_lib :  ITTAPI function NOT instrumented (not matched by --itt-config option): __itt_model_task_begin

1625094 : 0xa61dc1caf3c98 : 2 : ittapi_config_apply_per_lib :  ITTAPI function NOT instrumented (not matched by --itt-config option): __itt_model_task_end

1625094 : 0xa61dc1caf4018 : 2 : ittapi_config_apply_per_lib :  ITTAPI function NOT instrumented (not matched by --itt-config option): __itt_model_lock_acquire

1625094 : 0xa61dc1caf43db : 2 : ittapi_config_apply_per_lib :  ITTAPI function NOT instrumented (not matched by --itt-config option): __itt_model_lock_release

1625094 : 0xa61dc1caf473c : 2 : ittapi_config_apply_per_lib :  ITTAPI function NOT instrumented (not matched by --itt-config option): __itt_model_record_allocation

1625094 : 0xa61dc1caf4a87 : 2 : ittapi_config_apply_per_lib :  ITTAPI function NOT instrumented (not matched by --itt-config option): __itt_model_record_deallocation

1625094 : 0xa61dc1caf4f03 : 2 : ittapi_config_apply_per_lib :  ITTAPI function NOT instrumented (not matched by --itt-config option): __itt_model_induction_uses

1625094 : 0xa61dc1caf5288 : 2 : ittapi_config_apply_per_lib :  ITTAPI function NOT instrumented (not matched by --itt-config option): __itt_model_reduction_uses

1625094 : 0xa61dc1caf55f6 : 2 : ittapi_config_apply_per_lib :  ITTAPI function NOT instrumented (not matched by --itt-config option): __itt_model_observe_uses

1625094 : 0xa61dc1caf6c0e : 2 : ittapi_config_apply_per_lib :  ITTAPI function NOT instrumented (not matched by --itt-config option): __itt_model_clear_uses

1625094 : 0xa61dc1caf701b : 2 : ittapi_config_apply_per_lib :  ITTAPI function NOT instrumented (not matched by --itt-config option): __itt_model_site_beginA

1625094 : 0xa61dc1caf73a5 : 2 : ittapi_config_apply_per_lib :  ITTAPI function NOT instrumented (not matched by --itt-config option): __itt_model_site_beginAL

1625094 : 0xa61dc1caf7725 : 2 : ittapi_config_apply_per_lib :  ITTAPI function NOT instrumented (not matched by --itt-config option): __itt_model_task_beginA

1625094 : 0xa61dc1caf7a97 : 2 : ittapi_config_apply_per_lib :  ITTAPI function NOT instrumented (not matched by --itt-config option): __itt_model_task_beginAL

1625094 : 0xa61dc1caf7e61 : 2 : ittapi_config_apply_per_lib :  ITTAPI function NOT instrumented (not matched by --itt-config option): __itt_model_iteration_taskA

1625094 : 0xa61dc1caf81b7 : 2 : ittapi_config_apply_per_lib :  ITTAPI function NOT instrumented (not matched by --itt-config option): __itt_model_iteration_taskAL

1625094 : 0xa61dc1caf84f1 : 2 : ittapi_config_apply_per_lib :  ITTAPI function NOT instrumented (not matched by --itt-config option): __itt_model_site_end_2

1625094 : 0xa61dc1caf8864 : 2 : ittapi_config_apply_per_lib :  ITTAPI function NOT instrumented (not matched by --itt-config option): __itt_model_task_end_2

1625094 : 0xa61dc1caf8bb9 : 2 : ittapi_config_apply_per_lib :  ITTAPI function NOT instrumented (not matched by --itt-config option): __itt_model_lock_acquire_2

1625094 : 0xa61dc1caf9bf2 : 2 : ittapi_config_apply_per_lib :  ITTAPI function NOT instrumented (not matched by --itt-config option): __itt_model_lock_release_2

1625094 : 0xa61dc1caf9fd8 : 2 : ittapi_config_apply_per_lib :  ITTAPI function NOT instrumented (not matched by --itt-config option): __itt_model_aggregate_task

1625094 : 0xa61dc1cafa355 : 2 : ittapi_config_apply_per_lib :  ITTAPI function NOT instrumented (not matched by --itt-config option): __itt_model_disable_push

1625094 : 0xa61dc1cafa726 : 2 : ittapi_config_apply_per_lib :  ITTAPI function NOT instrumented (not matched by --itt-config option): __itt_model_disable_pop

1625094 : 0xa61dc1cafae69 : 2 : ittapi_config_apply_per_lib :  ITTAPI function instrumented: __itt_heap_function_create
1625094 : 0xa61dc1cafb5a0 : 2 : ittapi_config_apply_per_lib :  ITTAPI function instrumented: __itt_heap_allocate_begin
1625094 : 0xa61dc1cafbc85 : 2 : ittapi_config_apply_per_lib :  ITTAPI function instrumented: __itt_heap_allocate_end
1625094 : 0xa61dc1cafc3d9 : 2 : ittapi_config_apply_per_lib :  ITTAPI function instrumented: __itt_heap_free_begin
1625094 : 0xa61dc1cafca78 : 2 : ittapi_config_apply_per_lib :  ITTAPI function instrumented: __itt_heap_free_end
1625094 : 0xa61dc1cafd12d : 2 : ittapi_config_apply_per_lib :  ITTAPI function instrumented: __itt_heap_reallocate_begin
1625094 : 0xa61dc1cafe4c7 : 2 : ittapi_config_apply_per_lib :  ITTAPI function instrumented: __itt_heap_reallocate_end
1625094 : 0xa61dc1cafece7 : 2 : ittapi_config_apply_per_lib :  ITTAPI function not implemented: __itt_heap_internal_access_begin
1625094 : 0xa61dc1caff4b9 : 2 : ittapi_config_apply_per_lib :  ITTAPI function not implemented: __itt_heap_internal_access_end
1625094 : 0xa61dc1caffc9f : 2 : ittapi_config_apply_per_lib :  ITTAPI function not implemented: __itt_heap_record_memory_growth_begin
1625094 : 0xa61dc1cb004a9 : 2 : ittapi_config_apply_per_lib :  ITTAPI function not implemented: __itt_heap_record_memory_growth_end
1625094 : 0xa61dc1cb00c98 : 2 : ittapi_config_apply_per_lib :  ITTAPI function not implemented: __itt_heap_reset_detection
1625094 : 0xa61dc1cb0147a : 2 : ittapi_config_apply_per_lib :  ITTAPI function not implemented: __itt_heap_record
1625094 : 0xa61dc1cb01bf8 : 2 : ittapi_config_apply_per_lib :  ITTAPI function not implemented: __itt_id_create
1625094 : 0xa61dc1cb023ae : 2 : ittapi_config_apply_per_lib :  ITTAPI function not implemented: __itt_id_destroy
1625094 : 0xa61dc1cb02aab : 2 : ittapi_config_apply_per_lib :  ITTAPI function instrumented: __itt_get_timestamp
1625094 : 0xa61dc1cb04434 : 2 : ittapi_config_apply_per_lib :  ITTAPI function not implemented: __itt_region_begin
1625094 : 0xa61dc1cb04c62 : 2 : ittapi_config_apply_per_lib :  ITTAPI function not implemented: __itt_region_end
1625094 : 0xa61dc1cb053f6 : 2 : ittapi_config_apply_per_lib :  ITTAPI function instrumented: __itt_frame_begin_v3
1625094 : 0xa61dc1cb05b24 : 2 : ittapi_config_apply_per_lib :  ITTAPI function instrumented: __itt_frame_end_v3
1625094 : 0xa61dc1cb0625b : 2 : ittapi_config_apply_per_lib :  ITTAPI function instrumented: __itt_frame_submit_v3
1625094 : 0xa61dc1cb06a0b : 2 : ittapi_config_apply_per_lib :  ITTAPI function not implemented: __itt_task_group
1625094 : 0xa61dc1cb071db : 2 : ittapi_config_apply_per_lib :  ITTAPI function instrumented: __itt_task_begin
1625094 : 0xa61dc1cb078e0 : 2 : ittapi_config_apply_per_lib :  ITTAPI function instrumented: __itt_task_begin_fn
1625094 : 0xa61dc1cb07fba : 2 : ittapi_config_apply_per_lib :  ITTAPI function instrumented: __itt_task_end
1625094 : 0xa61dc1cb0878d : 2 : ittapi_config_apply_per_lib :  ITTAPI function not implemented: __itt_counter_inc_v3
1625094 : 0xa61dc1cb09c1f : 2 : ittapi_config_apply_per_lib :  ITTAPI function not implemented: __itt_counter_inc_delta_v3
1625094 : 0xa61dc1cb0a400 : 2 : ittapi_config_apply_per_lib :  ITTAPI function not implemented: __itt_counter_dec_v3
1625094 : 0xa61dc1cb0ab99 : 2 : ittapi_config_apply_per_lib :  ITTAPI function not implemented: __itt_counter_dec_delta_v3
1625094 : 0xa61dc1cb0b34b : 2 : ittapi_config_apply_per_lib :  ITTAPI function not implemented: __itt_marker
1625094 : 0xa61dc1cb0bad2 : 2 : ittapi_config_apply_per_lib :  ITTAPI function instrumented: __itt_metadata_add
1625094 : 0xa61dc1cb0c29b : 2 : ittapi_config_apply_per_lib :  ITTAPI function not implemented: __itt_metadata_str_add
1625094 : 0xa61dc1cb0c9f6 : 2 : ittapi_config_apply_per_lib :  ITTAPI function not implemented: __itt_relation_add_to_current
1625094 : 0xa61dc1cb0d187 : 2 : ittapi_config_apply_per_lib :  ITTAPI function not implemented: __itt_relation_add
1625094 : 0xa61dc1cb0d846 : 2 : ittapi_config_apply_per_lib :  ITTAPI function instrumented: __itt_event_create
1625094 : 0xa61dc1cb0df13 : 2 : ittapi_config_apply_per_lib :  ITTAPI function instrumented: __itt_event_start
1625094 : 0xa61dc1cb0f27b : 2 : ittapi_config_apply_per_lib :  ITTAPI function instrumented: __itt_event_end
1625094 : 0xa61dc1cb0f67d : 2 : ittapi_config_apply_per_lib :  ITTAPI function NOT instrumented (not matched by --itt-config option): __itt_sync_set_name

1625094 : 0xa61dc1cb0fa62 : 2 : ittapi_config_apply_per_lib :  ITTAPI function NOT instrumented (not matched by --itt-config option): __itt_notify_sync_name

1625094 : 0xa61dc1cb0fdf2 : 2 : ittapi_config_apply_per_lib :  ITTAPI function NOT instrumented (not matched by --itt-config option): __itt_notify_sync_prepare

1625094 : 0xa61dc1cb10168 : 2 : ittapi_config_apply_per_lib :  ITTAPI function NOT instrumented (not matched by --itt-config option): __itt_notify_sync_cancel

1625094 : 0xa61dc1cb10500 : 2 : ittapi_config_apply_per_lib :  ITTAPI function NOT instrumented (not matched by --itt-config option): __itt_notify_sync_acquired

1625094 : 0xa61dc1cb10875 : 2 : ittapi_config_apply_per_lib :  ITTAPI function NOT instrumented (not matched by --itt-config option): __itt_notify_sync_releasing

1625094 : 0xa61dc1cb10fdd : 2 : ittapi_config_apply_per_lib :  ITTAPI function not implemented: __itt_memory_read
1625094 : 0xa61dc1cb11750 : 2 : ittapi_config_apply_per_lib :  ITTAPI function not implemented: __itt_memory_write
1625094 : 0xa61dc1cb11eaa : 2 : ittapi_config_apply_per_lib :  ITTAPI function not implemented: __itt_memory_update
1625094 : 0xa61dc1cb13339 : 2 : ittapi_config_apply_per_lib :  ITTAPI function not implemented: __itt_state_get
1625094 : 0xa61dc1cb13af8 : 2 : ittapi_config_apply_per_lib :  ITTAPI function not implemented: __itt_state_set
1625094 : 0xa61dc1cb142a8 : 2 : ittapi_config_apply_per_lib :  ITTAPI function not implemented: __itt_obj_mode_set
1625094 : 0xa61dc1cb14a24 : 2 : ittapi_config_apply_per_lib :  ITTAPI function not implemented: __itt_thr_mode_set
1625094 : 0xa61dc1cb150f6 : 2 : ittapi_config_apply_per_lib :  ITTAPI function instrumented: __itt_frame_create
1625094 : 0xa61dc1cb1573a : 2 : ittapi_config_apply_per_lib :  ITTAPI function instrumented: __itt_pt_region_create
1625094 : 0xa61dc1cb15dfe : 2 : ittapi_config_apply_per_lib :  ITTAPI function instrumented: __itt_frame_begin
1625094 : 0xa61dc1cb164d5 : 2 : ittapi_config_apply_per_lib :  ITTAPI function instrumented: __itt_frame_end
1625094 : 0xa61dc1cb16c8c : 2 : ittapi_config_apply_per_lib :  ITTAPI function not implemented: __itt_counter_destroy
1625094 : 0xa61dc1cb17396 : 2 : ittapi_config_apply_per_lib :  ITTAPI function instrumented: __itt_counter_inc
1625094 : 0xa61dc1cb18eb9 : 2 : ittapi_config_apply_per_lib :  ITTAPI function instrumented: __itt_counter_inc_delta
1625094 : 0xa61dc1cb195d8 : 2 : ittapi_config_apply_per_lib :  ITTAPI function instrumented: __itt_counter_dec
1625094 : 0xa61dc1cb19ca7 : 2 : ittapi_config_apply_per_lib :  ITTAPI function instrumented: __itt_counter_dec_delta
1625094 : 0xa61dc1cb1a347 : 2 : ittapi_config_apply_per_lib :  ITTAPI function instrumented: __itt_counter_set_value
1625094 : 0xa61dc1cb1aa7e : 2 : ittapi_config_apply_per_lib :  ITTAPI function not implemented: __itt_counter_set_value_ex
1625094 : 0xa61dc1cb1b1cd : 2 : ittapi_config_apply_per_lib :  ITTAPI function not implemented: __itt_mark_create
1625094 : 0xa61dc1cb1b9c9 : 2 : ittapi_config_apply_per_lib :  ITTAPI function not implemented: __itt_mark
1625094 : 0xa61dc1cb1c16b : 2 : ittapi_config_apply_per_lib :  ITTAPI function not implemented: __itt_mark_off
1625094 : 0xa61dc1cb1c8b5 : 2 : ittapi_config_apply_per_lib :  ITTAPI function not implemented: __itt_mark_global
1625094 : 0xa61dc1cb1d03e : 2 : ittapi_config_apply_per_lib :  ITTAPI function not implemented: __itt_mark_global_off
1625094 : 0xa61dc1cb1e4bd : 2 : ittapi_config_apply_per_lib :  ITTAPI function instrumented: __itt_stack_caller_create
1625094 : 0xa61dc1cb1ec47 : 2 : ittapi_config_apply_per_lib :  ITTAPI function instrumented: __itt_stack_caller_destroy
1625094 : 0xa61dc1cb1f346 : 2 : ittapi_config_apply_per_lib :  ITTAPI function instrumented: __itt_stack_callee_enter
1625094 : 0xa61dc1cb1f9d0 : 2 : ittapi_config_apply_per_lib :  ITTAPI function instrumented: __itt_stack_callee_leave
1625094 : 0xa61dc1cb20120 : 2 : ittapi_config_apply_per_lib :  ITTAPI function not implemented: __itt_clock_domain_create
1625094 : 0xa61dc1cb208da : 2 : ittapi_config_apply_per_lib :  ITTAPI function not implemented: __itt_clock_domain_reset
1625094 : 0xa61dc1cb21049 : 2 : ittapi_config_apply_per_lib :  ITTAPI function not implemented: __itt_id_create_ex
1625094 : 0xa61dc1cb217bd : 2 : ittapi_config_apply_per_lib :  ITTAPI function not implemented: __itt_id_destroy_ex
1625094 : 0xa61dc1cb21f45 : 2 : ittapi_config_apply_per_lib :  ITTAPI function not implemented: __itt_task_begin_ex
1625094 : 0xa61dc1cb22686 : 2 : ittapi_config_apply_per_lib :  ITTAPI function not implemented: __itt_task_begin_fn_ex
1625094 : 0xa61dc1cb23a0f : 2 : ittapi_config_apply_per_lib :  ITTAPI function not implemented: __itt_task_end_ex
1625094 : 0xa61dc1cb24196 : 2 : ittapi_config_apply_per_lib :  ITTAPI function instrumented: __itt_task_begin_overlapped
1625094 : 0xa61dc1cb248fe : 2 : ittapi_config_apply_per_lib :  ITTAPI function not implemented: __itt_task_begin_overlapped_ex
1625094 : 0xa61dc1cb24ff6 : 2 : ittapi_config_apply_per_lib :  ITTAPI function instrumented: __itt_task_end_overlapped
1625094 : 0xa61dc1cb2572c : 2 : ittapi_config_apply_per_lib :  ITTAPI function not implemented: __itt_task_end_overlapped_ex
1625094 : 0xa61dc1cb25e84 : 2 : ittapi_config_apply_per_lib :  ITTAPI function not implemented: __itt_marker_ex
1625094 : 0xa61dc1cb26605 : 2 : ittapi_config_apply_per_lib :  ITTAPI function not implemented: __itt_metadata_add_with_scope
1625094 : 0xa61dc1cb26deb : 2 : ittapi_config_apply_per_lib :  ITTAPI function not implemented: __itt_metadata_str_add_with_scope
1625094 : 0xa61dc1cb2755d : 2 : ittapi_config_apply_per_lib :  ITTAPI function not implemented: __itt_relation_add_to_current_ex
1625094 : 0xa61dc1cb27cd2 : 2 : ittapi_config_apply_per_lib :  ITTAPI function not implemented: __itt_relation_add_ex
1625094 : 0xa61dc1cb296af : 2 : ittapi_config_apply_per_lib :  ITTAPI function not implemented: __itt_track_group_create
1625094 : 0xa61dc1cb29e49 : 2 : ittapi_config_apply_per_lib :  ITTAPI function not implemented: __itt_track_create
1625094 : 0xa61dc1cb2a5c6 : 2 : ittapi_config_apply_per_lib :  ITTAPI function not implemented: __itt_set_track
1625094 : 0xa61dc1cb2acd0 : 2 : ittapi_config_apply_per_lib :  ITTAPI function instrumented: __itt_api_version
1625094 : 0xa61dc1cb2b3fb : 2 : ittapi_config_apply_per_lib :  ITTAPI function not implemented: __itt_av_save
1625094 : 0xa61dc1cb2bb1b : 2 : ittapi_config_apply_per_lib :  ITTAPI function instrumented: __itt_module_load
1625094 : 0xa61dc1cb2c270 : 2 : ittapi_config_apply_per_lib :  ITTAPI function not implemented: __itt_module_unload