
2753074 : 0xa97ad8f429094 : 1 : spill_jit_data :  Jit agent is not initialized
2753058 : 0xa97ad8f42bb05 : 2 : ittapi_config_mask_get :  --itt-config mask to be applied: 55
2753058 : 0xa97ad8f42d737 : 2 : ittapi_config_apply_per_lib :  ITTAPI function instrumented: __itt_domain_create
2753058 : 0xa97ad8f42e191 : 2 : ittapi_config_apply_per_lib :  ITTAPI function instrumented: __itt_module_load_with_sections
2753058 : 0xa97ad8f42f042 : 2 : ittapi_config_apply_per_lib :  ITTAPI function not implemented: __itt_module_unload_with_sections
2753058 : 0xa97ad8f42f88e : 2 : ittapi_config_apply_per_lib :  ITTAPI function instrumented: __itt_string_handle_create
2753058 : 0xa97ad8f42ff99 : 2 : ittapi_config_apply_per_lib :  ITTAPI function instrumented: __itt_counter_create
2753058 : 0xa97ad8f430606 : 2 : ittapi_config_apply_per_lib :  ITTAPI function instrumented: __itt_counter_create_typed
2753058 : 0xa97ad8f430e51 : 2 : ittapi_config_apply_per_lib :  ITTAPI function instrumented: __itt_pause
2753058 : 0xa97ad8f43154e : 2 : ittapi_config_apply_per_lib :  ITTAPI function instrumented: __itt_resume
2753058 : 0xa97ad8f437108 : 2 : ittapi_config_apply_per_lib :  ITTAPI function instrumented: __itt_thread_set_name
2753058 : 0xa97ad8f437913 : 2 : ittapi_config_apply_per_lib :  ITTAPI function instrumented: __itt_thread_ignore
2753058 : 0xa97ad8f438045 : 2 : ittapi_config_apply_per_lib :  ITTAPI function instrumented: __itt_thr_name_set
2753058 : 0xa97ad8f43873a : 2 : ittapi_config_apply_per_lib :  ITTAPI function instrumented: __itt_thr_ignore
2753058 : 0xa97ad8f43917b : 2 : ittapi_config_apply_per_lib :  ITTAPI function not implemented: __itt_enable_attach
2753058 : 0xa97ad8f4398d5 : 2 : ittapi_config_apply_per_lib :  ITTAPI function instrumented: __itt_detach
2753058 : 0xa97ad8f439ca7 : 2 : ittapi_config_apply_per_lib :  ITTAPI function NOT instrumented (not matched by --itt-config option): __itt_sync_create

2753058 : 0xa97ad8f43a148 : 2 : ittapi_config_apply_per_lib :  ITTAPI function NOT instrumented (not matched by --itt-config option): __itt_sync_rename

2753058 : 0xa97ad8f43a53b : 2 : ittapi_config_apply_per_lib :  ITTAPI function NOT instrumented (not matched by --itt-config option): __itt_sync_destroy

2753058 : 0xa97ad8f43a955 : 2 : ittapi_config_apply_per_lib :  ITTAPI function NOT instrumented (not matched by --itt-config option): __itt_sync_prepare

2753058 : 0xa97ad8f43bf29 : 2 : ittapi_config_apply_per_lib :  ITTAPI function NOT instrumented (not matched by --itt-config option): __itt_sync_cancel

2753058 : 0xa97ad8f43c308 : 2 : ittapi_config_apply_per_lib :  ITTAPI function NOT instrumented (not matched by --itt-config option): __itt_sync_acquired

2753058 : 0xa97ad8f43c6bf : 2 : ittapi_config_apply_per_lib :  ITTAPI function NOT instrumented (not matched by --itt-config option): __itt_sync_releasing

2753058 : 0xa97ad8f43cf84 : 2 : ittapi_config_apply_per_lib :  ITTAPI function not implemented: __itt_suppress_push
2753058 : 0xa97ad8f43d7fe : 2 : ittapi_config_apply_per_lib :  ITTAPI function not implemented: __itt_suppress_pop
2753058 : 0xa97ad8f43df7c : 2 : ittapi_config_apply_per_lib :  ITTAPI function not implemented: __itt_suppress_mark_range
2753058 : 0xa97ad8f43e732 : 2 : ittapi_config_apply_per_lib :  ITTAPI function not implemented: __itt_suppress_clear_range
2753058 : 0xa97ad8f43eabd : 2 : ittapi_config_apply_per_lib :  ITTAPI function NOT instrumented (not matched by --itt-config option): __itt_sync_prepare

2753058 : 0xa97ad8f43ee68 : 2 : ittapi_config_apply_per_lib :  ITTAPI function NOT instrumented (not matched by --itt-config option): __itt_sync_cancel

2753058 : 0xa97ad8f43f1e2 : 2 : ittapi_config_apply_per_lib :  ITTAPI function NOT instrumented (not matched by --itt-config option): __itt_sync_acquired

2753058 : 0xa97ad8f440234 : 2 : ittapi_config_apply_per_lib :  ITTAPI function NOT instrumented (not matched by --itt-config option): __itt_sync_releasing

2753058 : 0xa97ad8f44064b : 2 : ittapi_config_apply_per_lib :  ITTAPI function NOT instrumented (not matched by --itt-config option): __itt_model_site_begin

2753058 : 0xa97ad8f4409e3 : 2 : ittapi_config_apply_per_lib :  ITTAPI function NOT instrumented (not matched by --itt-config option): __itt_model_site_end

2753058 : 0xa97ad8f440d64 : 2 : ittapi_config_apply_per_lib :  ITTAPI function NOT instrumented (not matched by --itt-config option): __itt_model_task_begin

2753058 : 0xa97ad8f4410fc : 2 : ittapi_config_apply_per_lib :  ITTAPI function NOT instrumented (not matched by --itt-config option): __itt_model_task_end

2753058 : 0xa97ad8f441473 : 2 : ittapi_config_apply_per_lib :  ITTAPI function NOT instrumented (not matched by --itt-config option): __itt_model_lock_acquire

2753058 : 0xa97ad8f44181a : 2 : ittapi_config_apply_per_lib :  ITTAPI function NOT instrumented (not matched by --itt-config option): __itt_model_lock_release

2753058 : 0xa97ad8f441b81 : 2 : ittapi_config_apply_per_lib :  ITTAPI function NOT instrumented (not matched by --itt-config option): __itt_model_record_allocation

2753058 : 0xa97ad8f441eb8 : 2 : ittapi_config_apply_per_lib :  ITTAPI function NOT instrumented (not matched by --itt-config option): __itt_model_record_deallocation

2753058 : 0xa97ad8f4421f8 : 2 : ittapi_config_apply_per_lib :  ITTAPI function NOT instrumented (not matched by --itt-config option): __itt_model_induction_uses

2753058 : 0xa97ad8f4440aa : 2 : ittapi_config_apply_per_lib :  ITTAPI function NOT instrumented (not matched by --itt-config option): __itt_model_reduction_uses

2753058 : 0xa97ad8f444460 : 2 : ittapi_config_apply_per_lib :  ITTAPI function NOT instrumented (not matched by --itt-config option): __itt_model_observe_uses

2753058 : 0xa97ad8f4447e6 : 2 : ittapi_config_apply_per_lib :  ITTAPI function NOT instrumented (not matched by --itt-config option): __itt_model_clear_uses

2753058 : 0xa97ad8f444b69 : 2 : ittapi_config_apply_per_lib :  ITTAPI function NOT instrumented (not matched by --itt-config option): __itt_model_site_beginA

2753058 : 0xa97ad8f444efd : 2 : ittapi_config_apply_per_lib :  ITTAPI function NOT instrumented (not matched by --itt-config option): __itt_model_site_beginAL

2753058 : 0xa97ad8f44526e : 2 : ittapi_config_apply_per_lib :  ITTAPI function NOT instrumented (not matched by --itt-config option): __itt_model_task_beginA

2753058 : 0xa97ad8f4455f4 : 2 : ittapi_config_apply_per_lib :  ITTAPI function NOT instrumented (not matched by --itt-config option): __itt_model_task_beginAL

2753058 : 0xa97ad8f44595e : 2 : ittapi_config_apply_per_lib :  ITTAPI function NOT instrumented (not matched by --itt-config option): __itt_model_iteration_taskA

2753058 : 0xa97ad8f445cab : 2 : ittapi_config_apply_per_lib :  ITTAPI function NOT instrumented (not matched by --itt-config option): __itt_model_iteration_taskAL

2753058 : 0xa97ad8f445ff2 : 2 : ittapi_config_apply_per_lib :  ITTAPI function NOT instrumented (not matched by --itt-config option): __itt_model_site_end_2

2753058 : 0xa97ad8f446f99 : 2 : ittapi_config_apply_per_lib :  ITTAPI function NOT instrumented (not matched by --itt-config option): __itt_model_task_end_2

2753058 : 0xa97ad8f4472f8 : 2 : ittapi_config_apply_per_lib :  ITTAPI function NOT instrumented (not matched by --itt-config option): __itt_model_lock_acquire_2

2753058 : 0xa97ad8f447695 : 2 : ittapi_config_apply_per_lib :  ITTAPI function NOT instrumented (not matched by --itt-config option): __itt_model_lock_release_2

2753058 : 0xa97ad8f447a44 : 2 : ittapi_config_apply_per_lib :  ITTAPI function NOT instrumented (not matched by --itt-config option): __itt_model_aggregate_task

2753058 : 0xa97ad8f447dbf : 2 : ittapi_config_apply_per_lib :  ITTAPI function NOT instrumented (not matched by --itt-config option): __itt_model_disable_push

2753058 : 0xa97ad8f44810d : 2 : ittapi_config_apply_per_lib :  ITTAPI function NOT instrumented (not matched by --itt-config option): __itt_model_disable_pop

2753058 : 0xa97ad8f4488ec : 2 : ittapi_config_apply_per_lib :  ITTAPI function instrumented: __itt_heap_function_create
2753058 : 0xa97ad8f4490c3 : 2 : ittapi_config_apply_per_lib :  ITTAPI function instrumented: __itt_heap_allocate_begin
2753058 : 0xa97ad8f449747 : 2 : ittapi_config_apply_per_lib :  ITTAPI function instrumented: __itt_heap_allocate_end
2753058 : 0xa97ad8f449ea9 : 2 : ittapi_config_apply_per_lib :  ITTAPI function instrumented: __itt_heap_free_begin
2753058 : 0xa97ad8f44b9e3 : 2 : ittapi_config_apply_per_lib :  ITTAPI function instrumented: __itt_heap_free_end
2753058 : 0xa97ad8f44c0ea : 2 : ittapi_config_apply_per_lib :  ITTAPI function instrumented: __itt_heap_reallocate_begin
2753058 : 0xa97ad8f44c78d : 2 : ittapi_config_apply_per_lib :  ITTAPI function instrumented: __itt_heap_reallocate_end
2753058 : 0xa97ad8f44cf8d : 2 : ittapi_config_apply_per_lib :  ITTAPI function not implemented: __itt_heap_internal_access_begin
2753058 : 0xa97ad8f44d6d8 : 2 : ittapi_config_apply_per_lib :  ITTAPI function not implemented: __itt_heap_internal_access_end
2753058 : 0xa97ad8f44de70 : 2 : ittapi_config_apply_per_lib :  ITTAPI function not implemented: __itt_heap_record_memory_growth_begin
2753058 : 0xa97ad8f44e5d6 : 2 : ittapi_config_apply_per_lib :  ITTAPI function not implemented: __itt_heap_record_memory_growth_end
2753058 : 0xa97ad8f44ed8e : 2 : ittapi_config_apply_per_lib :  ITTAPI function not implemented: __itt_heap_reset_detection
2753058 : 0xa97ad8f44f52e : 2 : ittapi_config_apply_per_lib :  ITTAPI function not implemented: __itt_heap_record
2753058 : 0xa97ad8f44fc8f : 2 : ittapi_config_apply_per_lib :  ITTAPI function not implemented: __itt_id_create
2753058 : 0xa97ad8f4510bc : 2 : ittapi_config_apply_per_lib :  ITTAPI function not implemented: __itt_id_destroy
2753058 : 0xa97ad8f4517ba : 2 : ittapi_config_apply_per_lib :  ITTAPI function instrumented: __itt_get_timestamp
2753058 : 0xa97ad8f451ee3 : 2 : ittapi_config_apply_per_lib :  ITTAPI function not implemented: __itt_region_begin
2753058 : 0xa97ad8f4526c3 : 2 : ittapi_config_apply_per_lib :  ITTAPI function not implemented: __itt_region_end
2753058 : 0xa97ad8f452dee : 2 : ittapi_config_apply_per_lib :  ITTAPI function instrumented: __itt_frame_begin_v3
2753058 : 0xa97ad8f45356b : 2 : ittapi_config_apply_per_lib :  ITTAPI function instrumented: __itt_frame_end_v3
2753058 : 0xa97ad8f453c0a : 2 : ittapi_config_apply_per_lib :  ITTAPI function instrumented: __itt_frame_submit_v3
2753058 : 0xa97ad8f4543b2 : 2 : ittapi_config_apply_per_lib :  ITTAPI function not implemented: __itt_task_group
2753058 : 0xa97ad8f454ac1 : 2 : ittapi_config_apply_per_lib :  ITTAPI function instrumented: __itt_task_begin
2753058 : 0xa97ad8f455188 : 2 : ittapi_config_apply_per_lib :  ITTAPI function instrumented: __itt_task_begin_fn
2753058 : 0xa97ad8f456456 : 2 : ittapi_config_apply_per_lib :  ITTAPI function instrumented: __itt_task_end
2753058 : 0xa97ad8f456c79 : 2 : ittapi_config_apply_per_lib :  ITTAPI function not implemented: __itt_counter_inc_v3
2753058 : 0xa97ad8f45744e : 2 : ittapi_config_apply_per_lib :  ITTAPI function not implemented: __itt_counter_inc_delta_v3
2753058 : 0xa97ad8f457bf0 : 2 : ittapi_config_apply_per_lib :  ITTAPI function not implemented: __itt_counter_dec_v3
2753058 : 0xa97ad8f45830b : 2 : ittapi_config_apply_per_lib :  ITTAPI function not implemented: __itt_counter_dec_delta_v3
2753058 : 0xa97ad8f458a5f : 2 : ittapi_config_apply_per_lib :  ITTAPI function not implemented: __itt_marker
2753058 : 0xa97ad8f4590e4 : 2 : ittapi_config_apply_per_lib :  ITTAPI function instrumented: __itt_metadata_add
2753058 : 0xa97ad8f45985e : 2 : ittapi_config_apply_per_lib :  ITTAPI function not implemented: __itt_metadata_str_add
2753058 : 0xa97ad8f459f5a : 2 : ittapi_config_apply_per_lib :  ITTAPI function not implemented: __itt_relation_add_to_current
2753058 : 0xa97ad8f45a69f : 2 : ittapi_config_apply_per_lib :  ITTAPI function not implemented: __itt_relation_add
2753058 : 0xa97ad8f45b9a5 : 2 : ittapi_config_apply_per_lib :  ITTAPI function instrumented: __itt_event_create
2753058 : 0xa97ad8f45c0fe : 2 : ittapi_config_apply_per_lib :  ITTAPI function instrumented: __itt_event_start
2753058 : 0xa97ad8f45c7cd : 2 : ittapi_config_apply_per_lib :  ITTAPI function instrumented: __itt_event_end
2753058 : 0xa97ad8f45cb4f : 2 : ittapi_config_apply_per_lib :  ITTAPI function NOT instrumented (not matched by --itt-config option): __itt_sync_set_name

2753058 : 0xa97ad8f45cf1d : 2 : ittapi_config_apply_per_lib :  ITTAPI function NOT instrumented (not matched by --itt-config option): __itt_notify_sync_name

2753058 : 0xa97ad8f45d2e7 : 2 : ittapi_config_apply_per_lib :  ITTAPI function NOT instrumented (not matched by --itt-config option): __itt_notify_sync_prepare

2753058 : 0xa97ad8f45d67c : 2 : ittapi_config_apply_per_lib :  ITTAPI function NOT instrumented (not matched by --itt-config option): __itt_notify_sync_cancel

2753058 : 0xa97ad8f45d9ff : 2 : ittapi_config_apply_per_lib :  ITTAPI function NOT instrumented (not matched by --itt-config option): __itt_notify_sync_acquired

2753058 : 0xa97ad8f45dd56 : 2 : ittapi_config_apply_per_lib :  ITTAPI function NOT instrumented (not matched by --itt-config option): __itt_notify_sync_releasing

2753058 : 0xa97ad8f45e595 : 2 : ittapi_config_apply_per_lib :  ITTAPI function not implemented: __itt_memory_read
2753058 : 0xa97ad8f460083 : 2 : ittapi_config_apply_per_lib :  ITTAPI function not implemented: __itt_memory_write
2753058 : 0xa97ad8f4607a4 : 2 : ittapi_config_apply_per_lib :  ITTAPI function not implemented: __itt_memory_update
2753058 : 0xa97ad8f460f0a : 2 : ittapi_config_apply_per_lib :  ITTAPI function not implemented: __itt_state_get
2753058 : 0xa97ad8f461606 : 2 : ittapi_config_apply_per_lib :  ITTAPI function not implemented: __itt_state_set
2753058 : 0xa97ad8f461dc6 : 2 : ittapi_config_apply_per_lib :  ITTAPI function not implemented: __itt_obj_mode_set
2753058 : 0xa97ad8f4624ed : 2 : ittapi_config_apply_per_lib :  ITTAPI function not implemented: __itt_thr_mode_set
2753058 : 0xa97ad8f462b51 : 2 : ittapi_config_apply_per_lib :  ITTAPI function instrumented: __itt_frame_create
2753058 : 0xa97ad8f4631ca : 2 : ittapi_config_apply_per_lib :  ITTAPI function instrumented: __itt_pt_region_create
2753058 : 0xa97ad8f46385c : 2 : ittapi_config_apply_per_lib :  ITTAPI function instrumented: __itt_frame_begin
2753058 : 0xa97ad8f463f6b : 2 : ittapi_config_apply_per_lib :  ITTAPI function instrumented: __itt_frame_end
2753058 : 0xa97ad8f4653c4 : 2 : ittapi_config_apply_per_lib :  ITTAPI function not implemented: __itt_counter_destroy
2753058 : 0xa97ad8f465ab3 : 2 : ittapi_config_apply_per_lib :  ITTAPI function instrumented: __itt_counter_inc
2753058 : 0xa97ad8f4661e0 : 2 : ittapi_config_apply_per_lib :  ITTAPI function instrumented: __itt_counter_inc_delta
2753058 : 0xa97ad8f466896 : 2 : ittapi_config_apply_per_lib :  ITTAPI function instrumented: __itt_counter_dec
2753058 : 0xa97ad8f466f67 : 2 : ittapi_config_apply_per_lib :  ITTAPI function instrumented: __itt_counter_dec_delta
2753058 : 0xa97ad8f4675f4 : 2 : ittapi_config_apply_per_lib :  ITTAPI function instrumented: __itt_counter_set_value
2753058 : 0xa97ad8f467d61 : 2 : ittapi_config_apply_per_lib :  ITTAPI function not implemented: __itt_counter_set_value_ex
2753058 : 0xa97ad8f468477 : 2 : ittapi_config_apply_per_lib :  ITTAPI function not implemented: __itt_mark_create
2753058 : 0xa97ad8f468bd3 : 2 : ittapi_config_apply_per_lib :  ITTAPI function not implemented: __itt_mark
2753058 : 0xa97ad8f46936a : 2 : ittapi_config_apply_per_lib :  ITTAPI function not implemented: __itt_mark_off
2753058 : 0xa97ad8f46a6ec : 2 : ittapi_config_apply_per_lib :  ITTAPI function not implemented: __itt_mark_global
2753058 : 0xa97ad8f46adfe : 2 : ittapi_config_apply_per_lib :  ITTAPI function not implemented: __itt_mark_global_off
2753058 : 0xa97ad8f46b551 : 2 : ittapi_config_apply_per_lib :  ITTAPI function instrumented: __itt_stack_caller_create
2753058 : 0xa97ad8f46bc21 : 2 : ittapi_config_apply_per_lib :  ITTAPI function instrumented: __itt_stack_caller_destroy
2753058 : 0xa97ad8f46c2ee : 2 : ittapi_config_apply_per_lib :  ITTAPI function instrumented: __itt_stack_callee_enter
2753058 : 0xa97ad8f46c92c : 2 : ittapi_config_apply_per_lib :  ITTAPI function instrumented: __itt_stack_callee_leave
2753058 : 0xa97ad8f46d059 : 2 : ittapi_config_apply_per_lib :  ITTAPI function not implemented: __itt_clock_domain_create
2753058 : 0xa97ad8f46d7d5 : 2 : ittapi_config_apply_per_lib :  ITTAPI function not implemented: __itt_clock_domain_reset
2753058 : 0xa97ad8f46df02 : 2 : ittapi_config_apply_per_lib :  ITTAPI function not implemented: __itt_id_create_ex
2753058 : 0xa97ad8f46e64e : 2 : ittapi_config_apply_per_lib :  ITTAPI function not implemented: __itt_id_destroy_ex
2753058 : 0xa97ad8f470238 : 2 : ittapi_config_apply_per_lib :  ITTAPI function not implemented: __itt_task_begin_ex
2753058 : 0xa97ad8f47096c : 2 : ittapi_config_apply_per_lib :  ITTAPI function not implemented: __itt_task_begin_fn_ex
2753058 : 0xa97ad8f4710aa : 2 : ittapi_config_apply_per_lib :  ITTAPI function not implemented: __itt_task_end_ex
2753058 : 0xa97ad8f471757 : 2 : ittapi_config_apply_per_lib :  ITTAPI function instrumented: __itt_task_begin_overlapped
2753058 : 0xa97ad8f471eb1 : 2 : ittapi_config_apply_per_lib :  ITTAPI function not implemented: __itt_task_begin_overlapped_ex
2753058 : 0xa97ad8f47256d : 2 : ittapi_config_apply_per_lib :  ITTAPI function instrumented: __itt_task_end_overlapped
2753058 : 0xa97ad8f472ce9 : 2 : ittapi_config_apply_per_lib :  ITTAPI function not implemented: __itt_task_end_overlapped_ex
2753058 : 0xa97ad8f47342a : 2 : ittapi_config_apply_per_lib :  ITTAPI function not implemented: __itt_marker_ex
2753058 : 0xa97ad8f473bff : 2 : ittapi_config_apply_per_lib :  ITTAPI function not implemented: __itt_metadata_add_with_scope
2753058 : 0xa97ad8f47439c : 2 : ittapi_config_apply_per_lib :  ITTAPI function not implemented: __itt_metadata_str_add_with_scope
2753058 : 0xa97ad8f475796 : 2 : ittapi_config_apply_per_lib :  ITTAPI function not implemented: __itt_relation_add_to_current_ex
2753058 : 0xa97ad8f475eaf : 2 : ittapi_config_apply_per_lib :  ITTAPI function not implemented: __itt_relation_add_ex
2753058 : 0xa97ad8f476644 : 2 : ittapi_config_apply_per_lib :  ITTAPI function not implemented: __itt_track_group_create
2753058 : 0xa97ad8f476d0e : 2 : ittapi_config_apply_per_lib :  ITTAPI function not implemented: __itt_track_create
2753058 : 0xa97ad8f477416 : 2 : ittapi_config_apply_per_lib :  ITTAPI function not implemented: __itt_set_track
2753058 : 0xa97ad8f477b08 : 2 : ittapi_config_apply_per_lib :  ITTAPI function instrumented: __itt_api_version
2753058 : 0xa97ad8f478225 : 2 : ittapi_config_apply_per_lib :  ITTAPI function not implemented: __itt_av_save
2753058 : 0xa97ad8f4788dc : 2 : ittapi_config_apply_per_lib :  ITTAPI function instrumented: __itt_module_load
2753058 : 0xa97ad8f47903d : 2 : ittapi_config_apply_per_lib :  ITTAPI function not implemented: __itt_module_unload
2753058 : 0xa97ad8f4bf65d : 2 : ittapi_config_mask_get :  --itt-config mask to be applied: 55
2753058 : 0xa97ad8f4c1e1f : 2 : ittapi_config_apply_per_lib :  ITTAPI function instrumented: __itt_domain_create
2753058 : 0xa97ad8f4c262b : 2 : ittapi_config_apply_per_lib :  ITTAPI function instrumented: __itt_module_load_with_sections
2753058 : 0xa97ad8f4c2ec5 : 2 : ittapi_config_apply_per_lib :  ITTAPI function not implemented: __itt_module_unload_with_sections
2753058 : 0xa97ad8f4c3579 : 2 : ittapi_config_apply_per_lib :  ITTAPI function instrumented: __itt_string_handle_create
2753058 : 0xa97ad8f4c3cd3 : 2 : ittapi_config_apply_per_lib :  ITTAPI function instrumented: __itt_counter_create
2753058 : 0xa97ad8f4c4345 : 2 : ittapi_config_apply_per_lib :  ITTAPI function instrumented: __itt_counter_create_typed
2753058 : 0xa97ad8f4c4a56 : 2 : ittapi_config_apply_per_lib :  ITTAPI function instrumented: __itt_pause
2753058 : 0xa97ad8f4c50f6 : 2 : ittapi_config_apply_per_lib :  ITTAPI function instrumented: __itt_resume
2753058 : 0xa97ad8f4c571a : 2 : ittapi_config_apply_per_lib :  ITTAPI function instrumented: __itt_thread_set_name
2753058 : 0xa97ad8f4c5e3c : 2 : ittapi_config_apply_per_lib :  ITTAPI function instrumented: __itt_thread_ignore
2753058 : 0xa97ad8f4c7160 : 2 : ittapi_config_apply_per_lib :  ITTAPI function instrumented: __itt_thr_name_set
2753058 : 0xa97ad8f4c7812 : 2 : ittapi_config_apply_per_lib :  ITTAPI function instrumented: __itt_thr_ignore
2753058 : 0xa97ad8f4c8029 : 2 : ittapi_config_apply_per_lib :  ITTAPI function not implemented: __itt_enable_attach
2753058 : 0xa97ad8f4c8709 : 2 : ittapi_config_apply_per_lib :  ITTAPI function instrumented: __itt_detach
2753058 : 0xa97ad8f4c8ab7 : 2 : ittapi_config_apply_per_lib :  ITTAPI function NOT instrumented (not matched by --itt-config option): __itt_sync_create

2753058 : 0xa97ad8f4c8ec2 : 2 : ittapi_config_apply_per_lib :  ITTAPI function NOT instrumented (not matched by --itt-config option): __itt_sync_rename

2753058 : 0xa97ad8f4c9279 : 2 : ittapi_config_apply_per_lib :  ITTAPI function NOT instrumented (not matched by --itt-config option): __itt_sync_destroy

2753058 : 0xa97ad8f4c9631 : 2 : ittapi_config_apply_per_lib :  ITTAPI function NOT instrumented (not matched by --itt-config option): __itt_sync_prepare

2753058 : 0xa97ad8f4c999b : 2 : ittapi_config_apply_per_lib :  ITTAPI function NOT instrumented (not matched by --itt-config option): __itt_sync_cancel

2753058 : 0xa97ad8f4c9ce4 : 2 : ittapi_config_apply_per_lib :  ITTAPI function NOT instrumented (not matched by --itt-config option): __itt_sync_acquired

2753058 : 0xa97ad8f4cb7ed : 2 : ittapi_config_apply_per_lib :  ITTAPI function NOT instrumented (not matched by --itt-config option): __itt_sync_releasing

2753058 : 0xa97ad8f4cc0ae : 2 : ittapi_config_apply_per_lib :  ITTAPI function not implemented: __itt_suppress_push
2753058 : 0xa97ad8f4cc8c0 : 2 : ittapi_config_apply_per_lib :  ITTAPI function not implemented: __itt_suppress_pop
2753058 : 0xa97ad8f4cd006 : 2 : ittapi_config_apply_per_lib :  ITTAPI function not implemented: __itt_suppress_mark_range
2753058 : 0xa97ad8f4cd798 : 2 : ittapi_config_apply_per_lib :  ITTAPI function not implemented: __itt_suppress_clear_range
2753058 : 0xa97ad8f4cdb27 : 2 : ittapi_config_apply_per_lib :  ITTAPI function NOT instrumented (not matched by --itt-config option): __itt_sync_prepare

2753058 : 0xa97ad8f4cdea9 : 2 : ittapi_config_apply_per_lib :  ITTAPI function NOT instrumented (not matched by --itt-config option): __itt_sync_cancel

2753058 : 0xa97ad8f4ce203 : 2 : ittapi_config_apply_per_lib :  ITTAPI function NOT instrumented (not matched by --itt-config option): __itt_sync_acquired

2753058 : 0xa97ad8f4ce56a : 2 : ittapi_config_apply_per_lib :  ITTAPI function NOT instrumented (not matched by --itt-config option): __itt_sync_releasing

2753058 : 0xa97ad8f4ce963 : 2 : ittapi_config_apply_per_lib :  ITTAPI function NOT instrumented (not matched by --itt-config option): __itt_model_site_begin

2753058 : 0xa97ad8f4cf931 : 2 : ittapi_config_apply_per_lib :  ITTAPI function NOT instrumented (not matched by --itt-config option): __itt_model_site_end

2753058 : 0xa97ad8f4cfcbc : 2 : ittapi_config_apply_per_lib :  ITTAPI function NOT instrumented (not matched by --itt-config option): __itt_model_task_begin

2753058 : 0xa97ad8f4d0046 : 2 : ittapi_config_apply_per_lib :  ITTAPI function NOT instrumented (not matched by --itt-config option): __itt_model_task_end

2753058 : 0xa97ad8f4d03ab : 2 : ittapi_config_apply_per_lib :  ITTAPI function NOT instrumented (not matched by --itt-config option): __itt_model_lock_acquire

2753058 : 0xa97ad8f4d075b : 2 : ittapi_config_apply_per_lib :  ITTAPI function NOT instrumented (not matched by --itt-config option): __itt_model_lock_release

2753058 : 0xa97ad8f4d0aa6 : 2 : ittapi_config_apply_per_lib :  ITTAPI function NOT instrumented (not matched by --itt-config option): __itt_model_record_allocation

2753058 : 0xa97ad8f4d0df1 : 2 : ittapi_config_apply_per_lib :  ITTAPI function NOT instrumented (not matched by --itt-config option): __itt_model_record_deallocation

2753058 : 0xa97ad8f4d1165 : 2 : ittapi_config_apply_per_lib :  ITTAPI function NOT instrumented (not matched by --itt-config option): __itt_model_induction_uses

2753058 : 0xa97ad8f4d14d1 : 2 : ittapi_config_apply_per_lib :  ITTAPI function NOT instrumented (not matched by --itt-config option): __itt_model_reduction_uses

2753058 : 0xa97ad8f4d1852 : 2 : ittapi_config_apply_per_lib :  ITTAPI function NOT instrumented (not matched by --itt-config option): __itt_model_observe_uses

2753058 : 0xa97ad8f4d30f5 : 2 : ittapi_config_apply_per_lib :  ITTAPI function NOT instrumented (not matched by --itt-config option): __itt_model_clear_uses

2753058 : 0xa97ad8f4d34bb : 2 : ittapi_config_apply_per_lib :  ITTAPI function NOT instrumented (not matched by --itt-config option): __itt_model_site_beginA

2753058 : 0xa97ad8f4d3838 : 2 : ittapi_config_apply_per_lib :  ITTAPI function NOT instrumented (not matched by --itt-config option): __itt_model_site_beginAL

2753058 : 0xa97ad8f4d3baa : 2 : ittapi_config_apply_per_lib :  ITTAPI function NOT instrumented (not matched by --itt-config option): __itt_model_task_beginA

2753058 : 0xa97ad8f4d3f24 : 2 : ittapi_config_apply_per_lib :  ITTAPI function NOT instrumented (not matched by --itt-config option): __itt_model_task_beginAL

2753058 : 0xa97ad8f4d42aa : 2 : ittapi_config_apply_per_lib :  ITTAPI function NOT instrumented (not matched by --itt-config option): __itt_model_iteration_taskA

2753058 : 0xa97ad8f4d45f4 : 2 : ittapi_config_apply_per_lib :  ITTAPI function NOT instrumented (not matched by --itt-config option): __itt_model_iteration_taskAL

2753058 : 0xa97ad8f4d491c : 2 : ittapi_config_apply_per_lib :  ITTAPI function NOT instrumented (not matched by --itt-config option): __itt_model_site_end_2

2753058 : 0xa97ad8f4d4c7f : 2 : ittapi_config_apply_per_lib :  ITTAPI function NOT instrumented (not matched by --itt-config option): __itt_model_task_end_2

2753058 : 0xa97ad8f4d4fc6 : 2 : ittapi_config_apply_per_lib :  ITTAPI function NOT instrumented (not matched by --itt-config option): __itt_model_lock_acquire_2

2753058 : 0xa97ad8f4d5e73 : 2 : ittapi_config_apply_per_lib :  ITTAPI function NOT instrumented (not matched by --itt-config option): __itt_model_lock_release_2

2753058 : 0xa97ad8f4d61fd : 2 : ittapi_config_apply_per_lib :  ITTAPI function NOT instrumented (not matched by --itt-config option): __itt_model_aggregate_task

2753058 : 0xa97ad8f4d6564 : 2 : ittapi_config_apply_per_lib :  ITTAPI function NOT instrumented (not matched by --itt-config option): __itt_model_disable_push

2753058 : 0xa97ad8f4d68de : 2 : ittapi_config_apply_per_lib :  ITTAPI function NOT instrumented (not matched by --itt-config option): __itt_model_disable_pop

2753058 : 0xa97ad8f4d6ff7 : 2 : ittapi_config_apply_per_lib :  ITTAPI function instrumented: __itt_heap_function_create
2753058 : 0xa97ad8f4d76fb : 2 : ittapi_config_apply_per_lib :  ITTAPI function instrumented: __itt_heap_allocate_begin
2753058 : 0xa97ad8f4d7da4 : 2 : ittapi_config_apply_per_lib :  ITTAPI function instrumented: __itt_heap_allocate_end
2753058 : 0xa97ad8f4d8452 : 2 : ittapi_config_apply_per_lib :  ITTAPI function instrumented: __itt_heap_free_begin
2753058 : 0xa97ad8f4d8a97 : 2 : ittapi_config_apply_per_lib :  ITTAPI function instrumented: __itt_heap_free_end
2753058 : 0xa97ad8f4d9118 : 2 : ittapi_config_apply_per_lib :  ITTAPI function instrumented: __itt_heap_reallocate_begin
2753058 : 0xa97ad8f4da3a8 : 2 : ittapi_config_apply_per_lib :  ITTAPI function instrumented: __itt_heap_reallocate_end
2753058 : 0xa97ad8f4dab85 : 2 : ittapi_config_apply_per_lib :  ITTAPI function not implemented: __itt_heap_internal_access_begin
2753058 : 0xa97ad8f4db2af : 2 : ittapi_config_apply_per_lib :  ITTAPI function not implemented: __itt_heap_internal_access_end
2753058 : 0xa97ad8f4dba07 : 2 : ittapi_config_apply_per_lib :  ITTAPI function not implemented: __itt_heap_record_memory_growth_begin
2753058 : 0xa97ad8f4dc165 : 2 : ittapi_config_apply_per_lib :  ITTAPI function not implemented: __itt_heap_record_memory_growth_end
2753058 : 0xa97ad8f4dc89b : 2 : ittapi_config_apply_per_lib :  ITTAPI function not implemented: __itt_heap_reset_detection
2753058 : 0xa97ad8f4dd002 : 2 : ittapi_config_apply_per_lib :  ITTAPI function not implemented: __itt_heap_record
2753058 : 0xa97ad8f4dd72b : 2 : ittapi_config_apply_per_lib :  ITTAPI function not implemented: __itt_id_create
2753058 : 0xa97ad8f4ddeb0 : 2 : ittapi_config_apply_per_lib :  ITTAPI function not implemented: __itt_id_destroy
2753058 : 0xa97ad8f4de553 : 2 : ittapi_config_apply_per_lib :  ITTAPI function instrumented: __itt_get_timestamp
2753058 : 0xa97ad8f4e008c : 2 : ittapi_config_apply_per_lib :  ITTAPI function not implemented: __itt_region_begin
2753058 : 0xa97ad8f4e0821 : 2 : ittapi_config_apply_per_lib :  ITTAPI function not implemented: __itt_region_end
2753058 : 0xa97ad8f4e0ef9 : 2 : ittapi_config_apply_per_lib :  ITTAPI function instrumented: __itt_frame_begin_v3
2753058 : 0xa97ad8f4e15c9 : 2 : ittapi_config_apply_per_lib :  ITTAPI function instrumented: __itt_frame_end_v3
2753058 : 0xa97ad8f4e1ca1 : 2 : ittapi_config_apply_per_lib :  ITTAPI function instrumented: __itt_frame_submit_v3
2753058 : 0xa97ad8f4e2412 : 2 : ittapi_config_apply_per_lib :  ITTAPI function not implemented: __itt_task_group
2753058 : 0xa97ad8f4e2b3e : 2 : ittapi_config_apply_per_lib :  ITTAPI function instrumented: __itt_task_begin
2753058 : 0xa97ad8f4e31f6 : 2 : ittapi_config_apply_per_lib :  ITTAPI function instrumented: __itt_task_begin_fn
2753058 : 0xa97ad8f4e38b7 : 2 : ittapi_config_apply_per_lib :  ITTAPI function instrumented: __itt_task_end
2753058 : 0xa97ad8f4e4053 : 2 : ittapi_config_apply_per_lib :  ITTAPI function not implemented: __itt_counter_inc_v3
2753058 : 0xa97ad8f4e546e : 2 : ittapi_config_apply_per_lib :  ITTAPI function not implemented: __itt_counter_inc_delta_v3
2753058 : 0xa97ad8f4e5bf8 : 2 : ittapi_config_apply_per_lib :  ITTAPI function not implemented: __itt_counter_dec_v3
2753058 : 0xa97ad8f4e633b : 2 : ittapi_config_apply_per_lib :  ITTAPI function not implemented: __itt_counter_dec_delta_v3
2753058 : 0xa97ad8f4e6aaf : 2 : ittapi_config_apply_per_lib :  ITTAPI function not implemented: __itt_marker
2753058 : 0xa97ad8f4e715e : 2 : ittapi_config_apply_per_lib :  ITTAPI function instrumented: __itt_metadata_add
2753058 : 0xa97ad8f4e78d8 : 2 : ittapi_config_apply_per_lib :  ITTAPI function not implemented: __itt_metadata_str_add
2753058 : 0xa97ad8f4e7f8f : 2 : ittapi_config_apply_per_lib :  ITTAPI function not implemented: __itt_relation_add_to_current
2753058 : 0xa97ad8f4e86cb : 2 : ittapi_config_apply_per_lib :  ITTAPI function not implemented: __itt_relation_add
2753058 : 0xa97ad8f4e8d28 : 2 : ittapi_config_apply_per_lib :  ITTAPI function instrumented: __itt_event_create
2753058 : 0xa97ad8f4e93e6 : 2 : ittapi_config_apply_per_lib :  ITTAPI function instrumented: __itt_event_start
2753058 : 0xa97ad8f4ea6f5 : 2 : ittapi_config_apply_per_lib :  ITTAPI function instrumented: __itt_event_end
2753058 : 0xa97ad8f4eaa78 : 2 : ittapi_config_apply_per_lib :  ITTAPI function NOT instrumented (not matched by --itt-config option): __itt_sync_set_name

2753058 : 0xa97ad8f4eae23 : 2 : ittapi_config_apply_per_lib :  ITTAPI function NOT instrumented (not matched by --itt-config option): __itt_notify_sync_name

2753058 : 0xa97ad8f4eb1a5 : 2 : ittapi_config_apply_per_lib :  ITTAPI function NOT instrumented (not matched by --itt-config option): __itt_notify_sync_prepare

2753058 : 0xa97ad8f4eb52a : 2 : ittapi_config_apply_per_lib :  ITTAPI function NOT instrumented (not matched by --itt-config option): __itt_notify_sync_cancel

2753058 : 0xa97ad8f4eb8a8 : 2 : ittapi_config_apply_per_lib :  ITTAPI function NOT instrumented (not matched by --itt-config option): __itt_notify_sync_acquired

2753058 : 0xa97ad8f4ebc1c : 2 : ittapi_config_apply_per_lib :  ITTAPI function NOT instrumented (not matched by --itt-config option): __itt_notify_sync_releasing

2753058 : 0xa97ad8f4ec397 : 2 : ittapi_config_apply_per_lib :  ITTAPI function not implemented: __itt_memory_read
2753058 : 0xa97ad8f4ecad1 : 2 : ittapi_config_apply_per_lib :  ITTAPI function not implemented: __itt_memory_write
2753058 : 0xa97ad8f4ed1da : 2 : ittapi_config_apply_per_lib :  ITTAPI function not implemented: __itt_memory_update
2753058 : 0xa97ad8f4ee589 : 2 : ittapi_config_apply_per_lib :  ITTAPI function not implemented: __itt_state_get
2753058 : 0xa97ad8f4eec8c : 2 : ittapi_config_apply_per_lib :  ITTAPI function not implemented: __itt_state_set
2753058 : 0xa97ad8f4ef3f3 : 2 : ittapi_config_apply_per_lib :  ITTAPI function not implemented: __itt_obj_mode_set
2753058 : 0xa97ad8f4efb23 : 2 : ittapi_config_apply_per_lib :  ITTAPI function not implemented: __itt_thr_mode_set
2753058 : 0xa97ad8f4f0178 : 2 : ittapi_config_apply_per_lib :  ITTAPI function instrumented: __itt_frame_create
2753058 : 0xa97ad8f4f07b6 : 2 : ittapi_config_apply_per_lib :  ITTAPI function instrumented: __itt_pt_region_create
2753058 : 0xa97ad8f4f0e2f : 2 : ittapi_config_apply_per_lib :  ITTAPI function instrumented: __itt_frame_begin
2753058 : 0xa97ad8f4f1506 : 2 : ittapi_config_apply_per_lib :  ITTAPI function instrumented: __itt_frame_end
2753058 : 0xa97ad8f4f1cbe : 2 : ittapi_config_apply_per_lib :  ITTAPI function not implemented: __itt_counter_destroy
2753058 : 0xa97ad8f4f2348 : 2 : ittapi_config_apply_per_lib :  ITTAPI function instrumented: __itt_counter_inc
2753058 : 0xa97ad8f4f3d02 : 2 : ittapi_config_apply_per_lib :  ITTAPI function instrumented: __itt_counter_inc_delta
2753058 : 0xa97ad8f4f4380 : 2 : ittapi_config_apply_per_lib :  ITTAPI function instrumented: __itt_counter_dec
2753058 : 0xa97ad8f4f4a2d : 2 : ittapi_config_apply_per_lib :  ITTAPI function instrumented: __itt_counter_dec_delta
2753058 : 0xa97ad8f4f50a4 : 2 : ittapi_config_apply_per_lib :  ITTAPI function instrumented: __itt_counter_set_value
2753058 : 0xa97ad8f4f57f8 : 2 : ittapi_config_apply_per_lib :  ITTAPI function not implemented: __itt_counter_set_value_ex
2753058 : 0xa97ad8f4f5eea : 2 : ittapi_config_apply_per_lib :  ITTAPI function not implemented: __itt_mark_create
2753058 : 0xa97ad8f4f6620 : 2 : ittapi_config_apply_per_lib :  ITTAPI function not implemented: __itt_mark
2753058 : 0xa97ad8f4f6d8f : 2 : ittapi_config_apply_per_lib :  ITTAPI function not implemented: __itt_mark_off
2753058 : 0xa97ad8f4f7479 : 2 : ittapi_config_apply_per_lib :  ITTAPI function not implemented: __itt_mark_global
2753058 : 0xa97ad8f4f7ba1 : 2 : ittapi_config_apply_per_lib :  ITTAPI function not implemented: __itt_mark_global_off
2753058 : 0xa97ad8f4f918b : 2 : ittapi_config_apply_per_lib :  ITTAPI function instrumented: __itt_stack_caller_create
2753058 : 0xa97ad8f4f98ba : 2 : ittapi_config_apply_per_lib :  ITTAPI function instrumented: __itt_stack_caller_destroy
2753058 : 0xa97ad8f4f9f78 : 2 : ittapi_config_apply_per_lib :  ITTAPI function instrumented: __itt_stack_callee_enter
2753058 : 0xa97ad8f4fa5a9 : 2 : ittapi_config_apply_per_lib :  ITTAPI function instrumented: __itt_stack_callee_leave
2753058 : 0xa97ad8f4fad25 : 2 : ittapi_config_apply_per_lib :  ITTAPI function not implemented: __itt_clock_domain_create
2753058 : 0xa97ad8f4fb474 : 2 : ittapi_config_apply_per_lib :  ITTAPI function not implemented: __itt_clock_domain_reset
2753058 : 0xa97ad8f4fbb7c : 2 : ittapi_config_apply_per_lib :  ITTAPI function not implemented: __itt_id_create_ex
2753058 : 0xa97ad8f4fc2cc : 2 : ittapi_config_apply_per_lib :  ITTAPI function not implemented: __itt_id_destroy_ex
2753058 : 0xa97ad8f4fca1c : 2 : ittapi_config_apply_per_lib :  ITTAPI function not implemented: __itt_task_begin_ex
2753058 : 0xa97ad8f4fd0f4 : 2 : ittapi_config_apply_per_lib :  ITTAPI function not implemented: __itt_task_begin_fn_ex
2753058 : 0xa97ad8f4fe5b5 : 2 : ittapi_config_apply_per_lib :  ITTAPI function not implemented: __itt_task_end_ex
2753058 : 0xa97ad8f4fec7b : 2 : ittapi_config_apply_per_lib :  ITTAPI function instrumented: __itt_task_begin_overlapped
2753058 : 0xa97ad8f4ff3be : 2 : ittapi_config_apply_per_lib :  ITTAPI function not implemented: __itt_task_begin_overlapped_ex
2753058 : 0xa97ad8f4ffa70 : 2 : ittapi_config_apply_per_lib :  ITTAPI function instrumented: __itt_task_end_overlapped
2753058 : 0xa97ad8f5001cc : 2 : ittapi_config_apply_per_lib :  ITTAPI function not implemented: __itt_task_end_overlapped_ex
2753058 : 0xa97ad8f5008d2 : 2 : ittapi_config_apply_per_lib :  ITTAPI function not implemented: __itt_marker_ex
2753058 : 0xa97ad8f501032 : 2 : ittapi_config_apply_per_lib :  ITTAPI function not implemented: __itt_metadata_add_with_scope
2753058 : 0xa97ad8f5017b7 : 2 : ittapi_config_apply_per_lib :  ITTAPI function not implemented: __itt_metadata_str_add_with_scope
2753058 : 0xa97ad8f501eb2 : 2 : ittapi_config_apply_per_lib :  ITTAPI function not implemented: __itt_relation_add_to_current_ex
2753058 : 0xa97ad8f5025a2 : 2 : ittapi_config_apply_per_lib :  ITTAPI function not implemented: __itt_relation_add_ex