
1531259 : 0xa781c6e54ab04 : 1 : spill_jit_data :  Jit agent is not initialized
1531239 : 0xa781c6e54d516 : 2 : ittapi_config_mask_get :  --itt-config mask to be applied: 55
1531239 : 0xa781c6e54f12e : 2 : ittapi_config_apply_per_lib :  ITTAPI function instrumented: __itt_domain_create
1531239 : 0xa781c6e54fb1a : 2 : ittapi_config_apply_per_lib :  ITTAPI function instrumented: __itt_module_load_with_sections
1531239 : 0xa781c6e550997 : 2 : ittapi_config_apply_per_lib :  ITTAPI function not implemented: __itt_module_unload_with_sections
1531239 : 0xa781c6e5511ae : 2 : ittapi_config_apply_per_lib :  ITTAPI function instrumented: __itt_string_handle_create
1531239 : 0xa781c6e5518f4 : 2 : ittapi_config_apply_per_lib :  ITTAPI function instrumented: __itt_counter_create
1531239 : 0xa781c6e551f79 : 2 : ittapi_config_apply_per_lib :  ITTAPI function instrumented: __itt_counter_create_typed
1531239 : 0xa781c6e552851 : 2 : ittapi_config_apply_per_lib :  ITTAPI function instrumented: __itt_pause
1531239 : 0xa781c6e552f4c : 2 : ittapi_config_apply_per_lib :  ITTAPI function instrumented: __itt_resume
1531239 : 0xa781c6e558c72 : 2 : ittapi_config_apply_per_lib :  ITTAPI function instrumented: __itt_thread_set_name
1531239 : 0xa781c6e559513 : 2 : ittapi_config_apply_per_lib :  ITTAPI function instrumented: __itt_thread_ignore
1531239 : 0xa781c6e559c32 : 2 : ittapi_config_apply_per_lib :  ITTAPI function instrumented: __itt_thr_name_set
1531239 : 0xa781c6e55a31e : 2 : ittapi_config_apply_per_lib :  ITTAPI function instrumented: __itt_thr_ignore
1531239 : 0xa781c6e55ad87 : 2 : ittapi_config_apply_per_lib :  ITTAPI function not implemented: __itt_enable_attach
1531239 : 0xa781c6e55b549 : 2 : ittapi_config_apply_per_lib :  ITTAPI function instrumented: __itt_detach
1531239 : 0xa781c6e55b977 : 2 : ittapi_config_apply_per_lib :  ITTAPI function NOT instrumented (not matched by --itt-config option): __itt_sync_create

1531239 : 0xa781c6e55be4a : 2 : ittapi_config_apply_per_lib :  ITTAPI function NOT instrumented (not matched by --itt-config option): __itt_sync_rename

1531239 : 0xa781c6e55c205 : 2 : ittapi_config_apply_per_lib :  ITTAPI function NOT instrumented (not matched by --itt-config option): __itt_sync_destroy

1531239 : 0xa781c6e55c614 : 2 : ittapi_config_apply_per_lib :  ITTAPI function NOT instrumented (not matched by --itt-config option): __itt_sync_prepare

1531239 : 0xa781c6e55da43 : 2 : ittapi_config_apply_per_lib :  ITTAPI function NOT instrumented (not matched by --itt-config option): __itt_sync_cancel

1531239 : 0xa781c6e55deaf : 2 : ittapi_config_apply_per_lib :  ITTAPI function NOT instrumented (not matched by --itt-config option): __itt_sync_acquired

1531239 : 0xa781c6e55e22b : 2 : ittapi_config_apply_per_lib :  ITTAPI function NOT instrumented (not matched by --itt-config option): __itt_sync_releasing

1531239 : 0xa781c6e55eb39 : 2 : ittapi_config_apply_per_lib :  ITTAPI function not implemented: __itt_suppress_push
1531239 : 0xa781c6e55f3e1 : 2 : ittapi_config_apply_per_lib :  ITTAPI function not implemented: __itt_suppress_pop
1531239 : 0xa781c6e55fb0e : 2 : ittapi_config_apply_per_lib :  ITTAPI function not implemented: __itt_suppress_mark_range
1531239 : 0xa781c6e5602d8 : 2 : ittapi_config_apply_per_lib :  ITTAPI function not implemented: __itt_suppress_clear_range
1531239 : 0xa781c6e56066d : 2 : ittapi_config_apply_per_lib :  ITTAPI function NOT instrumented (not matched by --itt-config option): __itt_sync_prepare

1531239 : 0xa781c6e560a15 : 2 : ittapi_config_apply_per_lib :  ITTAPI function NOT instrumented (not matched by --itt-config option): __itt_sync_cancel

1531239 : 0xa781c6e560d88 : 2 : ittapi_config_apply_per_lib :  ITTAPI function NOT instrumented (not matched by --itt-config option): __itt_sync_acquired

1531239 : 0xa781c6e561d6b : 2 : ittapi_config_apply_per_lib :  ITTAPI function NOT instrumented (not matched by --itt-config option): __itt_sync_releasing

1531239 : 0xa781c6e5621c1 : 2 : ittapi_config_apply_per_lib :  ITTAPI function NOT instrumented (not matched by --itt-config option): __itt_model_site_begin

1531239 : 0xa781c6e562593 : 2 : ittapi_config_apply_per_lib :  ITTAPI function NOT instrumented (not matched by --itt-config option): __itt_model_site_end

1531239 : 0xa781c6e562935 : 2 : ittapi_config_apply_per_lib :  ITTAPI function NOT instrumented (not matched by --itt-config option): __itt_model_task_begin

1531239 : 0xa781c6e562cde : 2 : ittapi_config_apply_per_lib :  ITTAPI function NOT instrumented (not matched by --itt-config option): __itt_model_task_end

1531239 : 0xa781c6e563075 : 2 : ittapi_config_apply_per_lib :  ITTAPI function NOT instrumented (not matched by --itt-config option): __itt_model_lock_acquire

1531239 : 0xa781c6e5634cf : 2 : ittapi_config_apply_per_lib :  ITTAPI function NOT instrumented (not matched by --itt-config option): __itt_model_lock_release

1531239 : 0xa781c6e563850 : 2 : ittapi_config_apply_per_lib :  ITTAPI function NOT instrumented (not matched by --itt-config option): __itt_model_record_allocation

1531239 : 0xa781c6e563bb7 : 2 : ittapi_config_apply_per_lib :  ITTAPI function NOT instrumented (not matched by --itt-config option): __itt_model_record_deallocation

1531239 : 0xa781c6e563f12 : 2 : ittapi_config_apply_per_lib :  ITTAPI function NOT instrumented (not matched by --itt-config option): __itt_model_induction_uses

1531239 : 0xa781c6e565e42 : 2 : ittapi_config_apply_per_lib :  ITTAPI function NOT instrumented (not matched by --itt-config option): __itt_model_reduction_uses

1531239 : 0xa781c6e56627b : 2 : ittapi_config_apply_per_lib :  ITTAPI function NOT instrumented (not matched by --itt-config option): __itt_model_observe_uses

1531239 : 0xa781c6e566652 : 2 : ittapi_config_apply_per_lib :  ITTAPI function NOT instrumented (not matched by --itt-config option): __itt_model_clear_uses

1531239 : 0xa781c6e566a0a : 2 : ittapi_config_apply_per_lib :  ITTAPI function NOT instrumented (not matched by --itt-config option): __itt_model_site_beginA

1531239 : 0xa781c6e566de6 : 2 : ittapi_config_apply_per_lib :  ITTAPI function NOT instrumented (not matched by --itt-config option): __itt_model_site_beginAL

1531239 : 0xa781c6e56717b : 2 : ittapi_config_apply_per_lib :  ITTAPI function NOT instrumented (not matched by --itt-config option): __itt_model_task_beginA

1531239 : 0xa781c6e56752c : 2 : ittapi_config_apply_per_lib :  ITTAPI function NOT instrumented (not matched by --itt-config option): __itt_model_task_beginAL

1531239 : 0xa781c6e5678c6 : 2 : ittapi_config_apply_per_lib :  ITTAPI function NOT instrumented (not matched by --itt-config option): __itt_model_iteration_taskA

1531239 : 0xa781c6e567c40 : 2 : ittapi_config_apply_per_lib :  ITTAPI function NOT instrumented (not matched by --itt-config option): __itt_model_iteration_taskAL

1531239 : 0xa781c6e567fa6 : 2 : ittapi_config_apply_per_lib :  ITTAPI function NOT instrumented (not matched by --itt-config option): __itt_model_site_end_2

1531239 : 0xa781c6e56901d : 2 : ittapi_config_apply_per_lib :  ITTAPI function NOT instrumented (not matched by --itt-config option): __itt_model_task_end_2

1531239 : 0xa781c6e569409 : 2 : ittapi_config_apply_per_lib :  ITTAPI function NOT instrumented (not matched by --itt-config option): __itt_model_lock_acquire_2

1531239 : 0xa781c6e5697e0 : 2 : ittapi_config_apply_per_lib :  ITTAPI function NOT instrumented (not matched by --itt-config option): __itt_model_lock_release_2

1531239 : 0xa781c6e569b71 : 2 : ittapi_config_apply_per_lib :  ITTAPI function NOT instrumented (not matched by --itt-config option): __itt_model_aggregate_task

1531239 : 0xa781c6e569f06 : 2 : ittapi_config_apply_per_lib :  ITTAPI function NOT instrumented (not matched by --itt-config option): __itt_model_disable_push

1531239 : 0xa781c6e56a27e : 2 : ittapi_config_apply_per_lib :  ITTAPI function NOT instrumented (not matched by --itt-config option): __itt_model_disable_pop

1531239 : 0xa781c6e56aadb : 2 : ittapi_config_apply_per_lib :  ITTAPI function instrumented: __itt_heap_function_create
1531239 : 0xa781c6e56b227 : 2 : ittapi_config_apply_per_lib :  ITTAPI function instrumented: __itt_heap_allocate_begin
1531239 : 0xa781c6e56b8ec : 2 : ittapi_config_apply_per_lib :  ITTAPI function instrumented: __itt_heap_allocate_end
1531239 : 0xa781c6e56c057 : 2 : ittapi_config_apply_per_lib :  ITTAPI function instrumented: __itt_heap_free_begin
1531239 : 0xa781c6e56dd36 : 2 : ittapi_config_apply_per_lib :  ITTAPI function instrumented: __itt_heap_free_end
1531239 : 0xa781c6e56e46e : 2 : ittapi_config_apply_per_lib :  ITTAPI function instrumented: __itt_heap_reallocate_begin
1531239 : 0xa781c6e56ead9 : 2 : ittapi_config_apply_per_lib :  ITTAPI function instrumented: __itt_heap_reallocate_end
1531239 : 0xa781c6e56f2da : 2 : ittapi_config_apply_per_lib :  ITTAPI function not implemented: __itt_heap_internal_access_begin
1531239 : 0xa781c6e56fa24 : 2 : ittapi_config_apply_per_lib :  ITTAPI function not implemented: __itt_heap_internal_access_end
1531239 : 0xa781c6e5701a9 : 2 : ittapi_config_apply_per_lib :  ITTAPI function not implemented: __itt_heap_record_memory_growth_begin
1531239 : 0xa781c6e570930 : 2 : ittapi_config_apply_per_lib :  ITTAPI function not implemented: __itt_heap_record_memory_growth_end
1531239 : 0xa781c6e5710da : 2 : ittapi_config_apply_per_lib :  ITTAPI function not implemented: __itt_heap_reset_detection
1531239 : 0xa781c6e5718e1 : 2 : ittapi_config_apply_per_lib :  ITTAPI function not implemented: __itt_heap_record
1531239 : 0xa781c6e572056 : 2 : ittapi_config_apply_per_lib :  ITTAPI function not implemented: __itt_id_create
1531239 : 0xa781c6e573423 : 2 : ittapi_config_apply_per_lib :  ITTAPI function not implemented: __itt_id_destroy
1531239 : 0xa781c6e573bb6 : 2 : ittapi_config_apply_per_lib :  ITTAPI function instrumented: __itt_get_timestamp
1531239 : 0xa781c6e5742e7 : 2 : ittapi_config_apply_per_lib :  ITTAPI function not implemented: __itt_region_begin
1531239 : 0xa781c6e574aaf : 2 : ittapi_config_apply_per_lib :  ITTAPI function not implemented: __itt_region_end
1531239 : 0xa781c6e5751d5 : 2 : ittapi_config_apply_per_lib :  ITTAPI function instrumented: __itt_frame_begin_v3
1531239 : 0xa781c6e5759d2 : 2 : ittapi_config_apply_per_lib :  ITTAPI function instrumented: __itt_frame_end_v3
1531239 : 0xa781c6e5760cb : 2 : ittapi_config_apply_per_lib :  ITTAPI function instrumented: __itt_frame_submit_v3
1531239 : 0xa781c6e576871 : 2 : ittapi_config_apply_per_lib :  ITTAPI function not implemented: __itt_task_group
1531239 : 0xa781c6e57707f : 2 : ittapi_config_apply_per_lib :  ITTAPI function instrumented: __itt_task_begin
1531239 : 0xa781c6e577743 : 2 : ittapi_config_apply_per_lib :  ITTAPI function instrumented: __itt_task_begin_fn
1531239 : 0xa781c6e578a6d : 2 : ittapi_config_apply_per_lib :  ITTAPI function instrumented: __itt_task_end
1531239 : 0xa781c6e5792c7 : 2 : ittapi_config_apply_per_lib :  ITTAPI function not implemented: __itt_counter_inc_v3
1531239 : 0xa781c6e579a80 : 2 : ittapi_config_apply_per_lib :  ITTAPI function not implemented: __itt_counter_inc_delta_v3
1531239 : 0xa781c6e57a20e : 2 : ittapi_config_apply_per_lib :  ITTAPI function not implemented: __itt_counter_dec_v3
1531239 : 0xa781c6e57a936 : 2 : ittapi_config_apply_per_lib :  ITTAPI function not implemented: __itt_counter_dec_delta_v3
1531239 : 0xa781c6e57b0b7 : 2 : ittapi_config_apply_per_lib :  ITTAPI function not implemented: __itt_marker
1531239 : 0xa781c6e57b793 : 2 : ittapi_config_apply_per_lib :  ITTAPI function instrumented: __itt_metadata_add
1531239 : 0xa781c6e57bf3c : 2 : ittapi_config_apply_per_lib :  ITTAPI function not implemented: __itt_metadata_str_add
1531239 : 0xa781c6e57c634 : 2 : ittapi_config_apply_per_lib :  ITTAPI function not implemented: __itt_relation_add_to_current
1531239 : 0xa781c6e57cd9e : 2 : ittapi_config_apply_per_lib :  ITTAPI function not implemented: __itt_relation_add
1531239 : 0xa781c6e57e02f : 2 : ittapi_config_apply_per_lib :  ITTAPI function instrumented: __itt_event_create
1531239 : 0xa781c6e57e7a8 : 2 : ittapi_config_apply_per_lib :  ITTAPI function instrumented: __itt_event_start
1531239 : 0xa781c6e57eeab : 2 : ittapi_config_apply_per_lib :  ITTAPI function instrumented: __itt_event_end
1531239 : 0xa781c6e57f22d : 2 : ittapi_config_apply_per_lib :  ITTAPI function NOT instrumented (not matched by --itt-config option): __itt_sync_set_name

1531239 : 0xa781c6e57f5ec : 2 : ittapi_config_apply_per_lib :  ITTAPI function NOT instrumented (not matched by --itt-config option): __itt_notify_sync_name

1531239 : 0xa781c6e57f993 : 2 : ittapi_config_apply_per_lib :  ITTAPI function NOT instrumented (not matched by --itt-config option): __itt_notify_sync_prepare

1531239 : 0xa781c6e57fd23 : 2 : ittapi_config_apply_per_lib :  ITTAPI function NOT instrumented (not matched by --itt-config option): __itt_notify_sync_cancel

1531239 : 0xa781c6e5800ba : 2 : ittapi_config_apply_per_lib :  ITTAPI function NOT instrumented (not matched by --itt-config option): __itt_notify_sync_acquired

1531239 : 0xa781c6e58042a : 2 : ittapi_config_apply_per_lib :  ITTAPI function NOT instrumented (not matched by --itt-config option): __itt_notify_sync_releasing

1531239 : 0xa781c6e580be4 : 2 : ittapi_config_apply_per_lib :  ITTAPI function not implemented: __itt_memory_read
1531239 : 0xa781c6e582747 : 2 : ittapi_config_apply_per_lib :  ITTAPI function not implemented: __itt_memory_write
1531239 : 0xa781c6e582ed6 : 2 : ittapi_config_apply_per_lib :  ITTAPI function not implemented: __itt_memory_update
1531239 : 0xa781c6e58364b : 2 : ittapi_config_apply_per_lib :  ITTAPI function not implemented: __itt_state_get
1531239 : 0xa781c6e583d56 : 2 : ittapi_config_apply_per_lib :  ITTAPI function not implemented: __itt_state_set
1531239 : 0xa781c6e5844fd : 2 : ittapi_config_apply_per_lib :  ITTAPI function not implemented: __itt_obj_mode_set
1531239 : 0xa781c6e584c39 : 2 : ittapi_config_apply_per_lib :  ITTAPI function not implemented: __itt_thr_mode_set
1531239 : 0xa781c6e5852d9 : 2 : ittapi_config_apply_per_lib :  ITTAPI function instrumented: __itt_frame_create
1531239 : 0xa781c6e58594f : 2 : ittapi_config_apply_per_lib :  ITTAPI function instrumented: __itt_pt_region_create
1531239 : 0xa781c6e585fff : 2 : ittapi_config_apply_per_lib :  ITTAPI function instrumented: __itt_frame_begin
1531239 : 0xa781c6e5866fe : 2 : ittapi_config_apply_per_lib :  ITTAPI function instrumented: __itt_frame_end
1531239 : 0xa781c6e587ade : 2 : ittapi_config_apply_per_lib :  ITTAPI function not implemented: __itt_counter_destroy
1531239 : 0xa781c6e58823c : 2 : ittapi_config_apply_per_lib :  ITTAPI function instrumented: __itt_counter_inc
1531239 : 0xa781c6e58892b : 2 : ittapi_config_apply_per_lib :  ITTAPI function instrumented: __itt_counter_inc_delta
1531239 : 0xa781c6e588f7c : 2 : ittapi_config_apply_per_lib :  ITTAPI function instrumented: __itt_counter_dec
1531239 : 0xa781c6e589641 : 2 : ittapi_config_apply_per_lib :  ITTAPI function instrumented: __itt_counter_dec_delta
1531239 : 0xa781c6e589cee : 2 : ittapi_config_apply_per_lib :  ITTAPI function instrumented: __itt_counter_set_value
1531239 : 0xa781c6e58a40e : 2 : ittapi_config_apply_per_lib :  ITTAPI function not implemented: __itt_counter_set_value_ex
1531239 : 0xa781c6e58ab23 : 2 : ittapi_config_apply_per_lib :  ITTAPI function not implemented: __itt_mark_create
1531239 : 0xa781c6e58b2b5 : 2 : ittapi_config_apply_per_lib :  ITTAPI function not implemented: __itt_mark
1531239 : 0xa781c6e58ba30 : 2 : ittapi_config_apply_per_lib :  ITTAPI function not implemented: __itt_mark_off
1531239 : 0xa781c6e58cd5f : 2 : ittapi_config_apply_per_lib :  ITTAPI function not implemented: __itt_mark_global
1531239 : 0xa781c6e58d519 : 2 : ittapi_config_apply_per_lib :  ITTAPI function not implemented: __itt_mark_global_off
1531239 : 0xa781c6e58dc9b : 2 : ittapi_config_apply_per_lib :  ITTAPI function instrumented: __itt_stack_caller_create
1531239 : 0xa781c6e58e3b3 : 2 : ittapi_config_apply_per_lib :  ITTAPI function instrumented: __itt_stack_caller_destroy
1531239 : 0xa781c6e58ead5 : 2 : ittapi_config_apply_per_lib :  ITTAPI function instrumented: __itt_stack_callee_enter
1531239 : 0xa781c6e58f147 : 2 : ittapi_config_apply_per_lib :  ITTAPI function instrumented: __itt_stack_callee_leave
1531239 : 0xa781c6e58f8c5 : 2 : ittapi_config_apply_per_lib :  ITTAPI function not implemented: __itt_clock_domain_create
1531239 : 0xa781c6e59002c : 2 : ittapi_config_apply_per_lib :  ITTAPI function not implemented: __itt_clock_domain_reset
1531239 : 0xa781c6e590789 : 2 : ittapi_config_apply_per_lib :  ITTAPI function not implemented: __itt_id_create_ex
1531239 : 0xa781c6e590eef : 2 : ittapi_config_apply_per_lib :  ITTAPI function not implemented: __itt_id_destroy_ex
1531239 : 0xa781c6e592ab8 : 2 : ittapi_config_apply_per_lib :  ITTAPI function not implemented: __itt_task_begin_ex
1531239 : 0xa781c6e593269 : 2 : ittapi_config_apply_per_lib :  ITTAPI function not implemented: __itt_task_begin_fn_ex
1531239 : 0xa781c6e59399f : 2 : ittapi_config_apply_per_lib :  ITTAPI function not implemented: __itt_task_end_ex
1531239 : 0xa781c6e5940ac : 2 : ittapi_config_apply_per_lib :  ITTAPI function instrumented: __itt_task_begin_overlapped
1531239 : 0xa781c6e594806 : 2 : ittapi_config_apply_per_lib :  ITTAPI function not implemented: __itt_task_begin_overlapped_ex
1531239 : 0xa781c6e594eee : 2 : ittapi_config_apply_per_lib :  ITTAPI function instrumented: __itt_task_end_overlapped
1531239 : 0xa781c6e595629 : 2 : ittapi_config_apply_per_lib :  ITTAPI function not implemented: __itt_task_end_overlapped_ex
1531239 : 0xa781c6e595d4e : 2 : ittapi_config_apply_per_lib :  ITTAPI function not implemented: __itt_marker_ex
1531239 : 0xa781c6e596514 : 2 : ittapi_config_apply_per_lib :  ITTAPI function not implemented: __itt_metadata_add_with_scope
1531239 : 0xa781c6e596cad : 2 : ittapi_config_apply_per_lib :  ITTAPI function not implemented: __itt_metadata_str_add_with_scope
1531239 : 0xa781c6e59802b : 2 : ittapi_config_apply_per_lib :  ITTAPI function not implemented: __itt_relation_add_to_current_ex
1531239 : 0xa781c6e5987c7 : 2 : ittapi_config_apply_per_lib :  ITTAPI function not implemented: __itt_relation_add_ex
1531239 : 0xa781c6e598f12 : 2 : ittapi_config_apply_per_lib :  ITTAPI function not implemented: __itt_track_group_create
1531239 : 0xa781c6e5995f6 : 2 : ittapi_config_apply_per_lib :  ITTAPI function not implemented: __itt_track_create
1531239 : 0xa781c6e599d16 : 2 : ittapi_config_apply_per_lib :  ITTAPI function not implemented: __itt_set_track
1531239 : 0xa781c6e59a3ec : 2 : ittapi_config_apply_per_lib :  ITTAPI function instrumented: __itt_api_version
1531239 : 0xa781c6e59aafc : 2 : ittapi_config_apply_per_lib :  ITTAPI function not implemented: __itt_av_save
1531239 : 0xa781c6e59b215 : 2 : ittapi_config_apply_per_lib :  ITTAPI function instrumented: __itt_module_load
1531239 : 0xa781c6e59b99a : 2 : ittapi_config_apply_per_lib :  ITTAPI function not implemented: __itt_module_unload
1531239 : 0xa781c6e5e235d : 2 : ittapi_config_mask_get :  --itt-config mask to be applied: 55
1531239 : 0xa781c6e5e4471 : 2 : ittapi_config_apply_per_lib :  ITTAPI function instrumented: __itt_domain_create
1531239 : 0xa781c6e5e4ce3 : 2 : ittapi_config_apply_per_lib :  ITTAPI function instrumented: __itt_module_load_with_sections
1531239 : 0xa781c6e5e569f : 2 : ittapi_config_apply_per_lib :  ITTAPI function not implemented: __itt_module_unload_with_sections
1531239 : 0xa781c6e5e5e0a : 2 : ittapi_config_apply_per_lib :  ITTAPI function instrumented: __itt_string_handle_create
1531239 : 0xa781c6e5e64b5 : 2 : ittapi_config_apply_per_lib :  ITTAPI function instrumented: __itt_counter_create
1531239 : 0xa781c6e5e6b3b : 2 : ittapi_config_apply_per_lib :  ITTAPI function instrumented: __itt_counter_create_typed
1531239 : 0xa781c6e5e728c : 2 : ittapi_config_apply_per_lib :  ITTAPI function instrumented: __itt_pause
1531239 : 0xa781c6e5e796f : 2 : ittapi_config_apply_per_lib :  ITTAPI function instrumented: __itt_resume
1531239 : 0xa781c6e5e7f85 : 2 : ittapi_config_apply_per_lib :  ITTAPI function instrumented: __itt_thread_set_name
1531239 : 0xa781c6e5e86e2 : 2 : ittapi_config_apply_per_lib :  ITTAPI function instrumented: __itt_thread_ignore
1531239 : 0xa781c6e5e9b35 : 2 : ittapi_config_apply_per_lib :  ITTAPI function instrumented: __itt_thr_name_set
1531239 : 0xa781c6e5ea274 : 2 : ittapi_config_apply_per_lib :  ITTAPI function instrumented: __itt_thr_ignore
1531239 : 0xa781c6e5eaafe : 2 : ittapi_config_apply_per_lib :  ITTAPI function not implemented: __itt_enable_attach
1531239 : 0xa781c6e5eb1a6 : 2 : ittapi_config_apply_per_lib :  ITTAPI function instrumented: __itt_detach
1531239 : 0xa781c6e5eb569 : 2 : ittapi_config_apply_per_lib :  ITTAPI function NOT instrumented (not matched by --itt-config option): __itt_sync_create

1531239 : 0xa781c6e5eb97d : 2 : ittapi_config_apply_per_lib :  ITTAPI function NOT instrumented (not matched by --itt-config option): __itt_sync_rename

1531239 : 0xa781c6e5ebd31 : 2 : ittapi_config_apply_per_lib :  ITTAPI function NOT instrumented (not matched by --itt-config option): __itt_sync_destroy

1531239 : 0xa781c6e5ec100 : 2 : ittapi_config_apply_per_lib :  ITTAPI function NOT instrumented (not matched by --itt-config option): __itt_sync_prepare

1531239 : 0xa781c6e5ec46c : 2 : ittapi_config_apply_per_lib :  ITTAPI function NOT instrumented (not matched by --itt-config option): __itt_sync_cancel

1531239 : 0xa781c6e5ec7c7 : 2 : ittapi_config_apply_per_lib :  ITTAPI function NOT instrumented (not matched by --itt-config option): __itt_sync_acquired

1531239 : 0xa781c6e5ee1fe : 2 : ittapi_config_apply_per_lib :  ITTAPI function NOT instrumented (not matched by --itt-config option): __itt_sync_releasing

1531239 : 0xa781c6e5eeb7a : 2 : ittapi_config_apply_per_lib :  ITTAPI function not implemented: __itt_suppress_push
1531239 : 0xa781c6e5ef3a2 : 2 : ittapi_config_apply_per_lib :  ITTAPI function not implemented: __itt_suppress_pop
1531239 : 0xa781c6e5efb00 : 2 : ittapi_config_apply_per_lib :  ITTAPI function not implemented: __itt_suppress_mark_range
1531239 : 0xa781c6e5f026b : 2 : ittapi_config_apply_per_lib :  ITTAPI function not implemented: __itt_suppress_clear_range
1531239 : 0xa781c6e5f0605 : 2 : ittapi_config_apply_per_lib :  ITTAPI function NOT instrumented (not matched by --itt-config option): __itt_sync_prepare

1531239 : 0xa781c6e5f0990 : 2 : ittapi_config_apply_per_lib :  ITTAPI function NOT instrumented (not matched by --itt-config option): __itt_sync_cancel

1531239 : 0xa781c6e5f0cfb : 2 : ittapi_config_apply_per_lib :  ITTAPI function NOT instrumented (not matched by --itt-config option): __itt_sync_acquired

1531239 : 0xa781c6e5f1074 : 2 : ittapi_config_apply_per_lib :  ITTAPI function NOT instrumented (not matched by --itt-config option): __itt_sync_releasing

1531239 : 0xa781c6e5f1477 : 2 : ittapi_config_apply_per_lib :  ITTAPI function NOT instrumented (not matched by --itt-config option): __itt_model_site_begin

1531239 : 0xa781c6e5f248f : 2 : ittapi_config_apply_per_lib :  ITTAPI function NOT instrumented (not matched by --itt-config option): __itt_model_site_end

1531239 : 0xa781c6e5f28c7 : 2 : ittapi_config_apply_per_lib :  ITTAPI function NOT instrumented (not matched by --itt-config option): __itt_model_task_begin

1531239 : 0xa781c6e5f2c4d : 2 : ittapi_config_apply_per_lib :  ITTAPI function NOT instrumented (not matched by --itt-config option): __itt_model_task_end

1531239 : 0xa781c6e5f2fc3 : 2 : ittapi_config_apply_per_lib :  ITTAPI function NOT instrumented (not matched by --itt-config option): __itt_model_lock_acquire

1531239 : 0xa781c6e5f33a0 : 2 : ittapi_config_apply_per_lib :  ITTAPI function NOT instrumented (not matched by --itt-config option): __itt_model_lock_release

1531239 : 0xa781c6e5f3713 : 2 : ittapi_config_apply_per_lib :  ITTAPI function NOT instrumented (not matched by --itt-config option): __itt_model_record_allocation

1531239 : 0xa781c6e5f3a7b : 2 : ittapi_config_apply_per_lib :  ITTAPI function NOT instrumented (not matched by --itt-config option): __itt_model_record_deallocation

1531239 : 0xa781c6e5f3e16 : 2 : ittapi_config_apply_per_lib :  ITTAPI function NOT instrumented (not matched by --itt-config option): __itt_model_induction_uses

1531239 : 0xa781c6e5f41b4 : 2 : ittapi_config_apply_per_lib :  ITTAPI function NOT instrumented (not matched by --itt-config option): __itt_model_reduction_uses

1531239 : 0xa781c6e5f453d : 2 : ittapi_config_apply_per_lib :  ITTAPI function NOT instrumented (not matched by --itt-config option): __itt_model_observe_uses

1531239 : 0xa781c6e5f5bae : 2 : ittapi_config_apply_per_lib :  ITTAPI function NOT instrumented (not matched by --itt-config option): __itt_model_clear_uses

1531239 : 0xa781c6e5f5fe9 : 2 : ittapi_config_apply_per_lib :  ITTAPI function NOT instrumented (not matched by --itt-config option): __itt_model_site_beginA

1531239 : 0xa781c6e5f6367 : 2 : ittapi_config_apply_per_lib :  ITTAPI function NOT instrumented (not matched by --itt-config option): __itt_model_site_beginAL

1531239 : 0xa781c6e5f66e8 : 2 : ittapi_config_apply_per_lib :  ITTAPI function NOT instrumented (not matched by --itt-config option): __itt_model_task_beginA

1531239 : 0xa781c6e5f6a50 : 2 : ittapi_config_apply_per_lib :  ITTAPI function NOT instrumented (not matched by --itt-config option): __itt_model_task_beginAL

1531239 : 0xa781c6e5f6df8 : 2 : ittapi_config_apply_per_lib :  ITTAPI function NOT instrumented (not matched by --itt-config option): __itt_model_iteration_taskA

1531239 : 0xa781c6e5f715b : 2 : ittapi_config_apply_per_lib :  ITTAPI function NOT instrumented (not matched by --itt-config option): __itt_model_iteration_taskAL

1531239 : 0xa781c6e5f749d : 2 : ittapi_config_apply_per_lib :  ITTAPI function NOT instrumented (not matched by --itt-config option): __itt_model_site_end_2

1531239 : 0xa781c6e5f7823 : 2 : ittapi_config_apply_per_lib :  ITTAPI function NOT instrumented (not matched by --itt-config option): __itt_model_task_end_2

1531239 : 0xa781c6e5f7b69 : 2 : ittapi_config_apply_per_lib :  ITTAPI function NOT instrumented (not matched by --itt-config option): __itt_model_lock_acquire_2

1531239 : 0xa781c6e5f8a61 : 2 : ittapi_config_apply_per_lib :  ITTAPI function NOT instrumented (not matched by --itt-config option): __itt_model_lock_release_2

1531239 : 0xa781c6e5f8e59 : 2 : ittapi_config_apply_per_lib :  ITTAPI function NOT instrumented (not matched by --itt-config option): __itt_model_aggregate_task

1531239 : 0xa781c6e5f91d6 : 2 : ittapi_config_apply_per_lib :  ITTAPI function NOT instrumented (not matched by --itt-config option): __itt_model_disable_push

1531239 : 0xa781c6e5f9579 : 2 : ittapi_config_apply_per_lib :  ITTAPI function NOT instrumented (not matched by --itt-config option): __itt_model_disable_pop

1531239 : 0xa781c6e5f9cce : 2 : ittapi_config_apply_per_lib :  ITTAPI function instrumented: __itt_heap_function_create
1531239 : 0xa781c6e5fa3e4 : 2 : ittapi_config_apply_per_lib :  ITTAPI function instrumented: __itt_heap_allocate_begin
1531239 : 0xa781c6e5faa8c : 2 : ittapi_config_apply_per_lib :  ITTAPI function instrumented: __itt_heap_allocate_end
1531239 : 0xa781c6e5fb17d : 2 : ittapi_config_apply_per_lib :  ITTAPI function instrumented: __itt_heap_free_begin
1531239 : 0xa781c6e5fb7f9 : 2 : ittapi_config_apply_per_lib :  ITTAPI function instrumented: __itt_heap_free_end
1531239 : 0xa781c6e5fbe87 : 2 : ittapi_config_apply_per_lib :  ITTAPI function instrumented: __itt_heap_reallocate_begin
1531239 : 0xa781c6e5fd11e : 2 : ittapi_config_apply_per_lib :  ITTAPI function instrumented: __itt_heap_reallocate_end
1531239 : 0xa781c6e5fd972 : 2 : ittapi_config_apply_per_lib :  ITTAPI function not implemented: __itt_heap_internal_access_begin
1531239 : 0xa781c6e5fe0ca : 2 : ittapi_config_apply_per_lib :  ITTAPI function not implemented: __itt_heap_internal_access_end
1531239 : 0xa781c6e5fe870 : 2 : ittapi_config_apply_per_lib :  ITTAPI function not implemented: __itt_heap_record_memory_growth_begin
1531239 : 0xa781c6e5fefd5 : 2 : ittapi_config_apply_per_lib :  ITTAPI function not implemented: __itt_heap_record_memory_growth_end
1531239 : 0xa781c6e5ff6fa : 2 : ittapi_config_apply_per_lib :  ITTAPI function not implemented: __itt_heap_reset_detection
1531239 : 0xa781c6e5ffe9d : 2 : ittapi_config_apply_per_lib :  ITTAPI function not implemented: __itt_heap_record
1531239 : 0xa781c6e6005ed : 2 : ittapi_config_apply_per_lib :  ITTAPI function not implemented: __itt_id_create
1531239 : 0xa781c6e600d4d : 2 : ittapi_config_apply_per_lib :  ITTAPI function not implemented: __itt_id_destroy
1531239 : 0xa781c6e60141e : 2 : ittapi_config_apply_per_lib :  ITTAPI function instrumented: __itt_get_timestamp
1531239 : 0xa781c6e602f61 : 2 : ittapi_config_apply_per_lib :  ITTAPI function not implemented: __itt_region_begin
1531239 : 0xa781c6e603755 : 2 : ittapi_config_apply_per_lib :  ITTAPI function not implemented: __itt_region_end
1531239 : 0xa781c6e603e53 : 2 : ittapi_config_apply_per_lib :  ITTAPI function instrumented: __itt_frame_begin_v3
1531239 : 0xa781c6e6045d9 : 2 : ittapi_config_apply_per_lib :  ITTAPI function instrumented: __itt_frame_end_v3
1531239 : 0xa781c6e604ce6 : 2 : ittapi_config_apply_per_lib :  ITTAPI function instrumented: __itt_frame_submit_v3
1531239 : 0xa781c6e60547c : 2 : ittapi_config_apply_per_lib :  ITTAPI function not implemented: __itt_task_group
1531239 : 0xa781c6e605bde : 2 : ittapi_config_apply_per_lib :  ITTAPI function instrumented: __itt_task_begin
1531239 : 0xa781c6e606289 : 2 : ittapi_config_apply_per_lib :  ITTAPI function instrumented: __itt_task_begin_fn
1531239 : 0xa781c6e60691b : 2 : ittapi_config_apply_per_lib :  ITTAPI function instrumented: __itt_task_end
1531239 : 0xa781c6e6070cf : 2 : ittapi_config_apply_per_lib :  ITTAPI function not implemented: __itt_counter_inc_v3
1531239 : 0xa781c6e6084b7 : 2 : ittapi_config_apply_per_lib :  ITTAPI function not implemented: __itt_counter_inc_delta_v3
1531239 : 0xa781c6e608c4d : 2 : ittapi_config_apply_per_lib :  ITTAPI function not implemented: __itt_counter_dec_v3
1531239 : 0xa781c6e60936d : 2 : ittapi_config_apply_per_lib :  ITTAPI function not implemented: __itt_counter_dec_delta_v3
1531239 : 0xa781c6e609a8a : 2 : ittapi_config_apply_per_lib :  ITTAPI function not implemented: __itt_marker
1531239 : 0xa781c6e60a179 : 2 : ittapi_config_apply_per_lib :  ITTAPI function instrumented: __itt_metadata_add
1531239 : 0xa781c6e60a927 : 2 : ittapi_config_apply_per_lib :  ITTAPI function not implemented: __itt_metadata_str_add
1531239 : 0xa781c6e60b012 : 2 : ittapi_config_apply_per_lib :  ITTAPI function not implemented: __itt_relation_add_to_current
1531239 : 0xa781c6e60b797 : 2 : ittapi_config_apply_per_lib :  ITTAPI function not implemented: __itt_relation_add
1531239 : 0xa781c6e60bdee : 2 : ittapi_config_apply_per_lib :  ITTAPI function instrumented: __itt_event_create
1531239 : 0xa781c6e60c4e4 : 2 : ittapi_config_apply_per_lib :  ITTAPI function instrumented: __itt_event_start
1531239 : 0xa781c6e60d7bd : 2 : ittapi_config_apply_per_lib :  ITTAPI function instrumented: __itt_event_end
1531239 : 0xa781c6e60db9c : 2 : ittapi_config_apply_per_lib :  ITTAPI function NOT instrumented (not matched by --itt-config option): __itt_sync_set_name

1531239 : 0xa781c6e60df59 : 2 : ittapi_config_apply_per_lib :  ITTAPI function NOT instrumented (not matched by --itt-config option): __itt_notify_sync_name

1531239 : 0xa781c6e60e302 : 2 : ittapi_config_apply_per_lib :  ITTAPI function NOT instrumented (not matched by --itt-config option): __itt_notify_sync_prepare

1531239 : 0xa781c6e60e6be : 2 : ittapi_config_apply_per_lib :  ITTAPI function NOT instrumented (not matched by --itt-config option): __itt_notify_sync_cancel

1531239 : 0xa781c6e60ea69 : 2 : ittapi_config_apply_per_lib :  ITTAPI function NOT instrumented (not matched by --itt-config option): __itt_notify_sync_acquired

1531239 : 0xa781c6e60ee06 : 2 : ittapi_config_apply_per_lib :  ITTAPI function NOT instrumented (not matched by --itt-config option): __itt_notify_sync_releasing

1531239 : 0xa781c6e60f568 : 2 : ittapi_config_apply_per_lib :  ITTAPI function not implemented: __itt_memory_read
1531239 : 0xa781c6e60fceb : 2 : ittapi_config_apply_per_lib :  ITTAPI function not implemented: __itt_memory_write
1531239 : 0xa781c6e6103c2 : 2 : ittapi_config_apply_per_lib :  ITTAPI function not implemented: __itt_memory_update
1531239 : 0xa781c6e611777 : 2 : ittapi_config_apply_per_lib :  ITTAPI function not implemented: __itt_state_get
1531239 : 0xa781c6e611f3d : 2 : ittapi_config_apply_per_lib :  ITTAPI function not implemented: __itt_state_set
1531239 : 0xa781c6e6126b9 : 2 : ittapi_config_apply_per_lib :  ITTAPI function not implemented: __itt_obj_mode_set
1531239 : 0xa781c6e612de1 : 2 : ittapi_config_apply_per_lib :  ITTAPI function not implemented: __itt_thr_mode_set
1531239 : 0xa781c6e61344e : 2 : ittapi_config_apply_per_lib :  ITTAPI function instrumented: __itt_frame_create
1531239 : 0xa781c6e613acc : 2 : ittapi_config_apply_per_lib :  ITTAPI function instrumented: __itt_pt_region_create
1531239 : 0xa781c6e614146 : 2 : ittapi_config_apply_per_lib :  ITTAPI function instrumented: __itt_frame_begin
1531239 : 0xa781c6e614816 : 2 : ittapi_config_apply_per_lib :  ITTAPI function instrumented: __itt_frame_end
1531239 : 0xa781c6e614f9b : 2 : ittapi_config_apply_per_lib :  ITTAPI function not implemented: __itt_counter_destroy
1531239 : 0xa781c6e61566d : 2 : ittapi_config_apply_per_lib :  ITTAPI function instrumented: __itt_counter_inc
1531239 : 0xa781c6e61719a : 2 : ittapi_config_apply_per_lib :  ITTAPI function instrumented: __itt_counter_inc_delta
1531239 : 0xa781c6e617873 : 2 : ittapi_config_apply_per_lib :  ITTAPI function instrumented: __itt_counter_dec
1531239 : 0xa781c6e617f64 : 2 : ittapi_config_apply_per_lib :  ITTAPI function instrumented: __itt_counter_dec_delta
1531239 : 0xa781c6e6185f3 : 2 : ittapi_config_apply_per_lib :  ITTAPI function instrumented: __itt_counter_set_value
1531239 : 0xa781c6e618d54 : 2 : ittapi_config_apply_per_lib :  ITTAPI function not implemented: __itt_counter_set_value_ex
1531239 : 0xa781c6e619473 : 2 : ittapi_config_apply_per_lib :  ITTAPI function not implemented: __itt_mark_create
1531239 : 0xa781c6e619be0 : 2 : ittapi_config_apply_per_lib :  ITTAPI function not implemented: __itt_mark
1531239 : 0xa781c6e61a33e : 2 : ittapi_config_apply_per_lib :  ITTAPI function not implemented: __itt_mark_off
1531239 : 0xa781c6e61aa43 : 2 : ittapi_config_apply_per_lib :  ITTAPI function not implemented: __itt_mark_global
1531239 : 0xa781c6e61b155 : 2 : ittapi_config_apply_per_lib :  ITTAPI function not implemented: __itt_mark_global_off
1531239 : 0xa781c6e61c561 : 2 : ittapi_config_apply_per_lib :  ITTAPI function instrumented: __itt_stack_caller_create
1531239 : 0xa781c6e61ccd6 : 2 : ittapi_config_apply_per_lib :  ITTAPI function instrumented: __itt_stack_caller_destroy
1531239 : 0xa781c6e61d3ae : 2 : ittapi_config_apply_per_lib :  ITTAPI function instrumented: __itt_stack_callee_enter
1531239 : 0xa781c6e61d9f9 : 2 : ittapi_config_apply_per_lib :  ITTAPI function instrumented: __itt_stack_callee_leave
1531239 : 0xa781c6e61e156 : 2 : ittapi_config_apply_per_lib :  ITTAPI function not implemented: __itt_clock_domain_create
1531239 : 0xa781c6e61e87a : 2 : ittapi_config_apply_per_lib :  ITTAPI function not implemented: __itt_clock_domain_reset
1531239 : 0xa781c6e61efb8 : 2 : ittapi_config_apply_per_lib :  ITTAPI function not implemented: __itt_id_create_ex
1531239 : 0xa781c6e61f71e : 2 : ittapi_config_apply_per_lib :  ITTAPI function not implemented: __itt_id_destroy_ex
1531239 : 0xa781c6e61fe69 : 2 : ittapi_config_apply_per_lib :  ITTAPI function not implemented: __itt_task_begin_ex
1531239 : 0xa781c6e62059a : 2 : ittapi_config_apply_per_lib :  ITTAPI function not implemented: __itt_task_begin_fn_ex
1531239 : 0xa781c6e62190f : 2 : ittapi_config_apply_per_lib :  ITTAPI function not implemented: __itt_task_end_ex
1531239 : 0xa781c6e622081 : 2 : ittapi_config_apply_per_lib :  ITTAPI function instrumented: __itt_task_begin_overlapped
1531239 : 0xa781c6e6227e9 : 2 : ittapi_config_apply_per_lib :  ITTAPI function not implemented: __itt_task_begin_overlapped_ex
1531239 : 0xa781c6e622eb7 : 2 : ittapi_config_apply_per_lib :  ITTAPI function instrumented: __itt_task_end_overlapped
1531239 : 0xa781c6e6235fb : 2 : ittapi_config_apply_per_lib :  ITTAPI function not implemented: __itt_task_end_overlapped_ex
1531239 : 0xa781c6e623cc3 : 2 : ittapi_config_apply_per_lib :  ITTAPI function not implemented: __itt_marker_ex
1531239 : 0xa781c6e624407 : 2 : ittapi_config_apply_per_lib :  ITTAPI function not implemented: __itt_metadata_add_with_scope
1531239 : 0xa781c6e624ba9 : 2 : ittapi_config_apply_per_lib :  ITTAPI function not implemented: __itt_metadata_str_add_with_scope
1531239 : 0xa781c6e6252c6 : 2 : ittapi_config_apply_per_lib :  ITTAPI function not implemented: __itt_relation_add_to_current_ex
1531239 : 0xa781c6e6259d9 : 2 : ittapi_config_apply_per_lib :  ITTAPI function not implemented: __itt_relation_add_ex
1531239 : 0xa781c6e627449 : 2 : ittapi_config_apply_per_lib :  ITTAPI function not implemented: __itt_track_group_create
1531239 : 0xa781c6e627b9b : 2 : ittapi_config_apply_per_lib :  ITTAPI function not implemented: __itt_track_create
1531239 : 0xa781c6e6282af : 2 : ittapi_config_apply_per_lib :  ITTAPI function not implemented: __itt_set_track
1531239 : 0xa781c6e628967 : 2 : ittapi_config_apply_per_lib :  ITTAPI function instrumented: __itt_api_version
1531239 : 0xa781c6e629088 : 2 : ittapi_config_apply_per_lib :  ITTAPI function not implemented: __itt_av_save
1531239 : 0xa781c6e629785 : 2 : ittapi_config_apply_per_lib :  ITTAPI function instrumented: __itt_module_load
1531239 : 0xa781c6e629ece : 2 : ittapi_config_apply_per_lib :  ITTAPI function not implemented: __itt_module_unload