
510324 : 0x9ef2fd388d407 : 1 : spill_jit_data :  Jit agent is not initialized
510308 : 0x9ef2fd388fecb : 2 : ittapi_config_mask_get :  --itt-config mask to be applied: 55
510308 : 0x9ef2fd3891a4b : 2 : ittapi_config_apply_per_lib :  ITTAPI function instrumented: __itt_domain_create
510308 : 0x9ef2fd3892422 : 2 : ittapi_config_apply_per_lib :  ITTAPI function instrumented: __itt_module_load_with_sections
510308 : 0x9ef2fd3893263 : 2 : ittapi_config_apply_per_lib :  ITTAPI function not implemented: __itt_module_unload_with_sections
510308 : 0x9ef2fd3893af5 : 2 : ittapi_config_apply_per_lib :  ITTAPI function instrumented: __itt_string_handle_create
510308 : 0x9ef2fd38941ec : 2 : ittapi_config_apply_per_lib :  ITTAPI function instrumented: __itt_counter_create
510308 : 0x9ef2fd3894831 : 2 : ittapi_config_apply_per_lib :  ITTAPI function instrumented: __itt_counter_create_typed
510308 : 0x9ef2fd38950ac : 2 : ittapi_config_apply_per_lib :  ITTAPI function instrumented: __itt_pause
510308 : 0x9ef2fd3895787 : 2 : ittapi_config_apply_per_lib :  ITTAPI function instrumented: __itt_resume
510308 : 0x9ef2fd389b5b9 : 2 : ittapi_config_apply_per_lib :  ITTAPI function instrumented: __itt_thread_set_name
510308 : 0x9ef2fd389be0a : 2 : ittapi_config_apply_per_lib :  ITTAPI function instrumented: __itt_thread_ignore
510308 : 0x9ef2fd389c50e : 2 : ittapi_config_apply_per_lib :  ITTAPI function instrumented: __itt_thr_name_set
510308 : 0x9ef2fd389cbd1 : 2 : ittapi_config_apply_per_lib :  ITTAPI function instrumented: __itt_thr_ignore
510308 : 0x9ef2fd389d6c9 : 2 : ittapi_config_apply_per_lib :  ITTAPI function not implemented: __itt_enable_attach
510308 : 0x9ef2fd389ddc8 : 2 : ittapi_config_apply_per_lib :  ITTAPI function instrumented: __itt_detach
510308 : 0x9ef2fd389e1ff : 2 : ittapi_config_apply_per_lib :  ITTAPI function NOT instrumented (not matched by --itt-config option): __itt_sync_create

510308 : 0x9ef2fd389e6bc : 2 : ittapi_config_apply_per_lib :  ITTAPI function NOT instrumented (not matched by --itt-config option): __itt_sync_rename

510308 : 0x9ef2fd389ea97 : 2 : ittapi_config_apply_per_lib :  ITTAPI function NOT instrumented (not matched by --itt-config option): __itt_sync_destroy

510308 : 0x9ef2fd389eeb3 : 2 : ittapi_config_apply_per_lib :  ITTAPI function NOT instrumented (not matched by --itt-config option): __itt_sync_prepare

510308 : 0x9ef2fd38a039d : 2 : ittapi_config_apply_per_lib :  ITTAPI function NOT instrumented (not matched by --itt-config option): __itt_sync_cancel

510308 : 0x9ef2fd38a0787 : 2 : ittapi_config_apply_per_lib :  ITTAPI function NOT instrumented (not matched by --itt-config option): __itt_sync_acquired

510308 : 0x9ef2fd38a0add : 2 : ittapi_config_apply_per_lib :  ITTAPI function NOT instrumented (not matched by --itt-config option): __itt_sync_releasing

510308 : 0x9ef2fd38a13ab : 2 : ittapi_config_apply_per_lib :  ITTAPI function not implemented: __itt_suppress_push
510308 : 0x9ef2fd38a1c1d : 2 : ittapi_config_apply_per_lib :  ITTAPI function not implemented: __itt_suppress_pop
510308 : 0x9ef2fd38a23a4 : 2 : ittapi_config_apply_per_lib :  ITTAPI function not implemented: __itt_suppress_mark_range
510308 : 0x9ef2fd38a2b62 : 2 : ittapi_config_apply_per_lib :  ITTAPI function not implemented: __itt_suppress_clear_range
510308 : 0x9ef2fd38a2ee8 : 2 : ittapi_config_apply_per_lib :  ITTAPI function NOT instrumented (not matched by --itt-config option): __itt_sync_prepare

510308 : 0x9ef2fd38a32c0 : 2 : ittapi_config_apply_per_lib :  ITTAPI function NOT instrumented (not matched by --itt-config option): __itt_sync_cancel

510308 : 0x9ef2fd38a363b : 2 : ittapi_config_apply_per_lib :  ITTAPI function NOT instrumented (not matched by --itt-config option): __itt_sync_acquired

510308 : 0x9ef2fd38a46d3 : 2 : ittapi_config_apply_per_lib :  ITTAPI function NOT instrumented (not matched by --itt-config option): __itt_sync_releasing

510308 : 0x9ef2fd38a4b07 : 2 : ittapi_config_apply_per_lib :  ITTAPI function NOT instrumented (not matched by --itt-config option): __itt_model_site_begin

510308 : 0x9ef2fd38a4ea3 : 2 : ittapi_config_apply_per_lib :  ITTAPI function NOT instrumented (not matched by --itt-config option): __itt_model_site_end

510308 : 0x9ef2fd38a5226 : 2 : ittapi_config_apply_per_lib :  ITTAPI function NOT instrumented (not matched by --itt-config option): __itt_model_task_begin

510308 : 0x9ef2fd38a55a4 : 2 : ittapi_config_apply_per_lib :  ITTAPI function NOT instrumented (not matched by --itt-config option): __itt_model_task_end

510308 : 0x9ef2fd38a5911 : 2 : ittapi_config_apply_per_lib :  ITTAPI function NOT instrumented (not matched by --itt-config option): __itt_model_lock_acquire

510308 : 0x9ef2fd38a5d13 : 2 : ittapi_config_apply_per_lib :  ITTAPI function NOT instrumented (not matched by --itt-config option): __itt_model_lock_release

510308 : 0x9ef2fd38a6083 : 2 : ittapi_config_apply_per_lib :  ITTAPI function NOT instrumented (not matched by --itt-config option): __itt_model_record_allocation

510308 : 0x9ef2fd38a63cd : 2 : ittapi_config_apply_per_lib :  ITTAPI function NOT instrumented (not matched by --itt-config option): __itt_model_record_deallocation

510308 : 0x9ef2fd38a66ff : 2 : ittapi_config_apply_per_lib :  ITTAPI function NOT instrumented (not matched by --itt-config option): __itt_model_induction_uses

510308 : 0x9ef2fd38a84b8 : 2 : ittapi_config_apply_per_lib :  ITTAPI function NOT instrumented (not matched by --itt-config option): __itt_model_reduction_uses

510308 : 0x9ef2fd38a88a4 : 2 : ittapi_config_apply_per_lib :  ITTAPI function NOT instrumented (not matched by --itt-config option): __itt_model_observe_uses

510308 : 0x9ef2fd38a8c3c : 2 : ittapi_config_apply_per_lib :  ITTAPI function NOT instrumented (not matched by --itt-config option): __itt_model_clear_uses

510308 : 0x9ef2fd38a9000 : 2 : ittapi_config_apply_per_lib :  ITTAPI function NOT instrumented (not matched by --itt-config option): __itt_model_site_beginA

510308 : 0x9ef2fd38a93ac : 2 : ittapi_config_apply_per_lib :  ITTAPI function NOT instrumented (not matched by --itt-config option): __itt_model_site_beginAL

510308 : 0x9ef2fd38a972a : 2 : ittapi_config_apply_per_lib :  ITTAPI function NOT instrumented (not matched by --itt-config option): __itt_model_task_beginA

510308 : 0x9ef2fd38a9a91 : 2 : ittapi_config_apply_per_lib :  ITTAPI function NOT instrumented (not matched by --itt-config option): __itt_model_task_beginAL

510308 : 0x9ef2fd38a9df4 : 2 : ittapi_config_apply_per_lib :  ITTAPI function NOT instrumented (not matched by --itt-config option): __itt_model_iteration_taskA

510308 : 0x9ef2fd38aa15a : 2 : ittapi_config_apply_per_lib :  ITTAPI function NOT instrumented (not matched by --itt-config option): __itt_model_iteration_taskAL

510308 : 0x9ef2fd38aa489 : 2 : ittapi_config_apply_per_lib :  ITTAPI function NOT instrumented (not matched by --itt-config option): __itt_model_site_end_2

510308 : 0x9ef2fd38ab5ad : 2 : ittapi_config_apply_per_lib :  ITTAPI function NOT instrumented (not matched by --itt-config option): __itt_model_task_end_2

510308 : 0x9ef2fd38ab90a : 2 : ittapi_config_apply_per_lib :  ITTAPI function NOT instrumented (not matched by --itt-config option): __itt_model_lock_acquire_2

510308 : 0x9ef2fd38abca9 : 2 : ittapi_config_apply_per_lib :  ITTAPI function NOT instrumented (not matched by --itt-config option): __itt_model_lock_release_2

510308 : 0x9ef2fd38ac01f : 2 : ittapi_config_apply_per_lib :  ITTAPI function NOT instrumented (not matched by --itt-config option): __itt_model_aggregate_task

510308 : 0x9ef2fd38ac387 : 2 : ittapi_config_apply_per_lib :  ITTAPI function NOT instrumented (not matched by --itt-config option): __itt_model_disable_push

510308 : 0x9ef2fd38ac6d0 : 2 : ittapi_config_apply_per_lib :  ITTAPI function NOT instrumented (not matched by --itt-config option): __itt_model_disable_pop

510308 : 0x9ef2fd38ace83 : 2 : ittapi_config_apply_per_lib :  ITTAPI function instrumented: __itt_heap_function_create
510308 : 0x9ef2fd38ad5be : 2 : ittapi_config_apply_per_lib :  ITTAPI function instrumented: __itt_heap_allocate_begin
510308 : 0x9ef2fd38adc4c : 2 : ittapi_config_apply_per_lib :  ITTAPI function instrumented: __itt_heap_allocate_end
510308 : 0x9ef2fd38ae3f7 : 2 : ittapi_config_apply_per_lib :  ITTAPI function instrumented: __itt_heap_free_begin
510308 : 0x9ef2fd38b045a : 2 : ittapi_config_apply_per_lib :  ITTAPI function instrumented: __itt_heap_free_end
510308 : 0x9ef2fd38b0b36 : 2 : ittapi_config_apply_per_lib :  ITTAPI function instrumented: __itt_heap_reallocate_begin
510308 : 0x9ef2fd38b1173 : 2 : ittapi_config_apply_per_lib :  ITTAPI function instrumented: __itt_heap_reallocate_end
510308 : 0x9ef2fd38b19a1 : 2 : ittapi_config_apply_per_lib :  ITTAPI function not implemented: __itt_heap_internal_access_begin
510308 : 0x9ef2fd38b2104 : 2 : ittapi_config_apply_per_lib :  ITTAPI function not implemented: __itt_heap_internal_access_end
510308 : 0x9ef2fd38b286b : 2 : ittapi_config_apply_per_lib :  ITTAPI function not implemented: __itt_heap_record_memory_growth_begin
510308 : 0x9ef2fd38b2fe5 : 2 : ittapi_config_apply_per_lib :  ITTAPI function not implemented: __itt_heap_record_memory_growth_end
510308 : 0x9ef2fd38b37b5 : 2 : ittapi_config_apply_per_lib :  ITTAPI function not implemented: __itt_heap_reset_detection
510308 : 0x9ef2fd38b3f53 : 2 : ittapi_config_apply_per_lib :  ITTAPI function not implemented: __itt_heap_record
510308 : 0x9ef2fd38b46b1 : 2 : ittapi_config_apply_per_lib :  ITTAPI function not implemented: __itt_id_create
510308 : 0x9ef2fd38b5bc0 : 2 : ittapi_config_apply_per_lib :  ITTAPI function not implemented: __itt_id_destroy
510308 : 0x9ef2fd38b62cc : 2 : ittapi_config_apply_per_lib :  ITTAPI function instrumented: __itt_get_timestamp
510308 : 0x9ef2fd38b69fc : 2 : ittapi_config_apply_per_lib :  ITTAPI function not implemented: __itt_region_begin
510308 : 0x9ef2fd38b7160 : 2 : ittapi_config_apply_per_lib :  ITTAPI function not implemented: __itt_region_end
510308 : 0x9ef2fd38b786d : 2 : ittapi_config_apply_per_lib :  ITTAPI function instrumented: __itt_frame_begin_v3
510308 : 0x9ef2fd38b7f83 : 2 : ittapi_config_apply_per_lib :  ITTAPI function instrumented: __itt_frame_end_v3
510308 : 0x9ef2fd38b8643 : 2 : ittapi_config_apply_per_lib :  ITTAPI function instrumented: __itt_frame_submit_v3
510308 : 0x9ef2fd38b8ddf : 2 : ittapi_config_apply_per_lib :  ITTAPI function not implemented: __itt_task_group
510308 : 0x9ef2fd38b950d : 2 : ittapi_config_apply_per_lib :  ITTAPI function instrumented: __itt_task_begin
510308 : 0x9ef2fd38b9bd6 : 2 : ittapi_config_apply_per_lib :  ITTAPI function instrumented: __itt_task_begin_fn
510308 : 0x9ef2fd38bb071 : 2 : ittapi_config_apply_per_lib :  ITTAPI function instrumented: __itt_task_end
510308 : 0x9ef2fd38bb8a2 : 2 : ittapi_config_apply_per_lib :  ITTAPI function not implemented: __itt_counter_inc_v3
510308 : 0x9ef2fd38bc05b : 2 : ittapi_config_apply_per_lib :  ITTAPI function not implemented: __itt_counter_inc_delta_v3
510308 : 0x9ef2fd38bc7ef : 2 : ittapi_config_apply_per_lib :  ITTAPI function not implemented: __itt_counter_dec_v3
510308 : 0x9ef2fd38bcf3a : 2 : ittapi_config_apply_per_lib :  ITTAPI function not implemented: __itt_counter_dec_delta_v3
510308 : 0x9ef2fd38bd684 : 2 : ittapi_config_apply_per_lib :  ITTAPI function not implemented: __itt_marker
510308 : 0x9ef2fd38bdd80 : 2 : ittapi_config_apply_per_lib :  ITTAPI function instrumented: __itt_metadata_add
510308 : 0x9ef2fd38be56a : 2 : ittapi_config_apply_per_lib :  ITTAPI function not implemented: __itt_metadata_str_add
510308 : 0x9ef2fd38bec7b : 2 : ittapi_config_apply_per_lib :  ITTAPI function not implemented: __itt_relation_add_to_current
510308 : 0x9ef2fd38bf3e2 : 2 : ittapi_config_apply_per_lib :  ITTAPI function not implemented: __itt_relation_add
510308 : 0x9ef2fd38c07a2 : 2 : ittapi_config_apply_per_lib :  ITTAPI function instrumented: __itt_event_create
510308 : 0x9ef2fd38c0edb : 2 : ittapi_config_apply_per_lib :  ITTAPI function instrumented: __itt_event_start
510308 : 0x9ef2fd38c174b : 2 : ittapi_config_apply_per_lib :  ITTAPI function instrumented: __itt_event_end
510308 : 0x9ef2fd38c1ad6 : 2 : ittapi_config_apply_per_lib :  ITTAPI function NOT instrumented (not matched by --itt-config option): __itt_sync_set_name

510308 : 0x9ef2fd38c1e8e : 2 : ittapi_config_apply_per_lib :  ITTAPI function NOT instrumented (not matched by --itt-config option): __itt_notify_sync_name

510308 : 0x9ef2fd38c220e : 2 : ittapi_config_apply_per_lib :  ITTAPI function NOT instrumented (not matched by --itt-config option): __itt_notify_sync_prepare

510308 : 0x9ef2fd38c2585 : 2 : ittapi_config_apply_per_lib :  ITTAPI function NOT instrumented (not matched by --itt-config option): __itt_notify_sync_cancel

510308 : 0x9ef2fd38c2907 : 2 : ittapi_config_apply_per_lib :  ITTAPI function NOT instrumented (not matched by --itt-config option): __itt_notify_sync_acquired

510308 : 0x9ef2fd38c2c8b : 2 : ittapi_config_apply_per_lib :  ITTAPI function NOT instrumented (not matched by --itt-config option): __itt_notify_sync_releasing

510308 : 0x9ef2fd38c3423 : 2 : ittapi_config_apply_per_lib :  ITTAPI function not implemented: __itt_memory_read
510308 : 0x9ef2fd38c507b : 2 : ittapi_config_apply_per_lib :  ITTAPI function not implemented: __itt_memory_write
510308 : 0x9ef2fd38c5798 : 2 : ittapi_config_apply_per_lib :  ITTAPI function not implemented: __itt_memory_update
510308 : 0x9ef2fd38c5ede : 2 : ittapi_config_apply_per_lib :  ITTAPI function not implemented: __itt_state_get
510308 : 0x9ef2fd38c65bd : 2 : ittapi_config_apply_per_lib :  ITTAPI function not implemented: __itt_state_set
510308 : 0x9ef2fd38c6d1c : 2 : ittapi_config_apply_per_lib :  ITTAPI function not implemented: __itt_obj_mode_set
510308 : 0x9ef2fd38c74a9 : 2 : ittapi_config_apply_per_lib :  ITTAPI function not implemented: __itt_thr_mode_set
510308 : 0x9ef2fd38c7b2f : 2 : ittapi_config_apply_per_lib :  ITTAPI function instrumented: __itt_frame_create
510308 : 0x9ef2fd38c81ce : 2 : ittapi_config_apply_per_lib :  ITTAPI function instrumented: __itt_pt_region_create
510308 : 0x9ef2fd38c885a : 2 : ittapi_config_apply_per_lib :  ITTAPI function instrumented: __itt_frame_begin
510308 : 0x9ef2fd38c8ed4 : 2 : ittapi_config_apply_per_lib :  ITTAPI function instrumented: __itt_frame_end
510308 : 0x9ef2fd38ca489 : 2 : ittapi_config_apply_per_lib :  ITTAPI function not implemented: __itt_counter_destroy
510308 : 0x9ef2fd38cab8b : 2 : ittapi_config_apply_per_lib :  ITTAPI function instrumented: __itt_counter_inc
510308 : 0x9ef2fd38cb267 : 2 : ittapi_config_apply_per_lib :  ITTAPI function instrumented: __itt_counter_inc_delta
510308 : 0x9ef2fd38cb8ce : 2 : ittapi_config_apply_per_lib :  ITTAPI function instrumented: __itt_counter_dec
510308 : 0x9ef2fd38cbf94 : 2 : ittapi_config_apply_per_lib :  ITTAPI function instrumented: __itt_counter_dec_delta
510308 : 0x9ef2fd38cc62c : 2 : ittapi_config_apply_per_lib :  ITTAPI function instrumented: __itt_counter_set_value
510308 : 0x9ef2fd38ccd3d : 2 : ittapi_config_apply_per_lib :  ITTAPI function not implemented: __itt_counter_set_value_ex
510308 : 0x9ef2fd38cd41a : 2 : ittapi_config_apply_per_lib :  ITTAPI function not implemented: __itt_mark_create
510308 : 0x9ef2fd38cdb35 : 2 : ittapi_config_apply_per_lib :  ITTAPI function not implemented: __itt_mark
510308 : 0x9ef2fd38ce29a : 2 : ittapi_config_apply_per_lib :  ITTAPI function not implemented: __itt_mark_off
510308 : 0x9ef2fd38cf785 : 2 : ittapi_config_apply_per_lib :  ITTAPI function not implemented: __itt_mark_global
510308 : 0x9ef2fd38cfea8 : 2 : ittapi_config_apply_per_lib :  ITTAPI function not implemented: __itt_mark_global_off
510308 : 0x9ef2fd38d05f8 : 2 : ittapi_config_apply_per_lib :  ITTAPI function instrumented: __itt_stack_caller_create
510308 : 0x9ef2fd38d0df7 : 2 : ittapi_config_apply_per_lib :  ITTAPI function instrumented: __itt_stack_caller_destroy
510308 : 0x9ef2fd38d150f : 2 : ittapi_config_apply_per_lib :  ITTAPI function instrumented: __itt_stack_callee_enter
510308 : 0x9ef2fd38d1bea : 2 : ittapi_config_apply_per_lib :  ITTAPI function instrumented: __itt_stack_callee_leave
510308 : 0x9ef2fd38d2336 : 2 : ittapi_config_apply_per_lib :  ITTAPI function not implemented: __itt_clock_domain_create
510308 : 0x9ef2fd38d2a5d : 2 : ittapi_config_apply_per_lib :  ITTAPI function not implemented: __itt_clock_domain_reset
510308 : 0x9ef2fd38d315e : 2 : ittapi_config_apply_per_lib :  ITTAPI function not implemented: __itt_id_create_ex
510308 : 0x9ef2fd38d389b : 2 : ittapi_config_apply_per_lib :  ITTAPI function not implemented: __itt_id_destroy_ex
510308 : 0x9ef2fd38d54f0 : 2 : ittapi_config_apply_per_lib :  ITTAPI function not implemented: __itt_task_begin_ex
510308 : 0x9ef2fd38d5c23 : 2 : ittapi_config_apply_per_lib :  ITTAPI function not implemented: __itt_task_begin_fn_ex
510308 : 0x9ef2fd38d635b : 2 : ittapi_config_apply_per_lib :  ITTAPI function not implemented: __itt_task_end_ex
510308 : 0x9ef2fd38d6a2e : 2 : ittapi_config_apply_per_lib :  ITTAPI function instrumented: __itt_task_begin_overlapped
510308 : 0x9ef2fd38d7144 : 2 : ittapi_config_apply_per_lib :  ITTAPI function not implemented: __itt_task_begin_overlapped_ex
510308 : 0x9ef2fd38d77e6 : 2 : ittapi_config_apply_per_lib :  ITTAPI function instrumented: __itt_task_end_overlapped
510308 : 0x9ef2fd38d7f00 : 2 : ittapi_config_apply_per_lib :  ITTAPI function not implemented: __itt_task_end_overlapped_ex
510308 : 0x9ef2fd38d85d3 : 2 : ittapi_config_apply_per_lib :  ITTAPI function not implemented: __itt_marker_ex
510308 : 0x9ef2fd38d8d5d : 2 : ittapi_config_apply_per_lib :  ITTAPI function not implemented: __itt_metadata_add_with_scope
510308 : 0x9ef2fd38d956d : 2 : ittapi_config_apply_per_lib :  ITTAPI function not implemented: __itt_metadata_str_add_with_scope
510308 : 0x9ef2fd38daad6 : 2 : ittapi_config_apply_per_lib :  ITTAPI function not implemented: __itt_relation_add_to_current_ex
510308 : 0x9ef2fd38db215 : 2 : ittapi_config_apply_per_lib :  ITTAPI function not implemented: __itt_relation_add_ex
510308 : 0x9ef2fd38db9f7 : 2 : ittapi_config_apply_per_lib :  ITTAPI function not implemented: __itt_track_group_create
510308 : 0x9ef2fd38dc0af : 2 : ittapi_config_apply_per_lib :  ITTAPI function not implemented: __itt_track_create
510308 : 0x9ef2fd38dc7b6 : 2 : ittapi_config_apply_per_lib :  ITTAPI function not implemented: __itt_set_track
510308 : 0x9ef2fd38dce73 : 2 : ittapi_config_apply_per_lib :  ITTAPI function instrumented: __itt_api_version
510308 : 0x9ef2fd38dd5ab : 2 : ittapi_config_apply_per_lib :  ITTAPI function not implemented: __itt_av_save
510308 : 0x9ef2fd38ddc5b : 2 : ittapi_config_apply_per_lib :  ITTAPI function instrumented: __itt_module_load
510308 : 0x9ef2fd38de41b : 2 : ittapi_config_apply_per_lib :  ITTAPI function not implemented: __itt_module_unload
510308 : 0x9ef2fd3925b3c : 2 : ittapi_config_mask_get :  --itt-config mask to be applied: 55
510308 : 0x9ef2fd3927c47 : 2 : ittapi_config_apply_per_lib :  ITTAPI function instrumented: __itt_domain_create
510308 : 0x9ef2fd392845b : 2 : ittapi_config_apply_per_lib :  ITTAPI function instrumented: __itt_module_load_with_sections
510308 : 0x9ef2fd3928d3d : 2 : ittapi_config_apply_per_lib :  ITTAPI function not implemented: __itt_module_unload_with_sections
510308 : 0x9ef2fd392946f : 2 : ittapi_config_apply_per_lib :  ITTAPI function instrumented: __itt_string_handle_create
510308 : 0x9ef2fd3929aff : 2 : ittapi_config_apply_per_lib :  ITTAPI function instrumented: __itt_counter_create
510308 : 0x9ef2fd392a13d : 2 : ittapi_config_apply_per_lib :  ITTAPI function instrumented: __itt_counter_create_typed
510308 : 0x9ef2fd392a88d : 2 : ittapi_config_apply_per_lib :  ITTAPI function instrumented: __itt_pause
510308 : 0x9ef2fd392af66 : 2 : ittapi_config_apply_per_lib :  ITTAPI function instrumented: __itt_resume
510308 : 0x9ef2fd392b5be : 2 : ittapi_config_apply_per_lib :  ITTAPI function instrumented: __itt_thread_set_name
510308 : 0x9ef2fd392bccb : 2 : ittapi_config_apply_per_lib :  ITTAPI function instrumented: __itt_thread_ignore
510308 : 0x9ef2fd392d153 : 2 : ittapi_config_apply_per_lib :  ITTAPI function instrumented: __itt_thr_name_set
510308 : 0x9ef2fd392d82a : 2 : ittapi_config_apply_per_lib :  ITTAPI function instrumented: __itt_thr_ignore
510308 : 0x9ef2fd392e096 : 2 : ittapi_config_apply_per_lib :  ITTAPI function not implemented: __itt_enable_attach
510308 : 0x9ef2fd392e792 : 2 : ittapi_config_apply_per_lib :  ITTAPI function instrumented: __itt_detach
510308 : 0x9ef2fd392eb55 : 2 : ittapi_config_apply_per_lib :  ITTAPI function NOT instrumented (not matched by --itt-config option): __itt_sync_create

510308 : 0x9ef2fd392ef43 : 2 : ittapi_config_apply_per_lib :  ITTAPI function NOT instrumented (not matched by --itt-config option): __itt_sync_rename

510308 : 0x9ef2fd392f2d7 : 2 : ittapi_config_apply_per_lib :  ITTAPI function NOT instrumented (not matched by --itt-config option): __itt_sync_destroy

510308 : 0x9ef2fd392f696 : 2 : ittapi_config_apply_per_lib :  ITTAPI function NOT instrumented (not matched by --itt-config option): __itt_sync_prepare

510308 : 0x9ef2fd392f9ef : 2 : ittapi_config_apply_per_lib :  ITTAPI function NOT instrumented (not matched by --itt-config option): __itt_sync_cancel

510308 : 0x9ef2fd392fd46 : 2 : ittapi_config_apply_per_lib :  ITTAPI function NOT instrumented (not matched by --itt-config option): __itt_sync_acquired

510308 : 0x9ef2fd393188a : 2 : ittapi_config_apply_per_lib :  ITTAPI function NOT instrumented (not matched by --itt-config option): __itt_sync_releasing

510308 : 0x9ef2fd393219c : 2 : ittapi_config_apply_per_lib :  ITTAPI function not implemented: __itt_suppress_push
510308 : 0x9ef2fd39329b5 : 2 : ittapi_config_apply_per_lib :  ITTAPI function not implemented: __itt_suppress_pop
510308 : 0x9ef2fd39330d8 : 2 : ittapi_config_apply_per_lib :  ITTAPI function not implemented: __itt_suppress_mark_range
510308 : 0x9ef2fd3933850 : 2 : ittapi_config_apply_per_lib :  ITTAPI function not implemented: __itt_suppress_clear_range
510308 : 0x9ef2fd3933bda : 2 : ittapi_config_apply_per_lib :  ITTAPI function NOT instrumented (not matched by --itt-config option): __itt_sync_prepare

510308 : 0x9ef2fd3933f59 : 2 : ittapi_config_apply_per_lib :  ITTAPI function NOT instrumented (not matched by --itt-config option): __itt_sync_cancel

510308 : 0x9ef2fd39342cc : 2 : ittapi_config_apply_per_lib :  ITTAPI function NOT instrumented (not matched by --itt-config option): __itt_sync_acquired

510308 : 0x9ef2fd3934638 : 2 : ittapi_config_apply_per_lib :  ITTAPI function NOT instrumented (not matched by --itt-config option): __itt_sync_releasing

510308 : 0x9ef2fd3934a1d : 2 : ittapi_config_apply_per_lib :  ITTAPI function NOT instrumented (not matched by --itt-config option): __itt_model_site_begin

510308 : 0x9ef2fd3935a82 : 2 : ittapi_config_apply_per_lib :  ITTAPI function NOT instrumented (not matched by --itt-config option): __itt_model_site_end

510308 : 0x9ef2fd3935e3b : 2 : ittapi_config_apply_per_lib :  ITTAPI function NOT instrumented (not matched by --itt-config option): __itt_model_task_begin

510308 : 0x9ef2fd39361ae : 2 : ittapi_config_apply_per_lib :  ITTAPI function NOT instrumented (not matched by --itt-config option): __itt_model_task_end

510308 : 0x9ef2fd3936514 : 2 : ittapi_config_apply_per_lib :  ITTAPI function NOT instrumented (not matched by --itt-config option): __itt_model_lock_acquire

510308 : 0x9ef2fd39368d0 : 2 : ittapi_config_apply_per_lib :  ITTAPI function NOT instrumented (not matched by --itt-config option): __itt_model_lock_release

510308 : 0x9ef2fd3936c1d : 2 : ittapi_config_apply_per_lib :  ITTAPI function NOT instrumented (not matched by --itt-config option): __itt_model_record_allocation

510308 : 0x9ef2fd3936f5c : 2 : ittapi_config_apply_per_lib :  ITTAPI function NOT instrumented (not matched by --itt-config option): __itt_model_record_deallocation

510308 : 0x9ef2fd39372d2 : 2 : ittapi_config_apply_per_lib :  ITTAPI function NOT instrumented (not matched by --itt-config option): __itt_model_induction_uses

510308 : 0x9ef2fd393765f : 2 : ittapi_config_apply_per_lib :  ITTAPI function NOT instrumented (not matched by --itt-config option): __itt_model_reduction_uses

510308 : 0x9ef2fd39379c8 : 2 : ittapi_config_apply_per_lib :  ITTAPI function NOT instrumented (not matched by --itt-config option): __itt_model_observe_uses

510308 : 0x9ef2fd3938a5f : 2 : ittapi_config_apply_per_lib :  ITTAPI function NOT instrumented (not matched by --itt-config option): __itt_model_clear_uses

510308 : 0x9ef2fd3938e19 : 2 : ittapi_config_apply_per_lib :  ITTAPI function NOT instrumented (not matched by --itt-config option): __itt_model_site_beginA

510308 : 0x9ef2fd393917b : 2 : ittapi_config_apply_per_lib :  ITTAPI function NOT instrumented (not matched by --itt-config option): __itt_model_site_beginAL

510308 : 0x9ef2fd39394f2 : 2 : ittapi_config_apply_per_lib :  ITTAPI function NOT instrumented (not matched by --itt-config option): __itt_model_task_beginA

510308 : 0x9ef2fd3939849 : 2 : ittapi_config_apply_per_lib :  ITTAPI function NOT instrumented (not matched by --itt-config option): __itt_model_task_beginAL

510308 : 0x9ef2fd3939bf3 : 2 : ittapi_config_apply_per_lib :  ITTAPI function NOT instrumented (not matched by --itt-config option): __itt_model_iteration_taskA

510308 : 0x9ef2fd3939f42 : 2 : ittapi_config_apply_per_lib :  ITTAPI function NOT instrumented (not matched by --itt-config option): __itt_model_iteration_taskAL

510308 : 0x9ef2fd393a26f : 2 : ittapi_config_apply_per_lib :  ITTAPI function NOT instrumented (not matched by --itt-config option): __itt_model_site_end_2

510308 : 0x9ef2fd393a5d4 : 2 : ittapi_config_apply_per_lib :  ITTAPI function NOT instrumented (not matched by --itt-config option): __itt_model_task_end_2

510308 : 0x9ef2fd393a941 : 2 : ittapi_config_apply_per_lib :  ITTAPI function NOT instrumented (not matched by --itt-config option): __itt_model_lock_acquire_2

510308 : 0x9ef2fd393c029 : 2 : ittapi_config_apply_per_lib :  ITTAPI function NOT instrumented (not matched by --itt-config option): __itt_model_lock_release_2

510308 : 0x9ef2fd393c3d0 : 2 : ittapi_config_apply_per_lib :  ITTAPI function NOT instrumented (not matched by --itt-config option): __itt_model_aggregate_task

510308 : 0x9ef2fd393c730 : 2 : ittapi_config_apply_per_lib :  ITTAPI function NOT instrumented (not matched by --itt-config option): __itt_model_disable_push

510308 : 0x9ef2fd393cab2 : 2 : ittapi_config_apply_per_lib :  ITTAPI function NOT instrumented (not matched by --itt-config option): __itt_model_disable_pop

510308 : 0x9ef2fd393d1d2 : 2 : ittapi_config_apply_per_lib :  ITTAPI function instrumented: __itt_heap_function_create
510308 : 0x9ef2fd393d8db : 2 : ittapi_config_apply_per_lib :  ITTAPI function instrumented: __itt_heap_allocate_begin
510308 : 0x9ef2fd393df6a : 2 : ittapi_config_apply_per_lib :  ITTAPI function instrumented: __itt_heap_allocate_end
510308 : 0x9ef2fd393e665 : 2 : ittapi_config_apply_per_lib :  ITTAPI function instrumented: __itt_heap_free_begin
510308 : 0x9ef2fd393ecb4 : 2 : ittapi_config_apply_per_lib :  ITTAPI function instrumented: __itt_heap_free_end
510308 : 0x9ef2fd393f356 : 2 : ittapi_config_apply_per_lib :  ITTAPI function instrumented: __itt_heap_reallocate_begin
510308 : 0x9ef2fd3940773 : 2 : ittapi_config_apply_per_lib :  ITTAPI function instrumented: __itt_heap_reallocate_end
510308 : 0x9ef2fd3940f89 : 2 : ittapi_config_apply_per_lib :  ITTAPI function not implemented: __itt_heap_internal_access_begin
510308 : 0x9ef2fd39416f0 : 2 : ittapi_config_apply_per_lib :  ITTAPI function not implemented: __itt_heap_internal_access_end
510308 : 0x9ef2fd3941e73 : 2 : ittapi_config_apply_per_lib :  ITTAPI function not implemented: __itt_heap_record_memory_growth_begin
510308 : 0x9ef2fd39425d8 : 2 : ittapi_config_apply_per_lib :  ITTAPI function not implemented: __itt_heap_record_memory_growth_end
510308 : 0x9ef2fd3942d17 : 2 : ittapi_config_apply_per_lib :  ITTAPI function not implemented: __itt_heap_reset_detection
510308 : 0x9ef2fd394347f : 2 : ittapi_config_apply_per_lib :  ITTAPI function not implemented: __itt_heap_record
510308 : 0x9ef2fd3943bbb : 2 : ittapi_config_apply_per_lib :  ITTAPI function not implemented: __itt_id_create
510308 : 0x9ef2fd3944334 : 2 : ittapi_config_apply_per_lib :  ITTAPI function not implemented: __itt_id_destroy
510308 : 0x9ef2fd39449a5 : 2 : ittapi_config_apply_per_lib :  ITTAPI function instrumented: __itt_get_timestamp
510308 : 0x9ef2fd3945e5e : 2 : ittapi_config_apply_per_lib :  ITTAPI function not implemented: __itt_region_begin
510308 : 0x9ef2fd3946601 : 2 : ittapi_config_apply_per_lib :  ITTAPI function not implemented: __itt_region_end
510308 : 0x9ef2fd3946ca4 : 2 : ittapi_config_apply_per_lib :  ITTAPI function instrumented: __itt_frame_begin_v3
510308 : 0x9ef2fd394738c : 2 : ittapi_config_apply_per_lib :  ITTAPI function instrumented: __itt_frame_end_v3
510308 : 0x9ef2fd3947a6a : 2 : ittapi_config_apply_per_lib :  ITTAPI function instrumented: __itt_frame_submit_v3
510308 : 0x9ef2fd39481e9 : 2 : ittapi_config_apply_per_lib :  ITTAPI function not implemented: __itt_task_group
510308 : 0x9ef2fd394894a : 2 : ittapi_config_apply_per_lib :  ITTAPI function instrumented: __itt_task_begin
510308 : 0x9ef2fd3948ff5 : 2 : ittapi_config_apply_per_lib :  ITTAPI function instrumented: __itt_task_begin_fn
510308 : 0x9ef2fd39496aa : 2 : ittapi_config_apply_per_lib :  ITTAPI function instrumented: __itt_task_end
510308 : 0x9ef2fd3949e42 : 2 : ittapi_config_apply_per_lib :  ITTAPI function not implemented: __itt_counter_inc_v3
510308 : 0x9ef2fd394d388 : 2 : ittapi_config_apply_per_lib :  ITTAPI function not implemented: __itt_counter_inc_delta_v3
510308 : 0x9ef2fd394db7f : 2 : ittapi_config_apply_per_lib :  ITTAPI function not implemented: __itt_counter_dec_v3
510308 : 0x9ef2fd394e2b0 : 2 : ittapi_config_apply_per_lib :  ITTAPI function not implemented: __itt_counter_dec_delta_v3
510308 : 0x9ef2fd394e9ce : 2 : ittapi_config_apply_per_lib :  ITTAPI function not implemented: __itt_marker
510308 : 0x9ef2fd394f0c8 : 2 : ittapi_config_apply_per_lib :  ITTAPI function instrumented: __itt_metadata_add
510308 : 0x9ef2fd394f830 : 2 : ittapi_config_apply_per_lib :  ITTAPI function not implemented: __itt_metadata_str_add
510308 : 0x9ef2fd394ff49 : 2 : ittapi_config_apply_per_lib :  ITTAPI function not implemented: __itt_relation_add_to_current
510308 : 0x9ef2fd3950664 : 2 : ittapi_config_apply_per_lib :  ITTAPI function not implemented: __itt_relation_add
510308 : 0x9ef2fd3950cd6 : 2 : ittapi_config_apply_per_lib :  ITTAPI function instrumented: __itt_event_create
510308 : 0x9ef2fd39513a4 : 2 : ittapi_config_apply_per_lib :  ITTAPI function instrumented: __itt_event_start
510308 : 0x9ef2fd3953160 : 2 : ittapi_config_apply_per_lib :  ITTAPI function instrumented: __itt_event_end
510308 : 0x9ef2fd3953504 : 2 : ittapi_config_apply_per_lib :  ITTAPI function NOT instrumented (not matched by --itt-config option): __itt_sync_set_name

510308 : 0x9ef2fd39538a9 : 2 : ittapi_config_apply_per_lib :  ITTAPI function NOT instrumented (not matched by --itt-config option): __itt_notify_sync_name

510308 : 0x9ef2fd3953c75 : 2 : ittapi_config_apply_per_lib :  ITTAPI function NOT instrumented (not matched by --itt-config option): __itt_notify_sync_prepare

510308 : 0x9ef2fd3953ffb : 2 : ittapi_config_apply_per_lib :  ITTAPI function NOT instrumented (not matched by --itt-config option): __itt_notify_sync_cancel

510308 : 0x9ef2fd3954362 : 2 : ittapi_config_apply_per_lib :  ITTAPI function NOT instrumented (not matched by --itt-config option): __itt_notify_sync_acquired

510308 : 0x9ef2fd39546c1 : 2 : ittapi_config_apply_per_lib :  ITTAPI function NOT instrumented (not matched by --itt-config option): __itt_notify_sync_releasing

510308 : 0x9ef2fd3954df7 : 2 : ittapi_config_apply_per_lib :  ITTAPI function not implemented: __itt_memory_read
510308 : 0x9ef2fd3955566 : 2 : ittapi_config_apply_per_lib :  ITTAPI function not implemented: __itt_memory_write
510308 : 0x9ef2fd3955c3c : 2 : ittapi_config_apply_per_lib :  ITTAPI function not implemented: __itt_memory_update
510308 : 0x9ef2fd395715a : 2 : ittapi_config_apply_per_lib :  ITTAPI function not implemented: __itt_state_get
510308 : 0x9ef2fd395787b : 2 : ittapi_config_apply_per_lib :  ITTAPI function not implemented: __itt_state_set
510308 : 0x9ef2fd3957fdc : 2 : ittapi_config_apply_per_lib :  ITTAPI function not implemented: __itt_obj_mode_set
510308 : 0x9ef2fd395870d : 2 : ittapi_config_apply_per_lib :  ITTAPI function not implemented: __itt_thr_mode_set
510308 : 0x9ef2fd3958d7b : 2 : ittapi_config_apply_per_lib :  ITTAPI function instrumented: __itt_frame_create
510308 : 0x9ef2fd39593ca : 2 : ittapi_config_apply_per_lib :  ITTAPI function instrumented: __itt_pt_region_create
510308 : 0x9ef2fd3959a48 : 2 : ittapi_config_apply_per_lib :  ITTAPI function instrumented: __itt_frame_begin
510308 : 0x9ef2fd395a122 : 2 : ittapi_config_apply_per_lib :  ITTAPI function instrumented: __itt_frame_end
510308 : 0x9ef2fd395a936 : 2 : ittapi_config_apply_per_lib :  ITTAPI function not implemented: __itt_counter_destroy
510308 : 0x9ef2fd395b02c : 2 : ittapi_config_apply_per_lib :  ITTAPI function instrumented: __itt_counter_inc
510308 : 0x9ef2fd395ccdd : 2 : ittapi_config_apply_per_lib :  ITTAPI function instrumented: __itt_counter_inc_delta
510308 : 0x9ef2fd395d3a9 : 2 : ittapi_config_apply_per_lib :  ITTAPI function instrumented: __itt_counter_dec
510308 : 0x9ef2fd395da81 : 2 : ittapi_config_apply_per_lib :  ITTAPI function instrumented: __itt_counter_dec_delta
510308 : 0x9ef2fd395e12e : 2 : ittapi_config_apply_per_lib :  ITTAPI function instrumented: __itt_counter_set_value
510308 : 0x9ef2fd395e8cb : 2 : ittapi_config_apply_per_lib :  ITTAPI function not implemented: __itt_counter_set_value_ex
510308 : 0x9ef2fd395efaf : 2 : ittapi_config_apply_per_lib :  ITTAPI function not implemented: __itt_mark_create
510308 : 0x9ef2fd395f793 : 2 : ittapi_config_apply_per_lib :  ITTAPI function not implemented: __itt_mark
510308 : 0x9ef2fd395ff34 : 2 : ittapi_config_apply_per_lib :  ITTAPI function not implemented: __itt_mark_off
510308 : 0x9ef2fd3960621 : 2 : ittapi_config_apply_per_lib :  ITTAPI function not implemented: __itt_mark_global
510308 : 0x9ef2fd3960d78 : 2 : ittapi_config_apply_per_lib :  ITTAPI function not implemented: __itt_mark_global_off
510308 : 0x9ef2fd3962225 : 2 : ittapi_config_apply_per_lib :  ITTAPI function instrumented: __itt_stack_caller_create
510308 : 0x9ef2fd3962972 : 2 : ittapi_config_apply_per_lib :  ITTAPI function instrumented: __itt_stack_caller_destroy
510308 : 0x9ef2fd3963046 : 2 : ittapi_config_apply_per_lib :  ITTAPI function instrumented: __itt_stack_callee_enter
510308 : 0x9ef2fd39636c7 : 2 : ittapi_config_apply_per_lib :  ITTAPI function instrumented: __itt_stack_callee_leave
510308 : 0x9ef2fd3963e1a : 2 : ittapi_config_apply_per_lib :  ITTAPI function not implemented: __itt_clock_domain_create
510308 : 0x9ef2fd396457d : 2 : ittapi_config_apply_per_lib :  ITTAPI function not implemented: __itt_clock_domain_reset
510308 : 0x9ef2fd3964c98 : 2 : ittapi_config_apply_per_lib :  ITTAPI function not implemented: __itt_id_create_ex
510308 : 0x9ef2fd39653e9 : 2 : ittapi_config_apply_per_lib :  ITTAPI function not implemented: __itt_id_destroy_ex
510308 : 0x9ef2fd3965b03 : 2 : ittapi_config_apply_per_lib :  ITTAPI function not implemented: __itt_task_begin_ex
510308 : 0x9ef2fd39661f5 : 2 : ittapi_config_apply_per_lib :  ITTAPI function not implemented: __itt_task_begin_fn_ex
510308 : 0x9ef2fd3967684 : 2 : ittapi_config_apply_per_lib :  ITTAPI function not implemented: __itt_task_end_ex
510308 : 0x9ef2fd3967d32 : 2 : ittapi_config_apply_per_lib :  ITTAPI function instrumented: __itt_task_begin_overlapped
510308 : 0x9ef2fd39684bd : 2 : ittapi_config_apply_per_lib :  ITTAPI function not implemented: __itt_task_begin_overlapped_ex
510308 : 0x9ef2fd3968b85 : 2 : ittapi_config_apply_per_lib :  ITTAPI function instrumented: __itt_task_end_overlapped
510308 : 0x9ef2fd39692b0 : 2 : ittapi_config_apply_per_lib :  ITTAPI function not implemented: __itt_task_end_overlapped_ex
510308 : 0x9ef2fd3969993 : 2 : ittapi_config_apply_per_lib :  ITTAPI function not implemented: __itt_marker_ex
510308 : 0x9ef2fd396a0f7 : 2 : ittapi_config_apply_per_lib :  ITTAPI function not implemented: __itt_metadata_add_with_scope
510308 : 0x9ef2fd396a896 : 2 : ittapi_config_apply_per_lib :  ITTAPI function not implemented: __itt_metadata_str_add_with_scope
510308 : 0x9ef2fd396afc9 : 2 : ittapi_config_apply_per_lib :  ITTAPI function not implemented: __itt_relation_add_to_current_ex
510308 : 0x9ef2fd396b6e9 : 2 : ittapi_config_apply_per_lib :  ITTAPI function not implemented: __itt_relation_add_ex
510308 : 0x9ef2fd396d30c : 2 : ittapi_config_apply_per_lib :  ITTAPI function not implemented: __itt_track_group_create
510308 : 0x9ef2fd396d9f1 : 2 : ittapi_config_apply_per_lib :  ITTAPI function not implemented: __itt_track_create
510308 : 0x9ef2fd396e139 : 2 : ittapi_config_apply_per_lib :  ITTAPI function not implemented: __itt_set_track
510308 : 0x9ef2fd396e7df : 2 : ittapi_config_apply_per_lib :  ITTAPI function instrumented: __itt_api_version
510308 : 0x9ef2fd396eefc : 2 : ittapi_config_apply_per_lib :  ITTAPI function not implemented: __itt_av_save
510308 : 0x9ef2fd396f5b5 : 2 : ittapi_config_apply_per_lib :  ITTAPI function instrumented: __itt_module_load
510308 : 0x9ef2fd396fd06 : 2 : ittapi_config_apply_per_lib :  ITTAPI function not implemented: __itt_module_unload