
1530938 : 0xa78129efabb76 : 1 : spill_jit_data :  Jit agent is not initialized
1530922 : 0xa78129efae683 : 2 : ittapi_config_mask_get :  --itt-config mask to be applied: 55
1530922 : 0xa78129efb01b9 : 2 : ittapi_config_apply_per_lib :  ITTAPI function instrumented: __itt_domain_create
1530922 : 0xa78129efb0b12 : 2 : ittapi_config_apply_per_lib :  ITTAPI function instrumented: __itt_module_load_with_sections
1530922 : 0xa78129efb175c : 2 : ittapi_config_apply_per_lib :  ITTAPI function not implemented: __itt_module_unload_with_sections
1530922 : 0xa78129efb1fef : 2 : ittapi_config_apply_per_lib :  ITTAPI function instrumented: __itt_string_handle_create
1530922 : 0xa78129efb2738 : 2 : ittapi_config_apply_per_lib :  ITTAPI function instrumented: __itt_counter_create
1530922 : 0xa78129efb2d90 : 2 : ittapi_config_apply_per_lib :  ITTAPI function instrumented: __itt_counter_create_typed
1530922 : 0xa78129efb35e7 : 2 : ittapi_config_apply_per_lib :  ITTAPI function instrumented: __itt_pause
1530922 : 0xa78129efb3c8c : 2 : ittapi_config_apply_per_lib :  ITTAPI function instrumented: __itt_resume
1530922 : 0xa78129efb9985 : 2 : ittapi_config_apply_per_lib :  ITTAPI function instrumented: __itt_thread_set_name
1530922 : 0xa78129efba161 : 2 : ittapi_config_apply_per_lib :  ITTAPI function instrumented: __itt_thread_ignore
1530922 : 0xa78129efba866 : 2 : ittapi_config_apply_per_lib :  ITTAPI function instrumented: __itt_thr_name_set
1530922 : 0xa78129efbaf1f : 2 : ittapi_config_apply_per_lib :  ITTAPI function instrumented: __itt_thr_ignore
1530922 : 0xa78129efbb913 : 2 : ittapi_config_apply_per_lib :  ITTAPI function not implemented: __itt_enable_attach
1530922 : 0xa78129efbc06f : 2 : ittapi_config_apply_per_lib :  ITTAPI function instrumented: __itt_detach
1530922 : 0xa78129efbc43c : 2 : ittapi_config_apply_per_lib :  ITTAPI function NOT instrumented (not matched by --itt-config option): __itt_sync_create

1530922 : 0xa78129efbc8ee : 2 : ittapi_config_apply_per_lib :  ITTAPI function NOT instrumented (not matched by --itt-config option): __itt_sync_rename

1530922 : 0xa78129efbcca4 : 2 : ittapi_config_apply_per_lib :  ITTAPI function NOT instrumented (not matched by --itt-config option): __itt_sync_destroy

1530922 : 0xa78129efbd093 : 2 : ittapi_config_apply_per_lib :  ITTAPI function NOT instrumented (not matched by --itt-config option): __itt_sync_prepare

1530922 : 0xa78129efbe4ea : 2 : ittapi_config_apply_per_lib :  ITTAPI function NOT instrumented (not matched by --itt-config option): __itt_sync_cancel

1530922 : 0xa78129efbe909 : 2 : ittapi_config_apply_per_lib :  ITTAPI function NOT instrumented (not matched by --itt-config option): __itt_sync_acquired

1530922 : 0xa78129efbec5a : 2 : ittapi_config_apply_per_lib :  ITTAPI function NOT instrumented (not matched by --itt-config option): __itt_sync_releasing

1530922 : 0xa78129efbf52e : 2 : ittapi_config_apply_per_lib :  ITTAPI function not implemented: __itt_suppress_push
1530922 : 0xa78129efbfeae : 2 : ittapi_config_apply_per_lib :  ITTAPI function not implemented: __itt_suppress_pop
1530922 : 0xa78129efc06bc : 2 : ittapi_config_apply_per_lib :  ITTAPI function not implemented: __itt_suppress_mark_range
1530922 : 0xa78129efc0ee2 : 2 : ittapi_config_apply_per_lib :  ITTAPI function not implemented: __itt_suppress_clear_range
1530922 : 0xa78129efc12ce : 2 : ittapi_config_apply_per_lib :  ITTAPI function NOT instrumented (not matched by --itt-config option): __itt_sync_prepare

1530922 : 0xa78129efc169d : 2 : ittapi_config_apply_per_lib :  ITTAPI function NOT instrumented (not matched by --itt-config option): __itt_sync_cancel

1530922 : 0xa78129efc19fd : 2 : ittapi_config_apply_per_lib :  ITTAPI function NOT instrumented (not matched by --itt-config option): __itt_sync_acquired

1530922 : 0xa78129efc2a95 : 2 : ittapi_config_apply_per_lib :  ITTAPI function NOT instrumented (not matched by --itt-config option): __itt_sync_releasing

1530922 : 0xa78129efc2ed5 : 2 : ittapi_config_apply_per_lib :  ITTAPI function NOT instrumented (not matched by --itt-config option): __itt_model_site_begin

1530922 : 0xa78129efc3287 : 2 : ittapi_config_apply_per_lib :  ITTAPI function NOT instrumented (not matched by --itt-config option): __itt_model_site_end

1530922 : 0xa78129efc3608 : 2 : ittapi_config_apply_per_lib :  ITTAPI function NOT instrumented (not matched by --itt-config option): __itt_model_task_begin

1530922 : 0xa78129efc3982 : 2 : ittapi_config_apply_per_lib :  ITTAPI function NOT instrumented (not matched by --itt-config option): __itt_model_task_end

1530922 : 0xa78129efc3d12 : 2 : ittapi_config_apply_per_lib :  ITTAPI function NOT instrumented (not matched by --itt-config option): __itt_model_lock_acquire

1530922 : 0xa78129efc40f8 : 2 : ittapi_config_apply_per_lib :  ITTAPI function NOT instrumented (not matched by --itt-config option): __itt_model_lock_release

1530922 : 0xa78129efc4477 : 2 : ittapi_config_apply_per_lib :  ITTAPI function NOT instrumented (not matched by --itt-config option): __itt_model_record_allocation

1530922 : 0xa78129efc47c1 : 2 : ittapi_config_apply_per_lib :  ITTAPI function NOT instrumented (not matched by --itt-config option): __itt_model_record_deallocation

1530922 : 0xa78129efc4b04 : 2 : ittapi_config_apply_per_lib :  ITTAPI function NOT instrumented (not matched by --itt-config option): __itt_model_induction_uses

1530922 : 0xa78129efc6838 : 2 : ittapi_config_apply_per_lib :  ITTAPI function NOT instrumented (not matched by --itt-config option): __itt_model_reduction_uses

1530922 : 0xa78129efc6c0d : 2 : ittapi_config_apply_per_lib :  ITTAPI function NOT instrumented (not matched by --itt-config option): __itt_model_observe_uses

1530922 : 0xa78129efc6fc8 : 2 : ittapi_config_apply_per_lib :  ITTAPI function NOT instrumented (not matched by --itt-config option): __itt_model_clear_uses

1530922 : 0xa78129efc736a : 2 : ittapi_config_apply_per_lib :  ITTAPI function NOT instrumented (not matched by --itt-config option): __itt_model_site_beginA

1530922 : 0xa78129efc7725 : 2 : ittapi_config_apply_per_lib :  ITTAPI function NOT instrumented (not matched by --itt-config option): __itt_model_site_beginAL

1530922 : 0xa78129efc7a99 : 2 : ittapi_config_apply_per_lib :  ITTAPI function NOT instrumented (not matched by --itt-config option): __itt_model_task_beginA

1530922 : 0xa78129efc7e04 : 2 : ittapi_config_apply_per_lib :  ITTAPI function NOT instrumented (not matched by --itt-config option): __itt_model_task_beginAL

1530922 : 0xa78129efc817f : 2 : ittapi_config_apply_per_lib :  ITTAPI function NOT instrumented (not matched by --itt-config option): __itt_model_iteration_taskA

1530922 : 0xa78129efc84d0 : 2 : ittapi_config_apply_per_lib :  ITTAPI function NOT instrumented (not matched by --itt-config option): __itt_model_iteration_taskAL

1530922 : 0xa78129efc8809 : 2 : ittapi_config_apply_per_lib :  ITTAPI function NOT instrumented (not matched by --itt-config option): __itt_model_site_end_2

1530922 : 0xa78129efc976e : 2 : ittapi_config_apply_per_lib :  ITTAPI function NOT instrumented (not matched by --itt-config option): __itt_model_task_end_2

1530922 : 0xa78129efc9ae2 : 2 : ittapi_config_apply_per_lib :  ITTAPI function NOT instrumented (not matched by --itt-config option): __itt_model_lock_acquire_2

1530922 : 0xa78129efc9eb7 : 2 : ittapi_config_apply_per_lib :  ITTAPI function NOT instrumented (not matched by --itt-config option): __itt_model_lock_release_2

1530922 : 0xa78129efca245 : 2 : ittapi_config_apply_per_lib :  ITTAPI function NOT instrumented (not matched by --itt-config option): __itt_model_aggregate_task

1530922 : 0xa78129efca5ba : 2 : ittapi_config_apply_per_lib :  ITTAPI function NOT instrumented (not matched by --itt-config option): __itt_model_disable_push

1530922 : 0xa78129efca90f : 2 : ittapi_config_apply_per_lib :  ITTAPI function NOT instrumented (not matched by --itt-config option): __itt_model_disable_pop

1530922 : 0xa78129efcb071 : 2 : ittapi_config_apply_per_lib :  ITTAPI function instrumented: __itt_heap_function_create
1530922 : 0xa78129efcb7e1 : 2 : ittapi_config_apply_per_lib :  ITTAPI function instrumented: __itt_heap_allocate_begin
1530922 : 0xa78129efcbea7 : 2 : ittapi_config_apply_per_lib :  ITTAPI function instrumented: __itt_heap_allocate_end
1530922 : 0xa78129efcc644 : 2 : ittapi_config_apply_per_lib :  ITTAPI function instrumented: __itt_heap_free_begin
1530922 : 0xa78129efce3e1 : 2 : ittapi_config_apply_per_lib :  ITTAPI function instrumented: __itt_heap_free_end
1530922 : 0xa78129efceb6b : 2 : ittapi_config_apply_per_lib :  ITTAPI function instrumented: __itt_heap_reallocate_begin
1530922 : 0xa78129efcf211 : 2 : ittapi_config_apply_per_lib :  ITTAPI function instrumented: __itt_heap_reallocate_end
1530922 : 0xa78129efcfa9d : 2 : ittapi_config_apply_per_lib :  ITTAPI function not implemented: __itt_heap_internal_access_begin
1530922 : 0xa78129efd025e : 2 : ittapi_config_apply_per_lib :  ITTAPI function not implemented: __itt_heap_internal_access_end
1530922 : 0xa78129efd0aa6 : 2 : ittapi_config_apply_per_lib :  ITTAPI function not implemented: __itt_heap_record_memory_growth_begin
1530922 : 0xa78129efd1295 : 2 : ittapi_config_apply_per_lib :  ITTAPI function not implemented: __itt_heap_record_memory_growth_end
1530922 : 0xa78129efd1ad7 : 2 : ittapi_config_apply_per_lib :  ITTAPI function not implemented: __itt_heap_reset_detection
1530922 : 0xa78129efd2368 : 2 : ittapi_config_apply_per_lib :  ITTAPI function not implemented: __itt_heap_record
1530922 : 0xa78129efd2b45 : 2 : ittapi_config_apply_per_lib :  ITTAPI function not implemented: __itt_id_create
1530922 : 0xa78129efd4018 : 2 : ittapi_config_apply_per_lib :  ITTAPI function not implemented: __itt_id_destroy
1530922 : 0xa78129efd47f5 : 2 : ittapi_config_apply_per_lib :  ITTAPI function instrumented: __itt_get_timestamp
1530922 : 0xa78129efd4f62 : 2 : ittapi_config_apply_per_lib :  ITTAPI function not implemented: __itt_region_begin
1530922 : 0xa78129efd5789 : 2 : ittapi_config_apply_per_lib :  ITTAPI function not implemented: __itt_region_end
1530922 : 0xa78129efd5f1d : 2 : ittapi_config_apply_per_lib :  ITTAPI function instrumented: __itt_frame_begin_v3
1530922 : 0xa78129efd66cf : 2 : ittapi_config_apply_per_lib :  ITTAPI function instrumented: __itt_frame_end_v3
1530922 : 0xa78129efd6db2 : 2 : ittapi_config_apply_per_lib :  ITTAPI function instrumented: __itt_frame_submit_v3
1530922 : 0xa78129efd7567 : 2 : ittapi_config_apply_per_lib :  ITTAPI function not implemented: __itt_task_group
1530922 : 0xa78129efd7d54 : 2 : ittapi_config_apply_per_lib :  ITTAPI function instrumented: __itt_task_begin
1530922 : 0xa78129efd8480 : 2 : ittapi_config_apply_per_lib :  ITTAPI function instrumented: __itt_task_begin_fn
1530922 : 0xa78129efd97f9 : 2 : ittapi_config_apply_per_lib :  ITTAPI function instrumented: __itt_task_end
1530922 : 0xa78129efda052 : 2 : ittapi_config_apply_per_lib :  ITTAPI function not implemented: __itt_counter_inc_v3
1530922 : 0xa78129efda890 : 2 : ittapi_config_apply_per_lib :  ITTAPI function not implemented: __itt_counter_inc_delta_v3
1530922 : 0xa78129efdb081 : 2 : ittapi_config_apply_per_lib :  ITTAPI function not implemented: __itt_counter_dec_v3
1530922 : 0xa78129efdb80d : 2 : ittapi_config_apply_per_lib :  ITTAPI function not implemented: __itt_counter_dec_delta_v3
1530922 : 0xa78129efdbffc : 2 : ittapi_config_apply_per_lib :  ITTAPI function not implemented: __itt_marker
1530922 : 0xa78129efdc6f1 : 2 : ittapi_config_apply_per_lib :  ITTAPI function instrumented: __itt_metadata_add
1530922 : 0xa78129efdceb6 : 2 : ittapi_config_apply_per_lib :  ITTAPI function not implemented: __itt_metadata_str_add
1530922 : 0xa78129efdd621 : 2 : ittapi_config_apply_per_lib :  ITTAPI function not implemented: __itt_relation_add_to_current
1530922 : 0xa78129efddd88 : 2 : ittapi_config_apply_per_lib :  ITTAPI function not implemented: __itt_relation_add
1530922 : 0xa78129efdf0b2 : 2 : ittapi_config_apply_per_lib :  ITTAPI function instrumented: __itt_event_create
1530922 : 0xa78129efdf82a : 2 : ittapi_config_apply_per_lib :  ITTAPI function instrumented: __itt_event_start
1530922 : 0xa78129efdff11 : 2 : ittapi_config_apply_per_lib :  ITTAPI function instrumented: __itt_event_end
1530922 : 0xa78129efe02ac : 2 : ittapi_config_apply_per_lib :  ITTAPI function NOT instrumented (not matched by --itt-config option): __itt_sync_set_name

1530922 : 0xa78129efe0673 : 2 : ittapi_config_apply_per_lib :  ITTAPI function NOT instrumented (not matched by --itt-config option): __itt_notify_sync_name

1530922 : 0xa78129efe0a04 : 2 : ittapi_config_apply_per_lib :  ITTAPI function NOT instrumented (not matched by --itt-config option): __itt_notify_sync_prepare

1530922 : 0xa78129efe0dc0 : 2 : ittapi_config_apply_per_lib :  ITTAPI function NOT instrumented (not matched by --itt-config option): __itt_notify_sync_cancel

1530922 : 0xa78129efe113f : 2 : ittapi_config_apply_per_lib :  ITTAPI function NOT instrumented (not matched by --itt-config option): __itt_notify_sync_acquired

1530922 : 0xa78129efe1498 : 2 : ittapi_config_apply_per_lib :  ITTAPI function NOT instrumented (not matched by --itt-config option): __itt_notify_sync_releasing

1530922 : 0xa78129efe1c18 : 2 : ittapi_config_apply_per_lib :  ITTAPI function not implemented: __itt_memory_read
1530922 : 0xa78129efe3b51 : 2 : ittapi_config_apply_per_lib :  ITTAPI function not implemented: __itt_memory_write
1530922 : 0xa78129efe42ec : 2 : ittapi_config_apply_per_lib :  ITTAPI function not implemented: __itt_memory_update
1530922 : 0xa78129efe4aec : 2 : ittapi_config_apply_per_lib :  ITTAPI function not implemented: __itt_state_get
1530922 : 0xa78129efe5233 : 2 : ittapi_config_apply_per_lib :  ITTAPI function not implemented: __itt_state_set
1530922 : 0xa78129efe5a24 : 2 : ittapi_config_apply_per_lib :  ITTAPI function not implemented: __itt_obj_mode_set
1530922 : 0xa78129efe61b6 : 2 : ittapi_config_apply_per_lib :  ITTAPI function not implemented: __itt_thr_mode_set
1530922 : 0xa78129efe686a : 2 : ittapi_config_apply_per_lib :  ITTAPI function instrumented: __itt_frame_create
1530922 : 0xa78129efe6f09 : 2 : ittapi_config_apply_per_lib :  ITTAPI function instrumented: __itt_pt_region_create
1530922 : 0xa78129efe75b5 : 2 : ittapi_config_apply_per_lib :  ITTAPI function instrumented: __itt_frame_begin
1530922 : 0xa78129efe7c94 : 2 : ittapi_config_apply_per_lib :  ITTAPI function instrumented: __itt_frame_end
1530922 : 0xa78129efe9171 : 2 : ittapi_config_apply_per_lib :  ITTAPI function not implemented: __itt_counter_destroy
1530922 : 0xa78129efe98d3 : 2 : ittapi_config_apply_per_lib :  ITTAPI function instrumented: __itt_counter_inc
1530922 : 0xa78129efe9fad : 2 : ittapi_config_apply_per_lib :  ITTAPI function instrumented: __itt_counter_inc_delta
1530922 : 0xa78129efea600 : 2 : ittapi_config_apply_per_lib :  ITTAPI function instrumented: __itt_counter_dec
1530922 : 0xa78129efeacac : 2 : ittapi_config_apply_per_lib :  ITTAPI function instrumented: __itt_counter_dec_delta
1530922 : 0xa78129efeb350 : 2 : ittapi_config_apply_per_lib :  ITTAPI function instrumented: __itt_counter_set_value
1530922 : 0xa78129efebabc : 2 : ittapi_config_apply_per_lib :  ITTAPI function not implemented: __itt_counter_set_value_ex
1530922 : 0xa78129efec202 : 2 : ittapi_config_apply_per_lib :  ITTAPI function not implemented: __itt_mark_create
1530922 : 0xa78129efec999 : 2 : ittapi_config_apply_per_lib :  ITTAPI function not implemented: __itt_mark
1530922 : 0xa78129efed185 : 2 : ittapi_config_apply_per_lib :  ITTAPI function not implemented: __itt_mark_off
1530922 : 0xa78129efee5cd : 2 : ittapi_config_apply_per_lib :  ITTAPI function not implemented: __itt_mark_global
1530922 : 0xa78129efeed87 : 2 : ittapi_config_apply_per_lib :  ITTAPI function not implemented: __itt_mark_global_off
1530922 : 0xa78129efef54c : 2 : ittapi_config_apply_per_lib :  ITTAPI function instrumented: __itt_stack_caller_create
1530922 : 0xa78129efefc56 : 2 : ittapi_config_apply_per_lib :  ITTAPI function instrumented: __itt_stack_caller_destroy
1530922 : 0xa78129eff0348 : 2 : ittapi_config_apply_per_lib :  ITTAPI function instrumented: __itt_stack_callee_enter
1530922 : 0xa78129eff09b6 : 2 : ittapi_config_apply_per_lib :  ITTAPI function instrumented: __itt_stack_callee_leave
1530922 : 0xa78129eff1107 : 2 : ittapi_config_apply_per_lib :  ITTAPI function not implemented: __itt_clock_domain_create
1530922 : 0xa78129eff18b6 : 2 : ittapi_config_apply_per_lib :  ITTAPI function not implemented: __itt_clock_domain_reset
1530922 : 0xa78129eff2038 : 2 : ittapi_config_apply_per_lib :  ITTAPI function not implemented: __itt_id_create_ex
1530922 : 0xa78129eff27ca : 2 : ittapi_config_apply_per_lib :  ITTAPI function not implemented: __itt_id_destroy_ex
1530922 : 0xa78129eff4311 : 2 : ittapi_config_apply_per_lib :  ITTAPI function not implemented: __itt_task_begin_ex
1530922 : 0xa78129eff4ad7 : 2 : ittapi_config_apply_per_lib :  ITTAPI function not implemented: __itt_task_begin_fn_ex
1530922 : 0xa78129eff5268 : 2 : ittapi_config_apply_per_lib :  ITTAPI function not implemented: __itt_task_end_ex
1530922 : 0xa78129eff5968 : 2 : ittapi_config_apply_per_lib :  ITTAPI function instrumented: __itt_task_begin_overlapped
1530922 : 0xa78129eff6102 : 2 : ittapi_config_apply_per_lib :  ITTAPI function not implemented: __itt_task_begin_overlapped_ex
1530922 : 0xa78129eff67c4 : 2 : ittapi_config_apply_per_lib :  ITTAPI function instrumented: __itt_task_end_overlapped
1530922 : 0xa78129eff6f38 : 2 : ittapi_config_apply_per_lib :  ITTAPI function not implemented: __itt_task_end_overlapped_ex
1530922 : 0xa78129eff766e : 2 : ittapi_config_apply_per_lib :  ITTAPI function not implemented: __itt_marker_ex
1530922 : 0xa78129eff7ea8 : 2 : ittapi_config_apply_per_lib :  ITTAPI function not implemented: __itt_metadata_add_with_scope
1530922 : 0xa78129eff869c : 2 : ittapi_config_apply_per_lib :  ITTAPI function not implemented: __itt_metadata_str_add_with_scope
1530922 : 0xa78129eff9ad0 : 2 : ittapi_config_apply_per_lib :  ITTAPI function not implemented: __itt_relation_add_to_current_ex
1530922 : 0xa78129effa293 : 2 : ittapi_config_apply_per_lib :  ITTAPI function not implemented: __itt_relation_add_ex
1530922 : 0xa78129effaaab : 2 : ittapi_config_apply_per_lib :  ITTAPI function not implemented: __itt_track_group_create
1530922 : 0xa78129effb1ba : 2 : ittapi_config_apply_per_lib :  ITTAPI function not implemented: __itt_track_create
1530922 : 0xa78129effb931 : 2 : ittapi_config_apply_per_lib :  ITTAPI function not implemented: __itt_set_track
1530922 : 0xa78129effc063 : 2 : ittapi_config_apply_per_lib :  ITTAPI function instrumented: __itt_api_version
1530922 : 0xa78129effc7da : 2 : ittapi_config_apply_per_lib :  ITTAPI function not implemented: __itt_av_save
1530922 : 0xa78129effced1 : 2 : ittapi_config_apply_per_lib :  ITTAPI function instrumented: __itt_module_load
1530922 : 0xa78129effd6c4 : 2 : ittapi_config_apply_per_lib :  ITTAPI function not implemented: __itt_module_unload
1530922 : 0xa78129f043f51 : 2 : ittapi_config_mask_get :  --itt-config mask to be applied: 55
1530922 : 0xa78129f045e64 : 2 : ittapi_config_apply_per_lib :  ITTAPI function instrumented: __itt_domain_create
1530922 : 0xa78129f0466b6 : 2 : ittapi_config_apply_per_lib :  ITTAPI function instrumented: __itt_module_load_with_sections
1530922 : 0xa78129f046f84 : 2 : ittapi_config_apply_per_lib :  ITTAPI function not implemented: __itt_module_unload_with_sections
1530922 : 0xa78129f0476ab : 2 : ittapi_config_apply_per_lib :  ITTAPI function instrumented: __itt_string_handle_create
1530922 : 0xa78129f047d64 : 2 : ittapi_config_apply_per_lib :  ITTAPI function instrumented: __itt_counter_create
1530922 : 0xa78129f0483d5 : 2 : ittapi_config_apply_per_lib :  ITTAPI function instrumented: __itt_counter_create_typed
1530922 : 0xa78129f048a84 : 2 : ittapi_config_apply_per_lib :  ITTAPI function instrumented: __itt_pause
1530922 : 0xa78129f049129 : 2 : ittapi_config_apply_per_lib :  ITTAPI function instrumented: __itt_resume
1530922 : 0xa78129f04974d : 2 : ittapi_config_apply_per_lib :  ITTAPI function instrumented: __itt_thread_set_name
1530922 : 0xa78129f049e7f : 2 : ittapi_config_apply_per_lib :  ITTAPI function instrumented: __itt_thread_ignore
1530922 : 0xa78129f04b23c : 2 : ittapi_config_apply_per_lib :  ITTAPI function instrumented: __itt_thr_name_set
1530922 : 0xa78129f04b92b : 2 : ittapi_config_apply_per_lib :  ITTAPI function instrumented: __itt_thr_ignore
1530922 : 0xa78129f04c19f : 2 : ittapi_config_apply_per_lib :  ITTAPI function not implemented: __itt_enable_attach
1530922 : 0xa78129f04c87b : 2 : ittapi_config_apply_per_lib :  ITTAPI function instrumented: __itt_detach
1530922 : 0xa78129f04cc4c : 2 : ittapi_config_apply_per_lib :  ITTAPI function NOT instrumented (not matched by --itt-config option): __itt_sync_create

1530922 : 0xa78129f04d048 : 2 : ittapi_config_apply_per_lib :  ITTAPI function NOT instrumented (not matched by --itt-config option): __itt_sync_rename

1530922 : 0xa78129f04d3f7 : 2 : ittapi_config_apply_per_lib :  ITTAPI function NOT instrumented (not matched by --itt-config option): __itt_sync_destroy

1530922 : 0xa78129f04d7c9 : 2 : ittapi_config_apply_per_lib :  ITTAPI function NOT instrumented (not matched by --itt-config option): __itt_sync_prepare

1530922 : 0xa78129f04db42 : 2 : ittapi_config_apply_per_lib :  ITTAPI function NOT instrumented (not matched by --itt-config option): __itt_sync_cancel

1530922 : 0xa78129f04deb2 : 2 : ittapi_config_apply_per_lib :  ITTAPI function NOT instrumented (not matched by --itt-config option): __itt_sync_acquired

1530922 : 0xa78129f04f93e : 2 : ittapi_config_apply_per_lib :  ITTAPI function NOT instrumented (not matched by --itt-config option): __itt_sync_releasing

1530922 : 0xa78129f0501f2 : 2 : ittapi_config_apply_per_lib :  ITTAPI function not implemented: __itt_suppress_push
1530922 : 0xa78129f050a93 : 2 : ittapi_config_apply_per_lib :  ITTAPI function not implemented: __itt_suppress_pop
1530922 : 0xa78129f051250 : 2 : ittapi_config_apply_per_lib :  ITTAPI function not implemented: __itt_suppress_mark_range
1530922 : 0xa78129f051a56 : 2 : ittapi_config_apply_per_lib :  ITTAPI function not implemented: __itt_suppress_clear_range
1530922 : 0xa78129f051e2b : 2 : ittapi_config_apply_per_lib :  ITTAPI function NOT instrumented (not matched by --itt-config option): __itt_sync_prepare

1530922 : 0xa78129f0521a1 : 2 : ittapi_config_apply_per_lib :  ITTAPI function NOT instrumented (not matched by --itt-config option): __itt_sync_cancel

1530922 : 0xa78129f052501 : 2 : ittapi_config_apply_per_lib :  ITTAPI function NOT instrumented (not matched by --itt-config option): __itt_sync_acquired

1530922 : 0xa78129f05286c : 2 : ittapi_config_apply_per_lib :  ITTAPI function NOT instrumented (not matched by --itt-config option): __itt_sync_releasing

1530922 : 0xa78129f052c76 : 2 : ittapi_config_apply_per_lib :  ITTAPI function NOT instrumented (not matched by --itt-config option): __itt_model_site_begin

1530922 : 0xa78129f053c97 : 2 : ittapi_config_apply_per_lib :  ITTAPI function NOT instrumented (not matched by --itt-config option): __itt_model_site_end

1530922 : 0xa78129f05403b : 2 : ittapi_config_apply_per_lib :  ITTAPI function NOT instrumented (not matched by --itt-config option): __itt_model_task_begin

1530922 : 0xa78129f0543c3 : 2 : ittapi_config_apply_per_lib :  ITTAPI function NOT instrumented (not matched by --itt-config option): __itt_model_task_end

1530922 : 0xa78129f05473c : 2 : ittapi_config_apply_per_lib :  ITTAPI function NOT instrumented (not matched by --itt-config option): __itt_model_lock_acquire

1530922 : 0xa78129f054b1f : 2 : ittapi_config_apply_per_lib :  ITTAPI function NOT instrumented (not matched by --itt-config option): __itt_model_lock_release

1530922 : 0xa78129f054e93 : 2 : ittapi_config_apply_per_lib :  ITTAPI function NOT instrumented (not matched by --itt-config option): __itt_model_record_allocation

1530922 : 0xa78129f0551f4 : 2 : ittapi_config_apply_per_lib :  ITTAPI function NOT instrumented (not matched by --itt-config option): __itt_model_record_deallocation

1530922 : 0xa78129f05557d : 2 : ittapi_config_apply_per_lib :  ITTAPI function NOT instrumented (not matched by --itt-config option): __itt_model_induction_uses

1530922 : 0xa78129f05590e : 2 : ittapi_config_apply_per_lib :  ITTAPI function NOT instrumented (not matched by --itt-config option): __itt_model_reduction_uses

1530922 : 0xa78129f055c86 : 2 : ittapi_config_apply_per_lib :  ITTAPI function NOT instrumented (not matched by --itt-config option): __itt_model_observe_uses

1530922 : 0xa78129f05743b : 2 : ittapi_config_apply_per_lib :  ITTAPI function NOT instrumented (not matched by --itt-config option): __itt_model_clear_uses

1530922 : 0xa78129f05781d : 2 : ittapi_config_apply_per_lib :  ITTAPI function NOT instrumented (not matched by --itt-config option): __itt_model_site_beginA

1530922 : 0xa78129f057b98 : 2 : ittapi_config_apply_per_lib :  ITTAPI function NOT instrumented (not matched by --itt-config option): __itt_model_site_beginAL

1530922 : 0xa78129f057f2d : 2 : ittapi_config_apply_per_lib :  ITTAPI function NOT instrumented (not matched by --itt-config option): __itt_model_task_beginA

1530922 : 0xa78129f058299 : 2 : ittapi_config_apply_per_lib :  ITTAPI function NOT instrumented (not matched by --itt-config option): __itt_model_task_beginAL

1530922 : 0xa78129f05863d : 2 : ittapi_config_apply_per_lib :  ITTAPI function NOT instrumented (not matched by --itt-config option): __itt_model_iteration_taskA

1530922 : 0xa78129f05899f : 2 : ittapi_config_apply_per_lib :  ITTAPI function NOT instrumented (not matched by --itt-config option): __itt_model_iteration_taskAL

1530922 : 0xa78129f058ce5 : 2 : ittapi_config_apply_per_lib :  ITTAPI function NOT instrumented (not matched by --itt-config option): __itt_model_site_end_2

1530922 : 0xa78129f059062 : 2 : ittapi_config_apply_per_lib :  ITTAPI function NOT instrumented (not matched by --itt-config option): __itt_model_task_end_2

1530922 : 0xa78129f0593aa : 2 : ittapi_config_apply_per_lib :  ITTAPI function NOT instrumented (not matched by --itt-config option): __itt_model_lock_acquire_2

1530922 : 0xa78129f05a2d6 : 2 : ittapi_config_apply_per_lib :  ITTAPI function NOT instrumented (not matched by --itt-config option): __itt_model_lock_release_2

1530922 : 0xa78129f05a679 : 2 : ittapi_config_apply_per_lib :  ITTAPI function NOT instrumented (not matched by --itt-config option): __itt_model_aggregate_task

1530922 : 0xa78129f05a9e3 : 2 : ittapi_config_apply_per_lib :  ITTAPI function NOT instrumented (not matched by --itt-config option): __itt_model_disable_push

1530922 : 0xa78129f05ad69 : 2 : ittapi_config_apply_per_lib :  ITTAPI function NOT instrumented (not matched by --itt-config option): __itt_model_disable_pop

1530922 : 0xa78129f05b4ae : 2 : ittapi_config_apply_per_lib :  ITTAPI function instrumented: __itt_heap_function_create
1530922 : 0xa78129f05bbec : 2 : ittapi_config_apply_per_lib :  ITTAPI function instrumented: __itt_heap_allocate_begin
1530922 : 0xa78129f05c256 : 2 : ittapi_config_apply_per_lib :  ITTAPI function instrumented: __itt_heap_allocate_end
1530922 : 0xa78129f05c925 : 2 : ittapi_config_apply_per_lib :  ITTAPI function instrumented: __itt_heap_free_begin
1530922 : 0xa78129f05cf50 : 2 : ittapi_config_apply_per_lib :  ITTAPI function instrumented: __itt_heap_free_end
1530922 : 0xa78129f05d5f1 : 2 : ittapi_config_apply_per_lib :  ITTAPI function instrumented: __itt_heap_reallocate_begin
1530922 : 0xa78129f05e8e7 : 2 : ittapi_config_apply_per_lib :  ITTAPI function instrumented: __itt_heap_reallocate_end
1530922 : 0xa78129f05f106 : 2 : ittapi_config_apply_per_lib :  ITTAPI function not implemented: __itt_heap_internal_access_begin
1530922 : 0xa78129f05f8e0 : 2 : ittapi_config_apply_per_lib :  ITTAPI function not implemented: __itt_heap_internal_access_end
1530922 : 0xa78129f0600a3 : 2 : ittapi_config_apply_per_lib :  ITTAPI function not implemented: __itt_heap_record_memory_growth_begin
1530922 : 0xa78129f0608ad : 2 : ittapi_config_apply_per_lib :  ITTAPI function not implemented: __itt_heap_record_memory_growth_end
1530922 : 0xa78129f06106e : 2 : ittapi_config_apply_per_lib :  ITTAPI function not implemented: __itt_heap_reset_detection
1530922 : 0xa78129f06187e : 2 : ittapi_config_apply_per_lib :  ITTAPI function not implemented: __itt_heap_record
1530922 : 0xa78129f062010 : 2 : ittapi_config_apply_per_lib :  ITTAPI function not implemented: __itt_id_create
1530922 : 0xa78129f06279b : 2 : ittapi_config_apply_per_lib :  ITTAPI function not implemented: __itt_id_destroy
1530922 : 0xa78129f062e68 : 2 : ittapi_config_apply_per_lib :  ITTAPI function instrumented: __itt_get_timestamp
1530922 : 0xa78129f0649f1 : 2 : ittapi_config_apply_per_lib :  ITTAPI function not implemented: __itt_region_begin
1530922 : 0xa78129f065244 : 2 : ittapi_config_apply_per_lib :  ITTAPI function not implemented: __itt_region_end
1530922 : 0xa78129f06596d : 2 : ittapi_config_apply_per_lib :  ITTAPI function instrumented: __itt_frame_begin_v3
1530922 : 0xa78129f06605f : 2 : ittapi_config_apply_per_lib :  ITTAPI function instrumented: __itt_frame_end_v3
1530922 : 0xa78129f066706 : 2 : ittapi_config_apply_per_lib :  ITTAPI function instrumented: __itt_frame_submit_v3
1530922 : 0xa78129f066ebf : 2 : ittapi_config_apply_per_lib :  ITTAPI function not implemented: __itt_task_group
1530922 : 0xa78129f0675ea : 2 : ittapi_config_apply_per_lib :  ITTAPI function instrumented: __itt_task_begin
1530922 : 0xa78129f067c94 : 2 : ittapi_config_apply_per_lib :  ITTAPI function instrumented: __itt_task_begin_fn
1530922 : 0xa78129f06830d : 2 : ittapi_config_apply_per_lib :  ITTAPI function instrumented: __itt_task_end
1530922 : 0xa78129f068acf : 2 : ittapi_config_apply_per_lib :  ITTAPI function not implemented: __itt_counter_inc_v3
1530922 : 0xa78129f069f56 : 2 : ittapi_config_apply_per_lib :  ITTAPI function not implemented: __itt_counter_inc_delta_v3
1530922 : 0xa78129f06a74b : 2 : ittapi_config_apply_per_lib :  ITTAPI function not implemented: __itt_counter_dec_v3
1530922 : 0xa78129f06af13 : 2 : ittapi_config_apply_per_lib :  ITTAPI function not implemented: __itt_counter_dec_delta_v3
1530922 : 0xa78129f06b700 : 2 : ittapi_config_apply_per_lib :  ITTAPI function not implemented: __itt_marker
1530922 : 0xa78129f06be2c : 2 : ittapi_config_apply_per_lib :  ITTAPI function instrumented: __itt_metadata_add
1530922 : 0xa78129f06c5e0 : 2 : ittapi_config_apply_per_lib :  ITTAPI function not implemented: __itt_metadata_str_add
1530922 : 0xa78129f06cd2b : 2 : ittapi_config_apply_per_lib :  ITTAPI function not implemented: __itt_relation_add_to_current
1530922 : 0xa78129f06d4d0 : 2 : ittapi_config_apply_per_lib :  ITTAPI function not implemented: __itt_relation_add
1530922 : 0xa78129f06db5f : 2 : ittapi_config_apply_per_lib :  ITTAPI function instrumented: __itt_event_create
1530922 : 0xa78129f06e202 : 2 : ittapi_config_apply_per_lib :  ITTAPI function instrumented: __itt_event_start
1530922 : 0xa78129f06f58d : 2 : ittapi_config_apply_per_lib :  ITTAPI function instrumented: __itt_event_end
1530922 : 0xa78129f06f969 : 2 : ittapi_config_apply_per_lib :  ITTAPI function NOT instrumented (not matched by --itt-config option): __itt_sync_set_name

1530922 : 0xa78129f06fd2a : 2 : ittapi_config_apply_per_lib :  ITTAPI function NOT instrumented (not matched by --itt-config option): __itt_notify_sync_name

1530922 : 0xa78129f0700c2 : 2 : ittapi_config_apply_per_lib :  ITTAPI function NOT instrumented (not matched by --itt-config option): __itt_notify_sync_prepare

1530922 : 0xa78129f07045b : 2 : ittapi_config_apply_per_lib :  ITTAPI function NOT instrumented (not matched by --itt-config option): __itt_notify_sync_cancel

1530922 : 0xa78129f0707eb : 2 : ittapi_config_apply_per_lib :  ITTAPI function NOT instrumented (not matched by --itt-config option): __itt_notify_sync_acquired

1530922 : 0xa78129f070b6a : 2 : ittapi_config_apply_per_lib :  ITTAPI function NOT instrumented (not matched by --itt-config option): __itt_notify_sync_releasing

1530922 : 0xa78129f07130f : 2 : ittapi_config_apply_per_lib :  ITTAPI function not implemented: __itt_memory_read
1530922 : 0xa78129f071ab4 : 2 : ittapi_config_apply_per_lib :  ITTAPI function not implemented: __itt_memory_write
1530922 : 0xa78129f072254 : 2 : ittapi_config_apply_per_lib :  ITTAPI function not implemented: __itt_memory_update
1530922 : 0xa78129f0736f1 : 2 : ittapi_config_apply_per_lib :  ITTAPI function not implemented: __itt_state_get
1530922 : 0xa78129f07508e : 2 : ittapi_config_apply_per_lib :  ITTAPI function not implemented: __itt_state_set
1530922 : 0xa78129f075872 : 2 : ittapi_config_apply_per_lib :  ITTAPI function not implemented: __itt_obj_mode_set
1530922 : 0xa78129f07601f : 2 : ittapi_config_apply_per_lib :  ITTAPI function not implemented: __itt_thr_mode_set
1530922 : 0xa78129f0766c5 : 2 : ittapi_config_apply_per_lib :  ITTAPI function instrumented: __itt_frame_create
1530922 : 0xa78129f076d3f : 2 : ittapi_config_apply_per_lib :  ITTAPI function instrumented: __itt_pt_region_create
1530922 : 0xa78129f0773b7 : 2 : ittapi_config_apply_per_lib :  ITTAPI function instrumented: __itt_frame_begin
1530922 : 0xa78129f077a7a : 2 : ittapi_config_apply_per_lib :  ITTAPI function instrumented: __itt_frame_end
1530922 : 0xa78129f078251 : 2 : ittapi_config_apply_per_lib :  ITTAPI function not implemented: __itt_counter_destroy
1530922 : 0xa78129f078916 : 2 : ittapi_config_apply_per_lib :  ITTAPI function instrumented: __itt_counter_inc
1530922 : 0xa78129f07aff0 : 2 : ittapi_config_apply_per_lib :  ITTAPI function instrumented: __itt_counter_inc_delta
1530922 : 0xa78129f07b6c7 : 2 : ittapi_config_apply_per_lib :  ITTAPI function instrumented: __itt_counter_dec
1530922 : 0xa78129f07bd83 : 2 : ittapi_config_apply_per_lib :  ITTAPI function instrumented: __itt_counter_dec_delta
1530922 : 0xa78129f07c412 : 2 : ittapi_config_apply_per_lib :  ITTAPI function instrumented: __itt_counter_set_value
1530922 : 0xa78129f07cbbc : 2 : ittapi_config_apply_per_lib :  ITTAPI function not implemented: __itt_counter_set_value_ex
1530922 : 0xa78129f07d30f : 2 : ittapi_config_apply_per_lib :  ITTAPI function not implemented: __itt_mark_create
1530922 : 0xa78129f07daf1 : 2 : ittapi_config_apply_per_lib :  ITTAPI function not implemented: __itt_mark
1530922 : 0xa78129f07e2c4 : 2 : ittapi_config_apply_per_lib :  ITTAPI function not implemented: __itt_mark_off
1530922 : 0xa78129f07ea29 : 2 : ittapi_config_apply_per_lib :  ITTAPI function not implemented: __itt_mark_global
1530922 : 0xa78129f07f1cf : 2 : ittapi_config_apply_per_lib :  ITTAPI function not implemented: __itt_mark_global_off
1530922 : 0xa78129f080661 : 2 : ittapi_config_apply_per_lib :  ITTAPI function instrumented: __itt_stack_caller_create
1530922 : 0xa78129f080d7f : 2 : ittapi_config_apply_per_lib :  ITTAPI function instrumented: __itt_stack_caller_destroy
1530922 : 0xa78129f081447 : 2 : ittapi_config_apply_per_lib :  ITTAPI function instrumented: __itt_stack_callee_enter
1530922 : 0xa78129f081aa4 : 2 : ittapi_config_apply_per_lib :  ITTAPI function instrumented: __itt_stack_callee_leave
1530922 : 0xa78129f08224a : 2 : ittapi_config_apply_per_lib :  ITTAPI function not implemented: __itt_clock_domain_create
1530922 : 0xa78129f082a05 : 2 : ittapi_config_apply_per_lib :  ITTAPI function not implemented: __itt_clock_domain_reset
1530922 : 0xa78129f083182 : 2 : ittapi_config_apply_per_lib :  ITTAPI function not implemented: __itt_id_create_ex
1530922 : 0xa78129f083940 : 2 : ittapi_config_apply_per_lib :  ITTAPI function not implemented: __itt_id_destroy_ex
1530922 : 0xa78129f08409b : 2 : ittapi_config_apply_per_lib :  ITTAPI function not implemented: __itt_task_begin_ex
1530922 : 0xa78129f08480b : 2 : ittapi_config_apply_per_lib :  ITTAPI function not implemented: __itt_task_begin_fn_ex
1530922 : 0xa78129f085bea : 2 : ittapi_config_apply_per_lib :  ITTAPI function not implemented: __itt_task_end_ex
1530922 : 0xa78129f086335 : 2 : ittapi_config_apply_per_lib :  ITTAPI function instrumented: __itt_task_begin_overlapped
1530922 : 0xa78129f086afb : 2 : ittapi_config_apply_per_lib :  ITTAPI function not implemented: __itt_task_begin_overlapped_ex
1530922 : 0xa78129f0871b4 : 2 : ittapi_config_apply_per_lib :  ITTAPI function instrumented: __itt_task_end_overlapped
1530922 : 0xa78129f08794f : 2 : ittapi_config_apply_per_lib :  ITTAPI function not implemented: __itt_task_end_overlapped_ex
1530922 : 0xa78129f0880ba : 2 : ittapi_config_apply_per_lib :  ITTAPI function not implemented: __itt_marker_ex
1530922 : 0xa78129f0888a0 : 2 : ittapi_config_apply_per_lib :  ITTAPI function not implemented: __itt_metadata_add_with_scope
1530922 : 0xa78129f089084 : 2 : ittapi_config_apply_per_lib :  ITTAPI function not implemented: __itt_metadata_str_add_with_scope
1530922 : 0xa78129f089806 : 2 : ittapi_config_apply_per_lib :  ITTAPI function not implemented: __itt_relation_add_to_current_ex
1530922 : 0xa78129f089f92 : 2 : ittapi_config_apply_per_lib :  ITTAPI function not implemented: __itt_relation_add_ex
1530922 : 0xa78129f08bb1e : 2 : ittapi_config_apply_per_lib :  ITTAPI function not implemented: __itt_track_group_create
1530922 : 0xa78129f08c2d1 : 2 : ittapi_config_apply_per_lib :  ITTAPI function not implemented: __itt_track_create
1530922 : 0xa78129f08ca8a : 2 : ittapi_config_apply_per_lib :  ITTAPI function not implemented: __itt_set_track
1530922 : 0xa78129f08d14c : 2 : ittapi_config_apply_per_lib :  ITTAPI function instrumented: __itt_api_version
1530922 : 0xa78129f08d8d5 : 2 : ittapi_config_apply_per_lib :  ITTAPI function not implemented: __itt_av_save
1530922 : 0xa78129f08dfb0 : 2 : ittapi_config_apply_per_lib :  ITTAPI function instrumented: __itt_module_load
1530922 : 0xa78129f08e776 : 2 : ittapi_config_apply_per_lib :  ITTAPI function not implemented: __itt_module_unload