
1624798 : 0xa61d25099d8cc : 1 : spill_jit_data :  Jit agent is not initialized
1624768 : 0xa61d2509a051c : 2 : ittapi_config_mask_get :  --itt-config mask to be applied: 55
1624768 : 0xa61d2509a1fad : 2 : ittapi_config_apply_per_lib :  ITTAPI function instrumented: __itt_domain_create
1624768 : 0xa61d2509a2985 : 2 : ittapi_config_apply_per_lib :  ITTAPI function instrumented: __itt_module_load_with_sections
1624768 : 0xa61d2509a35f2 : 2 : ittapi_config_apply_per_lib :  ITTAPI function not implemented: __itt_module_unload_with_sections
1624768 : 0xa61d2509a3def : 2 : ittapi_config_apply_per_lib :  ITTAPI function instrumented: __itt_string_handle_create
1624768 : 0xa61d2509a44bf : 2 : ittapi_config_apply_per_lib :  ITTAPI function instrumented: __itt_counter_create
1624768 : 0xa61d2509a4b4a : 2 : ittapi_config_apply_per_lib :  ITTAPI function instrumented: __itt_counter_create_typed
1624768 : 0xa61d2509a5406 : 2 : ittapi_config_apply_per_lib :  ITTAPI function instrumented: __itt_pause
1624768 : 0xa61d2509a5aec : 2 : ittapi_config_apply_per_lib :  ITTAPI function instrumented: __itt_resume
1624768 : 0xa61d2509ab85b : 2 : ittapi_config_apply_per_lib :  ITTAPI function instrumented: __itt_thread_set_name
1624768 : 0xa61d2509ac063 : 2 : ittapi_config_apply_per_lib :  ITTAPI function instrumented: __itt_thread_ignore
1624768 : 0xa61d2509ac730 : 2 : ittapi_config_apply_per_lib :  ITTAPI function instrumented: __itt_thr_name_set
1624768 : 0xa61d2509acdd6 : 2 : ittapi_config_apply_per_lib :  ITTAPI function instrumented: __itt_thr_ignore
1624768 : 0xa61d2509ad998 : 2 : ittapi_config_apply_per_lib :  ITTAPI function not implemented: __itt_enable_attach
1624768 : 0xa61d2509ae0a9 : 2 : ittapi_config_apply_per_lib :  ITTAPI function instrumented: __itt_detach
1624768 : 0xa61d2509ae482 : 2 : ittapi_config_apply_per_lib :  ITTAPI function NOT instrumented (not matched by --itt-config option): __itt_sync_create

1624768 : 0xa61d2509ae95b : 2 : ittapi_config_apply_per_lib :  ITTAPI function NOT instrumented (not matched by --itt-config option): __itt_sync_rename

1624768 : 0xa61d2509aed50 : 2 : ittapi_config_apply_per_lib :  ITTAPI function NOT instrumented (not matched by --itt-config option): __itt_sync_destroy

1624768 : 0xa61d2509af134 : 2 : ittapi_config_apply_per_lib :  ITTAPI function NOT instrumented (not matched by --itt-config option): __itt_sync_prepare

1624768 : 0xa61d2509b0533 : 2 : ittapi_config_apply_per_lib :  ITTAPI function NOT instrumented (not matched by --itt-config option): __itt_sync_cancel

1624768 : 0xa61d2509b0949 : 2 : ittapi_config_apply_per_lib :  ITTAPI function NOT instrumented (not matched by --itt-config option): __itt_sync_acquired

1624768 : 0xa61d2509b0cbf : 2 : ittapi_config_apply_per_lib :  ITTAPI function NOT instrumented (not matched by --itt-config option): __itt_sync_releasing

1624768 : 0xa61d2509b159f : 2 : ittapi_config_apply_per_lib :  ITTAPI function not implemented: __itt_suppress_push
1624768 : 0xa61d2509b1e4d : 2 : ittapi_config_apply_per_lib :  ITTAPI function not implemented: __itt_suppress_pop
1624768 : 0xa61d2509b259d : 2 : ittapi_config_apply_per_lib :  ITTAPI function not implemented: __itt_suppress_mark_range
1624768 : 0xa61d2509b2d42 : 2 : ittapi_config_apply_per_lib :  ITTAPI function not implemented: __itt_suppress_clear_range
1624768 : 0xa61d2509b30f4 : 2 : ittapi_config_apply_per_lib :  ITTAPI function NOT instrumented (not matched by --itt-config option): __itt_sync_prepare

1624768 : 0xa61d2509b34af : 2 : ittapi_config_apply_per_lib :  ITTAPI function NOT instrumented (not matched by --itt-config option): __itt_sync_cancel

1624768 : 0xa61d2509b3826 : 2 : ittapi_config_apply_per_lib :  ITTAPI function NOT instrumented (not matched by --itt-config option): __itt_sync_acquired

1624768 : 0xa61d2509b47fe : 2 : ittapi_config_apply_per_lib :  ITTAPI function NOT instrumented (not matched by --itt-config option): __itt_sync_releasing

1624768 : 0xa61d2509b4c3e : 2 : ittapi_config_apply_per_lib :  ITTAPI function NOT instrumented (not matched by --itt-config option): __itt_model_site_begin

1624768 : 0xa61d2509b5007 : 2 : ittapi_config_apply_per_lib :  ITTAPI function NOT instrumented (not matched by --itt-config option): __itt_model_site_end

1624768 : 0xa61d2509b53af : 2 : ittapi_config_apply_per_lib :  ITTAPI function NOT instrumented (not matched by --itt-config option): __itt_model_task_begin

1624768 : 0xa61d2509b5758 : 2 : ittapi_config_apply_per_lib :  ITTAPI function NOT instrumented (not matched by --itt-config option): __itt_model_task_end

1624768 : 0xa61d2509b5ab2 : 2 : ittapi_config_apply_per_lib :  ITTAPI function NOT instrumented (not matched by --itt-config option): __itt_model_lock_acquire

1624768 : 0xa61d2509b5ec2 : 2 : ittapi_config_apply_per_lib :  ITTAPI function NOT instrumented (not matched by --itt-config option): __itt_model_lock_release

1624768 : 0xa61d2509b6271 : 2 : ittapi_config_apply_per_lib :  ITTAPI function NOT instrumented (not matched by --itt-config option): __itt_model_record_allocation

1624768 : 0xa61d2509b65b0 : 2 : ittapi_config_apply_per_lib :  ITTAPI function NOT instrumented (not matched by --itt-config option): __itt_model_record_deallocation

1624768 : 0xa61d2509b68de : 2 : ittapi_config_apply_per_lib :  ITTAPI function NOT instrumented (not matched by --itt-config option): __itt_model_induction_uses

1624768 : 0xa61d2509b9749 : 2 : ittapi_config_apply_per_lib :  ITTAPI function NOT instrumented (not matched by --itt-config option): __itt_model_reduction_uses

1624768 : 0xa61d2509b9b71 : 2 : ittapi_config_apply_per_lib :  ITTAPI function NOT instrumented (not matched by --itt-config option): __itt_model_observe_uses

1624768 : 0xa61d2509b9f17 : 2 : ittapi_config_apply_per_lib :  ITTAPI function NOT instrumented (not matched by --itt-config option): __itt_model_clear_uses

1624768 : 0xa61d2509ba2cf : 2 : ittapi_config_apply_per_lib :  ITTAPI function NOT instrumented (not matched by --itt-config option): __itt_model_site_beginA

1624768 : 0xa61d2509ba666 : 2 : ittapi_config_apply_per_lib :  ITTAPI function NOT instrumented (not matched by --itt-config option): __itt_model_site_beginAL

1624768 : 0xa61d2509baa0b : 2 : ittapi_config_apply_per_lib :  ITTAPI function NOT instrumented (not matched by --itt-config option): __itt_model_task_beginA

1624768 : 0xa61d2509bae4d : 2 : ittapi_config_apply_per_lib :  ITTAPI function NOT instrumented (not matched by --itt-config option): __itt_model_task_beginAL

1624768 : 0xa61d2509bb1a3 : 2 : ittapi_config_apply_per_lib :  ITTAPI function NOT instrumented (not matched by --itt-config option): __itt_model_iteration_taskA

1624768 : 0xa61d2509bb530 : 2 : ittapi_config_apply_per_lib :  ITTAPI function NOT instrumented (not matched by --itt-config option): __itt_model_iteration_taskAL

1624768 : 0xa61d2509bb866 : 2 : ittapi_config_apply_per_lib :  ITTAPI function NOT instrumented (not matched by --itt-config option): __itt_model_site_end_2

1624768 : 0xa61d2509bccc8 : 2 : ittapi_config_apply_per_lib :  ITTAPI function NOT instrumented (not matched by --itt-config option): __itt_model_task_end_2

1624768 : 0xa61d2509bd07b : 2 : ittapi_config_apply_per_lib :  ITTAPI function NOT instrumented (not matched by --itt-config option): __itt_model_lock_acquire_2

1624768 : 0xa61d2509bd411 : 2 : ittapi_config_apply_per_lib :  ITTAPI function NOT instrumented (not matched by --itt-config option): __itt_model_lock_release_2

1624768 : 0xa61d2509bd7c2 : 2 : ittapi_config_apply_per_lib :  ITTAPI function NOT instrumented (not matched by --itt-config option): __itt_model_aggregate_task

1624768 : 0xa61d2509bdb71 : 2 : ittapi_config_apply_per_lib :  ITTAPI function NOT instrumented (not matched by --itt-config option): __itt_model_disable_push

1624768 : 0xa61d2509bdeb9 : 2 : ittapi_config_apply_per_lib :  ITTAPI function NOT instrumented (not matched by --itt-config option): __itt_model_disable_pop

1624768 : 0xa61d2509be6a2 : 2 : ittapi_config_apply_per_lib :  ITTAPI function instrumented: __itt_heap_function_create
1624768 : 0xa61d2509bee2b : 2 : ittapi_config_apply_per_lib :  ITTAPI function instrumented: __itt_heap_allocate_begin
1624768 : 0xa61d2509bf4af : 2 : ittapi_config_apply_per_lib :  ITTAPI function instrumented: __itt_heap_allocate_end
1624768 : 0xa61d2509bfc0a : 2 : ittapi_config_apply_per_lib :  ITTAPI function instrumented: __itt_heap_free_begin
1624768 : 0xa61d2509c17b9 : 2 : ittapi_config_apply_per_lib :  ITTAPI function instrumented: __itt_heap_free_end
1624768 : 0xa61d2509c1e96 : 2 : ittapi_config_apply_per_lib :  ITTAPI function instrumented: __itt_heap_reallocate_begin
1624768 : 0xa61d2509c24c1 : 2 : ittapi_config_apply_per_lib :  ITTAPI function instrumented: __itt_heap_reallocate_end
1624768 : 0xa61d2509c2c6f : 2 : ittapi_config_apply_per_lib :  ITTAPI function not implemented: __itt_heap_internal_access_begin
1624768 : 0xa61d2509c33ca : 2 : ittapi_config_apply_per_lib :  ITTAPI function not implemented: __itt_heap_internal_access_end
1624768 : 0xa61d2509c3b57 : 2 : ittapi_config_apply_per_lib :  ITTAPI function not implemented: __itt_heap_record_memory_growth_begin
1624768 : 0xa61d2509c4299 : 2 : ittapi_config_apply_per_lib :  ITTAPI function not implemented: __itt_heap_record_memory_growth_end
1624768 : 0xa61d2509c4a59 : 2 : ittapi_config_apply_per_lib :  ITTAPI function not implemented: __itt_heap_reset_detection
1624768 : 0xa61d2509c51ad : 2 : ittapi_config_apply_per_lib :  ITTAPI function not implemented: __itt_heap_record
1624768 : 0xa61d2509c5929 : 2 : ittapi_config_apply_per_lib :  ITTAPI function not implemented: __itt_id_create
1624768 : 0xa61d2509c6d07 : 2 : ittapi_config_apply_per_lib :  ITTAPI function not implemented: __itt_id_destroy
1624768 : 0xa61d2509c73f0 : 2 : ittapi_config_apply_per_lib :  ITTAPI function instrumented: __itt_get_timestamp
1624768 : 0xa61d2509c7b07 : 2 : ittapi_config_apply_per_lib :  ITTAPI function not implemented: __itt_region_begin
1624768 : 0xa61d2509c82bf : 2 : ittapi_config_apply_per_lib :  ITTAPI function not implemented: __itt_region_end
1624768 : 0xa61d2509c89b5 : 2 : ittapi_config_apply_per_lib :  ITTAPI function instrumented: __itt_frame_begin_v3
1624768 : 0xa61d2509c913c : 2 : ittapi_config_apply_per_lib :  ITTAPI function instrumented: __itt_frame_end_v3
1624768 : 0xa61d2509c9808 : 2 : ittapi_config_apply_per_lib :  ITTAPI function instrumented: __itt_frame_submit_v3
1624768 : 0xa61d2509c9f81 : 2 : ittapi_config_apply_per_lib :  ITTAPI function not implemented: __itt_task_group
1624768 : 0xa61d2509ca6d8 : 2 : ittapi_config_apply_per_lib :  ITTAPI function instrumented: __itt_task_begin
1624768 : 0xa61d2509cad79 : 2 : ittapi_config_apply_per_lib :  ITTAPI function instrumented: __itt_task_begin_fn
1624768 : 0xa61d2509cc04c : 2 : ittapi_config_apply_per_lib :  ITTAPI function instrumented: __itt_task_end
1624768 : 0xa61d2509cc881 : 2 : ittapi_config_apply_per_lib :  ITTAPI function not implemented: __itt_counter_inc_v3
1624768 : 0xa61d2509cd030 : 2 : ittapi_config_apply_per_lib :  ITTAPI function not implemented: __itt_counter_inc_delta_v3
1624768 : 0xa61d2509cd7af : 2 : ittapi_config_apply_per_lib :  ITTAPI function not implemented: __itt_counter_dec_v3
1624768 : 0xa61d2509cdec0 : 2 : ittapi_config_apply_per_lib :  ITTAPI function not implemented: __itt_counter_dec_delta_v3
1624768 : 0xa61d2509ce5ff : 2 : ittapi_config_apply_per_lib :  ITTAPI function not implemented: __itt_marker
1624768 : 0xa61d2509cec9a : 2 : ittapi_config_apply_per_lib :  ITTAPI function instrumented: __itt_metadata_add
1624768 : 0xa61d2509cf41c : 2 : ittapi_config_apply_per_lib :  ITTAPI function not implemented: __itt_metadata_str_add
1624768 : 0xa61d2509cfb18 : 2 : ittapi_config_apply_per_lib :  ITTAPI function not implemented: __itt_relation_add_to_current
1624768 : 0xa61d2509d0253 : 2 : ittapi_config_apply_per_lib :  ITTAPI function not implemented: __itt_relation_add
1624768 : 0xa61d2509d164b : 2 : ittapi_config_apply_per_lib :  ITTAPI function instrumented: __itt_event_create
1624768 : 0xa61d2509d1dd0 : 2 : ittapi_config_apply_per_lib :  ITTAPI function instrumented: __itt_event_start
1624768 : 0xa61d2509d2481 : 2 : ittapi_config_apply_per_lib :  ITTAPI function instrumented: __itt_event_end
1624768 : 0xa61d2509d27ec : 2 : ittapi_config_apply_per_lib :  ITTAPI function NOT instrumented (not matched by --itt-config option): __itt_sync_set_name

1624768 : 0xa61d2509d2ba0 : 2 : ittapi_config_apply_per_lib :  ITTAPI function NOT instrumented (not matched by --itt-config option): __itt_notify_sync_name

1624768 : 0xa61d2509d2f3f : 2 : ittapi_config_apply_per_lib :  ITTAPI function NOT instrumented (not matched by --itt-config option): __itt_notify_sync_prepare

1624768 : 0xa61d2509d32d1 : 2 : ittapi_config_apply_per_lib :  ITTAPI function NOT instrumented (not matched by --itt-config option): __itt_notify_sync_cancel

1624768 : 0xa61d2509d3663 : 2 : ittapi_config_apply_per_lib :  ITTAPI function NOT instrumented (not matched by --itt-config option): __itt_notify_sync_acquired

1624768 : 0xa61d2509d39c2 : 2 : ittapi_config_apply_per_lib :  ITTAPI function NOT instrumented (not matched by --itt-config option): __itt_notify_sync_releasing

1624768 : 0xa61d2509d4153 : 2 : ittapi_config_apply_per_lib :  ITTAPI function not implemented: __itt_memory_read
1624768 : 0xa61d2509d5bdb : 2 : ittapi_config_apply_per_lib :  ITTAPI function not implemented: __itt_memory_write
1624768 : 0xa61d2509d6329 : 2 : ittapi_config_apply_per_lib :  ITTAPI function not implemented: __itt_memory_update
1624768 : 0xa61d2509d6a99 : 2 : ittapi_config_apply_per_lib :  ITTAPI function not implemented: __itt_state_get
1624768 : 0xa61d2509d716f : 2 : ittapi_config_apply_per_lib :  ITTAPI function not implemented: __itt_state_set
1624768 : 0xa61d2509d78e7 : 2 : ittapi_config_apply_per_lib :  ITTAPI function not implemented: __itt_obj_mode_set
1624768 : 0xa61d2509d8034 : 2 : ittapi_config_apply_per_lib :  ITTAPI function not implemented: __itt_thr_mode_set
1624768 : 0xa61d2509d869c : 2 : ittapi_config_apply_per_lib :  ITTAPI function instrumented: __itt_frame_create
1624768 : 0xa61d2509d8cf6 : 2 : ittapi_config_apply_per_lib :  ITTAPI function instrumented: __itt_pt_region_create
1624768 : 0xa61d2509d9341 : 2 : ittapi_config_apply_per_lib :  ITTAPI function instrumented: __itt_frame_begin
1624768 : 0xa61d2509d99d8 : 2 : ittapi_config_apply_per_lib :  ITTAPI function instrumented: __itt_frame_end
1624768 : 0xa61d2509dadd8 : 2 : ittapi_config_apply_per_lib :  ITTAPI function not implemented: __itt_counter_destroy
1624768 : 0xa61d2509db4a5 : 2 : ittapi_config_apply_per_lib :  ITTAPI function instrumented: __itt_counter_inc
1624768 : 0xa61d2509dbb4e : 2 : ittapi_config_apply_per_lib :  ITTAPI function instrumented: __itt_counter_inc_delta
1624768 : 0xa61d2509dc1bd : 2 : ittapi_config_apply_per_lib :  ITTAPI function instrumented: __itt_counter_dec
1624768 : 0xa61d2509dc85b : 2 : ittapi_config_apply_per_lib :  ITTAPI function instrumented: __itt_counter_dec_delta
1624768 : 0xa61d2509dcee5 : 2 : ittapi_config_apply_per_lib :  ITTAPI function instrumented: __itt_counter_set_value
1624768 : 0xa61d2509dd60d : 2 : ittapi_config_apply_per_lib :  ITTAPI function not implemented: __itt_counter_set_value_ex
1624768 : 0xa61d2509ddd04 : 2 : ittapi_config_apply_per_lib :  ITTAPI function not implemented: __itt_mark_create
1624768 : 0xa61d2509de459 : 2 : ittapi_config_apply_per_lib :  ITTAPI function not implemented: __itt_mark
1624768 : 0xa61d2509deb8d : 2 : ittapi_config_apply_per_lib :  ITTAPI function not implemented: __itt_mark_off
1624768 : 0xa61d2509dfec7 : 2 : ittapi_config_apply_per_lib :  ITTAPI function not implemented: __itt_mark_global
1624768 : 0xa61d2509e05fc : 2 : ittapi_config_apply_per_lib :  ITTAPI function not implemented: __itt_mark_global_off
1624768 : 0xa61d2509e0d5a : 2 : ittapi_config_apply_per_lib :  ITTAPI function instrumented: __itt_stack_caller_create
1624768 : 0xa61d2509e1456 : 2 : ittapi_config_apply_per_lib :  ITTAPI function instrumented: __itt_stack_caller_destroy
1624768 : 0xa61d2509e1b3a : 2 : ittapi_config_apply_per_lib :  ITTAPI function instrumented: __itt_stack_callee_enter
1624768 : 0xa61d2509e21aa : 2 : ittapi_config_apply_per_lib :  ITTAPI function instrumented: __itt_stack_callee_leave
1624768 : 0xa61d2509e28d8 : 2 : ittapi_config_apply_per_lib :  ITTAPI function not implemented: __itt_clock_domain_create
1624768 : 0xa61d2509e3020 : 2 : ittapi_config_apply_per_lib :  ITTAPI function not implemented: __itt_clock_domain_reset
1624768 : 0xa61d2509e3746 : 2 : ittapi_config_apply_per_lib :  ITTAPI function not implemented: __itt_id_create_ex
1624768 : 0xa61d2509e3e93 : 2 : ittapi_config_apply_per_lib :  ITTAPI function not implemented: __itt_id_destroy_ex
1624768 : 0xa61d2509e598e : 2 : ittapi_config_apply_per_lib :  ITTAPI function not implemented: __itt_task_begin_ex
1624768 : 0xa61d2509e60a6 : 2 : ittapi_config_apply_per_lib :  ITTAPI function not implemented: __itt_task_begin_fn_ex
1624768 : 0xa61d2509e6813 : 2 : ittapi_config_apply_per_lib :  ITTAPI function not implemented: __itt_task_end_ex
1624768 : 0xa61d2509e6ee5 : 2 : ittapi_config_apply_per_lib :  ITTAPI function instrumented: __itt_task_begin_overlapped
1624768 : 0xa61d2509e75f3 : 2 : ittapi_config_apply_per_lib :  ITTAPI function not implemented: __itt_task_begin_overlapped_ex
1624768 : 0xa61d2509e7c8f : 2 : ittapi_config_apply_per_lib :  ITTAPI function instrumented: __itt_task_end_overlapped
1624768 : 0xa61d2509e83c0 : 2 : ittapi_config_apply_per_lib :  ITTAPI function not implemented: __itt_task_end_overlapped_ex
1624768 : 0xa61d2509e8aa3 : 2 : ittapi_config_apply_per_lib :  ITTAPI function not implemented: __itt_marker_ex
1624768 : 0xa61d2509e9217 : 2 : ittapi_config_apply_per_lib :  ITTAPI function not implemented: __itt_metadata_add_with_scope
1624768 : 0xa61d2509e99ef : 2 : ittapi_config_apply_per_lib :  ITTAPI function not implemented: __itt_metadata_str_add_with_scope
1624768 : 0xa61d2509ead79 : 2 : ittapi_config_apply_per_lib :  ITTAPI function not implemented: __itt_relation_add_to_current_ex
1624768 : 0xa61d2509eb489 : 2 : ittapi_config_apply_per_lib :  ITTAPI function not implemented: __itt_relation_add_ex
1624768 : 0xa61d2509ebbe2 : 2 : ittapi_config_apply_per_lib :  ITTAPI function not implemented: __itt_track_group_create
1624768 : 0xa61d2509ec2a2 : 2 : ittapi_config_apply_per_lib :  ITTAPI function not implemented: __itt_track_create
1624768 : 0xa61d2509ec988 : 2 : ittapi_config_apply_per_lib :  ITTAPI function not implemented: __itt_set_track
1624768 : 0xa61d2509ed013 : 2 : ittapi_config_apply_per_lib :  ITTAPI function instrumented: __itt_api_version
1624768 : 0xa61d2509ed724 : 2 : ittapi_config_apply_per_lib :  ITTAPI function not implemented: __itt_av_save
1624768 : 0xa61d2509ede00 : 2 : ittapi_config_apply_per_lib :  ITTAPI function instrumented: __itt_module_load
1624768 : 0xa61d2509ee52c : 2 : ittapi_config_apply_per_lib :  ITTAPI function not implemented: __itt_module_unload
1624768 : 0xa61d250a34ede : 2 : ittapi_config_mask_get :  --itt-config mask to be applied: 55
1624768 : 0xa61d250a36e07 : 2 : ittapi_config_apply_per_lib :  ITTAPI function instrumented: __itt_domain_create
1624768 : 0xa61d250a37623 : 2 : ittapi_config_apply_per_lib :  ITTAPI function instrumented: __itt_module_load_with_sections
1624768 : 0xa61d250a37ef4 : 2 : ittapi_config_apply_per_lib :  ITTAPI function not implemented: __itt_module_unload_with_sections
1624768 : 0xa61d250a385f5 : 2 : ittapi_config_apply_per_lib :  ITTAPI function instrumented: __itt_string_handle_create
1624768 : 0xa61d250a38c6c : 2 : ittapi_config_apply_per_lib :  ITTAPI function instrumented: __itt_counter_create
1624768 : 0xa61d250a392ab : 2 : ittapi_config_apply_per_lib :  ITTAPI function instrumented: __itt_counter_create_typed
1624768 : 0xa61d250a39983 : 2 : ittapi_config_apply_per_lib :  ITTAPI function instrumented: __itt_pause
1624768 : 0xa61d250a3a00b : 2 : ittapi_config_apply_per_lib :  ITTAPI function instrumented: __itt_resume
1624768 : 0xa61d250a3a61d : 2 : ittapi_config_apply_per_lib :  ITTAPI function instrumented: __itt_thread_set_name
1624768 : 0xa61d250a3ad2b : 2 : ittapi_config_apply_per_lib :  ITTAPI function instrumented: __itt_thread_ignore
1624768 : 0xa61d250a3c0a1 : 2 : ittapi_config_apply_per_lib :  ITTAPI function instrumented: __itt_thr_name_set
1624768 : 0xa61d250a3c782 : 2 : ittapi_config_apply_per_lib :  ITTAPI function instrumented: __itt_thr_ignore
1624768 : 0xa61d250a3cf8c : 2 : ittapi_config_apply_per_lib :  ITTAPI function not implemented: __itt_enable_attach
1624768 : 0xa61d250a3d61c : 2 : ittapi_config_apply_per_lib :  ITTAPI function instrumented: __itt_detach
1624768 : 0xa61d250a3d9d8 : 2 : ittapi_config_apply_per_lib :  ITTAPI function NOT instrumented (not matched by --itt-config option): __itt_sync_create

1624768 : 0xa61d250a3ddbb : 2 : ittapi_config_apply_per_lib :  ITTAPI function NOT instrumented (not matched by --itt-config option): __itt_sync_rename

1624768 : 0xa61d250a3e167 : 2 : ittapi_config_apply_per_lib :  ITTAPI function NOT instrumented (not matched by --itt-config option): __itt_sync_destroy

1624768 : 0xa61d250a3e531 : 2 : ittapi_config_apply_per_lib :  ITTAPI function NOT instrumented (not matched by --itt-config option): __itt_sync_prepare

1624768 : 0xa61d250a3e8db : 2 : ittapi_config_apply_per_lib :  ITTAPI function NOT instrumented (not matched by --itt-config option): __itt_sync_cancel

1624768 : 0xa61d250a3ec40 : 2 : ittapi_config_apply_per_lib :  ITTAPI function NOT instrumented (not matched by --itt-config option): __itt_sync_acquired

1624768 : 0xa61d250a407fd : 2 : ittapi_config_apply_per_lib :  ITTAPI function NOT instrumented (not matched by --itt-config option): __itt_sync_releasing

1624768 : 0xa61d250a410bb : 2 : ittapi_config_apply_per_lib :  ITTAPI function not implemented: __itt_suppress_push
1624768 : 0xa61d250a418ca : 2 : ittapi_config_apply_per_lib :  ITTAPI function not implemented: __itt_suppress_pop
1624768 : 0xa61d250a4204b : 2 : ittapi_config_apply_per_lib :  ITTAPI function not implemented: __itt_suppress_mark_range
1624768 : 0xa61d250a427f0 : 2 : ittapi_config_apply_per_lib :  ITTAPI function not implemented: __itt_suppress_clear_range
1624768 : 0xa61d250a42b64 : 2 : ittapi_config_apply_per_lib :  ITTAPI function NOT instrumented (not matched by --itt-config option): __itt_sync_prepare

1624768 : 0xa61d250a42ee4 : 2 : ittapi_config_apply_per_lib :  ITTAPI function NOT instrumented (not matched by --itt-config option): __itt_sync_cancel

1624768 : 0xa61d250a43248 : 2 : ittapi_config_apply_per_lib :  ITTAPI function NOT instrumented (not matched by --itt-config option): __itt_sync_acquired

1624768 : 0xa61d250a4359b : 2 : ittapi_config_apply_per_lib :  ITTAPI function NOT instrumented (not matched by --itt-config option): __itt_sync_releasing

1624768 : 0xa61d250a439b0 : 2 : ittapi_config_apply_per_lib :  ITTAPI function NOT instrumented (not matched by --itt-config option): __itt_model_site_begin

1624768 : 0xa61d250a44a26 : 2 : ittapi_config_apply_per_lib :  ITTAPI function NOT instrumented (not matched by --itt-config option): __itt_model_site_end

1624768 : 0xa61d250a44dda : 2 : ittapi_config_apply_per_lib :  ITTAPI function NOT instrumented (not matched by --itt-config option): __itt_model_task_begin

1624768 : 0xa61d250a45157 : 2 : ittapi_config_apply_per_lib :  ITTAPI function NOT instrumented (not matched by --itt-config option): __itt_model_task_end

1624768 : 0xa61d250a454c5 : 2 : ittapi_config_apply_per_lib :  ITTAPI function NOT instrumented (not matched by --itt-config option): __itt_model_lock_acquire

1624768 : 0xa61d250a4585a : 2 : ittapi_config_apply_per_lib :  ITTAPI function NOT instrumented (not matched by --itt-config option): __itt_model_lock_release

1624768 : 0xa61d250a45bc1 : 2 : ittapi_config_apply_per_lib :  ITTAPI function NOT instrumented (not matched by --itt-config option): __itt_model_record_allocation

1624768 : 0xa61d250a45efc : 2 : ittapi_config_apply_per_lib :  ITTAPI function NOT instrumented (not matched by --itt-config option): __itt_model_record_deallocation

1624768 : 0xa61d250a4628b : 2 : ittapi_config_apply_per_lib :  ITTAPI function NOT instrumented (not matched by --itt-config option): __itt_model_induction_uses

1624768 : 0xa61d250a465fb : 2 : ittapi_config_apply_per_lib :  ITTAPI function NOT instrumented (not matched by --itt-config option): __itt_model_reduction_uses

1624768 : 0xa61d250a46970 : 2 : ittapi_config_apply_per_lib :  ITTAPI function NOT instrumented (not matched by --itt-config option): __itt_model_observe_uses

1624768 : 0xa61d250a480ae : 2 : ittapi_config_apply_per_lib :  ITTAPI function NOT instrumented (not matched by --itt-config option): __itt_model_clear_uses

1624768 : 0xa61d250a4847a : 2 : ittapi_config_apply_per_lib :  ITTAPI function NOT instrumented (not matched by --itt-config option): __itt_model_site_beginA

1624768 : 0xa61d250a487f8 : 2 : ittapi_config_apply_per_lib :  ITTAPI function NOT instrumented (not matched by --itt-config option): __itt_model_site_beginAL

1624768 : 0xa61d250a48b71 : 2 : ittapi_config_apply_per_lib :  ITTAPI function NOT instrumented (not matched by --itt-config option): __itt_model_task_beginA

1624768 : 0xa61d250a48ee4 : 2 : ittapi_config_apply_per_lib :  ITTAPI function NOT instrumented (not matched by --itt-config option): __itt_model_task_beginAL

1624768 : 0xa61d250a49288 : 2 : ittapi_config_apply_per_lib :  ITTAPI function NOT instrumented (not matched by --itt-config option): __itt_model_iteration_taskA

1624768 : 0xa61d250a495e8 : 2 : ittapi_config_apply_per_lib :  ITTAPI function NOT instrumented (not matched by --itt-config option): __itt_model_iteration_taskAL

1624768 : 0xa61d250a49935 : 2 : ittapi_config_apply_per_lib :  ITTAPI function NOT instrumented (not matched by --itt-config option): __itt_model_site_end_2

1624768 : 0xa61d250a49cad : 2 : ittapi_config_apply_per_lib :  ITTAPI function NOT instrumented (not matched by --itt-config option): __itt_model_task_end_2

1624768 : 0xa61d250a49fec : 2 : ittapi_config_apply_per_lib :  ITTAPI function NOT instrumented (not matched by --itt-config option): __itt_model_lock_acquire_2

1624768 : 0xa61d250a4aeea : 2 : ittapi_config_apply_per_lib :  ITTAPI function NOT instrumented (not matched by --itt-config option): __itt_model_lock_release_2

1624768 : 0xa61d250a4b28b : 2 : ittapi_config_apply_per_lib :  ITTAPI function NOT instrumented (not matched by --itt-config option): __itt_model_aggregate_task

1624768 : 0xa61d250a4b5ff : 2 : ittapi_config_apply_per_lib :  ITTAPI function NOT instrumented (not matched by --itt-config option): __itt_model_disable_push

1624768 : 0xa61d250a4b9e9 : 2 : ittapi_config_apply_per_lib :  ITTAPI function NOT instrumented (not matched by --itt-config option): __itt_model_disable_pop

1624768 : 0xa61d250a4c0d0 : 2 : ittapi_config_apply_per_lib :  ITTAPI function instrumented: __itt_heap_function_create
1624768 : 0xa61d250a4c7b2 : 2 : ittapi_config_apply_per_lib :  ITTAPI function instrumented: __itt_heap_allocate_begin
1624768 : 0xa61d250a4ce1f : 2 : ittapi_config_apply_per_lib :  ITTAPI function instrumented: __itt_heap_allocate_end
1624768 : 0xa61d250a4d4e9 : 2 : ittapi_config_apply_per_lib :  ITTAPI function instrumented: __itt_heap_free_begin
1624768 : 0xa61d250a4db58 : 2 : ittapi_config_apply_per_lib :  ITTAPI function instrumented: __itt_heap_free_end
1624768 : 0xa61d250a4e1fb : 2 : ittapi_config_apply_per_lib :  ITTAPI function instrumented: __itt_heap_reallocate_begin
1624768 : 0xa61d250a4f48d : 2 : ittapi_config_apply_per_lib :  ITTAPI function instrumented: __itt_heap_reallocate_end
1624768 : 0xa61d250a4fc53 : 2 : ittapi_config_apply_per_lib :  ITTAPI function not implemented: __itt_heap_internal_access_begin
1624768 : 0xa61d250a503be : 2 : ittapi_config_apply_per_lib :  ITTAPI function not implemented: __itt_heap_internal_access_end
1624768 : 0xa61d250a50b38 : 2 : ittapi_config_apply_per_lib :  ITTAPI function not implemented: __itt_heap_record_memory_growth_begin
1624768 : 0xa61d250a512b4 : 2 : ittapi_config_apply_per_lib :  ITTAPI function not implemented: __itt_heap_record_memory_growth_end
1624768 : 0xa61d250a51a28 : 2 : ittapi_config_apply_per_lib :  ITTAPI function not implemented: __itt_heap_reset_detection
1624768 : 0xa61d250a5218d : 2 : ittapi_config_apply_per_lib :  ITTAPI function not implemented: __itt_heap_record
1624768 : 0xa61d250a52868 : 2 : ittapi_config_apply_per_lib :  ITTAPI function not implemented: __itt_id_create
1624768 : 0xa61d250a52fd0 : 2 : ittapi_config_apply_per_lib :  ITTAPI function not implemented: __itt_id_destroy
1624768 : 0xa61d250a5362a : 2 : ittapi_config_apply_per_lib :  ITTAPI function instrumented: __itt_get_timestamp
1624768 : 0xa61d250a550af : 2 : ittapi_config_apply_per_lib :  ITTAPI function not implemented: __itt_region_begin
1624768 : 0xa61d250a55868 : 2 : ittapi_config_apply_per_lib :  ITTAPI function not implemented: __itt_region_end
1624768 : 0xa61d250a55f1f : 2 : ittapi_config_apply_per_lib :  ITTAPI function instrumented: __itt_frame_begin_v3
1624768 : 0xa61d250a5662b : 2 : ittapi_config_apply_per_lib :  ITTAPI function instrumented: __itt_frame_end_v3
1624768 : 0xa61d250a56cfb : 2 : ittapi_config_apply_per_lib :  ITTAPI function instrumented: __itt_frame_submit_v3
1624768 : 0xa61d250a57458 : 2 : ittapi_config_apply_per_lib :  ITTAPI function not implemented: __itt_task_group
1624768 : 0xa61d250a57bbe : 2 : ittapi_config_apply_per_lib :  ITTAPI function instrumented: __itt_task_begin
1624768 : 0xa61d250a58266 : 2 : ittapi_config_apply_per_lib :  ITTAPI function instrumented: __itt_task_begin_fn
1624768 : 0xa61d250a58914 : 2 : ittapi_config_apply_per_lib :  ITTAPI function instrumented: __itt_task_end
1624768 : 0xa61d250a590ac : 2 : ittapi_config_apply_per_lib :  ITTAPI function not implemented: __itt_counter_inc_v3
1624768 : 0xa61d250a5a476 : 2 : ittapi_config_apply_per_lib :  ITTAPI function not implemented: __itt_counter_inc_delta_v3
1624768 : 0xa61d250a5aba5 : 2 : ittapi_config_apply_per_lib :  ITTAPI function not implemented: __itt_counter_dec_v3
1624768 : 0xa61d250a5b2f9 : 2 : ittapi_config_apply_per_lib :  ITTAPI function not implemented: __itt_counter_dec_delta_v3
1624768 : 0xa61d250a5b9e5 : 2 : ittapi_config_apply_per_lib :  ITTAPI function not implemented: __itt_marker
1624768 : 0xa61d250a5c0eb : 2 : ittapi_config_apply_per_lib :  ITTAPI function instrumented: __itt_metadata_add
1624768 : 0xa61d250a5c876 : 2 : ittapi_config_apply_per_lib :  ITTAPI function not implemented: __itt_metadata_str_add
1624768 : 0xa61d250a5cf63 : 2 : ittapi_config_apply_per_lib :  ITTAPI function not implemented: __itt_relation_add_to_current
1624768 : 0xa61d250a5d6bf : 2 : ittapi_config_apply_per_lib :  ITTAPI function not implemented: __itt_relation_add
1624768 : 0xa61d250a5dd5a : 2 : ittapi_config_apply_per_lib :  ITTAPI function instrumented: __itt_event_create
1624768 : 0xa61d250a5e43b : 2 : ittapi_config_apply_per_lib :  ITTAPI function instrumented: __itt_event_start
1624768 : 0xa61d250a5f6f0 : 2 : ittapi_config_apply_per_lib :  ITTAPI function instrumented: __itt_event_end
1624768 : 0xa61d250a5fa7c : 2 : ittapi_config_apply_per_lib :  ITTAPI function NOT instrumented (not matched by --itt-config option): __itt_sync_set_name

1624768 : 0xa61d250a5fe0d : 2 : ittapi_config_apply_per_lib :  ITTAPI function NOT instrumented (not matched by --itt-config option): __itt_notify_sync_name

1624768 : 0xa61d250a60199 : 2 : ittapi_config_apply_per_lib :  ITTAPI function NOT instrumented (not matched by --itt-config option): __itt_notify_sync_prepare

1624768 : 0xa61d250a60544 : 2 : ittapi_config_apply_per_lib :  ITTAPI function NOT instrumented (not matched by --itt-config option): __itt_notify_sync_cancel

1624768 : 0xa61d250a608e6 : 2 : ittapi_config_apply_per_lib :  ITTAPI function NOT instrumented (not matched by --itt-config option): __itt_notify_sync_acquired

1624768 : 0xa61d250a60c4d : 2 : ittapi_config_apply_per_lib :  ITTAPI function NOT instrumented (not matched by --itt-config option): __itt_notify_sync_releasing

1624768 : 0xa61d250a61389 : 2 : ittapi_config_apply_per_lib :  ITTAPI function not implemented: __itt_memory_read
1624768 : 0xa61d250a61aee : 2 : ittapi_config_apply_per_lib :  ITTAPI function not implemented: __itt_memory_write
1624768 : 0xa61d250a621e3 : 2 : ittapi_config_apply_per_lib :  ITTAPI function not implemented: __itt_memory_update
1624768 : 0xa61d250a6351c : 2 : ittapi_config_apply_per_lib :  ITTAPI function not implemented: __itt_state_get
1624768 : 0xa61d250a63c51 : 2 : ittapi_config_apply_per_lib :  ITTAPI function not implemented: __itt_state_set
1624768 : 0xa61d250a6438f : 2 : ittapi_config_apply_per_lib :  ITTAPI function not implemented: __itt_obj_mode_set
1624768 : 0xa61d250a64ab2 : 2 : ittapi_config_apply_per_lib :  ITTAPI function not implemented: __itt_thr_mode_set
1624768 : 0xa61d250a6510f : 2 : ittapi_config_apply_per_lib :  ITTAPI function instrumented: __itt_frame_create
1624768 : 0xa61d250a6576a : 2 : ittapi_config_apply_per_lib :  ITTAPI function instrumented: __itt_pt_region_create
1624768 : 0xa61d250a65e23 : 2 : ittapi_config_apply_per_lib :  ITTAPI function instrumented: __itt_frame_begin
1624768 : 0xa61d250a664b9 : 2 : ittapi_config_apply_per_lib :  ITTAPI function instrumented: __itt_frame_end
1624768 : 0xa61d250a66c3a : 2 : ittapi_config_apply_per_lib :  ITTAPI function not implemented: __itt_counter_destroy
1624768 : 0xa61d250a672f0 : 2 : ittapi_config_apply_per_lib :  ITTAPI function instrumented: __itt_counter_inc
1624768 : 0xa61d250a68c6d : 2 : ittapi_config_apply_per_lib :  ITTAPI function instrumented: __itt_counter_inc_delta
1624768 : 0xa61d250a692ea : 2 : ittapi_config_apply_per_lib :  ITTAPI function instrumented: __itt_counter_dec
1624768 : 0xa61d250a699b0 : 2 : ittapi_config_apply_per_lib :  ITTAPI function instrumented: __itt_counter_dec_delta
1624768 : 0xa61d250a6a023 : 2 : ittapi_config_apply_per_lib :  ITTAPI function instrumented: __itt_counter_set_value
1624768 : 0xa61d250a6a783 : 2 : ittapi_config_apply_per_lib :  ITTAPI function not implemented: __itt_counter_set_value_ex
1624768 : 0xa61d250a6ae54 : 2 : ittapi_config_apply_per_lib :  ITTAPI function not implemented: __itt_mark_create
1624768 : 0xa61d250a6b5de : 2 : ittapi_config_apply_per_lib :  ITTAPI function not implemented: __itt_mark
1624768 : 0xa61d250a6bd22 : 2 : ittapi_config_apply_per_lib :  ITTAPI function not implemented: __itt_mark_off
1624768 : 0xa61d250a6c414 : 2 : ittapi_config_apply_per_lib :  ITTAPI function not implemented: __itt_mark_global
1624768 : 0xa61d250a6cb01 : 2 : ittapi_config_apply_per_lib :  ITTAPI function not implemented: __itt_mark_global_off
1624768 : 0xa61d250a6de53 : 2 : ittapi_config_apply_per_lib :  ITTAPI function instrumented: __itt_stack_caller_create
1624768 : 0xa61d250a6e55b : 2 : ittapi_config_apply_per_lib :  ITTAPI function instrumented: __itt_stack_caller_destroy
1624768 : 0xa61d250a6ebf5 : 2 : ittapi_config_apply_per_lib :  ITTAPI function instrumented: __itt_stack_callee_enter
1624768 : 0xa61d250a6f246 : 2 : ittapi_config_apply_per_lib :  ITTAPI function instrumented: __itt_stack_callee_leave
1624768 : 0xa61d250a6f9b4 : 2 : ittapi_config_apply_per_lib :  ITTAPI function not implemented: __itt_clock_domain_create
1624768 : 0xa61d250a70112 : 2 : ittapi_config_apply_per_lib :  ITTAPI function not implemented: __itt_clock_domain_reset
1624768 : 0xa61d250a70822 : 2 : ittapi_config_apply_per_lib :  ITTAPI function not implemented: __itt_id_create_ex
1624768 : 0xa61d250a70f52 : 2 : ittapi_config_apply_per_lib :  ITTAPI function not implemented: __itt_id_destroy_ex
1624768 : 0xa61d250a71669 : 2 : ittapi_config_apply_per_lib :  ITTAPI function not implemented: __itt_task_begin_ex
1624768 : 0xa61d250a71d44 : 2 : ittapi_config_apply_per_lib :  ITTAPI function not implemented: __itt_task_begin_fn_ex
1624768 : 0xa61d250a73053 : 2 : ittapi_config_apply_per_lib :  ITTAPI function not implemented: __itt_task_end_ex
1624768 : 0xa61d250a7370f : 2 : ittapi_config_apply_per_lib :  ITTAPI function instrumented: __itt_task_begin_overlapped
1624768 : 0xa61d250a73e89 : 2 : ittapi_config_apply_per_lib :  ITTAPI function not implemented: __itt_task_begin_overlapped_ex
1624768 : 0xa61d250a74571 : 2 : ittapi_config_apply_per_lib :  ITTAPI function instrumented: __itt_task_end_overlapped
1624768 : 0xa61d250a74ce6 : 2 : ittapi_config_apply_per_lib :  ITTAPI function not implemented: __itt_task_end_overlapped_ex
1624768 : 0xa61d250a7539e : 2 : ittapi_config_apply_per_lib :  ITTAPI function not implemented: __itt_marker_ex
1624768 : 0xa61d250a75b04 : 2 : ittapi_config_apply_per_lib :  ITTAPI function not implemented: __itt_metadata_add_with_scope
1624768 : 0xa61d250a7626f : 2 : ittapi_config_apply_per_lib :  ITTAPI function not implemented: __itt_metadata_str_add_with_scope
1624768 : 0xa61d250a769a3 : 2 : ittapi_config_apply_per_lib :  ITTAPI function not implemented: __itt_relation_add_to_current_ex
1624768 : 0xa61d250a77082 : 2 : ittapi_config_apply_per_lib :  ITTAPI function not implemented: __itt_relation_add_ex
1624768 : 0xa61d250a78aa1 : 2 : ittapi_config_apply_per_lib :  ITTAPI function not implemented: __itt_track_group_create
1624768 : 0xa61d250a79160 : 2 : ittapi_config_apply_per_lib :  ITTAPI function not implemented: __itt_track_create
1624768 : 0xa61d250a79885 : 2 : ittapi_config_apply_per_lib :  ITTAPI function not implemented: __itt_set_track
1624768 : 0xa61d250a79f2b : 2 : ittapi_config_apply_per_lib :  ITTAPI function instrumented: __itt_api_version
1624768 : 0xa61d250a7a65f : 2 : ittapi_config_apply_per_lib :  ITTAPI function not implemented: __itt_av_save
1624768 : 0xa61d250a7ad05 : 2 : ittapi_config_apply_per_lib :  ITTAPI function instrumented: __itt_module_load
1624768 : 0xa61d250a7b444 : 2 : ittapi_config_apply_per_lib :  ITTAPI function not implemented: __itt_module_unload