
102267 : 0xa1ef63dec4be6 : 1 : spill_jit_data :  Jit agent is not initialized
102251 : 0xa1ef63dec83a2 : 2 : ittapi_config_mask_get :  --itt-config mask to be applied: 55
102251 : 0xa1ef63dec9efd : 2 : ittapi_config_apply_per_lib :  ITTAPI function instrumented: __itt_domain_create
102251 : 0xa1ef63deca895 : 2 : ittapi_config_apply_per_lib :  ITTAPI function instrumented: __itt_module_load_with_sections
102251 : 0xa1ef63decb509 : 2 : ittapi_config_apply_per_lib :  ITTAPI function not implemented: __itt_module_unload_with_sections
102251 : 0xa1ef63decbd1d : 2 : ittapi_config_apply_per_lib :  ITTAPI function instrumented: __itt_string_handle_create
102251 : 0xa1ef63decc4c0 : 2 : ittapi_config_apply_per_lib :  ITTAPI function instrumented: __itt_counter_create
102251 : 0xa1ef63deccaeb : 2 : ittapi_config_apply_per_lib :  ITTAPI function instrumented: __itt_counter_create_typed
102251 : 0xa1ef63decd35e : 2 : ittapi_config_apply_per_lib :  ITTAPI function instrumented: __itt_pause
102251 : 0xa1ef63decda54 : 2 : ittapi_config_apply_per_lib :  ITTAPI function instrumented: __itt_resume
102251 : 0xa1ef63ded393a : 2 : ittapi_config_apply_per_lib :  ITTAPI function instrumented: __itt_thread_set_name
102251 : 0xa1ef63ded41f5 : 2 : ittapi_config_apply_per_lib :  ITTAPI function instrumented: __itt_thread_ignore
102251 : 0xa1ef63ded48e1 : 2 : ittapi_config_apply_per_lib :  ITTAPI function instrumented: __itt_thr_name_set
102251 : 0xa1ef63ded4f91 : 2 : ittapi_config_apply_per_lib :  ITTAPI function instrumented: __itt_thr_ignore
102251 : 0xa1ef63ded59d9 : 2 : ittapi_config_apply_per_lib :  ITTAPI function not implemented: __itt_enable_attach
102251 : 0xa1ef63ded6147 : 2 : ittapi_config_apply_per_lib :  ITTAPI function instrumented: __itt_detach
102251 : 0xa1ef63ded65ac : 2 : ittapi_config_apply_per_lib :  ITTAPI function NOT instrumented (not matched by --itt-config option): __itt_sync_create

102251 : 0xa1ef63ded69fc : 2 : ittapi_config_apply_per_lib :  ITTAPI function NOT instrumented (not matched by --itt-config option): __itt_sync_rename

102251 : 0xa1ef63ded6db7 : 2 : ittapi_config_apply_per_lib :  ITTAPI function NOT instrumented (not matched by --itt-config option): __itt_sync_destroy

102251 : 0xa1ef63ded71b6 : 2 : ittapi_config_apply_per_lib :  ITTAPI function NOT instrumented (not matched by --itt-config option): __itt_sync_prepare

102251 : 0xa1ef63ded85df : 2 : ittapi_config_apply_per_lib :  ITTAPI function NOT instrumented (not matched by --itt-config option): __itt_sync_cancel

102251 : 0xa1ef63ded8a0e : 2 : ittapi_config_apply_per_lib :  ITTAPI function NOT instrumented (not matched by --itt-config option): __itt_sync_acquired

102251 : 0xa1ef63ded8ddf : 2 : ittapi_config_apply_per_lib :  ITTAPI function NOT instrumented (not matched by --itt-config option): __itt_sync_releasing

102251 : 0xa1ef63ded96b1 : 2 : ittapi_config_apply_per_lib :  ITTAPI function not implemented: __itt_suppress_push
102251 : 0xa1ef63ded9f33 : 2 : ittapi_config_apply_per_lib :  ITTAPI function not implemented: __itt_suppress_pop
102251 : 0xa1ef63deda71d : 2 : ittapi_config_apply_per_lib :  ITTAPI function not implemented: __itt_suppress_mark_range
102251 : 0xa1ef63dedaf24 : 2 : ittapi_config_apply_per_lib :  ITTAPI function not implemented: __itt_suppress_clear_range
102251 : 0xa1ef63dedb2ee : 2 : ittapi_config_apply_per_lib :  ITTAPI function NOT instrumented (not matched by --itt-config option): __itt_sync_prepare

102251 : 0xa1ef63dedb6bc : 2 : ittapi_config_apply_per_lib :  ITTAPI function NOT instrumented (not matched by --itt-config option): __itt_sync_cancel

102251 : 0xa1ef63dedba51 : 2 : ittapi_config_apply_per_lib :  ITTAPI function NOT instrumented (not matched by --itt-config option): __itt_sync_acquired

102251 : 0xa1ef63dedc9e6 : 2 : ittapi_config_apply_per_lib :  ITTAPI function NOT instrumented (not matched by --itt-config option): __itt_sync_releasing

102251 : 0xa1ef63dedce10 : 2 : ittapi_config_apply_per_lib :  ITTAPI function NOT instrumented (not matched by --itt-config option): __itt_model_site_begin

102251 : 0xa1ef63dedd1cd : 2 : ittapi_config_apply_per_lib :  ITTAPI function NOT instrumented (not matched by --itt-config option): __itt_model_site_end

102251 : 0xa1ef63dedd565 : 2 : ittapi_config_apply_per_lib :  ITTAPI function NOT instrumented (not matched by --itt-config option): __itt_model_task_begin

102251 : 0xa1ef63dedd8c0 : 2 : ittapi_config_apply_per_lib :  ITTAPI function NOT instrumented (not matched by --itt-config option): __itt_model_task_end

102251 : 0xa1ef63deddc35 : 2 : ittapi_config_apply_per_lib :  ITTAPI function NOT instrumented (not matched by --itt-config option): __itt_model_lock_acquire

102251 : 0xa1ef63dede052 : 2 : ittapi_config_apply_per_lib :  ITTAPI function NOT instrumented (not matched by --itt-config option): __itt_model_lock_release

102251 : 0xa1ef63dede3b8 : 2 : ittapi_config_apply_per_lib :  ITTAPI function NOT instrumented (not matched by --itt-config option): __itt_model_record_allocation

102251 : 0xa1ef63dede6ef : 2 : ittapi_config_apply_per_lib :  ITTAPI function NOT instrumented (not matched by --itt-config option): __itt_model_record_deallocation

102251 : 0xa1ef63dedea1d : 2 : ittapi_config_apply_per_lib :  ITTAPI function NOT instrumented (not matched by --itt-config option): __itt_model_induction_uses

102251 : 0xa1ef63dee079d : 2 : ittapi_config_apply_per_lib :  ITTAPI function NOT instrumented (not matched by --itt-config option): __itt_model_reduction_uses

102251 : 0xa1ef63dee0ba2 : 2 : ittapi_config_apply_per_lib :  ITTAPI function NOT instrumented (not matched by --itt-config option): __itt_model_observe_uses

102251 : 0xa1ef63dee0f53 : 2 : ittapi_config_apply_per_lib :  ITTAPI function NOT instrumented (not matched by --itt-config option): __itt_model_clear_uses

102251 : 0xa1ef63dee12e8 : 2 : ittapi_config_apply_per_lib :  ITTAPI function NOT instrumented (not matched by --itt-config option): __itt_model_site_beginA

102251 : 0xa1ef63dee168e : 2 : ittapi_config_apply_per_lib :  ITTAPI function NOT instrumented (not matched by --itt-config option): __itt_model_site_beginAL

102251 : 0xa1ef63dee19ee : 2 : ittapi_config_apply_per_lib :  ITTAPI function NOT instrumented (not matched by --itt-config option): __itt_model_task_beginA

102251 : 0xa1ef63dee1d58 : 2 : ittapi_config_apply_per_lib :  ITTAPI function NOT instrumented (not matched by --itt-config option): __itt_model_task_beginAL

102251 : 0xa1ef63dee20b2 : 2 : ittapi_config_apply_per_lib :  ITTAPI function NOT instrumented (not matched by --itt-config option): __itt_model_iteration_taskA

102251 : 0xa1ef63dee23fb : 2 : ittapi_config_apply_per_lib :  ITTAPI function NOT instrumented (not matched by --itt-config option): __itt_model_iteration_taskAL

102251 : 0xa1ef63dee2727 : 2 : ittapi_config_apply_per_lib :  ITTAPI function NOT instrumented (not matched by --itt-config option): __itt_model_site_end_2

102251 : 0xa1ef63dee368b : 2 : ittapi_config_apply_per_lib :  ITTAPI function NOT instrumented (not matched by --itt-config option): __itt_model_task_end_2

102251 : 0xa1ef63dee3a0e : 2 : ittapi_config_apply_per_lib :  ITTAPI function NOT instrumented (not matched by --itt-config option): __itt_model_lock_acquire_2

102251 : 0xa1ef63dee3dd4 : 2 : ittapi_config_apply_per_lib :  ITTAPI function NOT instrumented (not matched by --itt-config option): __itt_model_lock_release_2

102251 : 0xa1ef63dee4154 : 2 : ittapi_config_apply_per_lib :  ITTAPI function NOT instrumented (not matched by --itt-config option): __itt_model_aggregate_task

102251 : 0xa1ef63dee44b9 : 2 : ittapi_config_apply_per_lib :  ITTAPI function NOT instrumented (not matched by --itt-config option): __itt_model_disable_push

102251 : 0xa1ef63dee480f : 2 : ittapi_config_apply_per_lib :  ITTAPI function NOT instrumented (not matched by --itt-config option): __itt_model_disable_pop

102251 : 0xa1ef63dee4f56 : 2 : ittapi_config_apply_per_lib :  ITTAPI function instrumented: __itt_heap_function_create
102251 : 0xa1ef63dee5688 : 2 : ittapi_config_apply_per_lib :  ITTAPI function instrumented: __itt_heap_allocate_begin
102251 : 0xa1ef63dee5d08 : 2 : ittapi_config_apply_per_lib :  ITTAPI function instrumented: __itt_heap_allocate_end
102251 : 0xa1ef63dee6435 : 2 : ittapi_config_apply_per_lib :  ITTAPI function instrumented: __itt_heap_free_begin
102251 : 0xa1ef63dee8109 : 2 : ittapi_config_apply_per_lib :  ITTAPI function instrumented: __itt_heap_free_end
102251 : 0xa1ef63dee886d : 2 : ittapi_config_apply_per_lib :  ITTAPI function instrumented: __itt_heap_reallocate_begin
102251 : 0xa1ef63dee8f2d : 2 : ittapi_config_apply_per_lib :  ITTAPI function instrumented: __itt_heap_reallocate_end
102251 : 0xa1ef63dee9795 : 2 : ittapi_config_apply_per_lib :  ITTAPI function not implemented: __itt_heap_internal_access_begin
102251 : 0xa1ef63dee9f20 : 2 : ittapi_config_apply_per_lib :  ITTAPI function not implemented: __itt_heap_internal_access_end
102251 : 0xa1ef63deea74d : 2 : ittapi_config_apply_per_lib :  ITTAPI function not implemented: __itt_heap_record_memory_growth_begin
102251 : 0xa1ef63deeaf1a : 2 : ittapi_config_apply_per_lib :  ITTAPI function not implemented: __itt_heap_record_memory_growth_end
102251 : 0xa1ef63deeb7a8 : 2 : ittapi_config_apply_per_lib :  ITTAPI function not implemented: __itt_heap_reset_detection
102251 : 0xa1ef63deec01e : 2 : ittapi_config_apply_per_lib :  ITTAPI function not implemented: __itt_heap_record
102251 : 0xa1ef63deec7d2 : 2 : ittapi_config_apply_per_lib :  ITTAPI function not implemented: __itt_id_create
102251 : 0xa1ef63deedca3 : 2 : ittapi_config_apply_per_lib :  ITTAPI function not implemented: __itt_id_destroy
102251 : 0xa1ef63deee428 : 2 : ittapi_config_apply_per_lib :  ITTAPI function instrumented: __itt_get_timestamp
102251 : 0xa1ef63deeeb9e : 2 : ittapi_config_apply_per_lib :  ITTAPI function not implemented: __itt_region_begin
102251 : 0xa1ef63deef39c : 2 : ittapi_config_apply_per_lib :  ITTAPI function not implemented: __itt_region_end
102251 : 0xa1ef63deefb0d : 2 : ittapi_config_apply_per_lib :  ITTAPI function instrumented: __itt_frame_begin_v3
102251 : 0xa1ef63def028c : 2 : ittapi_config_apply_per_lib :  ITTAPI function instrumented: __itt_frame_end_v3
102251 : 0xa1ef63def09a2 : 2 : ittapi_config_apply_per_lib :  ITTAPI function instrumented: __itt_frame_submit_v3
102251 : 0xa1ef63def112b : 2 : ittapi_config_apply_per_lib :  ITTAPI function not implemented: __itt_task_group
102251 : 0xa1ef63def1867 : 2 : ittapi_config_apply_per_lib :  ITTAPI function instrumented: __itt_task_begin
102251 : 0xa1ef63def1f75 : 2 : ittapi_config_apply_per_lib :  ITTAPI function instrumented: __itt_task_begin_fn
102251 : 0xa1ef63def32b9 : 2 : ittapi_config_apply_per_lib :  ITTAPI function instrumented: __itt_task_end
102251 : 0xa1ef63def3b1e : 2 : ittapi_config_apply_per_lib :  ITTAPI function not implemented: __itt_counter_inc_v3
102251 : 0xa1ef63def431e : 2 : ittapi_config_apply_per_lib :  ITTAPI function not implemented: __itt_counter_inc_delta_v3
102251 : 0xa1ef63def4b1d : 2 : ittapi_config_apply_per_lib :  ITTAPI function not implemented: __itt_counter_dec_v3
102251 : 0xa1ef63def528f : 2 : ittapi_config_apply_per_lib :  ITTAPI function not implemented: __itt_counter_dec_delta_v3
102251 : 0xa1ef63def5a5f : 2 : ittapi_config_apply_per_lib :  ITTAPI function not implemented: __itt_marker
102251 : 0xa1ef63def6178 : 2 : ittapi_config_apply_per_lib :  ITTAPI function instrumented: __itt_metadata_add
102251 : 0xa1ef63def692a : 2 : ittapi_config_apply_per_lib :  ITTAPI function not implemented: __itt_metadata_str_add
102251 : 0xa1ef63def7083 : 2 : ittapi_config_apply_per_lib :  ITTAPI function not implemented: __itt_relation_add_to_current
102251 : 0xa1ef63def7820 : 2 : ittapi_config_apply_per_lib :  ITTAPI function not implemented: __itt_relation_add
102251 : 0xa1ef63def8b0a : 2 : ittapi_config_apply_per_lib :  ITTAPI function instrumented: __itt_event_create
102251 : 0xa1ef63def927d : 2 : ittapi_config_apply_per_lib :  ITTAPI function instrumented: __itt_event_start
102251 : 0xa1ef63def994a : 2 : ittapi_config_apply_per_lib :  ITTAPI function instrumented: __itt_event_end
102251 : 0xa1ef63def9cda : 2 : ittapi_config_apply_per_lib :  ITTAPI function NOT instrumented (not matched by --itt-config option): __itt_sync_set_name

102251 : 0xa1ef63defa0b2 : 2 : ittapi_config_apply_per_lib :  ITTAPI function NOT instrumented (not matched by --itt-config option): __itt_notify_sync_name

102251 : 0xa1ef63defa479 : 2 : ittapi_config_apply_per_lib :  ITTAPI function NOT instrumented (not matched by --itt-config option): __itt_notify_sync_prepare

102251 : 0xa1ef63defa813 : 2 : ittapi_config_apply_per_lib :  ITTAPI function NOT instrumented (not matched by --itt-config option): __itt_notify_sync_cancel

102251 : 0xa1ef63defabba : 2 : ittapi_config_apply_per_lib :  ITTAPI function NOT instrumented (not matched by --itt-config option): __itt_notify_sync_acquired

102251 : 0xa1ef63defaf43 : 2 : ittapi_config_apply_per_lib :  ITTAPI function NOT instrumented (not matched by --itt-config option): __itt_notify_sync_releasing

102251 : 0xa1ef63defb70b : 2 : ittapi_config_apply_per_lib :  ITTAPI function not implemented: __itt_memory_read
102251 : 0xa1ef63defd2ec : 2 : ittapi_config_apply_per_lib :  ITTAPI function not implemented: __itt_memory_write
102251 : 0xa1ef63defdae4 : 2 : ittapi_config_apply_per_lib :  ITTAPI function not implemented: __itt_memory_update
102251 : 0xa1ef63defe2c0 : 2 : ittapi_config_apply_per_lib :  ITTAPI function not implemented: __itt_state_get
102251 : 0xa1ef63defea02 : 2 : ittapi_config_apply_per_lib :  ITTAPI function not implemented: __itt_state_set
102251 : 0xa1ef63deff1cf : 2 : ittapi_config_apply_per_lib :  ITTAPI function not implemented: __itt_obj_mode_set
102251 : 0xa1ef63deff94e : 2 : ittapi_config_apply_per_lib :  ITTAPI function not implemented: __itt_thr_mode_set
102251 : 0xa1ef63defffe5 : 2 : ittapi_config_apply_per_lib :  ITTAPI function instrumented: __itt_frame_create
102251 : 0xa1ef63df0065b : 2 : ittapi_config_apply_per_lib :  ITTAPI function instrumented: __itt_pt_region_create
102251 : 0xa1ef63df00cd3 : 2 : ittapi_config_apply_per_lib :  ITTAPI function instrumented: __itt_frame_begin
102251 : 0xa1ef63df01398 : 2 : ittapi_config_apply_per_lib :  ITTAPI function instrumented: __itt_frame_end
102251 : 0xa1ef63df029d1 : 2 : ittapi_config_apply_per_lib :  ITTAPI function not implemented: __itt_counter_destroy
102251 : 0xa1ef63df0311a : 2 : ittapi_config_apply_per_lib :  ITTAPI function instrumented: __itt_counter_inc
102251 : 0xa1ef63df037d8 : 2 : ittapi_config_apply_per_lib :  ITTAPI function instrumented: __itt_counter_inc_delta
102251 : 0xa1ef63df03e37 : 2 : ittapi_config_apply_per_lib :  ITTAPI function instrumented: __itt_counter_dec
102251 : 0xa1ef63df044e8 : 2 : ittapi_config_apply_per_lib :  ITTAPI function instrumented: __itt_counter_dec_delta
102251 : 0xa1ef63df04b5a : 2 : ittapi_config_apply_per_lib :  ITTAPI function instrumented: __itt_counter_set_value
102251 : 0xa1ef63df05289 : 2 : ittapi_config_apply_per_lib :  ITTAPI function not implemented: __itt_counter_set_value_ex
102251 : 0xa1ef63df05990 : 2 : ittapi_config_apply_per_lib :  ITTAPI function not implemented: __itt_mark_create
102251 : 0xa1ef63df06100 : 2 : ittapi_config_apply_per_lib :  ITTAPI function not implemented: __itt_mark
102251 : 0xa1ef63df06893 : 2 : ittapi_config_apply_per_lib :  ITTAPI function not implemented: __itt_mark_off
102251 : 0xa1ef63df07c38 : 2 : ittapi_config_apply_per_lib :  ITTAPI function not implemented: __itt_mark_global
102251 : 0xa1ef63df083a0 : 2 : ittapi_config_apply_per_lib :  ITTAPI function not implemented: __itt_mark_global_off
102251 : 0xa1ef63df08b4e : 2 : ittapi_config_apply_per_lib :  ITTAPI function instrumented: __itt_stack_caller_create
102251 : 0xa1ef63df09222 : 2 : ittapi_config_apply_per_lib :  ITTAPI function instrumented: __itt_stack_caller_destroy
102251 : 0xa1ef63df09922 : 2 : ittapi_config_apply_per_lib :  ITTAPI function instrumented: __itt_stack_callee_enter
102251 : 0xa1ef63df09fa1 : 2 : ittapi_config_apply_per_lib :  ITTAPI function instrumented: __itt_stack_callee_leave
102251 : 0xa1ef63df0a6da : 2 : ittapi_config_apply_per_lib :  ITTAPI function not implemented: __itt_clock_domain_create
102251 : 0xa1ef63df0ae3d : 2 : ittapi_config_apply_per_lib :  ITTAPI function not implemented: __itt_clock_domain_reset
102251 : 0xa1ef63df0b566 : 2 : ittapi_config_apply_per_lib :  ITTAPI function not implemented: __itt_id_create_ex
102251 : 0xa1ef63df0bcbd : 2 : ittapi_config_apply_per_lib :  ITTAPI function not implemented: __itt_id_destroy_ex
102251 : 0xa1ef63df0d91a : 2 : ittapi_config_apply_per_lib :  ITTAPI function not implemented: __itt_task_begin_ex
102251 : 0xa1ef63df0e0fd : 2 : ittapi_config_apply_per_lib :  ITTAPI function not implemented: __itt_task_begin_fn_ex
102251 : 0xa1ef63df0e88e : 2 : ittapi_config_apply_per_lib :  ITTAPI function not implemented: __itt_task_end_ex
102251 : 0xa1ef63df0efba : 2 : ittapi_config_apply_per_lib :  ITTAPI function instrumented: __itt_task_begin_overlapped
102251 : 0xa1ef63df0f703 : 2 : ittapi_config_apply_per_lib :  ITTAPI function not implemented: __itt_task_begin_overlapped_ex
102251 : 0xa1ef63df0fdd3 : 2 : ittapi_config_apply_per_lib :  ITTAPI function instrumented: __itt_task_end_overlapped
102251 : 0xa1ef63df10535 : 2 : ittapi_config_apply_per_lib :  ITTAPI function not implemented: __itt_task_end_overlapped_ex
102251 : 0xa1ef63df10c4d : 2 : ittapi_config_apply_per_lib :  ITTAPI function not implemented: __itt_marker_ex
102251 : 0xa1ef63df11455 : 2 : ittapi_config_apply_per_lib :  ITTAPI function not implemented: __itt_metadata_add_with_scope
102251 : 0xa1ef63df14b08 : 2 : ittapi_config_apply_per_lib :  ITTAPI function not implemented: __itt_metadata_str_add_with_scope
102251 : 0xa1ef63df166b4 : 2 : ittapi_config_apply_per_lib :  ITTAPI function not implemented: __itt_relation_add_to_current_ex
102251 : 0xa1ef63df16e9d : 2 : ittapi_config_apply_per_lib :  ITTAPI function not implemented: __itt_relation_add_ex
102251 : 0xa1ef63df176a7 : 2 : ittapi_config_apply_per_lib :  ITTAPI function not implemented: __itt_track_group_create
102251 : 0xa1ef63df17dfe : 2 : ittapi_config_apply_per_lib :  ITTAPI function not implemented: __itt_track_create
102251 : 0xa1ef63df1858e : 2 : ittapi_config_apply_per_lib :  ITTAPI function not implemented: __itt_set_track
102251 : 0xa1ef63df18d22 : 2 : ittapi_config_apply_per_lib :  ITTAPI function instrumented: __itt_api_version
102251 : 0xa1ef63df19452 : 2 : ittapi_config_apply_per_lib :  ITTAPI function not implemented: __itt_av_save
102251 : 0xa1ef63df19b5d : 2 : ittapi_config_apply_per_lib :  ITTAPI function instrumented: __itt_module_load
102251 : 0xa1ef63df1a305 : 2 : ittapi_config_apply_per_lib :  ITTAPI function not implemented: __itt_module_unload
102251 : 0xa1ef63df61d81 : 2 : ittapi_config_mask_get :  --itt-config mask to be applied: 55
102251 : 0xa1ef63df63ee1 : 2 : ittapi_config_apply_per_lib :  ITTAPI function instrumented: __itt_domain_create
102251 : 0xa1ef63df6477a : 2 : ittapi_config_apply_per_lib :  ITTAPI function instrumented: __itt_module_load_with_sections
102251 : 0xa1ef63df6505d : 2 : ittapi_config_apply_per_lib :  ITTAPI function not implemented: __itt_module_unload_with_sections
102251 : 0xa1ef63df65753 : 2 : ittapi_config_apply_per_lib :  ITTAPI function instrumented: __itt_string_handle_create
102251 : 0xa1ef63df65de3 : 2 : ittapi_config_apply_per_lib :  ITTAPI function instrumented: __itt_counter_create
102251 : 0xa1ef63df6643c : 2 : ittapi_config_apply_per_lib :  ITTAPI function instrumented: __itt_counter_create_typed
102251 : 0xa1ef63df66b30 : 2 : ittapi_config_apply_per_lib :  ITTAPI function instrumented: __itt_pause
102251 : 0xa1ef63df671fd : 2 : ittapi_config_apply_per_lib :  ITTAPI function instrumented: __itt_resume
102251 : 0xa1ef63df67811 : 2 : ittapi_config_apply_per_lib :  ITTAPI function instrumented: __itt_thread_set_name
102251 : 0xa1ef63df67f17 : 2 : ittapi_config_apply_per_lib :  ITTAPI function instrumented: __itt_thread_ignore
102251 : 0xa1ef63df692ae : 2 : ittapi_config_apply_per_lib :  ITTAPI function instrumented: __itt_thr_name_set
102251 : 0xa1ef63df69977 : 2 : ittapi_config_apply_per_lib :  ITTAPI function instrumented: __itt_thr_ignore
102251 : 0xa1ef63df6a154 : 2 : ittapi_config_apply_per_lib :  ITTAPI function not implemented: __itt_enable_attach
102251 : 0xa1ef63df6a7e6 : 2 : ittapi_config_apply_per_lib :  ITTAPI function instrumented: __itt_detach
102251 : 0xa1ef63df6aba7 : 2 : ittapi_config_apply_per_lib :  ITTAPI function NOT instrumented (not matched by --itt-config option): __itt_sync_create

102251 : 0xa1ef63df6af86 : 2 : ittapi_config_apply_per_lib :  ITTAPI function NOT instrumented (not matched by --itt-config option): __itt_sync_rename

102251 : 0xa1ef63df6b32f : 2 : ittapi_config_apply_per_lib :  ITTAPI function NOT instrumented (not matched by --itt-config option): __itt_sync_destroy

102251 : 0xa1ef63df6b6fd : 2 : ittapi_config_apply_per_lib :  ITTAPI function NOT instrumented (not matched by --itt-config option): __itt_sync_prepare

102251 : 0xa1ef63df6ba65 : 2 : ittapi_config_apply_per_lib :  ITTAPI function NOT instrumented (not matched by --itt-config option): __itt_sync_cancel

102251 : 0xa1ef63df6bdb8 : 2 : ittapi_config_apply_per_lib :  ITTAPI function NOT instrumented (not matched by --itt-config option): __itt_sync_acquired

102251 : 0xa1ef63df6d94e : 2 : ittapi_config_apply_per_lib :  ITTAPI function NOT instrumented (not matched by --itt-config option): __itt_sync_releasing

102251 : 0xa1ef63df6e220 : 2 : ittapi_config_apply_per_lib :  ITTAPI function not implemented: __itt_suppress_push
102251 : 0xa1ef63df6ea86 : 2 : ittapi_config_apply_per_lib :  ITTAPI function not implemented: __itt_suppress_pop
102251 : 0xa1ef63df6f1d8 : 2 : ittapi_config_apply_per_lib :  ITTAPI function not implemented: __itt_suppress_mark_range
102251 : 0xa1ef63df6f977 : 2 : ittapi_config_apply_per_lib :  ITTAPI function not implemented: __itt_suppress_clear_range
102251 : 0xa1ef63df6fd20 : 2 : ittapi_config_apply_per_lib :  ITTAPI function NOT instrumented (not matched by --itt-config option): __itt_sync_prepare

102251 : 0xa1ef63df7009a : 2 : ittapi_config_apply_per_lib :  ITTAPI function NOT instrumented (not matched by --itt-config option): __itt_sync_cancel

102251 : 0xa1ef63df70408 : 2 : ittapi_config_apply_per_lib :  ITTAPI function NOT instrumented (not matched by --itt-config option): __itt_sync_acquired

102251 : 0xa1ef63df70784 : 2 : ittapi_config_apply_per_lib :  ITTAPI function NOT instrumented (not matched by --itt-config option): __itt_sync_releasing

102251 : 0xa1ef63df70ba0 : 2 : ittapi_config_apply_per_lib :  ITTAPI function NOT instrumented (not matched by --itt-config option): __itt_model_site_begin

102251 : 0xa1ef63df71c08 : 2 : ittapi_config_apply_per_lib :  ITTAPI function NOT instrumented (not matched by --itt-config option): __itt_model_site_end

102251 : 0xa1ef63df71fc4 : 2 : ittapi_config_apply_per_lib :  ITTAPI function NOT instrumented (not matched by --itt-config option): __itt_model_task_begin

102251 : 0xa1ef63df72341 : 2 : ittapi_config_apply_per_lib :  ITTAPI function NOT instrumented (not matched by --itt-config option): __itt_model_task_end

102251 : 0xa1ef63df726ae : 2 : ittapi_config_apply_per_lib :  ITTAPI function NOT instrumented (not matched by --itt-config option): __itt_model_lock_acquire

102251 : 0xa1ef63df72a79 : 2 : ittapi_config_apply_per_lib :  ITTAPI function NOT instrumented (not matched by --itt-config option): __itt_model_lock_release

102251 : 0xa1ef63df72def : 2 : ittapi_config_apply_per_lib :  ITTAPI function NOT instrumented (not matched by --itt-config option): __itt_model_record_allocation

102251 : 0xa1ef63df73124 : 2 : ittapi_config_apply_per_lib :  ITTAPI function NOT instrumented (not matched by --itt-config option): __itt_model_record_deallocation

102251 : 0xa1ef63df734a5 : 2 : ittapi_config_apply_per_lib :  ITTAPI function NOT instrumented (not matched by --itt-config option): __itt_model_induction_uses

102251 : 0xa1ef63df73829 : 2 : ittapi_config_apply_per_lib :  ITTAPI function NOT instrumented (not matched by --itt-config option): __itt_model_reduction_uses

102251 : 0xa1ef63df73b91 : 2 : ittapi_config_apply_per_lib :  ITTAPI function NOT instrumented (not matched by --itt-config option): __itt_model_observe_uses

102251 : 0xa1ef63df74a72 : 2 : ittapi_config_apply_per_lib :  ITTAPI function NOT instrumented (not matched by --itt-config option): __itt_model_clear_uses

102251 : 0xa1ef63df74e50 : 2 : ittapi_config_apply_per_lib :  ITTAPI function NOT instrumented (not matched by --itt-config option): __itt_model_site_beginA

102251 : 0xa1ef63df751cc : 2 : ittapi_config_apply_per_lib :  ITTAPI function NOT instrumented (not matched by --itt-config option): __itt_model_site_beginAL

102251 : 0xa1ef63df7554b : 2 : ittapi_config_apply_per_lib :  ITTAPI function NOT instrumented (not matched by --itt-config option): __itt_model_task_beginA

102251 : 0xa1ef63df758ba : 2 : ittapi_config_apply_per_lib :  ITTAPI function NOT instrumented (not matched by --itt-config option): __itt_model_task_beginAL

102251 : 0xa1ef63df75c41 : 2 : ittapi_config_apply_per_lib :  ITTAPI function NOT instrumented (not matched by --itt-config option): __itt_model_iteration_taskA

102251 : 0xa1ef63df75f8c : 2 : ittapi_config_apply_per_lib :  ITTAPI function NOT instrumented (not matched by --itt-config option): __itt_model_iteration_taskAL

102251 : 0xa1ef63df762c7 : 2 : ittapi_config_apply_per_lib :  ITTAPI function NOT instrumented (not matched by --itt-config option): __itt_model_site_end_2

102251 : 0xa1ef63df76670 : 2 : ittapi_config_apply_per_lib :  ITTAPI function NOT instrumented (not matched by --itt-config option): __itt_model_task_end_2

102251 : 0xa1ef63df769f2 : 2 : ittapi_config_apply_per_lib :  ITTAPI function NOT instrumented (not matched by --itt-config option): __itt_model_lock_acquire_2

102251 : 0xa1ef63df77fc2 : 2 : ittapi_config_apply_per_lib :  ITTAPI function NOT instrumented (not matched by --itt-config option): __itt_model_lock_release_2

102251 : 0xa1ef63df78394 : 2 : ittapi_config_apply_per_lib :  ITTAPI function NOT instrumented (not matched by --itt-config option): __itt_model_aggregate_task

102251 : 0xa1ef63df7871c : 2 : ittapi_config_apply_per_lib :  ITTAPI function NOT instrumented (not matched by --itt-config option): __itt_model_disable_push

102251 : 0xa1ef63df78ab2 : 2 : ittapi_config_apply_per_lib :  ITTAPI function NOT instrumented (not matched by --itt-config option): __itt_model_disable_pop

102251 : 0xa1ef63df79201 : 2 : ittapi_config_apply_per_lib :  ITTAPI function instrumented: __itt_heap_function_create
102251 : 0xa1ef63df798f2 : 2 : ittapi_config_apply_per_lib :  ITTAPI function instrumented: __itt_heap_allocate_begin
102251 : 0xa1ef63df79f6f : 2 : ittapi_config_apply_per_lib :  ITTAPI function instrumented: __itt_heap_allocate_end
102251 : 0xa1ef63df7a64d : 2 : ittapi_config_apply_per_lib :  ITTAPI function instrumented: __itt_heap_free_begin
102251 : 0xa1ef63df7acb5 : 2 : ittapi_config_apply_per_lib :  ITTAPI function instrumented: __itt_heap_free_end
102251 : 0xa1ef63df7b32e : 2 : ittapi_config_apply_per_lib :  ITTAPI function instrumented: __itt_heap_reallocate_begin
102251 : 0xa1ef63df7c670 : 2 : ittapi_config_apply_per_lib :  ITTAPI function instrumented: __itt_heap_reallocate_end
102251 : 0xa1ef63df7cee6 : 2 : ittapi_config_apply_per_lib :  ITTAPI function not implemented: __itt_heap_internal_access_begin
102251 : 0xa1ef63df7d679 : 2 : ittapi_config_apply_per_lib :  ITTAPI function not implemented: __itt_heap_internal_access_end
102251 : 0xa1ef63df7de16 : 2 : ittapi_config_apply_per_lib :  ITTAPI function not implemented: __itt_heap_record_memory_growth_begin
102251 : 0xa1ef63df7e5b2 : 2 : ittapi_config_apply_per_lib :  ITTAPI function not implemented: __itt_heap_record_memory_growth_end
102251 : 0xa1ef63df7ed38 : 2 : ittapi_config_apply_per_lib :  ITTAPI function not implemented: __itt_heap_reset_detection
102251 : 0xa1ef63df7f4ba : 2 : ittapi_config_apply_per_lib :  ITTAPI function not implemented: __itt_heap_record
102251 : 0xa1ef63df7fbd1 : 2 : ittapi_config_apply_per_lib :  ITTAPI function not implemented: __itt_id_create
102251 : 0xa1ef63df80365 : 2 : ittapi_config_apply_per_lib :  ITTAPI function not implemented: __itt_id_destroy
102251 : 0xa1ef63df809fd : 2 : ittapi_config_apply_per_lib :  ITTAPI function instrumented: __itt_get_timestamp
102251 : 0xa1ef63df81dfb : 2 : ittapi_config_apply_per_lib :  ITTAPI function not implemented: __itt_region_begin
102251 : 0xa1ef63df825df : 2 : ittapi_config_apply_per_lib :  ITTAPI function not implemented: __itt_region_end
102251 : 0xa1ef63df82d3d : 2 : ittapi_config_apply_per_lib :  ITTAPI function instrumented: __itt_frame_begin_v3
102251 : 0xa1ef63df8347d : 2 : ittapi_config_apply_per_lib :  ITTAPI function instrumented: __itt_frame_end_v3
102251 : 0xa1ef63df83b28 : 2 : ittapi_config_apply_per_lib :  ITTAPI function instrumented: __itt_frame_submit_v3
102251 : 0xa1ef63df8425a : 2 : ittapi_config_apply_per_lib :  ITTAPI function not implemented: __itt_task_group
102251 : 0xa1ef63df849c0 : 2 : ittapi_config_apply_per_lib :  ITTAPI function instrumented: __itt_task_begin
102251 : 0xa1ef63df8505f : 2 : ittapi_config_apply_per_lib :  ITTAPI function instrumented: __itt_task_begin_fn
102251 : 0xa1ef63df856f6 : 2 : ittapi_config_apply_per_lib :  ITTAPI function instrumented: __itt_task_end
102251 : 0xa1ef63df85e6a : 2 : ittapi_config_apply_per_lib :  ITTAPI function not implemented: __itt_counter_inc_v3
102251 : 0xa1ef63df87b11 : 2 : ittapi_config_apply_per_lib :  ITTAPI function not implemented: __itt_counter_inc_delta_v3
102251 : 0xa1ef63df882d3 : 2 : ittapi_config_apply_per_lib :  ITTAPI function not implemented: __itt_counter_dec_v3
102251 : 0xa1ef63df88a1c : 2 : ittapi_config_apply_per_lib :  ITTAPI function not implemented: __itt_counter_dec_delta_v3
102251 : 0xa1ef63df89166 : 2 : ittapi_config_apply_per_lib :  ITTAPI function not implemented: __itt_marker
102251 : 0xa1ef63df8988c : 2 : ittapi_config_apply_per_lib :  ITTAPI function instrumented: __itt_metadata_add
102251 : 0xa1ef63df8a006 : 2 : ittapi_config_apply_per_lib :  ITTAPI function not implemented: __itt_metadata_str_add
102251 : 0xa1ef63df8a72e : 2 : ittapi_config_apply_per_lib :  ITTAPI function not implemented: __itt_relation_add_to_current
102251 : 0xa1ef63df8ae89 : 2 : ittapi_config_apply_per_lib :  ITTAPI function not implemented: __itt_relation_add
102251 : 0xa1ef63df8b539 : 2 : ittapi_config_apply_per_lib :  ITTAPI function instrumented: __itt_event_create
102251 : 0xa1ef63df8bbc8 : 2 : ittapi_config_apply_per_lib :  ITTAPI function instrumented: __itt_event_start
102251 : 0xa1ef63df8d0a6 : 2 : ittapi_config_apply_per_lib :  ITTAPI function instrumented: __itt_event_end
102251 : 0xa1ef63df8d4a7 : 2 : ittapi_config_apply_per_lib :  ITTAPI function NOT instrumented (not matched by --itt-config option): __itt_sync_set_name

102251 : 0xa1ef63df8d85f : 2 : ittapi_config_apply_per_lib :  ITTAPI function NOT instrumented (not matched by --itt-config option): __itt_notify_sync_name

102251 : 0xa1ef63df8dc02 : 2 : ittapi_config_apply_per_lib :  ITTAPI function NOT instrumented (not matched by --itt-config option): __itt_notify_sync_prepare

102251 : 0xa1ef63df8df8b : 2 : ittapi_config_apply_per_lib :  ITTAPI function NOT instrumented (not matched by --itt-config option): __itt_notify_sync_cancel

102251 : 0xa1ef63df8e2f4 : 2 : ittapi_config_apply_per_lib :  ITTAPI function NOT instrumented (not matched by --itt-config option): __itt_notify_sync_acquired

102251 : 0xa1ef63df8e665 : 2 : ittapi_config_apply_per_lib :  ITTAPI function NOT instrumented (not matched by --itt-config option): __itt_notify_sync_releasing

102251 : 0xa1ef63df8ed98 : 2 : ittapi_config_apply_per_lib :  ITTAPI function not implemented: __itt_memory_read
102251 : 0xa1ef63df8f4f2 : 2 : ittapi_config_apply_per_lib :  ITTAPI function not implemented: __itt_memory_write
102251 : 0xa1ef63df8fc20 : 2 : ittapi_config_apply_per_lib :  ITTAPI function not implemented: __itt_memory_update
102251 : 0xa1ef63df91075 : 2 : ittapi_config_apply_per_lib :  ITTAPI function not implemented: __itt_state_get
102251 : 0xa1ef63df91815 : 2 : ittapi_config_apply_per_lib :  ITTAPI function not implemented: __itt_state_set
102251 : 0xa1ef63df91f9c : 2 : ittapi_config_apply_per_lib :  ITTAPI function not implemented: __itt_obj_mode_set
102251 : 0xa1ef63df926da : 2 : ittapi_config_apply_per_lib :  ITTAPI function not implemented: __itt_thr_mode_set
102251 : 0xa1ef63df92d5a : 2 : ittapi_config_apply_per_lib :  ITTAPI function instrumented: __itt_frame_create
102251 : 0xa1ef63df9338d : 2 : ittapi_config_apply_per_lib :  ITTAPI function instrumented: __itt_pt_region_create
102251 : 0xa1ef63df939fe : 2 : ittapi_config_apply_per_lib :  ITTAPI function instrumented: __itt_frame_begin
102251 : 0xa1ef63df940a8 : 2 : ittapi_config_apply_per_lib :  ITTAPI function instrumented: __itt_frame_end
102251 : 0xa1ef63df94831 : 2 : ittapi_config_apply_per_lib :  ITTAPI function not implemented: __itt_counter_destroy
102251 : 0xa1ef63df94eec : 2 : ittapi_config_apply_per_lib :  ITTAPI function instrumented: __itt_counter_inc
102251 : 0xa1ef63df96940 : 2 : ittapi_config_apply_per_lib :  ITTAPI function instrumented: __itt_counter_inc_delta
102251 : 0xa1ef63df97025 : 2 : ittapi_config_apply_per_lib :  ITTAPI function instrumented: __itt_counter_dec
102251 : 0xa1ef63df976be : 2 : ittapi_config_apply_per_lib :  ITTAPI function instrumented: __itt_counter_dec_delta
102251 : 0xa1ef63df97d32 : 2 : ittapi_config_apply_per_lib :  ITTAPI function instrumented: __itt_counter_set_value
102251 : 0xa1ef63df9846b : 2 : ittapi_config_apply_per_lib :  ITTAPI function not implemented: __itt_counter_set_value_ex
102251 : 0xa1ef63df98b81 : 2 : ittapi_config_apply_per_lib :  ITTAPI function not implemented: __itt_mark_create
102251 : 0xa1ef63df99307 : 2 : ittapi_config_apply_per_lib :  ITTAPI function not implemented: __itt_mark
102251 : 0xa1ef63df99aa1 : 2 : ittapi_config_apply_per_lib :  ITTAPI function not implemented: __itt_mark_off
102251 : 0xa1ef63df9a1db : 2 : ittapi_config_apply_per_lib :  ITTAPI function not implemented: __itt_mark_global
102251 : 0xa1ef63df9a916 : 2 : ittapi_config_apply_per_lib :  ITTAPI function not implemented: __itt_mark_global_off
102251 : 0xa1ef63df9bd14 : 2 : ittapi_config_apply_per_lib :  ITTAPI function instrumented: __itt_stack_caller_create
102251 : 0xa1ef63df9c471 : 2 : ittapi_config_apply_per_lib :  ITTAPI function instrumented: __itt_stack_caller_destroy
102251 : 0xa1ef63df9cb48 : 2 : ittapi_config_apply_per_lib :  ITTAPI function instrumented: __itt_stack_callee_enter
102251 : 0xa1ef63df9d1b9 : 2 : ittapi_config_apply_per_lib :  ITTAPI function instrumented: __itt_stack_callee_leave
102251 : 0xa1ef63df9d909 : 2 : ittapi_config_apply_per_lib :  ITTAPI function not implemented: __itt_clock_domain_create
102251 : 0xa1ef63df9e071 : 2 : ittapi_config_apply_per_lib :  ITTAPI function not implemented: __itt_clock_domain_reset
102251 : 0xa1ef63df9e789 : 2 : ittapi_config_apply_per_lib :  ITTAPI function not implemented: __itt_id_create_ex
102251 : 0xa1ef63df9eefd : 2 : ittapi_config_apply_per_lib :  ITTAPI function not implemented: __itt_id_destroy_ex
102251 : 0xa1ef63df9f63e : 2 : ittapi_config_apply_per_lib :  ITTAPI function not implemented: __itt_task_begin_ex
102251 : 0xa1ef63df9fd4d : 2 : ittapi_config_apply_per_lib :  ITTAPI function not implemented: __itt_task_begin_fn_ex
102251 : 0xa1ef63dfa110d : 2 : ittapi_config_apply_per_lib :  ITTAPI function not implemented: __itt_task_end_ex
102251 : 0xa1ef63dfa184c : 2 : ittapi_config_apply_per_lib :  ITTAPI function instrumented: __itt_task_begin_overlapped
102251 : 0xa1ef63dfa1f3e : 2 : ittapi_config_apply_per_lib :  ITTAPI function not implemented: __itt_task_begin_overlapped_ex
102251 : 0xa1ef63dfa2629 : 2 : ittapi_config_apply_per_lib :  ITTAPI function instrumented: __itt_task_end_overlapped
102251 : 0xa1ef63dfa2d3d : 2 : ittapi_config_apply_per_lib :  ITTAPI function not implemented: __itt_task_end_overlapped_ex
102251 : 0xa1ef63dfa3461 : 2 : ittapi_config_apply_per_lib :  ITTAPI function not implemented: __itt_marker_ex
102251 : 0xa1ef63dfa3bd6 : 2 : ittapi_config_apply_per_lib :  ITTAPI function not implemented: __itt_metadata_add_with_scope
102251 : 0xa1ef63dfa4385 : 2 : ittapi_config_apply_per_lib :  ITTAPI function not implemented: __itt_metadata_str_add_with_scope
102251 : 0xa1ef63dfa4acf : 2 : ittapi_config_apply_per_lib :  ITTAPI function not implemented: __itt_relation_add_to_current_ex
102251 : 0xa1ef63dfa5204 : 2 : ittapi_config_apply_per_lib :  ITTAPI function not implemented: __itt_relation_add_ex
102251 : 0xa1ef63dfa6d46 : 2 : ittapi_config_apply_per_lib :  ITTAPI function not implemented: __itt_track_group_create
102251 : 0xa1ef63dfa74d6 : 2 : ittapi_config_apply_per_lib :  ITTAPI function not implemented: __itt_track_create
102251 : 0xa1ef63dfa7c2a : 2 : ittapi_config_apply_per_lib :  ITTAPI function not implemented: __itt_set_track
102251 : 0xa1ef63dfa82ee : 2 : ittapi_config_apply_per_lib :  ITTAPI function instrumented: __itt_api_version
102251 : 0xa1ef63dfa8a06 : 2 : ittapi_config_apply_per_lib :  ITTAPI function not implemented: __itt_av_save
102251 : 0xa1ef63dfa911a : 2 : ittapi_config_apply_per_lib :  ITTAPI function instrumented: __itt_module_load
102251 : 0xa1ef63dfa985d : 2 : ittapi_config_apply_per_lib :  ITTAPI function not implemented: __itt_module_unload