
1442786 : 0xa3551ce2b1403 : 1 : spill_jit_data :  Jit agent is not initialized
1442770 : 0xa3551ce2b3d2d : 2 : ittapi_config_mask_get :  --itt-config mask to be applied: 55
1442770 : 0xa3551ce2b5829 : 2 : ittapi_config_apply_per_lib :  ITTAPI function instrumented: __itt_domain_create
1442770 : 0xa3551ce2b6179 : 2 : ittapi_config_apply_per_lib :  ITTAPI function instrumented: __itt_module_load_with_sections
1442770 : 0xa3551ce2b6e1f : 2 : ittapi_config_apply_per_lib :  ITTAPI function not implemented: __itt_module_unload_with_sections
1442770 : 0xa3551ce2b75f0 : 2 : ittapi_config_apply_per_lib :  ITTAPI function instrumented: __itt_string_handle_create
1442770 : 0xa3551ce2b7cad : 2 : ittapi_config_apply_per_lib :  ITTAPI function instrumented: __itt_counter_create
1442770 : 0xa3551ce2b82c0 : 2 : ittapi_config_apply_per_lib :  ITTAPI function instrumented: __itt_counter_create_typed
1442770 : 0xa3551ce2b8b79 : 2 : ittapi_config_apply_per_lib :  ITTAPI function instrumented: __itt_pause
1442770 : 0xa3551ce2b923d : 2 : ittapi_config_apply_per_lib :  ITTAPI function instrumented: __itt_resume
1442770 : 0xa3551ce2bf0b5 : 2 : ittapi_config_apply_per_lib :  ITTAPI function instrumented: __itt_thread_set_name
1442770 : 0xa3551ce2bf9a9 : 2 : ittapi_config_apply_per_lib :  ITTAPI function instrumented: __itt_thread_ignore
1442770 : 0xa3551ce2c00a3 : 2 : ittapi_config_apply_per_lib :  ITTAPI function instrumented: __itt_thr_name_set
1442770 : 0xa3551ce2c077d : 2 : ittapi_config_apply_per_lib :  ITTAPI function instrumented: __itt_thr_ignore
1442770 : 0xa3551ce2c1161 : 2 : ittapi_config_apply_per_lib :  ITTAPI function not implemented: __itt_enable_attach
1442770 : 0xa3551ce2c1848 : 2 : ittapi_config_apply_per_lib :  ITTAPI function instrumented: __itt_detach
1442770 : 0xa3551ce2c1c9d : 2 : ittapi_config_apply_per_lib :  ITTAPI function NOT instrumented (not matched by --itt-config option): __itt_sync_create

1442770 : 0xa3551ce2c2165 : 2 : ittapi_config_apply_per_lib :  ITTAPI function NOT instrumented (not matched by --itt-config option): __itt_sync_rename

1442770 : 0xa3551ce2c2533 : 2 : ittapi_config_apply_per_lib :  ITTAPI function NOT instrumented (not matched by --itt-config option): __itt_sync_destroy

1442770 : 0xa3551ce2c2919 : 2 : ittapi_config_apply_per_lib :  ITTAPI function NOT instrumented (not matched by --itt-config option): __itt_sync_prepare

1442770 : 0xa3551ce2c3dc8 : 2 : ittapi_config_apply_per_lib :  ITTAPI function NOT instrumented (not matched by --itt-config option): __itt_sync_cancel

1442770 : 0xa3551ce2c41e5 : 2 : ittapi_config_apply_per_lib :  ITTAPI function NOT instrumented (not matched by --itt-config option): __itt_sync_acquired

1442770 : 0xa3551ce2c4553 : 2 : ittapi_config_apply_per_lib :  ITTAPI function NOT instrumented (not matched by --itt-config option): __itt_sync_releasing

1442770 : 0xa3551ce2c4e3b : 2 : ittapi_config_apply_per_lib :  ITTAPI function not implemented: __itt_suppress_push
1442770 : 0xa3551ce2c5780 : 2 : ittapi_config_apply_per_lib :  ITTAPI function not implemented: __itt_suppress_pop
1442770 : 0xa3551ce2c5f0a : 2 : ittapi_config_apply_per_lib :  ITTAPI function not implemented: __itt_suppress_mark_range
1442770 : 0xa3551ce2c66ae : 2 : ittapi_config_apply_per_lib :  ITTAPI function not implemented: __itt_suppress_clear_range
1442770 : 0xa3551ce2c6a54 : 2 : ittapi_config_apply_per_lib :  ITTAPI function NOT instrumented (not matched by --itt-config option): __itt_sync_prepare

1442770 : 0xa3551ce2c6dc8 : 2 : ittapi_config_apply_per_lib :  ITTAPI function NOT instrumented (not matched by --itt-config option): __itt_sync_cancel

1442770 : 0xa3551ce2c712a : 2 : ittapi_config_apply_per_lib :  ITTAPI function NOT instrumented (not matched by --itt-config option): __itt_sync_acquired

1442770 : 0xa3551ce2c8130 : 2 : ittapi_config_apply_per_lib :  ITTAPI function NOT instrumented (not matched by --itt-config option): __itt_sync_releasing

1442770 : 0xa3551ce2c8554 : 2 : ittapi_config_apply_per_lib :  ITTAPI function NOT instrumented (not matched by --itt-config option): __itt_model_site_begin

1442770 : 0xa3551ce2c88e7 : 2 : ittapi_config_apply_per_lib :  ITTAPI function NOT instrumented (not matched by --itt-config option): __itt_model_site_end

1442770 : 0xa3551ce2c8c6e : 2 : ittapi_config_apply_per_lib :  ITTAPI function NOT instrumented (not matched by --itt-config option): __itt_model_task_begin

1442770 : 0xa3551ce2c8ff2 : 2 : ittapi_config_apply_per_lib :  ITTAPI function NOT instrumented (not matched by --itt-config option): __itt_model_task_end

1442770 : 0xa3551ce2c9357 : 2 : ittapi_config_apply_per_lib :  ITTAPI function NOT instrumented (not matched by --itt-config option): __itt_model_lock_acquire

1442770 : 0xa3551ce2c9760 : 2 : ittapi_config_apply_per_lib :  ITTAPI function NOT instrumented (not matched by --itt-config option): __itt_model_lock_release

1442770 : 0xa3551ce2c9adb : 2 : ittapi_config_apply_per_lib :  ITTAPI function NOT instrumented (not matched by --itt-config option): __itt_model_record_allocation

1442770 : 0xa3551ce2c9e29 : 2 : ittapi_config_apply_per_lib :  ITTAPI function NOT instrumented (not matched by --itt-config option): __itt_model_record_deallocation

1442770 : 0xa3551ce2ca171 : 2 : ittapi_config_apply_per_lib :  ITTAPI function NOT instrumented (not matched by --itt-config option): __itt_model_induction_uses

1442770 : 0xa3551ce2cbfc3 : 2 : ittapi_config_apply_per_lib :  ITTAPI function NOT instrumented (not matched by --itt-config option): __itt_model_reduction_uses

1442770 : 0xa3551ce2cc376 : 2 : ittapi_config_apply_per_lib :  ITTAPI function NOT instrumented (not matched by --itt-config option): __itt_model_observe_uses

1442770 : 0xa3551ce2cc718 : 2 : ittapi_config_apply_per_lib :  ITTAPI function NOT instrumented (not matched by --itt-config option): __itt_model_clear_uses

1442770 : 0xa3551ce2ccaae : 2 : ittapi_config_apply_per_lib :  ITTAPI function NOT instrumented (not matched by --itt-config option): __itt_model_site_beginA

1442770 : 0xa3551ce2cce28 : 2 : ittapi_config_apply_per_lib :  ITTAPI function NOT instrumented (not matched by --itt-config option): __itt_model_site_beginAL

1442770 : 0xa3551ce2cd19f : 2 : ittapi_config_apply_per_lib :  ITTAPI function NOT instrumented (not matched by --itt-config option): __itt_model_task_beginA

1442770 : 0xa3551ce2cd4f4 : 2 : ittapi_config_apply_per_lib :  ITTAPI function NOT instrumented (not matched by --itt-config option): __itt_model_task_beginAL

1442770 : 0xa3551ce2cd84a : 2 : ittapi_config_apply_per_lib :  ITTAPI function NOT instrumented (not matched by --itt-config option): __itt_model_iteration_taskA

1442770 : 0xa3551ce2cdb93 : 2 : ittapi_config_apply_per_lib :  ITTAPI function NOT instrumented (not matched by --itt-config option): __itt_model_iteration_taskAL

1442770 : 0xa3551ce2cdec7 : 2 : ittapi_config_apply_per_lib :  ITTAPI function NOT instrumented (not matched by --itt-config option): __itt_model_site_end_2

1442770 : 0xa3551ce2ceee5 : 2 : ittapi_config_apply_per_lib :  ITTAPI function NOT instrumented (not matched by --itt-config option): __itt_model_task_end_2

1442770 : 0xa3551ce2d00bb : 2 : ittapi_config_apply_per_lib :  ITTAPI function NOT instrumented (not matched by --itt-config option): __itt_model_lock_acquire_2

1442770 : 0xa3551ce2d0560 : 2 : ittapi_config_apply_per_lib :  ITTAPI function NOT instrumented (not matched by --itt-config option): __itt_model_lock_release_2

1442770 : 0xa3551ce2d08d0 : 2 : ittapi_config_apply_per_lib :  ITTAPI function NOT instrumented (not matched by --itt-config option): __itt_model_aggregate_task

1442770 : 0xa3551ce2d0c3c : 2 : ittapi_config_apply_per_lib :  ITTAPI function NOT instrumented (not matched by --itt-config option): __itt_model_disable_push

1442770 : 0xa3551ce2d0f82 : 2 : ittapi_config_apply_per_lib :  ITTAPI function NOT instrumented (not matched by --itt-config option): __itt_model_disable_pop

1442770 : 0xa3551ce2d170e : 2 : ittapi_config_apply_per_lib :  ITTAPI function instrumented: __itt_heap_function_create
1442770 : 0xa3551ce2d1ebe : 2 : ittapi_config_apply_per_lib :  ITTAPI function instrumented: __itt_heap_allocate_begin
1442770 : 0xa3551ce2d257a : 2 : ittapi_config_apply_per_lib :  ITTAPI function instrumented: __itt_heap_allocate_end
1442770 : 0xa3551ce2d2ce0 : 2 : ittapi_config_apply_per_lib :  ITTAPI function instrumented: __itt_heap_free_begin
1442770 : 0xa3551ce2d5160 : 2 : ittapi_config_apply_per_lib :  ITTAPI function instrumented: __itt_heap_free_end
1442770 : 0xa3551ce2d5890 : 2 : ittapi_config_apply_per_lib :  ITTAPI function instrumented: __itt_heap_reallocate_begin
1442770 : 0xa3551ce2d5ef1 : 2 : ittapi_config_apply_per_lib :  ITTAPI function instrumented: __itt_heap_reallocate_end
1442770 : 0xa3551ce2d66df : 2 : ittapi_config_apply_per_lib :  ITTAPI function not implemented: __itt_heap_internal_access_begin
1442770 : 0xa3551ce2d6e7d : 2 : ittapi_config_apply_per_lib :  ITTAPI function not implemented: __itt_heap_internal_access_end
1442770 : 0xa3551ce2d7690 : 2 : ittapi_config_apply_per_lib :  ITTAPI function not implemented: __itt_heap_record_memory_growth_begin
1442770 : 0xa3551ce2d7e4a : 2 : ittapi_config_apply_per_lib :  ITTAPI function not implemented: __itt_heap_record_memory_growth_end
1442770 : 0xa3551ce2d865a : 2 : ittapi_config_apply_per_lib :  ITTAPI function not implemented: __itt_heap_reset_detection
1442770 : 0xa3551ce2d8e4b : 2 : ittapi_config_apply_per_lib :  ITTAPI function not implemented: __itt_heap_record
1442770 : 0xa3551ce2d9596 : 2 : ittapi_config_apply_per_lib :  ITTAPI function not implemented: __itt_id_create
1442770 : 0xa3551ce2daa5c : 2 : ittapi_config_apply_per_lib :  ITTAPI function not implemented: __itt_id_destroy
1442770 : 0xa3551ce2db1f3 : 2 : ittapi_config_apply_per_lib :  ITTAPI function instrumented: __itt_get_timestamp
1442770 : 0xa3551ce2db944 : 2 : ittapi_config_apply_per_lib :  ITTAPI function not implemented: __itt_region_begin
1442770 : 0xa3551ce2dc13c : 2 : ittapi_config_apply_per_lib :  ITTAPI function not implemented: __itt_region_end
1442770 : 0xa3551ce2dc878 : 2 : ittapi_config_apply_per_lib :  ITTAPI function instrumented: __itt_frame_begin_v3
1442770 : 0xa3551ce2dd045 : 2 : ittapi_config_apply_per_lib :  ITTAPI function instrumented: __itt_frame_end_v3
1442770 : 0xa3551ce2dd70c : 2 : ittapi_config_apply_per_lib :  ITTAPI function instrumented: __itt_frame_submit_v3
1442770 : 0xa3551ce2ddeef : 2 : ittapi_config_apply_per_lib :  ITTAPI function not implemented: __itt_task_group
1442770 : 0xa3551ce2de6c9 : 2 : ittapi_config_apply_per_lib :  ITTAPI function instrumented: __itt_task_begin
1442770 : 0xa3551ce2dedab : 2 : ittapi_config_apply_per_lib :  ITTAPI function instrumented: __itt_task_begin_fn
1442770 : 0xa3551ce2e0155 : 2 : ittapi_config_apply_per_lib :  ITTAPI function instrumented: __itt_task_end
1442770 : 0xa3551ce2e0947 : 2 : ittapi_config_apply_per_lib :  ITTAPI function not implemented: __itt_counter_inc_v3
1442770 : 0xa3551ce2e118f : 2 : ittapi_config_apply_per_lib :  ITTAPI function not implemented: __itt_counter_inc_delta_v3
1442770 : 0xa3551ce2e197c : 2 : ittapi_config_apply_per_lib :  ITTAPI function not implemented: __itt_counter_dec_v3
1442770 : 0xa3551ce2e20cc : 2 : ittapi_config_apply_per_lib :  ITTAPI function not implemented: __itt_counter_dec_delta_v3
1442770 : 0xa3551ce2e2843 : 2 : ittapi_config_apply_per_lib :  ITTAPI function not implemented: __itt_marker
1442770 : 0xa3551ce2e2f27 : 2 : ittapi_config_apply_per_lib :  ITTAPI function instrumented: __itt_metadata_add
1442770 : 0xa3551ce2e3703 : 2 : ittapi_config_apply_per_lib :  ITTAPI function not implemented: __itt_metadata_str_add
1442770 : 0xa3551ce2e3e3d : 2 : ittapi_config_apply_per_lib :  ITTAPI function not implemented: __itt_relation_add_to_current
1442770 : 0xa3551ce2e45a8 : 2 : ittapi_config_apply_per_lib :  ITTAPI function not implemented: __itt_relation_add
1442770 : 0xa3551ce2e5a8c : 2 : ittapi_config_apply_per_lib :  ITTAPI function instrumented: __itt_event_create
1442770 : 0xa3551ce2e6245 : 2 : ittapi_config_apply_per_lib :  ITTAPI function instrumented: __itt_event_start
1442770 : 0xa3551ce2e690e : 2 : ittapi_config_apply_per_lib :  ITTAPI function instrumented: __itt_event_end
1442770 : 0xa3551ce2e6c94 : 2 : ittapi_config_apply_per_lib :  ITTAPI function NOT instrumented (not matched by --itt-config option): __itt_sync_set_name

1442770 : 0xa3551ce2e705c : 2 : ittapi_config_apply_per_lib :  ITTAPI function NOT instrumented (not matched by --itt-config option): __itt_notify_sync_name

1442770 : 0xa3551ce2e7400 : 2 : ittapi_config_apply_per_lib :  ITTAPI function NOT instrumented (not matched by --itt-config option): __itt_notify_sync_prepare

1442770 : 0xa3551ce2e7799 : 2 : ittapi_config_apply_per_lib :  ITTAPI function NOT instrumented (not matched by --itt-config option): __itt_notify_sync_cancel

1442770 : 0xa3551ce2e7b1a : 2 : ittapi_config_apply_per_lib :  ITTAPI function NOT instrumented (not matched by --itt-config option): __itt_notify_sync_acquired

1442770 : 0xa3551ce2e7e6b : 2 : ittapi_config_apply_per_lib :  ITTAPI function NOT instrumented (not matched by --itt-config option): __itt_notify_sync_releasing

1442770 : 0xa3551ce2e860c : 2 : ittapi_config_apply_per_lib :  ITTAPI function not implemented: __itt_memory_read
1442770 : 0xa3551ce2ea297 : 2 : ittapi_config_apply_per_lib :  ITTAPI function not implemented: __itt_memory_write
1442770 : 0xa3551ce2eaa36 : 2 : ittapi_config_apply_per_lib :  ITTAPI function not implemented: __itt_memory_update
1442770 : 0xa3551ce2eb1fd : 2 : ittapi_config_apply_per_lib :  ITTAPI function not implemented: __itt_state_get
1442770 : 0xa3551ce2eb96b : 2 : ittapi_config_apply_per_lib :  ITTAPI function not implemented: __itt_state_set
1442770 : 0xa3551ce2ec14b : 2 : ittapi_config_apply_per_lib :  ITTAPI function not implemented: __itt_obj_mode_set
1442770 : 0xa3551ce2ec904 : 2 : ittapi_config_apply_per_lib :  ITTAPI function not implemented: __itt_thr_mode_set
1442770 : 0xa3551ce2ecfc8 : 2 : ittapi_config_apply_per_lib :  ITTAPI function instrumented: __itt_frame_create
1442770 : 0xa3551ce2ed627 : 2 : ittapi_config_apply_per_lib :  ITTAPI function instrumented: __itt_pt_region_create
1442770 : 0xa3551ce2edcb9 : 2 : ittapi_config_apply_per_lib :  ITTAPI function instrumented: __itt_frame_begin
1442770 : 0xa3551ce2ee388 : 2 : ittapi_config_apply_per_lib :  ITTAPI function instrumented: __itt_frame_end
1442770 : 0xa3551ce2ef84c : 2 : ittapi_config_apply_per_lib :  ITTAPI function not implemented: __itt_counter_destroy
1442770 : 0xa3551ce2effc5 : 2 : ittapi_config_apply_per_lib :  ITTAPI function instrumented: __itt_counter_inc
1442770 : 0xa3551ce2f069b : 2 : ittapi_config_apply_per_lib :  ITTAPI function instrumented: __itt_counter_inc_delta
1442770 : 0xa3551ce2f0d5a : 2 : ittapi_config_apply_per_lib :  ITTAPI function instrumented: __itt_counter_dec
1442770 : 0xa3551ce2f140d : 2 : ittapi_config_apply_per_lib :  ITTAPI function instrumented: __itt_counter_dec_delta
1442770 : 0xa3551ce2f1aff : 2 : ittapi_config_apply_per_lib :  ITTAPI function instrumented: __itt_counter_set_value
1442770 : 0xa3551ce2f225a : 2 : ittapi_config_apply_per_lib :  ITTAPI function not implemented: __itt_counter_set_value_ex
1442770 : 0xa3551ce2f29bf : 2 : ittapi_config_apply_per_lib :  ITTAPI function not implemented: __itt_mark_create
1442770 : 0xa3551ce2f318b : 2 : ittapi_config_apply_per_lib :  ITTAPI function not implemented: __itt_mark
1442770 : 0xa3551ce2f391c : 2 : ittapi_config_apply_per_lib :  ITTAPI function not implemented: __itt_mark_off
1442770 : 0xa3551ce2f4cd3 : 2 : ittapi_config_apply_per_lib :  ITTAPI function not implemented: __itt_mark_global
1442770 : 0xa3551ce2f54a6 : 2 : ittapi_config_apply_per_lib :  ITTAPI function not implemented: __itt_mark_global_off
1442770 : 0xa3551ce2f5c5e : 2 : ittapi_config_apply_per_lib :  ITTAPI function instrumented: __itt_stack_caller_create
1442770 : 0xa3551ce2f6374 : 2 : ittapi_config_apply_per_lib :  ITTAPI function instrumented: __itt_stack_caller_destroy
1442770 : 0xa3551ce2f6a47 : 2 : ittapi_config_apply_per_lib :  ITTAPI function instrumented: __itt_stack_callee_enter
1442770 : 0xa3551ce2f70ca : 2 : ittapi_config_apply_per_lib :  ITTAPI function instrumented: __itt_stack_callee_leave
1442770 : 0xa3551ce2f783b : 2 : ittapi_config_apply_per_lib :  ITTAPI function not implemented: __itt_clock_domain_create
1442770 : 0xa3551ce2f7fd8 : 2 : ittapi_config_apply_per_lib :  ITTAPI function not implemented: __itt_clock_domain_reset
1442770 : 0xa3551ce2f873b : 2 : ittapi_config_apply_per_lib :  ITTAPI function not implemented: __itt_id_create_ex
1442770 : 0xa3551ce2f8ee7 : 2 : ittapi_config_apply_per_lib :  ITTAPI function not implemented: __itt_id_destroy_ex
1442770 : 0xa3551ce2faaaa : 2 : ittapi_config_apply_per_lib :  ITTAPI function not implemented: __itt_task_begin_ex
1442770 : 0xa3551ce2fb254 : 2 : ittapi_config_apply_per_lib :  ITTAPI function not implemented: __itt_task_begin_fn_ex
1442770 : 0xa3551ce2fb9f3 : 2 : ittapi_config_apply_per_lib :  ITTAPI function not implemented: __itt_task_end_ex
1442770 : 0xa3551ce2fc0ff : 2 : ittapi_config_apply_per_lib :  ITTAPI function instrumented: __itt_task_begin_overlapped
1442770 : 0xa3551ce2fc8a2 : 2 : ittapi_config_apply_per_lib :  ITTAPI function not implemented: __itt_task_begin_overlapped_ex
1442770 : 0xa3551ce2fcf7d : 2 : ittapi_config_apply_per_lib :  ITTAPI function instrumented: __itt_task_end_overlapped
1442770 : 0xa3551ce2fd6ed : 2 : ittapi_config_apply_per_lib :  ITTAPI function not implemented: __itt_task_end_overlapped_ex
1442770 : 0xa3551ce2fde35 : 2 : ittapi_config_apply_per_lib :  ITTAPI function not implemented: __itt_marker_ex
1442770 : 0xa3551ce2fe62c : 2 : ittapi_config_apply_per_lib :  ITTAPI function not implemented: __itt_metadata_add_with_scope
1442770 : 0xa3551ce2fee45 : 2 : ittapi_config_apply_per_lib :  ITTAPI function not implemented: __itt_metadata_str_add_with_scope
1442770 : 0xa3551ce30027f : 2 : ittapi_config_apply_per_lib :  ITTAPI function not implemented: __itt_relation_add_to_current_ex
1442770 : 0xa3551ce300a4d : 2 : ittapi_config_apply_per_lib :  ITTAPI function not implemented: __itt_relation_add_ex
1442770 : 0xa3551ce30125f : 2 : ittapi_config_apply_per_lib :  ITTAPI function not implemented: __itt_track_group_create
1442770 : 0xa3551ce3019b5 : 2 : ittapi_config_apply_per_lib :  ITTAPI function not implemented: __itt_track_create
1442770 : 0xa3551ce302136 : 2 : ittapi_config_apply_per_lib :  ITTAPI function not implemented: __itt_set_track
1442770 : 0xa3551ce302838 : 2 : ittapi_config_apply_per_lib :  ITTAPI function instrumented: __itt_api_version
1442770 : 0xa3551ce302f8f : 2 : ittapi_config_apply_per_lib :  ITTAPI function not implemented: __itt_av_save
1442770 : 0xa3551ce3036b9 : 2 : ittapi_config_apply_per_lib :  ITTAPI function instrumented: __itt_module_load
1442770 : 0xa3551ce303e6a : 2 : ittapi_config_apply_per_lib :  ITTAPI function not implemented: __itt_module_unload
1442770 : 0xa3551ce3491e0 : 2 : ittapi_config_mask_get :  --itt-config mask to be applied: 55
1442770 : 0xa3551ce34b0a0 : 2 : ittapi_config_apply_per_lib :  ITTAPI function instrumented: __itt_domain_create
1442770 : 0xa3551ce34b8bd : 2 : ittapi_config_apply_per_lib :  ITTAPI function instrumented: __itt_module_load_with_sections
1442770 : 0xa3551ce34c155 : 2 : ittapi_config_apply_per_lib :  ITTAPI function not implemented: __itt_module_unload_with_sections
1442770 : 0xa3551ce34c888 : 2 : ittapi_config_apply_per_lib :  ITTAPI function instrumented: __itt_string_handle_create
1442770 : 0xa3551ce34cf5d : 2 : ittapi_config_apply_per_lib :  ITTAPI function instrumented: __itt_counter_create
1442770 : 0xa3551ce34d5b4 : 2 : ittapi_config_apply_per_lib :  ITTAPI function instrumented: __itt_counter_create_typed
1442770 : 0xa3551ce34dc69 : 2 : ittapi_config_apply_per_lib :  ITTAPI function instrumented: __itt_pause
1442770 : 0xa3551ce34e325 : 2 : ittapi_config_apply_per_lib :  ITTAPI function instrumented: __itt_resume
1442770 : 0xa3551ce34e975 : 2 : ittapi_config_apply_per_lib :  ITTAPI function instrumented: __itt_thread_set_name
1442770 : 0xa3551ce34f08d : 2 : ittapi_config_apply_per_lib :  ITTAPI function instrumented: __itt_thread_ignore
1442770 : 0xa3551ce35051a : 2 : ittapi_config_apply_per_lib :  ITTAPI function instrumented: __itt_thr_name_set
1442770 : 0xa3551ce350c19 : 2 : ittapi_config_apply_per_lib :  ITTAPI function instrumented: __itt_thr_ignore
1442770 : 0xa3551ce351413 : 2 : ittapi_config_apply_per_lib :  ITTAPI function not implemented: __itt_enable_attach
1442770 : 0xa3551ce351afa : 2 : ittapi_config_apply_per_lib :  ITTAPI function instrumented: __itt_detach
1442770 : 0xa3551ce351eb5 : 2 : ittapi_config_apply_per_lib :  ITTAPI function NOT instrumented (not matched by --itt-config option): __itt_sync_create

1442770 : 0xa3551ce3522a6 : 2 : ittapi_config_apply_per_lib :  ITTAPI function NOT instrumented (not matched by --itt-config option): __itt_sync_rename

1442770 : 0xa3551ce352646 : 2 : ittapi_config_apply_per_lib :  ITTAPI function NOT instrumented (not matched by --itt-config option): __itt_sync_destroy

1442770 : 0xa3551ce3529f8 : 2 : ittapi_config_apply_per_lib :  ITTAPI function NOT instrumented (not matched by --itt-config option): __itt_sync_prepare

1442770 : 0xa3551ce352d6e : 2 : ittapi_config_apply_per_lib :  ITTAPI function NOT instrumented (not matched by --itt-config option): __itt_sync_cancel

1442770 : 0xa3551ce3530c9 : 2 : ittapi_config_apply_per_lib :  ITTAPI function NOT instrumented (not matched by --itt-config option): __itt_sync_acquired

1442770 : 0xa3551ce354bd6 : 2 : ittapi_config_apply_per_lib :  ITTAPI function NOT instrumented (not matched by --itt-config option): __itt_sync_releasing

1442770 : 0xa3551ce3554e8 : 2 : ittapi_config_apply_per_lib :  ITTAPI function not implemented: __itt_suppress_push
1442770 : 0xa3551ce355d27 : 2 : ittapi_config_apply_per_lib :  ITTAPI function not implemented: __itt_suppress_pop
1442770 : 0xa3551ce3564a4 : 2 : ittapi_config_apply_per_lib :  ITTAPI function not implemented: __itt_suppress_mark_range
1442770 : 0xa3551ce356cc4 : 2 : ittapi_config_apply_per_lib :  ITTAPI function not implemented: __itt_suppress_clear_range
1442770 : 0xa3551ce357072 : 2 : ittapi_config_apply_per_lib :  ITTAPI function NOT instrumented (not matched by --itt-config option): __itt_sync_prepare

1442770 : 0xa3551ce3573f0 : 2 : ittapi_config_apply_per_lib :  ITTAPI function NOT instrumented (not matched by --itt-config option): __itt_sync_cancel

1442770 : 0xa3551ce35774c : 2 : ittapi_config_apply_per_lib :  ITTAPI function NOT instrumented (not matched by --itt-config option): __itt_sync_acquired

1442770 : 0xa3551ce357a96 : 2 : ittapi_config_apply_per_lib :  ITTAPI function NOT instrumented (not matched by --itt-config option): __itt_sync_releasing

1442770 : 0xa3551ce357e7d : 2 : ittapi_config_apply_per_lib :  ITTAPI function NOT instrumented (not matched by --itt-config option): __itt_model_site_begin

1442770 : 0xa3551ce358f03 : 2 : ittapi_config_apply_per_lib :  ITTAPI function NOT instrumented (not matched by --itt-config option): __itt_model_site_end

1442770 : 0xa3551ce3592bf : 2 : ittapi_config_apply_per_lib :  ITTAPI function NOT instrumented (not matched by --itt-config option): __itt_model_task_begin

1442770 : 0xa3551ce359630 : 2 : ittapi_config_apply_per_lib :  ITTAPI function NOT instrumented (not matched by --itt-config option): __itt_model_task_end

1442770 : 0xa3551ce3599a3 : 2 : ittapi_config_apply_per_lib :  ITTAPI function NOT instrumented (not matched by --itt-config option): __itt_model_lock_acquire

1442770 : 0xa3551ce359d4b : 2 : ittapi_config_apply_per_lib :  ITTAPI function NOT instrumented (not matched by --itt-config option): __itt_model_lock_release

1442770 : 0xa3551ce35a0a6 : 2 : ittapi_config_apply_per_lib :  ITTAPI function NOT instrumented (not matched by --itt-config option): __itt_model_record_allocation

1442770 : 0xa3551ce35a3fa : 2 : ittapi_config_apply_per_lib :  ITTAPI function NOT instrumented (not matched by --itt-config option): __itt_model_record_deallocation

1442770 : 0xa3551ce35a777 : 2 : ittapi_config_apply_per_lib :  ITTAPI function NOT instrumented (not matched by --itt-config option): __itt_model_induction_uses

1442770 : 0xa3551ce35aafc : 2 : ittapi_config_apply_per_lib :  ITTAPI function NOT instrumented (not matched by --itt-config option): __itt_model_reduction_uses

1442770 : 0xa3551ce35ae75 : 2 : ittapi_config_apply_per_lib :  ITTAPI function NOT instrumented (not matched by --itt-config option): __itt_model_observe_uses

1442770 : 0xa3551ce35c64e : 2 : ittapi_config_apply_per_lib :  ITTAPI function NOT instrumented (not matched by --itt-config option): __itt_model_clear_uses

1442770 : 0xa3551ce35ca19 : 2 : ittapi_config_apply_per_lib :  ITTAPI function NOT instrumented (not matched by --itt-config option): __itt_model_site_beginA

1442770 : 0xa3551ce35cd92 : 2 : ittapi_config_apply_per_lib :  ITTAPI function NOT instrumented (not matched by --itt-config option): __itt_model_site_beginAL

1442770 : 0xa3551ce35d108 : 2 : ittapi_config_apply_per_lib :  ITTAPI function NOT instrumented (not matched by --itt-config option): __itt_model_task_beginA

1442770 : 0xa3551ce35d474 : 2 : ittapi_config_apply_per_lib :  ITTAPI function NOT instrumented (not matched by --itt-config option): __itt_model_task_beginAL

1442770 : 0xa3551ce35d7fe : 2 : ittapi_config_apply_per_lib :  ITTAPI function NOT instrumented (not matched by --itt-config option): __itt_model_iteration_taskA

1442770 : 0xa3551ce35db4e : 2 : ittapi_config_apply_per_lib :  ITTAPI function NOT instrumented (not matched by --itt-config option): __itt_model_iteration_taskAL

1442770 : 0xa3551ce35de90 : 2 : ittapi_config_apply_per_lib :  ITTAPI function NOT instrumented (not matched by --itt-config option): __itt_model_site_end_2

1442770 : 0xa3551ce35e1ff : 2 : ittapi_config_apply_per_lib :  ITTAPI function NOT instrumented (not matched by --itt-config option): __itt_model_task_end_2

1442770 : 0xa3551ce35e546 : 2 : ittapi_config_apply_per_lib :  ITTAPI function NOT instrumented (not matched by --itt-config option): __itt_model_lock_acquire_2

1442770 : 0xa3551ce35f50d : 2 : ittapi_config_apply_per_lib :  ITTAPI function NOT instrumented (not matched by --itt-config option): __itt_model_lock_release_2

1442770 : 0xa3551ce35f8bc : 2 : ittapi_config_apply_per_lib :  ITTAPI function NOT instrumented (not matched by --itt-config option): __itt_model_aggregate_task

1442770 : 0xa3551ce35fc27 : 2 : ittapi_config_apply_per_lib :  ITTAPI function NOT instrumented (not matched by --itt-config option): __itt_model_disable_push

1442770 : 0xa3551ce35ffb6 : 2 : ittapi_config_apply_per_lib :  ITTAPI function NOT instrumented (not matched by --itt-config option): __itt_model_disable_pop

1442770 : 0xa3551ce360722 : 2 : ittapi_config_apply_per_lib :  ITTAPI function instrumented: __itt_heap_function_create
1442770 : 0xa3551ce360e73 : 2 : ittapi_config_apply_per_lib :  ITTAPI function instrumented: __itt_heap_allocate_begin
1442770 : 0xa3551ce3614f6 : 2 : ittapi_config_apply_per_lib :  ITTAPI function instrumented: __itt_heap_allocate_end
1442770 : 0xa3551ce361bde : 2 : ittapi_config_apply_per_lib :  ITTAPI function instrumented: __itt_heap_free_begin
1442770 : 0xa3551ce36222b : 2 : ittapi_config_apply_per_lib :  ITTAPI function instrumented: __itt_heap_free_end
1442770 : 0xa3551ce3628dc : 2 : ittapi_config_apply_per_lib :  ITTAPI function instrumented: __itt_heap_reallocate_begin
1442770 : 0xa3551ce363d29 : 2 : ittapi_config_apply_per_lib :  ITTAPI function instrumented: __itt_heap_reallocate_end
1442770 : 0xa3551ce364515 : 2 : ittapi_config_apply_per_lib :  ITTAPI function not implemented: __itt_heap_internal_access_begin
1442770 : 0xa3551ce364c9e : 2 : ittapi_config_apply_per_lib :  ITTAPI function not implemented: __itt_heap_internal_access_end
1442770 : 0xa3551ce36542e : 2 : ittapi_config_apply_per_lib :  ITTAPI function not implemented: __itt_heap_record_memory_growth_begin
1442770 : 0xa3551ce365bf7 : 2 : ittapi_config_apply_per_lib :  ITTAPI function not implemented: __itt_heap_record_memory_growth_end
1442770 : 0xa3551ce3663b9 : 2 : ittapi_config_apply_per_lib :  ITTAPI function not implemented: __itt_heap_reset_detection
1442770 : 0xa3551ce366b82 : 2 : ittapi_config_apply_per_lib :  ITTAPI function not implemented: __itt_heap_record
1442770 : 0xa3551ce3672d6 : 2 : ittapi_config_apply_per_lib :  ITTAPI function not implemented: __itt_id_create
1442770 : 0xa3551ce367a69 : 2 : ittapi_config_apply_per_lib :  ITTAPI function not implemented: __itt_id_destroy
1442770 : 0xa3551ce36815b : 2 : ittapi_config_apply_per_lib :  ITTAPI function instrumented: __itt_get_timestamp
1442770 : 0xa3551ce369fbe : 2 : ittapi_config_apply_per_lib :  ITTAPI function not implemented: __itt_region_begin
1442770 : 0xa3551ce36a7cc : 2 : ittapi_config_apply_per_lib :  ITTAPI function not implemented: __itt_region_end
1442770 : 0xa3551ce36af14 : 2 : ittapi_config_apply_per_lib :  ITTAPI function instrumented: __itt_frame_begin_v3
1442770 : 0xa3551ce36b646 : 2 : ittapi_config_apply_per_lib :  ITTAPI function instrumented: __itt_frame_end_v3
1442770 : 0xa3551ce36bcf7 : 2 : ittapi_config_apply_per_lib :  ITTAPI function instrumented: __itt_frame_submit_v3
1442770 : 0xa3551ce36c48c : 2 : ittapi_config_apply_per_lib :  ITTAPI function not implemented: __itt_task_group
1442770 : 0xa3551ce36cbf4 : 2 : ittapi_config_apply_per_lib :  ITTAPI function instrumented: __itt_task_begin
1442770 : 0xa3551ce36d2bf : 2 : ittapi_config_apply_per_lib :  ITTAPI function instrumented: __itt_task_begin_fn
1442770 : 0xa3551ce36d9ce : 2 : ittapi_config_apply_per_lib :  ITTAPI function instrumented: __itt_task_end
1442770 : 0xa3551ce36e187 : 2 : ittapi_config_apply_per_lib :  ITTAPI function not implemented: __itt_counter_inc_v3
1442770 : 0xa3551ce36f6d2 : 2 : ittapi_config_apply_per_lib :  ITTAPI function not implemented: __itt_counter_inc_delta_v3
1442770 : 0xa3551ce36fe81 : 2 : ittapi_config_apply_per_lib :  ITTAPI function not implemented: __itt_counter_dec_v3
1442770 : 0xa3551ce37061f : 2 : ittapi_config_apply_per_lib :  ITTAPI function not implemented: __itt_counter_dec_delta_v3
1442770 : 0xa3551ce370d8b : 2 : ittapi_config_apply_per_lib :  ITTAPI function not implemented: __itt_marker
1442770 : 0xa3551ce3714e2 : 2 : ittapi_config_apply_per_lib :  ITTAPI function instrumented: __itt_metadata_add
1442770 : 0xa3551ce371c79 : 2 : ittapi_config_apply_per_lib :  ITTAPI function not implemented: __itt_metadata_str_add
1442770 : 0xa3551ce3723c6 : 2 : ittapi_config_apply_per_lib :  ITTAPI function not implemented: __itt_relation_add_to_current
1442770 : 0xa3551ce372b60 : 2 : ittapi_config_apply_per_lib :  ITTAPI function not implemented: __itt_relation_add
1442770 : 0xa3551ce373205 : 2 : ittapi_config_apply_per_lib :  ITTAPI function instrumented: __itt_event_create
1442770 : 0xa3551ce3738c8 : 2 : ittapi_config_apply_per_lib :  ITTAPI function instrumented: __itt_event_start
1442770 : 0xa3551ce374cb3 : 2 : ittapi_config_apply_per_lib :  ITTAPI function instrumented: __itt_event_end
1442770 : 0xa3551ce375081 : 2 : ittapi_config_apply_per_lib :  ITTAPI function NOT instrumented (not matched by --itt-config option): __itt_sync_set_name

1442770 : 0xa3551ce375446 : 2 : ittapi_config_apply_per_lib :  ITTAPI function NOT instrumented (not matched by --itt-config option): __itt_notify_sync_name

1442770 : 0xa3551ce3757d7 : 2 : ittapi_config_apply_per_lib :  ITTAPI function NOT instrumented (not matched by --itt-config option): __itt_notify_sync_prepare

1442770 : 0xa3551ce375b6d : 2 : ittapi_config_apply_per_lib :  ITTAPI function NOT instrumented (not matched by --itt-config option): __itt_notify_sync_cancel

1442770 : 0xa3551ce375ef7 : 2 : ittapi_config_apply_per_lib :  ITTAPI function NOT instrumented (not matched by --itt-config option): __itt_notify_sync_acquired

1442770 : 0xa3551ce376277 : 2 : ittapi_config_apply_per_lib :  ITTAPI function NOT instrumented (not matched by --itt-config option): __itt_notify_sync_releasing

1442770 : 0xa3551ce3769c4 : 2 : ittapi_config_apply_per_lib :  ITTAPI function not implemented: __itt_memory_read
1442770 : 0xa3551ce3771a1 : 2 : ittapi_config_apply_per_lib :  ITTAPI function not implemented: __itt_memory_write
1442770 : 0xa3551ce377903 : 2 : ittapi_config_apply_per_lib :  ITTAPI function not implemented: __itt_memory_update
1442770 : 0xa3551ce378cef : 2 : ittapi_config_apply_per_lib :  ITTAPI function not implemented: __itt_state_get
1442770 : 0xa3551ce3794a2 : 2 : ittapi_config_apply_per_lib :  ITTAPI function not implemented: __itt_state_set
1442770 : 0xa3551ce379c4d : 2 : ittapi_config_apply_per_lib :  ITTAPI function not implemented: __itt_obj_mode_set
1442770 : 0xa3551ce37a401 : 2 : ittapi_config_apply_per_lib :  ITTAPI function not implemented: __itt_thr_mode_set
1442770 : 0xa3551ce37aa9b : 2 : ittapi_config_apply_per_lib :  ITTAPI function instrumented: __itt_frame_create
1442770 : 0xa3551ce37b114 : 2 : ittapi_config_apply_per_lib :  ITTAPI function instrumented: __itt_pt_region_create
1442770 : 0xa3551ce37b7a0 : 2 : ittapi_config_apply_per_lib :  ITTAPI function instrumented: __itt_frame_begin
1442770 : 0xa3551ce37be7c : 2 : ittapi_config_apply_per_lib :  ITTAPI function instrumented: __itt_frame_end
1442770 : 0xa3551ce37c619 : 2 : ittapi_config_apply_per_lib :  ITTAPI function not implemented: __itt_counter_destroy
1442770 : 0xa3551ce37cd1e : 2 : ittapi_config_apply_per_lib :  ITTAPI function instrumented: __itt_counter_inc
1442770 : 0xa3551ce37e7b4 : 2 : ittapi_config_apply_per_lib :  ITTAPI function instrumented: __itt_counter_inc_delta
1442770 : 0xa3551ce37ee5a : 2 : ittapi_config_apply_per_lib :  ITTAPI function instrumented: __itt_counter_dec
1442770 : 0xa3551ce37f505 : 2 : ittapi_config_apply_per_lib :  ITTAPI function instrumented: __itt_counter_dec_delta
1442770 : 0xa3551ce37fb89 : 2 : ittapi_config_apply_per_lib :  ITTAPI function instrumented: __itt_counter_set_value
1442770 : 0xa3551ce3802da : 2 : ittapi_config_apply_per_lib :  ITTAPI function not implemented: __itt_counter_set_value_ex
1442770 : 0xa3551ce380a09 : 2 : ittapi_config_apply_per_lib :  ITTAPI function not implemented: __itt_mark_create
1442770 : 0xa3551ce3811c4 : 2 : ittapi_config_apply_per_lib :  ITTAPI function not implemented: __itt_mark
1442770 : 0xa3551ce38197f : 2 : ittapi_config_apply_per_lib :  ITTAPI function not implemented: __itt_mark_off
1442770 : 0xa3551ce3820c0 : 2 : ittapi_config_apply_per_lib :  ITTAPI function not implemented: __itt_mark_global
1442770 : 0xa3551ce382834 : 2 : ittapi_config_apply_per_lib :  ITTAPI function not implemented: __itt_mark_global_off
1442770 : 0xa3551ce383c4b : 2 : ittapi_config_apply_per_lib :  ITTAPI function instrumented: __itt_stack_caller_create
1442770 : 0xa3551ce384356 : 2 : ittapi_config_apply_per_lib :  ITTAPI function instrumented: __itt_stack_caller_destroy
1442770 : 0xa3551ce3849ef : 2 : ittapi_config_apply_per_lib :  ITTAPI function instrumented: __itt_stack_callee_enter
1442770 : 0xa3551ce385048 : 2 : ittapi_config_apply_per_lib :  ITTAPI function instrumented: __itt_stack_callee_leave
1442770 : 0xa3551ce385791 : 2 : ittapi_config_apply_per_lib :  ITTAPI function not implemented: __itt_clock_domain_create
1442770 : 0xa3551ce385f49 : 2 : ittapi_config_apply_per_lib :  ITTAPI function not implemented: __itt_clock_domain_reset
1442770 : 0xa3551ce3866ac : 2 : ittapi_config_apply_per_lib :  ITTAPI function not implemented: __itt_id_create_ex
1442770 : 0xa3551ce386e6d : 2 : ittapi_config_apply_per_lib :  ITTAPI function not implemented: __itt_id_destroy_ex
1442770 : 0xa3551ce3875ec : 2 : ittapi_config_apply_per_lib :  ITTAPI function not implemented: __itt_task_begin_ex
1442770 : 0xa3551ce387d40 : 2 : ittapi_config_apply_per_lib :  ITTAPI function not implemented: __itt_task_begin_fn_ex
1442770 : 0xa3551ce38920e : 2 : ittapi_config_apply_per_lib :  ITTAPI function not implemented: __itt_task_end_ex
1442770 : 0xa3551ce389948 : 2 : ittapi_config_apply_per_lib :  ITTAPI function instrumented: __itt_task_begin_overlapped
1442770 : 0xa3551ce38a0be : 2 : ittapi_config_apply_per_lib :  ITTAPI function not implemented: __itt_task_begin_overlapped_ex
1442770 : 0xa3551ce38a7af : 2 : ittapi_config_apply_per_lib :  ITTAPI function instrumented: __itt_task_end_overlapped
1442770 : 0xa3551ce38af00 : 2 : ittapi_config_apply_per_lib :  ITTAPI function not implemented: __itt_task_end_overlapped_ex
1442770 : 0xa3551ce38b627 : 2 : ittapi_config_apply_per_lib :  ITTAPI function not implemented: __itt_marker_ex
1442770 : 0xa3551ce38bdc8 : 2 : ittapi_config_apply_per_lib :  ITTAPI function not implemented: __itt_metadata_add_with_scope
1442770 : 0xa3551ce38c595 : 2 : ittapi_config_apply_per_lib :  ITTAPI function not implemented: __itt_metadata_str_add_with_scope
1442770 : 0xa3551ce38cd24 : 2 : ittapi_config_apply_per_lib :  ITTAPI function not implemented: __itt_relation_add_to_current_ex
1442770 : 0xa3551ce38d47a : 2 : ittapi_config_apply_per_lib :  ITTAPI function not implemented: __itt_relation_add_ex
1442770 : 0xa3551ce38ef85 : 2 : ittapi_config_apply_per_lib :  ITTAPI function not implemented: __itt_track_group_create
1442770 : 0xa3551ce38f6f0 : 2 : ittapi_config_apply_per_lib :  ITTAPI function not implemented: __itt_track_create
1442770 : 0xa3551ce38fe9e : 2 : ittapi_config_apply_per_lib :  ITTAPI function not implemented: __itt_set_track
1442770 : 0xa3551ce390556 : 2 : ittapi_config_apply_per_lib :  ITTAPI function instrumented: __itt_api_version
1442770 : 0xa3551ce390cbc : 2 : ittapi_config_apply_per_lib :  ITTAPI function not implemented: __itt_av_save
1442770 : 0xa3551ce39139e : 2 : ittapi_config_apply_per_lib :  ITTAPI function instrumented: __itt_module_load
1442770 : 0xa3551ce391af2 : 2 : ittapi_config_apply_per_lib :  ITTAPI function not implemented: __itt_module_unload