
509992 : 0x9ef2604c7c7c2 : 1 : spill_jit_data :  Jit agent is not initialized
509976 : 0x9ef2604c7f2a2 : 2 : ittapi_config_mask_get :  --itt-config mask to be applied: 55
509976 : 0x9ef2604c80f75 : 2 : ittapi_config_apply_per_lib :  ITTAPI function instrumented: __itt_domain_create
509976 : 0x9ef2604c8192d : 2 : ittapi_config_apply_per_lib :  ITTAPI function instrumented: __itt_module_load_with_sections
509976 : 0x9ef2604c82653 : 2 : ittapi_config_apply_per_lib :  ITTAPI function not implemented: __itt_module_unload_with_sections
509976 : 0x9ef2604c82e4f : 2 : ittapi_config_apply_per_lib :  ITTAPI function instrumented: __itt_string_handle_create
509976 : 0x9ef2604c83542 : 2 : ittapi_config_apply_per_lib :  ITTAPI function instrumented: __itt_counter_create
509976 : 0x9ef2604c83b96 : 2 : ittapi_config_apply_per_lib :  ITTAPI function instrumented: __itt_counter_create_typed
509976 : 0x9ef2604c8443c : 2 : ittapi_config_apply_per_lib :  ITTAPI function instrumented: __itt_pause
509976 : 0x9ef2604c84b0d : 2 : ittapi_config_apply_per_lib :  ITTAPI function instrumented: __itt_resume
509976 : 0x9ef2604c8aaa0 : 2 : ittapi_config_apply_per_lib :  ITTAPI function instrumented: __itt_thread_set_name
509976 : 0x9ef2604c8b2b2 : 2 : ittapi_config_apply_per_lib :  ITTAPI function instrumented: __itt_thread_ignore
509976 : 0x9ef2604c8b990 : 2 : ittapi_config_apply_per_lib :  ITTAPI function instrumented: __itt_thr_name_set
509976 : 0x9ef2604c8c1b1 : 2 : ittapi_config_apply_per_lib :  ITTAPI function instrumented: __itt_thr_ignore
509976 : 0x9ef2604c8cbfa : 2 : ittapi_config_apply_per_lib :  ITTAPI function not implemented: __itt_enable_attach
509976 : 0x9ef2604c8d394 : 2 : ittapi_config_apply_per_lib :  ITTAPI function instrumented: __itt_detach
509976 : 0x9ef2604c8d7a6 : 2 : ittapi_config_apply_per_lib :  ITTAPI function NOT instrumented (not matched by --itt-config option): __itt_sync_create

509976 : 0x9ef2604c8dc2b : 2 : ittapi_config_apply_per_lib :  ITTAPI function NOT instrumented (not matched by --itt-config option): __itt_sync_rename

509976 : 0x9ef2604c8dfa5 : 2 : ittapi_config_apply_per_lib :  ITTAPI function NOT instrumented (not matched by --itt-config option): __itt_sync_destroy

509976 : 0x9ef2604c8e37a : 2 : ittapi_config_apply_per_lib :  ITTAPI function NOT instrumented (not matched by --itt-config option): __itt_sync_prepare

509976 : 0x9ef2604c8f80d : 2 : ittapi_config_apply_per_lib :  ITTAPI function NOT instrumented (not matched by --itt-config option): __itt_sync_cancel

509976 : 0x9ef2604c8fc22 : 2 : ittapi_config_apply_per_lib :  ITTAPI function NOT instrumented (not matched by --itt-config option): __itt_sync_acquired

509976 : 0x9ef2604c9001e : 2 : ittapi_config_apply_per_lib :  ITTAPI function NOT instrumented (not matched by --itt-config option): __itt_sync_releasing

509976 : 0x9ef2604c908c6 : 2 : ittapi_config_apply_per_lib :  ITTAPI function not implemented: __itt_suppress_push
509976 : 0x9ef2604c91144 : 2 : ittapi_config_apply_per_lib :  ITTAPI function not implemented: __itt_suppress_pop
509976 : 0x9ef2604c918bf : 2 : ittapi_config_apply_per_lib :  ITTAPI function not implemented: __itt_suppress_mark_range
509976 : 0x9ef2604c92081 : 2 : ittapi_config_apply_per_lib :  ITTAPI function not implemented: __itt_suppress_clear_range
509976 : 0x9ef2604c92402 : 2 : ittapi_config_apply_per_lib :  ITTAPI function NOT instrumented (not matched by --itt-config option): __itt_sync_prepare

509976 : 0x9ef2604c92797 : 2 : ittapi_config_apply_per_lib :  ITTAPI function NOT instrumented (not matched by --itt-config option): __itt_sync_cancel

509976 : 0x9ef2604c92b26 : 2 : ittapi_config_apply_per_lib :  ITTAPI function NOT instrumented (not matched by --itt-config option): __itt_sync_acquired

509976 : 0x9ef2604c93b90 : 2 : ittapi_config_apply_per_lib :  ITTAPI function NOT instrumented (not matched by --itt-config option): __itt_sync_releasing

509976 : 0x9ef2604c93ff0 : 2 : ittapi_config_apply_per_lib :  ITTAPI function NOT instrumented (not matched by --itt-config option): __itt_model_site_begin

509976 : 0x9ef2604c943a2 : 2 : ittapi_config_apply_per_lib :  ITTAPI function NOT instrumented (not matched by --itt-config option): __itt_model_site_end

509976 : 0x9ef2604c9474a : 2 : ittapi_config_apply_per_lib :  ITTAPI function NOT instrumented (not matched by --itt-config option): __itt_model_task_begin

509976 : 0x9ef2604c94ae1 : 2 : ittapi_config_apply_per_lib :  ITTAPI function NOT instrumented (not matched by --itt-config option): __itt_model_task_end

509976 : 0x9ef2604c94e63 : 2 : ittapi_config_apply_per_lib :  ITTAPI function NOT instrumented (not matched by --itt-config option): __itt_model_lock_acquire

509976 : 0x9ef2604c952a6 : 2 : ittapi_config_apply_per_lib :  ITTAPI function NOT instrumented (not matched by --itt-config option): __itt_model_lock_release

509976 : 0x9ef2604c9563e : 2 : ittapi_config_apply_per_lib :  ITTAPI function NOT instrumented (not matched by --itt-config option): __itt_model_record_allocation

509976 : 0x9ef2604c9598c : 2 : ittapi_config_apply_per_lib :  ITTAPI function NOT instrumented (not matched by --itt-config option): __itt_model_record_deallocation

509976 : 0x9ef2604c95cdc : 2 : ittapi_config_apply_per_lib :  ITTAPI function NOT instrumented (not matched by --itt-config option): __itt_model_induction_uses

509976 : 0x9ef2604c97acd : 2 : ittapi_config_apply_per_lib :  ITTAPI function NOT instrumented (not matched by --itt-config option): __itt_model_reduction_uses

509976 : 0x9ef2604c97ed0 : 2 : ittapi_config_apply_per_lib :  ITTAPI function NOT instrumented (not matched by --itt-config option): __itt_model_observe_uses

509976 : 0x9ef2604c98269 : 2 : ittapi_config_apply_per_lib :  ITTAPI function NOT instrumented (not matched by --itt-config option): __itt_model_clear_uses

509976 : 0x9ef2604c98600 : 2 : ittapi_config_apply_per_lib :  ITTAPI function NOT instrumented (not matched by --itt-config option): __itt_model_site_beginA

509976 : 0x9ef2604c989b5 : 2 : ittapi_config_apply_per_lib :  ITTAPI function NOT instrumented (not matched by --itt-config option): __itt_model_site_beginAL

509976 : 0x9ef2604c98d4b : 2 : ittapi_config_apply_per_lib :  ITTAPI function NOT instrumented (not matched by --itt-config option): __itt_model_task_beginA

509976 : 0x9ef2604c990c1 : 2 : ittapi_config_apply_per_lib :  ITTAPI function NOT instrumented (not matched by --itt-config option): __itt_model_task_beginAL

509976 : 0x9ef2604c99443 : 2 : ittapi_config_apply_per_lib :  ITTAPI function NOT instrumented (not matched by --itt-config option): __itt_model_iteration_taskA

509976 : 0x9ef2604c997ad : 2 : ittapi_config_apply_per_lib :  ITTAPI function NOT instrumented (not matched by --itt-config option): __itt_model_iteration_taskAL

509976 : 0x9ef2604c99af0 : 2 : ittapi_config_apply_per_lib :  ITTAPI function NOT instrumented (not matched by --itt-config option): __itt_model_site_end_2

509976 : 0x9ef2604c9ab1d : 2 : ittapi_config_apply_per_lib :  ITTAPI function NOT instrumented (not matched by --itt-config option): __itt_model_task_end_2

509976 : 0x9ef2604c9aeaf : 2 : ittapi_config_apply_per_lib :  ITTAPI function NOT instrumented (not matched by --itt-config option): __itt_model_lock_acquire_2

509976 : 0x9ef2604c9b261 : 2 : ittapi_config_apply_per_lib :  ITTAPI function NOT instrumented (not matched by --itt-config option): __itt_model_lock_release_2

509976 : 0x9ef2604c9b5ec : 2 : ittapi_config_apply_per_lib :  ITTAPI function NOT instrumented (not matched by --itt-config option): __itt_model_aggregate_task

509976 : 0x9ef2604c9b964 : 2 : ittapi_config_apply_per_lib :  ITTAPI function NOT instrumented (not matched by --itt-config option): __itt_model_disable_push

509976 : 0x9ef2604c9bcbb : 2 : ittapi_config_apply_per_lib :  ITTAPI function NOT instrumented (not matched by --itt-config option): __itt_model_disable_pop

509976 : 0x9ef2604c9c416 : 2 : ittapi_config_apply_per_lib :  ITTAPI function instrumented: __itt_heap_function_create
509976 : 0x9ef2604c9cb33 : 2 : ittapi_config_apply_per_lib :  ITTAPI function instrumented: __itt_heap_allocate_begin
509976 : 0x9ef2604c9d1b1 : 2 : ittapi_config_apply_per_lib :  ITTAPI function instrumented: __itt_heap_allocate_end
509976 : 0x9ef2604c9d8cf : 2 : ittapi_config_apply_per_lib :  ITTAPI function instrumented: __itt_heap_free_begin
509976 : 0x9ef2604c9f581 : 2 : ittapi_config_apply_per_lib :  ITTAPI function instrumented: __itt_heap_free_end
509976 : 0x9ef2604c9fc7e : 2 : ittapi_config_apply_per_lib :  ITTAPI function instrumented: __itt_heap_reallocate_begin
509976 : 0x9ef2604ca02cf : 2 : ittapi_config_apply_per_lib :  ITTAPI function instrumented: __itt_heap_reallocate_end
509976 : 0x9ef2604ca0aac : 2 : ittapi_config_apply_per_lib :  ITTAPI function not implemented: __itt_heap_internal_access_begin
509976 : 0x9ef2604ca1232 : 2 : ittapi_config_apply_per_lib :  ITTAPI function not implemented: __itt_heap_internal_access_end
509976 : 0x9ef2604ca19bf : 2 : ittapi_config_apply_per_lib :  ITTAPI function not implemented: __itt_heap_record_memory_growth_begin
509976 : 0x9ef2604ca2148 : 2 : ittapi_config_apply_per_lib :  ITTAPI function not implemented: __itt_heap_record_memory_growth_end
509976 : 0x9ef2604ca2927 : 2 : ittapi_config_apply_per_lib :  ITTAPI function not implemented: __itt_heap_reset_detection
509976 : 0x9ef2604ca3101 : 2 : ittapi_config_apply_per_lib :  ITTAPI function not implemented: __itt_heap_record
509976 : 0x9ef2604ca3882 : 2 : ittapi_config_apply_per_lib :  ITTAPI function not implemented: __itt_id_create
509976 : 0x9ef2604ca4d72 : 2 : ittapi_config_apply_per_lib :  ITTAPI function not implemented: __itt_id_destroy
509976 : 0x9ef2604ca5461 : 2 : ittapi_config_apply_per_lib :  ITTAPI function instrumented: __itt_get_timestamp
509976 : 0x9ef2604ca5bb2 : 2 : ittapi_config_apply_per_lib :  ITTAPI function not implemented: __itt_region_begin
509976 : 0x9ef2604ca633b : 2 : ittapi_config_apply_per_lib :  ITTAPI function not implemented: __itt_region_end
509976 : 0x9ef2604ca6a86 : 2 : ittapi_config_apply_per_lib :  ITTAPI function instrumented: __itt_frame_begin_v3
509976 : 0x9ef2604ca7247 : 2 : ittapi_config_apply_per_lib :  ITTAPI function instrumented: __itt_frame_end_v3
509976 : 0x9ef2604ca7935 : 2 : ittapi_config_apply_per_lib :  ITTAPI function instrumented: __itt_frame_submit_v3
509976 : 0x9ef2604ca80c3 : 2 : ittapi_config_apply_per_lib :  ITTAPI function not implemented: __itt_task_group
509976 : 0x9ef2604ca8850 : 2 : ittapi_config_apply_per_lib :  ITTAPI function instrumented: __itt_task_begin
509976 : 0x9ef2604ca8eff : 2 : ittapi_config_apply_per_lib :  ITTAPI function instrumented: __itt_task_begin_fn
509976 : 0x9ef2604caa2be : 2 : ittapi_config_apply_per_lib :  ITTAPI function instrumented: __itt_task_end
509976 : 0x9ef2604caaae7 : 2 : ittapi_config_apply_per_lib :  ITTAPI function not implemented: __itt_counter_inc_v3
509976 : 0x9ef2604cab252 : 2 : ittapi_config_apply_per_lib :  ITTAPI function not implemented: __itt_counter_inc_delta_v3
509976 : 0x9ef2604cab9e3 : 2 : ittapi_config_apply_per_lib :  ITTAPI function not implemented: __itt_counter_dec_v3
509976 : 0x9ef2604cac109 : 2 : ittapi_config_apply_per_lib :  ITTAPI function not implemented: __itt_counter_dec_delta_v3
509976 : 0x9ef2604cac88e : 2 : ittapi_config_apply_per_lib :  ITTAPI function not implemented: __itt_marker
509976 : 0x9ef2604cacf34 : 2 : ittapi_config_apply_per_lib :  ITTAPI function instrumented: __itt_metadata_add
509976 : 0x9ef2604cad6df : 2 : ittapi_config_apply_per_lib :  ITTAPI function not implemented: __itt_metadata_str_add
509976 : 0x9ef2604caddc0 : 2 : ittapi_config_apply_per_lib :  ITTAPI function not implemented: __itt_relation_add_to_current
509976 : 0x9ef2604cae4c5 : 2 : ittapi_config_apply_per_lib :  ITTAPI function not implemented: __itt_relation_add
509976 : 0x9ef2604caf80c : 2 : ittapi_config_apply_per_lib :  ITTAPI function instrumented: __itt_event_create
509976 : 0x9ef2604caff41 : 2 : ittapi_config_apply_per_lib :  ITTAPI function instrumented: __itt_event_start
509976 : 0x9ef2604cb05eb : 2 : ittapi_config_apply_per_lib :  ITTAPI function instrumented: __itt_event_end
509976 : 0x9ef2604cb0962 : 2 : ittapi_config_apply_per_lib :  ITTAPI function NOT instrumented (not matched by --itt-config option): __itt_sync_set_name

509976 : 0x9ef2604cb0d5f : 2 : ittapi_config_apply_per_lib :  ITTAPI function NOT instrumented (not matched by --itt-config option): __itt_notify_sync_name

509976 : 0x9ef2604cb10fe : 2 : ittapi_config_apply_per_lib :  ITTAPI function NOT instrumented (not matched by --itt-config option): __itt_notify_sync_prepare

509976 : 0x9ef2604cb149f : 2 : ittapi_config_apply_per_lib :  ITTAPI function NOT instrumented (not matched by --itt-config option): __itt_notify_sync_cancel

509976 : 0x9ef2604cb183a : 2 : ittapi_config_apply_per_lib :  ITTAPI function NOT instrumented (not matched by --itt-config option): __itt_notify_sync_acquired

509976 : 0x9ef2604cb1bb5 : 2 : ittapi_config_apply_per_lib :  ITTAPI function NOT instrumented (not matched by --itt-config option): __itt_notify_sync_releasing

509976 : 0x9ef2604cb2363 : 2 : ittapi_config_apply_per_lib :  ITTAPI function not implemented: __itt_memory_read
509976 : 0x9ef2604cb3f45 : 2 : ittapi_config_apply_per_lib :  ITTAPI function not implemented: __itt_memory_write
509976 : 0x9ef2604cb46ac : 2 : ittapi_config_apply_per_lib :  ITTAPI function not implemented: __itt_memory_update
509976 : 0x9ef2604cb4e54 : 2 : ittapi_config_apply_per_lib :  ITTAPI function not implemented: __itt_state_get
509976 : 0x9ef2604cb5550 : 2 : ittapi_config_apply_per_lib :  ITTAPI function not implemented: __itt_state_set
509976 : 0x9ef2604cb5ccc : 2 : ittapi_config_apply_per_lib :  ITTAPI function not implemented: __itt_obj_mode_set
509976 : 0x9ef2604cb6409 : 2 : ittapi_config_apply_per_lib :  ITTAPI function not implemented: __itt_thr_mode_set
509976 : 0x9ef2604cb6a75 : 2 : ittapi_config_apply_per_lib :  ITTAPI function instrumented: __itt_frame_create
509976 : 0x9ef2604cb70c6 : 2 : ittapi_config_apply_per_lib :  ITTAPI function instrumented: __itt_pt_region_create
509976 : 0x9ef2604cb777d : 2 : ittapi_config_apply_per_lib :  ITTAPI function instrumented: __itt_frame_begin
509976 : 0x9ef2604cb7e52 : 2 : ittapi_config_apply_per_lib :  ITTAPI function instrumented: __itt_frame_end
509976 : 0x9ef2604cb9379 : 2 : ittapi_config_apply_per_lib :  ITTAPI function not implemented: __itt_counter_destroy
509976 : 0x9ef2604cb9a4a : 2 : ittapi_config_apply_per_lib :  ITTAPI function instrumented: __itt_counter_inc
509976 : 0x9ef2604cba0d1 : 2 : ittapi_config_apply_per_lib :  ITTAPI function instrumented: __itt_counter_inc_delta
509976 : 0x9ef2604cba736 : 2 : ittapi_config_apply_per_lib :  ITTAPI function instrumented: __itt_counter_dec
509976 : 0x9ef2604cbae1f : 2 : ittapi_config_apply_per_lib :  ITTAPI function instrumented: __itt_counter_dec_delta
509976 : 0x9ef2604cbb4d4 : 2 : ittapi_config_apply_per_lib :  ITTAPI function instrumented: __itt_counter_set_value
509976 : 0x9ef2604cbbbd8 : 2 : ittapi_config_apply_per_lib :  ITTAPI function not implemented: __itt_counter_set_value_ex
509976 : 0x9ef2604cbc2c6 : 2 : ittapi_config_apply_per_lib :  ITTAPI function not implemented: __itt_mark_create
509976 : 0x9ef2604cbca25 : 2 : ittapi_config_apply_per_lib :  ITTAPI function not implemented: __itt_mark
509976 : 0x9ef2604cbd1a3 : 2 : ittapi_config_apply_per_lib :  ITTAPI function not implemented: __itt_mark_off
509976 : 0x9ef2604cbe527 : 2 : ittapi_config_apply_per_lib :  ITTAPI function not implemented: __itt_mark_global
509976 : 0x9ef2604cbec7b : 2 : ittapi_config_apply_per_lib :  ITTAPI function not implemented: __itt_mark_global_off
509976 : 0x9ef2604cbf3da : 2 : ittapi_config_apply_per_lib :  ITTAPI function instrumented: __itt_stack_caller_create
509976 : 0x9ef2604cbfaf8 : 2 : ittapi_config_apply_per_lib :  ITTAPI function instrumented: __itt_stack_caller_destroy
509976 : 0x9ef2604cc01af : 2 : ittapi_config_apply_per_lib :  ITTAPI function instrumented: __itt_stack_callee_enter
509976 : 0x9ef2604cc080b : 2 : ittapi_config_apply_per_lib :  ITTAPI function instrumented: __itt_stack_callee_leave
509976 : 0x9ef2604cc0f52 : 2 : ittapi_config_apply_per_lib :  ITTAPI function not implemented: __itt_clock_domain_create
509976 : 0x9ef2604cc16c6 : 2 : ittapi_config_apply_per_lib :  ITTAPI function not implemented: __itt_clock_domain_reset
509976 : 0x9ef2604cc1ddd : 2 : ittapi_config_apply_per_lib :  ITTAPI function not implemented: __itt_id_create_ex
509976 : 0x9ef2604cc254f : 2 : ittapi_config_apply_per_lib :  ITTAPI function not implemented: __itt_id_destroy_ex
509976 : 0x9ef2604cc41a2 : 2 : ittapi_config_apply_per_lib :  ITTAPI function not implemented: __itt_task_begin_ex
509976 : 0x9ef2604cc48f5 : 2 : ittapi_config_apply_per_lib :  ITTAPI function not implemented: __itt_task_begin_fn_ex
509976 : 0x9ef2604cc5037 : 2 : ittapi_config_apply_per_lib :  ITTAPI function not implemented: __itt_task_end_ex
509976 : 0x9ef2604cc5709 : 2 : ittapi_config_apply_per_lib :  ITTAPI function instrumented: __itt_task_begin_overlapped
509976 : 0x9ef2604cc5e49 : 2 : ittapi_config_apply_per_lib :  ITTAPI function not implemented: __itt_task_begin_overlapped_ex
509976 : 0x9ef2604cc64e6 : 2 : ittapi_config_apply_per_lib :  ITTAPI function instrumented: __itt_task_end_overlapped
509976 : 0x9ef2604cc6c3d : 2 : ittapi_config_apply_per_lib :  ITTAPI function not implemented: __itt_task_end_overlapped_ex
509976 : 0x9ef2604cc7330 : 2 : ittapi_config_apply_per_lib :  ITTAPI function not implemented: __itt_marker_ex
509976 : 0x9ef2604cc7aac : 2 : ittapi_config_apply_per_lib :  ITTAPI function not implemented: __itt_metadata_add_with_scope
509976 : 0x9ef2604cc82bc : 2 : ittapi_config_apply_per_lib :  ITTAPI function not implemented: __itt_metadata_str_add_with_scope
509976 : 0x9ef2604cc96ed : 2 : ittapi_config_apply_per_lib :  ITTAPI function not implemented: __itt_relation_add_to_current_ex
509976 : 0x9ef2604cc9e2d : 2 : ittapi_config_apply_per_lib :  ITTAPI function not implemented: __itt_relation_add_ex
509976 : 0x9ef2604cca61b : 2 : ittapi_config_apply_per_lib :  ITTAPI function not implemented: __itt_track_group_create
509976 : 0x9ef2604ccad02 : 2 : ittapi_config_apply_per_lib :  ITTAPI function not implemented: __itt_track_create
509976 : 0x9ef2604ccb40b : 2 : ittapi_config_apply_per_lib :  ITTAPI function not implemented: __itt_set_track
509976 : 0x9ef2604ccbacb : 2 : ittapi_config_apply_per_lib :  ITTAPI function instrumented: __itt_api_version
509976 : 0x9ef2604ccc1da : 2 : ittapi_config_apply_per_lib :  ITTAPI function not implemented: __itt_av_save
509976 : 0x9ef2604ccc892 : 2 : ittapi_config_apply_per_lib :  ITTAPI function instrumented: __itt_module_load
509976 : 0x9ef2604ccd003 : 2 : ittapi_config_apply_per_lib :  ITTAPI function not implemented: __itt_module_unload
509976 : 0x9ef2604d13653 : 2 : ittapi_config_mask_get :  --itt-config mask to be applied: 55
509976 : 0x9ef2604d15861 : 2 : ittapi_config_apply_per_lib :  ITTAPI function instrumented: __itt_domain_create
509976 : 0x9ef2604d160c5 : 2 : ittapi_config_apply_per_lib :  ITTAPI function instrumented: __itt_module_load_with_sections
509976 : 0x9ef2604d169eb : 2 : ittapi_config_apply_per_lib :  ITTAPI function not implemented: __itt_module_unload_with_sections
509976 : 0x9ef2604d17114 : 2 : ittapi_config_apply_per_lib :  ITTAPI function instrumented: __itt_string_handle_create
509976 : 0x9ef2604d177db : 2 : ittapi_config_apply_per_lib :  ITTAPI function instrumented: __itt_counter_create
509976 : 0x9ef2604d17e47 : 2 : ittapi_config_apply_per_lib :  ITTAPI function instrumented: __itt_counter_create_typed
509976 : 0x9ef2604d18578 : 2 : ittapi_config_apply_per_lib :  ITTAPI function instrumented: __itt_pause
509976 : 0x9ef2604d18c10 : 2 : ittapi_config_apply_per_lib :  ITTAPI function instrumented: __itt_resume
509976 : 0x9ef2604d19212 : 2 : ittapi_config_apply_per_lib :  ITTAPI function instrumented: __itt_thread_set_name
509976 : 0x9ef2604d19906 : 2 : ittapi_config_apply_per_lib :  ITTAPI function instrumented: __itt_thread_ignore
509976 : 0x9ef2604d1ae8d : 2 : ittapi_config_apply_per_lib :  ITTAPI function instrumented: __itt_thr_name_set
509976 : 0x9ef2604d1b538 : 2 : ittapi_config_apply_per_lib :  ITTAPI function instrumented: __itt_thr_ignore
509976 : 0x9ef2604d1bd96 : 2 : ittapi_config_apply_per_lib :  ITTAPI function not implemented: __itt_enable_attach
509976 : 0x9ef2604d1c447 : 2 : ittapi_config_apply_per_lib :  ITTAPI function instrumented: __itt_detach
509976 : 0x9ef2604d1c881 : 2 : ittapi_config_apply_per_lib :  ITTAPI function NOT instrumented (not matched by --itt-config option): __itt_sync_create

509976 : 0x9ef2604d1cc8b : 2 : ittapi_config_apply_per_lib :  ITTAPI function NOT instrumented (not matched by --itt-config option): __itt_sync_rename

509976 : 0x9ef2604d1d01f : 2 : ittapi_config_apply_per_lib :  ITTAPI function NOT instrumented (not matched by --itt-config option): __itt_sync_destroy

509976 : 0x9ef2604d1d3f3 : 2 : ittapi_config_apply_per_lib :  ITTAPI function NOT instrumented (not matched by --itt-config option): __itt_sync_prepare

509976 : 0x9ef2604d1d773 : 2 : ittapi_config_apply_per_lib :  ITTAPI function NOT instrumented (not matched by --itt-config option): __itt_sync_cancel

509976 : 0x9ef2604d1db05 : 2 : ittapi_config_apply_per_lib :  ITTAPI function NOT instrumented (not matched by --itt-config option): __itt_sync_acquired

509976 : 0x9ef2604d1fb1a : 2 : ittapi_config_apply_per_lib :  ITTAPI function NOT instrumented (not matched by --itt-config option): __itt_sync_releasing

509976 : 0x9ef2604d203d1 : 2 : ittapi_config_apply_per_lib :  ITTAPI function not implemented: __itt_suppress_push
509976 : 0x9ef2604d20bde : 2 : ittapi_config_apply_per_lib :  ITTAPI function not implemented: __itt_suppress_pop
509976 : 0x9ef2604d21361 : 2 : ittapi_config_apply_per_lib :  ITTAPI function not implemented: __itt_suppress_mark_range
509976 : 0x9ef2604d21b28 : 2 : ittapi_config_apply_per_lib :  ITTAPI function not implemented: __itt_suppress_clear_range
509976 : 0x9ef2604d21ec0 : 2 : ittapi_config_apply_per_lib :  ITTAPI function NOT instrumented (not matched by --itt-config option): __itt_sync_prepare

509976 : 0x9ef2604d22262 : 2 : ittapi_config_apply_per_lib :  ITTAPI function NOT instrumented (not matched by --itt-config option): __itt_sync_cancel

509976 : 0x9ef2604d225f8 : 2 : ittapi_config_apply_per_lib :  ITTAPI function NOT instrumented (not matched by --itt-config option): __itt_sync_acquired

509976 : 0x9ef2604d22973 : 2 : ittapi_config_apply_per_lib :  ITTAPI function NOT instrumented (not matched by --itt-config option): __itt_sync_releasing

509976 : 0x9ef2604d22eb7 : 2 : ittapi_config_apply_per_lib :  ITTAPI function NOT instrumented (not matched by --itt-config option): __itt_model_site_begin

509976 : 0x9ef2604d23f67 : 2 : ittapi_config_apply_per_lib :  ITTAPI function NOT instrumented (not matched by --itt-config option): __itt_model_site_end

509976 : 0x9ef2604d24362 : 2 : ittapi_config_apply_per_lib :  ITTAPI function NOT instrumented (not matched by --itt-config option): __itt_model_task_begin

509976 : 0x9ef2604d246fc : 2 : ittapi_config_apply_per_lib :  ITTAPI function NOT instrumented (not matched by --itt-config option): __itt_model_task_end

509976 : 0x9ef2604d24a8e : 2 : ittapi_config_apply_per_lib :  ITTAPI function NOT instrumented (not matched by --itt-config option): __itt_model_lock_acquire

509976 : 0x9ef2604d24e61 : 2 : ittapi_config_apply_per_lib :  ITTAPI function NOT instrumented (not matched by --itt-config option): __itt_model_lock_release

509976 : 0x9ef2604d251d3 : 2 : ittapi_config_apply_per_lib :  ITTAPI function NOT instrumented (not matched by --itt-config option): __itt_model_record_allocation

509976 : 0x9ef2604d25535 : 2 : ittapi_config_apply_per_lib :  ITTAPI function NOT instrumented (not matched by --itt-config option): __itt_model_record_deallocation

509976 : 0x9ef2604d258e2 : 2 : ittapi_config_apply_per_lib :  ITTAPI function NOT instrumented (not matched by --itt-config option): __itt_model_induction_uses

509976 : 0x9ef2604d25c6a : 2 : ittapi_config_apply_per_lib :  ITTAPI function NOT instrumented (not matched by --itt-config option): __itt_model_reduction_uses

509976 : 0x9ef2604d25fed : 2 : ittapi_config_apply_per_lib :  ITTAPI function NOT instrumented (not matched by --itt-config option): __itt_model_observe_uses

509976 : 0x9ef2604d26f7b : 2 : ittapi_config_apply_per_lib :  ITTAPI function NOT instrumented (not matched by --itt-config option): __itt_model_clear_uses

509976 : 0x9ef2604d27333 : 2 : ittapi_config_apply_per_lib :  ITTAPI function NOT instrumented (not matched by --itt-config option): __itt_model_site_beginA

509976 : 0x9ef2604d276c0 : 2 : ittapi_config_apply_per_lib :  ITTAPI function NOT instrumented (not matched by --itt-config option): __itt_model_site_beginAL

509976 : 0x9ef2604d27a44 : 2 : ittapi_config_apply_per_lib :  ITTAPI function NOT instrumented (not matched by --itt-config option): __itt_model_task_beginA

509976 : 0x9ef2604d27dc4 : 2 : ittapi_config_apply_per_lib :  ITTAPI function NOT instrumented (not matched by --itt-config option): __itt_model_task_beginAL

509976 : 0x9ef2604d28186 : 2 : ittapi_config_apply_per_lib :  ITTAPI function NOT instrumented (not matched by --itt-config option): __itt_model_iteration_taskA

509976 : 0x9ef2604d284eb : 2 : ittapi_config_apply_per_lib :  ITTAPI function NOT instrumented (not matched by --itt-config option): __itt_model_iteration_taskAL

509976 : 0x9ef2604d2882d : 2 : ittapi_config_apply_per_lib :  ITTAPI function NOT instrumented (not matched by --itt-config option): __itt_model_site_end_2

509976 : 0x9ef2604d28bb1 : 2 : ittapi_config_apply_per_lib :  ITTAPI function NOT instrumented (not matched by --itt-config option): __itt_model_task_end_2

509976 : 0x9ef2604d28f02 : 2 : ittapi_config_apply_per_lib :  ITTAPI function NOT instrumented (not matched by --itt-config option): __itt_model_lock_acquire_2

509976 : 0x9ef2604d2a5af : 2 : ittapi_config_apply_per_lib :  ITTAPI function NOT instrumented (not matched by --itt-config option): __itt_model_lock_release_2

509976 : 0x9ef2604d2a99e : 2 : ittapi_config_apply_per_lib :  ITTAPI function NOT instrumented (not matched by --itt-config option): __itt_model_aggregate_task

509976 : 0x9ef2604d2ad31 : 2 : ittapi_config_apply_per_lib :  ITTAPI function NOT instrumented (not matched by --itt-config option): __itt_model_disable_push

509976 : 0x9ef2604d2b191 : 2 : ittapi_config_apply_per_lib :  ITTAPI function NOT instrumented (not matched by --itt-config option): __itt_model_disable_pop

509976 : 0x9ef2604d2b8e2 : 2 : ittapi_config_apply_per_lib :  ITTAPI function instrumented: __itt_heap_function_create
509976 : 0x9ef2604d2bfd3 : 2 : ittapi_config_apply_per_lib :  ITTAPI function instrumented: __itt_heap_allocate_begin
509976 : 0x9ef2604d2c62d : 2 : ittapi_config_apply_per_lib :  ITTAPI function instrumented: __itt_heap_allocate_end
509976 : 0x9ef2604d2ccf0 : 2 : ittapi_config_apply_per_lib :  ITTAPI function instrumented: __itt_heap_free_begin
509976 : 0x9ef2604d2d349 : 2 : ittapi_config_apply_per_lib :  ITTAPI function instrumented: __itt_heap_free_end
509976 : 0x9ef2604d2d9f8 : 2 : ittapi_config_apply_per_lib :  ITTAPI function instrumented: __itt_heap_reallocate_begin
509976 : 0x9ef2604d2ee86 : 2 : ittapi_config_apply_per_lib :  ITTAPI function instrumented: __itt_heap_reallocate_end
509976 : 0x9ef2604d2f681 : 2 : ittapi_config_apply_per_lib :  ITTAPI function not implemented: __itt_heap_internal_access_begin
509976 : 0x9ef2604d2fdf0 : 2 : ittapi_config_apply_per_lib :  ITTAPI function not implemented: __itt_heap_internal_access_end
509976 : 0x9ef2604d3057a : 2 : ittapi_config_apply_per_lib :  ITTAPI function not implemented: __itt_heap_record_memory_growth_begin
509976 : 0x9ef2604d30d06 : 2 : ittapi_config_apply_per_lib :  ITTAPI function not implemented: __itt_heap_record_memory_growth_end
509976 : 0x9ef2604d3146a : 2 : ittapi_config_apply_per_lib :  ITTAPI function not implemented: __itt_heap_reset_detection
509976 : 0x9ef2604d31c10 : 2 : ittapi_config_apply_per_lib :  ITTAPI function not implemented: __itt_heap_record
509976 : 0x9ef2604d32345 : 2 : ittapi_config_apply_per_lib :  ITTAPI function not implemented: __itt_id_create
509976 : 0x9ef2604d32ab4 : 2 : ittapi_config_apply_per_lib :  ITTAPI function not implemented: __itt_id_destroy
509976 : 0x9ef2604d33150 : 2 : ittapi_config_apply_per_lib :  ITTAPI function instrumented: __itt_get_timestamp
509976 : 0x9ef2604d34565 : 2 : ittapi_config_apply_per_lib :  ITTAPI function not implemented: __itt_region_begin
509976 : 0x9ef2604d34d18 : 2 : ittapi_config_apply_per_lib :  ITTAPI function not implemented: __itt_region_end
509976 : 0x9ef2604d353fb : 2 : ittapi_config_apply_per_lib :  ITTAPI function instrumented: __itt_frame_begin_v3
509976 : 0x9ef2604d35ac5 : 2 : ittapi_config_apply_per_lib :  ITTAPI function instrumented: __itt_frame_end_v3
509976 : 0x9ef2604d3618c : 2 : ittapi_config_apply_per_lib :  ITTAPI function instrumented: __itt_frame_submit_v3
509976 : 0x9ef2604d3691c : 2 : ittapi_config_apply_per_lib :  ITTAPI function not implemented: __itt_task_group
509976 : 0x9ef2604d3706e : 2 : ittapi_config_apply_per_lib :  ITTAPI function instrumented: __itt_task_begin
509976 : 0x9ef2604d3771e : 2 : ittapi_config_apply_per_lib :  ITTAPI function instrumented: __itt_task_begin_fn
509976 : 0x9ef2604d37dc0 : 2 : ittapi_config_apply_per_lib :  ITTAPI function instrumented: __itt_task_end
509976 : 0x9ef2604d3857e : 2 : ittapi_config_apply_per_lib :  ITTAPI function not implemented: __itt_counter_inc_v3
509976 : 0x9ef2604d3a0af : 2 : ittapi_config_apply_per_lib :  ITTAPI function not implemented: __itt_counter_inc_delta_v3
509976 : 0x9ef2604d3a823 : 2 : ittapi_config_apply_per_lib :  ITTAPI function not implemented: __itt_counter_dec_v3
509976 : 0x9ef2604d3af4a : 2 : ittapi_config_apply_per_lib :  ITTAPI function not implemented: __itt_counter_dec_delta_v3
509976 : 0x9ef2604d3b694 : 2 : ittapi_config_apply_per_lib :  ITTAPI function not implemented: __itt_marker
509976 : 0x9ef2604d3bd71 : 2 : ittapi_config_apply_per_lib :  ITTAPI function instrumented: __itt_metadata_add
509976 : 0x9ef2604d3c4d1 : 2 : ittapi_config_apply_per_lib :  ITTAPI function not implemented: __itt_metadata_str_add
509976 : 0x9ef2604d3cbbe : 2 : ittapi_config_apply_per_lib :  ITTAPI function not implemented: __itt_relation_add_to_current
509976 : 0x9ef2604d3d30e : 2 : ittapi_config_apply_per_lib :  ITTAPI function not implemented: __itt_relation_add
509976 : 0x9ef2604d3d973 : 2 : ittapi_config_apply_per_lib :  ITTAPI function instrumented: __itt_event_create
509976 : 0x9ef2604d3dfec : 2 : ittapi_config_apply_per_lib :  ITTAPI function instrumented: __itt_event_start
509976 : 0x9ef2604d3f4cc : 2 : ittapi_config_apply_per_lib :  ITTAPI function instrumented: __itt_event_end
509976 : 0x9ef2604d3f86f : 2 : ittapi_config_apply_per_lib :  ITTAPI function NOT instrumented (not matched by --itt-config option): __itt_sync_set_name

509976 : 0x9ef2604d3fc38 : 2 : ittapi_config_apply_per_lib :  ITTAPI function NOT instrumented (not matched by --itt-config option): __itt_notify_sync_name

509976 : 0x9ef2604d3ffe0 : 2 : ittapi_config_apply_per_lib :  ITTAPI function NOT instrumented (not matched by --itt-config option): __itt_notify_sync_prepare

509976 : 0x9ef2604d40377 : 2 : ittapi_config_apply_per_lib :  ITTAPI function NOT instrumented (not matched by --itt-config option): __itt_notify_sync_cancel

509976 : 0x9ef2604d406f0 : 2 : ittapi_config_apply_per_lib :  ITTAPI function NOT instrumented (not matched by --itt-config option): __itt_notify_sync_acquired

509976 : 0x9ef2604d40a70 : 2 : ittapi_config_apply_per_lib :  ITTAPI function NOT instrumented (not matched by --itt-config option): __itt_notify_sync_releasing

509976 : 0x9ef2604d411d1 : 2 : ittapi_config_apply_per_lib :  ITTAPI function not implemented: __itt_memory_read
509976 : 0x9ef2604d41932 : 2 : ittapi_config_apply_per_lib :  ITTAPI function not implemented: __itt_memory_write
509976 : 0x9ef2604d42020 : 2 : ittapi_config_apply_per_lib :  ITTAPI function not implemented: __itt_memory_update
509976 : 0x9ef2604d43548 : 2 : ittapi_config_apply_per_lib :  ITTAPI function not implemented: __itt_state_get
509976 : 0x9ef2604d43c83 : 2 : ittapi_config_apply_per_lib :  ITTAPI function not implemented: __itt_state_set
509976 : 0x9ef2604d443ec : 2 : ittapi_config_apply_per_lib :  ITTAPI function not implemented: __itt_obj_mode_set
509976 : 0x9ef2604d44b47 : 2 : ittapi_config_apply_per_lib :  ITTAPI function not implemented: __itt_thr_mode_set
509976 : 0x9ef2604d451ae : 2 : ittapi_config_apply_per_lib :  ITTAPI function instrumented: __itt_frame_create
509976 : 0x9ef2604d45800 : 2 : ittapi_config_apply_per_lib :  ITTAPI function instrumented: __itt_pt_region_create
509976 : 0x9ef2604d45e79 : 2 : ittapi_config_apply_per_lib :  ITTAPI function instrumented: __itt_frame_begin
509976 : 0x9ef2604d46510 : 2 : ittapi_config_apply_per_lib :  ITTAPI function instrumented: __itt_frame_end
509976 : 0x9ef2604d46ca5 : 2 : ittapi_config_apply_per_lib :  ITTAPI function not implemented: __itt_counter_destroy
509976 : 0x9ef2604d47326 : 2 : ittapi_config_apply_per_lib :  ITTAPI function instrumented: __itt_counter_inc
509976 : 0x9ef2604d48d74 : 2 : ittapi_config_apply_per_lib :  ITTAPI function instrumented: __itt_counter_inc_delta
509976 : 0x9ef2604d4940b : 2 : ittapi_config_apply_per_lib :  ITTAPI function instrumented: __itt_counter_dec
509976 : 0x9ef2604d49ab8 : 2 : ittapi_config_apply_per_lib :  ITTAPI function instrumented: __itt_counter_dec_delta
509976 : 0x9ef2604d4a121 : 2 : ittapi_config_apply_per_lib :  ITTAPI function instrumented: __itt_counter_set_value
509976 : 0x9ef2604d4a894 : 2 : ittapi_config_apply_per_lib :  ITTAPI function not implemented: __itt_counter_set_value_ex
509976 : 0x9ef2604d4af98 : 2 : ittapi_config_apply_per_lib :  ITTAPI function not implemented: __itt_mark_create
509976 : 0x9ef2604d4b6ea : 2 : ittapi_config_apply_per_lib :  ITTAPI function not implemented: __itt_mark
509976 : 0x9ef2604d4be56 : 2 : ittapi_config_apply_per_lib :  ITTAPI function not implemented: __itt_mark_off
509976 : 0x9ef2604d4c53d : 2 : ittapi_config_apply_per_lib :  ITTAPI function not implemented: __itt_mark_global
509976 : 0x9ef2604d4cc64 : 2 : ittapi_config_apply_per_lib :  ITTAPI function not implemented: __itt_mark_global_off
509976 : 0x9ef2604d4e12f : 2 : ittapi_config_apply_per_lib :  ITTAPI function instrumented: __itt_stack_caller_create
509976 : 0x9ef2604d4e825 : 2 : ittapi_config_apply_per_lib :  ITTAPI function instrumented: __itt_stack_caller_destroy
509976 : 0x9ef2604d4ef17 : 2 : ittapi_config_apply_per_lib :  ITTAPI function instrumented: __itt_stack_callee_enter
509976 : 0x9ef2604d4f533 : 2 : ittapi_config_apply_per_lib :  ITTAPI function instrumented: __itt_stack_callee_leave
509976 : 0x9ef2604d4fc84 : 2 : ittapi_config_apply_per_lib :  ITTAPI function not implemented: __itt_clock_domain_create
509976 : 0x9ef2604d503f5 : 2 : ittapi_config_apply_per_lib :  ITTAPI function not implemented: __itt_clock_domain_reset
509976 : 0x9ef2604d50b16 : 2 : ittapi_config_apply_per_lib :  ITTAPI function not implemented: __itt_id_create_ex
509976 : 0x9ef2604d5125f : 2 : ittapi_config_apply_per_lib :  ITTAPI function not implemented: __itt_id_destroy_ex
509976 : 0x9ef2604d519af : 2 : ittapi_config_apply_per_lib :  ITTAPI function not implemented: __itt_task_begin_ex
509976 : 0x9ef2604d52095 : 2 : ittapi_config_apply_per_lib :  ITTAPI function not implemented: __itt_task_begin_fn_ex
509976 : 0x9ef2604d5353a : 2 : ittapi_config_apply_per_lib :  ITTAPI function not implemented: __itt_task_end_ex
509976 : 0x9ef2604d53c40 : 2 : ittapi_config_apply_per_lib :  ITTAPI function instrumented: __itt_task_begin_overlapped
509976 : 0x9ef2604d54351 : 2 : ittapi_config_apply_per_lib :  ITTAPI function not implemented: __itt_task_begin_overlapped_ex
509976 : 0x9ef2604d549db : 2 : ittapi_config_apply_per_lib :  ITTAPI function instrumented: __itt_task_end_overlapped
509976 : 0x9ef2604d55121 : 2 : ittapi_config_apply_per_lib :  ITTAPI function not implemented: __itt_task_end_overlapped_ex
509976 : 0x9ef2604d56a3a : 2 : ittapi_config_apply_per_lib :  ITTAPI function not implemented: __itt_marker_ex
509976 : 0x9ef2604d5718e : 2 : ittapi_config_apply_per_lib :  ITTAPI function not implemented: __itt_metadata_add_with_scope
509976 : 0x9ef2604d57929 : 2 : ittapi_config_apply_per_lib :  ITTAPI function not implemented: __itt_metadata_str_add_with_scope
509976 : 0x9ef2604d58045 : 2 : ittapi_config_apply_per_lib :  ITTAPI function not implemented: __itt_relation_add_to_current_ex
509976 : 0x9ef2604d58745 : 2 : ittapi_config_apply_per_lib :  ITTAPI function not implemented: __itt_relation_add_ex
509976 : 0x9ef2604d5abad : 2 : ittapi_config_apply_per_lib :  ITTAPI function not implemented: __itt_track_group_create
509976 : 0x9ef2604d5b306 : 2 : ittapi_config_apply_per_lib :  ITTAPI function not implemented: __itt_track_create
509976 : 0x9ef2604d5ba3b : 2 : ittapi_config_apply_per_lib :  ITTAPI function not implemented: __itt_set_track
509976 : 0x9ef2604d5c0af : 2 : ittapi_config_apply_per_lib :  ITTAPI function instrumented: __itt_api_version
509976 : 0x9ef2604d5c7c5 : 2 : ittapi_config_apply_per_lib :  ITTAPI function not implemented: __itt_av_save
509976 : 0x9ef2604d5ce76 : 2 : ittapi_config_apply_per_lib :  ITTAPI function instrumented: __itt_module_load
509976 : 0x9ef2604d5d5ba : 2 : ittapi_config_apply_per_lib :  ITTAPI function not implemented: __itt_module_unload