
2752709 : 0xa97a449b72a7a : 1 : spill_jit_data :  Jit agent is not initialized
2752693 : 0xa97a449b75a80 : 2 : ittapi_config_mask_get :  --itt-config mask to be applied: 55
2752693 : 0xa97a449b7768f : 2 : ittapi_config_apply_per_lib :  ITTAPI function instrumented: __itt_domain_create
2752693 : 0xa97a449b7817a : 2 : ittapi_config_apply_per_lib :  ITTAPI function instrumented: __itt_module_load_with_sections
2752693 : 0xa97a449b78ee4 : 2 : ittapi_config_apply_per_lib :  ITTAPI function not implemented: __itt_module_unload_with_sections
2752693 : 0xa97a449b79726 : 2 : ittapi_config_apply_per_lib :  ITTAPI function instrumented: __itt_string_handle_create
2752693 : 0xa97a449b79e1c : 2 : ittapi_config_apply_per_lib :  ITTAPI function instrumented: __itt_counter_create
2752693 : 0xa97a449b7a45f : 2 : ittapi_config_apply_per_lib :  ITTAPI function instrumented: __itt_counter_create_typed
2752693 : 0xa97a449b7acf8 : 2 : ittapi_config_apply_per_lib :  ITTAPI function instrumented: __itt_pause
2752693 : 0xa97a449b7b42e : 2 : ittapi_config_apply_per_lib :  ITTAPI function instrumented: __itt_resume
2752693 : 0xa97a449b81486 : 2 : ittapi_config_apply_per_lib :  ITTAPI function instrumented: __itt_thread_set_name
2752693 : 0xa97a449b81cfd : 2 : ittapi_config_apply_per_lib :  ITTAPI function instrumented: __itt_thread_ignore
2752693 : 0xa97a449b823f2 : 2 : ittapi_config_apply_per_lib :  ITTAPI function instrumented: __itt_thr_name_set
2752693 : 0xa97a449b82aeb : 2 : ittapi_config_apply_per_lib :  ITTAPI function instrumented: __itt_thr_ignore
2752693 : 0xa97a449b83510 : 2 : ittapi_config_apply_per_lib :  ITTAPI function not implemented: __itt_enable_attach
2752693 : 0xa97a449b83c80 : 2 : ittapi_config_apply_per_lib :  ITTAPI function instrumented: __itt_detach
2752693 : 0xa97a449b840a9 : 2 : ittapi_config_apply_per_lib :  ITTAPI function NOT instrumented (not matched by --itt-config option): __itt_sync_create

2752693 : 0xa97a449b8456a : 2 : ittapi_config_apply_per_lib :  ITTAPI function NOT instrumented (not matched by --itt-config option): __itt_sync_rename

2752693 : 0xa97a449b84921 : 2 : ittapi_config_apply_per_lib :  ITTAPI function NOT instrumented (not matched by --itt-config option): __itt_sync_destroy

2752693 : 0xa97a449b84d17 : 2 : ittapi_config_apply_per_lib :  ITTAPI function NOT instrumented (not matched by --itt-config option): __itt_sync_prepare

2752693 : 0xa97a449b8639d : 2 : ittapi_config_apply_per_lib :  ITTAPI function NOT instrumented (not matched by --itt-config option): __itt_sync_cancel

2752693 : 0xa97a449b867a7 : 2 : ittapi_config_apply_per_lib :  ITTAPI function NOT instrumented (not matched by --itt-config option): __itt_sync_acquired

2752693 : 0xa97a449b86b2f : 2 : ittapi_config_apply_per_lib :  ITTAPI function NOT instrumented (not matched by --itt-config option): __itt_sync_releasing

2752693 : 0xa97a449b873b7 : 2 : ittapi_config_apply_per_lib :  ITTAPI function not implemented: __itt_suppress_push
2752693 : 0xa97a449b87c27 : 2 : ittapi_config_apply_per_lib :  ITTAPI function not implemented: __itt_suppress_pop
2752693 : 0xa97a449b88381 : 2 : ittapi_config_apply_per_lib :  ITTAPI function not implemented: __itt_suppress_mark_range
2752693 : 0xa97a449b88b4c : 2 : ittapi_config_apply_per_lib :  ITTAPI function not implemented: __itt_suppress_clear_range
2752693 : 0xa97a449b88ef5 : 2 : ittapi_config_apply_per_lib :  ITTAPI function NOT instrumented (not matched by --itt-config option): __itt_sync_prepare

2752693 : 0xa97a449b893cb : 2 : ittapi_config_apply_per_lib :  ITTAPI function NOT instrumented (not matched by --itt-config option): __itt_sync_cancel

2752693 : 0xa97a449b89725 : 2 : ittapi_config_apply_per_lib :  ITTAPI function NOT instrumented (not matched by --itt-config option): __itt_sync_acquired

2752693 : 0xa97a449b8a6ea : 2 : ittapi_config_apply_per_lib :  ITTAPI function NOT instrumented (not matched by --itt-config option): __itt_sync_releasing

2752693 : 0xa97a449b8aafc : 2 : ittapi_config_apply_per_lib :  ITTAPI function NOT instrumented (not matched by --itt-config option): __itt_model_site_begin

2752693 : 0xa97a449b8ae98 : 2 : ittapi_config_apply_per_lib :  ITTAPI function NOT instrumented (not matched by --itt-config option): __itt_model_site_end

2752693 : 0xa97a449b8b21c : 2 : ittapi_config_apply_per_lib :  ITTAPI function NOT instrumented (not matched by --itt-config option): __itt_model_task_begin

2752693 : 0xa97a449b8b598 : 2 : ittapi_config_apply_per_lib :  ITTAPI function NOT instrumented (not matched by --itt-config option): __itt_model_task_end

2752693 : 0xa97a449b8b915 : 2 : ittapi_config_apply_per_lib :  ITTAPI function NOT instrumented (not matched by --itt-config option): __itt_model_lock_acquire

2752693 : 0xa97a449b8bd14 : 2 : ittapi_config_apply_per_lib :  ITTAPI function NOT instrumented (not matched by --itt-config option): __itt_model_lock_release

2752693 : 0xa97a449b8c077 : 2 : ittapi_config_apply_per_lib :  ITTAPI function NOT instrumented (not matched by --itt-config option): __itt_model_record_allocation

2752693 : 0xa97a449b8c3c3 : 2 : ittapi_config_apply_per_lib :  ITTAPI function NOT instrumented (not matched by --itt-config option): __itt_model_record_deallocation

2752693 : 0xa97a449b8c71a : 2 : ittapi_config_apply_per_lib :  ITTAPI function NOT instrumented (not matched by --itt-config option): __itt_model_induction_uses

2752693 : 0xa97a449b8e3a9 : 2 : ittapi_config_apply_per_lib :  ITTAPI function NOT instrumented (not matched by --itt-config option): __itt_model_reduction_uses

2752693 : 0xa97a449b8e784 : 2 : ittapi_config_apply_per_lib :  ITTAPI function NOT instrumented (not matched by --itt-config option): __itt_model_observe_uses

2752693 : 0xa97a449b8eb49 : 2 : ittapi_config_apply_per_lib :  ITTAPI function NOT instrumented (not matched by --itt-config option): __itt_model_clear_uses

2752693 : 0xa97a449b8ef2b : 2 : ittapi_config_apply_per_lib :  ITTAPI function NOT instrumented (not matched by --itt-config option): __itt_model_site_beginA

2752693 : 0xa97a449b8f2da : 2 : ittapi_config_apply_per_lib :  ITTAPI function NOT instrumented (not matched by --itt-config option): __itt_model_site_beginAL

2752693 : 0xa97a449b8f690 : 2 : ittapi_config_apply_per_lib :  ITTAPI function NOT instrumented (not matched by --itt-config option): __itt_model_task_beginA

2752693 : 0xa97a449b8f9f9 : 2 : ittapi_config_apply_per_lib :  ITTAPI function NOT instrumented (not matched by --itt-config option): __itt_model_task_beginAL

2752693 : 0xa97a449b8fd61 : 2 : ittapi_config_apply_per_lib :  ITTAPI function NOT instrumented (not matched by --itt-config option): __itt_model_iteration_taskA

2752693 : 0xa97a449b900f7 : 2 : ittapi_config_apply_per_lib :  ITTAPI function NOT instrumented (not matched by --itt-config option): __itt_model_iteration_taskAL

2752693 : 0xa97a449b90435 : 2 : ittapi_config_apply_per_lib :  ITTAPI function NOT instrumented (not matched by --itt-config option): __itt_model_site_end_2

2752693 : 0xa97a449b91390 : 2 : ittapi_config_apply_per_lib :  ITTAPI function NOT instrumented (not matched by --itt-config option): __itt_model_task_end_2

2752693 : 0xa97a449b91726 : 2 : ittapi_config_apply_per_lib :  ITTAPI function NOT instrumented (not matched by --itt-config option): __itt_model_lock_acquire_2

2752693 : 0xa97a449b91ad3 : 2 : ittapi_config_apply_per_lib :  ITTAPI function NOT instrumented (not matched by --itt-config option): __itt_model_lock_release_2

2752693 : 0xa97a449b91e81 : 2 : ittapi_config_apply_per_lib :  ITTAPI function NOT instrumented (not matched by --itt-config option): __itt_model_aggregate_task

2752693 : 0xa97a449b921e2 : 2 : ittapi_config_apply_per_lib :  ITTAPI function NOT instrumented (not matched by --itt-config option): __itt_model_disable_push

2752693 : 0xa97a449b92531 : 2 : ittapi_config_apply_per_lib :  ITTAPI function NOT instrumented (not matched by --itt-config option): __itt_model_disable_pop

2752693 : 0xa97a449b92daa : 2 : ittapi_config_apply_per_lib :  ITTAPI function instrumented: __itt_heap_function_create
2752693 : 0xa97a449b934e2 : 2 : ittapi_config_apply_per_lib :  ITTAPI function instrumented: __itt_heap_allocate_begin
2752693 : 0xa97a449b93bb2 : 2 : ittapi_config_apply_per_lib :  ITTAPI function instrumented: __itt_heap_allocate_end
2752693 : 0xa97a449b94341 : 2 : ittapi_config_apply_per_lib :  ITTAPI function instrumented: __itt_heap_free_begin
2752693 : 0xa97a449b95eea : 2 : ittapi_config_apply_per_lib :  ITTAPI function instrumented: __itt_heap_free_end
2752693 : 0xa97a449b965d2 : 2 : ittapi_config_apply_per_lib :  ITTAPI function instrumented: __itt_heap_reallocate_begin
2752693 : 0xa97a449b96c53 : 2 : ittapi_config_apply_per_lib :  ITTAPI function instrumented: __itt_heap_reallocate_end
2752693 : 0xa97a449b9742b : 2 : ittapi_config_apply_per_lib :  ITTAPI function not implemented: __itt_heap_internal_access_begin
2752693 : 0xa97a449b97b89 : 2 : ittapi_config_apply_per_lib :  ITTAPI function not implemented: __itt_heap_internal_access_end
2752693 : 0xa97a449b9834e : 2 : ittapi_config_apply_per_lib :  ITTAPI function not implemented: __itt_heap_record_memory_growth_begin
2752693 : 0xa97a449b98afe : 2 : ittapi_config_apply_per_lib :  ITTAPI function not implemented: __itt_heap_record_memory_growth_end
2752693 : 0xa97a449b992c5 : 2 : ittapi_config_apply_per_lib :  ITTAPI function not implemented: __itt_heap_reset_detection
2752693 : 0xa97a449b99a22 : 2 : ittapi_config_apply_per_lib :  ITTAPI function not implemented: __itt_heap_record
2752693 : 0xa97a449b9a14f : 2 : ittapi_config_apply_per_lib :  ITTAPI function not implemented: __itt_id_create
2752693 : 0xa97a449b9b5f8 : 2 : ittapi_config_apply_per_lib :  ITTAPI function not implemented: __itt_id_destroy
2752693 : 0xa97a449b9bd2f : 2 : ittapi_config_apply_per_lib :  ITTAPI function instrumented: __itt_get_timestamp
2752693 : 0xa97a449b9c42c : 2 : ittapi_config_apply_per_lib :  ITTAPI function not implemented: __itt_region_begin
2752693 : 0xa97a449b9cba1 : 2 : ittapi_config_apply_per_lib :  ITTAPI function not implemented: __itt_region_end
2752693 : 0xa97a449b9d2dd : 2 : ittapi_config_apply_per_lib :  ITTAPI function instrumented: __itt_frame_begin_v3
2752693 : 0xa97a449b9da4e : 2 : ittapi_config_apply_per_lib :  ITTAPI function instrumented: __itt_frame_end_v3
2752693 : 0xa97a449b9e159 : 2 : ittapi_config_apply_per_lib :  ITTAPI function instrumented: __itt_frame_submit_v3
2752693 : 0xa97a449b9e91b : 2 : ittapi_config_apply_per_lib :  ITTAPI function not implemented: __itt_task_group
2752693 : 0xa97a449b9f05f : 2 : ittapi_config_apply_per_lib :  ITTAPI function instrumented: __itt_task_begin
2752693 : 0xa97a449b9f78d : 2 : ittapi_config_apply_per_lib :  ITTAPI function instrumented: __itt_task_begin_fn
2752693 : 0xa97a449ba0ae1 : 2 : ittapi_config_apply_per_lib :  ITTAPI function instrumented: __itt_task_end
2752693 : 0xa97a449ba12f8 : 2 : ittapi_config_apply_per_lib :  ITTAPI function not implemented: __itt_counter_inc_v3
2752693 : 0xa97a449ba1a7e : 2 : ittapi_config_apply_per_lib :  ITTAPI function not implemented: __itt_counter_inc_delta_v3
2752693 : 0xa97a449ba21e2 : 2 : ittapi_config_apply_per_lib :  ITTAPI function not implemented: __itt_counter_dec_v3
2752693 : 0xa97a449ba28f6 : 2 : ittapi_config_apply_per_lib :  ITTAPI function not implemented: __itt_counter_dec_delta_v3
2752693 : 0xa97a449ba3044 : 2 : ittapi_config_apply_per_lib :  ITTAPI function not implemented: __itt_marker
2752693 : 0xa97a449ba36e8 : 2 : ittapi_config_apply_per_lib :  ITTAPI function instrumented: __itt_metadata_add
2752693 : 0xa97a449ba3ea0 : 2 : ittapi_config_apply_per_lib :  ITTAPI function not implemented: __itt_metadata_str_add
2752693 : 0xa97a449ba458c : 2 : ittapi_config_apply_per_lib :  ITTAPI function not implemented: __itt_relation_add_to_current
2752693 : 0xa97a449ba4cd0 : 2 : ittapi_config_apply_per_lib :  ITTAPI function not implemented: __itt_relation_add
2752693 : 0xa97a449ba5f51 : 2 : ittapi_config_apply_per_lib :  ITTAPI function instrumented: __itt_event_create
2752693 : 0xa97a449ba66ce : 2 : ittapi_config_apply_per_lib :  ITTAPI function instrumented: __itt_event_start
2752693 : 0xa97a449ba6db2 : 2 : ittapi_config_apply_per_lib :  ITTAPI function instrumented: __itt_event_end
2752693 : 0xa97a449ba713a : 2 : ittapi_config_apply_per_lib :  ITTAPI function NOT instrumented (not matched by --itt-config option): __itt_sync_set_name

2752693 : 0xa97a449ba7504 : 2 : ittapi_config_apply_per_lib :  ITTAPI function NOT instrumented (not matched by --itt-config option): __itt_notify_sync_name

2752693 : 0xa97a449ba78af : 2 : ittapi_config_apply_per_lib :  ITTAPI function NOT instrumented (not matched by --itt-config option): __itt_notify_sync_prepare

2752693 : 0xa97a449ba7c32 : 2 : ittapi_config_apply_per_lib :  ITTAPI function NOT instrumented (not matched by --itt-config option): __itt_notify_sync_cancel

2752693 : 0xa97a449ba7fc0 : 2 : ittapi_config_apply_per_lib :  ITTAPI function NOT instrumented (not matched by --itt-config option): __itt_notify_sync_acquired

2752693 : 0xa97a449ba833f : 2 : ittapi_config_apply_per_lib :  ITTAPI function NOT instrumented (not matched by --itt-config option): __itt_notify_sync_releasing

2752693 : 0xa97a449ba8a6c : 2 : ittapi_config_apply_per_lib :  ITTAPI function not implemented: __itt_memory_read
2752693 : 0xa97a449baa661 : 2 : ittapi_config_apply_per_lib :  ITTAPI function not implemented: __itt_memory_write
2752693 : 0xa97a449baad89 : 2 : ittapi_config_apply_per_lib :  ITTAPI function not implemented: __itt_memory_update
2752693 : 0xa97a449bab4ee : 2 : ittapi_config_apply_per_lib :  ITTAPI function not implemented: __itt_state_get
2752693 : 0xa97a449babbc1 : 2 : ittapi_config_apply_per_lib :  ITTAPI function not implemented: __itt_state_set
2752693 : 0xa97a449bac365 : 2 : ittapi_config_apply_per_lib :  ITTAPI function not implemented: __itt_obj_mode_set
2752693 : 0xa97a449baca75 : 2 : ittapi_config_apply_per_lib :  ITTAPI function not implemented: __itt_thr_mode_set
2752693 : 0xa97a449bad0c2 : 2 : ittapi_config_apply_per_lib :  ITTAPI function instrumented: __itt_frame_create
2752693 : 0xa97a449bad72f : 2 : ittapi_config_apply_per_lib :  ITTAPI function instrumented: __itt_pt_region_create
2752693 : 0xa97a449baddfe : 2 : ittapi_config_apply_per_lib :  ITTAPI function instrumented: __itt_frame_begin
2752693 : 0xa97a449bae512 : 2 : ittapi_config_apply_per_lib :  ITTAPI function instrumented: __itt_frame_end
2752693 : 0xa97a449baf98a : 2 : ittapi_config_apply_per_lib :  ITTAPI function not implemented: __itt_counter_destroy
2752693 : 0xa97a449bb0043 : 2 : ittapi_config_apply_per_lib :  ITTAPI function instrumented: __itt_counter_inc
2752693 : 0xa97a449bb0706 : 2 : ittapi_config_apply_per_lib :  ITTAPI function instrumented: __itt_counter_inc_delta
2752693 : 0xa97a449bb0d53 : 2 : ittapi_config_apply_per_lib :  ITTAPI function instrumented: __itt_counter_dec
2752693 : 0xa97a449bb1434 : 2 : ittapi_config_apply_per_lib :  ITTAPI function instrumented: __itt_counter_dec_delta
2752693 : 0xa97a449bb1ac6 : 2 : ittapi_config_apply_per_lib :  ITTAPI function instrumented: __itt_counter_set_value
2752693 : 0xa97a449bb21df : 2 : ittapi_config_apply_per_lib :  ITTAPI function not implemented: __itt_counter_set_value_ex
2752693 : 0xa97a449bb28ce : 2 : ittapi_config_apply_per_lib :  ITTAPI function not implemented: __itt_mark_create
2752693 : 0xa97a449bb3034 : 2 : ittapi_config_apply_per_lib :  ITTAPI function not implemented: __itt_mark
2752693 : 0xa97a449bb37a5 : 2 : ittapi_config_apply_per_lib :  ITTAPI function not implemented: __itt_mark_off
2752693 : 0xa97a449bb4ac8 : 2 : ittapi_config_apply_per_lib :  ITTAPI function not implemented: __itt_mark_global
2752693 : 0xa97a449bb5201 : 2 : ittapi_config_apply_per_lib :  ITTAPI function not implemented: __itt_mark_global_off
2752693 : 0xa97a449bb597e : 2 : ittapi_config_apply_per_lib :  ITTAPI function instrumented: __itt_stack_caller_create
2752693 : 0xa97a449bb60a2 : 2 : ittapi_config_apply_per_lib :  ITTAPI function instrumented: __itt_stack_caller_destroy
2752693 : 0xa97a449bb6799 : 2 : ittapi_config_apply_per_lib :  ITTAPI function instrumented: __itt_stack_callee_enter
2752693 : 0xa97a449bb6ddf : 2 : ittapi_config_apply_per_lib :  ITTAPI function instrumented: __itt_stack_callee_leave
2752693 : 0xa97a449bb7553 : 2 : ittapi_config_apply_per_lib :  ITTAPI function not implemented: __itt_clock_domain_create
2752693 : 0xa97a449bb7cb4 : 2 : ittapi_config_apply_per_lib :  ITTAPI function not implemented: __itt_clock_domain_reset
2752693 : 0xa97a449bb83be : 2 : ittapi_config_apply_per_lib :  ITTAPI function not implemented: __itt_id_create_ex
2752693 : 0xa97a449bb8af7 : 2 : ittapi_config_apply_per_lib :  ITTAPI function not implemented: __itt_id_destroy_ex
2752693 : 0xa97a449bba605 : 2 : ittapi_config_apply_per_lib :  ITTAPI function not implemented: __itt_task_begin_ex
2752693 : 0xa97a449bbad0c : 2 : ittapi_config_apply_per_lib :  ITTAPI function not implemented: __itt_task_begin_fn_ex
2752693 : 0xa97a449bbb41d : 2 : ittapi_config_apply_per_lib :  ITTAPI function not implemented: __itt_task_end_ex
2752693 : 0xa97a449bbbb00 : 2 : ittapi_config_apply_per_lib :  ITTAPI function instrumented: __itt_task_begin_overlapped
2752693 : 0xa97a449bbc23e : 2 : ittapi_config_apply_per_lib :  ITTAPI function not implemented: __itt_task_begin_overlapped_ex
2752693 : 0xa97a449bbc8fb : 2 : ittapi_config_apply_per_lib :  ITTAPI function instrumented: __itt_task_end_overlapped
2752693 : 0xa97a449bbd045 : 2 : ittapi_config_apply_per_lib :  ITTAPI function not implemented: __itt_task_end_overlapped_ex
2752693 : 0xa97a449bbd721 : 2 : ittapi_config_apply_per_lib :  ITTAPI function not implemented: __itt_marker_ex
2752693 : 0xa97a449bbdeb0 : 2 : ittapi_config_apply_per_lib :  ITTAPI function not implemented: __itt_metadata_add_with_scope
2752693 : 0xa97a449bbe685 : 2 : ittapi_config_apply_per_lib :  ITTAPI function not implemented: __itt_metadata_str_add_with_scope
2752693 : 0xa97a449bbfa26 : 2 : ittapi_config_apply_per_lib :  ITTAPI function not implemented: __itt_relation_add_to_current_ex
2752693 : 0xa97a449bc0124 : 2 : ittapi_config_apply_per_lib :  ITTAPI function not implemented: __itt_relation_add_ex
2752693 : 0xa97a449bc08cf : 2 : ittapi_config_apply_per_lib :  ITTAPI function not implemented: __itt_track_group_create
2752693 : 0xa97a449bc0f84 : 2 : ittapi_config_apply_per_lib :  ITTAPI function not implemented: __itt_track_create
2752693 : 0xa97a449bc1689 : 2 : ittapi_config_apply_per_lib :  ITTAPI function not implemented: __itt_set_track
2752693 : 0xa97a449bc1eb2 : 2 : ittapi_config_apply_per_lib :  ITTAPI function instrumented: __itt_api_version
2752693 : 0xa97a449bc25a7 : 2 : ittapi_config_apply_per_lib :  ITTAPI function not implemented: __itt_av_save
2752693 : 0xa97a449bc2c9f : 2 : ittapi_config_apply_per_lib :  ITTAPI function instrumented: __itt_module_load
2752693 : 0xa97a449bc3414 : 2 : ittapi_config_apply_per_lib :  ITTAPI function not implemented: __itt_module_unload
2752693 : 0xa97a449c09e5a : 2 : ittapi_config_mask_get :  --itt-config mask to be applied: 55
2752693 : 0xa97a449c0be20 : 2 : ittapi_config_apply_per_lib :  ITTAPI function instrumented: __itt_domain_create
2752693 : 0xa97a449c0c5db : 2 : ittapi_config_apply_per_lib :  ITTAPI function instrumented: __itt_module_load_with_sections
2752693 : 0xa97a449c0ce8b : 2 : ittapi_config_apply_per_lib :  ITTAPI function not implemented: __itt_module_unload_with_sections
2752693 : 0xa97a449c0d5a1 : 2 : ittapi_config_apply_per_lib :  ITTAPI function instrumented: __itt_string_handle_create
2752693 : 0xa97a449c0dc64 : 2 : ittapi_config_apply_per_lib :  ITTAPI function instrumented: __itt_counter_create
2752693 : 0xa97a449c0e2bb : 2 : ittapi_config_apply_per_lib :  ITTAPI function instrumented: __itt_counter_create_typed
2752693 : 0xa97a449c0e9a4 : 2 : ittapi_config_apply_per_lib :  ITTAPI function instrumented: __itt_pause
2752693 : 0xa97a449c0f066 : 2 : ittapi_config_apply_per_lib :  ITTAPI function instrumented: __itt_resume
2752693 : 0xa97a449c0f695 : 2 : ittapi_config_apply_per_lib :  ITTAPI function instrumented: __itt_thread_set_name
2752693 : 0xa97a449c0fdd2 : 2 : ittapi_config_apply_per_lib :  ITTAPI function instrumented: __itt_thread_ignore
2752693 : 0xa97a449c11153 : 2 : ittapi_config_apply_per_lib :  ITTAPI function instrumented: __itt_thr_name_set
2752693 : 0xa97a449c1182e : 2 : ittapi_config_apply_per_lib :  ITTAPI function instrumented: __itt_thr_ignore
2752693 : 0xa97a449c12020 : 2 : ittapi_config_apply_per_lib :  ITTAPI function not implemented: __itt_enable_attach
2752693 : 0xa97a449c126f5 : 2 : ittapi_config_apply_per_lib :  ITTAPI function instrumented: __itt_detach
2752693 : 0xa97a449c12ab7 : 2 : ittapi_config_apply_per_lib :  ITTAPI function NOT instrumented (not matched by --itt-config option): __itt_sync_create

2752693 : 0xa97a449c12ead : 2 : ittapi_config_apply_per_lib :  ITTAPI function NOT instrumented (not matched by --itt-config option): __itt_sync_rename

2752693 : 0xa97a449c1325a : 2 : ittapi_config_apply_per_lib :  ITTAPI function NOT instrumented (not matched by --itt-config option): __itt_sync_destroy

2752693 : 0xa97a449c13617 : 2 : ittapi_config_apply_per_lib :  ITTAPI function NOT instrumented (not matched by --itt-config option): __itt_sync_prepare

2752693 : 0xa97a449c13983 : 2 : ittapi_config_apply_per_lib :  ITTAPI function NOT instrumented (not matched by --itt-config option): __itt_sync_cancel

2752693 : 0xa97a449c13cda : 2 : ittapi_config_apply_per_lib :  ITTAPI function NOT instrumented (not matched by --itt-config option): __itt_sync_acquired

2752693 : 0xa97a449c1583a : 2 : ittapi_config_apply_per_lib :  ITTAPI function NOT instrumented (not matched by --itt-config option): __itt_sync_releasing

2752693 : 0xa97a449c1609d : 2 : ittapi_config_apply_per_lib :  ITTAPI function not implemented: __itt_suppress_push
2752693 : 0xa97a449c16902 : 2 : ittapi_config_apply_per_lib :  ITTAPI function not implemented: __itt_suppress_pop
2752693 : 0xa97a449c17061 : 2 : ittapi_config_apply_per_lib :  ITTAPI function not implemented: __itt_suppress_mark_range
2752693 : 0xa97a449c177e1 : 2 : ittapi_config_apply_per_lib :  ITTAPI function not implemented: __itt_suppress_clear_range
2752693 : 0xa97a449c17b6b : 2 : ittapi_config_apply_per_lib :  ITTAPI function NOT instrumented (not matched by --itt-config option): __itt_sync_prepare

2752693 : 0xa97a449c17eea : 2 : ittapi_config_apply_per_lib :  ITTAPI function NOT instrumented (not matched by --itt-config option): __itt_sync_cancel

2752693 : 0xa97a449c1826c : 2 : ittapi_config_apply_per_lib :  ITTAPI function NOT instrumented (not matched by --itt-config option): __itt_sync_acquired

2752693 : 0xa97a449c185dd : 2 : ittapi_config_apply_per_lib :  ITTAPI function NOT instrumented (not matched by --itt-config option): __itt_sync_releasing

2752693 : 0xa97a449c189f0 : 2 : ittapi_config_apply_per_lib :  ITTAPI function NOT instrumented (not matched by --itt-config option): __itt_model_site_begin

2752693 : 0xa97a449c199f3 : 2 : ittapi_config_apply_per_lib :  ITTAPI function NOT instrumented (not matched by --itt-config option): __itt_model_site_end

2752693 : 0xa97a449c19dd2 : 2 : ittapi_config_apply_per_lib :  ITTAPI function NOT instrumented (not matched by --itt-config option): __itt_model_task_begin

2752693 : 0xa97a449c1a146 : 2 : ittapi_config_apply_per_lib :  ITTAPI function NOT instrumented (not matched by --itt-config option): __itt_model_task_end

2752693 : 0xa97a449c1a4b1 : 2 : ittapi_config_apply_per_lib :  ITTAPI function NOT instrumented (not matched by --itt-config option): __itt_model_lock_acquire

2752693 : 0xa97a449c1a85f : 2 : ittapi_config_apply_per_lib :  ITTAPI function NOT instrumented (not matched by --itt-config option): __itt_model_lock_release

2752693 : 0xa97a449c1abb9 : 2 : ittapi_config_apply_per_lib :  ITTAPI function NOT instrumented (not matched by --itt-config option): __itt_model_record_allocation

2752693 : 0xa97a449c1af24 : 2 : ittapi_config_apply_per_lib :  ITTAPI function NOT instrumented (not matched by --itt-config option): __itt_model_record_deallocation

2752693 : 0xa97a449c1b2aa : 2 : ittapi_config_apply_per_lib :  ITTAPI function NOT instrumented (not matched by --itt-config option): __itt_model_induction_uses

2752693 : 0xa97a449c1b631 : 2 : ittapi_config_apply_per_lib :  ITTAPI function NOT instrumented (not matched by --itt-config option): __itt_model_reduction_uses

2752693 : 0xa97a449c1b9b8 : 2 : ittapi_config_apply_per_lib :  ITTAPI function NOT instrumented (not matched by --itt-config option): __itt_model_observe_uses

2752693 : 0xa97a449c1d068 : 2 : ittapi_config_apply_per_lib :  ITTAPI function NOT instrumented (not matched by --itt-config option): __itt_model_clear_uses

2752693 : 0xa97a449c1d41d : 2 : ittapi_config_apply_per_lib :  ITTAPI function NOT instrumented (not matched by --itt-config option): __itt_model_site_beginA

2752693 : 0xa97a449c1d7b5 : 2 : ittapi_config_apply_per_lib :  ITTAPI function NOT instrumented (not matched by --itt-config option): __itt_model_site_beginAL

2752693 : 0xa97a449c1db26 : 2 : ittapi_config_apply_per_lib :  ITTAPI function NOT instrumented (not matched by --itt-config option): __itt_model_task_beginA

2752693 : 0xa97a449c1deaa : 2 : ittapi_config_apply_per_lib :  ITTAPI function NOT instrumented (not matched by --itt-config option): __itt_model_task_beginAL

2752693 : 0xa97a449c1e245 : 2 : ittapi_config_apply_per_lib :  ITTAPI function NOT instrumented (not matched by --itt-config option): __itt_model_iteration_taskA

2752693 : 0xa97a449c1e5b5 : 2 : ittapi_config_apply_per_lib :  ITTAPI function NOT instrumented (not matched by --itt-config option): __itt_model_iteration_taskAL

2752693 : 0xa97a449c1e900 : 2 : ittapi_config_apply_per_lib :  ITTAPI function NOT instrumented (not matched by --itt-config option): __itt_model_site_end_2

2752693 : 0xa97a449c1ec7a : 2 : ittapi_config_apply_per_lib :  ITTAPI function NOT instrumented (not matched by --itt-config option): __itt_model_task_end_2

2752693 : 0xa97a449c1efc7 : 2 : ittapi_config_apply_per_lib :  ITTAPI function NOT instrumented (not matched by --itt-config option): __itt_model_lock_acquire_2

2752693 : 0xa97a449c1feb4 : 2 : ittapi_config_apply_per_lib :  ITTAPI function NOT instrumented (not matched by --itt-config option): __itt_model_lock_release_2

2752693 : 0xa97a449c20246 : 2 : ittapi_config_apply_per_lib :  ITTAPI function NOT instrumented (not matched by --itt-config option): __itt_model_aggregate_task

2752693 : 0xa97a449c205b2 : 2 : ittapi_config_apply_per_lib :  ITTAPI function NOT instrumented (not matched by --itt-config option): __itt_model_disable_push

2752693 : 0xa97a449c2094a : 2 : ittapi_config_apply_per_lib :  ITTAPI function NOT instrumented (not matched by --itt-config option): __itt_model_disable_pop

2752693 : 0xa97a449c21064 : 2 : ittapi_config_apply_per_lib :  ITTAPI function instrumented: __itt_heap_function_create
2752693 : 0xa97a449c2174f : 2 : ittapi_config_apply_per_lib :  ITTAPI function instrumented: __itt_heap_allocate_begin
2752693 : 0xa97a449c21dd9 : 2 : ittapi_config_apply_per_lib :  ITTAPI function instrumented: __itt_heap_allocate_end
2752693 : 0xa97a449c22496 : 2 : ittapi_config_apply_per_lib :  ITTAPI function instrumented: __itt_heap_free_begin
2752693 : 0xa97a449c22af0 : 2 : ittapi_config_apply_per_lib :  ITTAPI function instrumented: __itt_heap_free_end
2752693 : 0xa97a449c23182 : 2 : ittapi_config_apply_per_lib :  ITTAPI function instrumented: __itt_heap_reallocate_begin
2752693 : 0xa97a449c244e7 : 2 : ittapi_config_apply_per_lib :  ITTAPI function instrumented: __itt_heap_reallocate_end
2752693 : 0xa97a449c24cd9 : 2 : ittapi_config_apply_per_lib :  ITTAPI function not implemented: __itt_heap_internal_access_begin
2752693 : 0xa97a449c25437 : 2 : ittapi_config_apply_per_lib :  ITTAPI function not implemented: __itt_heap_internal_access_end
2752693 : 0xa97a449c25bac : 2 : ittapi_config_apply_per_lib :  ITTAPI function not implemented: __itt_heap_record_memory_growth_begin
2752693 : 0xa97a449c26374 : 2 : ittapi_config_apply_per_lib :  ITTAPI function not implemented: __itt_heap_record_memory_growth_end
2752693 : 0xa97a449c26aae : 2 : ittapi_config_apply_per_lib :  ITTAPI function not implemented: __itt_heap_reset_detection
2752693 : 0xa97a449c2726a : 2 : ittapi_config_apply_per_lib :  ITTAPI function not implemented: __itt_heap_record
2752693 : 0xa97a449c27998 : 2 : ittapi_config_apply_per_lib :  ITTAPI function not implemented: __itt_id_create
2752693 : 0xa97a449c28102 : 2 : ittapi_config_apply_per_lib :  ITTAPI function not implemented: __itt_id_destroy
2752693 : 0xa97a449c287ad : 2 : ittapi_config_apply_per_lib :  ITTAPI function instrumented: __itt_get_timestamp
2752693 : 0xa97a449c2a3bb : 2 : ittapi_config_apply_per_lib :  ITTAPI function not implemented: __itt_region_begin
2752693 : 0xa97a449c2ab56 : 2 : ittapi_config_apply_per_lib :  ITTAPI function not implemented: __itt_region_end
2752693 : 0xa97a449c2b26e : 2 : ittapi_config_apply_per_lib :  ITTAPI function instrumented: __itt_frame_begin_v3
2752693 : 0xa97a449c2b997 : 2 : ittapi_config_apply_per_lib :  ITTAPI function instrumented: __itt_frame_end_v3
2752693 : 0xa97a449c2c0aa : 2 : ittapi_config_apply_per_lib :  ITTAPI function instrumented: __itt_frame_submit_v3
2752693 : 0xa97a449c2c81f : 2 : ittapi_config_apply_per_lib :  ITTAPI function not implemented: __itt_task_group
2752693 : 0xa97a449c2cfaa : 2 : ittapi_config_apply_per_lib :  ITTAPI function instrumented: __itt_task_begin
2752693 : 0xa97a449c2d68c : 2 : ittapi_config_apply_per_lib :  ITTAPI function instrumented: __itt_task_begin_fn
2752693 : 0xa97a449c2dd17 : 2 : ittapi_config_apply_per_lib :  ITTAPI function instrumented: __itt_task_end
2752693 : 0xa97a449c2e4c5 : 2 : ittapi_config_apply_per_lib :  ITTAPI function not implemented: __itt_counter_inc_v3
2752693 : 0xa97a449c2f8ba : 2 : ittapi_config_apply_per_lib :  ITTAPI function not implemented: __itt_counter_inc_delta_v3
2752693 : 0xa97a449c2fffe : 2 : ittapi_config_apply_per_lib :  ITTAPI function not implemented: __itt_counter_dec_v3
2752693 : 0xa97a449c30743 : 2 : ittapi_config_apply_per_lib :  ITTAPI function not implemented: __itt_counter_dec_delta_v3
2752693 : 0xa97a449c30e33 : 2 : ittapi_config_apply_per_lib :  ITTAPI function not implemented: __itt_marker
2752693 : 0xa97a449c31565 : 2 : ittapi_config_apply_per_lib :  ITTAPI function instrumented: __itt_metadata_add
2752693 : 0xa97a449c31cdd : 2 : ittapi_config_apply_per_lib :  ITTAPI function not implemented: __itt_metadata_str_add
2752693 : 0xa97a449c323c1 : 2 : ittapi_config_apply_per_lib :  ITTAPI function not implemented: __itt_relation_add_to_current
2752693 : 0xa97a449c32b2c : 2 : ittapi_config_apply_per_lib :  ITTAPI function not implemented: __itt_relation_add
2752693 : 0xa97a449c33185 : 2 : ittapi_config_apply_per_lib :  ITTAPI function instrumented: __itt_event_create
2752693 : 0xa97a449c33845 : 2 : ittapi_config_apply_per_lib :  ITTAPI function instrumented: __itt_event_start
2752693 : 0xa97a449c34b8c : 2 : ittapi_config_apply_per_lib :  ITTAPI function instrumented: __itt_event_end
2752693 : 0xa97a449c34f3c : 2 : ittapi_config_apply_per_lib :  ITTAPI function NOT instrumented (not matched by --itt-config option): __itt_sync_set_name

2752693 : 0xa97a449c352ff : 2 : ittapi_config_apply_per_lib :  ITTAPI function NOT instrumented (not matched by --itt-config option): __itt_notify_sync_name

2752693 : 0xa97a449c356a0 : 2 : ittapi_config_apply_per_lib :  ITTAPI function NOT instrumented (not matched by --itt-config option): __itt_notify_sync_prepare

2752693 : 0xa97a449c35a3b : 2 : ittapi_config_apply_per_lib :  ITTAPI function NOT instrumented (not matched by --itt-config option): __itt_notify_sync_cancel

2752693 : 0xa97a449c35ddd : 2 : ittapi_config_apply_per_lib :  ITTAPI function NOT instrumented (not matched by --itt-config option): __itt_notify_sync_acquired

2752693 : 0xa97a449c36161 : 2 : ittapi_config_apply_per_lib :  ITTAPI function NOT instrumented (not matched by --itt-config option): __itt_notify_sync_releasing

2752693 : 0xa97a449c368bd : 2 : ittapi_config_apply_per_lib :  ITTAPI function not implemented: __itt_memory_read
2752693 : 0xa97a449c37022 : 2 : ittapi_config_apply_per_lib :  ITTAPI function not implemented: __itt_memory_write
2752693 : 0xa97a449c37724 : 2 : ittapi_config_apply_per_lib :  ITTAPI function not implemented: __itt_memory_update
2752693 : 0xa97a449c38aa9 : 2 : ittapi_config_apply_per_lib :  ITTAPI function not implemented: __itt_state_get
2752693 : 0xa97a449c391e9 : 2 : ittapi_config_apply_per_lib :  ITTAPI function not implemented: __itt_state_set
2752693 : 0xa97a449c39967 : 2 : ittapi_config_apply_per_lib :  ITTAPI function not implemented: __itt_obj_mode_set
2752693 : 0xa97a449c3a09e : 2 : ittapi_config_apply_per_lib :  ITTAPI function not implemented: __itt_thr_mode_set
2752693 : 0xa97a449c3a730 : 2 : ittapi_config_apply_per_lib :  ITTAPI function instrumented: __itt_frame_create
2752693 : 0xa97a449c3add5 : 2 : ittapi_config_apply_per_lib :  ITTAPI function instrumented: __itt_pt_region_create
2752693 : 0xa97a449c3b44d : 2 : ittapi_config_apply_per_lib :  ITTAPI function instrumented: __itt_frame_begin
2752693 : 0xa97a449c3bb27 : 2 : ittapi_config_apply_per_lib :  ITTAPI function instrumented: __itt_frame_end
2752693 : 0xa97a449c3c2d7 : 2 : ittapi_config_apply_per_lib :  ITTAPI function not implemented: __itt_counter_destroy
2752693 : 0xa97a449c3c997 : 2 : ittapi_config_apply_per_lib :  ITTAPI function instrumented: __itt_counter_inc
2752693 : 0xa97a449c3e39b : 2 : ittapi_config_apply_per_lib :  ITTAPI function instrumented: __itt_counter_inc_delta
2752693 : 0xa97a449c3ea21 : 2 : ittapi_config_apply_per_lib :  ITTAPI function instrumented: __itt_counter_dec
2752693 : 0xa97a449c3f0d0 : 2 : ittapi_config_apply_per_lib :  ITTAPI function instrumented: __itt_counter_dec_delta
2752693 : 0xa97a449c3f73b : 2 : ittapi_config_apply_per_lib :  ITTAPI function instrumented: __itt_counter_set_value
2752693 : 0xa97a449c3fe85 : 2 : ittapi_config_apply_per_lib :  ITTAPI function not implemented: __itt_counter_set_value_ex
2752693 : 0xa97a449c40591 : 2 : ittapi_config_apply_per_lib :  ITTAPI function not implemented: __itt_mark_create
2752693 : 0xa97a449c40d2c : 2 : ittapi_config_apply_per_lib :  ITTAPI function not implemented: __itt_mark
2752693 : 0xa97a449c41484 : 2 : ittapi_config_apply_per_lib :  ITTAPI function not implemented: __itt_mark_off
2752693 : 0xa97a449c41b79 : 2 : ittapi_config_apply_per_lib :  ITTAPI function not implemented: __itt_mark_global
2752693 : 0xa97a449c422b4 : 2 : ittapi_config_apply_per_lib :  ITTAPI function not implemented: __itt_mark_global_off
2752693 : 0xa97a449c436bc : 2 : ittapi_config_apply_per_lib :  ITTAPI function instrumented: __itt_stack_caller_create
2752693 : 0xa97a449c43dfc : 2 : ittapi_config_apply_per_lib :  ITTAPI function instrumented: __itt_stack_caller_destroy
2752693 : 0xa97a449c444de : 2 : ittapi_config_apply_per_lib :  ITTAPI function instrumented: __itt_stack_callee_enter
2752693 : 0xa97a449c44b5d : 2 : ittapi_config_apply_per_lib :  ITTAPI function instrumented: __itt_stack_callee_leave
2752693 : 0xa97a449c45293 : 2 : ittapi_config_apply_per_lib :  ITTAPI function not implemented: __itt_clock_domain_create
2752693 : 0xa97a449c459bb : 2 : ittapi_config_apply_per_lib :  ITTAPI function not implemented: __itt_clock_domain_reset
2752693 : 0xa97a449c460d3 : 2 : ittapi_config_apply_per_lib :  ITTAPI function not implemented: __itt_id_create_ex
2752693 : 0xa97a449c4681d : 2 : ittapi_config_apply_per_lib :  ITTAPI function not implemented: __itt_id_destroy_ex
2752693 : 0xa97a449c46f45 : 2 : ittapi_config_apply_per_lib :  ITTAPI function not implemented: __itt_task_begin_ex
2752693 : 0xa97a449c4763a : 2 : ittapi_config_apply_per_lib :  ITTAPI function not implemented: __itt_task_begin_fn_ex
2752693 : 0xa97a449c48a4e : 2 : ittapi_config_apply_per_lib :  ITTAPI function not implemented: __itt_task_end_ex
2752693 : 0xa97a449c4911f : 2 : ittapi_config_apply_per_lib :  ITTAPI function instrumented: __itt_task_begin_overlapped
2752693 : 0xa97a449c49888 : 2 : ittapi_config_apply_per_lib :  ITTAPI function not implemented: __itt_task_begin_overlapped_ex
2752693 : 0xa97a449c49f63 : 2 : ittapi_config_apply_per_lib :  ITTAPI function instrumented: __itt_task_end_overlapped
2752693 : 0xa97a449c4a6a9 : 2 : ittapi_config_apply_per_lib :  ITTAPI function not implemented: __itt_task_end_overlapped_ex
2752693 : 0xa97a449c4ad7c : 2 : ittapi_config_apply_per_lib :  ITTAPI function not implemented: __itt_marker_ex
2752693 : 0xa97a449c4b4bf : 2 : ittapi_config_apply_per_lib :  ITTAPI function not implemented: __itt_metadata_add_with_scope
2752693 : 0xa97a449c4bc43 : 2 : ittapi_config_apply_per_lib :  ITTAPI function not implemented: __itt_metadata_str_add_with_scope
2752693 : 0xa97a449c4c36b : 2 : ittapi_config_apply_per_lib :  ITTAPI function not implemented: __itt_relation_add_to_current_ex
2752693 : 0xa97a449c4ca84 : 2 : ittapi_config_apply_per_lib :  ITTAPI function not implemented: __itt_relation_add_ex