
1624581 : 0xa61c9e18480d7 : 1 : spill_jit_data :  Jit agent is not initialized
1624565 : 0xa61c9e184aa7b : 2 : ittapi_config_mask_get :  --itt-config mask to be applied: 55
1624565 : 0xa61c9e184d58b : 2 : ittapi_config_apply_per_lib :  ITTAPI function instrumented: __itt_domain_create
1624565 : 0xa61c9e184dfc2 : 2 : ittapi_config_apply_per_lib :  ITTAPI function instrumented: __itt_module_load_with_sections
1624565 : 0xa61c9e184ef31 : 2 : ittapi_config_apply_per_lib :  ITTAPI function not implemented: __itt_module_unload_with_sections
1624565 : 0xa61c9e184f763 : 2 : ittapi_config_apply_per_lib :  ITTAPI function instrumented: __itt_string_handle_create
1624565 : 0xa61c9e184fed3 : 2 : ittapi_config_apply_per_lib :  ITTAPI function instrumented: __itt_counter_create
1624565 : 0xa61c9e185059b : 2 : ittapi_config_apply_per_lib :  ITTAPI function instrumented: __itt_counter_create_typed
1624565 : 0xa61c9e1850e6d : 2 : ittapi_config_apply_per_lib :  ITTAPI function instrumented: __itt_pause
1624565 : 0xa61c9e18515a9 : 2 : ittapi_config_apply_per_lib :  ITTAPI function instrumented: __itt_resume
1624565 : 0xa61c9e18571ea : 2 : ittapi_config_apply_per_lib :  ITTAPI function instrumented: __itt_thread_set_name
1624565 : 0xa61c9e1857ac7 : 2 : ittapi_config_apply_per_lib :  ITTAPI function instrumented: __itt_thread_ignore
1624565 : 0xa61c9e185825b : 2 : ittapi_config_apply_per_lib :  ITTAPI function instrumented: __itt_thr_name_set
1624565 : 0xa61c9e18589ad : 2 : ittapi_config_apply_per_lib :  ITTAPI function instrumented: __itt_thr_ignore
1624565 : 0xa61c9e1859424 : 2 : ittapi_config_apply_per_lib :  ITTAPI function not implemented: __itt_enable_attach
1624565 : 0xa61c9e1859c09 : 2 : ittapi_config_apply_per_lib :  ITTAPI function instrumented: __itt_detach
1624565 : 0xa61c9e185a05f : 2 : ittapi_config_apply_per_lib :  ITTAPI function NOT instrumented (not matched by --itt-config option): __itt_sync_create

1624565 : 0xa61c9e185a4bd : 2 : ittapi_config_apply_per_lib :  ITTAPI function NOT instrumented (not matched by --itt-config option): __itt_sync_rename

1624565 : 0xa61c9e185a89b : 2 : ittapi_config_apply_per_lib :  ITTAPI function NOT instrumented (not matched by --itt-config option): __itt_sync_destroy

1624565 : 0xa61c9e185ac79 : 2 : ittapi_config_apply_per_lib :  ITTAPI function NOT instrumented (not matched by --itt-config option): __itt_sync_prepare

1624565 : 0xa61c9e185c055 : 2 : ittapi_config_apply_per_lib :  ITTAPI function NOT instrumented (not matched by --itt-config option): __itt_sync_cancel

1624565 : 0xa61c9e185c48f : 2 : ittapi_config_apply_per_lib :  ITTAPI function NOT instrumented (not matched by --itt-config option): __itt_sync_acquired

1624565 : 0xa61c9e185c805 : 2 : ittapi_config_apply_per_lib :  ITTAPI function NOT instrumented (not matched by --itt-config option): __itt_sync_releasing

1624565 : 0xa61c9e185d0dd : 2 : ittapi_config_apply_per_lib :  ITTAPI function not implemented: __itt_suppress_push
1624565 : 0xa61c9e185da23 : 2 : ittapi_config_apply_per_lib :  ITTAPI function not implemented: __itt_suppress_pop
1624565 : 0xa61c9e185e26e : 2 : ittapi_config_apply_per_lib :  ITTAPI function not implemented: __itt_suppress_mark_range
1624565 : 0xa61c9e185eab9 : 2 : ittapi_config_apply_per_lib :  ITTAPI function not implemented: __itt_suppress_clear_range
1624565 : 0xa61c9e185eecc : 2 : ittapi_config_apply_per_lib :  ITTAPI function NOT instrumented (not matched by --itt-config option): __itt_sync_prepare

1624565 : 0xa61c9e185f28a : 2 : ittapi_config_apply_per_lib :  ITTAPI function NOT instrumented (not matched by --itt-config option): __itt_sync_cancel

1624565 : 0xa61c9e185f605 : 2 : ittapi_config_apply_per_lib :  ITTAPI function NOT instrumented (not matched by --itt-config option): __itt_sync_acquired

1624565 : 0xa61c9e18605ff : 2 : ittapi_config_apply_per_lib :  ITTAPI function NOT instrumented (not matched by --itt-config option): __itt_sync_releasing

1624565 : 0xa61c9e1860a2b : 2 : ittapi_config_apply_per_lib :  ITTAPI function NOT instrumented (not matched by --itt-config option): __itt_model_site_begin

1624565 : 0xa61c9e1860dd8 : 2 : ittapi_config_apply_per_lib :  ITTAPI function NOT instrumented (not matched by --itt-config option): __itt_model_site_end

1624565 : 0xa61c9e1861162 : 2 : ittapi_config_apply_per_lib :  ITTAPI function NOT instrumented (not matched by --itt-config option): __itt_model_task_begin

1624565 : 0xa61c9e186152a : 2 : ittapi_config_apply_per_lib :  ITTAPI function NOT instrumented (not matched by --itt-config option): __itt_model_task_end

1624565 : 0xa61c9e18618a6 : 2 : ittapi_config_apply_per_lib :  ITTAPI function NOT instrumented (not matched by --itt-config option): __itt_model_lock_acquire

1624565 : 0xa61c9e1861cb5 : 2 : ittapi_config_apply_per_lib :  ITTAPI function NOT instrumented (not matched by --itt-config option): __itt_model_lock_release

1624565 : 0xa61c9e186206e : 2 : ittapi_config_apply_per_lib :  ITTAPI function NOT instrumented (not matched by --itt-config option): __itt_model_record_allocation

1624565 : 0xa61c9e18623c2 : 2 : ittapi_config_apply_per_lib :  ITTAPI function NOT instrumented (not matched by --itt-config option): __itt_model_record_deallocation

1624565 : 0xa61c9e1862701 : 2 : ittapi_config_apply_per_lib :  ITTAPI function NOT instrumented (not matched by --itt-config option): __itt_model_induction_uses

1624565 : 0xa61c9e18641d5 : 2 : ittapi_config_apply_per_lib :  ITTAPI function NOT instrumented (not matched by --itt-config option): __itt_model_reduction_uses

1624565 : 0xa61c9e18645ce : 2 : ittapi_config_apply_per_lib :  ITTAPI function NOT instrumented (not matched by --itt-config option): __itt_model_observe_uses

1624565 : 0xa61c9e1864963 : 2 : ittapi_config_apply_per_lib :  ITTAPI function NOT instrumented (not matched by --itt-config option): __itt_model_clear_uses

1624565 : 0xa61c9e1864d48 : 2 : ittapi_config_apply_per_lib :  ITTAPI function NOT instrumented (not matched by --itt-config option): __itt_model_site_beginA

1624565 : 0xa61c9e186511a : 2 : ittapi_config_apply_per_lib :  ITTAPI function NOT instrumented (not matched by --itt-config option): __itt_model_site_beginAL

1624565 : 0xa61c9e18654ed : 2 : ittapi_config_apply_per_lib :  ITTAPI function NOT instrumented (not matched by --itt-config option): __itt_model_task_beginA

1624565 : 0xa61c9e1865863 : 2 : ittapi_config_apply_per_lib :  ITTAPI function NOT instrumented (not matched by --itt-config option): __itt_model_task_beginAL

1624565 : 0xa61c9e1865bc4 : 2 : ittapi_config_apply_per_lib :  ITTAPI function NOT instrumented (not matched by --itt-config option): __itt_model_iteration_taskA

1624565 : 0xa61c9e1866049 : 2 : ittapi_config_apply_per_lib :  ITTAPI function NOT instrumented (not matched by --itt-config option): __itt_model_iteration_taskAL

1624565 : 0xa61c9e1866386 : 2 : ittapi_config_apply_per_lib :  ITTAPI function NOT instrumented (not matched by --itt-config option): __itt_model_site_end_2

1624565 : 0xa61c9e18672b4 : 2 : ittapi_config_apply_per_lib :  ITTAPI function NOT instrumented (not matched by --itt-config option): __itt_model_task_end_2

1624565 : 0xa61c9e186768b : 2 : ittapi_config_apply_per_lib :  ITTAPI function NOT instrumented (not matched by --itt-config option): __itt_model_lock_acquire_2

1624565 : 0xa61c9e1867a7f : 2 : ittapi_config_apply_per_lib :  ITTAPI function NOT instrumented (not matched by --itt-config option): __itt_model_lock_release_2

1624565 : 0xa61c9e1867e3a : 2 : ittapi_config_apply_per_lib :  ITTAPI function NOT instrumented (not matched by --itt-config option): __itt_model_aggregate_task

1624565 : 0xa61c9e18681a9 : 2 : ittapi_config_apply_per_lib :  ITTAPI function NOT instrumented (not matched by --itt-config option): __itt_model_disable_push

1624565 : 0xa61c9e18684f9 : 2 : ittapi_config_apply_per_lib :  ITTAPI function NOT instrumented (not matched by --itt-config option): __itt_model_disable_pop

1624565 : 0xa61c9e1868cee : 2 : ittapi_config_apply_per_lib :  ITTAPI function instrumented: __itt_heap_function_create
1624565 : 0xa61c9e18694f4 : 2 : ittapi_config_apply_per_lib :  ITTAPI function instrumented: __itt_heap_allocate_begin
1624565 : 0xa61c9e1869c11 : 2 : ittapi_config_apply_per_lib :  ITTAPI function instrumented: __itt_heap_allocate_end
1624565 : 0xa61c9e186a375 : 2 : ittapi_config_apply_per_lib :  ITTAPI function instrumented: __itt_heap_free_begin
1624565 : 0xa61c9e186bf61 : 2 : ittapi_config_apply_per_lib :  ITTAPI function instrumented: __itt_heap_free_end
1624565 : 0xa61c9e186c73d : 2 : ittapi_config_apply_per_lib :  ITTAPI function instrumented: __itt_heap_reallocate_begin
1624565 : 0xa61c9e186ce2b : 2 : ittapi_config_apply_per_lib :  ITTAPI function instrumented: __itt_heap_reallocate_end
1624565 : 0xa61c9e186d699 : 2 : ittapi_config_apply_per_lib :  ITTAPI function not implemented: __itt_heap_internal_access_begin
1624565 : 0xa61c9e186de95 : 2 : ittapi_config_apply_per_lib :  ITTAPI function not implemented: __itt_heap_internal_access_end
1624565 : 0xa61c9e186e6aa : 2 : ittapi_config_apply_per_lib :  ITTAPI function not implemented: __itt_heap_record_memory_growth_begin
1624565 : 0xa61c9e186eef3 : 2 : ittapi_config_apply_per_lib :  ITTAPI function not implemented: __itt_heap_record_memory_growth_end
1624565 : 0xa61c9e186f72a : 2 : ittapi_config_apply_per_lib :  ITTAPI function not implemented: __itt_heap_reset_detection
1624565 : 0xa61c9e186ff96 : 2 : ittapi_config_apply_per_lib :  ITTAPI function not implemented: __itt_heap_record
1624565 : 0xa61c9e187079f : 2 : ittapi_config_apply_per_lib :  ITTAPI function not implemented: __itt_id_create
1624565 : 0xa61c9e1871e36 : 2 : ittapi_config_apply_per_lib :  ITTAPI function not implemented: __itt_id_destroy
1624565 : 0xa61c9e18725e3 : 2 : ittapi_config_apply_per_lib :  ITTAPI function instrumented: __itt_get_timestamp
1624565 : 0xa61c9e1872d6c : 2 : ittapi_config_apply_per_lib :  ITTAPI function not implemented: __itt_region_begin
1624565 : 0xa61c9e1873537 : 2 : ittapi_config_apply_per_lib :  ITTAPI function not implemented: __itt_region_end
1624565 : 0xa61c9e1873cc3 : 2 : ittapi_config_apply_per_lib :  ITTAPI function instrumented: __itt_frame_begin_v3
1624565 : 0xa61c9e187448c : 2 : ittapi_config_apply_per_lib :  ITTAPI function instrumented: __itt_frame_end_v3
1624565 : 0xa61c9e1874ba0 : 2 : ittapi_config_apply_per_lib :  ITTAPI function instrumented: __itt_frame_submit_v3
1624565 : 0xa61c9e18753c0 : 2 : ittapi_config_apply_per_lib :  ITTAPI function not implemented: __itt_task_group
1624565 : 0xa61c9e1875b29 : 2 : ittapi_config_apply_per_lib :  ITTAPI function instrumented: __itt_task_begin
1624565 : 0xa61c9e1876298 : 2 : ittapi_config_apply_per_lib :  ITTAPI function instrumented: __itt_task_begin_fn
1624565 : 0xa61c9e18775ac : 2 : ittapi_config_apply_per_lib :  ITTAPI function instrumented: __itt_task_end
1624565 : 0xa61c9e1877de6 : 2 : ittapi_config_apply_per_lib :  ITTAPI function not implemented: __itt_counter_inc_v3
1624565 : 0xa61c9e18785cb : 2 : ittapi_config_apply_per_lib :  ITTAPI function not implemented: __itt_counter_inc_delta_v3
1624565 : 0xa61c9e1878da6 : 2 : ittapi_config_apply_per_lib :  ITTAPI function not implemented: __itt_counter_dec_v3
1624565 : 0xa61c9e187953f : 2 : ittapi_config_apply_per_lib :  ITTAPI function not implemented: __itt_counter_dec_delta_v3
1624565 : 0xa61c9e1879d1d : 2 : ittapi_config_apply_per_lib :  ITTAPI function not implemented: __itt_marker
1624565 : 0xa61c9e187a496 : 2 : ittapi_config_apply_per_lib :  ITTAPI function instrumented: __itt_metadata_add
1624565 : 0xa61c9e187ac5e : 2 : ittapi_config_apply_per_lib :  ITTAPI function not implemented: __itt_metadata_str_add
1624565 : 0xa61c9e187b39f : 2 : ittapi_config_apply_per_lib :  ITTAPI function not implemented: __itt_relation_add_to_current
1624565 : 0xa61c9e187bb0c : 2 : ittapi_config_apply_per_lib :  ITTAPI function not implemented: __itt_relation_add
1624565 : 0xa61c9e187cdce : 2 : ittapi_config_apply_per_lib :  ITTAPI function instrumented: __itt_event_create
1624565 : 0xa61c9e187d5c0 : 2 : ittapi_config_apply_per_lib :  ITTAPI function instrumented: __itt_event_start
1624565 : 0xa61c9e187dcc1 : 2 : ittapi_config_apply_per_lib :  ITTAPI function instrumented: __itt_event_end
1624565 : 0xa61c9e187e068 : 2 : ittapi_config_apply_per_lib :  ITTAPI function NOT instrumented (not matched by --itt-config option): __itt_sync_set_name

1624565 : 0xa61c9e187e41a : 2 : ittapi_config_apply_per_lib :  ITTAPI function NOT instrumented (not matched by --itt-config option): __itt_notify_sync_name

1624565 : 0xa61c9e187e7b3 : 2 : ittapi_config_apply_per_lib :  ITTAPI function NOT instrumented (not matched by --itt-config option): __itt_notify_sync_prepare

1624565 : 0xa61c9e187eb53 : 2 : ittapi_config_apply_per_lib :  ITTAPI function NOT instrumented (not matched by --itt-config option): __itt_notify_sync_cancel

1624565 : 0xa61c9e187ef0b : 2 : ittapi_config_apply_per_lib :  ITTAPI function NOT instrumented (not matched by --itt-config option): __itt_notify_sync_acquired

1624565 : 0xa61c9e187f28c : 2 : ittapi_config_apply_per_lib :  ITTAPI function NOT instrumented (not matched by --itt-config option): __itt_notify_sync_releasing

1624565 : 0xa61c9e187fa45 : 2 : ittapi_config_apply_per_lib :  ITTAPI function not implemented: __itt_memory_read
1624565 : 0xa61c9e188187f : 2 : ittapi_config_apply_per_lib :  ITTAPI function not implemented: __itt_memory_write
1624565 : 0xa61c9e1882097 : 2 : ittapi_config_apply_per_lib :  ITTAPI function not implemented: __itt_memory_update
1624565 : 0xa61c9e18828aa : 2 : ittapi_config_apply_per_lib :  ITTAPI function not implemented: __itt_state_get
1624565 : 0xa61c9e1883023 : 2 : ittapi_config_apply_per_lib :  ITTAPI function not implemented: __itt_state_set
1624565 : 0xa61c9e1884a3f : 2 : ittapi_config_apply_per_lib :  ITTAPI function not implemented: __itt_obj_mode_set
1624565 : 0xa61c9e18851d4 : 2 : ittapi_config_apply_per_lib :  ITTAPI function not implemented: __itt_thr_mode_set
1624565 : 0xa61c9e18858ae : 2 : ittapi_config_apply_per_lib :  ITTAPI function instrumented: __itt_frame_create
1624565 : 0xa61c9e1885fac : 2 : ittapi_config_apply_per_lib :  ITTAPI function instrumented: __itt_pt_region_create
1624565 : 0xa61c9e18866c1 : 2 : ittapi_config_apply_per_lib :  ITTAPI function instrumented: __itt_frame_begin
1624565 : 0xa61c9e1886de7 : 2 : ittapi_config_apply_per_lib :  ITTAPI function instrumented: __itt_frame_end
1624565 : 0xa61c9e1888793 : 2 : ittapi_config_apply_per_lib :  ITTAPI function not implemented: __itt_counter_destroy
1624565 : 0xa61c9e1888f50 : 2 : ittapi_config_apply_per_lib :  ITTAPI function instrumented: __itt_counter_inc
1624565 : 0xa61c9e1889683 : 2 : ittapi_config_apply_per_lib :  ITTAPI function instrumented: __itt_counter_inc_delta
1624565 : 0xa61c9e1889d93 : 2 : ittapi_config_apply_per_lib :  ITTAPI function instrumented: __itt_counter_dec
1624565 : 0xa61c9e188a4a9 : 2 : ittapi_config_apply_per_lib :  ITTAPI function instrumented: __itt_counter_dec_delta
1624565 : 0xa61c9e188abda : 2 : ittapi_config_apply_per_lib :  ITTAPI function instrumented: __itt_counter_set_value
1624565 : 0xa61c9e188b3c5 : 2 : ittapi_config_apply_per_lib :  ITTAPI function not implemented: __itt_counter_set_value_ex
1624565 : 0xa61c9e188bb17 : 2 : ittapi_config_apply_per_lib :  ITTAPI function not implemented: __itt_mark_create
1624565 : 0xa61c9e188c31a : 2 : ittapi_config_apply_per_lib :  ITTAPI function not implemented: __itt_mark
1624565 : 0xa61c9e188cb65 : 2 : ittapi_config_apply_per_lib :  ITTAPI function not implemented: __itt_mark_off
1624565 : 0xa61c9e188df23 : 2 : ittapi_config_apply_per_lib :  ITTAPI function not implemented: __itt_mark_global
1624565 : 0xa61c9e188e73e : 2 : ittapi_config_apply_per_lib :  ITTAPI function not implemented: __itt_mark_global_off
1624565 : 0xa61c9e188ef1c : 2 : ittapi_config_apply_per_lib :  ITTAPI function instrumented: __itt_stack_caller_create
1624565 : 0xa61c9e188f67b : 2 : ittapi_config_apply_per_lib :  ITTAPI function instrumented: __itt_stack_caller_destroy
1624565 : 0xa61c9e188fdcf : 2 : ittapi_config_apply_per_lib :  ITTAPI function instrumented: __itt_stack_callee_enter
1624565 : 0xa61c9e18904a2 : 2 : ittapi_config_apply_per_lib :  ITTAPI function instrumented: __itt_stack_callee_leave
1624565 : 0xa61c9e1890c24 : 2 : ittapi_config_apply_per_lib :  ITTAPI function not implemented: __itt_clock_domain_create
1624565 : 0xa61c9e18913d1 : 2 : ittapi_config_apply_per_lib :  ITTAPI function not implemented: __itt_clock_domain_reset
1624565 : 0xa61c9e1891b79 : 2 : ittapi_config_apply_per_lib :  ITTAPI function not implemented: __itt_id_create_ex
1624565 : 0xa61c9e1892319 : 2 : ittapi_config_apply_per_lib :  ITTAPI function not implemented: __itt_id_destroy_ex
1624565 : 0xa61c9e1893ee7 : 2 : ittapi_config_apply_per_lib :  ITTAPI function not implemented: __itt_task_begin_ex
1624565 : 0xa61c9e18946c5 : 2 : ittapi_config_apply_per_lib :  ITTAPI function not implemented: __itt_task_begin_fn_ex
1624565 : 0xa61c9e1894e5d : 2 : ittapi_config_apply_per_lib :  ITTAPI function not implemented: __itt_task_end_ex
1624565 : 0xa61c9e18955b3 : 2 : ittapi_config_apply_per_lib :  ITTAPI function instrumented: __itt_task_begin_overlapped
1624565 : 0xa61c9e1895d33 : 2 : ittapi_config_apply_per_lib :  ITTAPI function not implemented: __itt_task_begin_overlapped_ex
1624565 : 0xa61c9e1896454 : 2 : ittapi_config_apply_per_lib :  ITTAPI function instrumented: __itt_task_end_overlapped
1624565 : 0xa61c9e1896c2e : 2 : ittapi_config_apply_per_lib :  ITTAPI function not implemented: __itt_task_end_overlapped_ex
1624565 : 0xa61c9e1897393 : 2 : ittapi_config_apply_per_lib :  ITTAPI function not implemented: __itt_marker_ex
1624565 : 0xa61c9e1897ba5 : 2 : ittapi_config_apply_per_lib :  ITTAPI function not implemented: __itt_metadata_add_with_scope
1624565 : 0xa61c9e189838f : 2 : ittapi_config_apply_per_lib :  ITTAPI function not implemented: __itt_metadata_str_add_with_scope
1624565 : 0xa61c9e18997c1 : 2 : ittapi_config_apply_per_lib :  ITTAPI function not implemented: __itt_relation_add_to_current_ex
1624565 : 0xa61c9e1899f7d : 2 : ittapi_config_apply_per_lib :  ITTAPI function not implemented: __itt_relation_add_ex
1624565 : 0xa61c9e189a75c : 2 : ittapi_config_apply_per_lib :  ITTAPI function not implemented: __itt_track_group_create
1624565 : 0xa61c9e189aeb8 : 2 : ittapi_config_apply_per_lib :  ITTAPI function not implemented: __itt_track_create
1624565 : 0xa61c9e189b632 : 2 : ittapi_config_apply_per_lib :  ITTAPI function not implemented: __itt_set_track
1624565 : 0xa61c9e189bd9d : 2 : ittapi_config_apply_per_lib :  ITTAPI function instrumented: __itt_api_version
1624565 : 0xa61c9e189c534 : 2 : ittapi_config_apply_per_lib :  ITTAPI function not implemented: __itt_av_save
1624565 : 0xa61c9e189cc7d : 2 : ittapi_config_apply_per_lib :  ITTAPI function instrumented: __itt_module_load
1624565 : 0xa61c9e189d58b : 2 : ittapi_config_apply_per_lib :  ITTAPI function not implemented: __itt_module_unload
1624565 : 0xa61c9e18e4b7b : 2 : ittapi_config_mask_get :  --itt-config mask to be applied: 55
1624565 : 0xa61c9e18e6cea : 2 : ittapi_config_apply_per_lib :  ITTAPI function instrumented: __itt_domain_create
1624565 : 0xa61c9e18e7519 : 2 : ittapi_config_apply_per_lib :  ITTAPI function instrumented: __itt_module_load_with_sections
1624565 : 0xa61c9e18e7ef2 : 2 : ittapi_config_apply_per_lib :  ITTAPI function not implemented: __itt_module_unload_with_sections
1624565 : 0xa61c9e18e8647 : 2 : ittapi_config_apply_per_lib :  ITTAPI function instrumented: __itt_string_handle_create
1624565 : 0xa61c9e18e8d46 : 2 : ittapi_config_apply_per_lib :  ITTAPI function instrumented: __itt_counter_create
1624565 : 0xa61c9e18e93df : 2 : ittapi_config_apply_per_lib :  ITTAPI function instrumented: __itt_counter_create_typed
1624565 : 0xa61c9e18e9acc : 2 : ittapi_config_apply_per_lib :  ITTAPI function instrumented: __itt_pause
1624565 : 0xa61c9e18ea1b3 : 2 : ittapi_config_apply_per_lib :  ITTAPI function instrumented: __itt_resume
1624565 : 0xa61c9e18ea838 : 2 : ittapi_config_apply_per_lib :  ITTAPI function instrumented: __itt_thread_set_name
1624565 : 0xa61c9e18eafb0 : 2 : ittapi_config_apply_per_lib :  ITTAPI function instrumented: __itt_thread_ignore
1624565 : 0xa61c9e18ec477 : 2 : ittapi_config_apply_per_lib :  ITTAPI function instrumented: __itt_thr_name_set
1624565 : 0xa61c9e18ecbbc : 2 : ittapi_config_apply_per_lib :  ITTAPI function instrumented: __itt_thr_ignore
1624565 : 0xa61c9e18ed47b : 2 : ittapi_config_apply_per_lib :  ITTAPI function not implemented: __itt_enable_attach
1624565 : 0xa61c9e18edba0 : 2 : ittapi_config_apply_per_lib :  ITTAPI function instrumented: __itt_detach
1624565 : 0xa61c9e18edf62 : 2 : ittapi_config_apply_per_lib :  ITTAPI function NOT instrumented (not matched by --itt-config option): __itt_sync_create

1624565 : 0xa61c9e18ee32e : 2 : ittapi_config_apply_per_lib :  ITTAPI function NOT instrumented (not matched by --itt-config option): __itt_sync_rename

1624565 : 0xa61c9e18ee6db : 2 : ittapi_config_apply_per_lib :  ITTAPI function NOT instrumented (not matched by --itt-config option): __itt_sync_destroy

1624565 : 0xa61c9e18eeaa9 : 2 : ittapi_config_apply_per_lib :  ITTAPI function NOT instrumented (not matched by --itt-config option): __itt_sync_prepare

1624565 : 0xa61c9e18eee21 : 2 : ittapi_config_apply_per_lib :  ITTAPI function NOT instrumented (not matched by --itt-config option): __itt_sync_cancel

1624565 : 0xa61c9e18ef17d : 2 : ittapi_config_apply_per_lib :  ITTAPI function NOT instrumented (not matched by --itt-config option): __itt_sync_acquired

1624565 : 0xa61c9e18f0d96 : 2 : ittapi_config_apply_per_lib :  ITTAPI function NOT instrumented (not matched by --itt-config option): __itt_sync_releasing

1624565 : 0xa61c9e18f16d9 : 2 : ittapi_config_apply_per_lib :  ITTAPI function not implemented: __itt_suppress_push
1624565 : 0xa61c9e18f1f69 : 2 : ittapi_config_apply_per_lib :  ITTAPI function not implemented: __itt_suppress_pop
1624565 : 0xa61c9e18f2737 : 2 : ittapi_config_apply_per_lib :  ITTAPI function not implemented: __itt_suppress_mark_range
1624565 : 0xa61c9e18f2f2c : 2 : ittapi_config_apply_per_lib :  ITTAPI function not implemented: __itt_suppress_clear_range
1624565 : 0xa61c9e18f32e7 : 2 : ittapi_config_apply_per_lib :  ITTAPI function NOT instrumented (not matched by --itt-config option): __itt_sync_prepare

1624565 : 0xa61c9e18f366e : 2 : ittapi_config_apply_per_lib :  ITTAPI function NOT instrumented (not matched by --itt-config option): __itt_sync_cancel

1624565 : 0xa61c9e18f39e5 : 2 : ittapi_config_apply_per_lib :  ITTAPI function NOT instrumented (not matched by --itt-config option): __itt_sync_acquired

1624565 : 0xa61c9e18f3d47 : 2 : ittapi_config_apply_per_lib :  ITTAPI function NOT instrumented (not matched by --itt-config option): __itt_sync_releasing

1624565 : 0xa61c9e18f4137 : 2 : ittapi_config_apply_per_lib :  ITTAPI function NOT instrumented (not matched by --itt-config option): __itt_model_site_begin

1624565 : 0xa61c9e18f50e6 : 2 : ittapi_config_apply_per_lib :  ITTAPI function NOT instrumented (not matched by --itt-config option): __itt_model_site_end

1624565 : 0xa61c9e18f54a9 : 2 : ittapi_config_apply_per_lib :  ITTAPI function NOT instrumented (not matched by --itt-config option): __itt_model_task_begin

1624565 : 0xa61c9e18f5839 : 2 : ittapi_config_apply_per_lib :  ITTAPI function NOT instrumented (not matched by --itt-config option): __itt_model_task_end

1624565 : 0xa61c9e18f5b99 : 2 : ittapi_config_apply_per_lib :  ITTAPI function NOT instrumented (not matched by --itt-config option): __itt_model_lock_acquire

1624565 : 0xa61c9e18f5f46 : 2 : ittapi_config_apply_per_lib :  ITTAPI function NOT instrumented (not matched by --itt-config option): __itt_model_lock_release

1624565 : 0xa61c9e18f62a1 : 2 : ittapi_config_apply_per_lib :  ITTAPI function NOT instrumented (not matched by --itt-config option): __itt_model_record_allocation

1624565 : 0xa61c9e18f65f3 : 2 : ittapi_config_apply_per_lib :  ITTAPI function NOT instrumented (not matched by --itt-config option): __itt_model_record_deallocation

1624565 : 0xa61c9e18f696f : 2 : ittapi_config_apply_per_lib :  ITTAPI function NOT instrumented (not matched by --itt-config option): __itt_model_induction_uses

1624565 : 0xa61c9e18f6cfa : 2 : ittapi_config_apply_per_lib :  ITTAPI function NOT instrumented (not matched by --itt-config option): __itt_model_reduction_uses

1624565 : 0xa61c9e18f7076 : 2 : ittapi_config_apply_per_lib :  ITTAPI function NOT instrumented (not matched by --itt-config option): __itt_model_observe_uses

1624565 : 0xa61c9e18f8701 : 2 : ittapi_config_apply_per_lib :  ITTAPI function NOT instrumented (not matched by --itt-config option): __itt_model_clear_uses

1624565 : 0xa61c9e18f8aca : 2 : ittapi_config_apply_per_lib :  ITTAPI function NOT instrumented (not matched by --itt-config option): __itt_model_site_beginA

1624565 : 0xa61c9e18f8e4b : 2 : ittapi_config_apply_per_lib :  ITTAPI function NOT instrumented (not matched by --itt-config option): __itt_model_site_beginAL

1624565 : 0xa61c9e18f91c4 : 2 : ittapi_config_apply_per_lib :  ITTAPI function NOT instrumented (not matched by --itt-config option): __itt_model_task_beginA

1624565 : 0xa61c9e18f953e : 2 : ittapi_config_apply_per_lib :  ITTAPI function NOT instrumented (not matched by --itt-config option): __itt_model_task_beginAL

1624565 : 0xa61c9e18f98d9 : 2 : ittapi_config_apply_per_lib :  ITTAPI function NOT instrumented (not matched by --itt-config option): __itt_model_iteration_taskA

1624565 : 0xa61c9e18f9c22 : 2 : ittapi_config_apply_per_lib :  ITTAPI function NOT instrumented (not matched by --itt-config option): __itt_model_iteration_taskAL

1624565 : 0xa61c9e18f9f4f : 2 : ittapi_config_apply_per_lib :  ITTAPI function NOT instrumented (not matched by --itt-config option): __itt_model_site_end_2

1624565 : 0xa61c9e18fa2b7 : 2 : ittapi_config_apply_per_lib :  ITTAPI function NOT instrumented (not matched by --itt-config option): __itt_model_task_end_2

1624565 : 0xa61c9e18fa5f4 : 2 : ittapi_config_apply_per_lib :  ITTAPI function NOT instrumented (not matched by --itt-config option): __itt_model_lock_acquire_2

1624565 : 0xa61c9e18fb4e4 : 2 : ittapi_config_apply_per_lib :  ITTAPI function NOT instrumented (not matched by --itt-config option): __itt_model_lock_release_2

1624565 : 0xa61c9e18fb88e : 2 : ittapi_config_apply_per_lib :  ITTAPI function NOT instrumented (not matched by --itt-config option): __itt_model_aggregate_task

1624565 : 0xa61c9e18fbc05 : 2 : ittapi_config_apply_per_lib :  ITTAPI function NOT instrumented (not matched by --itt-config option): __itt_model_disable_push

1624565 : 0xa61c9e18fbf88 : 2 : ittapi_config_apply_per_lib :  ITTAPI function NOT instrumented (not matched by --itt-config option): __itt_model_disable_pop

1624565 : 0xa61c9e18fc6ed : 2 : ittapi_config_apply_per_lib :  ITTAPI function instrumented: __itt_heap_function_create
1624565 : 0xa61c9e18fce77 : 2 : ittapi_config_apply_per_lib :  ITTAPI function instrumented: __itt_heap_allocate_begin
1624565 : 0xa61c9e18fd549 : 2 : ittapi_config_apply_per_lib :  ITTAPI function instrumented: __itt_heap_allocate_end
1624565 : 0xa61c9e18fdc9b : 2 : ittapi_config_apply_per_lib :  ITTAPI function instrumented: __itt_heap_free_begin
1624565 : 0xa61c9e18fe365 : 2 : ittapi_config_apply_per_lib :  ITTAPI function instrumented: __itt_heap_free_end
1624565 : 0xa61c9e18fea8d : 2 : ittapi_config_apply_per_lib :  ITTAPI function instrumented: __itt_heap_reallocate_begin
1624565 : 0xa61c9e18ffd6d : 2 : ittapi_config_apply_per_lib :  ITTAPI function instrumented: __itt_heap_reallocate_end
1624565 : 0xa61c9e19005ef : 2 : ittapi_config_apply_per_lib :  ITTAPI function not implemented: __itt_heap_internal_access_begin
1624565 : 0xa61c9e1900dd4 : 2 : ittapi_config_apply_per_lib :  ITTAPI function not implemented: __itt_heap_internal_access_end
1624565 : 0xa61c9e19015c2 : 2 : ittapi_config_apply_per_lib :  ITTAPI function not implemented: __itt_heap_record_memory_growth_begin
1624565 : 0xa61c9e1901dc0 : 2 : ittapi_config_apply_per_lib :  ITTAPI function not implemented: __itt_heap_record_memory_growth_end
1624565 : 0xa61c9e1902596 : 2 : ittapi_config_apply_per_lib :  ITTAPI function not implemented: __itt_heap_reset_detection
1624565 : 0xa61c9e1902d93 : 2 : ittapi_config_apply_per_lib :  ITTAPI function not implemented: __itt_heap_record
1624565 : 0xa61c9e1903515 : 2 : ittapi_config_apply_per_lib :  ITTAPI function not implemented: __itt_id_create
1624565 : 0xa61c9e1903cf3 : 2 : ittapi_config_apply_per_lib :  ITTAPI function not implemented: __itt_id_destroy
1624565 : 0xa61c9e190442f : 2 : ittapi_config_apply_per_lib :  ITTAPI function instrumented: __itt_get_timestamp
1624565 : 0xa61c9e1905fe4 : 2 : ittapi_config_apply_per_lib :  ITTAPI function not implemented: __itt_region_begin
1624565 : 0xa61c9e1906871 : 2 : ittapi_config_apply_per_lib :  ITTAPI function not implemented: __itt_region_end
1624565 : 0xa61c9e190704f : 2 : ittapi_config_apply_per_lib :  ITTAPI function instrumented: __itt_frame_begin_v3
1624565 : 0xa61c9e19077b5 : 2 : ittapi_config_apply_per_lib :  ITTAPI function instrumented: __itt_frame_end_v3
1624565 : 0xa61c9e1907ee5 : 2 : ittapi_config_apply_per_lib :  ITTAPI function instrumented: __itt_frame_submit_v3
1624565 : 0xa61c9e19086ab : 2 : ittapi_config_apply_per_lib :  ITTAPI function not implemented: __itt_task_group
1624565 : 0xa61c9e1908e7c : 2 : ittapi_config_apply_per_lib :  ITTAPI function instrumented: __itt_task_begin
1624565 : 0xa61c9e190956e : 2 : ittapi_config_apply_per_lib :  ITTAPI function instrumented: __itt_task_begin_fn
1624565 : 0xa61c9e1909c90 : 2 : ittapi_config_apply_per_lib :  ITTAPI function instrumented: __itt_task_end
1624565 : 0xa61c9e190a465 : 2 : ittapi_config_apply_per_lib :  ITTAPI function not implemented: __itt_counter_inc_v3
1624565 : 0xa61c9e190b9df : 2 : ittapi_config_apply_per_lib :  ITTAPI function not implemented: __itt_counter_inc_delta_v3
1624565 : 0xa61c9e190c20e : 2 : ittapi_config_apply_per_lib :  ITTAPI function not implemented: __itt_counter_dec_v3
1624565 : 0xa61c9e190c9d9 : 2 : ittapi_config_apply_per_lib :  ITTAPI function not implemented: __itt_counter_dec_delta_v3
1624565 : 0xa61c9e190d19d : 2 : ittapi_config_apply_per_lib :  ITTAPI function not implemented: __itt_marker
1624565 : 0xa61c9e190d914 : 2 : ittapi_config_apply_per_lib :  ITTAPI function instrumented: __itt_metadata_add
1624565 : 0xa61c9e190e0d9 : 2 : ittapi_config_apply_per_lib :  ITTAPI function not implemented: __itt_metadata_str_add
1624565 : 0xa61c9e190e825 : 2 : ittapi_config_apply_per_lib :  ITTAPI function not implemented: __itt_relation_add_to_current
1624565 : 0xa61c9e190efd3 : 2 : ittapi_config_apply_per_lib :  ITTAPI function not implemented: __itt_relation_add
1624565 : 0xa61c9e190f6ba : 2 : ittapi_config_apply_per_lib :  ITTAPI function instrumented: __itt_event_create
1624565 : 0xa61c9e190fd9e : 2 : ittapi_config_apply_per_lib :  ITTAPI function instrumented: __itt_event_start
1624565 : 0xa61c9e19110b6 : 2 : ittapi_config_apply_per_lib :  ITTAPI function instrumented: __itt_event_end
1624565 : 0xa61c9e19114a1 : 2 : ittapi_config_apply_per_lib :  ITTAPI function NOT instrumented (not matched by --itt-config option): __itt_sync_set_name

1624565 : 0xa61c9e1911853 : 2 : ittapi_config_apply_per_lib :  ITTAPI function NOT instrumented (not matched by --itt-config option): __itt_notify_sync_name

1624565 : 0xa61c9e1911bd7 : 2 : ittapi_config_apply_per_lib :  ITTAPI function NOT instrumented (not matched by --itt-config option): __itt_notify_sync_prepare

1624565 : 0xa61c9e1911f5f : 2 : ittapi_config_apply_per_lib :  ITTAPI function NOT instrumented (not matched by --itt-config option): __itt_notify_sync_cancel

1624565 : 0xa61c9e19122d9 : 2 : ittapi_config_apply_per_lib :  ITTAPI function NOT instrumented (not matched by --itt-config option): __itt_notify_sync_acquired

1624565 : 0xa61c9e1912649 : 2 : ittapi_config_apply_per_lib :  ITTAPI function NOT instrumented (not matched by --itt-config option): __itt_notify_sync_releasing

1624565 : 0xa61c9e1912dc7 : 2 : ittapi_config_apply_per_lib :  ITTAPI function not implemented: __itt_memory_read
1624565 : 0xa61c9e1913597 : 2 : ittapi_config_apply_per_lib :  ITTAPI function not implemented: __itt_memory_write
1624565 : 0xa61c9e1913d1b : 2 : ittapi_config_apply_per_lib :  ITTAPI function not implemented: __itt_memory_update
1624565 : 0xa61c9e1915265 : 2 : ittapi_config_apply_per_lib :  ITTAPI function not implemented: __itt_state_get
1624565 : 0xa61c9e1915a34 : 2 : ittapi_config_apply_per_lib :  ITTAPI function not implemented: __itt_state_set
1624565 : 0xa61c9e1916201 : 2 : ittapi_config_apply_per_lib :  ITTAPI function not implemented: __itt_obj_mode_set
1624565 : 0xa61c9e19169a1 : 2 : ittapi_config_apply_per_lib :  ITTAPI function not implemented: __itt_thr_mode_set
1624565 : 0xa61c9e19170a9 : 2 : ittapi_config_apply_per_lib :  ITTAPI function instrumented: __itt_frame_create
1624565 : 0xa61c9e1917783 : 2 : ittapi_config_apply_per_lib :  ITTAPI function instrumented: __itt_pt_region_create
1624565 : 0xa61c9e1917e48 : 2 : ittapi_config_apply_per_lib :  ITTAPI function instrumented: __itt_frame_begin
1624565 : 0xa61c9e1918530 : 2 : ittapi_config_apply_per_lib :  ITTAPI function instrumented: __itt_frame_end
1624565 : 0xa61c9e1918d13 : 2 : ittapi_config_apply_per_lib :  ITTAPI function not implemented: __itt_counter_destroy
1624565 : 0xa61c9e191942e : 2 : ittapi_config_apply_per_lib :  ITTAPI function instrumented: __itt_counter_inc
1624565 : 0xa61c9e191b1d6 : 2 : ittapi_config_apply_per_lib :  ITTAPI function instrumented: __itt_counter_inc_delta
1624565 : 0xa61c9e191b906 : 2 : ittapi_config_apply_per_lib :  ITTAPI function instrumented: __itt_counter_dec
1624565 : 0xa61c9e191c005 : 2 : ittapi_config_apply_per_lib :  ITTAPI function instrumented: __itt_counter_dec_delta
1624565 : 0xa61c9e191c6d1 : 2 : ittapi_config_apply_per_lib :  ITTAPI function instrumented: __itt_counter_set_value
1624565 : 0xa61c9e191ce8c : 2 : ittapi_config_apply_per_lib :  ITTAPI function not implemented: __itt_counter_set_value_ex
1624565 : 0xa61c9e191d5f3 : 2 : ittapi_config_apply_per_lib :  ITTAPI function not implemented: __itt_mark_create
1624565 : 0xa61c9e191ddec : 2 : ittapi_config_apply_per_lib :  ITTAPI function not implemented: __itt_mark
1624565 : 0xa61c9e191e5e7 : 2 : ittapi_config_apply_per_lib :  ITTAPI function not implemented: __itt_mark_off
1624565 : 0xa61c9e191ed53 : 2 : ittapi_config_apply_per_lib :  ITTAPI function not implemented: __itt_mark_global
1624565 : 0xa61c9e191f4f7 : 2 : ittapi_config_apply_per_lib :  ITTAPI function not implemented: __itt_mark_global_off
1624565 : 0xa61c9e1920999 : 2 : ittapi_config_apply_per_lib :  ITTAPI function instrumented: __itt_stack_caller_create
1624565 : 0xa61c9e1921141 : 2 : ittapi_config_apply_per_lib :  ITTAPI function instrumented: __itt_stack_caller_destroy
1624565 : 0xa61c9e192184d : 2 : ittapi_config_apply_per_lib :  ITTAPI function instrumented: __itt_stack_callee_enter
1624565 : 0xa61c9e1921ecd : 2 : ittapi_config_apply_per_lib :  ITTAPI function instrumented: __itt_stack_callee_leave
1624565 : 0xa61c9e1922698 : 2 : ittapi_config_apply_per_lib :  ITTAPI function not implemented: __itt_clock_domain_create
1624565 : 0xa61c9e1922e7b : 2 : ittapi_config_apply_per_lib :  ITTAPI function not implemented: __itt_clock_domain_reset
1624565 : 0xa61c9e19235f1 : 2 : ittapi_config_apply_per_lib :  ITTAPI function not implemented: __itt_id_create_ex
1624565 : 0xa61c9e1923dc7 : 2 : ittapi_config_apply_per_lib :  ITTAPI function not implemented: __itt_id_destroy_ex
1624565 : 0xa61c9e1924573 : 2 : ittapi_config_apply_per_lib :  ITTAPI function not implemented: __itt_task_begin_ex
1624565 : 0xa61c9e1924cfd : 2 : ittapi_config_apply_per_lib :  ITTAPI function not implemented: __itt_task_begin_fn_ex
1624565 : 0xa61c9e1926324 : 2 : ittapi_config_apply_per_lib :  ITTAPI function not implemented: __itt_task_end_ex
1624565 : 0xa61c9e1926ad7 : 2 : ittapi_config_apply_per_lib :  ITTAPI function instrumented: __itt_task_begin_overlapped
1624565 : 0xa61c9e1927252 : 2 : ittapi_config_apply_per_lib :  ITTAPI function not implemented: __itt_task_begin_overlapped_ex
1624565 : 0xa61c9e192799c : 2 : ittapi_config_apply_per_lib :  ITTAPI function instrumented: __itt_task_end_overlapped
1624565 : 0xa61c9e192813a : 2 : ittapi_config_apply_per_lib :  ITTAPI function not implemented: __itt_task_end_overlapped_ex
1624565 : 0xa61c9e192887e : 2 : ittapi_config_apply_per_lib :  ITTAPI function not implemented: __itt_marker_ex
1624565 : 0xa61c9e1929038 : 2 : ittapi_config_apply_per_lib :  ITTAPI function not implemented: __itt_metadata_add_with_scope
1624565 : 0xa61c9e192983c : 2 : ittapi_config_apply_per_lib :  ITTAPI function not implemented: __itt_metadata_str_add_with_scope
1624565 : 0xa61c9e1929fd3 : 2 : ittapi_config_apply_per_lib :  ITTAPI function not implemented: __itt_relation_add_to_current_ex
1624565 : 0xa61c9e192a783 : 2 : ittapi_config_apply_per_lib :  ITTAPI function not implemented: __itt_relation_add_ex
1624565 : 0xa61c9e192c28a : 2 : ittapi_config_apply_per_lib :  ITTAPI function not implemented: __itt_track_group_create
1624565 : 0xa61c9e192ca64 : 2 : ittapi_config_apply_per_lib :  ITTAPI function not implemented: __itt_track_create
1624565 : 0xa61c9e192d235 : 2 : ittapi_config_apply_per_lib :  ITTAPI function not implemented: __itt_set_track
1624565 : 0xa61c9e192d983 : 2 : ittapi_config_apply_per_lib :  ITTAPI function instrumented: __itt_api_version
1624565 : 0xa61c9e192e109 : 2 : ittapi_config_apply_per_lib :  ITTAPI function not implemented: __itt_av_save
1624565 : 0xa61c9e192e850 : 2 : ittapi_config_apply_per_lib :  ITTAPI function instrumented: __itt_module_load
1624565 : 0xa61c9e192eff9 : 2 : ittapi_config_apply_per_lib :  ITTAPI function not implemented: __itt_module_unload