
2752471 : 0xa979bcfa0c278 : 1 : spill_jit_data :  Jit agent is not initialized
2752455 : 0xa979bcfa0ee3e : 2 : ittapi_config_mask_get :  --itt-config mask to be applied: 55
2752455 : 0xa979bcfa10d6d : 2 : ittapi_config_apply_per_lib :  ITTAPI function instrumented: __itt_domain_create
2752455 : 0xa979bcfa116fd : 2 : ittapi_config_apply_per_lib :  ITTAPI function instrumented: __itt_module_load_with_sections
2752455 : 0xa979bcfa1235c : 2 : ittapi_config_apply_per_lib :  ITTAPI function not implemented: __itt_module_unload_with_sections
2752455 : 0xa979bcfa12ba0 : 2 : ittapi_config_apply_per_lib :  ITTAPI function instrumented: __itt_string_handle_create
2752455 : 0xa979bcfa132c0 : 2 : ittapi_config_apply_per_lib :  ITTAPI function instrumented: __itt_counter_create
2752455 : 0xa979bcfa13925 : 2 : ittapi_config_apply_per_lib :  ITTAPI function instrumented: __itt_counter_create_typed
2752455 : 0xa979bcfa14259 : 2 : ittapi_config_apply_per_lib :  ITTAPI function instrumented: __itt_pause
2752455 : 0xa979bcfa14981 : 2 : ittapi_config_apply_per_lib :  ITTAPI function instrumented: __itt_resume
2752455 : 0xa979bcfa1a717 : 2 : ittapi_config_apply_per_lib :  ITTAPI function instrumented: __itt_thread_set_name
2752455 : 0xa979bcfa1af32 : 2 : ittapi_config_apply_per_lib :  ITTAPI function instrumented: __itt_thread_ignore
2752455 : 0xa979bcfa1b610 : 2 : ittapi_config_apply_per_lib :  ITTAPI function instrumented: __itt_thr_name_set
2752455 : 0xa979bcfa1bcc4 : 2 : ittapi_config_apply_per_lib :  ITTAPI function instrumented: __itt_thr_ignore
2752455 : 0xa979bcfa1c705 : 2 : ittapi_config_apply_per_lib :  ITTAPI function not implemented: __itt_enable_attach
2752455 : 0xa979bcfa1ce06 : 2 : ittapi_config_apply_per_lib :  ITTAPI function instrumented: __itt_detach
2752455 : 0xa979bcfa1d1c4 : 2 : ittapi_config_apply_per_lib :  ITTAPI function NOT instrumented (not matched by --itt-config option): __itt_sync_create

2752455 : 0xa979bcfa1d694 : 2 : ittapi_config_apply_per_lib :  ITTAPI function NOT instrumented (not matched by --itt-config option): __itt_sync_rename

2752455 : 0xa979bcfa1da6f : 2 : ittapi_config_apply_per_lib :  ITTAPI function NOT instrumented (not matched by --itt-config option): __itt_sync_destroy

2752455 : 0xa979bcfa1de87 : 2 : ittapi_config_apply_per_lib :  ITTAPI function NOT instrumented (not matched by --itt-config option): __itt_sync_prepare

2752455 : 0xa979bcfa1f28c : 2 : ittapi_config_apply_per_lib :  ITTAPI function NOT instrumented (not matched by --itt-config option): __itt_sync_cancel

2752455 : 0xa979bcfa1f67e : 2 : ittapi_config_apply_per_lib :  ITTAPI function NOT instrumented (not matched by --itt-config option): __itt_sync_acquired

2752455 : 0xa979bcfa1f9f4 : 2 : ittapi_config_apply_per_lib :  ITTAPI function NOT instrumented (not matched by --itt-config option): __itt_sync_releasing

2752455 : 0xa979bcfa202c0 : 2 : ittapi_config_apply_per_lib :  ITTAPI function not implemented: __itt_suppress_push
2752455 : 0xa979bcfa20b4b : 2 : ittapi_config_apply_per_lib :  ITTAPI function not implemented: __itt_suppress_pop
2752455 : 0xa979bcfa21306 : 2 : ittapi_config_apply_per_lib :  ITTAPI function not implemented: __itt_suppress_mark_range
2752455 : 0xa979bcfa21ae6 : 2 : ittapi_config_apply_per_lib :  ITTAPI function not implemented: __itt_suppress_clear_range
2752455 : 0xa979bcfa21e67 : 2 : ittapi_config_apply_per_lib :  ITTAPI function NOT instrumented (not matched by --itt-config option): __itt_sync_prepare

2752455 : 0xa979bcfa221e4 : 2 : ittapi_config_apply_per_lib :  ITTAPI function NOT instrumented (not matched by --itt-config option): __itt_sync_cancel

2752455 : 0xa979bcfa22565 : 2 : ittapi_config_apply_per_lib :  ITTAPI function NOT instrumented (not matched by --itt-config option): __itt_sync_acquired

2752455 : 0xa979bcfa23821 : 2 : ittapi_config_apply_per_lib :  ITTAPI function NOT instrumented (not matched by --itt-config option): __itt_sync_releasing

2752455 : 0xa979bcfa23c5c : 2 : ittapi_config_apply_per_lib :  ITTAPI function NOT instrumented (not matched by --itt-config option): __itt_model_site_begin

2752455 : 0xa979bcfa23fef : 2 : ittapi_config_apply_per_lib :  ITTAPI function NOT instrumented (not matched by --itt-config option): __itt_model_site_end

2752455 : 0xa979bcfa2436c : 2 : ittapi_config_apply_per_lib :  ITTAPI function NOT instrumented (not matched by --itt-config option): __itt_model_task_begin

2752455 : 0xa979bcfa246db : 2 : ittapi_config_apply_per_lib :  ITTAPI function NOT instrumented (not matched by --itt-config option): __itt_model_task_end

2752455 : 0xa979bcfa24a44 : 2 : ittapi_config_apply_per_lib :  ITTAPI function NOT instrumented (not matched by --itt-config option): __itt_model_lock_acquire

2752455 : 0xa979bcfa24f3c : 2 : ittapi_config_apply_per_lib :  ITTAPI function NOT instrumented (not matched by --itt-config option): __itt_model_lock_release

2752455 : 0xa979bcfa252a3 : 2 : ittapi_config_apply_per_lib :  ITTAPI function NOT instrumented (not matched by --itt-config option): __itt_model_record_allocation

2752455 : 0xa979bcfa255dd : 2 : ittapi_config_apply_per_lib :  ITTAPI function NOT instrumented (not matched by --itt-config option): __itt_model_record_deallocation

2752455 : 0xa979bcfa25905 : 2 : ittapi_config_apply_per_lib :  ITTAPI function NOT instrumented (not matched by --itt-config option): __itt_model_induction_uses

2752455 : 0xa979bcfa27520 : 2 : ittapi_config_apply_per_lib :  ITTAPI function NOT instrumented (not matched by --itt-config option): __itt_model_reduction_uses

2752455 : 0xa979bcfa278e9 : 2 : ittapi_config_apply_per_lib :  ITTAPI function NOT instrumented (not matched by --itt-config option): __itt_model_observe_uses

2752455 : 0xa979bcfa27c89 : 2 : ittapi_config_apply_per_lib :  ITTAPI function NOT instrumented (not matched by --itt-config option): __itt_model_clear_uses

2752455 : 0xa979bcfa2801c : 2 : ittapi_config_apply_per_lib :  ITTAPI function NOT instrumented (not matched by --itt-config option): __itt_model_site_beginA

2752455 : 0xa979bcfa283b7 : 2 : ittapi_config_apply_per_lib :  ITTAPI function NOT instrumented (not matched by --itt-config option): __itt_model_site_beginAL

2752455 : 0xa979bcfa2870a : 2 : ittapi_config_apply_per_lib :  ITTAPI function NOT instrumented (not matched by --itt-config option): __itt_model_task_beginA

2752455 : 0xa979bcfa28a80 : 2 : ittapi_config_apply_per_lib :  ITTAPI function NOT instrumented (not matched by --itt-config option): __itt_model_task_beginAL

2752455 : 0xa979bcfa28de2 : 2 : ittapi_config_apply_per_lib :  ITTAPI function NOT instrumented (not matched by --itt-config option): __itt_model_iteration_taskA

2752455 : 0xa979bcfa2911e : 2 : ittapi_config_apply_per_lib :  ITTAPI function NOT instrumented (not matched by --itt-config option): __itt_model_iteration_taskAL

2752455 : 0xa979bcfa29459 : 2 : ittapi_config_apply_per_lib :  ITTAPI function NOT instrumented (not matched by --itt-config option): __itt_model_site_end_2

2752455 : 0xa979bcfa2a43a : 2 : ittapi_config_apply_per_lib :  ITTAPI function NOT instrumented (not matched by --itt-config option): __itt_model_task_end_2

2752455 : 0xa979bcfa2a7bb : 2 : ittapi_config_apply_per_lib :  ITTAPI function NOT instrumented (not matched by --itt-config option): __itt_model_lock_acquire_2

2752455 : 0xa979bcfa2ab43 : 2 : ittapi_config_apply_per_lib :  ITTAPI function NOT instrumented (not matched by --itt-config option): __itt_model_lock_release_2

2752455 : 0xa979bcfa2aee8 : 2 : ittapi_config_apply_per_lib :  ITTAPI function NOT instrumented (not matched by --itt-config option): __itt_model_aggregate_task

2752455 : 0xa979bcfa2b248 : 2 : ittapi_config_apply_per_lib :  ITTAPI function NOT instrumented (not matched by --itt-config option): __itt_model_disable_push

2752455 : 0xa979bcfa2b58a : 2 : ittapi_config_apply_per_lib :  ITTAPI function NOT instrumented (not matched by --itt-config option): __itt_model_disable_pop

2752455 : 0xa979bcfa2bd20 : 2 : ittapi_config_apply_per_lib :  ITTAPI function instrumented: __itt_heap_function_create
2752455 : 0xa979bcfa2c47f : 2 : ittapi_config_apply_per_lib :  ITTAPI function instrumented: __itt_heap_allocate_begin
2752455 : 0xa979bcfa2cb19 : 2 : ittapi_config_apply_per_lib :  ITTAPI function instrumented: __itt_heap_allocate_end
2752455 : 0xa979bcfa2d31a : 2 : ittapi_config_apply_per_lib :  ITTAPI function instrumented: __itt_heap_free_begin
2752455 : 0xa979bcfa2ee3e : 2 : ittapi_config_apply_per_lib :  ITTAPI function instrumented: __itt_heap_free_end
2752455 : 0xa979bcfa2f55e : 2 : ittapi_config_apply_per_lib :  ITTAPI function instrumented: __itt_heap_reallocate_begin
2752455 : 0xa979bcfa2fbd2 : 2 : ittapi_config_apply_per_lib :  ITTAPI function instrumented: __itt_heap_reallocate_end
2752455 : 0xa979bcfa303af : 2 : ittapi_config_apply_per_lib :  ITTAPI function not implemented: __itt_heap_internal_access_begin
2752455 : 0xa979bcfa30b24 : 2 : ittapi_config_apply_per_lib :  ITTAPI function not implemented: __itt_heap_internal_access_end
2752455 : 0xa979bcfa312af : 2 : ittapi_config_apply_per_lib :  ITTAPI function not implemented: __itt_heap_record_memory_growth_begin
2752455 : 0xa979bcfa319f9 : 2 : ittapi_config_apply_per_lib :  ITTAPI function not implemented: __itt_heap_record_memory_growth_end
2752455 : 0xa979bcfa32199 : 2 : ittapi_config_apply_per_lib :  ITTAPI function not implemented: __itt_heap_reset_detection
2752455 : 0xa979bcfa32993 : 2 : ittapi_config_apply_per_lib :  ITTAPI function not implemented: __itt_heap_record
2752455 : 0xa979bcfa33102 : 2 : ittapi_config_apply_per_lib :  ITTAPI function not implemented: __itt_id_create
2752455 : 0xa979bcfa34588 : 2 : ittapi_config_apply_per_lib :  ITTAPI function not implemented: __itt_id_destroy
2752455 : 0xa979bcfa34c4e : 2 : ittapi_config_apply_per_lib :  ITTAPI function instrumented: __itt_get_timestamp
2752455 : 0xa979bcfa35361 : 2 : ittapi_config_apply_per_lib :  ITTAPI function not implemented: __itt_region_begin
2752455 : 0xa979bcfa35b28 : 2 : ittapi_config_apply_per_lib :  ITTAPI function not implemented: __itt_region_end
2752455 : 0xa979bcfa3621b : 2 : ittapi_config_apply_per_lib :  ITTAPI function instrumented: __itt_frame_begin_v3
2752455 : 0xa979bcfa36a65 : 2 : ittapi_config_apply_per_lib :  ITTAPI function instrumented: __itt_frame_end_v3
2752455 : 0xa979bcfa3715a : 2 : ittapi_config_apply_per_lib :  ITTAPI function instrumented: __itt_frame_submit_v3
2752455 : 0xa979bcfa378ba : 2 : ittapi_config_apply_per_lib :  ITTAPI function not implemented: __itt_task_group
2752455 : 0xa979bcfa37fd5 : 2 : ittapi_config_apply_per_lib :  ITTAPI function instrumented: __itt_task_begin
2752455 : 0xa979bcfa38697 : 2 : ittapi_config_apply_per_lib :  ITTAPI function instrumented: __itt_task_begin_fn
2752455 : 0xa979bcfa39a4f : 2 : ittapi_config_apply_per_lib :  ITTAPI function instrumented: __itt_task_end
2752455 : 0xa979bcfa3a264 : 2 : ittapi_config_apply_per_lib :  ITTAPI function not implemented: __itt_counter_inc_v3
2752455 : 0xa979bcfa3aa3a : 2 : ittapi_config_apply_per_lib :  ITTAPI function not implemented: __itt_counter_inc_delta_v3
2752455 : 0xa979bcfa3b1f6 : 2 : ittapi_config_apply_per_lib :  ITTAPI function not implemented: __itt_counter_dec_v3
2752455 : 0xa979bcfa3b937 : 2 : ittapi_config_apply_per_lib :  ITTAPI function not implemented: __itt_counter_dec_delta_v3
2752455 : 0xa979bcfa3c0d3 : 2 : ittapi_config_apply_per_lib :  ITTAPI function not implemented: __itt_marker
2752455 : 0xa979bcfa3c77e : 2 : ittapi_config_apply_per_lib :  ITTAPI function instrumented: __itt_metadata_add
2752455 : 0xa979bcfa3cefd : 2 : ittapi_config_apply_per_lib :  ITTAPI function not implemented: __itt_metadata_str_add
2752455 : 0xa979bcfa3d5e2 : 2 : ittapi_config_apply_per_lib :  ITTAPI function not implemented: __itt_relation_add_to_current
2752455 : 0xa979bcfa3dd1e : 2 : ittapi_config_apply_per_lib :  ITTAPI function not implemented: __itt_relation_add
2752455 : 0xa979bcfa3f2f5 : 2 : ittapi_config_apply_per_lib :  ITTAPI function instrumented: __itt_event_create
2752455 : 0xa979bcfa3fa26 : 2 : ittapi_config_apply_per_lib :  ITTAPI function instrumented: __itt_event_start
2752455 : 0xa979bcfa400d6 : 2 : ittapi_config_apply_per_lib :  ITTAPI function instrumented: __itt_event_end
2752455 : 0xa979bcfa4044e : 2 : ittapi_config_apply_per_lib :  ITTAPI function NOT instrumented (not matched by --itt-config option): __itt_sync_set_name

2752455 : 0xa979bcfa407ed : 2 : ittapi_config_apply_per_lib :  ITTAPI function NOT instrumented (not matched by --itt-config option): __itt_notify_sync_name

2752455 : 0xa979bcfa40b89 : 2 : ittapi_config_apply_per_lib :  ITTAPI function NOT instrumented (not matched by --itt-config option): __itt_notify_sync_prepare

2752455 : 0xa979bcfa40ef8 : 2 : ittapi_config_apply_per_lib :  ITTAPI function NOT instrumented (not matched by --itt-config option): __itt_notify_sync_cancel

2752455 : 0xa979bcfa41265 : 2 : ittapi_config_apply_per_lib :  ITTAPI function NOT instrumented (not matched by --itt-config option): __itt_notify_sync_acquired

2752455 : 0xa979bcfa415c4 : 2 : ittapi_config_apply_per_lib :  ITTAPI function NOT instrumented (not matched by --itt-config option): __itt_notify_sync_releasing

2752455 : 0xa979bcfa41d42 : 2 : ittapi_config_apply_per_lib :  ITTAPI function not implemented: __itt_memory_read
2752455 : 0xa979bcfa43de6 : 2 : ittapi_config_apply_per_lib :  ITTAPI function not implemented: __itt_memory_write
2752455 : 0xa979bcfa4456a : 2 : ittapi_config_apply_per_lib :  ITTAPI function not implemented: __itt_memory_update
2752455 : 0xa979bcfa44ce1 : 2 : ittapi_config_apply_per_lib :  ITTAPI function not implemented: __itt_state_get
2752455 : 0xa979bcfa453cd : 2 : ittapi_config_apply_per_lib :  ITTAPI function not implemented: __itt_state_set
2752455 : 0xa979bcfa45b3d : 2 : ittapi_config_apply_per_lib :  ITTAPI function not implemented: __itt_obj_mode_set
2752455 : 0xa979bcfa4628a : 2 : ittapi_config_apply_per_lib :  ITTAPI function not implemented: __itt_thr_mode_set
2752455 : 0xa979bcfa46905 : 2 : ittapi_config_apply_per_lib :  ITTAPI function instrumented: __itt_frame_create
2752455 : 0xa979bcfa46f4b : 2 : ittapi_config_apply_per_lib :  ITTAPI function instrumented: __itt_pt_region_create
2752455 : 0xa979bcfa475e9 : 2 : ittapi_config_apply_per_lib :  ITTAPI function instrumented: __itt_frame_begin
2752455 : 0xa979bcfa47c93 : 2 : ittapi_config_apply_per_lib :  ITTAPI function instrumented: __itt_frame_end
2752455 : 0xa979bcfa4923f : 2 : ittapi_config_apply_per_lib :  ITTAPI function not implemented: __itt_counter_destroy
2752455 : 0xa979bcfa49944 : 2 : ittapi_config_apply_per_lib :  ITTAPI function instrumented: __itt_counter_inc
2752455 : 0xa979bcfa4a005 : 2 : ittapi_config_apply_per_lib :  ITTAPI function instrumented: __itt_counter_inc_delta
2752455 : 0xa979bcfa4a649 : 2 : ittapi_config_apply_per_lib :  ITTAPI function instrumented: __itt_counter_dec
2752455 : 0xa979bcfa4ace1 : 2 : ittapi_config_apply_per_lib :  ITTAPI function instrumented: __itt_counter_dec_delta
2752455 : 0xa979bcfa4b351 : 2 : ittapi_config_apply_per_lib :  ITTAPI function instrumented: __itt_counter_set_value
2752455 : 0xa979bcfa4ba8a : 2 : ittapi_config_apply_per_lib :  ITTAPI function not implemented: __itt_counter_set_value_ex
2752455 : 0xa979bcfa4c18f : 2 : ittapi_config_apply_per_lib :  ITTAPI function not implemented: __itt_mark_create
2752455 : 0xa979bcfa4c949 : 2 : ittapi_config_apply_per_lib :  ITTAPI function not implemented: __itt_mark
2752455 : 0xa979bcfa4d0f7 : 2 : ittapi_config_apply_per_lib :  ITTAPI function not implemented: __itt_mark_off
2752455 : 0xa979bcfa4e553 : 2 : ittapi_config_apply_per_lib :  ITTAPI function not implemented: __itt_mark_global
2752455 : 0xa979bcfa4eca7 : 2 : ittapi_config_apply_per_lib :  ITTAPI function not implemented: __itt_mark_global_off
2752455 : 0xa979bcfa4f3e1 : 2 : ittapi_config_apply_per_lib :  ITTAPI function instrumented: __itt_stack_caller_create
2752455 : 0xa979bcfa4facf : 2 : ittapi_config_apply_per_lib :  ITTAPI function instrumented: __itt_stack_caller_destroy
2752455 : 0xa979bcfa501aa : 2 : ittapi_config_apply_per_lib :  ITTAPI function instrumented: __itt_stack_callee_enter
2752455 : 0xa979bcfa507f2 : 2 : ittapi_config_apply_per_lib :  ITTAPI function instrumented: __itt_stack_callee_leave
2752455 : 0xa979bcfa50f01 : 2 : ittapi_config_apply_per_lib :  ITTAPI function not implemented: __itt_clock_domain_create
2752455 : 0xa979bcfa51668 : 2 : ittapi_config_apply_per_lib :  ITTAPI function not implemented: __itt_clock_domain_reset
2752455 : 0xa979bcfa51d91 : 2 : ittapi_config_apply_per_lib :  ITTAPI function not implemented: __itt_id_create_ex
2752455 : 0xa979bcfa524c7 : 2 : ittapi_config_apply_per_lib :  ITTAPI function not implemented: __itt_id_destroy_ex
2752455 : 0xa979bcfa540a7 : 2 : ittapi_config_apply_per_lib :  ITTAPI function not implemented: __itt_task_begin_ex
2752455 : 0xa979bcfa547f0 : 2 : ittapi_config_apply_per_lib :  ITTAPI function not implemented: __itt_task_begin_fn_ex
2752455 : 0xa979bcfa54f1f : 2 : ittapi_config_apply_per_lib :  ITTAPI function not implemented: __itt_task_end_ex
2752455 : 0xa979bcfa555ee : 2 : ittapi_config_apply_per_lib :  ITTAPI function instrumented: __itt_task_begin_overlapped
2752455 : 0xa979bcfa55cfe : 2 : ittapi_config_apply_per_lib :  ITTAPI function not implemented: __itt_task_begin_overlapped_ex
2752455 : 0xa979bcfa563ad : 2 : ittapi_config_apply_per_lib :  ITTAPI function instrumented: __itt_task_end_overlapped
2752455 : 0xa979bcfa56ae6 : 2 : ittapi_config_apply_per_lib :  ITTAPI function not implemented: __itt_task_end_overlapped_ex
2752455 : 0xa979bcfa571f3 : 2 : ittapi_config_apply_per_lib :  ITTAPI function not implemented: __itt_marker_ex
2752455 : 0xa979bcfa5798f : 2 : ittapi_config_apply_per_lib :  ITTAPI function not implemented: __itt_metadata_add_with_scope
2752455 : 0xa979bcfa5812c : 2 : ittapi_config_apply_per_lib :  ITTAPI function not implemented: __itt_metadata_str_add_with_scope
2752455 : 0xa979bcfa5963e : 2 : ittapi_config_apply_per_lib :  ITTAPI function not implemented: __itt_relation_add_to_current_ex
2752455 : 0xa979bcfa59d6c : 2 : ittapi_config_apply_per_lib :  ITTAPI function not implemented: __itt_relation_add_ex
2752455 : 0xa979bcfa5a4e4 : 2 : ittapi_config_apply_per_lib :  ITTAPI function not implemented: __itt_track_group_create
2752455 : 0xa979bcfa5ab8d : 2 : ittapi_config_apply_per_lib :  ITTAPI function not implemented: __itt_track_create
2752455 : 0xa979bcfa5b2b1 : 2 : ittapi_config_apply_per_lib :  ITTAPI function not implemented: __itt_set_track
2752455 : 0xa979bcfa5b95f : 2 : ittapi_config_apply_per_lib :  ITTAPI function instrumented: __itt_api_version
2752455 : 0xa979bcfa5c08a : 2 : ittapi_config_apply_per_lib :  ITTAPI function not implemented: __itt_av_save
2752455 : 0xa979bcfa5c74a : 2 : ittapi_config_apply_per_lib :  ITTAPI function instrumented: __itt_module_load
2752455 : 0xa979bcfa5ce89 : 2 : ittapi_config_apply_per_lib :  ITTAPI function not implemented: __itt_module_unload
2752455 : 0xa979bcfaa44a0 : 2 : ittapi_config_mask_get :  --itt-config mask to be applied: 55
2752455 : 0xa979bcfaa64fa : 2 : ittapi_config_apply_per_lib :  ITTAPI function instrumented: __itt_domain_create
2752455 : 0xa979bcfaa6cc4 : 2 : ittapi_config_apply_per_lib :  ITTAPI function instrumented: __itt_module_load_with_sections
2752455 : 0xa979bcfaa76b0 : 2 : ittapi_config_apply_per_lib :  ITTAPI function not implemented: __itt_module_unload_with_sections
2752455 : 0xa979bcfaa7dc8 : 2 : ittapi_config_apply_per_lib :  ITTAPI function instrumented: __itt_string_handle_create
2752455 : 0xa979bcfaa847c : 2 : ittapi_config_apply_per_lib :  ITTAPI function instrumented: __itt_counter_create
2752455 : 0xa979bcfaa8aa6 : 2 : ittapi_config_apply_per_lib :  ITTAPI function instrumented: __itt_counter_create_typed
2752455 : 0xa979bcfaa919d : 2 : ittapi_config_apply_per_lib :  ITTAPI function instrumented: __itt_pause
2752455 : 0xa979bcfaa984e : 2 : ittapi_config_apply_per_lib :  ITTAPI function instrumented: __itt_resume
2752455 : 0xa979bcfaa9e74 : 2 : ittapi_config_apply_per_lib :  ITTAPI function instrumented: __itt_thread_set_name
2752455 : 0xa979bcfaaa57e : 2 : ittapi_config_apply_per_lib :  ITTAPI function instrumented: __itt_thread_ignore
2752455 : 0xa979bcfaabc0b : 2 : ittapi_config_apply_per_lib :  ITTAPI function instrumented: __itt_thr_name_set
2752455 : 0xa979bcfaac302 : 2 : ittapi_config_apply_per_lib :  ITTAPI function instrumented: __itt_thr_ignore
2752455 : 0xa979bcfaacafb : 2 : ittapi_config_apply_per_lib :  ITTAPI function not implemented: __itt_enable_attach
2752455 : 0xa979bcfaad1c7 : 2 : ittapi_config_apply_per_lib :  ITTAPI function instrumented: __itt_detach
2752455 : 0xa979bcfaad5b9 : 2 : ittapi_config_apply_per_lib :  ITTAPI function NOT instrumented (not matched by --itt-config option): __itt_sync_create

2752455 : 0xa979bcfaad964 : 2 : ittapi_config_apply_per_lib :  ITTAPI function NOT instrumented (not matched by --itt-config option): __itt_sync_rename

2752455 : 0xa979bcfaadd55 : 2 : ittapi_config_apply_per_lib :  ITTAPI function NOT instrumented (not matched by --itt-config option): __itt_sync_destroy

2752455 : 0xa979bcfaae11d : 2 : ittapi_config_apply_per_lib :  ITTAPI function NOT instrumented (not matched by --itt-config option): __itt_sync_prepare

2752455 : 0xa979bcfaae4a8 : 2 : ittapi_config_apply_per_lib :  ITTAPI function NOT instrumented (not matched by --itt-config option): __itt_sync_cancel

2752455 : 0xa979bcfaae7f4 : 2 : ittapi_config_apply_per_lib :  ITTAPI function NOT instrumented (not matched by --itt-config option): __itt_sync_acquired

2752455 : 0xa979bcfab0412 : 2 : ittapi_config_apply_per_lib :  ITTAPI function NOT instrumented (not matched by --itt-config option): __itt_sync_releasing

2752455 : 0xa979bcfab0d09 : 2 : ittapi_config_apply_per_lib :  ITTAPI function not implemented: __itt_suppress_push
2752455 : 0xa979bcfab155c : 2 : ittapi_config_apply_per_lib :  ITTAPI function not implemented: __itt_suppress_pop
2752455 : 0xa979bcfab1cd6 : 2 : ittapi_config_apply_per_lib :  ITTAPI function not implemented: __itt_suppress_mark_range
2752455 : 0xa979bcfab243d : 2 : ittapi_config_apply_per_lib :  ITTAPI function not implemented: __itt_suppress_clear_range
2752455 : 0xa979bcfab27c5 : 2 : ittapi_config_apply_per_lib :  ITTAPI function NOT instrumented (not matched by --itt-config option): __itt_sync_prepare

2752455 : 0xa979bcfab2b51 : 2 : ittapi_config_apply_per_lib :  ITTAPI function NOT instrumented (not matched by --itt-config option): __itt_sync_cancel

2752455 : 0xa979bcfab2eb6 : 2 : ittapi_config_apply_per_lib :  ITTAPI function NOT instrumented (not matched by --itt-config option): __itt_sync_acquired

2752455 : 0xa979bcfab3215 : 2 : ittapi_config_apply_per_lib :  ITTAPI function NOT instrumented (not matched by --itt-config option): __itt_sync_releasing

2752455 : 0xa979bcfab3601 : 2 : ittapi_config_apply_per_lib :  ITTAPI function NOT instrumented (not matched by --itt-config option): __itt_model_site_begin

2752455 : 0xa979bcfab6624 : 2 : ittapi_config_apply_per_lib :  ITTAPI function NOT instrumented (not matched by --itt-config option): __itt_model_site_end

2752455 : 0xa979bcfab6a0b : 2 : ittapi_config_apply_per_lib :  ITTAPI function NOT instrumented (not matched by --itt-config option): __itt_model_task_begin

2752455 : 0xa979bcfab6d97 : 2 : ittapi_config_apply_per_lib :  ITTAPI function NOT instrumented (not matched by --itt-config option): __itt_model_task_end

2752455 : 0xa979bcfab70fd : 2 : ittapi_config_apply_per_lib :  ITTAPI function NOT instrumented (not matched by --itt-config option): __itt_model_lock_acquire

2752455 : 0xa979bcfab74b5 : 2 : ittapi_config_apply_per_lib :  ITTAPI function NOT instrumented (not matched by --itt-config option): __itt_model_lock_release

2752455 : 0xa979bcfab77fd : 2 : ittapi_config_apply_per_lib :  ITTAPI function NOT instrumented (not matched by --itt-config option): __itt_model_record_allocation

2752455 : 0xa979bcfab7b4e : 2 : ittapi_config_apply_per_lib :  ITTAPI function NOT instrumented (not matched by --itt-config option): __itt_model_record_deallocation

2752455 : 0xa979bcfab7ebd : 2 : ittapi_config_apply_per_lib :  ITTAPI function NOT instrumented (not matched by --itt-config option): __itt_model_induction_uses

2752455 : 0xa979bcfab8233 : 2 : ittapi_config_apply_per_lib :  ITTAPI function NOT instrumented (not matched by --itt-config option): __itt_model_reduction_uses

2752455 : 0xa979bcfab85cb : 2 : ittapi_config_apply_per_lib :  ITTAPI function NOT instrumented (not matched by --itt-config option): __itt_model_observe_uses

2752455 : 0xa979bcfaba82f : 2 : ittapi_config_apply_per_lib :  ITTAPI function NOT instrumented (not matched by --itt-config option): __itt_model_clear_uses

2752455 : 0xa979bcfababfe : 2 : ittapi_config_apply_per_lib :  ITTAPI function NOT instrumented (not matched by --itt-config option): __itt_model_site_beginA

2752455 : 0xa979bcfabaf60 : 2 : ittapi_config_apply_per_lib :  ITTAPI function NOT instrumented (not matched by --itt-config option): __itt_model_site_beginAL

2752455 : 0xa979bcfabb2c1 : 2 : ittapi_config_apply_per_lib :  ITTAPI function NOT instrumented (not matched by --itt-config option): __itt_model_task_beginA

2752455 : 0xa979bcfabb628 : 2 : ittapi_config_apply_per_lib :  ITTAPI function NOT instrumented (not matched by --itt-config option): __itt_model_task_beginAL

2752455 : 0xa979bcfabba96 : 2 : ittapi_config_apply_per_lib :  ITTAPI function NOT instrumented (not matched by --itt-config option): __itt_model_iteration_taskA

2752455 : 0xa979bcfabbdd7 : 2 : ittapi_config_apply_per_lib :  ITTAPI function NOT instrumented (not matched by --itt-config option): __itt_model_iteration_taskAL

2752455 : 0xa979bcfabc107 : 2 : ittapi_config_apply_per_lib :  ITTAPI function NOT instrumented (not matched by --itt-config option): __itt_model_site_end_2

2752455 : 0xa979bcfabc49b : 2 : ittapi_config_apply_per_lib :  ITTAPI function NOT instrumented (not matched by --itt-config option): __itt_model_task_end_2

2752455 : 0xa979bcfabc7cd : 2 : ittapi_config_apply_per_lib :  ITTAPI function NOT instrumented (not matched by --itt-config option): __itt_model_lock_acquire_2

2752455 : 0xa979bcfabd73e : 2 : ittapi_config_apply_per_lib :  ITTAPI function NOT instrumented (not matched by --itt-config option): __itt_model_lock_release_2

2752455 : 0xa979bcfabdaeb : 2 : ittapi_config_apply_per_lib :  ITTAPI function NOT instrumented (not matched by --itt-config option): __itt_model_aggregate_task

2752455 : 0xa979bcfabde4f : 2 : ittapi_config_apply_per_lib :  ITTAPI function NOT instrumented (not matched by --itt-config option): __itt_model_disable_push

2752455 : 0xa979bcfabe1c7 : 2 : ittapi_config_apply_per_lib :  ITTAPI function NOT instrumented (not matched by --itt-config option): __itt_model_disable_pop

2752455 : 0xa979bcfabe960 : 2 : ittapi_config_apply_per_lib :  ITTAPI function instrumented: __itt_heap_function_create
2752455 : 0xa979bcfabf02d : 2 : ittapi_config_apply_per_lib :  ITTAPI function instrumented: __itt_heap_allocate_begin
2752455 : 0xa979bcfabf675 : 2 : ittapi_config_apply_per_lib :  ITTAPI function instrumented: __itt_heap_allocate_end
2752455 : 0xa979bcfabfd4d : 2 : ittapi_config_apply_per_lib :  ITTAPI function instrumented: __itt_heap_free_begin
2752455 : 0xa979bcfac03bb : 2 : ittapi_config_apply_per_lib :  ITTAPI function instrumented: __itt_heap_free_end
2752455 : 0xa979bcfac0a93 : 2 : ittapi_config_apply_per_lib :  ITTAPI function instrumented: __itt_heap_reallocate_begin
2752455 : 0xa979bcfac1e15 : 2 : ittapi_config_apply_per_lib :  ITTAPI function instrumented: __itt_heap_reallocate_end
2752455 : 0xa979bcfac2664 : 2 : ittapi_config_apply_per_lib :  ITTAPI function not implemented: __itt_heap_internal_access_begin
2752455 : 0xa979bcfac2dcd : 2 : ittapi_config_apply_per_lib :  ITTAPI function not implemented: __itt_heap_internal_access_end
2752455 : 0xa979bcfac3528 : 2 : ittapi_config_apply_per_lib :  ITTAPI function not implemented: __itt_heap_record_memory_growth_begin
2752455 : 0xa979bcfac3c96 : 2 : ittapi_config_apply_per_lib :  ITTAPI function not implemented: __itt_heap_record_memory_growth_end
2752455 : 0xa979bcfac4406 : 2 : ittapi_config_apply_per_lib :  ITTAPI function not implemented: __itt_heap_reset_detection
2752455 : 0xa979bcfac4b84 : 2 : ittapi_config_apply_per_lib :  ITTAPI function not implemented: __itt_heap_record
2752455 : 0xa979bcfac52be : 2 : ittapi_config_apply_per_lib :  ITTAPI function not implemented: __itt_id_create
2752455 : 0xa979bcfac5a33 : 2 : ittapi_config_apply_per_lib :  ITTAPI function not implemented: __itt_id_destroy
2752455 : 0xa979bcfac60a8 : 2 : ittapi_config_apply_per_lib :  ITTAPI function instrumented: __itt_get_timestamp
2752455 : 0xa979bcfac7c7c : 2 : ittapi_config_apply_per_lib :  ITTAPI function not implemented: __itt_region_begin
2752455 : 0xa979bcfac8468 : 2 : ittapi_config_apply_per_lib :  ITTAPI function not implemented: __itt_region_end
2752455 : 0xa979bcfac8b70 : 2 : ittapi_config_apply_per_lib :  ITTAPI function instrumented: __itt_frame_begin_v3
2752455 : 0xa979bcfac9261 : 2 : ittapi_config_apply_per_lib :  ITTAPI function instrumented: __itt_frame_end_v3
2752455 : 0xa979bcfac9917 : 2 : ittapi_config_apply_per_lib :  ITTAPI function instrumented: __itt_frame_submit_v3
2752455 : 0xa979bcfaca099 : 2 : ittapi_config_apply_per_lib :  ITTAPI function not implemented: __itt_task_group
2752455 : 0xa979bcfaca7d6 : 2 : ittapi_config_apply_per_lib :  ITTAPI function instrumented: __itt_task_begin
2752455 : 0xa979bcfacae88 : 2 : ittapi_config_apply_per_lib :  ITTAPI function instrumented: __itt_task_begin_fn
2752455 : 0xa979bcfacb53a : 2 : ittapi_config_apply_per_lib :  ITTAPI function instrumented: __itt_task_end
2752455 : 0xa979bcfacbcec : 2 : ittapi_config_apply_per_lib :  ITTAPI function not implemented: __itt_counter_inc_v3
2752455 : 0xa979bcfacd1d3 : 2 : ittapi_config_apply_per_lib :  ITTAPI function not implemented: __itt_counter_inc_delta_v3
2752455 : 0xa979bcfacd93f : 2 : ittapi_config_apply_per_lib :  ITTAPI function not implemented: __itt_counter_dec_v3
2752455 : 0xa979bcface071 : 2 : ittapi_config_apply_per_lib :  ITTAPI function not implemented: __itt_counter_dec_delta_v3
2752455 : 0xa979bcface7d1 : 2 : ittapi_config_apply_per_lib :  ITTAPI function not implemented: __itt_marker
2752455 : 0xa979bcfaceea6 : 2 : ittapi_config_apply_per_lib :  ITTAPI function instrumented: __itt_metadata_add
2752455 : 0xa979bcfacf637 : 2 : ittapi_config_apply_per_lib :  ITTAPI function not implemented: __itt_metadata_str_add
2752455 : 0xa979bcfacfd16 : 2 : ittapi_config_apply_per_lib :  ITTAPI function not implemented: __itt_relation_add_to_current
2752455 : 0xa979bcfad0450 : 2 : ittapi_config_apply_per_lib :  ITTAPI function not implemented: __itt_relation_add
2752455 : 0xa979bcfad0aa6 : 2 : ittapi_config_apply_per_lib :  ITTAPI function instrumented: __itt_event_create
2752455 : 0xa979bcfad1157 : 2 : ittapi_config_apply_per_lib :  ITTAPI function instrumented: __itt_event_start
2752455 : 0xa979bcfad248c : 2 : ittapi_config_apply_per_lib :  ITTAPI function instrumented: __itt_event_end
2752455 : 0xa979bcfad2839 : 2 : ittapi_config_apply_per_lib :  ITTAPI function NOT instrumented (not matched by --itt-config option): __itt_sync_set_name

2752455 : 0xa979bcfad2bd5 : 2 : ittapi_config_apply_per_lib :  ITTAPI function NOT instrumented (not matched by --itt-config option): __itt_notify_sync_name

2752455 : 0xa979bcfad2f57 : 2 : ittapi_config_apply_per_lib :  ITTAPI function NOT instrumented (not matched by --itt-config option): __itt_notify_sync_prepare

2752455 : 0xa979bcfad32ea : 2 : ittapi_config_apply_per_lib :  ITTAPI function NOT instrumented (not matched by --itt-config option): __itt_notify_sync_cancel

2752455 : 0xa979bcfad367e : 2 : ittapi_config_apply_per_lib :  ITTAPI function NOT instrumented (not matched by --itt-config option): __itt_notify_sync_acquired

2752455 : 0xa979bcfad39f5 : 2 : ittapi_config_apply_per_lib :  ITTAPI function NOT instrumented (not matched by --itt-config option): __itt_notify_sync_releasing

2752455 : 0xa979bcfad415c : 2 : ittapi_config_apply_per_lib :  ITTAPI function not implemented: __itt_memory_read
2752455 : 0xa979bcfad4882 : 2 : ittapi_config_apply_per_lib :  ITTAPI function not implemented: __itt_memory_write
2752455 : 0xa979bcfad4fa2 : 2 : ittapi_config_apply_per_lib :  ITTAPI function not implemented: __itt_memory_update
2752455 : 0xa979bcfad6413 : 2 : ittapi_config_apply_per_lib :  ITTAPI function not implemented: __itt_state_get
2752455 : 0xa979bcfad6b9c : 2 : ittapi_config_apply_per_lib :  ITTAPI function not implemented: __itt_state_set
2752455 : 0xa979bcfad72e2 : 2 : ittapi_config_apply_per_lib :  ITTAPI function not implemented: __itt_obj_mode_set
2752455 : 0xa979bcfad7a4e : 2 : ittapi_config_apply_per_lib :  ITTAPI function not implemented: __itt_thr_mode_set
2752455 : 0xa979bcfad80e1 : 2 : ittapi_config_apply_per_lib :  ITTAPI function instrumented: __itt_frame_create
2752455 : 0xa979bcfad8711 : 2 : ittapi_config_apply_per_lib :  ITTAPI function instrumented: __itt_pt_region_create
2752455 : 0xa979bcfad8daf : 2 : ittapi_config_apply_per_lib :  ITTAPI function instrumented: __itt_frame_begin
2752455 : 0xa979bcfad9462 : 2 : ittapi_config_apply_per_lib :  ITTAPI function instrumented: __itt_frame_end
2752455 : 0xa979bcfad9bd4 : 2 : ittapi_config_apply_per_lib :  ITTAPI function not implemented: __itt_counter_destroy
2752455 : 0xa979bcfada283 : 2 : ittapi_config_apply_per_lib :  ITTAPI function instrumented: __itt_counter_inc
2752455 : 0xa979bcfadbe48 : 2 : ittapi_config_apply_per_lib :  ITTAPI function instrumented: __itt_counter_inc_delta
2752455 : 0xa979bcfadc4e7 : 2 : ittapi_config_apply_per_lib :  ITTAPI function instrumented: __itt_counter_dec
2752455 : 0xa979bcfadcb71 : 2 : ittapi_config_apply_per_lib :  ITTAPI function instrumented: __itt_counter_dec_delta
2752455 : 0xa979bcfadd1ca : 2 : ittapi_config_apply_per_lib :  ITTAPI function instrumented: __itt_counter_set_value
2752455 : 0xa979bcfadd8f8 : 2 : ittapi_config_apply_per_lib :  ITTAPI function not implemented: __itt_counter_set_value_ex
2752455 : 0xa979bcfaddff6 : 2 : ittapi_config_apply_per_lib :  ITTAPI function not implemented: __itt_mark_create
2752455 : 0xa979bcfade736 : 2 : ittapi_config_apply_per_lib :  ITTAPI function not implemented: __itt_mark
2752455 : 0xa979bcfadee85 : 2 : ittapi_config_apply_per_lib :  ITTAPI function not implemented: __itt_mark_off
2752455 : 0xa979bcfadf56d : 2 : ittapi_config_apply_per_lib :  ITTAPI function not implemented: __itt_mark_global
2752455 : 0xa979bcfadfc93 : 2 : ittapi_config_apply_per_lib :  ITTAPI function not implemented: __itt_mark_global_off
2752455 : 0xa979bcfae11a7 : 2 : ittapi_config_apply_per_lib :  ITTAPI function instrumented: __itt_stack_caller_create
2752455 : 0xa979bcfae188f : 2 : ittapi_config_apply_per_lib :  ITTAPI function instrumented: __itt_stack_caller_destroy
2752455 : 0xa979bcfae1f5c : 2 : ittapi_config_apply_per_lib :  ITTAPI function instrumented: __itt_stack_callee_enter
2752455 : 0xa979bcfae259e : 2 : ittapi_config_apply_per_lib :  ITTAPI function instrumented: __itt_stack_callee_leave
2752455 : 0xa979bcfae2cd1 : 2 : ittapi_config_apply_per_lib :  ITTAPI function not implemented: __itt_clock_domain_create
2752455 : 0xa979bcfae3424 : 2 : ittapi_config_apply_per_lib :  ITTAPI function not implemented: __itt_clock_domain_reset
2752455 : 0xa979bcfae3b56 : 2 : ittapi_config_apply_per_lib :  ITTAPI function not implemented: __itt_id_create_ex
2752455 : 0xa979bcfae42b5 : 2 : ittapi_config_apply_per_lib :  ITTAPI function not implemented: __itt_id_destroy_ex
2752455 : 0xa979bcfae49f8 : 2 : ittapi_config_apply_per_lib :  ITTAPI function not implemented: __itt_task_begin_ex
2752455 : 0xa979bcfae50ec : 2 : ittapi_config_apply_per_lib :  ITTAPI function not implemented: __itt_task_begin_fn_ex
2752455 : 0xa979bcfae66b3 : 2 : ittapi_config_apply_per_lib :  ITTAPI function not implemented: __itt_task_end_ex
2752455 : 0xa979bcfae6d7b : 2 : ittapi_config_apply_per_lib :  ITTAPI function instrumented: __itt_task_begin_overlapped
2752455 : 0xa979bcfae749c : 2 : ittapi_config_apply_per_lib :  ITTAPI function not implemented: __itt_task_begin_overlapped_ex
2752455 : 0xa979bcfae7b4f : 2 : ittapi_config_apply_per_lib :  ITTAPI function instrumented: __itt_task_end_overlapped
2752455 : 0xa979bcfae8276 : 2 : ittapi_config_apply_per_lib :  ITTAPI function not implemented: __itt_task_end_overlapped_ex
2752455 : 0xa979bcfae8950 : 2 : ittapi_config_apply_per_lib :  ITTAPI function not implemented: __itt_marker_ex
2752455 : 0xa979bcfae90ad : 2 : ittapi_config_apply_per_lib :  ITTAPI function not implemented: __itt_metadata_add_with_scope
2752455 : 0xa979bcfae9820 : 2 : ittapi_config_apply_per_lib :  ITTAPI function not implemented: __itt_metadata_str_add_with_scope
2752455 : 0xa979bcfae9f40 : 2 : ittapi_config_apply_per_lib :  ITTAPI function not implemented: __itt_relation_add_to_current_ex
2752455 : 0xa979bcfaea625 : 2 : ittapi_config_apply_per_lib :  ITTAPI function not implemented: __itt_relation_add_ex
2752455 : 0xa979bcfaec209 : 2 : ittapi_config_apply_per_lib :  ITTAPI function not implemented: __itt_track_group_create
2752455 : 0xa979bcfaec8e6 : 2 : ittapi_config_apply_per_lib :  ITTAPI function not implemented: __itt_track_create
2752455 : 0xa979bcfaed040 : 2 : ittapi_config_apply_per_lib :  ITTAPI function not implemented: __itt_set_track
2752455 : 0xa979bcfaed6e5 : 2 : ittapi_config_apply_per_lib :  ITTAPI function instrumented: __itt_api_version
2752455 : 0xa979bcfaede0a : 2 : ittapi_config_apply_per_lib :  ITTAPI function not implemented: __itt_av_save
2752455 : 0xa979bcfaee4c6 : 2 : ittapi_config_apply_per_lib :  ITTAPI function instrumented: __itt_module_load
2752455 : 0xa979bcfaeec4b : 2 : ittapi_config_apply_per_lib :  ITTAPI function not implemented: __itt_module_unload