
509785 : 0x9ef1d9e53ce73 : 1 : spill_jit_data :  Jit agent is not initialized
509769 : 0x9ef1d9e53f977 : 2 : ittapi_config_mask_get :  --itt-config mask to be applied: 55
509769 : 0x9ef1d9e5416d3 : 2 : ittapi_config_apply_per_lib :  ITTAPI function instrumented: __itt_domain_create
509769 : 0x9ef1d9e54202d : 2 : ittapi_config_apply_per_lib :  ITTAPI function instrumented: __itt_module_load_with_sections
509769 : 0x9ef1d9e542db7 : 2 : ittapi_config_apply_per_lib :  ITTAPI function not implemented: __itt_module_unload_with_sections
509769 : 0x9ef1d9e54363f : 2 : ittapi_config_apply_per_lib :  ITTAPI function instrumented: __itt_string_handle_create
509769 : 0x9ef1d9e543d23 : 2 : ittapi_config_apply_per_lib :  ITTAPI function instrumented: __itt_counter_create
509769 : 0x9ef1d9e544351 : 2 : ittapi_config_apply_per_lib :  ITTAPI function instrumented: __itt_counter_create_typed
509769 : 0x9ef1d9e544b99 : 2 : ittapi_config_apply_per_lib :  ITTAPI function instrumented: __itt_pause
509769 : 0x9ef1d9e545257 : 2 : ittapi_config_apply_per_lib :  ITTAPI function instrumented: __itt_resume
509769 : 0x9ef1d9e54b348 : 2 : ittapi_config_apply_per_lib :  ITTAPI function instrumented: __itt_thread_set_name
509769 : 0x9ef1d9e54bb37 : 2 : ittapi_config_apply_per_lib :  ITTAPI function instrumented: __itt_thread_ignore
509769 : 0x9ef1d9e54c224 : 2 : ittapi_config_apply_per_lib :  ITTAPI function instrumented: __itt_thr_name_set
509769 : 0x9ef1d9e54c8ce : 2 : ittapi_config_apply_per_lib :  ITTAPI function instrumented: __itt_thr_ignore
509769 : 0x9ef1d9e54d292 : 2 : ittapi_config_apply_per_lib :  ITTAPI function not implemented: __itt_enable_attach
509769 : 0x9ef1d9e54d9ee : 2 : ittapi_config_apply_per_lib :  ITTAPI function instrumented: __itt_detach
509769 : 0x9ef1d9e54ddb1 : 2 : ittapi_config_apply_per_lib :  ITTAPI function NOT instrumented (not matched by --itt-config option): __itt_sync_create

509769 : 0x9ef1d9e54e20a : 2 : ittapi_config_apply_per_lib :  ITTAPI function NOT instrumented (not matched by --itt-config option): __itt_sync_rename

509769 : 0x9ef1d9e54e5c6 : 2 : ittapi_config_apply_per_lib :  ITTAPI function NOT instrumented (not matched by --itt-config option): __itt_sync_destroy

509769 : 0x9ef1d9e54e996 : 2 : ittapi_config_apply_per_lib :  ITTAPI function NOT instrumented (not matched by --itt-config option): __itt_sync_prepare

509769 : 0x9ef1d9e54ff01 : 2 : ittapi_config_apply_per_lib :  ITTAPI function NOT instrumented (not matched by --itt-config option): __itt_sync_cancel

509769 : 0x9ef1d9e550305 : 2 : ittapi_config_apply_per_lib :  ITTAPI function NOT instrumented (not matched by --itt-config option): __itt_sync_acquired

509769 : 0x9ef1d9e550666 : 2 : ittapi_config_apply_per_lib :  ITTAPI function NOT instrumented (not matched by --itt-config option): __itt_sync_releasing

509769 : 0x9ef1d9e550f3a : 2 : ittapi_config_apply_per_lib :  ITTAPI function not implemented: __itt_suppress_push
509769 : 0x9ef1d9e5517e5 : 2 : ittapi_config_apply_per_lib :  ITTAPI function not implemented: __itt_suppress_pop
509769 : 0x9ef1d9e551f77 : 2 : ittapi_config_apply_per_lib :  ITTAPI function not implemented: __itt_suppress_mark_range
509769 : 0x9ef1d9e55273a : 2 : ittapi_config_apply_per_lib :  ITTAPI function not implemented: __itt_suppress_clear_range
509769 : 0x9ef1d9e552b0f : 2 : ittapi_config_apply_per_lib :  ITTAPI function NOT instrumented (not matched by --itt-config option): __itt_sync_prepare

509769 : 0x9ef1d9e552ed0 : 2 : ittapi_config_apply_per_lib :  ITTAPI function NOT instrumented (not matched by --itt-config option): __itt_sync_cancel

509769 : 0x9ef1d9e553238 : 2 : ittapi_config_apply_per_lib :  ITTAPI function NOT instrumented (not matched by --itt-config option): __itt_sync_acquired

509769 : 0x9ef1d9e55438a : 2 : ittapi_config_apply_per_lib :  ITTAPI function NOT instrumented (not matched by --itt-config option): __itt_sync_releasing

509769 : 0x9ef1d9e5547ae : 2 : ittapi_config_apply_per_lib :  ITTAPI function NOT instrumented (not matched by --itt-config option): __itt_model_site_begin

509769 : 0x9ef1d9e554b41 : 2 : ittapi_config_apply_per_lib :  ITTAPI function NOT instrumented (not matched by --itt-config option): __itt_model_site_end

509769 : 0x9ef1d9e554ec7 : 2 : ittapi_config_apply_per_lib :  ITTAPI function NOT instrumented (not matched by --itt-config option): __itt_model_task_begin

509769 : 0x9ef1d9e555272 : 2 : ittapi_config_apply_per_lib :  ITTAPI function NOT instrumented (not matched by --itt-config option): __itt_model_task_end

509769 : 0x9ef1d9e5555e5 : 2 : ittapi_config_apply_per_lib :  ITTAPI function NOT instrumented (not matched by --itt-config option): __itt_model_lock_acquire

509769 : 0x9ef1d9e5559b8 : 2 : ittapi_config_apply_per_lib :  ITTAPI function NOT instrumented (not matched by --itt-config option): __itt_model_lock_release

509769 : 0x9ef1d9e555d5a : 2 : ittapi_config_apply_per_lib :  ITTAPI function NOT instrumented (not matched by --itt-config option): __itt_model_record_allocation

509769 : 0x9ef1d9e556096 : 2 : ittapi_config_apply_per_lib :  ITTAPI function NOT instrumented (not matched by --itt-config option): __itt_model_record_deallocation

509769 : 0x9ef1d9e5563cc : 2 : ittapi_config_apply_per_lib :  ITTAPI function NOT instrumented (not matched by --itt-config option): __itt_model_induction_uses

509769 : 0x9ef1d9e558037 : 2 : ittapi_config_apply_per_lib :  ITTAPI function NOT instrumented (not matched by --itt-config option): __itt_model_reduction_uses

509769 : 0x9ef1d9e558404 : 2 : ittapi_config_apply_per_lib :  ITTAPI function NOT instrumented (not matched by --itt-config option): __itt_model_observe_uses

509769 : 0x9ef1d9e558797 : 2 : ittapi_config_apply_per_lib :  ITTAPI function NOT instrumented (not matched by --itt-config option): __itt_model_clear_uses

509769 : 0x9ef1d9e558b7b : 2 : ittapi_config_apply_per_lib :  ITTAPI function NOT instrumented (not matched by --itt-config option): __itt_model_site_beginA

509769 : 0x9ef1d9e558fd7 : 2 : ittapi_config_apply_per_lib :  ITTAPI function NOT instrumented (not matched by --itt-config option): __itt_model_site_beginAL

509769 : 0x9ef1d9e55938c : 2 : ittapi_config_apply_per_lib :  ITTAPI function NOT instrumented (not matched by --itt-config option): __itt_model_task_beginA

509769 : 0x9ef1d9e5596f4 : 2 : ittapi_config_apply_per_lib :  ITTAPI function NOT instrumented (not matched by --itt-config option): __itt_model_task_beginAL

509769 : 0x9ef1d9e559a4d : 2 : ittapi_config_apply_per_lib :  ITTAPI function NOT instrumented (not matched by --itt-config option): __itt_model_iteration_taskA

509769 : 0x9ef1d9e559dd5 : 2 : ittapi_config_apply_per_lib :  ITTAPI function NOT instrumented (not matched by --itt-config option): __itt_model_iteration_taskAL

509769 : 0x9ef1d9e55a10a : 2 : ittapi_config_apply_per_lib :  ITTAPI function NOT instrumented (not matched by --itt-config option): __itt_model_site_end_2

509769 : 0x9ef1d9e55b260 : 2 : ittapi_config_apply_per_lib :  ITTAPI function NOT instrumented (not matched by --itt-config option): __itt_model_task_end_2

509769 : 0x9ef1d9e55b747 : 2 : ittapi_config_apply_per_lib :  ITTAPI function NOT instrumented (not matched by --itt-config option): __itt_model_lock_acquire_2

509769 : 0x9ef1d9e55baed : 2 : ittapi_config_apply_per_lib :  ITTAPI function NOT instrumented (not matched by --itt-config option): __itt_model_lock_release_2

509769 : 0x9ef1d9e55be9a : 2 : ittapi_config_apply_per_lib :  ITTAPI function NOT instrumented (not matched by --itt-config option): __itt_model_aggregate_task

509769 : 0x9ef1d9e55c1fc : 2 : ittapi_config_apply_per_lib :  ITTAPI function NOT instrumented (not matched by --itt-config option): __itt_model_disable_push

509769 : 0x9ef1d9e55c53c : 2 : ittapi_config_apply_per_lib :  ITTAPI function NOT instrumented (not matched by --itt-config option): __itt_model_disable_pop

509769 : 0x9ef1d9e55ccad : 2 : ittapi_config_apply_per_lib :  ITTAPI function instrumented: __itt_heap_function_create
509769 : 0x9ef1d9e55d426 : 2 : ittapi_config_apply_per_lib :  ITTAPI function instrumented: __itt_heap_allocate_begin
509769 : 0x9ef1d9e55da9e : 2 : ittapi_config_apply_per_lib :  ITTAPI function instrumented: __itt_heap_allocate_end
509769 : 0x9ef1d9e55e1a5 : 2 : ittapi_config_apply_per_lib :  ITTAPI function instrumented: __itt_heap_free_begin
509769 : 0x9ef1d9e560079 : 2 : ittapi_config_apply_per_lib :  ITTAPI function instrumented: __itt_heap_free_end
509769 : 0x9ef1d9e56074f : 2 : ittapi_config_apply_per_lib :  ITTAPI function instrumented: __itt_heap_reallocate_begin
509769 : 0x9ef1d9e560d6d : 2 : ittapi_config_apply_per_lib :  ITTAPI function instrumented: __itt_heap_reallocate_end
509769 : 0x9ef1d9e5615b0 : 2 : ittapi_config_apply_per_lib :  ITTAPI function not implemented: __itt_heap_internal_access_begin
509769 : 0x9ef1d9e561d10 : 2 : ittapi_config_apply_per_lib :  ITTAPI function not implemented: __itt_heap_internal_access_end
509769 : 0x9ef1d9e56249c : 2 : ittapi_config_apply_per_lib :  ITTAPI function not implemented: __itt_heap_record_memory_growth_begin
509769 : 0x9ef1d9e562be6 : 2 : ittapi_config_apply_per_lib :  ITTAPI function not implemented: __itt_heap_record_memory_growth_end
509769 : 0x9ef1d9e563397 : 2 : ittapi_config_apply_per_lib :  ITTAPI function not implemented: __itt_heap_reset_detection
509769 : 0x9ef1d9e563b61 : 2 : ittapi_config_apply_per_lib :  ITTAPI function not implemented: __itt_heap_record
509769 : 0x9ef1d9e5642de : 2 : ittapi_config_apply_per_lib :  ITTAPI function not implemented: __itt_id_create
509769 : 0x9ef1d9e5657ec : 2 : ittapi_config_apply_per_lib :  ITTAPI function not implemented: __itt_id_destroy
509769 : 0x9ef1d9e565ea0 : 2 : ittapi_config_apply_per_lib :  ITTAPI function instrumented: __itt_get_timestamp
509769 : 0x9ef1d9e5665a9 : 2 : ittapi_config_apply_per_lib :  ITTAPI function not implemented: __itt_region_begin
509769 : 0x9ef1d9e566d2d : 2 : ittapi_config_apply_per_lib :  ITTAPI function not implemented: __itt_region_end
509769 : 0x9ef1d9e567412 : 2 : ittapi_config_apply_per_lib :  ITTAPI function instrumented: __itt_frame_begin_v3
509769 : 0x9ef1d9e567b74 : 2 : ittapi_config_apply_per_lib :  ITTAPI function instrumented: __itt_frame_end_v3
509769 : 0x9ef1d9e56821d : 2 : ittapi_config_apply_per_lib :  ITTAPI function instrumented: __itt_frame_submit_v3
509769 : 0x9ef1d9e56899c : 2 : ittapi_config_apply_per_lib :  ITTAPI function not implemented: __itt_task_group
509769 : 0x9ef1d9e5690a7 : 2 : ittapi_config_apply_per_lib :  ITTAPI function instrumented: __itt_task_begin
509769 : 0x9ef1d9e569779 : 2 : ittapi_config_apply_per_lib :  ITTAPI function instrumented: __itt_task_begin_fn
509769 : 0x9ef1d9e56abd5 : 2 : ittapi_config_apply_per_lib :  ITTAPI function instrumented: __itt_task_end
509769 : 0x9ef1d9e56b3c8 : 2 : ittapi_config_apply_per_lib :  ITTAPI function not implemented: __itt_counter_inc_v3
509769 : 0x9ef1d9e56bb9a : 2 : ittapi_config_apply_per_lib :  ITTAPI function not implemented: __itt_counter_inc_delta_v3
509769 : 0x9ef1d9e56c311 : 2 : ittapi_config_apply_per_lib :  ITTAPI function not implemented: __itt_counter_dec_v3
509769 : 0x9ef1d9e56ca48 : 2 : ittapi_config_apply_per_lib :  ITTAPI function not implemented: __itt_counter_dec_delta_v3
509769 : 0x9ef1d9e56d194 : 2 : ittapi_config_apply_per_lib :  ITTAPI function not implemented: __itt_marker
509769 : 0x9ef1d9e56d82a : 2 : ittapi_config_apply_per_lib :  ITTAPI function instrumented: __itt_metadata_add
509769 : 0x9ef1d9e56dfc6 : 2 : ittapi_config_apply_per_lib :  ITTAPI function not implemented: __itt_metadata_str_add
509769 : 0x9ef1d9e56e68b : 2 : ittapi_config_apply_per_lib :  ITTAPI function not implemented: __itt_relation_add_to_current
509769 : 0x9ef1d9e56edaf : 2 : ittapi_config_apply_per_lib :  ITTAPI function not implemented: __itt_relation_add
509769 : 0x9ef1d9e57013d : 2 : ittapi_config_apply_per_lib :  ITTAPI function instrumented: __itt_event_create
509769 : 0x9ef1d9e570859 : 2 : ittapi_config_apply_per_lib :  ITTAPI function instrumented: __itt_event_start
509769 : 0x9ef1d9e570f1e : 2 : ittapi_config_apply_per_lib :  ITTAPI function instrumented: __itt_event_end
509769 : 0x9ef1d9e57129e : 2 : ittapi_config_apply_per_lib :  ITTAPI function NOT instrumented (not matched by --itt-config option): __itt_sync_set_name

509769 : 0x9ef1d9e57167d : 2 : ittapi_config_apply_per_lib :  ITTAPI function NOT instrumented (not matched by --itt-config option): __itt_notify_sync_name

509769 : 0x9ef1d9e571a0d : 2 : ittapi_config_apply_per_lib :  ITTAPI function NOT instrumented (not matched by --itt-config option): __itt_notify_sync_prepare

509769 : 0x9ef1d9e571d76 : 2 : ittapi_config_apply_per_lib :  ITTAPI function NOT instrumented (not matched by --itt-config option): __itt_notify_sync_cancel

509769 : 0x9ef1d9e5720d6 : 2 : ittapi_config_apply_per_lib :  ITTAPI function NOT instrumented (not matched by --itt-config option): __itt_notify_sync_acquired

509769 : 0x9ef1d9e572435 : 2 : ittapi_config_apply_per_lib :  ITTAPI function NOT instrumented (not matched by --itt-config option): __itt_notify_sync_releasing

509769 : 0x9ef1d9e572bb7 : 2 : ittapi_config_apply_per_lib :  ITTAPI function not implemented: __itt_memory_read
509769 : 0x9ef1d9e574cd4 : 2 : ittapi_config_apply_per_lib :  ITTAPI function not implemented: __itt_memory_write
509769 : 0x9ef1d9e5753f7 : 2 : ittapi_config_apply_per_lib :  ITTAPI function not implemented: __itt_memory_update
509769 : 0x9ef1d9e575b65 : 2 : ittapi_config_apply_per_lib :  ITTAPI function not implemented: __itt_state_get
509769 : 0x9ef1d9e576239 : 2 : ittapi_config_apply_per_lib :  ITTAPI function not implemented: __itt_state_set
509769 : 0x9ef1d9e5769b7 : 2 : ittapi_config_apply_per_lib :  ITTAPI function not implemented: __itt_obj_mode_set
509769 : 0x9ef1d9e577101 : 2 : ittapi_config_apply_per_lib :  ITTAPI function not implemented: __itt_thr_mode_set
509769 : 0x9ef1d9e577754 : 2 : ittapi_config_apply_per_lib :  ITTAPI function instrumented: __itt_frame_create
509769 : 0x9ef1d9e577db0 : 2 : ittapi_config_apply_per_lib :  ITTAPI function instrumented: __itt_pt_region_create
509769 : 0x9ef1d9e57842f : 2 : ittapi_config_apply_per_lib :  ITTAPI function instrumented: __itt_frame_begin
509769 : 0x9ef1d9e578ad7 : 2 : ittapi_config_apply_per_lib :  ITTAPI function instrumented: __itt_frame_end
509769 : 0x9ef1d9e57a001 : 2 : ittapi_config_apply_per_lib :  ITTAPI function not implemented: __itt_counter_destroy
509769 : 0x9ef1d9e57a6be : 2 : ittapi_config_apply_per_lib :  ITTAPI function instrumented: __itt_counter_inc
509769 : 0x9ef1d9e57ad5f : 2 : ittapi_config_apply_per_lib :  ITTAPI function instrumented: __itt_counter_inc_delta
509769 : 0x9ef1d9e57b3a7 : 2 : ittapi_config_apply_per_lib :  ITTAPI function instrumented: __itt_counter_dec
509769 : 0x9ef1d9e57ba6c : 2 : ittapi_config_apply_per_lib :  ITTAPI function instrumented: __itt_counter_dec_delta
509769 : 0x9ef1d9e57c149 : 2 : ittapi_config_apply_per_lib :  ITTAPI function instrumented: __itt_counter_set_value
509769 : 0x9ef1d9e57c8b4 : 2 : ittapi_config_apply_per_lib :  ITTAPI function not implemented: __itt_counter_set_value_ex
509769 : 0x9ef1d9e57cfbf : 2 : ittapi_config_apply_per_lib :  ITTAPI function not implemented: __itt_mark_create
509769 : 0x9ef1d9e57d7e1 : 2 : ittapi_config_apply_per_lib :  ITTAPI function not implemented: __itt_mark
509769 : 0x9ef1d9e57dfdf : 2 : ittapi_config_apply_per_lib :  ITTAPI function not implemented: __itt_mark_off
509769 : 0x9ef1d9e57f3cf : 2 : ittapi_config_apply_per_lib :  ITTAPI function not implemented: __itt_mark_global
509769 : 0x9ef1d9e57fb3d : 2 : ittapi_config_apply_per_lib :  ITTAPI function not implemented: __itt_mark_global_off
509769 : 0x9ef1d9e5802cf : 2 : ittapi_config_apply_per_lib :  ITTAPI function instrumented: __itt_stack_caller_create
509769 : 0x9ef1d9e5809c6 : 2 : ittapi_config_apply_per_lib :  ITTAPI function instrumented: __itt_stack_caller_destroy
509769 : 0x9ef1d9e581097 : 2 : ittapi_config_apply_per_lib :  ITTAPI function instrumented: __itt_stack_callee_enter
509769 : 0x9ef1d9e5816e6 : 2 : ittapi_config_apply_per_lib :  ITTAPI function instrumented: __itt_stack_callee_leave
509769 : 0x9ef1d9e581dfc : 2 : ittapi_config_apply_per_lib :  ITTAPI function not implemented: __itt_clock_domain_create
509769 : 0x9ef1d9e58252b : 2 : ittapi_config_apply_per_lib :  ITTAPI function not implemented: __itt_clock_domain_reset
509769 : 0x9ef1d9e582c45 : 2 : ittapi_config_apply_per_lib :  ITTAPI function not implemented: __itt_id_create_ex
509769 : 0x9ef1d9e583378 : 2 : ittapi_config_apply_per_lib :  ITTAPI function not implemented: __itt_id_destroy_ex
509769 : 0x9ef1d9e58510f : 2 : ittapi_config_apply_per_lib :  ITTAPI function not implemented: __itt_task_begin_ex
509769 : 0x9ef1d9e585816 : 2 : ittapi_config_apply_per_lib :  ITTAPI function not implemented: __itt_task_begin_fn_ex
509769 : 0x9ef1d9e585f3d : 2 : ittapi_config_apply_per_lib :  ITTAPI function not implemented: __itt_task_end_ex
509769 : 0x9ef1d9e5865f3 : 2 : ittapi_config_apply_per_lib :  ITTAPI function instrumented: __itt_task_begin_overlapped
509769 : 0x9ef1d9e586d0a : 2 : ittapi_config_apply_per_lib :  ITTAPI function not implemented: __itt_task_begin_overlapped_ex
509769 : 0x9ef1d9e5873c4 : 2 : ittapi_config_apply_per_lib :  ITTAPI function instrumented: __itt_task_end_overlapped
509769 : 0x9ef1d9e587adb : 2 : ittapi_config_apply_per_lib :  ITTAPI function not implemented: __itt_task_end_overlapped_ex
509769 : 0x9ef1d9e5881a5 : 2 : ittapi_config_apply_per_lib :  ITTAPI function not implemented: __itt_marker_ex
509769 : 0x9ef1d9e58895d : 2 : ittapi_config_apply_per_lib :  ITTAPI function not implemented: __itt_metadata_add_with_scope
509769 : 0x9ef1d9e589108 : 2 : ittapi_config_apply_per_lib :  ITTAPI function not implemented: __itt_metadata_str_add_with_scope
509769 : 0x9ef1d9e58a5b3 : 2 : ittapi_config_apply_per_lib :  ITTAPI function not implemented: __itt_relation_add_to_current_ex
509769 : 0x9ef1d9e58acb4 : 2 : ittapi_config_apply_per_lib :  ITTAPI function not implemented: __itt_relation_add_ex
509769 : 0x9ef1d9e58b410 : 2 : ittapi_config_apply_per_lib :  ITTAPI function not implemented: __itt_track_group_create
509769 : 0x9ef1d9e58bab8 : 2 : ittapi_config_apply_per_lib :  ITTAPI function not implemented: __itt_track_create
509769 : 0x9ef1d9e58c1b4 : 2 : ittapi_config_apply_per_lib :  ITTAPI function not implemented: __itt_set_track
509769 : 0x9ef1d9e58c856 : 2 : ittapi_config_apply_per_lib :  ITTAPI function instrumented: __itt_api_version
509769 : 0x9ef1d9e58cf5b : 2 : ittapi_config_apply_per_lib :  ITTAPI function not implemented: __itt_av_save
509769 : 0x9ef1d9e58d61e : 2 : ittapi_config_apply_per_lib :  ITTAPI function instrumented: __itt_module_load
509769 : 0x9ef1d9e58ddaf : 2 : ittapi_config_apply_per_lib :  ITTAPI function not implemented: __itt_module_unload
509769 : 0x9ef1d9e5d9f5a : 2 : ittapi_config_mask_get :  --itt-config mask to be applied: 55
509769 : 0x9ef1d9e5dcadf : 2 : ittapi_config_apply_per_lib :  ITTAPI function instrumented: __itt_domain_create
509769 : 0x9ef1d9e5dd346 : 2 : ittapi_config_apply_per_lib :  ITTAPI function instrumented: __itt_module_load_with_sections
509769 : 0x9ef1d9e5ddcbf : 2 : ittapi_config_apply_per_lib :  ITTAPI function not implemented: __itt_module_unload_with_sections
509769 : 0x9ef1d9e5de43e : 2 : ittapi_config_apply_per_lib :  ITTAPI function instrumented: __itt_string_handle_create
509769 : 0x9ef1d9e5dead3 : 2 : ittapi_config_apply_per_lib :  ITTAPI function instrumented: __itt_counter_create
509769 : 0x9ef1d9e5df13b : 2 : ittapi_config_apply_per_lib :  ITTAPI function instrumented: __itt_counter_create_typed
509769 : 0x9ef1d9e5df84e : 2 : ittapi_config_apply_per_lib :  ITTAPI function instrumented: __itt_pause
509769 : 0x9ef1d9e5dff0d : 2 : ittapi_config_apply_per_lib :  ITTAPI function instrumented: __itt_resume
509769 : 0x9ef1d9e5e0543 : 2 : ittapi_config_apply_per_lib :  ITTAPI function instrumented: __itt_thread_set_name
509769 : 0x9ef1d9e5e0dcf : 2 : ittapi_config_apply_per_lib :  ITTAPI function instrumented: __itt_thread_ignore
509769 : 0x9ef1d9e5e22d1 : 2 : ittapi_config_apply_per_lib :  ITTAPI function instrumented: __itt_thr_name_set
509769 : 0x9ef1d9e5e2988 : 2 : ittapi_config_apply_per_lib :  ITTAPI function instrumented: __itt_thr_ignore
509769 : 0x9ef1d9e5e3225 : 2 : ittapi_config_apply_per_lib :  ITTAPI function not implemented: __itt_enable_attach
509769 : 0x9ef1d9e5e38d2 : 2 : ittapi_config_apply_per_lib :  ITTAPI function instrumented: __itt_detach
509769 : 0x9ef1d9e5e3cd5 : 2 : ittapi_config_apply_per_lib :  ITTAPI function NOT instrumented (not matched by --itt-config option): __itt_sync_create

509769 : 0x9ef1d9e5e40c0 : 2 : ittapi_config_apply_per_lib :  ITTAPI function NOT instrumented (not matched by --itt-config option): __itt_sync_rename

509769 : 0x9ef1d9e5e4494 : 2 : ittapi_config_apply_per_lib :  ITTAPI function NOT instrumented (not matched by --itt-config option): __itt_sync_destroy

509769 : 0x9ef1d9e5e4862 : 2 : ittapi_config_apply_per_lib :  ITTAPI function NOT instrumented (not matched by --itt-config option): __itt_sync_prepare

509769 : 0x9ef1d9e5e4bcf : 2 : ittapi_config_apply_per_lib :  ITTAPI function NOT instrumented (not matched by --itt-config option): __itt_sync_cancel

509769 : 0x9ef1d9e5e4f25 : 2 : ittapi_config_apply_per_lib :  ITTAPI function NOT instrumented (not matched by --itt-config option): __itt_sync_acquired

509769 : 0x9ef1d9e5e6c2b : 2 : ittapi_config_apply_per_lib :  ITTAPI function NOT instrumented (not matched by --itt-config option): __itt_sync_releasing

509769 : 0x9ef1d9e5e7509 : 2 : ittapi_config_apply_per_lib :  ITTAPI function not implemented: __itt_suppress_push
509769 : 0x9ef1d9e5e7d2d : 2 : ittapi_config_apply_per_lib :  ITTAPI function not implemented: __itt_suppress_pop
509769 : 0x9ef1d9e5e8494 : 2 : ittapi_config_apply_per_lib :  ITTAPI function not implemented: __itt_suppress_mark_range
509769 : 0x9ef1d9e5e8c6b : 2 : ittapi_config_apply_per_lib :  ITTAPI function not implemented: __itt_suppress_clear_range
509769 : 0x9ef1d9e5e8fe5 : 2 : ittapi_config_apply_per_lib :  ITTAPI function NOT instrumented (not matched by --itt-config option): __itt_sync_prepare

509769 : 0x9ef1d9e5e9356 : 2 : ittapi_config_apply_per_lib :  ITTAPI function NOT instrumented (not matched by --itt-config option): __itt_sync_cancel

509769 : 0x9ef1d9e5e96b4 : 2 : ittapi_config_apply_per_lib :  ITTAPI function NOT instrumented (not matched by --itt-config option): __itt_sync_acquired

509769 : 0x9ef1d9e5e9a0e : 2 : ittapi_config_apply_per_lib :  ITTAPI function NOT instrumented (not matched by --itt-config option): __itt_sync_releasing

509769 : 0x9ef1d9e5e9e29 : 2 : ittapi_config_apply_per_lib :  ITTAPI function NOT instrumented (not matched by --itt-config option): __itt_model_site_begin

509769 : 0x9ef1d9e5eaf31 : 2 : ittapi_config_apply_per_lib :  ITTAPI function NOT instrumented (not matched by --itt-config option): __itt_model_site_end

509769 : 0x9ef1d9e5eb2e6 : 2 : ittapi_config_apply_per_lib :  ITTAPI function NOT instrumented (not matched by --itt-config option): __itt_model_task_begin

509769 : 0x9ef1d9e5eb64a : 2 : ittapi_config_apply_per_lib :  ITTAPI function NOT instrumented (not matched by --itt-config option): __itt_model_task_end

509769 : 0x9ef1d9e5eb9bc : 2 : ittapi_config_apply_per_lib :  ITTAPI function NOT instrumented (not matched by --itt-config option): __itt_model_lock_acquire

509769 : 0x9ef1d9e5ebd97 : 2 : ittapi_config_apply_per_lib :  ITTAPI function NOT instrumented (not matched by --itt-config option): __itt_model_lock_release

509769 : 0x9ef1d9e5ec0e6 : 2 : ittapi_config_apply_per_lib :  ITTAPI function NOT instrumented (not matched by --itt-config option): __itt_model_record_allocation

509769 : 0x9ef1d9e5ec429 : 2 : ittapi_config_apply_per_lib :  ITTAPI function NOT instrumented (not matched by --itt-config option): __itt_model_record_deallocation

509769 : 0x9ef1d9e5ec7a9 : 2 : ittapi_config_apply_per_lib :  ITTAPI function NOT instrumented (not matched by --itt-config option): __itt_model_induction_uses

509769 : 0x9ef1d9e5ecb19 : 2 : ittapi_config_apply_per_lib :  ITTAPI function NOT instrumented (not matched by --itt-config option): __itt_model_reduction_uses

509769 : 0x9ef1d9e5ecea6 : 2 : ittapi_config_apply_per_lib :  ITTAPI function NOT instrumented (not matched by --itt-config option): __itt_model_observe_uses

509769 : 0x9ef1d9e5edeb8 : 2 : ittapi_config_apply_per_lib :  ITTAPI function NOT instrumented (not matched by --itt-config option): __itt_model_clear_uses

509769 : 0x9ef1d9e5ee286 : 2 : ittapi_config_apply_per_lib :  ITTAPI function NOT instrumented (not matched by --itt-config option): __itt_model_site_beginA

509769 : 0x9ef1d9e5ee5f6 : 2 : ittapi_config_apply_per_lib :  ITTAPI function NOT instrumented (not matched by --itt-config option): __itt_model_site_beginAL

509769 : 0x9ef1d9e5ee945 : 2 : ittapi_config_apply_per_lib :  ITTAPI function NOT instrumented (not matched by --itt-config option): __itt_model_task_beginA

509769 : 0x9ef1d9e5eeca4 : 2 : ittapi_config_apply_per_lib :  ITTAPI function NOT instrumented (not matched by --itt-config option): __itt_model_task_beginAL

509769 : 0x9ef1d9e5ef037 : 2 : ittapi_config_apply_per_lib :  ITTAPI function NOT instrumented (not matched by --itt-config option): __itt_model_iteration_taskA

509769 : 0x9ef1d9e5ef395 : 2 : ittapi_config_apply_per_lib :  ITTAPI function NOT instrumented (not matched by --itt-config option): __itt_model_iteration_taskAL

509769 : 0x9ef1d9e5ef6c3 : 2 : ittapi_config_apply_per_lib :  ITTAPI function NOT instrumented (not matched by --itt-config option): __itt_model_site_end_2

509769 : 0x9ef1d9e5efa2e : 2 : ittapi_config_apply_per_lib :  ITTAPI function NOT instrumented (not matched by --itt-config option): __itt_model_task_end_2

509769 : 0x9ef1d9e5efd63 : 2 : ittapi_config_apply_per_lib :  ITTAPI function NOT instrumented (not matched by --itt-config option): __itt_model_lock_acquire_2

509769 : 0x9ef1d9e5f15c3 : 2 : ittapi_config_apply_per_lib :  ITTAPI function NOT instrumented (not matched by --itt-config option): __itt_model_lock_release_2

509769 : 0x9ef1d9e5f197c : 2 : ittapi_config_apply_per_lib :  ITTAPI function NOT instrumented (not matched by --itt-config option): __itt_model_aggregate_task

509769 : 0x9ef1d9e5f1cea : 2 : ittapi_config_apply_per_lib :  ITTAPI function NOT instrumented (not matched by --itt-config option): __itt_model_disable_push

509769 : 0x9ef1d9e5f206a : 2 : ittapi_config_apply_per_lib :  ITTAPI function NOT instrumented (not matched by --itt-config option): __itt_model_disable_pop

509769 : 0x9ef1d9e5f279e : 2 : ittapi_config_apply_per_lib :  ITTAPI function instrumented: __itt_heap_function_create
509769 : 0x9ef1d9e5f2e9a : 2 : ittapi_config_apply_per_lib :  ITTAPI function instrumented: __itt_heap_allocate_begin
509769 : 0x9ef1d9e5f3520 : 2 : ittapi_config_apply_per_lib :  ITTAPI function instrumented: __itt_heap_allocate_end
509769 : 0x9ef1d9e5f3c1c : 2 : ittapi_config_apply_per_lib :  ITTAPI function instrumented: __itt_heap_free_begin
509769 : 0x9ef1d9e5f4262 : 2 : ittapi_config_apply_per_lib :  ITTAPI function instrumented: __itt_heap_free_end
509769 : 0x9ef1d9e5f48e0 : 2 : ittapi_config_apply_per_lib :  ITTAPI function instrumented: __itt_heap_reallocate_begin
509769 : 0x9ef1d9e5f5d31 : 2 : ittapi_config_apply_per_lib :  ITTAPI function instrumented: __itt_heap_reallocate_end
509769 : 0x9ef1d9e5f6566 : 2 : ittapi_config_apply_per_lib :  ITTAPI function not implemented: __itt_heap_internal_access_begin
509769 : 0x9ef1d9e5f6ca7 : 2 : ittapi_config_apply_per_lib :  ITTAPI function not implemented: __itt_heap_internal_access_end
509769 : 0x9ef1d9e5f73f4 : 2 : ittapi_config_apply_per_lib :  ITTAPI function not implemented: __itt_heap_record_memory_growth_begin
509769 : 0x9ef1d9e5f7b44 : 2 : ittapi_config_apply_per_lib :  ITTAPI function not implemented: __itt_heap_record_memory_growth_end
509769 : 0x9ef1d9e5f82b2 : 2 : ittapi_config_apply_per_lib :  ITTAPI function not implemented: __itt_heap_reset_detection
509769 : 0x9ef1d9e5f8a46 : 2 : ittapi_config_apply_per_lib :  ITTAPI function not implemented: __itt_heap_record
509769 : 0x9ef1d9e5f9154 : 2 : ittapi_config_apply_per_lib :  ITTAPI function not implemented: __itt_id_create
509769 : 0x9ef1d9e5f98d2 : 2 : ittapi_config_apply_per_lib :  ITTAPI function not implemented: __itt_id_destroy
509769 : 0x9ef1d9e5f9f8f : 2 : ittapi_config_apply_per_lib :  ITTAPI function instrumented: __itt_get_timestamp
509769 : 0x9ef1d9e5fb470 : 2 : ittapi_config_apply_per_lib :  ITTAPI function not implemented: __itt_region_begin
509769 : 0x9ef1d9e5fbbf5 : 2 : ittapi_config_apply_per_lib :  ITTAPI function not implemented: __itt_region_end
509769 : 0x9ef1d9e5fc2f3 : 2 : ittapi_config_apply_per_lib :  ITTAPI function instrumented: __itt_frame_begin_v3
509769 : 0x9ef1d9e5fc9ce : 2 : ittapi_config_apply_per_lib :  ITTAPI function instrumented: __itt_frame_end_v3
509769 : 0x9ef1d9e5fd077 : 2 : ittapi_config_apply_per_lib :  ITTAPI function instrumented: __itt_frame_submit_v3
509769 : 0x9ef1d9e5fd815 : 2 : ittapi_config_apply_per_lib :  ITTAPI function not implemented: __itt_task_group
509769 : 0x9ef1d9e5fdf36 : 2 : ittapi_config_apply_per_lib :  ITTAPI function instrumented: __itt_task_begin
509769 : 0x9ef1d9e5fe5e5 : 2 : ittapi_config_apply_per_lib :  ITTAPI function instrumented: __itt_task_begin_fn
509769 : 0x9ef1d9e5feca1 : 2 : ittapi_config_apply_per_lib :  ITTAPI function instrumented: __itt_task_end
509769 : 0x9ef1d9e5ff426 : 2 : ittapi_config_apply_per_lib :  ITTAPI function not implemented: __itt_counter_inc_v3
509769 : 0x9ef1d9e6013e5 : 2 : ittapi_config_apply_per_lib :  ITTAPI function not implemented: __itt_counter_inc_delta_v3
509769 : 0x9ef1d9e601b4d : 2 : ittapi_config_apply_per_lib :  ITTAPI function not implemented: __itt_counter_dec_v3
509769 : 0x9ef1d9e602290 : 2 : ittapi_config_apply_per_lib :  ITTAPI function not implemented: __itt_counter_dec_delta_v3
509769 : 0x9ef1d9e6029ad : 2 : ittapi_config_apply_per_lib :  ITTAPI function not implemented: __itt_marker
509769 : 0x9ef1d9e6030b2 : 2 : ittapi_config_apply_per_lib :  ITTAPI function instrumented: __itt_metadata_add
509769 : 0x9ef1d9e60382a : 2 : ittapi_config_apply_per_lib :  ITTAPI function not implemented: __itt_metadata_str_add
509769 : 0x9ef1d9e603ef8 : 2 : ittapi_config_apply_per_lib :  ITTAPI function not implemented: __itt_relation_add_to_current
509769 : 0x9ef1d9e60461c : 2 : ittapi_config_apply_per_lib :  ITTAPI function not implemented: __itt_relation_add
509769 : 0x9ef1d9e604c52 : 2 : ittapi_config_apply_per_lib :  ITTAPI function instrumented: __itt_event_create
509769 : 0x9ef1d9e605310 : 2 : ittapi_config_apply_per_lib :  ITTAPI function instrumented: __itt_event_start
509769 : 0x9ef1d9e60694a : 2 : ittapi_config_apply_per_lib :  ITTAPI function instrumented: __itt_event_end
509769 : 0x9ef1d9e606d04 : 2 : ittapi_config_apply_per_lib :  ITTAPI function NOT instrumented (not matched by --itt-config option): __itt_sync_set_name

509769 : 0x9ef1d9e6070b7 : 2 : ittapi_config_apply_per_lib :  ITTAPI function NOT instrumented (not matched by --itt-config option): __itt_notify_sync_name

509769 : 0x9ef1d9e607473 : 2 : ittapi_config_apply_per_lib :  ITTAPI function NOT instrumented (not matched by --itt-config option): __itt_notify_sync_prepare

509769 : 0x9ef1d9e6077fc : 2 : ittapi_config_apply_per_lib :  ITTAPI function NOT instrumented (not matched by --itt-config option): __itt_notify_sync_cancel

509769 : 0x9ef1d9e607b76 : 2 : ittapi_config_apply_per_lib :  ITTAPI function NOT instrumented (not matched by --itt-config option): __itt_notify_sync_acquired

509769 : 0x9ef1d9e607ed4 : 2 : ittapi_config_apply_per_lib :  ITTAPI function NOT instrumented (not matched by --itt-config option): __itt_notify_sync_releasing

509769 : 0x9ef1d9e608609 : 2 : ittapi_config_apply_per_lib :  ITTAPI function not implemented: __itt_memory_read
509769 : 0x9ef1d9e608d3f : 2 : ittapi_config_apply_per_lib :  ITTAPI function not implemented: __itt_memory_write
509769 : 0x9ef1d9e609449 : 2 : ittapi_config_apply_per_lib :  ITTAPI function not implemented: __itt_memory_update
509769 : 0x9ef1d9e60aa01 : 2 : ittapi_config_apply_per_lib :  ITTAPI function not implemented: __itt_state_get
509769 : 0x9ef1d9e60b137 : 2 : ittapi_config_apply_per_lib :  ITTAPI function not implemented: __itt_state_set
509769 : 0x9ef1d9e60b8ae : 2 : ittapi_config_apply_per_lib :  ITTAPI function not implemented: __itt_obj_mode_set
509769 : 0x9ef1d9e60c015 : 2 : ittapi_config_apply_per_lib :  ITTAPI function not implemented: __itt_thr_mode_set
509769 : 0x9ef1d9e60c67f : 2 : ittapi_config_apply_per_lib :  ITTAPI function instrumented: __itt_frame_create
509769 : 0x9ef1d9e60ccd0 : 2 : ittapi_config_apply_per_lib :  ITTAPI function instrumented: __itt_pt_region_create
509769 : 0x9ef1d9e60d35f : 2 : ittapi_config_apply_per_lib :  ITTAPI function instrumented: __itt_frame_begin
509769 : 0x9ef1d9e60d9cb : 2 : ittapi_config_apply_per_lib :  ITTAPI function instrumented: __itt_frame_end
509769 : 0x9ef1d9e60e196 : 2 : ittapi_config_apply_per_lib :  ITTAPI function not implemented: __itt_counter_destroy
509769 : 0x9ef1d9e60e844 : 2 : ittapi_config_apply_per_lib :  ITTAPI function instrumented: __itt_counter_inc
509769 : 0x9ef1d9e6105aa : 2 : ittapi_config_apply_per_lib :  ITTAPI function instrumented: __itt_counter_inc_delta
509769 : 0x9ef1d9e610c32 : 2 : ittapi_config_apply_per_lib :  ITTAPI function instrumented: __itt_counter_dec
509769 : 0x9ef1d9e61130e : 2 : ittapi_config_apply_per_lib :  ITTAPI function instrumented: __itt_counter_dec_delta
509769 : 0x9ef1d9e611993 : 2 : ittapi_config_apply_per_lib :  ITTAPI function instrumented: __itt_counter_set_value
509769 : 0x9ef1d9e61212e : 2 : ittapi_config_apply_per_lib :  ITTAPI function not implemented: __itt_counter_set_value_ex
509769 : 0x9ef1d9e61281e : 2 : ittapi_config_apply_per_lib :  ITTAPI function not implemented: __itt_mark_create
509769 : 0x9ef1d9e612fab : 2 : ittapi_config_apply_per_lib :  ITTAPI function not implemented: __itt_mark
509769 : 0x9ef1d9e6136ff : 2 : ittapi_config_apply_per_lib :  ITTAPI function not implemented: __itt_mark_off
509769 : 0x9ef1d9e613dfd : 2 : ittapi_config_apply_per_lib :  ITTAPI function not implemented: __itt_mark_global
509769 : 0x9ef1d9e614514 : 2 : ittapi_config_apply_per_lib :  ITTAPI function not implemented: __itt_mark_global_off
509769 : 0x9ef1d9e615a75 : 2 : ittapi_config_apply_per_lib :  ITTAPI function instrumented: __itt_stack_caller_create
509769 : 0x9ef1d9e61619c : 2 : ittapi_config_apply_per_lib :  ITTAPI function instrumented: __itt_stack_caller_destroy
509769 : 0x9ef1d9e616857 : 2 : ittapi_config_apply_per_lib :  ITTAPI function instrumented: __itt_stack_callee_enter
509769 : 0x9ef1d9e616e9c : 2 : ittapi_config_apply_per_lib :  ITTAPI function instrumented: __itt_stack_callee_leave
509769 : 0x9ef1d9e6175c9 : 2 : ittapi_config_apply_per_lib :  ITTAPI function not implemented: __itt_clock_domain_create
509769 : 0x9ef1d9e617d19 : 2 : ittapi_config_apply_per_lib :  ITTAPI function not implemented: __itt_clock_domain_reset
509769 : 0x9ef1d9e61842b : 2 : ittapi_config_apply_per_lib :  ITTAPI function not implemented: __itt_id_create_ex
509769 : 0x9ef1d9e618b6f : 2 : ittapi_config_apply_per_lib :  ITTAPI function not implemented: __itt_id_destroy_ex
509769 : 0x9ef1d9e61928d : 2 : ittapi_config_apply_per_lib :  ITTAPI function not implemented: __itt_task_begin_ex
509769 : 0x9ef1d9e61997d : 2 : ittapi_config_apply_per_lib :  ITTAPI function not implemented: __itt_task_begin_fn_ex
509769 : 0x9ef1d9e61af5f : 2 : ittapi_config_apply_per_lib :  ITTAPI function not implemented: __itt_task_end_ex
509769 : 0x9ef1d9e61b653 : 2 : ittapi_config_apply_per_lib :  ITTAPI function instrumented: __itt_task_begin_overlapped
509769 : 0x9ef1d9e61bd84 : 2 : ittapi_config_apply_per_lib :  ITTAPI function not implemented: __itt_task_begin_overlapped_ex
509769 : 0x9ef1d9e61c434 : 2 : ittapi_config_apply_per_lib :  ITTAPI function instrumented: __itt_task_end_overlapped
509769 : 0x9ef1d9e61cb71 : 2 : ittapi_config_apply_per_lib :  ITTAPI function not implemented: __itt_task_end_overlapped_ex
509769 : 0x9ef1d9e61d254 : 2 : ittapi_config_apply_per_lib :  ITTAPI function not implemented: __itt_marker_ex
509769 : 0x9ef1d9e61d9a4 : 2 : ittapi_config_apply_per_lib :  ITTAPI function not implemented: __itt_metadata_add_with_scope
509769 : 0x9ef1d9e61e133 : 2 : ittapi_config_apply_per_lib :  ITTAPI function not implemented: __itt_metadata_str_add_with_scope
509769 : 0x9ef1d9e61e849 : 2 : ittapi_config_apply_per_lib :  ITTAPI function not implemented: __itt_relation_add_to_current_ex
509769 : 0x9ef1d9e61ef86 : 2 : ittapi_config_apply_per_lib :  ITTAPI function not implemented: __itt_relation_add_ex
509769 : 0x9ef1d9e620c98 : 2 : ittapi_config_apply_per_lib :  ITTAPI function not implemented: __itt_track_group_create
509769 : 0x9ef1d9e621376 : 2 : ittapi_config_apply_per_lib :  ITTAPI function not implemented: __itt_track_create
509769 : 0x9ef1d9e621a84 : 2 : ittapi_config_apply_per_lib :  ITTAPI function not implemented: __itt_set_track
509769 : 0x9ef1d9e62211c : 2 : ittapi_config_apply_per_lib :  ITTAPI function instrumented: __itt_api_version
509769 : 0x9ef1d9e62281d : 2 : ittapi_config_apply_per_lib :  ITTAPI function not implemented: __itt_av_save
509769 : 0x9ef1d9e622f12 : 2 : ittapi_config_apply_per_lib :  ITTAPI function instrumented: __itt_module_load
509769 : 0x9ef1d9e62364f : 2 : ittapi_config_apply_per_lib :  ITTAPI function not implemented: __itt_module_unload