
1530693 : 0xa780a1b372877 : 1 : spill_jit_data :  Jit agent is not initialized
1530677 : 0xa780a1b3752d8 : 2 : ittapi_config_mask_get :  --itt-config mask to be applied: 55
1530677 : 0xa780a1b376f07 : 2 : ittapi_config_apply_per_lib :  ITTAPI function instrumented: __itt_domain_create
1530677 : 0xa780a1b377940 : 2 : ittapi_config_apply_per_lib :  ITTAPI function instrumented: __itt_module_load_with_sections
1530677 : 0xa780a1b37856c : 2 : ittapi_config_apply_per_lib :  ITTAPI function not implemented: __itt_module_unload_with_sections
1530677 : 0xa780a1b378dde : 2 : ittapi_config_apply_per_lib :  ITTAPI function instrumented: __itt_string_handle_create
1530677 : 0xa780a1b3794fc : 2 : ittapi_config_apply_per_lib :  ITTAPI function instrumented: __itt_counter_create
1530677 : 0xa780a1b379b85 : 2 : ittapi_config_apply_per_lib :  ITTAPI function instrumented: __itt_counter_create_typed
1530677 : 0xa780a1b37a471 : 2 : ittapi_config_apply_per_lib :  ITTAPI function instrumented: __itt_pause
1530677 : 0xa780a1b37ab70 : 2 : ittapi_config_apply_per_lib :  ITTAPI function instrumented: __itt_resume
1530677 : 0xa780a1b380ab5 : 2 : ittapi_config_apply_per_lib :  ITTAPI function instrumented: __itt_thread_set_name
1530677 : 0xa780a1b38133b : 2 : ittapi_config_apply_per_lib :  ITTAPI function instrumented: __itt_thread_ignore
1530677 : 0xa780a1b381a74 : 2 : ittapi_config_apply_per_lib :  ITTAPI function instrumented: __itt_thr_name_set
1530677 : 0xa780a1b382140 : 2 : ittapi_config_apply_per_lib :  ITTAPI function instrumented: __itt_thr_ignore
1530677 : 0xa780a1b382c5c : 2 : ittapi_config_apply_per_lib :  ITTAPI function not implemented: __itt_enable_attach
1530677 : 0xa780a1b3833d7 : 2 : ittapi_config_apply_per_lib :  ITTAPI function instrumented: __itt_detach
1530677 : 0xa780a1b3837c8 : 2 : ittapi_config_apply_per_lib :  ITTAPI function NOT instrumented (not matched by --itt-config option): __itt_sync_create

1530677 : 0xa780a1b383be8 : 2 : ittapi_config_apply_per_lib :  ITTAPI function NOT instrumented (not matched by --itt-config option): __itt_sync_rename

1530677 : 0xa780a1b383fd8 : 2 : ittapi_config_apply_per_lib :  ITTAPI function NOT instrumented (not matched by --itt-config option): __itt_sync_destroy

1530677 : 0xa780a1b3844a2 : 2 : ittapi_config_apply_per_lib :  ITTAPI function NOT instrumented (not matched by --itt-config option): __itt_sync_prepare

1530677 : 0xa780a1b385ad8 : 2 : ittapi_config_apply_per_lib :  ITTAPI function NOT instrumented (not matched by --itt-config option): __itt_sync_cancel

1530677 : 0xa780a1b385ee9 : 2 : ittapi_config_apply_per_lib :  ITTAPI function NOT instrumented (not matched by --itt-config option): __itt_sync_acquired

1530677 : 0xa780a1b38624a : 2 : ittapi_config_apply_per_lib :  ITTAPI function NOT instrumented (not matched by --itt-config option): __itt_sync_releasing

1530677 : 0xa780a1b386b9a : 2 : ittapi_config_apply_per_lib :  ITTAPI function not implemented: __itt_suppress_push
1530677 : 0xa780a1b3874d8 : 2 : ittapi_config_apply_per_lib :  ITTAPI function not implemented: __itt_suppress_pop
1530677 : 0xa780a1b387cc2 : 2 : ittapi_config_apply_per_lib :  ITTAPI function not implemented: __itt_suppress_mark_range
1530677 : 0xa780a1b3884ab : 2 : ittapi_config_apply_per_lib :  ITTAPI function not implemented: __itt_suppress_clear_range
1530677 : 0xa780a1b388848 : 2 : ittapi_config_apply_per_lib :  ITTAPI function NOT instrumented (not matched by --itt-config option): __itt_sync_prepare

1530677 : 0xa780a1b388c13 : 2 : ittapi_config_apply_per_lib :  ITTAPI function NOT instrumented (not matched by --itt-config option): __itt_sync_cancel

1530677 : 0xa780a1b388f71 : 2 : ittapi_config_apply_per_lib :  ITTAPI function NOT instrumented (not matched by --itt-config option): __itt_sync_acquired

1530677 : 0xa780a1b389fcd : 2 : ittapi_config_apply_per_lib :  ITTAPI function NOT instrumented (not matched by --itt-config option): __itt_sync_releasing

1530677 : 0xa780a1b38a417 : 2 : ittapi_config_apply_per_lib :  ITTAPI function NOT instrumented (not matched by --itt-config option): __itt_model_site_begin

1530677 : 0xa780a1b38a7be : 2 : ittapi_config_apply_per_lib :  ITTAPI function NOT instrumented (not matched by --itt-config option): __itt_model_site_end

1530677 : 0xa780a1b38ab59 : 2 : ittapi_config_apply_per_lib :  ITTAPI function NOT instrumented (not matched by --itt-config option): __itt_model_task_begin

1530677 : 0xa780a1b38aeca : 2 : ittapi_config_apply_per_lib :  ITTAPI function NOT instrumented (not matched by --itt-config option): __itt_model_task_end

1530677 : 0xa780a1b38b23e : 2 : ittapi_config_apply_per_lib :  ITTAPI function NOT instrumented (not matched by --itt-config option): __itt_model_lock_acquire

1530677 : 0xa780a1b38b64d : 2 : ittapi_config_apply_per_lib :  ITTAPI function NOT instrumented (not matched by --itt-config option): __itt_model_lock_release

1530677 : 0xa780a1b38b9ce : 2 : ittapi_config_apply_per_lib :  ITTAPI function NOT instrumented (not matched by --itt-config option): __itt_model_record_allocation

1530677 : 0xa780a1b38bd07 : 2 : ittapi_config_apply_per_lib :  ITTAPI function NOT instrumented (not matched by --itt-config option): __itt_model_record_deallocation

1530677 : 0xa780a1b38cfb2 : 2 : ittapi_config_apply_per_lib :  ITTAPI function NOT instrumented (not matched by --itt-config option): __itt_model_induction_uses

1530677 : 0xa780a1b38f0e6 : 2 : ittapi_config_apply_per_lib :  ITTAPI function NOT instrumented (not matched by --itt-config option): __itt_model_reduction_uses

1530677 : 0xa780a1b38f4db : 2 : ittapi_config_apply_per_lib :  ITTAPI function NOT instrumented (not matched by --itt-config option): __itt_model_observe_uses

1530677 : 0xa780a1b38f871 : 2 : ittapi_config_apply_per_lib :  ITTAPI function NOT instrumented (not matched by --itt-config option): __itt_model_clear_uses

1530677 : 0xa780a1b38fbf7 : 2 : ittapi_config_apply_per_lib :  ITTAPI function NOT instrumented (not matched by --itt-config option): __itt_model_site_beginA

1530677 : 0xa780a1b38ff8d : 2 : ittapi_config_apply_per_lib :  ITTAPI function NOT instrumented (not matched by --itt-config option): __itt_model_site_beginAL

1530677 : 0xa780a1b3902f4 : 2 : ittapi_config_apply_per_lib :  ITTAPI function NOT instrumented (not matched by --itt-config option): __itt_model_task_beginA

1530677 : 0xa780a1b39066d : 2 : ittapi_config_apply_per_lib :  ITTAPI function NOT instrumented (not matched by --itt-config option): __itt_model_task_beginAL

1530677 : 0xa780a1b3909d4 : 2 : ittapi_config_apply_per_lib :  ITTAPI function NOT instrumented (not matched by --itt-config option): __itt_model_iteration_taskA

1530677 : 0xa780a1b390d1f : 2 : ittapi_config_apply_per_lib :  ITTAPI function NOT instrumented (not matched by --itt-config option): __itt_model_iteration_taskAL

1530677 : 0xa780a1b39104d : 2 : ittapi_config_apply_per_lib :  ITTAPI function NOT instrumented (not matched by --itt-config option): __itt_model_site_end_2

1530677 : 0xa780a1b392130 : 2 : ittapi_config_apply_per_lib :  ITTAPI function NOT instrumented (not matched by --itt-config option): __itt_model_task_end_2

1530677 : 0xa780a1b3924af : 2 : ittapi_config_apply_per_lib :  ITTAPI function NOT instrumented (not matched by --itt-config option): __itt_model_lock_acquire_2

1530677 : 0xa780a1b392854 : 2 : ittapi_config_apply_per_lib :  ITTAPI function NOT instrumented (not matched by --itt-config option): __itt_model_lock_release_2

1530677 : 0xa780a1b392bd9 : 2 : ittapi_config_apply_per_lib :  ITTAPI function NOT instrumented (not matched by --itt-config option): __itt_model_aggregate_task

1530677 : 0xa780a1b392f51 : 2 : ittapi_config_apply_per_lib :  ITTAPI function NOT instrumented (not matched by --itt-config option): __itt_model_disable_push

1530677 : 0xa780a1b3932a9 : 2 : ittapi_config_apply_per_lib :  ITTAPI function NOT instrumented (not matched by --itt-config option): __itt_model_disable_pop

1530677 : 0xa780a1b393a77 : 2 : ittapi_config_apply_per_lib :  ITTAPI function instrumented: __itt_heap_function_create
1530677 : 0xa780a1b3941c9 : 2 : ittapi_config_apply_per_lib :  ITTAPI function instrumented: __itt_heap_allocate_begin
1530677 : 0xa780a1b39487f : 2 : ittapi_config_apply_per_lib :  ITTAPI function instrumented: __itt_heap_allocate_end
1530677 : 0xa780a1b394fb4 : 2 : ittapi_config_apply_per_lib :  ITTAPI function instrumented: __itt_heap_free_begin
1530677 : 0xa780a1b396b4f : 2 : ittapi_config_apply_per_lib :  ITTAPI function instrumented: __itt_heap_free_end
1530677 : 0xa780a1b397291 : 2 : ittapi_config_apply_per_lib :  ITTAPI function instrumented: __itt_heap_reallocate_begin
1530677 : 0xa780a1b3978d7 : 2 : ittapi_config_apply_per_lib :  ITTAPI function instrumented: __itt_heap_reallocate_end
1530677 : 0xa780a1b398071 : 2 : ittapi_config_apply_per_lib :  ITTAPI function not implemented: __itt_heap_internal_access_begin
1530677 : 0xa780a1b3987e6 : 2 : ittapi_config_apply_per_lib :  ITTAPI function not implemented: __itt_heap_internal_access_end
1530677 : 0xa780a1b398fc6 : 2 : ittapi_config_apply_per_lib :  ITTAPI function not implemented: __itt_heap_record_memory_growth_begin
1530677 : 0xa780a1b399766 : 2 : ittapi_config_apply_per_lib :  ITTAPI function not implemented: __itt_heap_record_memory_growth_end
1530677 : 0xa780a1b399f23 : 2 : ittapi_config_apply_per_lib :  ITTAPI function not implemented: __itt_heap_reset_detection
1530677 : 0xa780a1b39a6af : 2 : ittapi_config_apply_per_lib :  ITTAPI function not implemented: __itt_heap_record
1530677 : 0xa780a1b39ae14 : 2 : ittapi_config_apply_per_lib :  ITTAPI function not implemented: __itt_id_create
1530677 : 0xa780a1b39c271 : 2 : ittapi_config_apply_per_lib :  ITTAPI function not implemented: __itt_id_destroy
1530677 : 0xa780a1b39c9d8 : 2 : ittapi_config_apply_per_lib :  ITTAPI function instrumented: __itt_get_timestamp
1530677 : 0xa780a1b39d128 : 2 : ittapi_config_apply_per_lib :  ITTAPI function not implemented: __itt_region_begin
1530677 : 0xa780a1b39d91a : 2 : ittapi_config_apply_per_lib :  ITTAPI function not implemented: __itt_region_end
1530677 : 0xa780a1b39e041 : 2 : ittapi_config_apply_per_lib :  ITTAPI function instrumented: __itt_frame_begin_v3
1530677 : 0xa780a1b39e838 : 2 : ittapi_config_apply_per_lib :  ITTAPI function instrumented: __itt_frame_end_v3
1530677 : 0xa780a1b39ef10 : 2 : ittapi_config_apply_per_lib :  ITTAPI function instrumented: __itt_frame_submit_v3
1530677 : 0xa780a1b39f6c4 : 2 : ittapi_config_apply_per_lib :  ITTAPI function not implemented: __itt_task_group
1530677 : 0xa780a1b39fe93 : 2 : ittapi_config_apply_per_lib :  ITTAPI function instrumented: __itt_task_begin
1530677 : 0xa780a1b3a053e : 2 : ittapi_config_apply_per_lib :  ITTAPI function instrumented: __itt_task_begin_fn
1530677 : 0xa780a1b3a1a3c : 2 : ittapi_config_apply_per_lib :  ITTAPI function instrumented: __itt_task_end
1530677 : 0xa780a1b3a223d : 2 : ittapi_config_apply_per_lib :  ITTAPI function not implemented: __itt_counter_inc_v3
1530677 : 0xa780a1b3a29e0 : 2 : ittapi_config_apply_per_lib :  ITTAPI function not implemented: __itt_counter_inc_delta_v3
1530677 : 0xa780a1b3a3168 : 2 : ittapi_config_apply_per_lib :  ITTAPI function not implemented: __itt_counter_dec_v3
1530677 : 0xa780a1b3a38a2 : 2 : ittapi_config_apply_per_lib :  ITTAPI function not implemented: __itt_counter_dec_delta_v3
1530677 : 0xa780a1b3a400d : 2 : ittapi_config_apply_per_lib :  ITTAPI function not implemented: __itt_marker
1530677 : 0xa780a1b3a4719 : 2 : ittapi_config_apply_per_lib :  ITTAPI function instrumented: __itt_metadata_add
1530677 : 0xa780a1b3a4eba : 2 : ittapi_config_apply_per_lib :  ITTAPI function not implemented: __itt_metadata_str_add
1530677 : 0xa780a1b3a55ba : 2 : ittapi_config_apply_per_lib :  ITTAPI function not implemented: __itt_relation_add_to_current
1530677 : 0xa780a1b3a5d2f : 2 : ittapi_config_apply_per_lib :  ITTAPI function not implemented: __itt_relation_add
1530677 : 0xa780a1b3a6ff7 : 2 : ittapi_config_apply_per_lib :  ITTAPI function instrumented: __itt_event_create
1530677 : 0xa780a1b3a77ea : 2 : ittapi_config_apply_per_lib :  ITTAPI function instrumented: __itt_event_start
1530677 : 0xa780a1b3a7e96 : 2 : ittapi_config_apply_per_lib :  ITTAPI function instrumented: __itt_event_end
1530677 : 0xa780a1b3a820e : 2 : ittapi_config_apply_per_lib :  ITTAPI function NOT instrumented (not matched by --itt-config option): __itt_sync_set_name

1530677 : 0xa780a1b3a85ce : 2 : ittapi_config_apply_per_lib :  ITTAPI function NOT instrumented (not matched by --itt-config option): __itt_notify_sync_name

1530677 : 0xa780a1b3a8978 : 2 : ittapi_config_apply_per_lib :  ITTAPI function NOT instrumented (not matched by --itt-config option): __itt_notify_sync_prepare

1530677 : 0xa780a1b3a8d1c : 2 : ittapi_config_apply_per_lib :  ITTAPI function NOT instrumented (not matched by --itt-config option): __itt_notify_sync_cancel

1530677 : 0xa780a1b3a90c0 : 2 : ittapi_config_apply_per_lib :  ITTAPI function NOT instrumented (not matched by --itt-config option): __itt_notify_sync_acquired

1530677 : 0xa780a1b3a9432 : 2 : ittapi_config_apply_per_lib :  ITTAPI function NOT instrumented (not matched by --itt-config option): __itt_notify_sync_releasing

1530677 : 0xa780a1b3a9bc1 : 2 : ittapi_config_apply_per_lib :  ITTAPI function not implemented: __itt_memory_read
1530677 : 0xa780a1b3ab6c7 : 2 : ittapi_config_apply_per_lib :  ITTAPI function not implemented: __itt_memory_write
1530677 : 0xa780a1b3abe59 : 2 : ittapi_config_apply_per_lib :  ITTAPI function not implemented: __itt_memory_update
1530677 : 0xa780a1b3ac5f1 : 2 : ittapi_config_apply_per_lib :  ITTAPI function not implemented: __itt_state_get
1530677 : 0xa780a1b3accf6 : 2 : ittapi_config_apply_per_lib :  ITTAPI function not implemented: __itt_state_set
1530677 : 0xa780a1b3ad495 : 2 : ittapi_config_apply_per_lib :  ITTAPI function not implemented: __itt_obj_mode_set
1530677 : 0xa780a1b3adbfb : 2 : ittapi_config_apply_per_lib :  ITTAPI function not implemented: __itt_thr_mode_set
1530677 : 0xa780a1b3ae2b7 : 2 : ittapi_config_apply_per_lib :  ITTAPI function instrumented: __itt_frame_create
1530677 : 0xa780a1b3ae930 : 2 : ittapi_config_apply_per_lib :  ITTAPI function instrumented: __itt_pt_region_create
1530677 : 0xa780a1b3aefdb : 2 : ittapi_config_apply_per_lib :  ITTAPI function instrumented: __itt_frame_begin
1530677 : 0xa780a1b3af681 : 2 : ittapi_config_apply_per_lib :  ITTAPI function instrumented: __itt_frame_end
1530677 : 0xa780a1b3b0b47 : 2 : ittapi_config_apply_per_lib :  ITTAPI function not implemented: __itt_counter_destroy
1530677 : 0xa780a1b3b12a0 : 2 : ittapi_config_apply_per_lib :  ITTAPI function instrumented: __itt_counter_inc
1530677 : 0xa780a1b3b193d : 2 : ittapi_config_apply_per_lib :  ITTAPI function instrumented: __itt_counter_inc_delta
1530677 : 0xa780a1b3b1fb4 : 2 : ittapi_config_apply_per_lib :  ITTAPI function instrumented: __itt_counter_dec
1530677 : 0xa780a1b3b2679 : 2 : ittapi_config_apply_per_lib :  ITTAPI function instrumented: __itt_counter_dec_delta
1530677 : 0xa780a1b3b2d11 : 2 : ittapi_config_apply_per_lib :  ITTAPI function instrumented: __itt_counter_set_value
1530677 : 0xa780a1b3b3461 : 2 : ittapi_config_apply_per_lib :  ITTAPI function not implemented: __itt_counter_set_value_ex
1530677 : 0xa780a1b3b3b71 : 2 : ittapi_config_apply_per_lib :  ITTAPI function not implemented: __itt_mark_create
1530677 : 0xa780a1b3b42e6 : 2 : ittapi_config_apply_per_lib :  ITTAPI function not implemented: __itt_mark
1530677 : 0xa780a1b3b4aa3 : 2 : ittapi_config_apply_per_lib :  ITTAPI function not implemented: __itt_mark_off
1530677 : 0xa780a1b3b5e6b : 2 : ittapi_config_apply_per_lib :  ITTAPI function not implemented: __itt_mark_global
1530677 : 0xa780a1b3b65d5 : 2 : ittapi_config_apply_per_lib :  ITTAPI function not implemented: __itt_mark_global_off
1530677 : 0xa780a1b3b6d7c : 2 : ittapi_config_apply_per_lib :  ITTAPI function instrumented: __itt_stack_caller_create
1530677 : 0xa780a1b3b7473 : 2 : ittapi_config_apply_per_lib :  ITTAPI function instrumented: __itt_stack_caller_destroy
1530677 : 0xa780a1b3b7b3c : 2 : ittapi_config_apply_per_lib :  ITTAPI function instrumented: __itt_stack_callee_enter
1530677 : 0xa780a1b3b81c5 : 2 : ittapi_config_apply_per_lib :  ITTAPI function instrumented: __itt_stack_callee_leave
1530677 : 0xa780a1b3b88fe : 2 : ittapi_config_apply_per_lib :  ITTAPI function not implemented: __itt_clock_domain_create
1530677 : 0xa780a1b3b909d : 2 : ittapi_config_apply_per_lib :  ITTAPI function not implemented: __itt_clock_domain_reset
1530677 : 0xa780a1b3b97f8 : 2 : ittapi_config_apply_per_lib :  ITTAPI function not implemented: __itt_id_create_ex
1530677 : 0xa780a1b3b9f77 : 2 : ittapi_config_apply_per_lib :  ITTAPI function not implemented: __itt_id_destroy_ex
1530677 : 0xa780a1b3bbeb4 : 2 : ittapi_config_apply_per_lib :  ITTAPI function not implemented: __itt_task_begin_ex
1530677 : 0xa780a1b3bc652 : 2 : ittapi_config_apply_per_lib :  ITTAPI function not implemented: __itt_task_begin_fn_ex
1530677 : 0xa780a1b3bcdbd : 2 : ittapi_config_apply_per_lib :  ITTAPI function not implemented: __itt_task_end_ex
1530677 : 0xa780a1b3bd4e6 : 2 : ittapi_config_apply_per_lib :  ITTAPI function instrumented: __itt_task_begin_overlapped
1530677 : 0xa780a1b3bdc38 : 2 : ittapi_config_apply_per_lib :  ITTAPI function not implemented: __itt_task_begin_overlapped_ex
1530677 : 0xa780a1b3be301 : 2 : ittapi_config_apply_per_lib :  ITTAPI function instrumented: __itt_task_end_overlapped
1530677 : 0xa780a1b3bea42 : 2 : ittapi_config_apply_per_lib :  ITTAPI function not implemented: __itt_task_end_overlapped_ex
1530677 : 0xa780a1b3bf19a : 2 : ittapi_config_apply_per_lib :  ITTAPI function not implemented: __itt_marker_ex
1530677 : 0xa780a1b3bf956 : 2 : ittapi_config_apply_per_lib :  ITTAPI function not implemented: __itt_metadata_add_with_scope
1530677 : 0xa780a1b3c0178 : 2 : ittapi_config_apply_per_lib :  ITTAPI function not implemented: __itt_metadata_str_add_with_scope
1530677 : 0xa780a1b3c15ca : 2 : ittapi_config_apply_per_lib :  ITTAPI function not implemented: __itt_relation_add_to_current_ex
1530677 : 0xa780a1b3c1d36 : 2 : ittapi_config_apply_per_lib :  ITTAPI function not implemented: __itt_relation_add_ex
1530677 : 0xa780a1b3c2501 : 2 : ittapi_config_apply_per_lib :  ITTAPI function not implemented: __itt_track_group_create
1530677 : 0xa780a1b3c2c34 : 2 : ittapi_config_apply_per_lib :  ITTAPI function not implemented: __itt_track_create
1530677 : 0xa780a1b3c3356 : 2 : ittapi_config_apply_per_lib :  ITTAPI function not implemented: __itt_set_track
1530677 : 0xa780a1b3c3a72 : 2 : ittapi_config_apply_per_lib :  ITTAPI function instrumented: __itt_api_version
1530677 : 0xa780a1b3c4195 : 2 : ittapi_config_apply_per_lib :  ITTAPI function not implemented: __itt_av_save
1530677 : 0xa780a1b3c48ad : 2 : ittapi_config_apply_per_lib :  ITTAPI function instrumented: __itt_module_load
1530677 : 0xa780a1b3c505c : 2 : ittapi_config_apply_per_lib :  ITTAPI function not implemented: __itt_module_unload
1530677 : 0xa780a1b40ca24 : 2 : ittapi_config_mask_get :  --itt-config mask to be applied: 55
1530677 : 0xa780a1b40eb13 : 2 : ittapi_config_apply_per_lib :  ITTAPI function instrumented: __itt_domain_create
1530677 : 0xa780a1b40f364 : 2 : ittapi_config_apply_per_lib :  ITTAPI function instrumented: __itt_module_load_with_sections
1530677 : 0xa780a1b40fc7d : 2 : ittapi_config_apply_per_lib :  ITTAPI function not implemented: __itt_module_unload_with_sections
1530677 : 0xa780a1b41037c : 2 : ittapi_config_apply_per_lib :  ITTAPI function instrumented: __itt_string_handle_create
1530677 : 0xa780a1b410a1a : 2 : ittapi_config_apply_per_lib :  ITTAPI function instrumented: __itt_counter_create
1530677 : 0xa780a1b411065 : 2 : ittapi_config_apply_per_lib :  ITTAPI function instrumented: __itt_counter_create_typed
1530677 : 0xa780a1b411768 : 2 : ittapi_config_apply_per_lib :  ITTAPI function instrumented: __itt_pause
1530677 : 0xa780a1b411e43 : 2 : ittapi_config_apply_per_lib :  ITTAPI function instrumented: __itt_resume
1530677 : 0xa780a1b412474 : 2 : ittapi_config_apply_per_lib :  ITTAPI function instrumented: __itt_thread_set_name
1530677 : 0xa780a1b412bbd : 2 : ittapi_config_apply_per_lib :  ITTAPI function instrumented: __itt_thread_ignore
1530677 : 0xa780a1b413fc9 : 2 : ittapi_config_apply_per_lib :  ITTAPI function instrumented: __itt_thr_name_set
1530677 : 0xa780a1b4146e4 : 2 : ittapi_config_apply_per_lib :  ITTAPI function instrumented: __itt_thr_ignore
1530677 : 0xa780a1b414ebe : 2 : ittapi_config_apply_per_lib :  ITTAPI function not implemented: __itt_enable_attach
1530677 : 0xa780a1b41558b : 2 : ittapi_config_apply_per_lib :  ITTAPI function instrumented: __itt_detach
1530677 : 0xa780a1b415953 : 2 : ittapi_config_apply_per_lib :  ITTAPI function NOT instrumented (not matched by --itt-config option): __itt_sync_create

1530677 : 0xa780a1b415d37 : 2 : ittapi_config_apply_per_lib :  ITTAPI function NOT instrumented (not matched by --itt-config option): __itt_sync_rename

1530677 : 0xa780a1b4160bc : 2 : ittapi_config_apply_per_lib :  ITTAPI function NOT instrumented (not matched by --itt-config option): __itt_sync_destroy

1530677 : 0xa780a1b416468 : 2 : ittapi_config_apply_per_lib :  ITTAPI function NOT instrumented (not matched by --itt-config option): __itt_sync_prepare

1530677 : 0xa780a1b4167d3 : 2 : ittapi_config_apply_per_lib :  ITTAPI function NOT instrumented (not matched by --itt-config option): __itt_sync_cancel

1530677 : 0xa780a1b416b3a : 2 : ittapi_config_apply_per_lib :  ITTAPI function NOT instrumented (not matched by --itt-config option): __itt_sync_acquired

1530677 : 0xa780a1b418798 : 2 : ittapi_config_apply_per_lib :  ITTAPI function NOT instrumented (not matched by --itt-config option): __itt_sync_releasing

1530677 : 0xa780a1b41908f : 2 : ittapi_config_apply_per_lib :  ITTAPI function not implemented: __itt_suppress_push
1530677 : 0xa780a1b4198b6 : 2 : ittapi_config_apply_per_lib :  ITTAPI function not implemented: __itt_suppress_pop
1530677 : 0xa780a1b41a008 : 2 : ittapi_config_apply_per_lib :  ITTAPI function not implemented: __itt_suppress_mark_range
1530677 : 0xa780a1b41a785 : 2 : ittapi_config_apply_per_lib :  ITTAPI function not implemented: __itt_suppress_clear_range
1530677 : 0xa780a1b41ab09 : 2 : ittapi_config_apply_per_lib :  ITTAPI function NOT instrumented (not matched by --itt-config option): __itt_sync_prepare

1530677 : 0xa780a1b41ae7b : 2 : ittapi_config_apply_per_lib :  ITTAPI function NOT instrumented (not matched by --itt-config option): __itt_sync_cancel

1530677 : 0xa780a1b41b1f5 : 2 : ittapi_config_apply_per_lib :  ITTAPI function NOT instrumented (not matched by --itt-config option): __itt_sync_acquired

1530677 : 0xa780a1b41b57e : 2 : ittapi_config_apply_per_lib :  ITTAPI function NOT instrumented (not matched by --itt-config option): __itt_sync_releasing

1530677 : 0xa780a1b41b9b2 : 2 : ittapi_config_apply_per_lib :  ITTAPI function NOT instrumented (not matched by --itt-config option): __itt_model_site_begin

1530677 : 0xa780a1b41ca48 : 2 : ittapi_config_apply_per_lib :  ITTAPI function NOT instrumented (not matched by --itt-config option): __itt_model_site_end

1530677 : 0xa780a1b41ce02 : 2 : ittapi_config_apply_per_lib :  ITTAPI function NOT instrumented (not matched by --itt-config option): __itt_model_task_begin

1530677 : 0xa780a1b41d17c : 2 : ittapi_config_apply_per_lib :  ITTAPI function NOT instrumented (not matched by --itt-config option): __itt_model_task_end

1530677 : 0xa780a1b41d4d8 : 2 : ittapi_config_apply_per_lib :  ITTAPI function NOT instrumented (not matched by --itt-config option): __itt_model_lock_acquire

1530677 : 0xa780a1b41d894 : 2 : ittapi_config_apply_per_lib :  ITTAPI function NOT instrumented (not matched by --itt-config option): __itt_model_lock_release

1530677 : 0xa780a1b41dbea : 2 : ittapi_config_apply_per_lib :  ITTAPI function NOT instrumented (not matched by --itt-config option): __itt_model_record_allocation

1530677 : 0xa780a1b41df3c : 2 : ittapi_config_apply_per_lib :  ITTAPI function NOT instrumented (not matched by --itt-config option): __itt_model_record_deallocation

1530677 : 0xa780a1b41e2a8 : 2 : ittapi_config_apply_per_lib :  ITTAPI function NOT instrumented (not matched by --itt-config option): __itt_model_induction_uses

1530677 : 0xa780a1b41e63f : 2 : ittapi_config_apply_per_lib :  ITTAPI function NOT instrumented (not matched by --itt-config option): __itt_model_reduction_uses

1530677 : 0xa780a1b41e9cb : 2 : ittapi_config_apply_per_lib :  ITTAPI function NOT instrumented (not matched by --itt-config option): __itt_model_observe_uses

1530677 : 0xa780a1b42008f : 2 : ittapi_config_apply_per_lib :  ITTAPI function NOT instrumented (not matched by --itt-config option): __itt_model_clear_uses

1530677 : 0xa780a1b420455 : 2 : ittapi_config_apply_per_lib :  ITTAPI function NOT instrumented (not matched by --itt-config option): __itt_model_site_beginA

1530677 : 0xa780a1b4207de : 2 : ittapi_config_apply_per_lib :  ITTAPI function NOT instrumented (not matched by --itt-config option): __itt_model_site_beginAL

1530677 : 0xa780a1b420b5e : 2 : ittapi_config_apply_per_lib :  ITTAPI function NOT instrumented (not matched by --itt-config option): __itt_model_task_beginA

1530677 : 0xa780a1b420edb : 2 : ittapi_config_apply_per_lib :  ITTAPI function NOT instrumented (not matched by --itt-config option): __itt_model_task_beginAL

1530677 : 0xa780a1b421283 : 2 : ittapi_config_apply_per_lib :  ITTAPI function NOT instrumented (not matched by --itt-config option): __itt_model_iteration_taskA

1530677 : 0xa780a1b4215e9 : 2 : ittapi_config_apply_per_lib :  ITTAPI function NOT instrumented (not matched by --itt-config option): __itt_model_iteration_taskAL

1530677 : 0xa780a1b421920 : 2 : ittapi_config_apply_per_lib :  ITTAPI function NOT instrumented (not matched by --itt-config option): __itt_model_site_end_2

1530677 : 0xa780a1b421c9a : 2 : ittapi_config_apply_per_lib :  ITTAPI function NOT instrumented (not matched by --itt-config option): __itt_model_task_end_2

1530677 : 0xa780a1b421fd0 : 2 : ittapi_config_apply_per_lib :  ITTAPI function NOT instrumented (not matched by --itt-config option): __itt_model_lock_acquire_2

1530677 : 0xa780a1b422ed2 : 2 : ittapi_config_apply_per_lib :  ITTAPI function NOT instrumented (not matched by --itt-config option): __itt_model_lock_release_2

1530677 : 0xa780a1b42327d : 2 : ittapi_config_apply_per_lib :  ITTAPI function NOT instrumented (not matched by --itt-config option): __itt_model_aggregate_task

1530677 : 0xa780a1b4235d1 : 2 : ittapi_config_apply_per_lib :  ITTAPI function NOT instrumented (not matched by --itt-config option): __itt_model_disable_push

1530677 : 0xa780a1b423967 : 2 : ittapi_config_apply_per_lib :  ITTAPI function NOT instrumented (not matched by --itt-config option): __itt_model_disable_pop

1530677 : 0xa780a1b4240c8 : 2 : ittapi_config_apply_per_lib :  ITTAPI function instrumented: __itt_heap_function_create
1530677 : 0xa780a1b4247ec : 2 : ittapi_config_apply_per_lib :  ITTAPI function instrumented: __itt_heap_allocate_begin
1530677 : 0xa780a1b424e5d : 2 : ittapi_config_apply_per_lib :  ITTAPI function instrumented: __itt_heap_allocate_end
1530677 : 0xa780a1b42552f : 2 : ittapi_config_apply_per_lib :  ITTAPI function instrumented: __itt_heap_free_begin
1530677 : 0xa780a1b425b7e : 2 : ittapi_config_apply_per_lib :  ITTAPI function instrumented: __itt_heap_free_end
1530677 : 0xa780a1b426251 : 2 : ittapi_config_apply_per_lib :  ITTAPI function instrumented: __itt_heap_reallocate_begin
1530677 : 0xa780a1b427555 : 2 : ittapi_config_apply_per_lib :  ITTAPI function instrumented: __itt_heap_reallocate_end
1530677 : 0xa780a1b427d32 : 2 : ittapi_config_apply_per_lib :  ITTAPI function not implemented: __itt_heap_internal_access_begin
1530677 : 0xa780a1b42850c : 2 : ittapi_config_apply_per_lib :  ITTAPI function not implemented: __itt_heap_internal_access_end
1530677 : 0xa780a1b428ca7 : 2 : ittapi_config_apply_per_lib :  ITTAPI function not implemented: __itt_heap_record_memory_growth_begin
1530677 : 0xa780a1b429451 : 2 : ittapi_config_apply_per_lib :  ITTAPI function not implemented: __itt_heap_record_memory_growth_end
1530677 : 0xa780a1b429bba : 2 : ittapi_config_apply_per_lib :  ITTAPI function not implemented: __itt_heap_reset_detection
1530677 : 0xa780a1b42a380 : 2 : ittapi_config_apply_per_lib :  ITTAPI function not implemented: __itt_heap_record
1530677 : 0xa780a1b42aac5 : 2 : ittapi_config_apply_per_lib :  ITTAPI function not implemented: __itt_id_create
1530677 : 0xa780a1b42b266 : 2 : ittapi_config_apply_per_lib :  ITTAPI function not implemented: __itt_id_destroy
1530677 : 0xa780a1b42b942 : 2 : ittapi_config_apply_per_lib :  ITTAPI function instrumented: __itt_get_timestamp
1530677 : 0xa780a1b42d4ef : 2 : ittapi_config_apply_per_lib :  ITTAPI function not implemented: __itt_region_begin
1530677 : 0xa780a1b42dce2 : 2 : ittapi_config_apply_per_lib :  ITTAPI function not implemented: __itt_region_end
1530677 : 0xa780a1b42e438 : 2 : ittapi_config_apply_per_lib :  ITTAPI function instrumented: __itt_frame_begin_v3
1530677 : 0xa780a1b42eb4b : 2 : ittapi_config_apply_per_lib :  ITTAPI function instrumented: __itt_frame_end_v3
1530677 : 0xa780a1b42f200 : 2 : ittapi_config_apply_per_lib :  ITTAPI function instrumented: __itt_frame_submit_v3
1530677 : 0xa780a1b42f981 : 2 : ittapi_config_apply_per_lib :  ITTAPI function not implemented: __itt_task_group
1530677 : 0xa780a1b430100 : 2 : ittapi_config_apply_per_lib :  ITTAPI function instrumented: __itt_task_begin
1530677 : 0xa780a1b4307e2 : 2 : ittapi_config_apply_per_lib :  ITTAPI function instrumented: __itt_task_begin_fn
1530677 : 0xa780a1b430e95 : 2 : ittapi_config_apply_per_lib :  ITTAPI function instrumented: __itt_task_end
1530677 : 0xa780a1b43163f : 2 : ittapi_config_apply_per_lib :  ITTAPI function not implemented: __itt_counter_inc_v3
1530677 : 0xa780a1b432a64 : 2 : ittapi_config_apply_per_lib :  ITTAPI function not implemented: __itt_counter_inc_delta_v3
1530677 : 0xa780a1b43322e : 2 : ittapi_config_apply_per_lib :  ITTAPI function not implemented: __itt_counter_dec_v3
1530677 : 0xa780a1b4339aa : 2 : ittapi_config_apply_per_lib :  ITTAPI function not implemented: __itt_counter_dec_delta_v3
1530677 : 0xa780a1b43411c : 2 : ittapi_config_apply_per_lib :  ITTAPI function not implemented: __itt_marker
1530677 : 0xa780a1b43486e : 2 : ittapi_config_apply_per_lib :  ITTAPI function instrumented: __itt_metadata_add
1530677 : 0xa780a1b43501b : 2 : ittapi_config_apply_per_lib :  ITTAPI function not implemented: __itt_metadata_str_add
1530677 : 0xa780a1b435745 : 2 : ittapi_config_apply_per_lib :  ITTAPI function not implemented: __itt_relation_add_to_current
1530677 : 0xa780a1b435eed : 2 : ittapi_config_apply_per_lib :  ITTAPI function not implemented: __itt_relation_add
1530677 : 0xa780a1b436594 : 2 : ittapi_config_apply_per_lib :  ITTAPI function instrumented: __itt_event_create
1530677 : 0xa780a1b436c26 : 2 : ittapi_config_apply_per_lib :  ITTAPI function instrumented: __itt_event_start
1530677 : 0xa780a1b437f46 : 2 : ittapi_config_apply_per_lib :  ITTAPI function instrumented: __itt_event_end
1530677 : 0xa780a1b43830b : 2 : ittapi_config_apply_per_lib :  ITTAPI function NOT instrumented (not matched by --itt-config option): __itt_sync_set_name

1530677 : 0xa780a1b4386c0 : 2 : ittapi_config_apply_per_lib :  ITTAPI function NOT instrumented (not matched by --itt-config option): __itt_notify_sync_name

1530677 : 0xa780a1b438a60 : 2 : ittapi_config_apply_per_lib :  ITTAPI function NOT instrumented (not matched by --itt-config option): __itt_notify_sync_prepare

1530677 : 0xa780a1b438dfe : 2 : ittapi_config_apply_per_lib :  ITTAPI function NOT instrumented (not matched by --itt-config option): __itt_notify_sync_cancel

1530677 : 0xa780a1b439196 : 2 : ittapi_config_apply_per_lib :  ITTAPI function NOT instrumented (not matched by --itt-config option): __itt_notify_sync_acquired

1530677 : 0xa780a1b43950a : 2 : ittapi_config_apply_per_lib :  ITTAPI function NOT instrumented (not matched by --itt-config option): __itt_notify_sync_releasing

1530677 : 0xa780a1b439c7d : 2 : ittapi_config_apply_per_lib :  ITTAPI function not implemented: __itt_memory_read
1530677 : 0xa780a1b43a3fb : 2 : ittapi_config_apply_per_lib :  ITTAPI function not implemented: __itt_memory_write
1530677 : 0xa780a1b43ab1c : 2 : ittapi_config_apply_per_lib :  ITTAPI function not implemented: __itt_memory_update
1530677 : 0xa780a1b43bf59 : 2 : ittapi_config_apply_per_lib :  ITTAPI function not implemented: __itt_state_get
1530677 : 0xa780a1b43c70a : 2 : ittapi_config_apply_per_lib :  ITTAPI function not implemented: __itt_state_set
1530677 : 0xa780a1b43ce91 : 2 : ittapi_config_apply_per_lib :  ITTAPI function not implemented: __itt_obj_mode_set
1530677 : 0xa780a1b43d602 : 2 : ittapi_config_apply_per_lib :  ITTAPI function not implemented: __itt_thr_mode_set
1530677 : 0xa780a1b43dc9f : 2 : ittapi_config_apply_per_lib :  ITTAPI function instrumented: __itt_frame_create
1530677 : 0xa780a1b43e31a : 2 : ittapi_config_apply_per_lib :  ITTAPI function instrumented: __itt_pt_region_create
1530677 : 0xa780a1b43e9c2 : 2 : ittapi_config_apply_per_lib :  ITTAPI function instrumented: __itt_frame_begin
1530677 : 0xa780a1b43f07b : 2 : ittapi_config_apply_per_lib :  ITTAPI function instrumented: __itt_frame_end
1530677 : 0xa780a1b43f7cd : 2 : ittapi_config_apply_per_lib :  ITTAPI function not implemented: __itt_counter_destroy
1530677 : 0xa780a1b43fed4 : 2 : ittapi_config_apply_per_lib :  ITTAPI function instrumented: __itt_counter_inc
1530677 : 0xa780a1b441897 : 2 : ittapi_config_apply_per_lib :  ITTAPI function instrumented: __itt_counter_inc_delta
1530677 : 0xa780a1b441f2a : 2 : ittapi_config_apply_per_lib :  ITTAPI function instrumented: __itt_counter_dec
1530677 : 0xa780a1b4425f9 : 2 : ittapi_config_apply_per_lib :  ITTAPI function instrumented: __itt_counter_dec_delta
1530677 : 0xa780a1b442c83 : 2 : ittapi_config_apply_per_lib :  ITTAPI function instrumented: __itt_counter_set_value
1530677 : 0xa780a1b4433bf : 2 : ittapi_config_apply_per_lib :  ITTAPI function not implemented: __itt_counter_set_value_ex
1530677 : 0xa780a1b443ae4 : 2 : ittapi_config_apply_per_lib :  ITTAPI function not implemented: __itt_mark_create
1530677 : 0xa780a1b444285 : 2 : ittapi_config_apply_per_lib :  ITTAPI function not implemented: __itt_mark
1530677 : 0xa780a1b444a46 : 2 : ittapi_config_apply_per_lib :  ITTAPI function not implemented: __itt_mark_off
1530677 : 0xa780a1b4451a0 : 2 : ittapi_config_apply_per_lib :  ITTAPI function not implemented: __itt_mark_global
1530677 : 0xa780a1b445920 : 2 : ittapi_config_apply_per_lib :  ITTAPI function not implemented: __itt_mark_global_off
1530677 : 0xa780a1b446d1c : 2 : ittapi_config_apply_per_lib :  ITTAPI function instrumented: __itt_stack_caller_create
1530677 : 0xa780a1b44745a : 2 : ittapi_config_apply_per_lib :  ITTAPI function instrumented: __itt_stack_caller_destroy
1530677 : 0xa780a1b447b1a : 2 : ittapi_config_apply_per_lib :  ITTAPI function instrumented: __itt_stack_callee_enter
1530677 : 0xa780a1b44817f : 2 : ittapi_config_apply_per_lib :  ITTAPI function instrumented: __itt_stack_callee_leave
1530677 : 0xa780a1b4488b1 : 2 : ittapi_config_apply_per_lib :  ITTAPI function not implemented: __itt_clock_domain_create
1530677 : 0xa780a1b449007 : 2 : ittapi_config_apply_per_lib :  ITTAPI function not implemented: __itt_clock_domain_reset
1530677 : 0xa780a1b449739 : 2 : ittapi_config_apply_per_lib :  ITTAPI function not implemented: __itt_id_create_ex
1530677 : 0xa780a1b449ea9 : 2 : ittapi_config_apply_per_lib :  ITTAPI function not implemented: __itt_id_destroy_ex
1530677 : 0xa780a1b44a5dc : 2 : ittapi_config_apply_per_lib :  ITTAPI function not implemented: __itt_task_begin_ex
1530677 : 0xa780a1b44acec : 2 : ittapi_config_apply_per_lib :  ITTAPI function not implemented: __itt_task_begin_fn_ex
1530677 : 0xa780a1b44c2f1 : 2 : ittapi_config_apply_per_lib :  ITTAPI function not implemented: __itt_task_end_ex
1530677 : 0xa780a1b44ca42 : 2 : ittapi_config_apply_per_lib :  ITTAPI function instrumented: __itt_task_begin_overlapped
1530677 : 0xa780a1b44d176 : 2 : ittapi_config_apply_per_lib :  ITTAPI function not implemented: __itt_task_begin_overlapped_ex
1530677 : 0xa780a1b44d874 : 2 : ittapi_config_apply_per_lib :  ITTAPI function instrumented: __itt_task_end_overlapped
1530677 : 0xa780a1b44dfc2 : 2 : ittapi_config_apply_per_lib :  ITTAPI function not implemented: __itt_task_end_overlapped_ex
1530677 : 0xa780a1b44e702 : 2 : ittapi_config_apply_per_lib :  ITTAPI function not implemented: __itt_marker_ex
1530677 : 0xa780a1b44ee78 : 2 : ittapi_config_apply_per_lib :  ITTAPI function not implemented: __itt_metadata_add_with_scope
1530677 : 0xa780a1b44f659 : 2 : ittapi_config_apply_per_lib :  ITTAPI function not implemented: __itt_metadata_str_add_with_scope
1530677 : 0xa780a1b44fdc0 : 2 : ittapi_config_apply_per_lib :  ITTAPI function not implemented: __itt_relation_add_to_current_ex
1530677 : 0xa780a1b45050e : 2 : ittapi_config_apply_per_lib :  ITTAPI function not implemented: __itt_relation_add_ex
1530677 : 0xa780a1b45235c : 2 : ittapi_config_apply_per_lib :  ITTAPI function not implemented: __itt_track_group_create
1530677 : 0xa780a1b452b34 : 2 : ittapi_config_apply_per_lib :  ITTAPI function not implemented: __itt_track_create
1530677 : 0xa780a1b4532b9 : 2 : ittapi_config_apply_per_lib :  ITTAPI function not implemented: __itt_set_track
1530677 : 0xa780a1b4539a7 : 2 : ittapi_config_apply_per_lib :  ITTAPI function instrumented: __itt_api_version
1530677 : 0xa780a1b4540fd : 2 : ittapi_config_apply_per_lib :  ITTAPI function not implemented: __itt_av_save
1530677 : 0xa780a1b4547e4 : 2 : ittapi_config_apply_per_lib :  ITTAPI function instrumented: __itt_module_load
1530677 : 0xa780a1b454f41 : 2 : ittapi_config_apply_per_lib :  ITTAPI function not implemented: __itt_module_unload