
1442603 : 0xa354962945959 : 1 : spill_jit_data :  Jit agent is not initialized
1442585 : 0xa3549629482c7 : 2 : ittapi_config_mask_get :  --itt-config mask to be applied: 55
1442585 : 0xa354962949fcc : 2 : ittapi_config_apply_per_lib :  ITTAPI function instrumented: __itt_domain_create
1442585 : 0xa35496294a993 : 2 : ittapi_config_apply_per_lib :  ITTAPI function instrumented: __itt_module_load_with_sections
1442585 : 0xa35496294b625 : 2 : ittapi_config_apply_per_lib :  ITTAPI function not implemented: __itt_module_unload_with_sections
1442585 : 0xa35496294beed : 2 : ittapi_config_apply_per_lib :  ITTAPI function instrumented: __itt_string_handle_create
1442585 : 0xa35496294c5c7 : 2 : ittapi_config_apply_per_lib :  ITTAPI function instrumented: __itt_counter_create
1442585 : 0xa35496294ccac : 2 : ittapi_config_apply_per_lib :  ITTAPI function instrumented: __itt_counter_create_typed
1442585 : 0xa35496294d4fa : 2 : ittapi_config_apply_per_lib :  ITTAPI function instrumented: __itt_pause
1442585 : 0xa35496294dc41 : 2 : ittapi_config_apply_per_lib :  ITTAPI function instrumented: __itt_resume
1442585 : 0xa354962953e44 : 2 : ittapi_config_apply_per_lib :  ITTAPI function instrumented: __itt_thread_set_name
1442585 : 0xa354962954659 : 2 : ittapi_config_apply_per_lib :  ITTAPI function instrumented: __itt_thread_ignore
1442585 : 0xa354962954d3f : 2 : ittapi_config_apply_per_lib :  ITTAPI function instrumented: __itt_thr_name_set
1442585 : 0xa3549629553f9 : 2 : ittapi_config_apply_per_lib :  ITTAPI function instrumented: __itt_thr_ignore
1442585 : 0xa354962955e05 : 2 : ittapi_config_apply_per_lib :  ITTAPI function not implemented: __itt_enable_attach
1442585 : 0xa3549629564dc : 2 : ittapi_config_apply_per_lib :  ITTAPI function instrumented: __itt_detach
1442585 : 0xa35496295689a : 2 : ittapi_config_apply_per_lib :  ITTAPI function NOT instrumented (not matched by --itt-config option): __itt_sync_create

1442585 : 0xa354962956cf1 : 2 : ittapi_config_apply_per_lib :  ITTAPI function NOT instrumented (not matched by --itt-config option): __itt_sync_rename

1442585 : 0xa3549629570bf : 2 : ittapi_config_apply_per_lib :  ITTAPI function NOT instrumented (not matched by --itt-config option): __itt_sync_destroy

1442585 : 0xa35496295747e : 2 : ittapi_config_apply_per_lib :  ITTAPI function NOT instrumented (not matched by --itt-config option): __itt_sync_prepare

1442585 : 0xa3549629588ef : 2 : ittapi_config_apply_per_lib :  ITTAPI function NOT instrumented (not matched by --itt-config option): __itt_sync_cancel

1442585 : 0xa354962958cdf : 2 : ittapi_config_apply_per_lib :  ITTAPI function NOT instrumented (not matched by --itt-config option): __itt_sync_acquired

1442585 : 0xa35496295902d : 2 : ittapi_config_apply_per_lib :  ITTAPI function NOT instrumented (not matched by --itt-config option): __itt_sync_releasing

1442585 : 0xa3549629598eb : 2 : ittapi_config_apply_per_lib :  ITTAPI function not implemented: __itt_suppress_push
1442585 : 0xa35496295a1dd : 2 : ittapi_config_apply_per_lib :  ITTAPI function not implemented: __itt_suppress_pop
1442585 : 0xa35496295a981 : 2 : ittapi_config_apply_per_lib :  ITTAPI function not implemented: __itt_suppress_mark_range
1442585 : 0xa35496295b130 : 2 : ittapi_config_apply_per_lib :  ITTAPI function not implemented: __itt_suppress_clear_range
1442585 : 0xa35496295b493 : 2 : ittapi_config_apply_per_lib :  ITTAPI function NOT instrumented (not matched by --itt-config option): __itt_sync_prepare

1442585 : 0xa35496295b807 : 2 : ittapi_config_apply_per_lib :  ITTAPI function NOT instrumented (not matched by --itt-config option): __itt_sync_cancel

1442585 : 0xa35496295bb65 : 2 : ittapi_config_apply_per_lib :  ITTAPI function NOT instrumented (not matched by --itt-config option): __itt_sync_acquired

1442585 : 0xa35496295cb38 : 2 : ittapi_config_apply_per_lib :  ITTAPI function NOT instrumented (not matched by --itt-config option): __itt_sync_releasing

1442585 : 0xa35496295cf64 : 2 : ittapi_config_apply_per_lib :  ITTAPI function NOT instrumented (not matched by --itt-config option): __itt_model_site_begin

1442585 : 0xa35496295d306 : 2 : ittapi_config_apply_per_lib :  ITTAPI function NOT instrumented (not matched by --itt-config option): __itt_model_site_end

1442585 : 0xa35496295d67a : 2 : ittapi_config_apply_per_lib :  ITTAPI function NOT instrumented (not matched by --itt-config option): __itt_model_task_begin

1442585 : 0xa35496295d9f9 : 2 : ittapi_config_apply_per_lib :  ITTAPI function NOT instrumented (not matched by --itt-config option): __itt_model_task_end

1442585 : 0xa35496295dd4e : 2 : ittapi_config_apply_per_lib :  ITTAPI function NOT instrumented (not matched by --itt-config option): __itt_model_lock_acquire

1442585 : 0xa35496295e128 : 2 : ittapi_config_apply_per_lib :  ITTAPI function NOT instrumented (not matched by --itt-config option): __itt_model_lock_release

1442585 : 0xa35496295e4cb : 2 : ittapi_config_apply_per_lib :  ITTAPI function NOT instrumented (not matched by --itt-config option): __itt_model_record_allocation

1442585 : 0xa35496295e818 : 2 : ittapi_config_apply_per_lib :  ITTAPI function NOT instrumented (not matched by --itt-config option): __itt_model_record_deallocation

1442585 : 0xa35496295eb5b : 2 : ittapi_config_apply_per_lib :  ITTAPI function NOT instrumented (not matched by --itt-config option): __itt_model_induction_uses

1442585 : 0xa354962960a0a : 2 : ittapi_config_apply_per_lib :  ITTAPI function NOT instrumented (not matched by --itt-config option): __itt_model_reduction_uses

1442585 : 0xa354962960df1 : 2 : ittapi_config_apply_per_lib :  ITTAPI function NOT instrumented (not matched by --itt-config option): __itt_model_observe_uses

1442585 : 0xa354962961197 : 2 : ittapi_config_apply_per_lib :  ITTAPI function NOT instrumented (not matched by --itt-config option): __itt_model_clear_uses

1442585 : 0xa354962961535 : 2 : ittapi_config_apply_per_lib :  ITTAPI function NOT instrumented (not matched by --itt-config option): __itt_model_site_beginA

1442585 : 0xa3549629618c5 : 2 : ittapi_config_apply_per_lib :  ITTAPI function NOT instrumented (not matched by --itt-config option): __itt_model_site_beginAL

1442585 : 0xa354962961c2d : 2 : ittapi_config_apply_per_lib :  ITTAPI function NOT instrumented (not matched by --itt-config option): __itt_model_task_beginA

1442585 : 0xa354962961fa0 : 2 : ittapi_config_apply_per_lib :  ITTAPI function NOT instrumented (not matched by --itt-config option): __itt_model_task_beginAL

1442585 : 0xa354962962302 : 2 : ittapi_config_apply_per_lib :  ITTAPI function NOT instrumented (not matched by --itt-config option): __itt_model_iteration_taskA

1442585 : 0xa354962962657 : 2 : ittapi_config_apply_per_lib :  ITTAPI function NOT instrumented (not matched by --itt-config option): __itt_model_iteration_taskAL

1442585 : 0xa354962962986 : 2 : ittapi_config_apply_per_lib :  ITTAPI function NOT instrumented (not matched by --itt-config option): __itt_model_site_end_2

1442585 : 0xa354962963916 : 2 : ittapi_config_apply_per_lib :  ITTAPI function NOT instrumented (not matched by --itt-config option): __itt_model_task_end_2

1442585 : 0xa354962963c7a : 2 : ittapi_config_apply_per_lib :  ITTAPI function NOT instrumented (not matched by --itt-config option): __itt_model_lock_acquire_2

1442585 : 0xa354962964021 : 2 : ittapi_config_apply_per_lib :  ITTAPI function NOT instrumented (not matched by --itt-config option): __itt_model_lock_release_2

1442585 : 0xa354962964392 : 2 : ittapi_config_apply_per_lib :  ITTAPI function NOT instrumented (not matched by --itt-config option): __itt_model_aggregate_task

1442585 : 0xa3549629646fd : 2 : ittapi_config_apply_per_lib :  ITTAPI function NOT instrumented (not matched by --itt-config option): __itt_model_disable_push

1442585 : 0xa354962964a3f : 2 : ittapi_config_apply_per_lib :  ITTAPI function NOT instrumented (not matched by --itt-config option): __itt_model_disable_pop

1442585 : 0xa354962965197 : 2 : ittapi_config_apply_per_lib :  ITTAPI function instrumented: __itt_heap_function_create
1442585 : 0xa354962965879 : 2 : ittapi_config_apply_per_lib :  ITTAPI function instrumented: __itt_heap_allocate_begin
1442585 : 0xa354962965ef7 : 2 : ittapi_config_apply_per_lib :  ITTAPI function instrumented: __itt_heap_allocate_end
1442585 : 0xa3549629665cd : 2 : ittapi_config_apply_per_lib :  ITTAPI function instrumented: __itt_heap_free_begin
1442585 : 0xa35496296824a : 2 : ittapi_config_apply_per_lib :  ITTAPI function instrumented: __itt_heap_free_end
1442585 : 0xa354962968976 : 2 : ittapi_config_apply_per_lib :  ITTAPI function instrumented: __itt_heap_reallocate_begin
1442585 : 0xa354962968f9e : 2 : ittapi_config_apply_per_lib :  ITTAPI function instrumented: __itt_heap_reallocate_end
1442585 : 0xa354962969753 : 2 : ittapi_config_apply_per_lib :  ITTAPI function not implemented: __itt_heap_internal_access_begin
1442585 : 0xa354962969e87 : 2 : ittapi_config_apply_per_lib :  ITTAPI function not implemented: __itt_heap_internal_access_end
1442585 : 0xa35496296a633 : 2 : ittapi_config_apply_per_lib :  ITTAPI function not implemented: __itt_heap_record_memory_growth_begin
1442585 : 0xa35496296ad8e : 2 : ittapi_config_apply_per_lib :  ITTAPI function not implemented: __itt_heap_record_memory_growth_end
1442585 : 0xa35496296b56a : 2 : ittapi_config_apply_per_lib :  ITTAPI function not implemented: __itt_heap_reset_detection
1442585 : 0xa35496296bd49 : 2 : ittapi_config_apply_per_lib :  ITTAPI function not implemented: __itt_heap_record
1442585 : 0xa35496296c4d0 : 2 : ittapi_config_apply_per_lib :  ITTAPI function not implemented: __itt_id_create
1442585 : 0xa35496296d89f : 2 : ittapi_config_apply_per_lib :  ITTAPI function not implemented: __itt_id_destroy
1442585 : 0xa35496296dfaf : 2 : ittapi_config_apply_per_lib :  ITTAPI function instrumented: __itt_get_timestamp
1442585 : 0xa35496296e6ef : 2 : ittapi_config_apply_per_lib :  ITTAPI function not implemented: __itt_region_begin
1442585 : 0xa35496296eed3 : 2 : ittapi_config_apply_per_lib :  ITTAPI function not implemented: __itt_region_end
1442585 : 0xa35496296f5a0 : 2 : ittapi_config_apply_per_lib :  ITTAPI function instrumented: __itt_frame_begin_v3
1442585 : 0xa35496296fd28 : 2 : ittapi_config_apply_per_lib :  ITTAPI function instrumented: __itt_frame_end_v3
1442585 : 0xa3549629703c9 : 2 : ittapi_config_apply_per_lib :  ITTAPI function instrumented: __itt_frame_submit_v3
1442585 : 0xa354962970b50 : 2 : ittapi_config_apply_per_lib :  ITTAPI function not implemented: __itt_task_group
1442585 : 0xa3549629712b5 : 2 : ittapi_config_apply_per_lib :  ITTAPI function instrumented: __itt_task_begin
1442585 : 0xa35496297197e : 2 : ittapi_config_apply_per_lib :  ITTAPI function instrumented: __itt_task_begin_fn
1442585 : 0xa354962972c2e : 2 : ittapi_config_apply_per_lib :  ITTAPI function instrumented: __itt_task_end
1442585 : 0xa354962973459 : 2 : ittapi_config_apply_per_lib :  ITTAPI function not implemented: __itt_counter_inc_v3
1442585 : 0xa354962973c12 : 2 : ittapi_config_apply_per_lib :  ITTAPI function not implemented: __itt_counter_inc_delta_v3
1442585 : 0xa35496297435d : 2 : ittapi_config_apply_per_lib :  ITTAPI function not implemented: __itt_counter_dec_v3
1442585 : 0xa354962974a87 : 2 : ittapi_config_apply_per_lib :  ITTAPI function not implemented: __itt_counter_dec_delta_v3
1442585 : 0xa3549629751e2 : 2 : ittapi_config_apply_per_lib :  ITTAPI function not implemented: __itt_marker
1442585 : 0xa354962975880 : 2 : ittapi_config_apply_per_lib :  ITTAPI function instrumented: __itt_metadata_add
1442585 : 0xa354962975ff1 : 2 : ittapi_config_apply_per_lib :  ITTAPI function not implemented: __itt_metadata_str_add
1442585 : 0xa354962976710 : 2 : ittapi_config_apply_per_lib :  ITTAPI function not implemented: __itt_relation_add_to_current
1442585 : 0xa354962976e4c : 2 : ittapi_config_apply_per_lib :  ITTAPI function not implemented: __itt_relation_add
1442585 : 0xa3549629780c6 : 2 : ittapi_config_apply_per_lib :  ITTAPI function instrumented: __itt_event_create
1442585 : 0xa35496297882f : 2 : ittapi_config_apply_per_lib :  ITTAPI function instrumented: __itt_event_start
1442585 : 0xa354962978ec2 : 2 : ittapi_config_apply_per_lib :  ITTAPI function instrumented: __itt_event_end
1442585 : 0xa35496297924f : 2 : ittapi_config_apply_per_lib :  ITTAPI function NOT instrumented (not matched by --itt-config option): __itt_sync_set_name

1442585 : 0xa354962979606 : 2 : ittapi_config_apply_per_lib :  ITTAPI function NOT instrumented (not matched by --itt-config option): __itt_notify_sync_name

1442585 : 0xa354962979989 : 2 : ittapi_config_apply_per_lib :  ITTAPI function NOT instrumented (not matched by --itt-config option): __itt_notify_sync_prepare

1442585 : 0xa354962979cf0 : 2 : ittapi_config_apply_per_lib :  ITTAPI function NOT instrumented (not matched by --itt-config option): __itt_notify_sync_cancel

1442585 : 0xa35496297a04b : 2 : ittapi_config_apply_per_lib :  ITTAPI function NOT instrumented (not matched by --itt-config option): __itt_notify_sync_acquired

1442585 : 0xa35496297a3ac : 2 : ittapi_config_apply_per_lib :  ITTAPI function NOT instrumented (not matched by --itt-config option): __itt_notify_sync_releasing

1442585 : 0xa35496297ab59 : 2 : ittapi_config_apply_per_lib :  ITTAPI function not implemented: __itt_memory_read
1442585 : 0xa35496297c834 : 2 : ittapi_config_apply_per_lib :  ITTAPI function not implemented: __itt_memory_write
1442585 : 0xa35496297cf5d : 2 : ittapi_config_apply_per_lib :  ITTAPI function not implemented: __itt_memory_update
1442585 : 0xa35496297d6c6 : 2 : ittapi_config_apply_per_lib :  ITTAPI function not implemented: __itt_state_get
1442585 : 0xa35496297ddac : 2 : ittapi_config_apply_per_lib :  ITTAPI function not implemented: __itt_state_set
1442585 : 0xa35496297e518 : 2 : ittapi_config_apply_per_lib :  ITTAPI function not implemented: __itt_obj_mode_set
1442585 : 0xa35496297ec47 : 2 : ittapi_config_apply_per_lib :  ITTAPI function not implemented: __itt_thr_mode_set
1442585 : 0xa35496297f2af : 2 : ittapi_config_apply_per_lib :  ITTAPI function instrumented: __itt_frame_create
1442585 : 0xa35496297f927 : 2 : ittapi_config_apply_per_lib :  ITTAPI function instrumented: __itt_pt_region_create
1442585 : 0xa35496297ffb4 : 2 : ittapi_config_apply_per_lib :  ITTAPI function instrumented: __itt_frame_begin
1442585 : 0xa35496298065c : 2 : ittapi_config_apply_per_lib :  ITTAPI function instrumented: __itt_frame_end
1442585 : 0xa354962981afd : 2 : ittapi_config_apply_per_lib :  ITTAPI function not implemented: __itt_counter_destroy
1442585 : 0xa354962982214 : 2 : ittapi_config_apply_per_lib :  ITTAPI function instrumented: __itt_counter_inc
1442585 : 0xa3549629828de : 2 : ittapi_config_apply_per_lib :  ITTAPI function instrumented: __itt_counter_inc_delta
1442585 : 0xa354962982f01 : 2 : ittapi_config_apply_per_lib :  ITTAPI function instrumented: __itt_counter_dec
1442585 : 0xa3549629835a9 : 2 : ittapi_config_apply_per_lib :  ITTAPI function instrumented: __itt_counter_dec_delta
1442585 : 0xa354962983c2c : 2 : ittapi_config_apply_per_lib :  ITTAPI function instrumented: __itt_counter_set_value
1442585 : 0xa354962984374 : 2 : ittapi_config_apply_per_lib :  ITTAPI function not implemented: __itt_counter_set_value_ex
1442585 : 0xa354962984a47 : 2 : ittapi_config_apply_per_lib :  ITTAPI function not implemented: __itt_mark_create
1442585 : 0xa3549629851b5 : 2 : ittapi_config_apply_per_lib :  ITTAPI function not implemented: __itt_mark
1442585 : 0xa354962985958 : 2 : ittapi_config_apply_per_lib :  ITTAPI function not implemented: __itt_mark_off
1442585 : 0xa354962986f4d : 2 : ittapi_config_apply_per_lib :  ITTAPI function not implemented: __itt_mark_global
1442585 : 0xa3549629876b5 : 2 : ittapi_config_apply_per_lib :  ITTAPI function not implemented: __itt_mark_global_off
1442585 : 0xa354962987e06 : 2 : ittapi_config_apply_per_lib :  ITTAPI function instrumented: __itt_stack_caller_create
1442585 : 0xa3549629884de : 2 : ittapi_config_apply_per_lib :  ITTAPI function instrumented: __itt_stack_caller_destroy
1442585 : 0xa354962988bb6 : 2 : ittapi_config_apply_per_lib :  ITTAPI function instrumented: __itt_stack_callee_enter
1442585 : 0xa354962989231 : 2 : ittapi_config_apply_per_lib :  ITTAPI function instrumented: __itt_stack_callee_leave
1442585 : 0xa3549629899aa : 2 : ittapi_config_apply_per_lib :  ITTAPI function not implemented: __itt_clock_domain_create
1442585 : 0xa35496298a15a : 2 : ittapi_config_apply_per_lib :  ITTAPI function not implemented: __itt_clock_domain_reset
1442585 : 0xa35496298a87b : 2 : ittapi_config_apply_per_lib :  ITTAPI function not implemented: __itt_id_create_ex
1442585 : 0xa35496298afe7 : 2 : ittapi_config_apply_per_lib :  ITTAPI function not implemented: __itt_id_destroy_ex
1442585 : 0xa35496298cc0c : 2 : ittapi_config_apply_per_lib :  ITTAPI function not implemented: __itt_task_begin_ex
1442585 : 0xa35496298d32a : 2 : ittapi_config_apply_per_lib :  ITTAPI function not implemented: __itt_task_begin_fn_ex
1442585 : 0xa35496298da39 : 2 : ittapi_config_apply_per_lib :  ITTAPI function not implemented: __itt_task_end_ex
1442585 : 0xa35496298e104 : 2 : ittapi_config_apply_per_lib :  ITTAPI function instrumented: __itt_task_begin_overlapped
1442585 : 0xa35496298e849 : 2 : ittapi_config_apply_per_lib :  ITTAPI function not implemented: __itt_task_begin_overlapped_ex
1442585 : 0xa35496298ef20 : 2 : ittapi_config_apply_per_lib :  ITTAPI function instrumented: __itt_task_end_overlapped
1442585 : 0xa35496298f64b : 2 : ittapi_config_apply_per_lib :  ITTAPI function not implemented: __itt_task_end_overlapped_ex
1442585 : 0xa35496298fd1c : 2 : ittapi_config_apply_per_lib :  ITTAPI function not implemented: __itt_marker_ex
1442585 : 0xa3549629904ac : 2 : ittapi_config_apply_per_lib :  ITTAPI function not implemented: __itt_metadata_add_with_scope
1442585 : 0xa354962990c68 : 2 : ittapi_config_apply_per_lib :  ITTAPI function not implemented: __itt_metadata_str_add_with_scope
1442585 : 0xa3549629920c2 : 2 : ittapi_config_apply_per_lib :  ITTAPI function not implemented: __itt_relation_add_to_current_ex
1442585 : 0xa3549629927d5 : 2 : ittapi_config_apply_per_lib :  ITTAPI function not implemented: __itt_relation_add_ex
1442585 : 0xa354962992f2d : 2 : ittapi_config_apply_per_lib :  ITTAPI function not implemented: __itt_track_group_create
1442585 : 0xa3549629935f3 : 2 : ittapi_config_apply_per_lib :  ITTAPI function not implemented: __itt_track_create
1442585 : 0xa354962993d06 : 2 : ittapi_config_apply_per_lib :  ITTAPI function not implemented: __itt_set_track
1442585 : 0xa35496299438e : 2 : ittapi_config_apply_per_lib :  ITTAPI function instrumented: __itt_api_version
1442585 : 0xa354962994a89 : 2 : ittapi_config_apply_per_lib :  ITTAPI function not implemented: __itt_av_save
1442585 : 0xa35496299516e : 2 : ittapi_config_apply_per_lib :  ITTAPI function instrumented: __itt_module_load
1442585 : 0xa3549629958ad : 2 : ittapi_config_apply_per_lib :  ITTAPI function not implemented: __itt_module_unload
1442585 : 0xa3549629de87a : 2 : ittapi_config_mask_get :  --itt-config mask to be applied: 55
1442585 : 0xa3549629e0c24 : 2 : ittapi_config_apply_per_lib :  ITTAPI function instrumented: __itt_domain_create
1442585 : 0xa3549629e1484 : 2 : ittapi_config_apply_per_lib :  ITTAPI function instrumented: __itt_module_load_with_sections
1442585 : 0xa3549629e1d70 : 2 : ittapi_config_apply_per_lib :  ITTAPI function not implemented: __itt_module_unload_with_sections
1442585 : 0xa3549629e24b5 : 2 : ittapi_config_apply_per_lib :  ITTAPI function instrumented: __itt_string_handle_create
1442585 : 0xa3549629e2b5c : 2 : ittapi_config_apply_per_lib :  ITTAPI function instrumented: __itt_counter_create
1442585 : 0xa3549629e31b6 : 2 : ittapi_config_apply_per_lib :  ITTAPI function instrumented: __itt_counter_create_typed
1442585 : 0xa3549629e38f1 : 2 : ittapi_config_apply_per_lib :  ITTAPI function instrumented: __itt_pause
1442585 : 0xa3549629e3f8a : 2 : ittapi_config_apply_per_lib :  ITTAPI function instrumented: __itt_resume
1442585 : 0xa3549629e459f : 2 : ittapi_config_apply_per_lib :  ITTAPI function instrumented: __itt_thread_set_name
1442585 : 0xa3549629e4e19 : 2 : ittapi_config_apply_per_lib :  ITTAPI function instrumented: __itt_thread_ignore
1442585 : 0xa3549629e61a0 : 2 : ittapi_config_apply_per_lib :  ITTAPI function instrumented: __itt_thr_name_set
1442585 : 0xa3549629e6865 : 2 : ittapi_config_apply_per_lib :  ITTAPI function instrumented: __itt_thr_ignore
1442585 : 0xa3549629e7050 : 2 : ittapi_config_apply_per_lib :  ITTAPI function not implemented: __itt_enable_attach
1442585 : 0xa3549629e76f0 : 2 : ittapi_config_apply_per_lib :  ITTAPI function instrumented: __itt_detach
1442585 : 0xa3549629e7ab9 : 2 : ittapi_config_apply_per_lib :  ITTAPI function NOT instrumented (not matched by --itt-config option): __itt_sync_create

1442585 : 0xa3549629e7e97 : 2 : ittapi_config_apply_per_lib :  ITTAPI function NOT instrumented (not matched by --itt-config option): __itt_sync_rename

1442585 : 0xa3549629e8219 : 2 : ittapi_config_apply_per_lib :  ITTAPI function NOT instrumented (not matched by --itt-config option): __itt_sync_destroy

1442585 : 0xa3549629e85d4 : 2 : ittapi_config_apply_per_lib :  ITTAPI function NOT instrumented (not matched by --itt-config option): __itt_sync_prepare

1442585 : 0xa3549629e8933 : 2 : ittapi_config_apply_per_lib :  ITTAPI function NOT instrumented (not matched by --itt-config option): __itt_sync_cancel

1442585 : 0xa3549629e8c8f : 2 : ittapi_config_apply_per_lib :  ITTAPI function NOT instrumented (not matched by --itt-config option): __itt_sync_acquired

1442585 : 0xa3549629ea765 : 2 : ittapi_config_apply_per_lib :  ITTAPI function NOT instrumented (not matched by --itt-config option): __itt_sync_releasing

1442585 : 0xa3549629eb034 : 2 : ittapi_config_apply_per_lib :  ITTAPI function not implemented: __itt_suppress_push
1442585 : 0xa3549629eb886 : 2 : ittapi_config_apply_per_lib :  ITTAPI function not implemented: __itt_suppress_pop
1442585 : 0xa3549629ec003 : 2 : ittapi_config_apply_per_lib :  ITTAPI function not implemented: __itt_suppress_mark_range
1442585 : 0xa3549629ec77d : 2 : ittapi_config_apply_per_lib :  ITTAPI function not implemented: __itt_suppress_clear_range
1442585 : 0xa3549629ecaed : 2 : ittapi_config_apply_per_lib :  ITTAPI function NOT instrumented (not matched by --itt-config option): __itt_sync_prepare

1442585 : 0xa3549629ece6d : 2 : ittapi_config_apply_per_lib :  ITTAPI function NOT instrumented (not matched by --itt-config option): __itt_sync_cancel

1442585 : 0xa3549629ed1bd : 2 : ittapi_config_apply_per_lib :  ITTAPI function NOT instrumented (not matched by --itt-config option): __itt_sync_acquired

1442585 : 0xa3549629ed517 : 2 : ittapi_config_apply_per_lib :  ITTAPI function NOT instrumented (not matched by --itt-config option): __itt_sync_releasing

1442585 : 0xa3549629ed91b : 2 : ittapi_config_apply_per_lib :  ITTAPI function NOT instrumented (not matched by --itt-config option): __itt_model_site_begin

1442585 : 0xa3549629ee8d3 : 2 : ittapi_config_apply_per_lib :  ITTAPI function NOT instrumented (not matched by --itt-config option): __itt_model_site_end

1442585 : 0xa3549629eec99 : 2 : ittapi_config_apply_per_lib :  ITTAPI function NOT instrumented (not matched by --itt-config option): __itt_model_task_begin

1442585 : 0xa3549629ef008 : 2 : ittapi_config_apply_per_lib :  ITTAPI function NOT instrumented (not matched by --itt-config option): __itt_model_task_end

1442585 : 0xa3549629ef38d : 2 : ittapi_config_apply_per_lib :  ITTAPI function NOT instrumented (not matched by --itt-config option): __itt_model_lock_acquire

1442585 : 0xa3549629ef735 : 2 : ittapi_config_apply_per_lib :  ITTAPI function NOT instrumented (not matched by --itt-config option): __itt_model_lock_release

1442585 : 0xa3549629efaa4 : 2 : ittapi_config_apply_per_lib :  ITTAPI function NOT instrumented (not matched by --itt-config option): __itt_model_record_allocation

1442585 : 0xa3549629efdf5 : 2 : ittapi_config_apply_per_lib :  ITTAPI function NOT instrumented (not matched by --itt-config option): __itt_model_record_deallocation

1442585 : 0xa3549629f016f : 2 : ittapi_config_apply_per_lib :  ITTAPI function NOT instrumented (not matched by --itt-config option): __itt_model_induction_uses

1442585 : 0xa3549629f04d9 : 2 : ittapi_config_apply_per_lib :  ITTAPI function NOT instrumented (not matched by --itt-config option): __itt_model_reduction_uses

1442585 : 0xa3549629f0854 : 2 : ittapi_config_apply_per_lib :  ITTAPI function NOT instrumented (not matched by --itt-config option): __itt_model_observe_uses

1442585 : 0xa3549629f1ed1 : 2 : ittapi_config_apply_per_lib :  ITTAPI function NOT instrumented (not matched by --itt-config option): __itt_model_clear_uses

1442585 : 0xa3549629f2297 : 2 : ittapi_config_apply_per_lib :  ITTAPI function NOT instrumented (not matched by --itt-config option): __itt_model_site_beginA

1442585 : 0xa3549629f260b : 2 : ittapi_config_apply_per_lib :  ITTAPI function NOT instrumented (not matched by --itt-config option): __itt_model_site_beginAL

1442585 : 0xa3549629f2969 : 2 : ittapi_config_apply_per_lib :  ITTAPI function NOT instrumented (not matched by --itt-config option): __itt_model_task_beginA

1442585 : 0xa3549629f2ce0 : 2 : ittapi_config_apply_per_lib :  ITTAPI function NOT instrumented (not matched by --itt-config option): __itt_model_task_beginAL

1442585 : 0xa3549629f306e : 2 : ittapi_config_apply_per_lib :  ITTAPI function NOT instrumented (not matched by --itt-config option): __itt_model_iteration_taskA

1442585 : 0xa3549629f33b5 : 2 : ittapi_config_apply_per_lib :  ITTAPI function NOT instrumented (not matched by --itt-config option): __itt_model_iteration_taskAL

1442585 : 0xa3549629f36f5 : 2 : ittapi_config_apply_per_lib :  ITTAPI function NOT instrumented (not matched by --itt-config option): __itt_model_site_end_2

1442585 : 0xa3549629f3a60 : 2 : ittapi_config_apply_per_lib :  ITTAPI function NOT instrumented (not matched by --itt-config option): __itt_model_task_end_2

1442585 : 0xa3549629f3d89 : 2 : ittapi_config_apply_per_lib :  ITTAPI function NOT instrumented (not matched by --itt-config option): __itt_model_lock_acquire_2

1442585 : 0xa3549629f4c5a : 2 : ittapi_config_apply_per_lib :  ITTAPI function NOT instrumented (not matched by --itt-config option): __itt_model_lock_release_2

1442585 : 0xa3549629f4ff6 : 2 : ittapi_config_apply_per_lib :  ITTAPI function NOT instrumented (not matched by --itt-config option): __itt_model_aggregate_task

1442585 : 0xa3549629f5355 : 2 : ittapi_config_apply_per_lib :  ITTAPI function NOT instrumented (not matched by --itt-config option): __itt_model_disable_push

1442585 : 0xa3549629f56e8 : 2 : ittapi_config_apply_per_lib :  ITTAPI function NOT instrumented (not matched by --itt-config option): __itt_model_disable_pop

1442585 : 0xa3549629f5e01 : 2 : ittapi_config_apply_per_lib :  ITTAPI function instrumented: __itt_heap_function_create
1442585 : 0xa3549629f64f4 : 2 : ittapi_config_apply_per_lib :  ITTAPI function instrumented: __itt_heap_allocate_begin
1442585 : 0xa3549629f6b73 : 2 : ittapi_config_apply_per_lib :  ITTAPI function instrumented: __itt_heap_allocate_end
1442585 : 0xa3549629f722b : 2 : ittapi_config_apply_per_lib :  ITTAPI function instrumented: __itt_heap_free_begin
1442585 : 0xa3549629f7877 : 2 : ittapi_config_apply_per_lib :  ITTAPI function instrumented: __itt_heap_free_end
1442585 : 0xa3549629f7f01 : 2 : ittapi_config_apply_per_lib :  ITTAPI function instrumented: __itt_heap_reallocate_begin
1442585 : 0xa3549629f920a : 2 : ittapi_config_apply_per_lib :  ITTAPI function instrumented: __itt_heap_reallocate_end
1442585 : 0xa3549629f99d2 : 2 : ittapi_config_apply_per_lib :  ITTAPI function not implemented: __itt_heap_internal_access_begin
1442585 : 0xa3549629fa14d : 2 : ittapi_config_apply_per_lib :  ITTAPI function not implemented: __itt_heap_internal_access_end
1442585 : 0xa3549629fa8a9 : 2 : ittapi_config_apply_per_lib :  ITTAPI function not implemented: __itt_heap_record_memory_growth_begin
1442585 : 0xa3549629fb039 : 2 : ittapi_config_apply_per_lib :  ITTAPI function not implemented: __itt_heap_record_memory_growth_end
1442585 : 0xa3549629fb7ac : 2 : ittapi_config_apply_per_lib :  ITTAPI function not implemented: __itt_heap_reset_detection
1442585 : 0xa3549629fbf46 : 2 : ittapi_config_apply_per_lib :  ITTAPI function not implemented: __itt_heap_record
1442585 : 0xa3549629fc674 : 2 : ittapi_config_apply_per_lib :  ITTAPI function not implemented: __itt_id_create
1442585 : 0xa3549629fcdef : 2 : ittapi_config_apply_per_lib :  ITTAPI function not implemented: __itt_id_destroy
1442585 : 0xa3549629fd4aa : 2 : ittapi_config_apply_per_lib :  ITTAPI function instrumented: __itt_get_timestamp
1442585 : 0xa3549629ff0e5 : 2 : ittapi_config_apply_per_lib :  ITTAPI function not implemented: __itt_region_begin
1442585 : 0xa3549629ff85c : 2 : ittapi_config_apply_per_lib :  ITTAPI function not implemented: __itt_region_end
1442585 : 0xa3549629fff50 : 2 : ittapi_config_apply_per_lib :  ITTAPI function instrumented: __itt_frame_begin_v3
1442585 : 0xa354962a0063f : 2 : ittapi_config_apply_per_lib :  ITTAPI function instrumented: __itt_frame_end_v3
1442585 : 0xa354962a00ce2 : 2 : ittapi_config_apply_per_lib :  ITTAPI function instrumented: __itt_frame_submit_v3
1442585 : 0xa354962a01499 : 2 : ittapi_config_apply_per_lib :  ITTAPI function not implemented: __itt_task_group
1442585 : 0xa354962a01b80 : 2 : ittapi_config_apply_per_lib :  ITTAPI function instrumented: __itt_task_begin
1442585 : 0xa354962a02230 : 2 : ittapi_config_apply_per_lib :  ITTAPI function instrumented: __itt_task_begin_fn
1442585 : 0xa354962a028bb : 2 : ittapi_config_apply_per_lib :  ITTAPI function instrumented: __itt_task_end
1442585 : 0xa354962a0301f : 2 : ittapi_config_apply_per_lib :  ITTAPI function not implemented: __itt_counter_inc_v3
1442585 : 0xa354962a04484 : 2 : ittapi_config_apply_per_lib :  ITTAPI function not implemented: __itt_counter_inc_delta_v3
1442585 : 0xa354962a04be4 : 2 : ittapi_config_apply_per_lib :  ITTAPI function not implemented: __itt_counter_dec_v3
1442585 : 0xa354962a05330 : 2 : ittapi_config_apply_per_lib :  ITTAPI function not implemented: __itt_counter_dec_delta_v3
1442585 : 0xa354962a05a81 : 2 : ittapi_config_apply_per_lib :  ITTAPI function not implemented: __itt_marker
1442585 : 0xa354962a061aa : 2 : ittapi_config_apply_per_lib :  ITTAPI function instrumented: __itt_metadata_add
1442585 : 0xa354962a06929 : 2 : ittapi_config_apply_per_lib :  ITTAPI function not implemented: __itt_metadata_str_add
1442585 : 0xa354962a0702c : 2 : ittapi_config_apply_per_lib :  ITTAPI function not implemented: __itt_relation_add_to_current
1442585 : 0xa354962a07758 : 2 : ittapi_config_apply_per_lib :  ITTAPI function not implemented: __itt_relation_add
1442585 : 0xa354962a07dd1 : 2 : ittapi_config_apply_per_lib :  ITTAPI function instrumented: __itt_event_create
1442585 : 0xa354962a0845e : 2 : ittapi_config_apply_per_lib :  ITTAPI function instrumented: __itt_event_start
1442585 : 0xa354962a09759 : 2 : ittapi_config_apply_per_lib :  ITTAPI function instrumented: __itt_event_end
1442585 : 0xa354962a09af7 : 2 : ittapi_config_apply_per_lib :  ITTAPI function NOT instrumented (not matched by --itt-config option): __itt_sync_set_name

1442585 : 0xa354962a09e99 : 2 : ittapi_config_apply_per_lib :  ITTAPI function NOT instrumented (not matched by --itt-config option): __itt_notify_sync_name

1442585 : 0xa354962a0a20e : 2 : ittapi_config_apply_per_lib :  ITTAPI function NOT instrumented (not matched by --itt-config option): __itt_notify_sync_prepare

1442585 : 0xa354962a0a576 : 2 : ittapi_config_apply_per_lib :  ITTAPI function NOT instrumented (not matched by --itt-config option): __itt_notify_sync_cancel

1442585 : 0xa354962a0a8fe : 2 : ittapi_config_apply_per_lib :  ITTAPI function NOT instrumented (not matched by --itt-config option): __itt_notify_sync_acquired

1442585 : 0xa354962a0ac4a : 2 : ittapi_config_apply_per_lib :  ITTAPI function NOT instrumented (not matched by --itt-config option): __itt_notify_sync_releasing

1442585 : 0xa354962a0b397 : 2 : ittapi_config_apply_per_lib :  ITTAPI function not implemented: __itt_memory_read
1442585 : 0xa354962a0bb00 : 2 : ittapi_config_apply_per_lib :  ITTAPI function not implemented: __itt_memory_write
1442585 : 0xa354962a0c1f3 : 2 : ittapi_config_apply_per_lib :  ITTAPI function not implemented: __itt_memory_update
1442585 : 0xa354962a0d59a : 2 : ittapi_config_apply_per_lib :  ITTAPI function not implemented: __itt_state_get
1442585 : 0xa354962a0dcb9 : 2 : ittapi_config_apply_per_lib :  ITTAPI function not implemented: __itt_state_set
1442585 : 0xa354962a0e406 : 2 : ittapi_config_apply_per_lib :  ITTAPI function not implemented: __itt_obj_mode_set
1442585 : 0xa354962a0eb3a : 2 : ittapi_config_apply_per_lib :  ITTAPI function not implemented: __itt_thr_mode_set
1442585 : 0xa354962a0f1a3 : 2 : ittapi_config_apply_per_lib :  ITTAPI function instrumented: __itt_frame_create
1442585 : 0xa354962a0f804 : 2 : ittapi_config_apply_per_lib :  ITTAPI function instrumented: __itt_pt_region_create
1442585 : 0xa354962a0fe6b : 2 : ittapi_config_apply_per_lib :  ITTAPI function instrumented: __itt_frame_begin
1442585 : 0xa354962a10529 : 2 : ittapi_config_apply_per_lib :  ITTAPI function instrumented: __itt_frame_end
1442585 : 0xa354962a10ca6 : 2 : ittapi_config_apply_per_lib :  ITTAPI function not implemented: __itt_counter_destroy
1442585 : 0xa354962a1134a : 2 : ittapi_config_apply_per_lib :  ITTAPI function instrumented: __itt_counter_inc
1442585 : 0xa354962a13159 : 2 : ittapi_config_apply_per_lib :  ITTAPI function instrumented: __itt_counter_inc_delta
1442585 : 0xa354962a137b5 : 2 : ittapi_config_apply_per_lib :  ITTAPI function instrumented: __itt_counter_dec
1442585 : 0xa354962a13e4c : 2 : ittapi_config_apply_per_lib :  ITTAPI function instrumented: __itt_counter_dec_delta
1442585 : 0xa354962a144b4 : 2 : ittapi_config_apply_per_lib :  ITTAPI function instrumented: __itt_counter_set_value
1442585 : 0xa354962a14bf1 : 2 : ittapi_config_apply_per_lib :  ITTAPI function not implemented: __itt_counter_set_value_ex
1442585 : 0xa354962a152e2 : 2 : ittapi_config_apply_per_lib :  ITTAPI function not implemented: __itt_mark_create
1442585 : 0xa354962a15a4b : 2 : ittapi_config_apply_per_lib :  ITTAPI function not implemented: __itt_mark
1442585 : 0xa354962a161bc : 2 : ittapi_config_apply_per_lib :  ITTAPI function not implemented: __itt_mark_off
1442585 : 0xa354962a16885 : 2 : ittapi_config_apply_per_lib :  ITTAPI function not implemented: __itt_mark_global
1442585 : 0xa354962a16f6c : 2 : ittapi_config_apply_per_lib :  ITTAPI function not implemented: __itt_mark_global_off
1442585 : 0xa354962a1832b : 2 : ittapi_config_apply_per_lib :  ITTAPI function instrumented: __itt_stack_caller_create
1442585 : 0xa354962a18a24 : 2 : ittapi_config_apply_per_lib :  ITTAPI function instrumented: __itt_stack_caller_destroy
1442585 : 0xa354962a190d6 : 2 : ittapi_config_apply_per_lib :  ITTAPI function instrumented: __itt_stack_callee_enter
1442585 : 0xa354962a19700 : 2 : ittapi_config_apply_per_lib :  ITTAPI function instrumented: __itt_stack_callee_leave
1442585 : 0xa354962a19e51 : 2 : ittapi_config_apply_per_lib :  ITTAPI function not implemented: __itt_clock_domain_create
1442585 : 0xa354962a1a58d : 2 : ittapi_config_apply_per_lib :  ITTAPI function not implemented: __itt_clock_domain_reset
1442585 : 0xa354962a1ac9d : 2 : ittapi_config_apply_per_lib :  ITTAPI function not implemented: __itt_id_create_ex
1442585 : 0xa354962a1b3c0 : 2 : ittapi_config_apply_per_lib :  ITTAPI function not implemented: __itt_id_destroy_ex
1442585 : 0xa354962a1baea : 2 : ittapi_config_apply_per_lib :  ITTAPI function not implemented: __itt_task_begin_ex
1442585 : 0xa354962a1c1bc : 2 : ittapi_config_apply_per_lib :  ITTAPI function not implemented: __itt_task_begin_fn_ex
1442585 : 0xa354962a1d503 : 2 : ittapi_config_apply_per_lib :  ITTAPI function not implemented: __itt_task_end_ex
1442585 : 0xa354962a1dc0d : 2 : ittapi_config_apply_per_lib :  ITTAPI function instrumented: __itt_task_begin_overlapped
1442585 : 0xa354962a1e2fb : 2 : ittapi_config_apply_per_lib :  ITTAPI function not implemented: __itt_task_begin_overlapped_ex
1442585 : 0xa354962a1e989 : 2 : ittapi_config_apply_per_lib :  ITTAPI function instrumented: __itt_task_end_overlapped
1442585 : 0xa354962a1f096 : 2 : ittapi_config_apply_per_lib :  ITTAPI function not implemented: __itt_task_end_overlapped_ex
1442585 : 0xa354962a1f75c : 2 : ittapi_config_apply_per_lib :  ITTAPI function not implemented: __itt_marker_ex
1442585 : 0xa354962a1fe82 : 2 : ittapi_config_apply_per_lib :  ITTAPI function not implemented: __itt_metadata_add_with_scope
1442585 : 0xa354962a20607 : 2 : ittapi_config_apply_per_lib :  ITTAPI function not implemented: __itt_metadata_str_add_with_scope
1442585 : 0xa354962a20d0d : 2 : ittapi_config_apply_per_lib :  ITTAPI function not implemented: __itt_relation_add_to_current_ex
1442585 : 0xa354962a21403 : 2 : ittapi_config_apply_per_lib :  ITTAPI function not implemented: __itt_relation_add_ex
1442585 : 0xa354962a22fa9 : 2 : ittapi_config_apply_per_lib :  ITTAPI function not implemented: __itt_track_group_create
1442585 : 0xa354962a2368a : 2 : ittapi_config_apply_per_lib :  ITTAPI function not implemented: __itt_track_create
1442585 : 0xa354962a23dac : 2 : ittapi_config_apply_per_lib :  ITTAPI function not implemented: __itt_set_track
1442585 : 0xa354962a2444f : 2 : ittapi_config_apply_per_lib :  ITTAPI function instrumented: __itt_api_version
1442585 : 0xa354962a24b48 : 2 : ittapi_config_apply_per_lib :  ITTAPI function not implemented: __itt_av_save
1442585 : 0xa354962a251fa : 2 : ittapi_config_apply_per_lib :  ITTAPI function instrumented: __itt_module_load
1442585 : 0xa354962a258fe : 2 : ittapi_config_apply_per_lib :  ITTAPI function not implemented: __itt_module_unload